[2024-01-30T16:16:25.528+0000] {processor.py:161} INFO - Started process (PID=53) to work on /home/airflow/.local/lib/python3.8/site-packages/airflow/example_dags/example_branch_operator_decorator.py
[2024-01-30T16:16:25.529+0000] {processor.py:830} INFO - Processing file /home/airflow/.local/lib/python3.8/site-packages/airflow/example_dags/example_branch_operator_decorator.py for tasks to queue
[2024-01-30T16:16:25.531+0000] {logging_mixin.py:188} INFO - [2024-01-30T16:16:25.531+0000] {dagbag.py:538} INFO - Filling up the DagBag from /home/airflow/.local/lib/python3.8/site-packages/airflow/example_dags/example_branch_operator_decorator.py
[2024-01-30T16:16:25.557+0000] {processor.py:840} INFO - DAG(s) 'example_branch_python_operator_decorator' retrieved from /home/airflow/.local/lib/python3.8/site-packages/airflow/example_dags/example_branch_operator_decorator.py
[2024-01-30T16:16:25.568+0000] {logging_mixin.py:188} INFO - [2024-01-30T16:16:25.568+0000] {dag.py:3036} INFO - Sync 1 DAGs
[2024-01-30T16:16:25.593+0000] {logging_mixin.py:188} INFO - [2024-01-30T16:16:25.593+0000] {dag.py:3823} INFO - Setting next_dagrun for example_branch_python_operator_decorator to 2024-01-29 00:00:00+00:00, run_after=2024-01-30 00:00:00+00:00
[2024-01-30T16:16:25.615+0000] {processor.py:183} INFO - Processing /home/airflow/.local/lib/python3.8/site-packages/airflow/example_dags/example_branch_operator_decorator.py took 0.090 seconds
[2024-01-30T16:16:56.846+0000] {processor.py:161} INFO - Started process (PID=108) to work on /home/airflow/.local/lib/python3.8/site-packages/airflow/example_dags/example_branch_operator_decorator.py
[2024-01-30T16:16:56.847+0000] {processor.py:830} INFO - Processing file /home/airflow/.local/lib/python3.8/site-packages/airflow/example_dags/example_branch_operator_decorator.py for tasks to queue
[2024-01-30T16:16:56.849+0000] {logging_mixin.py:188} INFO - [2024-01-30T16:16:56.849+0000] {dagbag.py:538} INFO - Filling up the DagBag from /home/airflow/.local/lib/python3.8/site-packages/airflow/example_dags/example_branch_operator_decorator.py
[2024-01-30T16:16:56.875+0000] {processor.py:840} INFO - DAG(s) 'example_branch_python_operator_decorator' retrieved from /home/airflow/.local/lib/python3.8/site-packages/airflow/example_dags/example_branch_operator_decorator.py
[2024-01-30T16:16:56.994+0000] {logging_mixin.py:188} INFO - [2024-01-30T16:16:56.994+0000] {dag.py:3036} INFO - Sync 1 DAGs
[2024-01-30T16:16:57.012+0000] {logging_mixin.py:188} INFO - [2024-01-30T16:16:57.012+0000] {dag.py:3823} INFO - Setting next_dagrun for example_branch_python_operator_decorator to 2024-01-29 00:00:00+00:00, run_after=2024-01-30 00:00:00+00:00
[2024-01-30T16:16:57.030+0000] {processor.py:183} INFO - Processing /home/airflow/.local/lib/python3.8/site-packages/airflow/example_dags/example_branch_operator_decorator.py took 0.188 seconds
[2024-01-30T16:17:27.723+0000] {processor.py:161} INFO - Started process (PID=163) to work on /home/airflow/.local/lib/python3.8/site-packages/airflow/example_dags/example_branch_operator_decorator.py
[2024-01-30T16:17:27.724+0000] {processor.py:830} INFO - Processing file /home/airflow/.local/lib/python3.8/site-packages/airflow/example_dags/example_branch_operator_decorator.py for tasks to queue
[2024-01-30T16:17:27.726+0000] {logging_mixin.py:188} INFO - [2024-01-30T16:17:27.726+0000] {dagbag.py:538} INFO - Filling up the DagBag from /home/airflow/.local/lib/python3.8/site-packages/airflow/example_dags/example_branch_operator_decorator.py
[2024-01-30T16:17:27.746+0000] {processor.py:840} INFO - DAG(s) 'example_branch_python_operator_decorator' retrieved from /home/airflow/.local/lib/python3.8/site-packages/airflow/example_dags/example_branch_operator_decorator.py
[2024-01-30T16:17:27.773+0000] {logging_mixin.py:188} INFO - [2024-01-30T16:17:27.773+0000] {dag.py:3036} INFO - Sync 1 DAGs
[2024-01-30T16:17:27.793+0000] {logging_mixin.py:188} INFO - [2024-01-30T16:17:27.793+0000] {dag.py:3823} INFO - Setting next_dagrun for example_branch_python_operator_decorator to 2024-01-29 00:00:00+00:00, run_after=2024-01-30 00:00:00+00:00
[2024-01-30T16:17:27.811+0000] {processor.py:183} INFO - Processing /home/airflow/.local/lib/python3.8/site-packages/airflow/example_dags/example_branch_operator_decorator.py took 0.090 seconds
[2024-01-30T16:17:58.732+0000] {processor.py:161} INFO - Started process (PID=218) to work on /home/airflow/.local/lib/python3.8/site-packages/airflow/example_dags/example_branch_operator_decorator.py
[2024-01-30T16:17:58.733+0000] {processor.py:830} INFO - Processing file /home/airflow/.local/lib/python3.8/site-packages/airflow/example_dags/example_branch_operator_decorator.py for tasks to queue
[2024-01-30T16:17:58.735+0000] {logging_mixin.py:188} INFO - [2024-01-30T16:17:58.735+0000] {dagbag.py:538} INFO - Filling up the DagBag from /home/airflow/.local/lib/python3.8/site-packages/airflow/example_dags/example_branch_operator_decorator.py
[2024-01-30T16:17:58.755+0000] {processor.py:840} INFO - DAG(s) 'example_branch_python_operator_decorator' retrieved from /home/airflow/.local/lib/python3.8/site-packages/airflow/example_dags/example_branch_operator_decorator.py
[2024-01-30T16:17:58.782+0000] {logging_mixin.py:188} INFO - [2024-01-30T16:17:58.782+0000] {dag.py:3036} INFO - Sync 1 DAGs
[2024-01-30T16:17:58.802+0000] {logging_mixin.py:188} INFO - [2024-01-30T16:17:58.801+0000] {dag.py:3823} INFO - Setting next_dagrun for example_branch_python_operator_decorator to 2024-01-29 00:00:00+00:00, run_after=2024-01-30 00:00:00+00:00
[2024-01-30T16:17:58.821+0000] {processor.py:183} INFO - Processing /home/airflow/.local/lib/python3.8/site-packages/airflow/example_dags/example_branch_operator_decorator.py took 0.092 seconds
[2024-01-30T16:18:28.975+0000] {processor.py:161} INFO - Started process (PID=273) to work on /home/airflow/.local/lib/python3.8/site-packages/airflow/example_dags/example_branch_operator_decorator.py
[2024-01-30T16:18:28.976+0000] {processor.py:830} INFO - Processing file /home/airflow/.local/lib/python3.8/site-packages/airflow/example_dags/example_branch_operator_decorator.py for tasks to queue
[2024-01-30T16:18:28.978+0000] {logging_mixin.py:188} INFO - [2024-01-30T16:18:28.978+0000] {dagbag.py:538} INFO - Filling up the DagBag from /home/airflow/.local/lib/python3.8/site-packages/airflow/example_dags/example_branch_operator_decorator.py
[2024-01-30T16:18:28.998+0000] {processor.py:840} INFO - DAG(s) 'example_branch_python_operator_decorator' retrieved from /home/airflow/.local/lib/python3.8/site-packages/airflow/example_dags/example_branch_operator_decorator.py
[2024-01-30T16:18:29.025+0000] {logging_mixin.py:188} INFO - [2024-01-30T16:18:29.024+0000] {dag.py:3036} INFO - Sync 1 DAGs
[2024-01-30T16:18:29.045+0000] {logging_mixin.py:188} INFO - [2024-01-30T16:18:29.044+0000] {dag.py:3823} INFO - Setting next_dagrun for example_branch_python_operator_decorator to 2024-01-29 00:00:00+00:00, run_after=2024-01-30 00:00:00+00:00
[2024-01-30T16:18:29.062+0000] {processor.py:183} INFO - Processing /home/airflow/.local/lib/python3.8/site-packages/airflow/example_dags/example_branch_operator_decorator.py took 0.090 seconds
[2024-01-30T16:18:59.587+0000] {processor.py:161} INFO - Started process (PID=328) to work on /home/airflow/.local/lib/python3.8/site-packages/airflow/example_dags/example_branch_operator_decorator.py
[2024-01-30T16:18:59.588+0000] {processor.py:830} INFO - Processing file /home/airflow/.local/lib/python3.8/site-packages/airflow/example_dags/example_branch_operator_decorator.py for tasks to queue
[2024-01-30T16:18:59.590+0000] {logging_mixin.py:188} INFO - [2024-01-30T16:18:59.590+0000] {dagbag.py:538} INFO - Filling up the DagBag from /home/airflow/.local/lib/python3.8/site-packages/airflow/example_dags/example_branch_operator_decorator.py
[2024-01-30T16:18:59.610+0000] {processor.py:840} INFO - DAG(s) 'example_branch_python_operator_decorator' retrieved from /home/airflow/.local/lib/python3.8/site-packages/airflow/example_dags/example_branch_operator_decorator.py
[2024-01-30T16:18:59.637+0000] {logging_mixin.py:188} INFO - [2024-01-30T16:18:59.637+0000] {dag.py:3036} INFO - Sync 1 DAGs
[2024-01-30T16:18:59.657+0000] {logging_mixin.py:188} INFO - [2024-01-30T16:18:59.657+0000] {dag.py:3823} INFO - Setting next_dagrun for example_branch_python_operator_decorator to 2024-01-29 00:00:00+00:00, run_after=2024-01-30 00:00:00+00:00
[2024-01-30T16:18:59.675+0000] {processor.py:183} INFO - Processing /home/airflow/.local/lib/python3.8/site-packages/airflow/example_dags/example_branch_operator_decorator.py took 0.091 seconds
[2024-01-30T16:19:30.230+0000] {processor.py:161} INFO - Started process (PID=383) to work on /home/airflow/.local/lib/python3.8/site-packages/airflow/example_dags/example_branch_operator_decorator.py
[2024-01-30T16:19:30.231+0000] {processor.py:830} INFO - Processing file /home/airflow/.local/lib/python3.8/site-packages/airflow/example_dags/example_branch_operator_decorator.py for tasks to queue
[2024-01-30T16:19:30.232+0000] {logging_mixin.py:188} INFO - [2024-01-30T16:19:30.232+0000] {dagbag.py:538} INFO - Filling up the DagBag from /home/airflow/.local/lib/python3.8/site-packages/airflow/example_dags/example_branch_operator_decorator.py
[2024-01-30T16:19:30.252+0000] {processor.py:840} INFO - DAG(s) 'example_branch_python_operator_decorator' retrieved from /home/airflow/.local/lib/python3.8/site-packages/airflow/example_dags/example_branch_operator_decorator.py
[2024-01-30T16:19:30.280+0000] {logging_mixin.py:188} INFO - [2024-01-30T16:19:30.280+0000] {dag.py:3036} INFO - Sync 1 DAGs
[2024-01-30T16:19:30.301+0000] {logging_mixin.py:188} INFO - [2024-01-30T16:19:30.301+0000] {dag.py:3823} INFO - Setting next_dagrun for example_branch_python_operator_decorator to 2024-01-29 00:00:00+00:00, run_after=2024-01-30 00:00:00+00:00
[2024-01-30T16:19:30.318+0000] {processor.py:183} INFO - Processing /home/airflow/.local/lib/python3.8/site-packages/airflow/example_dags/example_branch_operator_decorator.py took 0.091 seconds
[2024-01-30T16:20:00.829+0000] {processor.py:161} INFO - Started process (PID=438) to work on /home/airflow/.local/lib/python3.8/site-packages/airflow/example_dags/example_branch_operator_decorator.py
[2024-01-30T16:20:00.830+0000] {processor.py:830} INFO - Processing file /home/airflow/.local/lib/python3.8/site-packages/airflow/example_dags/example_branch_operator_decorator.py for tasks to queue
[2024-01-30T16:20:00.831+0000] {logging_mixin.py:188} INFO - [2024-01-30T16:20:00.831+0000] {dagbag.py:538} INFO - Filling up the DagBag from /home/airflow/.local/lib/python3.8/site-packages/airflow/example_dags/example_branch_operator_decorator.py
[2024-01-30T16:20:00.851+0000] {processor.py:840} INFO - DAG(s) 'example_branch_python_operator_decorator' retrieved from /home/airflow/.local/lib/python3.8/site-packages/airflow/example_dags/example_branch_operator_decorator.py
[2024-01-30T16:20:00.878+0000] {logging_mixin.py:188} INFO - [2024-01-30T16:20:00.878+0000] {dag.py:3036} INFO - Sync 1 DAGs
[2024-01-30T16:20:00.899+0000] {logging_mixin.py:188} INFO - [2024-01-30T16:20:00.898+0000] {dag.py:3823} INFO - Setting next_dagrun for example_branch_python_operator_decorator to 2024-01-29 00:00:00+00:00, run_after=2024-01-30 00:00:00+00:00
[2024-01-30T16:20:00.916+0000] {processor.py:183} INFO - Processing /home/airflow/.local/lib/python3.8/site-packages/airflow/example_dags/example_branch_operator_decorator.py took 0.091 seconds
[2024-01-30T16:20:31.560+0000] {processor.py:161} INFO - Started process (PID=493) to work on /home/airflow/.local/lib/python3.8/site-packages/airflow/example_dags/example_branch_operator_decorator.py
[2024-01-30T16:20:31.561+0000] {processor.py:830} INFO - Processing file /home/airflow/.local/lib/python3.8/site-packages/airflow/example_dags/example_branch_operator_decorator.py for tasks to queue
[2024-01-30T16:20:31.563+0000] {logging_mixin.py:188} INFO - [2024-01-30T16:20:31.562+0000] {dagbag.py:538} INFO - Filling up the DagBag from /home/airflow/.local/lib/python3.8/site-packages/airflow/example_dags/example_branch_operator_decorator.py
[2024-01-30T16:20:31.583+0000] {processor.py:840} INFO - DAG(s) 'example_branch_python_operator_decorator' retrieved from /home/airflow/.local/lib/python3.8/site-packages/airflow/example_dags/example_branch_operator_decorator.py
[2024-01-30T16:20:31.609+0000] {logging_mixin.py:188} INFO - [2024-01-30T16:20:31.609+0000] {dag.py:3036} INFO - Sync 1 DAGs
[2024-01-30T16:20:31.629+0000] {logging_mixin.py:188} INFO - [2024-01-30T16:20:31.629+0000] {dag.py:3823} INFO - Setting next_dagrun for example_branch_python_operator_decorator to 2024-01-29 00:00:00+00:00, run_after=2024-01-30 00:00:00+00:00
[2024-01-30T16:20:31.647+0000] {processor.py:183} INFO - Processing /home/airflow/.local/lib/python3.8/site-packages/airflow/example_dags/example_branch_operator_decorator.py took 0.090 seconds
[2024-01-30T16:21:02.273+0000] {processor.py:161} INFO - Started process (PID=548) to work on /home/airflow/.local/lib/python3.8/site-packages/airflow/example_dags/example_branch_operator_decorator.py
[2024-01-30T16:21:02.274+0000] {processor.py:830} INFO - Processing file /home/airflow/.local/lib/python3.8/site-packages/airflow/example_dags/example_branch_operator_decorator.py for tasks to queue
[2024-01-30T16:21:02.276+0000] {logging_mixin.py:188} INFO - [2024-01-30T16:21:02.275+0000] {dagbag.py:538} INFO - Filling up the DagBag from /home/airflow/.local/lib/python3.8/site-packages/airflow/example_dags/example_branch_operator_decorator.py
[2024-01-30T16:21:02.305+0000] {processor.py:840} INFO - DAG(s) 'example_branch_python_operator_decorator' retrieved from /home/airflow/.local/lib/python3.8/site-packages/airflow/example_dags/example_branch_operator_decorator.py
[2024-01-30T16:21:02.337+0000] {logging_mixin.py:188} INFO - [2024-01-30T16:21:02.337+0000] {dag.py:3036} INFO - Sync 1 DAGs
[2024-01-30T16:21:02.360+0000] {logging_mixin.py:188} INFO - [2024-01-30T16:21:02.360+0000] {dag.py:3823} INFO - Setting next_dagrun for example_branch_python_operator_decorator to 2024-01-29 00:00:00+00:00, run_after=2024-01-30 00:00:00+00:00
[2024-01-30T16:21:02.384+0000] {processor.py:183} INFO - Processing /home/airflow/.local/lib/python3.8/site-packages/airflow/example_dags/example_branch_operator_decorator.py took 0.115 seconds
[2024-01-30T16:21:32.545+0000] {processor.py:161} INFO - Started process (PID=603) to work on /home/airflow/.local/lib/python3.8/site-packages/airflow/example_dags/example_branch_operator_decorator.py
[2024-01-30T16:21:32.546+0000] {processor.py:830} INFO - Processing file /home/airflow/.local/lib/python3.8/site-packages/airflow/example_dags/example_branch_operator_decorator.py for tasks to queue
[2024-01-30T16:21:32.547+0000] {logging_mixin.py:188} INFO - [2024-01-30T16:21:32.547+0000] {dagbag.py:538} INFO - Filling up the DagBag from /home/airflow/.local/lib/python3.8/site-packages/airflow/example_dags/example_branch_operator_decorator.py
[2024-01-30T16:21:32.568+0000] {processor.py:840} INFO - DAG(s) 'example_branch_python_operator_decorator' retrieved from /home/airflow/.local/lib/python3.8/site-packages/airflow/example_dags/example_branch_operator_decorator.py
[2024-01-30T16:21:32.595+0000] {logging_mixin.py:188} INFO - [2024-01-30T16:21:32.595+0000] {dag.py:3036} INFO - Sync 1 DAGs
[2024-01-30T16:21:32.616+0000] {logging_mixin.py:188} INFO - [2024-01-30T16:21:32.616+0000] {dag.py:3823} INFO - Setting next_dagrun for example_branch_python_operator_decorator to 2024-01-29 00:00:00+00:00, run_after=2024-01-30 00:00:00+00:00
[2024-01-30T16:21:32.635+0000] {processor.py:183} INFO - Processing /home/airflow/.local/lib/python3.8/site-packages/airflow/example_dags/example_branch_operator_decorator.py took 0.093 seconds
[2024-01-30T16:22:02.744+0000] {processor.py:161} INFO - Started process (PID=658) to work on /home/airflow/.local/lib/python3.8/site-packages/airflow/example_dags/example_branch_operator_decorator.py
[2024-01-30T16:22:02.745+0000] {processor.py:830} INFO - Processing file /home/airflow/.local/lib/python3.8/site-packages/airflow/example_dags/example_branch_operator_decorator.py for tasks to queue
[2024-01-30T16:22:02.747+0000] {logging_mixin.py:188} INFO - [2024-01-30T16:22:02.747+0000] {dagbag.py:538} INFO - Filling up the DagBag from /home/airflow/.local/lib/python3.8/site-packages/airflow/example_dags/example_branch_operator_decorator.py
[2024-01-30T16:22:02.769+0000] {processor.py:840} INFO - DAG(s) 'example_branch_python_operator_decorator' retrieved from /home/airflow/.local/lib/python3.8/site-packages/airflow/example_dags/example_branch_operator_decorator.py
[2024-01-30T16:22:02.798+0000] {logging_mixin.py:188} INFO - [2024-01-30T16:22:02.797+0000] {dag.py:3036} INFO - Sync 1 DAGs
[2024-01-30T16:22:02.821+0000] {logging_mixin.py:188} INFO - [2024-01-30T16:22:02.821+0000] {dag.py:3823} INFO - Setting next_dagrun for example_branch_python_operator_decorator to 2024-01-29 00:00:00+00:00, run_after=2024-01-30 00:00:00+00:00
[2024-01-30T16:22:02.842+0000] {processor.py:183} INFO - Processing /home/airflow/.local/lib/python3.8/site-packages/airflow/example_dags/example_branch_operator_decorator.py took 0.101 seconds
[2024-01-30T16:22:32.933+0000] {processor.py:161} INFO - Started process (PID=713) to work on /home/airflow/.local/lib/python3.8/site-packages/airflow/example_dags/example_branch_operator_decorator.py
[2024-01-30T16:22:32.934+0000] {processor.py:830} INFO - Processing file /home/airflow/.local/lib/python3.8/site-packages/airflow/example_dags/example_branch_operator_decorator.py for tasks to queue
[2024-01-30T16:22:32.935+0000] {logging_mixin.py:188} INFO - [2024-01-30T16:22:32.935+0000] {dagbag.py:538} INFO - Filling up the DagBag from /home/airflow/.local/lib/python3.8/site-packages/airflow/example_dags/example_branch_operator_decorator.py
[2024-01-30T16:22:32.956+0000] {processor.py:840} INFO - DAG(s) 'example_branch_python_operator_decorator' retrieved from /home/airflow/.local/lib/python3.8/site-packages/airflow/example_dags/example_branch_operator_decorator.py
[2024-01-30T16:22:32.984+0000] {logging_mixin.py:188} INFO - [2024-01-30T16:22:32.984+0000] {dag.py:3036} INFO - Sync 1 DAGs
[2024-01-30T16:22:33.006+0000] {logging_mixin.py:188} INFO - [2024-01-30T16:22:33.006+0000] {dag.py:3823} INFO - Setting next_dagrun for example_branch_python_operator_decorator to 2024-01-29 00:00:00+00:00, run_after=2024-01-30 00:00:00+00:00
[2024-01-30T16:22:33.025+0000] {processor.py:183} INFO - Processing /home/airflow/.local/lib/python3.8/site-packages/airflow/example_dags/example_branch_operator_decorator.py took 0.096 seconds
[2024-01-30T16:23:03.162+0000] {processor.py:161} INFO - Started process (PID=768) to work on /home/airflow/.local/lib/python3.8/site-packages/airflow/example_dags/example_branch_operator_decorator.py
[2024-01-30T16:23:03.163+0000] {processor.py:830} INFO - Processing file /home/airflow/.local/lib/python3.8/site-packages/airflow/example_dags/example_branch_operator_decorator.py for tasks to queue
[2024-01-30T16:23:03.165+0000] {logging_mixin.py:188} INFO - [2024-01-30T16:23:03.165+0000] {dagbag.py:538} INFO - Filling up the DagBag from /home/airflow/.local/lib/python3.8/site-packages/airflow/example_dags/example_branch_operator_decorator.py
[2024-01-30T16:23:03.186+0000] {processor.py:840} INFO - DAG(s) 'example_branch_python_operator_decorator' retrieved from /home/airflow/.local/lib/python3.8/site-packages/airflow/example_dags/example_branch_operator_decorator.py
[2024-01-30T16:23:03.213+0000] {logging_mixin.py:188} INFO - [2024-01-30T16:23:03.213+0000] {dag.py:3036} INFO - Sync 1 DAGs
[2024-01-30T16:23:03.233+0000] {logging_mixin.py:188} INFO - [2024-01-30T16:23:03.233+0000] {dag.py:3823} INFO - Setting next_dagrun for example_branch_python_operator_decorator to 2024-01-29 00:00:00+00:00, run_after=2024-01-30 00:00:00+00:00
[2024-01-30T16:23:03.252+0000] {processor.py:183} INFO - Processing /home/airflow/.local/lib/python3.8/site-packages/airflow/example_dags/example_branch_operator_decorator.py took 0.093 seconds
[2024-01-30T16:23:33.880+0000] {processor.py:161} INFO - Started process (PID=823) to work on /home/airflow/.local/lib/python3.8/site-packages/airflow/example_dags/example_branch_operator_decorator.py
[2024-01-30T16:23:33.881+0000] {processor.py:830} INFO - Processing file /home/airflow/.local/lib/python3.8/site-packages/airflow/example_dags/example_branch_operator_decorator.py for tasks to queue
[2024-01-30T16:23:33.882+0000] {logging_mixin.py:188} INFO - [2024-01-30T16:23:33.882+0000] {dagbag.py:538} INFO - Filling up the DagBag from /home/airflow/.local/lib/python3.8/site-packages/airflow/example_dags/example_branch_operator_decorator.py
[2024-01-30T16:23:33.907+0000] {processor.py:840} INFO - DAG(s) 'example_branch_python_operator_decorator' retrieved from /home/airflow/.local/lib/python3.8/site-packages/airflow/example_dags/example_branch_operator_decorator.py
[2024-01-30T16:23:33.936+0000] {logging_mixin.py:188} INFO - [2024-01-30T16:23:33.935+0000] {dag.py:3036} INFO - Sync 1 DAGs
[2024-01-30T16:23:33.957+0000] {logging_mixin.py:188} INFO - [2024-01-30T16:23:33.957+0000] {dag.py:3823} INFO - Setting next_dagrun for example_branch_python_operator_decorator to 2024-01-29 00:00:00+00:00, run_after=2024-01-30 00:00:00+00:00
[2024-01-30T16:23:33.976+0000] {processor.py:183} INFO - Processing /home/airflow/.local/lib/python3.8/site-packages/airflow/example_dags/example_branch_operator_decorator.py took 0.099 seconds
[2024-01-30T16:24:42.209+0000] {processor.py:161} INFO - Started process (PID=53) to work on /home/airflow/.local/lib/python3.8/site-packages/airflow/example_dags/example_branch_operator_decorator.py
[2024-01-30T16:24:42.210+0000] {processor.py:830} INFO - Processing file /home/airflow/.local/lib/python3.8/site-packages/airflow/example_dags/example_branch_operator_decorator.py for tasks to queue
[2024-01-30T16:24:42.212+0000] {logging_mixin.py:188} INFO - [2024-01-30T16:24:42.212+0000] {dagbag.py:538} INFO - Filling up the DagBag from /home/airflow/.local/lib/python3.8/site-packages/airflow/example_dags/example_branch_operator_decorator.py
[2024-01-30T16:24:42.237+0000] {processor.py:840} INFO - DAG(s) 'example_branch_python_operator_decorator' retrieved from /home/airflow/.local/lib/python3.8/site-packages/airflow/example_dags/example_branch_operator_decorator.py
[2024-01-30T16:24:42.247+0000] {logging_mixin.py:188} INFO - [2024-01-30T16:24:42.246+0000] {dag.py:3036} INFO - Sync 1 DAGs
[2024-01-30T16:24:42.270+0000] {logging_mixin.py:188} INFO - [2024-01-30T16:24:42.270+0000] {dag.py:3823} INFO - Setting next_dagrun for example_branch_python_operator_decorator to 2024-01-29 00:00:00+00:00, run_after=2024-01-30 00:00:00+00:00
[2024-01-30T16:24:42.289+0000] {processor.py:183} INFO - Processing /home/airflow/.local/lib/python3.8/site-packages/airflow/example_dags/example_branch_operator_decorator.py took 0.084 seconds
[2024-01-30T16:25:13.256+0000] {processor.py:161} INFO - Started process (PID=108) to work on /home/airflow/.local/lib/python3.8/site-packages/airflow/example_dags/example_branch_operator_decorator.py
[2024-01-30T16:25:13.257+0000] {processor.py:830} INFO - Processing file /home/airflow/.local/lib/python3.8/site-packages/airflow/example_dags/example_branch_operator_decorator.py for tasks to queue
[2024-01-30T16:25:13.259+0000] {logging_mixin.py:188} INFO - [2024-01-30T16:25:13.258+0000] {dagbag.py:538} INFO - Filling up the DagBag from /home/airflow/.local/lib/python3.8/site-packages/airflow/example_dags/example_branch_operator_decorator.py
[2024-01-30T16:25:13.280+0000] {processor.py:840} INFO - DAG(s) 'example_branch_python_operator_decorator' retrieved from /home/airflow/.local/lib/python3.8/site-packages/airflow/example_dags/example_branch_operator_decorator.py
[2024-01-30T16:25:13.387+0000] {logging_mixin.py:188} INFO - [2024-01-30T16:25:13.387+0000] {dag.py:3036} INFO - Sync 1 DAGs
[2024-01-30T16:25:13.406+0000] {logging_mixin.py:188} INFO - [2024-01-30T16:25:13.406+0000] {dag.py:3823} INFO - Setting next_dagrun for example_branch_python_operator_decorator to 2024-01-29 00:00:00+00:00, run_after=2024-01-30 00:00:00+00:00
[2024-01-30T16:25:13.426+0000] {processor.py:183} INFO - Processing /home/airflow/.local/lib/python3.8/site-packages/airflow/example_dags/example_branch_operator_decorator.py took 0.173 seconds
[2024-01-30T16:26:20.952+0000] {processor.py:161} INFO - Started process (PID=53) to work on /home/airflow/.local/lib/python3.8/site-packages/airflow/example_dags/example_branch_operator_decorator.py
[2024-01-30T16:26:20.953+0000] {processor.py:830} INFO - Processing file /home/airflow/.local/lib/python3.8/site-packages/airflow/example_dags/example_branch_operator_decorator.py for tasks to queue
[2024-01-30T16:26:20.955+0000] {logging_mixin.py:188} INFO - [2024-01-30T16:26:20.955+0000] {dagbag.py:538} INFO - Filling up the DagBag from /home/airflow/.local/lib/python3.8/site-packages/airflow/example_dags/example_branch_operator_decorator.py
[2024-01-30T16:26:20.979+0000] {processor.py:840} INFO - DAG(s) 'example_branch_python_operator_decorator' retrieved from /home/airflow/.local/lib/python3.8/site-packages/airflow/example_dags/example_branch_operator_decorator.py
[2024-01-30T16:26:20.989+0000] {logging_mixin.py:188} INFO - [2024-01-30T16:26:20.989+0000] {dag.py:3036} INFO - Sync 1 DAGs
[2024-01-30T16:26:21.013+0000] {logging_mixin.py:188} INFO - [2024-01-30T16:26:21.013+0000] {dag.py:3823} INFO - Setting next_dagrun for example_branch_python_operator_decorator to 2024-01-29 00:00:00+00:00, run_after=2024-01-30 00:00:00+00:00
[2024-01-30T16:26:21.032+0000] {processor.py:183} INFO - Processing /home/airflow/.local/lib/python3.8/site-packages/airflow/example_dags/example_branch_operator_decorator.py took 0.084 seconds
[2024-01-30T16:26:51.937+0000] {processor.py:161} INFO - Started process (PID=108) to work on /home/airflow/.local/lib/python3.8/site-packages/airflow/example_dags/example_branch_operator_decorator.py
[2024-01-30T16:26:51.938+0000] {processor.py:830} INFO - Processing file /home/airflow/.local/lib/python3.8/site-packages/airflow/example_dags/example_branch_operator_decorator.py for tasks to queue
[2024-01-30T16:26:51.940+0000] {logging_mixin.py:188} INFO - [2024-01-30T16:26:51.940+0000] {dagbag.py:538} INFO - Filling up the DagBag from /home/airflow/.local/lib/python3.8/site-packages/airflow/example_dags/example_branch_operator_decorator.py
[2024-01-30T16:26:51.960+0000] {processor.py:840} INFO - DAG(s) 'example_branch_python_operator_decorator' retrieved from /home/airflow/.local/lib/python3.8/site-packages/airflow/example_dags/example_branch_operator_decorator.py
[2024-01-30T16:26:52.063+0000] {logging_mixin.py:188} INFO - [2024-01-30T16:26:52.062+0000] {dag.py:3036} INFO - Sync 1 DAGs
[2024-01-30T16:26:52.082+0000] {logging_mixin.py:188} INFO - [2024-01-30T16:26:52.081+0000] {dag.py:3823} INFO - Setting next_dagrun for example_branch_python_operator_decorator to 2024-01-29 00:00:00+00:00, run_after=2024-01-30 00:00:00+00:00
[2024-01-30T16:26:52.101+0000] {processor.py:183} INFO - Processing /home/airflow/.local/lib/python3.8/site-packages/airflow/example_dags/example_branch_operator_decorator.py took 0.166 seconds
[2024-01-30T16:27:22.138+0000] {processor.py:161} INFO - Started process (PID=163) to work on /home/airflow/.local/lib/python3.8/site-packages/airflow/example_dags/example_branch_operator_decorator.py
[2024-01-30T16:27:22.139+0000] {processor.py:830} INFO - Processing file /home/airflow/.local/lib/python3.8/site-packages/airflow/example_dags/example_branch_operator_decorator.py for tasks to queue
[2024-01-30T16:27:22.141+0000] {logging_mixin.py:188} INFO - [2024-01-30T16:27:22.141+0000] {dagbag.py:538} INFO - Filling up the DagBag from /home/airflow/.local/lib/python3.8/site-packages/airflow/example_dags/example_branch_operator_decorator.py
[2024-01-30T16:27:22.161+0000] {processor.py:840} INFO - DAG(s) 'example_branch_python_operator_decorator' retrieved from /home/airflow/.local/lib/python3.8/site-packages/airflow/example_dags/example_branch_operator_decorator.py
[2024-01-30T16:27:22.188+0000] {logging_mixin.py:188} INFO - [2024-01-30T16:27:22.188+0000] {dag.py:3036} INFO - Sync 1 DAGs
[2024-01-30T16:27:22.209+0000] {logging_mixin.py:188} INFO - [2024-01-30T16:27:22.209+0000] {dag.py:3823} INFO - Setting next_dagrun for example_branch_python_operator_decorator to 2024-01-29 00:00:00+00:00, run_after=2024-01-30 00:00:00+00:00
[2024-01-30T16:27:22.227+0000] {processor.py:183} INFO - Processing /home/airflow/.local/lib/python3.8/site-packages/airflow/example_dags/example_branch_operator_decorator.py took 0.092 seconds
[2024-01-30T16:27:52.313+0000] {processor.py:161} INFO - Started process (PID=218) to work on /home/airflow/.local/lib/python3.8/site-packages/airflow/example_dags/example_branch_operator_decorator.py
[2024-01-30T16:27:52.314+0000] {processor.py:830} INFO - Processing file /home/airflow/.local/lib/python3.8/site-packages/airflow/example_dags/example_branch_operator_decorator.py for tasks to queue
[2024-01-30T16:27:52.315+0000] {logging_mixin.py:188} INFO - [2024-01-30T16:27:52.315+0000] {dagbag.py:538} INFO - Filling up the DagBag from /home/airflow/.local/lib/python3.8/site-packages/airflow/example_dags/example_branch_operator_decorator.py
[2024-01-30T16:27:52.335+0000] {processor.py:840} INFO - DAG(s) 'example_branch_python_operator_decorator' retrieved from /home/airflow/.local/lib/python3.8/site-packages/airflow/example_dags/example_branch_operator_decorator.py
[2024-01-30T16:27:52.362+0000] {logging_mixin.py:188} INFO - [2024-01-30T16:27:52.362+0000] {dag.py:3036} INFO - Sync 1 DAGs
[2024-01-30T16:27:52.384+0000] {logging_mixin.py:188} INFO - [2024-01-30T16:27:52.384+0000] {dag.py:3823} INFO - Setting next_dagrun for example_branch_python_operator_decorator to 2024-01-29 00:00:00+00:00, run_after=2024-01-30 00:00:00+00:00
[2024-01-30T16:27:52.401+0000] {processor.py:183} INFO - Processing /home/airflow/.local/lib/python3.8/site-packages/airflow/example_dags/example_branch_operator_decorator.py took 0.091 seconds
[2024-01-30T16:28:22.939+0000] {processor.py:161} INFO - Started process (PID=273) to work on /home/airflow/.local/lib/python3.8/site-packages/airflow/example_dags/example_branch_operator_decorator.py
[2024-01-30T16:28:22.940+0000] {processor.py:830} INFO - Processing file /home/airflow/.local/lib/python3.8/site-packages/airflow/example_dags/example_branch_operator_decorator.py for tasks to queue
[2024-01-30T16:28:22.942+0000] {logging_mixin.py:188} INFO - [2024-01-30T16:28:22.942+0000] {dagbag.py:538} INFO - Filling up the DagBag from /home/airflow/.local/lib/python3.8/site-packages/airflow/example_dags/example_branch_operator_decorator.py
[2024-01-30T16:28:22.962+0000] {processor.py:840} INFO - DAG(s) 'example_branch_python_operator_decorator' retrieved from /home/airflow/.local/lib/python3.8/site-packages/airflow/example_dags/example_branch_operator_decorator.py
[2024-01-30T16:28:22.990+0000] {logging_mixin.py:188} INFO - [2024-01-30T16:28:22.989+0000] {dag.py:3036} INFO - Sync 1 DAGs
[2024-01-30T16:28:23.010+0000] {logging_mixin.py:188} INFO - [2024-01-30T16:28:23.010+0000] {dag.py:3823} INFO - Setting next_dagrun for example_branch_python_operator_decorator to 2024-01-29 00:00:00+00:00, run_after=2024-01-30 00:00:00+00:00
[2024-01-30T16:28:23.029+0000] {processor.py:183} INFO - Processing /home/airflow/.local/lib/python3.8/site-packages/airflow/example_dags/example_branch_operator_decorator.py took 0.093 seconds
[2024-01-30T16:28:53.639+0000] {processor.py:161} INFO - Started process (PID=328) to work on /home/airflow/.local/lib/python3.8/site-packages/airflow/example_dags/example_branch_operator_decorator.py
[2024-01-30T16:28:53.640+0000] {processor.py:830} INFO - Processing file /home/airflow/.local/lib/python3.8/site-packages/airflow/example_dags/example_branch_operator_decorator.py for tasks to queue
[2024-01-30T16:28:53.642+0000] {logging_mixin.py:188} INFO - [2024-01-30T16:28:53.641+0000] {dagbag.py:538} INFO - Filling up the DagBag from /home/airflow/.local/lib/python3.8/site-packages/airflow/example_dags/example_branch_operator_decorator.py
[2024-01-30T16:28:53.665+0000] {processor.py:840} INFO - DAG(s) 'example_branch_python_operator_decorator' retrieved from /home/airflow/.local/lib/python3.8/site-packages/airflow/example_dags/example_branch_operator_decorator.py
[2024-01-30T16:28:53.695+0000] {logging_mixin.py:188} INFO - [2024-01-30T16:28:53.694+0000] {dag.py:3036} INFO - Sync 1 DAGs
[2024-01-30T16:28:53.717+0000] {logging_mixin.py:188} INFO - [2024-01-30T16:28:53.716+0000] {dag.py:3823} INFO - Setting next_dagrun for example_branch_python_operator_decorator to 2024-01-29 00:00:00+00:00, run_after=2024-01-30 00:00:00+00:00
[2024-01-30T16:28:53.737+0000] {processor.py:183} INFO - Processing /home/airflow/.local/lib/python3.8/site-packages/airflow/example_dags/example_branch_operator_decorator.py took 0.101 seconds
[2024-01-30T16:29:24.311+0000] {processor.py:161} INFO - Started process (PID=383) to work on /home/airflow/.local/lib/python3.8/site-packages/airflow/example_dags/example_branch_operator_decorator.py
[2024-01-30T16:29:24.312+0000] {processor.py:830} INFO - Processing file /home/airflow/.local/lib/python3.8/site-packages/airflow/example_dags/example_branch_operator_decorator.py for tasks to queue
[2024-01-30T16:29:24.314+0000] {logging_mixin.py:188} INFO - [2024-01-30T16:29:24.314+0000] {dagbag.py:538} INFO - Filling up the DagBag from /home/airflow/.local/lib/python3.8/site-packages/airflow/example_dags/example_branch_operator_decorator.py
[2024-01-30T16:29:24.334+0000] {processor.py:840} INFO - DAG(s) 'example_branch_python_operator_decorator' retrieved from /home/airflow/.local/lib/python3.8/site-packages/airflow/example_dags/example_branch_operator_decorator.py
[2024-01-30T16:29:24.361+0000] {logging_mixin.py:188} INFO - [2024-01-30T16:29:24.361+0000] {dag.py:3036} INFO - Sync 1 DAGs
[2024-01-30T16:29:24.382+0000] {logging_mixin.py:188} INFO - [2024-01-30T16:29:24.381+0000] {dag.py:3823} INFO - Setting next_dagrun for example_branch_python_operator_decorator to 2024-01-29 00:00:00+00:00, run_after=2024-01-30 00:00:00+00:00
[2024-01-30T16:29:24.398+0000] {processor.py:183} INFO - Processing /home/airflow/.local/lib/python3.8/site-packages/airflow/example_dags/example_branch_operator_decorator.py took 0.089 seconds
[2024-01-30T16:29:54.980+0000] {processor.py:161} INFO - Started process (PID=438) to work on /home/airflow/.local/lib/python3.8/site-packages/airflow/example_dags/example_branch_operator_decorator.py
[2024-01-30T16:29:54.981+0000] {processor.py:830} INFO - Processing file /home/airflow/.local/lib/python3.8/site-packages/airflow/example_dags/example_branch_operator_decorator.py for tasks to queue
[2024-01-30T16:29:54.983+0000] {logging_mixin.py:188} INFO - [2024-01-30T16:29:54.983+0000] {dagbag.py:538} INFO - Filling up the DagBag from /home/airflow/.local/lib/python3.8/site-packages/airflow/example_dags/example_branch_operator_decorator.py
[2024-01-30T16:29:55.005+0000] {processor.py:840} INFO - DAG(s) 'example_branch_python_operator_decorator' retrieved from /home/airflow/.local/lib/python3.8/site-packages/airflow/example_dags/example_branch_operator_decorator.py
[2024-01-30T16:29:55.036+0000] {logging_mixin.py:188} INFO - [2024-01-30T16:29:55.036+0000] {dag.py:3036} INFO - Sync 1 DAGs
[2024-01-30T16:29:55.061+0000] {logging_mixin.py:188} INFO - [2024-01-30T16:29:55.061+0000] {dag.py:3823} INFO - Setting next_dagrun for example_branch_python_operator_decorator to 2024-01-29 00:00:00+00:00, run_after=2024-01-30 00:00:00+00:00
[2024-01-30T16:29:55.080+0000] {processor.py:183} INFO - Processing /home/airflow/.local/lib/python3.8/site-packages/airflow/example_dags/example_branch_operator_decorator.py took 0.103 seconds
[2024-01-30T16:30:25.806+0000] {processor.py:161} INFO - Started process (PID=493) to work on /home/airflow/.local/lib/python3.8/site-packages/airflow/example_dags/example_branch_operator_decorator.py
[2024-01-30T16:30:25.807+0000] {processor.py:830} INFO - Processing file /home/airflow/.local/lib/python3.8/site-packages/airflow/example_dags/example_branch_operator_decorator.py for tasks to queue
[2024-01-30T16:30:25.809+0000] {logging_mixin.py:188} INFO - [2024-01-30T16:30:25.809+0000] {dagbag.py:538} INFO - Filling up the DagBag from /home/airflow/.local/lib/python3.8/site-packages/airflow/example_dags/example_branch_operator_decorator.py
[2024-01-30T16:30:25.829+0000] {processor.py:840} INFO - DAG(s) 'example_branch_python_operator_decorator' retrieved from /home/airflow/.local/lib/python3.8/site-packages/airflow/example_dags/example_branch_operator_decorator.py
[2024-01-30T16:30:25.856+0000] {logging_mixin.py:188} INFO - [2024-01-30T16:30:25.856+0000] {dag.py:3036} INFO - Sync 1 DAGs
[2024-01-30T16:30:25.878+0000] {logging_mixin.py:188} INFO - [2024-01-30T16:30:25.878+0000] {dag.py:3823} INFO - Setting next_dagrun for example_branch_python_operator_decorator to 2024-01-29 00:00:00+00:00, run_after=2024-01-30 00:00:00+00:00
[2024-01-30T16:30:25.897+0000] {processor.py:183} INFO - Processing /home/airflow/.local/lib/python3.8/site-packages/airflow/example_dags/example_branch_operator_decorator.py took 0.093 seconds
[2024-01-30T16:30:56.092+0000] {processor.py:161} INFO - Started process (PID=548) to work on /home/airflow/.local/lib/python3.8/site-packages/airflow/example_dags/example_branch_operator_decorator.py
[2024-01-30T16:30:56.093+0000] {processor.py:830} INFO - Processing file /home/airflow/.local/lib/python3.8/site-packages/airflow/example_dags/example_branch_operator_decorator.py for tasks to queue
[2024-01-30T16:30:56.095+0000] {logging_mixin.py:188} INFO - [2024-01-30T16:30:56.095+0000] {dagbag.py:538} INFO - Filling up the DagBag from /home/airflow/.local/lib/python3.8/site-packages/airflow/example_dags/example_branch_operator_decorator.py
[2024-01-30T16:30:56.119+0000] {processor.py:840} INFO - DAG(s) 'example_branch_python_operator_decorator' retrieved from /home/airflow/.local/lib/python3.8/site-packages/airflow/example_dags/example_branch_operator_decorator.py
[2024-01-30T16:30:56.151+0000] {logging_mixin.py:188} INFO - [2024-01-30T16:30:56.151+0000] {dag.py:3036} INFO - Sync 1 DAGs
[2024-01-30T16:30:56.176+0000] {logging_mixin.py:188} INFO - [2024-01-30T16:30:56.176+0000] {dag.py:3823} INFO - Setting next_dagrun for example_branch_python_operator_decorator to 2024-01-29 00:00:00+00:00, run_after=2024-01-30 00:00:00+00:00
[2024-01-30T16:30:56.198+0000] {processor.py:183} INFO - Processing /home/airflow/.local/lib/python3.8/site-packages/airflow/example_dags/example_branch_operator_decorator.py took 0.109 seconds
[2024-01-30T16:31:26.464+0000] {processor.py:161} INFO - Started process (PID=603) to work on /home/airflow/.local/lib/python3.8/site-packages/airflow/example_dags/example_branch_operator_decorator.py
[2024-01-30T16:31:26.465+0000] {processor.py:830} INFO - Processing file /home/airflow/.local/lib/python3.8/site-packages/airflow/example_dags/example_branch_operator_decorator.py for tasks to queue
[2024-01-30T16:31:26.467+0000] {logging_mixin.py:188} INFO - [2024-01-30T16:31:26.466+0000] {dagbag.py:538} INFO - Filling up the DagBag from /home/airflow/.local/lib/python3.8/site-packages/airflow/example_dags/example_branch_operator_decorator.py
[2024-01-30T16:31:26.487+0000] {processor.py:840} INFO - DAG(s) 'example_branch_python_operator_decorator' retrieved from /home/airflow/.local/lib/python3.8/site-packages/airflow/example_dags/example_branch_operator_decorator.py
[2024-01-30T16:31:26.514+0000] {logging_mixin.py:188} INFO - [2024-01-30T16:31:26.514+0000] {dag.py:3036} INFO - Sync 1 DAGs
[2024-01-30T16:31:26.536+0000] {logging_mixin.py:188} INFO - [2024-01-30T16:31:26.535+0000] {dag.py:3823} INFO - Setting next_dagrun for example_branch_python_operator_decorator to 2024-01-29 00:00:00+00:00, run_after=2024-01-30 00:00:00+00:00
[2024-01-30T16:31:26.555+0000] {processor.py:183} INFO - Processing /home/airflow/.local/lib/python3.8/site-packages/airflow/example_dags/example_branch_operator_decorator.py took 0.093 seconds
[2024-01-30T16:31:56.781+0000] {processor.py:161} INFO - Started process (PID=658) to work on /home/airflow/.local/lib/python3.8/site-packages/airflow/example_dags/example_branch_operator_decorator.py
[2024-01-30T16:31:56.782+0000] {processor.py:830} INFO - Processing file /home/airflow/.local/lib/python3.8/site-packages/airflow/example_dags/example_branch_operator_decorator.py for tasks to queue
[2024-01-30T16:31:56.784+0000] {logging_mixin.py:188} INFO - [2024-01-30T16:31:56.784+0000] {dagbag.py:538} INFO - Filling up the DagBag from /home/airflow/.local/lib/python3.8/site-packages/airflow/example_dags/example_branch_operator_decorator.py
[2024-01-30T16:31:56.804+0000] {processor.py:840} INFO - DAG(s) 'example_branch_python_operator_decorator' retrieved from /home/airflow/.local/lib/python3.8/site-packages/airflow/example_dags/example_branch_operator_decorator.py
[2024-01-30T16:31:56.832+0000] {logging_mixin.py:188} INFO - [2024-01-30T16:31:56.832+0000] {dag.py:3036} INFO - Sync 1 DAGs
[2024-01-30T16:31:56.853+0000] {logging_mixin.py:188} INFO - [2024-01-30T16:31:56.853+0000] {dag.py:3823} INFO - Setting next_dagrun for example_branch_python_operator_decorator to 2024-01-29 00:00:00+00:00, run_after=2024-01-30 00:00:00+00:00
[2024-01-30T16:31:56.871+0000] {processor.py:183} INFO - Processing /home/airflow/.local/lib/python3.8/site-packages/airflow/example_dags/example_branch_operator_decorator.py took 0.093 seconds
[2024-01-30T16:32:26.976+0000] {processor.py:161} INFO - Started process (PID=713) to work on /home/airflow/.local/lib/python3.8/site-packages/airflow/example_dags/example_branch_operator_decorator.py
[2024-01-30T16:32:26.977+0000] {processor.py:830} INFO - Processing file /home/airflow/.local/lib/python3.8/site-packages/airflow/example_dags/example_branch_operator_decorator.py for tasks to queue
[2024-01-30T16:32:26.979+0000] {logging_mixin.py:188} INFO - [2024-01-30T16:32:26.979+0000] {dagbag.py:538} INFO - Filling up the DagBag from /home/airflow/.local/lib/python3.8/site-packages/airflow/example_dags/example_branch_operator_decorator.py
[2024-01-30T16:32:26.999+0000] {processor.py:840} INFO - DAG(s) 'example_branch_python_operator_decorator' retrieved from /home/airflow/.local/lib/python3.8/site-packages/airflow/example_dags/example_branch_operator_decorator.py
[2024-01-30T16:32:27.026+0000] {logging_mixin.py:188} INFO - [2024-01-30T16:32:27.026+0000] {dag.py:3036} INFO - Sync 1 DAGs
[2024-01-30T16:32:27.046+0000] {logging_mixin.py:188} INFO - [2024-01-30T16:32:27.046+0000] {dag.py:3823} INFO - Setting next_dagrun for example_branch_python_operator_decorator to 2024-01-29 00:00:00+00:00, run_after=2024-01-30 00:00:00+00:00
[2024-01-30T16:32:27.064+0000] {processor.py:183} INFO - Processing /home/airflow/.local/lib/python3.8/site-packages/airflow/example_dags/example_branch_operator_decorator.py took 0.091 seconds
[2024-01-30T16:32:57.299+0000] {processor.py:161} INFO - Started process (PID=768) to work on /home/airflow/.local/lib/python3.8/site-packages/airflow/example_dags/example_branch_operator_decorator.py
[2024-01-30T16:32:57.300+0000] {processor.py:830} INFO - Processing file /home/airflow/.local/lib/python3.8/site-packages/airflow/example_dags/example_branch_operator_decorator.py for tasks to queue
[2024-01-30T16:32:57.302+0000] {logging_mixin.py:188} INFO - [2024-01-30T16:32:57.302+0000] {dagbag.py:538} INFO - Filling up the DagBag from /home/airflow/.local/lib/python3.8/site-packages/airflow/example_dags/example_branch_operator_decorator.py
[2024-01-30T16:32:57.325+0000] {processor.py:840} INFO - DAG(s) 'example_branch_python_operator_decorator' retrieved from /home/airflow/.local/lib/python3.8/site-packages/airflow/example_dags/example_branch_operator_decorator.py
[2024-01-30T16:32:57.357+0000] {logging_mixin.py:188} INFO - [2024-01-30T16:32:57.357+0000] {dag.py:3036} INFO - Sync 1 DAGs
[2024-01-30T16:32:57.384+0000] {logging_mixin.py:188} INFO - [2024-01-30T16:32:57.383+0000] {dag.py:3823} INFO - Setting next_dagrun for example_branch_python_operator_decorator to 2024-01-29 00:00:00+00:00, run_after=2024-01-30 00:00:00+00:00
[2024-01-30T16:32:57.404+0000] {processor.py:183} INFO - Processing /home/airflow/.local/lib/python3.8/site-packages/airflow/example_dags/example_branch_operator_decorator.py took 0.109 seconds
[2024-01-30T16:33:27.618+0000] {processor.py:161} INFO - Started process (PID=823) to work on /home/airflow/.local/lib/python3.8/site-packages/airflow/example_dags/example_branch_operator_decorator.py
[2024-01-30T16:33:27.619+0000] {processor.py:830} INFO - Processing file /home/airflow/.local/lib/python3.8/site-packages/airflow/example_dags/example_branch_operator_decorator.py for tasks to queue
[2024-01-30T16:33:27.621+0000] {logging_mixin.py:188} INFO - [2024-01-30T16:33:27.621+0000] {dagbag.py:538} INFO - Filling up the DagBag from /home/airflow/.local/lib/python3.8/site-packages/airflow/example_dags/example_branch_operator_decorator.py
[2024-01-30T16:33:27.641+0000] {processor.py:840} INFO - DAG(s) 'example_branch_python_operator_decorator' retrieved from /home/airflow/.local/lib/python3.8/site-packages/airflow/example_dags/example_branch_operator_decorator.py
[2024-01-30T16:33:27.669+0000] {logging_mixin.py:188} INFO - [2024-01-30T16:33:27.669+0000] {dag.py:3036} INFO - Sync 1 DAGs
[2024-01-30T16:33:27.689+0000] {logging_mixin.py:188} INFO - [2024-01-30T16:33:27.689+0000] {dag.py:3823} INFO - Setting next_dagrun for example_branch_python_operator_decorator to 2024-01-29 00:00:00+00:00, run_after=2024-01-30 00:00:00+00:00
[2024-01-30T16:33:27.707+0000] {processor.py:183} INFO - Processing /home/airflow/.local/lib/python3.8/site-packages/airflow/example_dags/example_branch_operator_decorator.py took 0.092 seconds
[2024-01-30T16:33:57.998+0000] {processor.py:161} INFO - Started process (PID=878) to work on /home/airflow/.local/lib/python3.8/site-packages/airflow/example_dags/example_branch_operator_decorator.py
[2024-01-30T16:33:57.999+0000] {processor.py:830} INFO - Processing file /home/airflow/.local/lib/python3.8/site-packages/airflow/example_dags/example_branch_operator_decorator.py for tasks to queue
[2024-01-30T16:33:58.001+0000] {logging_mixin.py:188} INFO - [2024-01-30T16:33:58.001+0000] {dagbag.py:538} INFO - Filling up the DagBag from /home/airflow/.local/lib/python3.8/site-packages/airflow/example_dags/example_branch_operator_decorator.py
[2024-01-30T16:33:58.021+0000] {processor.py:840} INFO - DAG(s) 'example_branch_python_operator_decorator' retrieved from /home/airflow/.local/lib/python3.8/site-packages/airflow/example_dags/example_branch_operator_decorator.py
[2024-01-30T16:33:58.048+0000] {logging_mixin.py:188} INFO - [2024-01-30T16:33:58.048+0000] {dag.py:3036} INFO - Sync 1 DAGs
[2024-01-30T16:33:58.069+0000] {logging_mixin.py:188} INFO - [2024-01-30T16:33:58.069+0000] {dag.py:3823} INFO - Setting next_dagrun for example_branch_python_operator_decorator to 2024-01-29 00:00:00+00:00, run_after=2024-01-30 00:00:00+00:00
[2024-01-30T16:33:58.087+0000] {processor.py:183} INFO - Processing /home/airflow/.local/lib/python3.8/site-packages/airflow/example_dags/example_branch_operator_decorator.py took 0.092 seconds
[2024-01-30T16:34:28.382+0000] {processor.py:161} INFO - Started process (PID=933) to work on /home/airflow/.local/lib/python3.8/site-packages/airflow/example_dags/example_branch_operator_decorator.py
[2024-01-30T16:34:28.383+0000] {processor.py:830} INFO - Processing file /home/airflow/.local/lib/python3.8/site-packages/airflow/example_dags/example_branch_operator_decorator.py for tasks to queue
[2024-01-30T16:34:28.385+0000] {logging_mixin.py:188} INFO - [2024-01-30T16:34:28.385+0000] {dagbag.py:538} INFO - Filling up the DagBag from /home/airflow/.local/lib/python3.8/site-packages/airflow/example_dags/example_branch_operator_decorator.py
[2024-01-30T16:34:28.406+0000] {processor.py:840} INFO - DAG(s) 'example_branch_python_operator_decorator' retrieved from /home/airflow/.local/lib/python3.8/site-packages/airflow/example_dags/example_branch_operator_decorator.py
[2024-01-30T16:34:28.434+0000] {logging_mixin.py:188} INFO - [2024-01-30T16:34:28.434+0000] {dag.py:3036} INFO - Sync 1 DAGs
[2024-01-30T16:34:28.456+0000] {logging_mixin.py:188} INFO - [2024-01-30T16:34:28.456+0000] {dag.py:3823} INFO - Setting next_dagrun for example_branch_python_operator_decorator to 2024-01-29 00:00:00+00:00, run_after=2024-01-30 00:00:00+00:00
[2024-01-30T16:34:28.478+0000] {processor.py:183} INFO - Processing /home/airflow/.local/lib/python3.8/site-packages/airflow/example_dags/example_branch_operator_decorator.py took 0.099 seconds
[2024-01-30T16:34:58.722+0000] {processor.py:161} INFO - Started process (PID=988) to work on /home/airflow/.local/lib/python3.8/site-packages/airflow/example_dags/example_branch_operator_decorator.py
[2024-01-30T16:34:58.723+0000] {processor.py:830} INFO - Processing file /home/airflow/.local/lib/python3.8/site-packages/airflow/example_dags/example_branch_operator_decorator.py for tasks to queue
[2024-01-30T16:34:58.724+0000] {logging_mixin.py:188} INFO - [2024-01-30T16:34:58.724+0000] {dagbag.py:538} INFO - Filling up the DagBag from /home/airflow/.local/lib/python3.8/site-packages/airflow/example_dags/example_branch_operator_decorator.py
[2024-01-30T16:34:58.745+0000] {processor.py:840} INFO - DAG(s) 'example_branch_python_operator_decorator' retrieved from /home/airflow/.local/lib/python3.8/site-packages/airflow/example_dags/example_branch_operator_decorator.py
[2024-01-30T16:34:58.773+0000] {logging_mixin.py:188} INFO - [2024-01-30T16:34:58.772+0000] {dag.py:3036} INFO - Sync 1 DAGs
[2024-01-30T16:34:58.794+0000] {logging_mixin.py:188} INFO - [2024-01-30T16:34:58.793+0000] {dag.py:3823} INFO - Setting next_dagrun for example_branch_python_operator_decorator to 2024-01-29 00:00:00+00:00, run_after=2024-01-30 00:00:00+00:00
[2024-01-30T16:34:58.812+0000] {processor.py:183} INFO - Processing /home/airflow/.local/lib/python3.8/site-packages/airflow/example_dags/example_branch_operator_decorator.py took 0.093 seconds
[2024-01-30T16:35:28.902+0000] {processor.py:161} INFO - Started process (PID=1043) to work on /home/airflow/.local/lib/python3.8/site-packages/airflow/example_dags/example_branch_operator_decorator.py
[2024-01-30T16:35:28.903+0000] {processor.py:830} INFO - Processing file /home/airflow/.local/lib/python3.8/site-packages/airflow/example_dags/example_branch_operator_decorator.py for tasks to queue
[2024-01-30T16:35:28.905+0000] {logging_mixin.py:188} INFO - [2024-01-30T16:35:28.905+0000] {dagbag.py:538} INFO - Filling up the DagBag from /home/airflow/.local/lib/python3.8/site-packages/airflow/example_dags/example_branch_operator_decorator.py
[2024-01-30T16:35:28.925+0000] {processor.py:840} INFO - DAG(s) 'example_branch_python_operator_decorator' retrieved from /home/airflow/.local/lib/python3.8/site-packages/airflow/example_dags/example_branch_operator_decorator.py
[2024-01-30T16:35:28.952+0000] {logging_mixin.py:188} INFO - [2024-01-30T16:35:28.952+0000] {dag.py:3036} INFO - Sync 1 DAGs
[2024-01-30T16:35:28.973+0000] {logging_mixin.py:188} INFO - [2024-01-30T16:35:28.973+0000] {dag.py:3823} INFO - Setting next_dagrun for example_branch_python_operator_decorator to 2024-01-29 00:00:00+00:00, run_after=2024-01-30 00:00:00+00:00
[2024-01-30T16:35:28.990+0000] {processor.py:183} INFO - Processing /home/airflow/.local/lib/python3.8/site-packages/airflow/example_dags/example_branch_operator_decorator.py took 0.091 seconds
[2024-01-30T16:35:59.066+0000] {processor.py:161} INFO - Started process (PID=1098) to work on /home/airflow/.local/lib/python3.8/site-packages/airflow/example_dags/example_branch_operator_decorator.py
[2024-01-30T16:35:59.067+0000] {processor.py:830} INFO - Processing file /home/airflow/.local/lib/python3.8/site-packages/airflow/example_dags/example_branch_operator_decorator.py for tasks to queue
[2024-01-30T16:35:59.069+0000] {logging_mixin.py:188} INFO - [2024-01-30T16:35:59.069+0000] {dagbag.py:538} INFO - Filling up the DagBag from /home/airflow/.local/lib/python3.8/site-packages/airflow/example_dags/example_branch_operator_decorator.py
[2024-01-30T16:35:59.089+0000] {processor.py:840} INFO - DAG(s) 'example_branch_python_operator_decorator' retrieved from /home/airflow/.local/lib/python3.8/site-packages/airflow/example_dags/example_branch_operator_decorator.py
[2024-01-30T16:35:59.116+0000] {logging_mixin.py:188} INFO - [2024-01-30T16:35:59.115+0000] {dag.py:3036} INFO - Sync 1 DAGs
[2024-01-30T16:35:59.136+0000] {logging_mixin.py:188} INFO - [2024-01-30T16:35:59.136+0000] {dag.py:3823} INFO - Setting next_dagrun for example_branch_python_operator_decorator to 2024-01-29 00:00:00+00:00, run_after=2024-01-30 00:00:00+00:00
[2024-01-30T16:35:59.154+0000] {processor.py:183} INFO - Processing /home/airflow/.local/lib/python3.8/site-packages/airflow/example_dags/example_branch_operator_decorator.py took 0.091 seconds
[2024-01-30T16:36:30.028+0000] {processor.py:161} INFO - Started process (PID=1153) to work on /home/airflow/.local/lib/python3.8/site-packages/airflow/example_dags/example_branch_operator_decorator.py
[2024-01-30T16:36:30.030+0000] {processor.py:830} INFO - Processing file /home/airflow/.local/lib/python3.8/site-packages/airflow/example_dags/example_branch_operator_decorator.py for tasks to queue
[2024-01-30T16:36:30.033+0000] {logging_mixin.py:188} INFO - [2024-01-30T16:36:30.032+0000] {dagbag.py:538} INFO - Filling up the DagBag from /home/airflow/.local/lib/python3.8/site-packages/airflow/example_dags/example_branch_operator_decorator.py
[2024-01-30T16:36:30.054+0000] {processor.py:840} INFO - DAG(s) 'example_branch_python_operator_decorator' retrieved from /home/airflow/.local/lib/python3.8/site-packages/airflow/example_dags/example_branch_operator_decorator.py
[2024-01-30T16:36:30.085+0000] {logging_mixin.py:188} INFO - [2024-01-30T16:36:30.085+0000] {dag.py:3036} INFO - Sync 1 DAGs
[2024-01-30T16:36:30.108+0000] {logging_mixin.py:188} INFO - [2024-01-30T16:36:30.108+0000] {dag.py:3823} INFO - Setting next_dagrun for example_branch_python_operator_decorator to 2024-01-29 00:00:00+00:00, run_after=2024-01-30 00:00:00+00:00
[2024-01-30T16:36:30.127+0000] {processor.py:183} INFO - Processing /home/airflow/.local/lib/python3.8/site-packages/airflow/example_dags/example_branch_operator_decorator.py took 0.102 seconds
[2024-01-30T16:37:00.175+0000] {processor.py:161} INFO - Started process (PID=1208) to work on /home/airflow/.local/lib/python3.8/site-packages/airflow/example_dags/example_branch_operator_decorator.py
[2024-01-30T16:37:00.176+0000] {processor.py:830} INFO - Processing file /home/airflow/.local/lib/python3.8/site-packages/airflow/example_dags/example_branch_operator_decorator.py for tasks to queue
[2024-01-30T16:37:00.177+0000] {logging_mixin.py:188} INFO - [2024-01-30T16:37:00.177+0000] {dagbag.py:538} INFO - Filling up the DagBag from /home/airflow/.local/lib/python3.8/site-packages/airflow/example_dags/example_branch_operator_decorator.py
[2024-01-30T16:37:00.198+0000] {processor.py:840} INFO - DAG(s) 'example_branch_python_operator_decorator' retrieved from /home/airflow/.local/lib/python3.8/site-packages/airflow/example_dags/example_branch_operator_decorator.py
[2024-01-30T16:37:00.226+0000] {logging_mixin.py:188} INFO - [2024-01-30T16:37:00.226+0000] {dag.py:3036} INFO - Sync 1 DAGs
[2024-01-30T16:37:00.247+0000] {logging_mixin.py:188} INFO - [2024-01-30T16:37:00.246+0000] {dag.py:3823} INFO - Setting next_dagrun for example_branch_python_operator_decorator to 2024-01-29 00:00:00+00:00, run_after=2024-01-30 00:00:00+00:00
[2024-01-30T16:37:00.265+0000] {processor.py:183} INFO - Processing /home/airflow/.local/lib/python3.8/site-packages/airflow/example_dags/example_branch_operator_decorator.py took 0.093 seconds
[2024-01-30T16:37:31.034+0000] {processor.py:161} INFO - Started process (PID=1263) to work on /home/airflow/.local/lib/python3.8/site-packages/airflow/example_dags/example_branch_operator_decorator.py
[2024-01-30T16:37:31.035+0000] {processor.py:830} INFO - Processing file /home/airflow/.local/lib/python3.8/site-packages/airflow/example_dags/example_branch_operator_decorator.py for tasks to queue
[2024-01-30T16:37:31.037+0000] {logging_mixin.py:188} INFO - [2024-01-30T16:37:31.036+0000] {dagbag.py:538} INFO - Filling up the DagBag from /home/airflow/.local/lib/python3.8/site-packages/airflow/example_dags/example_branch_operator_decorator.py
[2024-01-30T16:37:31.057+0000] {processor.py:840} INFO - DAG(s) 'example_branch_python_operator_decorator' retrieved from /home/airflow/.local/lib/python3.8/site-packages/airflow/example_dags/example_branch_operator_decorator.py
[2024-01-30T16:37:31.085+0000] {logging_mixin.py:188} INFO - [2024-01-30T16:37:31.085+0000] {dag.py:3036} INFO - Sync 1 DAGs
[2024-01-30T16:37:31.108+0000] {logging_mixin.py:188} INFO - [2024-01-30T16:37:31.107+0000] {dag.py:3823} INFO - Setting next_dagrun for example_branch_python_operator_decorator to 2024-01-29 00:00:00+00:00, run_after=2024-01-30 00:00:00+00:00
[2024-01-30T16:37:31.127+0000] {processor.py:183} INFO - Processing /home/airflow/.local/lib/python3.8/site-packages/airflow/example_dags/example_branch_operator_decorator.py took 0.096 seconds
