[2024-01-30T16:16:25.641+0000] {processor.py:161} INFO - Started process (PID=55) to work on /home/airflow/.local/lib/python3.8/site-packages/airflow/example_dags/example_xcomargs.py
[2024-01-30T16:16:25.642+0000] {processor.py:830} INFO - Processing file /home/airflow/.local/lib/python3.8/site-packages/airflow/example_dags/example_xcomargs.py for tasks to queue
[2024-01-30T16:16:25.644+0000] {logging_mixin.py:188} INFO - [2024-01-30T16:16:25.644+0000] {dagbag.py:538} INFO - Filling up the DagBag from /home/airflow/.local/lib/python3.8/site-packages/airflow/example_dags/example_xcomargs.py
[2024-01-30T16:16:25.657+0000] {processor.py:840} INFO - DAG(s) 'example_xcom_args', 'example_xcom_args_with_operators' retrieved from /home/airflow/.local/lib/python3.8/site-packages/airflow/example_dags/example_xcomargs.py
[2024-01-30T16:16:25.668+0000] {logging_mixin.py:188} INFO - [2024-01-30T16:16:25.668+0000] {dag.py:3036} INFO - Sync 2 DAGs
[2024-01-30T16:16:25.684+0000] {logging_mixin.py:188} INFO - [2024-01-30T16:16:25.683+0000] {dag.py:3823} INFO - Setting next_dagrun for example_xcom_args to None, run_after=None
[2024-01-30T16:16:25.688+0000] {logging_mixin.py:188} INFO - [2024-01-30T16:16:25.688+0000] {dag.py:3823} INFO - Setting next_dagrun for example_xcom_args_with_operators to None, run_after=None
[2024-01-30T16:16:25.708+0000] {processor.py:183} INFO - Processing /home/airflow/.local/lib/python3.8/site-packages/airflow/example_dags/example_xcomargs.py took 0.070 seconds
[2024-01-30T16:16:57.053+0000] {processor.py:161} INFO - Started process (PID=110) to work on /home/airflow/.local/lib/python3.8/site-packages/airflow/example_dags/example_xcomargs.py
[2024-01-30T16:16:57.054+0000] {processor.py:830} INFO - Processing file /home/airflow/.local/lib/python3.8/site-packages/airflow/example_dags/example_xcomargs.py for tasks to queue
[2024-01-30T16:16:57.056+0000] {logging_mixin.py:188} INFO - [2024-01-30T16:16:57.056+0000] {dagbag.py:538} INFO - Filling up the DagBag from /home/airflow/.local/lib/python3.8/site-packages/airflow/example_dags/example_xcomargs.py
[2024-01-30T16:16:57.063+0000] {processor.py:840} INFO - DAG(s) 'example_xcom_args_with_operators', 'example_xcom_args' retrieved from /home/airflow/.local/lib/python3.8/site-packages/airflow/example_dags/example_xcomargs.py
[2024-01-30T16:16:57.163+0000] {logging_mixin.py:188} INFO - [2024-01-30T16:16:57.163+0000] {dag.py:3036} INFO - Sync 2 DAGs
[2024-01-30T16:16:57.173+0000] {logging_mixin.py:188} INFO - [2024-01-30T16:16:57.173+0000] {dag.py:3823} INFO - Setting next_dagrun for example_xcom_args to None, run_after=None
[2024-01-30T16:16:57.176+0000] {logging_mixin.py:188} INFO - [2024-01-30T16:16:57.176+0000] {dag.py:3823} INFO - Setting next_dagrun for example_xcom_args_with_operators to None, run_after=None
[2024-01-30T16:16:57.192+0000] {processor.py:183} INFO - Processing /home/airflow/.local/lib/python3.8/site-packages/airflow/example_dags/example_xcomargs.py took 0.142 seconds
[2024-01-30T16:17:27.834+0000] {processor.py:161} INFO - Started process (PID=165) to work on /home/airflow/.local/lib/python3.8/site-packages/airflow/example_dags/example_xcomargs.py
[2024-01-30T16:17:27.835+0000] {processor.py:830} INFO - Processing file /home/airflow/.local/lib/python3.8/site-packages/airflow/example_dags/example_xcomargs.py for tasks to queue
[2024-01-30T16:17:27.836+0000] {logging_mixin.py:188} INFO - [2024-01-30T16:17:27.836+0000] {dagbag.py:538} INFO - Filling up the DagBag from /home/airflow/.local/lib/python3.8/site-packages/airflow/example_dags/example_xcomargs.py
[2024-01-30T16:17:27.843+0000] {processor.py:840} INFO - DAG(s) 'example_xcom_args', 'example_xcom_args_with_operators' retrieved from /home/airflow/.local/lib/python3.8/site-packages/airflow/example_dags/example_xcomargs.py
[2024-01-30T16:17:27.864+0000] {logging_mixin.py:188} INFO - [2024-01-30T16:17:27.864+0000] {dag.py:3036} INFO - Sync 2 DAGs
[2024-01-30T16:17:27.875+0000] {logging_mixin.py:188} INFO - [2024-01-30T16:17:27.875+0000] {dag.py:3823} INFO - Setting next_dagrun for example_xcom_args to None, run_after=None
[2024-01-30T16:17:27.879+0000] {logging_mixin.py:188} INFO - [2024-01-30T16:17:27.879+0000] {dag.py:3823} INFO - Setting next_dagrun for example_xcom_args_with_operators to None, run_after=None
[2024-01-30T16:17:27.894+0000] {processor.py:183} INFO - Processing /home/airflow/.local/lib/python3.8/site-packages/airflow/example_dags/example_xcomargs.py took 0.063 seconds
[2024-01-30T16:17:58.861+0000] {processor.py:161} INFO - Started process (PID=220) to work on /home/airflow/.local/lib/python3.8/site-packages/airflow/example_dags/example_xcomargs.py
[2024-01-30T16:17:58.862+0000] {processor.py:830} INFO - Processing file /home/airflow/.local/lib/python3.8/site-packages/airflow/example_dags/example_xcomargs.py for tasks to queue
[2024-01-30T16:17:58.863+0000] {logging_mixin.py:188} INFO - [2024-01-30T16:17:58.863+0000] {dagbag.py:538} INFO - Filling up the DagBag from /home/airflow/.local/lib/python3.8/site-packages/airflow/example_dags/example_xcomargs.py
[2024-01-30T16:17:58.870+0000] {processor.py:840} INFO - DAG(s) 'example_xcom_args_with_operators', 'example_xcom_args' retrieved from /home/airflow/.local/lib/python3.8/site-packages/airflow/example_dags/example_xcomargs.py
[2024-01-30T16:17:58.892+0000] {logging_mixin.py:188} INFO - [2024-01-30T16:17:58.891+0000] {dag.py:3036} INFO - Sync 2 DAGs
[2024-01-30T16:17:58.903+0000] {logging_mixin.py:188} INFO - [2024-01-30T16:17:58.903+0000] {dag.py:3823} INFO - Setting next_dagrun for example_xcom_args to None, run_after=None
[2024-01-30T16:17:58.906+0000] {logging_mixin.py:188} INFO - [2024-01-30T16:17:58.906+0000] {dag.py:3823} INFO - Setting next_dagrun for example_xcom_args_with_operators to None, run_after=None
[2024-01-30T16:17:58.924+0000] {processor.py:183} INFO - Processing /home/airflow/.local/lib/python3.8/site-packages/airflow/example_dags/example_xcomargs.py took 0.066 seconds
[2024-01-30T16:18:29.076+0000] {processor.py:161} INFO - Started process (PID=275) to work on /home/airflow/.local/lib/python3.8/site-packages/airflow/example_dags/example_xcomargs.py
[2024-01-30T16:18:29.077+0000] {processor.py:830} INFO - Processing file /home/airflow/.local/lib/python3.8/site-packages/airflow/example_dags/example_xcomargs.py for tasks to queue
[2024-01-30T16:18:29.078+0000] {logging_mixin.py:188} INFO - [2024-01-30T16:18:29.078+0000] {dagbag.py:538} INFO - Filling up the DagBag from /home/airflow/.local/lib/python3.8/site-packages/airflow/example_dags/example_xcomargs.py
[2024-01-30T16:18:29.086+0000] {processor.py:840} INFO - DAG(s) 'example_xcom_args', 'example_xcom_args_with_operators' retrieved from /home/airflow/.local/lib/python3.8/site-packages/airflow/example_dags/example_xcomargs.py
[2024-01-30T16:18:29.107+0000] {logging_mixin.py:188} INFO - [2024-01-30T16:18:29.107+0000] {dag.py:3036} INFO - Sync 2 DAGs
[2024-01-30T16:18:29.119+0000] {logging_mixin.py:188} INFO - [2024-01-30T16:18:29.118+0000] {dag.py:3823} INFO - Setting next_dagrun for example_xcom_args to None, run_after=None
[2024-01-30T16:18:29.122+0000] {logging_mixin.py:188} INFO - [2024-01-30T16:18:29.122+0000] {dag.py:3823} INFO - Setting next_dagrun for example_xcom_args_with_operators to None, run_after=None
[2024-01-30T16:18:29.139+0000] {processor.py:183} INFO - Processing /home/airflow/.local/lib/python3.8/site-packages/airflow/example_dags/example_xcomargs.py took 0.065 seconds
[2024-01-30T16:18:59.696+0000] {processor.py:161} INFO - Started process (PID=330) to work on /home/airflow/.local/lib/python3.8/site-packages/airflow/example_dags/example_xcomargs.py
[2024-01-30T16:18:59.697+0000] {processor.py:830} INFO - Processing file /home/airflow/.local/lib/python3.8/site-packages/airflow/example_dags/example_xcomargs.py for tasks to queue
[2024-01-30T16:18:59.698+0000] {logging_mixin.py:188} INFO - [2024-01-30T16:18:59.698+0000] {dagbag.py:538} INFO - Filling up the DagBag from /home/airflow/.local/lib/python3.8/site-packages/airflow/example_dags/example_xcomargs.py
[2024-01-30T16:18:59.705+0000] {processor.py:840} INFO - DAG(s) 'example_xcom_args_with_operators', 'example_xcom_args' retrieved from /home/airflow/.local/lib/python3.8/site-packages/airflow/example_dags/example_xcomargs.py
[2024-01-30T16:18:59.727+0000] {logging_mixin.py:188} INFO - [2024-01-30T16:18:59.726+0000] {dag.py:3036} INFO - Sync 2 DAGs
[2024-01-30T16:18:59.738+0000] {logging_mixin.py:188} INFO - [2024-01-30T16:18:59.738+0000] {dag.py:3823} INFO - Setting next_dagrun for example_xcom_args to None, run_after=None
[2024-01-30T16:18:59.741+0000] {logging_mixin.py:188} INFO - [2024-01-30T16:18:59.741+0000] {dag.py:3823} INFO - Setting next_dagrun for example_xcom_args_with_operators to None, run_after=None
[2024-01-30T16:18:59.759+0000] {processor.py:183} INFO - Processing /home/airflow/.local/lib/python3.8/site-packages/airflow/example_dags/example_xcomargs.py took 0.066 seconds
[2024-01-30T16:19:30.342+0000] {processor.py:161} INFO - Started process (PID=385) to work on /home/airflow/.local/lib/python3.8/site-packages/airflow/example_dags/example_xcomargs.py
[2024-01-30T16:19:30.343+0000] {processor.py:830} INFO - Processing file /home/airflow/.local/lib/python3.8/site-packages/airflow/example_dags/example_xcomargs.py for tasks to queue
[2024-01-30T16:19:30.345+0000] {logging_mixin.py:188} INFO - [2024-01-30T16:19:30.344+0000] {dagbag.py:538} INFO - Filling up the DagBag from /home/airflow/.local/lib/python3.8/site-packages/airflow/example_dags/example_xcomargs.py
[2024-01-30T16:19:30.352+0000] {processor.py:840} INFO - DAG(s) 'example_xcom_args', 'example_xcom_args_with_operators' retrieved from /home/airflow/.local/lib/python3.8/site-packages/airflow/example_dags/example_xcomargs.py
[2024-01-30T16:19:30.373+0000] {logging_mixin.py:188} INFO - [2024-01-30T16:19:30.373+0000] {dag.py:3036} INFO - Sync 2 DAGs
[2024-01-30T16:19:30.384+0000] {logging_mixin.py:188} INFO - [2024-01-30T16:19:30.384+0000] {dag.py:3823} INFO - Setting next_dagrun for example_xcom_args to None, run_after=None
[2024-01-30T16:19:30.388+0000] {logging_mixin.py:188} INFO - [2024-01-30T16:19:30.388+0000] {dag.py:3823} INFO - Setting next_dagrun for example_xcom_args_with_operators to None, run_after=None
[2024-01-30T16:19:30.404+0000] {processor.py:183} INFO - Processing /home/airflow/.local/lib/python3.8/site-packages/airflow/example_dags/example_xcomargs.py took 0.065 seconds
[2024-01-30T16:20:00.941+0000] {processor.py:161} INFO - Started process (PID=440) to work on /home/airflow/.local/lib/python3.8/site-packages/airflow/example_dags/example_xcomargs.py
[2024-01-30T16:20:00.942+0000] {processor.py:830} INFO - Processing file /home/airflow/.local/lib/python3.8/site-packages/airflow/example_dags/example_xcomargs.py for tasks to queue
[2024-01-30T16:20:00.944+0000] {logging_mixin.py:188} INFO - [2024-01-30T16:20:00.944+0000] {dagbag.py:538} INFO - Filling up the DagBag from /home/airflow/.local/lib/python3.8/site-packages/airflow/example_dags/example_xcomargs.py
[2024-01-30T16:20:00.951+0000] {processor.py:840} INFO - DAG(s) 'example_xcom_args_with_operators', 'example_xcom_args' retrieved from /home/airflow/.local/lib/python3.8/site-packages/airflow/example_dags/example_xcomargs.py
[2024-01-30T16:20:00.975+0000] {logging_mixin.py:188} INFO - [2024-01-30T16:20:00.974+0000] {dag.py:3036} INFO - Sync 2 DAGs
[2024-01-30T16:20:00.986+0000] {logging_mixin.py:188} INFO - [2024-01-30T16:20:00.986+0000] {dag.py:3823} INFO - Setting next_dagrun for example_xcom_args to None, run_after=None
[2024-01-30T16:20:00.990+0000] {logging_mixin.py:188} INFO - [2024-01-30T16:20:00.989+0000] {dag.py:3823} INFO - Setting next_dagrun for example_xcom_args_with_operators to None, run_after=None
[2024-01-30T16:20:01.006+0000] {processor.py:183} INFO - Processing /home/airflow/.local/lib/python3.8/site-packages/airflow/example_dags/example_xcomargs.py took 0.068 seconds
[2024-01-30T16:20:31.672+0000] {processor.py:161} INFO - Started process (PID=495) to work on /home/airflow/.local/lib/python3.8/site-packages/airflow/example_dags/example_xcomargs.py
[2024-01-30T16:20:31.673+0000] {processor.py:830} INFO - Processing file /home/airflow/.local/lib/python3.8/site-packages/airflow/example_dags/example_xcomargs.py for tasks to queue
[2024-01-30T16:20:31.675+0000] {logging_mixin.py:188} INFO - [2024-01-30T16:20:31.675+0000] {dagbag.py:538} INFO - Filling up the DagBag from /home/airflow/.local/lib/python3.8/site-packages/airflow/example_dags/example_xcomargs.py
[2024-01-30T16:20:31.682+0000] {processor.py:840} INFO - DAG(s) 'example_xcom_args_with_operators', 'example_xcom_args' retrieved from /home/airflow/.local/lib/python3.8/site-packages/airflow/example_dags/example_xcomargs.py
[2024-01-30T16:20:31.704+0000] {logging_mixin.py:188} INFO - [2024-01-30T16:20:31.703+0000] {dag.py:3036} INFO - Sync 2 DAGs
[2024-01-30T16:20:31.715+0000] {logging_mixin.py:188} INFO - [2024-01-30T16:20:31.715+0000] {dag.py:3823} INFO - Setting next_dagrun for example_xcom_args to None, run_after=None
[2024-01-30T16:20:31.719+0000] {logging_mixin.py:188} INFO - [2024-01-30T16:20:31.718+0000] {dag.py:3823} INFO - Setting next_dagrun for example_xcom_args_with_operators to None, run_after=None
[2024-01-30T16:20:31.736+0000] {processor.py:183} INFO - Processing /home/airflow/.local/lib/python3.8/site-packages/airflow/example_dags/example_xcomargs.py took 0.067 seconds
[2024-01-30T16:21:02.407+0000] {processor.py:161} INFO - Started process (PID=550) to work on /home/airflow/.local/lib/python3.8/site-packages/airflow/example_dags/example_xcomargs.py
[2024-01-30T16:21:02.408+0000] {processor.py:830} INFO - Processing file /home/airflow/.local/lib/python3.8/site-packages/airflow/example_dags/example_xcomargs.py for tasks to queue
[2024-01-30T16:21:02.410+0000] {logging_mixin.py:188} INFO - [2024-01-30T16:21:02.409+0000] {dagbag.py:538} INFO - Filling up the DagBag from /home/airflow/.local/lib/python3.8/site-packages/airflow/example_dags/example_xcomargs.py
[2024-01-30T16:21:02.417+0000] {processor.py:840} INFO - DAG(s) 'example_xcom_args_with_operators', 'example_xcom_args' retrieved from /home/airflow/.local/lib/python3.8/site-packages/airflow/example_dags/example_xcomargs.py
[2024-01-30T16:21:02.440+0000] {logging_mixin.py:188} INFO - [2024-01-30T16:21:02.439+0000] {dag.py:3036} INFO - Sync 2 DAGs
[2024-01-30T16:21:02.451+0000] {logging_mixin.py:188} INFO - [2024-01-30T16:21:02.451+0000] {dag.py:3823} INFO - Setting next_dagrun for example_xcom_args to None, run_after=None
[2024-01-30T16:21:02.455+0000] {logging_mixin.py:188} INFO - [2024-01-30T16:21:02.455+0000] {dag.py:3823} INFO - Setting next_dagrun for example_xcom_args_with_operators to None, run_after=None
[2024-01-30T16:21:02.471+0000] {processor.py:183} INFO - Processing /home/airflow/.local/lib/python3.8/site-packages/airflow/example_dags/example_xcomargs.py took 0.068 seconds
[2024-01-30T16:21:32.664+0000] {processor.py:161} INFO - Started process (PID=605) to work on /home/airflow/.local/lib/python3.8/site-packages/airflow/example_dags/example_xcomargs.py
[2024-01-30T16:21:32.665+0000] {processor.py:830} INFO - Processing file /home/airflow/.local/lib/python3.8/site-packages/airflow/example_dags/example_xcomargs.py for tasks to queue
[2024-01-30T16:21:32.667+0000] {logging_mixin.py:188} INFO - [2024-01-30T16:21:32.666+0000] {dagbag.py:538} INFO - Filling up the DagBag from /home/airflow/.local/lib/python3.8/site-packages/airflow/example_dags/example_xcomargs.py
[2024-01-30T16:21:32.674+0000] {processor.py:840} INFO - DAG(s) 'example_xcom_args', 'example_xcom_args_with_operators' retrieved from /home/airflow/.local/lib/python3.8/site-packages/airflow/example_dags/example_xcomargs.py
[2024-01-30T16:21:32.695+0000] {logging_mixin.py:188} INFO - [2024-01-30T16:21:32.694+0000] {dag.py:3036} INFO - Sync 2 DAGs
[2024-01-30T16:21:32.706+0000] {logging_mixin.py:188} INFO - [2024-01-30T16:21:32.706+0000] {dag.py:3823} INFO - Setting next_dagrun for example_xcom_args to None, run_after=None
[2024-01-30T16:21:32.709+0000] {logging_mixin.py:188} INFO - [2024-01-30T16:21:32.709+0000] {dag.py:3823} INFO - Setting next_dagrun for example_xcom_args_with_operators to None, run_after=None
[2024-01-30T16:21:32.726+0000] {processor.py:183} INFO - Processing /home/airflow/.local/lib/python3.8/site-packages/airflow/example_dags/example_xcomargs.py took 0.065 seconds
[2024-01-30T16:22:02.869+0000] {processor.py:161} INFO - Started process (PID=660) to work on /home/airflow/.local/lib/python3.8/site-packages/airflow/example_dags/example_xcomargs.py
[2024-01-30T16:22:02.870+0000] {processor.py:830} INFO - Processing file /home/airflow/.local/lib/python3.8/site-packages/airflow/example_dags/example_xcomargs.py for tasks to queue
[2024-01-30T16:22:02.871+0000] {logging_mixin.py:188} INFO - [2024-01-30T16:22:02.871+0000] {dagbag.py:538} INFO - Filling up the DagBag from /home/airflow/.local/lib/python3.8/site-packages/airflow/example_dags/example_xcomargs.py
[2024-01-30T16:22:02.879+0000] {processor.py:840} INFO - DAG(s) 'example_xcom_args', 'example_xcom_args_with_operators' retrieved from /home/airflow/.local/lib/python3.8/site-packages/airflow/example_dags/example_xcomargs.py
[2024-01-30T16:22:02.903+0000] {logging_mixin.py:188} INFO - [2024-01-30T16:22:02.903+0000] {dag.py:3036} INFO - Sync 2 DAGs
[2024-01-30T16:22:02.915+0000] {logging_mixin.py:188} INFO - [2024-01-30T16:22:02.915+0000] {dag.py:3823} INFO - Setting next_dagrun for example_xcom_args to None, run_after=None
[2024-01-30T16:22:02.920+0000] {logging_mixin.py:188} INFO - [2024-01-30T16:22:02.919+0000] {dag.py:3823} INFO - Setting next_dagrun for example_xcom_args_with_operators to None, run_after=None
[2024-01-30T16:22:02.937+0000] {processor.py:183} INFO - Processing /home/airflow/.local/lib/python3.8/site-packages/airflow/example_dags/example_xcomargs.py took 0.072 seconds
[2024-01-30T16:22:33.049+0000] {processor.py:161} INFO - Started process (PID=715) to work on /home/airflow/.local/lib/python3.8/site-packages/airflow/example_dags/example_xcomargs.py
[2024-01-30T16:22:33.050+0000] {processor.py:830} INFO - Processing file /home/airflow/.local/lib/python3.8/site-packages/airflow/example_dags/example_xcomargs.py for tasks to queue
[2024-01-30T16:22:33.052+0000] {logging_mixin.py:188} INFO - [2024-01-30T16:22:33.052+0000] {dagbag.py:538} INFO - Filling up the DagBag from /home/airflow/.local/lib/python3.8/site-packages/airflow/example_dags/example_xcomargs.py
[2024-01-30T16:22:33.059+0000] {processor.py:840} INFO - DAG(s) 'example_xcom_args_with_operators', 'example_xcom_args' retrieved from /home/airflow/.local/lib/python3.8/site-packages/airflow/example_dags/example_xcomargs.py
[2024-01-30T16:22:33.082+0000] {logging_mixin.py:188} INFO - [2024-01-30T16:22:33.082+0000] {dag.py:3036} INFO - Sync 2 DAGs
[2024-01-30T16:22:33.093+0000] {logging_mixin.py:188} INFO - [2024-01-30T16:22:33.093+0000] {dag.py:3823} INFO - Setting next_dagrun for example_xcom_args to None, run_after=None
[2024-01-30T16:22:33.097+0000] {logging_mixin.py:188} INFO - [2024-01-30T16:22:33.097+0000] {dag.py:3823} INFO - Setting next_dagrun for example_xcom_args_with_operators to None, run_after=None
[2024-01-30T16:22:33.115+0000] {processor.py:183} INFO - Processing /home/airflow/.local/lib/python3.8/site-packages/airflow/example_dags/example_xcomargs.py took 0.069 seconds
[2024-01-30T16:23:03.275+0000] {processor.py:161} INFO - Started process (PID=770) to work on /home/airflow/.local/lib/python3.8/site-packages/airflow/example_dags/example_xcomargs.py
[2024-01-30T16:23:03.277+0000] {processor.py:830} INFO - Processing file /home/airflow/.local/lib/python3.8/site-packages/airflow/example_dags/example_xcomargs.py for tasks to queue
[2024-01-30T16:23:03.279+0000] {logging_mixin.py:188} INFO - [2024-01-30T16:23:03.279+0000] {dagbag.py:538} INFO - Filling up the DagBag from /home/airflow/.local/lib/python3.8/site-packages/airflow/example_dags/example_xcomargs.py
[2024-01-30T16:23:03.287+0000] {processor.py:840} INFO - DAG(s) 'example_xcom_args_with_operators', 'example_xcom_args' retrieved from /home/airflow/.local/lib/python3.8/site-packages/airflow/example_dags/example_xcomargs.py
[2024-01-30T16:23:03.308+0000] {logging_mixin.py:188} INFO - [2024-01-30T16:23:03.308+0000] {dag.py:3036} INFO - Sync 2 DAGs
[2024-01-30T16:23:03.319+0000] {logging_mixin.py:188} INFO - [2024-01-30T16:23:03.319+0000] {dag.py:3823} INFO - Setting next_dagrun for example_xcom_args to None, run_after=None
[2024-01-30T16:23:03.322+0000] {logging_mixin.py:188} INFO - [2024-01-30T16:23:03.322+0000] {dag.py:3823} INFO - Setting next_dagrun for example_xcom_args_with_operators to None, run_after=None
[2024-01-30T16:23:03.339+0000] {processor.py:183} INFO - Processing /home/airflow/.local/lib/python3.8/site-packages/airflow/example_dags/example_xcomargs.py took 0.067 seconds
[2024-01-30T16:23:34.001+0000] {processor.py:161} INFO - Started process (PID=825) to work on /home/airflow/.local/lib/python3.8/site-packages/airflow/example_dags/example_xcomargs.py
[2024-01-30T16:23:34.002+0000] {processor.py:830} INFO - Processing file /home/airflow/.local/lib/python3.8/site-packages/airflow/example_dags/example_xcomargs.py for tasks to queue
[2024-01-30T16:23:34.004+0000] {logging_mixin.py:188} INFO - [2024-01-30T16:23:34.004+0000] {dagbag.py:538} INFO - Filling up the DagBag from /home/airflow/.local/lib/python3.8/site-packages/airflow/example_dags/example_xcomargs.py
[2024-01-30T16:23:34.011+0000] {processor.py:840} INFO - DAG(s) 'example_xcom_args_with_operators', 'example_xcom_args' retrieved from /home/airflow/.local/lib/python3.8/site-packages/airflow/example_dags/example_xcomargs.py
[2024-01-30T16:23:34.034+0000] {logging_mixin.py:188} INFO - [2024-01-30T16:23:34.034+0000] {dag.py:3036} INFO - Sync 2 DAGs
[2024-01-30T16:23:34.048+0000] {logging_mixin.py:188} INFO - [2024-01-30T16:23:34.048+0000] {dag.py:3823} INFO - Setting next_dagrun for example_xcom_args to None, run_after=None
[2024-01-30T16:23:34.052+0000] {logging_mixin.py:188} INFO - [2024-01-30T16:23:34.052+0000] {dag.py:3823} INFO - Setting next_dagrun for example_xcom_args_with_operators to None, run_after=None
[2024-01-30T16:23:34.068+0000] {processor.py:183} INFO - Processing /home/airflow/.local/lib/python3.8/site-packages/airflow/example_dags/example_xcomargs.py took 0.070 seconds
[2024-01-30T16:24:42.312+0000] {processor.py:161} INFO - Started process (PID=55) to work on /home/airflow/.local/lib/python3.8/site-packages/airflow/example_dags/example_xcomargs.py
[2024-01-30T16:24:42.313+0000] {processor.py:830} INFO - Processing file /home/airflow/.local/lib/python3.8/site-packages/airflow/example_dags/example_xcomargs.py for tasks to queue
[2024-01-30T16:24:42.315+0000] {logging_mixin.py:188} INFO - [2024-01-30T16:24:42.314+0000] {dagbag.py:538} INFO - Filling up the DagBag from /home/airflow/.local/lib/python3.8/site-packages/airflow/example_dags/example_xcomargs.py
[2024-01-30T16:24:42.328+0000] {processor.py:840} INFO - DAG(s) 'example_xcom_args_with_operators', 'example_xcom_args' retrieved from /home/airflow/.local/lib/python3.8/site-packages/airflow/example_dags/example_xcomargs.py
[2024-01-30T16:24:42.340+0000] {logging_mixin.py:188} INFO - [2024-01-30T16:24:42.339+0000] {dag.py:3036} INFO - Sync 2 DAGs
[2024-01-30T16:24:42.353+0000] {logging_mixin.py:188} INFO - [2024-01-30T16:24:42.353+0000] {dag.py:3823} INFO - Setting next_dagrun for example_xcom_args to None, run_after=None
[2024-01-30T16:24:42.356+0000] {logging_mixin.py:188} INFO - [2024-01-30T16:24:42.356+0000] {dag.py:3823} INFO - Setting next_dagrun for example_xcom_args_with_operators to None, run_after=None
[2024-01-30T16:24:42.375+0000] {processor.py:183} INFO - Processing /home/airflow/.local/lib/python3.8/site-packages/airflow/example_dags/example_xcomargs.py took 0.066 seconds
[2024-01-30T16:25:13.450+0000] {processor.py:161} INFO - Started process (PID=110) to work on /home/airflow/.local/lib/python3.8/site-packages/airflow/example_dags/example_xcomargs.py
[2024-01-30T16:25:13.451+0000] {processor.py:830} INFO - Processing file /home/airflow/.local/lib/python3.8/site-packages/airflow/example_dags/example_xcomargs.py for tasks to queue
[2024-01-30T16:25:13.453+0000] {logging_mixin.py:188} INFO - [2024-01-30T16:25:13.453+0000] {dagbag.py:538} INFO - Filling up the DagBag from /home/airflow/.local/lib/python3.8/site-packages/airflow/example_dags/example_xcomargs.py
[2024-01-30T16:25:13.460+0000] {processor.py:840} INFO - DAG(s) 'example_xcom_args', 'example_xcom_args_with_operators' retrieved from /home/airflow/.local/lib/python3.8/site-packages/airflow/example_dags/example_xcomargs.py
[2024-01-30T16:25:13.573+0000] {logging_mixin.py:188} INFO - [2024-01-30T16:25:13.573+0000] {dag.py:3036} INFO - Sync 2 DAGs
[2024-01-30T16:25:13.584+0000] {logging_mixin.py:188} INFO - [2024-01-30T16:25:13.584+0000] {dag.py:3823} INFO - Setting next_dagrun for example_xcom_args to None, run_after=None
[2024-01-30T16:25:13.588+0000] {logging_mixin.py:188} INFO - [2024-01-30T16:25:13.588+0000] {dag.py:3823} INFO - Setting next_dagrun for example_xcom_args_with_operators to None, run_after=None
[2024-01-30T16:25:13.608+0000] {processor.py:183} INFO - Processing /home/airflow/.local/lib/python3.8/site-packages/airflow/example_dags/example_xcomargs.py took 0.160 seconds
[2024-01-30T16:26:21.055+0000] {processor.py:161} INFO - Started process (PID=55) to work on /home/airflow/.local/lib/python3.8/site-packages/airflow/example_dags/example_xcomargs.py
[2024-01-30T16:26:21.057+0000] {processor.py:830} INFO - Processing file /home/airflow/.local/lib/python3.8/site-packages/airflow/example_dags/example_xcomargs.py for tasks to queue
[2024-01-30T16:26:21.058+0000] {logging_mixin.py:188} INFO - [2024-01-30T16:26:21.058+0000] {dagbag.py:538} INFO - Filling up the DagBag from /home/airflow/.local/lib/python3.8/site-packages/airflow/example_dags/example_xcomargs.py
[2024-01-30T16:26:21.068+0000] {processor.py:840} INFO - DAG(s) 'example_xcom_args_with_operators', 'example_xcom_args' retrieved from /home/airflow/.local/lib/python3.8/site-packages/airflow/example_dags/example_xcomargs.py
[2024-01-30T16:26:21.079+0000] {logging_mixin.py:188} INFO - [2024-01-30T16:26:21.079+0000] {dag.py:3036} INFO - Sync 2 DAGs
[2024-01-30T16:26:21.093+0000] {logging_mixin.py:188} INFO - [2024-01-30T16:26:21.093+0000] {dag.py:3823} INFO - Setting next_dagrun for example_xcom_args to None, run_after=None
[2024-01-30T16:26:21.097+0000] {logging_mixin.py:188} INFO - [2024-01-30T16:26:21.097+0000] {dag.py:3823} INFO - Setting next_dagrun for example_xcom_args_with_operators to None, run_after=None
[2024-01-30T16:26:21.115+0000] {processor.py:183} INFO - Processing /home/airflow/.local/lib/python3.8/site-packages/airflow/example_dags/example_xcomargs.py took 0.063 seconds
[2024-01-30T16:26:52.124+0000] {processor.py:161} INFO - Started process (PID=110) to work on /home/airflow/.local/lib/python3.8/site-packages/airflow/example_dags/example_xcomargs.py
[2024-01-30T16:26:52.124+0000] {processor.py:830} INFO - Processing file /home/airflow/.local/lib/python3.8/site-packages/airflow/example_dags/example_xcomargs.py for tasks to queue
[2024-01-30T16:26:52.126+0000] {logging_mixin.py:188} INFO - [2024-01-30T16:26:52.126+0000] {dagbag.py:538} INFO - Filling up the DagBag from /home/airflow/.local/lib/python3.8/site-packages/airflow/example_dags/example_xcomargs.py
[2024-01-30T16:26:52.133+0000] {processor.py:840} INFO - DAG(s) 'example_xcom_args', 'example_xcom_args_with_operators' retrieved from /home/airflow/.local/lib/python3.8/site-packages/airflow/example_dags/example_xcomargs.py
[2024-01-30T16:26:52.237+0000] {logging_mixin.py:188} INFO - [2024-01-30T16:26:52.237+0000] {dag.py:3036} INFO - Sync 2 DAGs
[2024-01-30T16:26:52.247+0000] {logging_mixin.py:188} INFO - [2024-01-30T16:26:52.247+0000] {dag.py:3823} INFO - Setting next_dagrun for example_xcom_args to None, run_after=None
[2024-01-30T16:26:52.250+0000] {logging_mixin.py:188} INFO - [2024-01-30T16:26:52.250+0000] {dag.py:3823} INFO - Setting next_dagrun for example_xcom_args_with_operators to None, run_after=None
[2024-01-30T16:26:52.268+0000] {processor.py:183} INFO - Processing /home/airflow/.local/lib/python3.8/site-packages/airflow/example_dags/example_xcomargs.py took 0.147 seconds
[2024-01-30T16:27:22.309+0000] {processor.py:161} INFO - Started process (PID=165) to work on /home/airflow/.local/lib/python3.8/site-packages/airflow/example_dags/example_xcomargs.py
[2024-01-30T16:27:22.310+0000] {processor.py:830} INFO - Processing file /home/airflow/.local/lib/python3.8/site-packages/airflow/example_dags/example_xcomargs.py for tasks to queue
[2024-01-30T16:27:22.312+0000] {logging_mixin.py:188} INFO - [2024-01-30T16:27:22.311+0000] {dagbag.py:538} INFO - Filling up the DagBag from /home/airflow/.local/lib/python3.8/site-packages/airflow/example_dags/example_xcomargs.py
[2024-01-30T16:27:22.318+0000] {processor.py:840} INFO - DAG(s) 'example_xcom_args_with_operators', 'example_xcom_args' retrieved from /home/airflow/.local/lib/python3.8/site-packages/airflow/example_dags/example_xcomargs.py
[2024-01-30T16:27:22.340+0000] {logging_mixin.py:188} INFO - [2024-01-30T16:27:22.340+0000] {dag.py:3036} INFO - Sync 2 DAGs
[2024-01-30T16:27:22.351+0000] {logging_mixin.py:188} INFO - [2024-01-30T16:27:22.350+0000] {dag.py:3823} INFO - Setting next_dagrun for example_xcom_args to None, run_after=None
[2024-01-30T16:27:22.354+0000] {logging_mixin.py:188} INFO - [2024-01-30T16:27:22.354+0000] {dag.py:3823} INFO - Setting next_dagrun for example_xcom_args_with_operators to None, run_after=None
[2024-01-30T16:27:22.372+0000] {processor.py:183} INFO - Processing /home/airflow/.local/lib/python3.8/site-packages/airflow/example_dags/example_xcomargs.py took 0.066 seconds
[2024-01-30T16:27:52.424+0000] {processor.py:161} INFO - Started process (PID=220) to work on /home/airflow/.local/lib/python3.8/site-packages/airflow/example_dags/example_xcomargs.py
[2024-01-30T16:27:52.425+0000] {processor.py:830} INFO - Processing file /home/airflow/.local/lib/python3.8/site-packages/airflow/example_dags/example_xcomargs.py for tasks to queue
[2024-01-30T16:27:52.428+0000] {logging_mixin.py:188} INFO - [2024-01-30T16:27:52.427+0000] {dagbag.py:538} INFO - Filling up the DagBag from /home/airflow/.local/lib/python3.8/site-packages/airflow/example_dags/example_xcomargs.py
[2024-01-30T16:27:52.436+0000] {processor.py:840} INFO - DAG(s) 'example_xcom_args_with_operators', 'example_xcom_args' retrieved from /home/airflow/.local/lib/python3.8/site-packages/airflow/example_dags/example_xcomargs.py
[2024-01-30T16:27:52.456+0000] {logging_mixin.py:188} INFO - [2024-01-30T16:27:52.456+0000] {dag.py:3036} INFO - Sync 2 DAGs
[2024-01-30T16:27:52.467+0000] {logging_mixin.py:188} INFO - [2024-01-30T16:27:52.467+0000] {dag.py:3823} INFO - Setting next_dagrun for example_xcom_args to None, run_after=None
[2024-01-30T16:27:52.470+0000] {logging_mixin.py:188} INFO - [2024-01-30T16:27:52.470+0000] {dag.py:3823} INFO - Setting next_dagrun for example_xcom_args_with_operators to None, run_after=None
[2024-01-30T16:27:52.485+0000] {processor.py:183} INFO - Processing /home/airflow/.local/lib/python3.8/site-packages/airflow/example_dags/example_xcomargs.py took 0.065 seconds
[2024-01-30T16:28:23.053+0000] {processor.py:161} INFO - Started process (PID=275) to work on /home/airflow/.local/lib/python3.8/site-packages/airflow/example_dags/example_xcomargs.py
[2024-01-30T16:28:23.054+0000] {processor.py:830} INFO - Processing file /home/airflow/.local/lib/python3.8/site-packages/airflow/example_dags/example_xcomargs.py for tasks to queue
[2024-01-30T16:28:23.055+0000] {logging_mixin.py:188} INFO - [2024-01-30T16:28:23.055+0000] {dagbag.py:538} INFO - Filling up the DagBag from /home/airflow/.local/lib/python3.8/site-packages/airflow/example_dags/example_xcomargs.py
[2024-01-30T16:28:23.062+0000] {processor.py:840} INFO - DAG(s) 'example_xcom_args_with_operators', 'example_xcom_args' retrieved from /home/airflow/.local/lib/python3.8/site-packages/airflow/example_dags/example_xcomargs.py
[2024-01-30T16:28:23.083+0000] {logging_mixin.py:188} INFO - [2024-01-30T16:28:23.083+0000] {dag.py:3036} INFO - Sync 2 DAGs
[2024-01-30T16:28:23.094+0000] {logging_mixin.py:188} INFO - [2024-01-30T16:28:23.094+0000] {dag.py:3823} INFO - Setting next_dagrun for example_xcom_args to None, run_after=None
[2024-01-30T16:28:23.097+0000] {logging_mixin.py:188} INFO - [2024-01-30T16:28:23.097+0000] {dag.py:3823} INFO - Setting next_dagrun for example_xcom_args_with_operators to None, run_after=None
[2024-01-30T16:28:23.115+0000] {processor.py:183} INFO - Processing /home/airflow/.local/lib/python3.8/site-packages/airflow/example_dags/example_xcomargs.py took 0.065 seconds
[2024-01-30T16:28:53.763+0000] {processor.py:161} INFO - Started process (PID=330) to work on /home/airflow/.local/lib/python3.8/site-packages/airflow/example_dags/example_xcomargs.py
[2024-01-30T16:28:53.764+0000] {processor.py:830} INFO - Processing file /home/airflow/.local/lib/python3.8/site-packages/airflow/example_dags/example_xcomargs.py for tasks to queue
[2024-01-30T16:28:53.765+0000] {logging_mixin.py:188} INFO - [2024-01-30T16:28:53.765+0000] {dagbag.py:538} INFO - Filling up the DagBag from /home/airflow/.local/lib/python3.8/site-packages/airflow/example_dags/example_xcomargs.py
[2024-01-30T16:28:53.773+0000] {processor.py:840} INFO - DAG(s) 'example_xcom_args_with_operators', 'example_xcom_args' retrieved from /home/airflow/.local/lib/python3.8/site-packages/airflow/example_dags/example_xcomargs.py
[2024-01-30T16:28:53.795+0000] {logging_mixin.py:188} INFO - [2024-01-30T16:28:53.795+0000] {dag.py:3036} INFO - Sync 2 DAGs
[2024-01-30T16:28:53.808+0000] {logging_mixin.py:188} INFO - [2024-01-30T16:28:53.808+0000] {dag.py:3823} INFO - Setting next_dagrun for example_xcom_args to None, run_after=None
[2024-01-30T16:28:53.813+0000] {logging_mixin.py:188} INFO - [2024-01-30T16:28:53.812+0000] {dag.py:3823} INFO - Setting next_dagrun for example_xcom_args_with_operators to None, run_after=None
[2024-01-30T16:28:53.831+0000] {processor.py:183} INFO - Processing /home/airflow/.local/lib/python3.8/site-packages/airflow/example_dags/example_xcomargs.py took 0.071 seconds
[2024-01-30T16:29:24.420+0000] {processor.py:161} INFO - Started process (PID=385) to work on /home/airflow/.local/lib/python3.8/site-packages/airflow/example_dags/example_xcomargs.py
[2024-01-30T16:29:24.421+0000] {processor.py:830} INFO - Processing file /home/airflow/.local/lib/python3.8/site-packages/airflow/example_dags/example_xcomargs.py for tasks to queue
[2024-01-30T16:29:24.422+0000] {logging_mixin.py:188} INFO - [2024-01-30T16:29:24.422+0000] {dagbag.py:538} INFO - Filling up the DagBag from /home/airflow/.local/lib/python3.8/site-packages/airflow/example_dags/example_xcomargs.py
[2024-01-30T16:29:24.429+0000] {processor.py:840} INFO - DAG(s) 'example_xcom_args_with_operators', 'example_xcom_args' retrieved from /home/airflow/.local/lib/python3.8/site-packages/airflow/example_dags/example_xcomargs.py
[2024-01-30T16:29:24.449+0000] {logging_mixin.py:188} INFO - [2024-01-30T16:29:24.449+0000] {dag.py:3036} INFO - Sync 2 DAGs
[2024-01-30T16:29:24.461+0000] {logging_mixin.py:188} INFO - [2024-01-30T16:29:24.461+0000] {dag.py:3823} INFO - Setting next_dagrun for example_xcom_args to None, run_after=None
[2024-01-30T16:29:24.464+0000] {logging_mixin.py:188} INFO - [2024-01-30T16:29:24.464+0000] {dag.py:3823} INFO - Setting next_dagrun for example_xcom_args_with_operators to None, run_after=None
[2024-01-30T16:29:24.479+0000] {processor.py:183} INFO - Processing /home/airflow/.local/lib/python3.8/site-packages/airflow/example_dags/example_xcomargs.py took 0.062 seconds
[2024-01-30T16:29:55.103+0000] {processor.py:161} INFO - Started process (PID=440) to work on /home/airflow/.local/lib/python3.8/site-packages/airflow/example_dags/example_xcomargs.py
[2024-01-30T16:29:55.104+0000] {processor.py:830} INFO - Processing file /home/airflow/.local/lib/python3.8/site-packages/airflow/example_dags/example_xcomargs.py for tasks to queue
[2024-01-30T16:29:55.106+0000] {logging_mixin.py:188} INFO - [2024-01-30T16:29:55.106+0000] {dagbag.py:538} INFO - Filling up the DagBag from /home/airflow/.local/lib/python3.8/site-packages/airflow/example_dags/example_xcomargs.py
[2024-01-30T16:29:55.114+0000] {processor.py:840} INFO - DAG(s) 'example_xcom_args_with_operators', 'example_xcom_args' retrieved from /home/airflow/.local/lib/python3.8/site-packages/airflow/example_dags/example_xcomargs.py
[2024-01-30T16:29:55.137+0000] {logging_mixin.py:188} INFO - [2024-01-30T16:29:55.137+0000] {dag.py:3036} INFO - Sync 2 DAGs
[2024-01-30T16:29:55.150+0000] {logging_mixin.py:188} INFO - [2024-01-30T16:29:55.150+0000] {dag.py:3823} INFO - Setting next_dagrun for example_xcom_args to None, run_after=None
[2024-01-30T16:29:55.154+0000] {logging_mixin.py:188} INFO - [2024-01-30T16:29:55.153+0000] {dag.py:3823} INFO - Setting next_dagrun for example_xcom_args_with_operators to None, run_after=None
[2024-01-30T16:29:55.173+0000] {processor.py:183} INFO - Processing /home/airflow/.local/lib/python3.8/site-packages/airflow/example_dags/example_xcomargs.py took 0.073 seconds
[2024-01-30T16:30:25.920+0000] {processor.py:161} INFO - Started process (PID=495) to work on /home/airflow/.local/lib/python3.8/site-packages/airflow/example_dags/example_xcomargs.py
[2024-01-30T16:30:25.921+0000] {processor.py:830} INFO - Processing file /home/airflow/.local/lib/python3.8/site-packages/airflow/example_dags/example_xcomargs.py for tasks to queue
[2024-01-30T16:30:25.922+0000] {logging_mixin.py:188} INFO - [2024-01-30T16:30:25.922+0000] {dagbag.py:538} INFO - Filling up the DagBag from /home/airflow/.local/lib/python3.8/site-packages/airflow/example_dags/example_xcomargs.py
[2024-01-30T16:30:25.930+0000] {processor.py:840} INFO - DAG(s) 'example_xcom_args', 'example_xcom_args_with_operators' retrieved from /home/airflow/.local/lib/python3.8/site-packages/airflow/example_dags/example_xcomargs.py
[2024-01-30T16:30:25.952+0000] {logging_mixin.py:188} INFO - [2024-01-30T16:30:25.952+0000] {dag.py:3036} INFO - Sync 2 DAGs
[2024-01-30T16:30:25.964+0000] {logging_mixin.py:188} INFO - [2024-01-30T16:30:25.964+0000] {dag.py:3823} INFO - Setting next_dagrun for example_xcom_args to None, run_after=None
[2024-01-30T16:30:25.968+0000] {logging_mixin.py:188} INFO - [2024-01-30T16:30:25.967+0000] {dag.py:3823} INFO - Setting next_dagrun for example_xcom_args_with_operators to None, run_after=None
[2024-01-30T16:30:25.985+0000] {processor.py:183} INFO - Processing /home/airflow/.local/lib/python3.8/site-packages/airflow/example_dags/example_xcomargs.py took 0.068 seconds
[2024-01-30T16:30:56.222+0000] {processor.py:161} INFO - Started process (PID=550) to work on /home/airflow/.local/lib/python3.8/site-packages/airflow/example_dags/example_xcomargs.py
[2024-01-30T16:30:56.224+0000] {processor.py:830} INFO - Processing file /home/airflow/.local/lib/python3.8/site-packages/airflow/example_dags/example_xcomargs.py for tasks to queue
[2024-01-30T16:30:56.226+0000] {logging_mixin.py:188} INFO - [2024-01-30T16:30:56.226+0000] {dagbag.py:538} INFO - Filling up the DagBag from /home/airflow/.local/lib/python3.8/site-packages/airflow/example_dags/example_xcomargs.py
[2024-01-30T16:30:56.233+0000] {processor.py:840} INFO - DAG(s) 'example_xcom_args_with_operators', 'example_xcom_args' retrieved from /home/airflow/.local/lib/python3.8/site-packages/airflow/example_dags/example_xcomargs.py
[2024-01-30T16:30:56.258+0000] {logging_mixin.py:188} INFO - [2024-01-30T16:30:56.258+0000] {dag.py:3036} INFO - Sync 2 DAGs
[2024-01-30T16:30:56.271+0000] {logging_mixin.py:188} INFO - [2024-01-30T16:30:56.271+0000] {dag.py:3823} INFO - Setting next_dagrun for example_xcom_args to None, run_after=None
[2024-01-30T16:30:56.275+0000] {logging_mixin.py:188} INFO - [2024-01-30T16:30:56.274+0000] {dag.py:3823} INFO - Setting next_dagrun for example_xcom_args_with_operators to None, run_after=None
[2024-01-30T16:30:56.296+0000] {processor.py:183} INFO - Processing /home/airflow/.local/lib/python3.8/site-packages/airflow/example_dags/example_xcomargs.py took 0.076 seconds
[2024-01-30T16:31:26.577+0000] {processor.py:161} INFO - Started process (PID=605) to work on /home/airflow/.local/lib/python3.8/site-packages/airflow/example_dags/example_xcomargs.py
[2024-01-30T16:31:26.578+0000] {processor.py:830} INFO - Processing file /home/airflow/.local/lib/python3.8/site-packages/airflow/example_dags/example_xcomargs.py for tasks to queue
[2024-01-30T16:31:26.580+0000] {logging_mixin.py:188} INFO - [2024-01-30T16:31:26.580+0000] {dagbag.py:538} INFO - Filling up the DagBag from /home/airflow/.local/lib/python3.8/site-packages/airflow/example_dags/example_xcomargs.py
[2024-01-30T16:31:26.587+0000] {processor.py:840} INFO - DAG(s) 'example_xcom_args_with_operators', 'example_xcom_args' retrieved from /home/airflow/.local/lib/python3.8/site-packages/airflow/example_dags/example_xcomargs.py
[2024-01-30T16:31:26.609+0000] {logging_mixin.py:188} INFO - [2024-01-30T16:31:26.609+0000] {dag.py:3036} INFO - Sync 2 DAGs
[2024-01-30T16:31:26.621+0000] {logging_mixin.py:188} INFO - [2024-01-30T16:31:26.620+0000] {dag.py:3823} INFO - Setting next_dagrun for example_xcom_args to None, run_after=None
[2024-01-30T16:31:26.624+0000] {logging_mixin.py:188} INFO - [2024-01-30T16:31:26.624+0000] {dag.py:3823} INFO - Setting next_dagrun for example_xcom_args_with_operators to None, run_after=None
[2024-01-30T16:31:26.641+0000] {processor.py:183} INFO - Processing /home/airflow/.local/lib/python3.8/site-packages/airflow/example_dags/example_xcomargs.py took 0.066 seconds
[2024-01-30T16:31:56.897+0000] {processor.py:161} INFO - Started process (PID=660) to work on /home/airflow/.local/lib/python3.8/site-packages/airflow/example_dags/example_xcomargs.py
[2024-01-30T16:31:56.898+0000] {processor.py:830} INFO - Processing file /home/airflow/.local/lib/python3.8/site-packages/airflow/example_dags/example_xcomargs.py for tasks to queue
[2024-01-30T16:31:56.900+0000] {logging_mixin.py:188} INFO - [2024-01-30T16:31:56.899+0000] {dagbag.py:538} INFO - Filling up the DagBag from /home/airflow/.local/lib/python3.8/site-packages/airflow/example_dags/example_xcomargs.py
[2024-01-30T16:31:56.906+0000] {processor.py:840} INFO - DAG(s) 'example_xcom_args', 'example_xcom_args_with_operators' retrieved from /home/airflow/.local/lib/python3.8/site-packages/airflow/example_dags/example_xcomargs.py
[2024-01-30T16:31:56.927+0000] {logging_mixin.py:188} INFO - [2024-01-30T16:31:56.927+0000] {dag.py:3036} INFO - Sync 2 DAGs
[2024-01-30T16:31:56.938+0000] {logging_mixin.py:188} INFO - [2024-01-30T16:31:56.938+0000] {dag.py:3823} INFO - Setting next_dagrun for example_xcom_args to None, run_after=None
[2024-01-30T16:31:56.941+0000] {logging_mixin.py:188} INFO - [2024-01-30T16:31:56.941+0000] {dag.py:3823} INFO - Setting next_dagrun for example_xcom_args_with_operators to None, run_after=None
[2024-01-30T16:31:56.967+0000] {processor.py:183} INFO - Processing /home/airflow/.local/lib/python3.8/site-packages/airflow/example_dags/example_xcomargs.py took 0.073 seconds
[2024-01-30T16:32:27.088+0000] {processor.py:161} INFO - Started process (PID=715) to work on /home/airflow/.local/lib/python3.8/site-packages/airflow/example_dags/example_xcomargs.py
[2024-01-30T16:32:27.089+0000] {processor.py:830} INFO - Processing file /home/airflow/.local/lib/python3.8/site-packages/airflow/example_dags/example_xcomargs.py for tasks to queue
[2024-01-30T16:32:27.090+0000] {logging_mixin.py:188} INFO - [2024-01-30T16:32:27.090+0000] {dagbag.py:538} INFO - Filling up the DagBag from /home/airflow/.local/lib/python3.8/site-packages/airflow/example_dags/example_xcomargs.py
[2024-01-30T16:32:27.097+0000] {processor.py:840} INFO - DAG(s) 'example_xcom_args_with_operators', 'example_xcom_args' retrieved from /home/airflow/.local/lib/python3.8/site-packages/airflow/example_dags/example_xcomargs.py
[2024-01-30T16:32:27.119+0000] {logging_mixin.py:188} INFO - [2024-01-30T16:32:27.119+0000] {dag.py:3036} INFO - Sync 2 DAGs
[2024-01-30T16:32:27.130+0000] {logging_mixin.py:188} INFO - [2024-01-30T16:32:27.130+0000] {dag.py:3823} INFO - Setting next_dagrun for example_xcom_args to None, run_after=None
[2024-01-30T16:32:27.133+0000] {logging_mixin.py:188} INFO - [2024-01-30T16:32:27.133+0000] {dag.py:3823} INFO - Setting next_dagrun for example_xcom_args_with_operators to None, run_after=None
[2024-01-30T16:32:27.150+0000] {processor.py:183} INFO - Processing /home/airflow/.local/lib/python3.8/site-packages/airflow/example_dags/example_xcomargs.py took 0.065 seconds
[2024-01-30T16:32:57.431+0000] {processor.py:161} INFO - Started process (PID=770) to work on /home/airflow/.local/lib/python3.8/site-packages/airflow/example_dags/example_xcomargs.py
[2024-01-30T16:32:57.432+0000] {processor.py:830} INFO - Processing file /home/airflow/.local/lib/python3.8/site-packages/airflow/example_dags/example_xcomargs.py for tasks to queue
[2024-01-30T16:32:57.434+0000] {logging_mixin.py:188} INFO - [2024-01-30T16:32:57.434+0000] {dagbag.py:538} INFO - Filling up the DagBag from /home/airflow/.local/lib/python3.8/site-packages/airflow/example_dags/example_xcomargs.py
[2024-01-30T16:32:57.443+0000] {processor.py:840} INFO - DAG(s) 'example_xcom_args_with_operators', 'example_xcom_args' retrieved from /home/airflow/.local/lib/python3.8/site-packages/airflow/example_dags/example_xcomargs.py
[2024-01-30T16:32:57.468+0000] {logging_mixin.py:188} INFO - [2024-01-30T16:32:57.468+0000] {dag.py:3036} INFO - Sync 2 DAGs
[2024-01-30T16:32:57.481+0000] {logging_mixin.py:188} INFO - [2024-01-30T16:32:57.481+0000] {dag.py:3823} INFO - Setting next_dagrun for example_xcom_args to None, run_after=None
[2024-01-30T16:32:57.485+0000] {logging_mixin.py:188} INFO - [2024-01-30T16:32:57.485+0000] {dag.py:3823} INFO - Setting next_dagrun for example_xcom_args_with_operators to None, run_after=None
[2024-01-30T16:32:57.505+0000] {processor.py:183} INFO - Processing /home/airflow/.local/lib/python3.8/site-packages/airflow/example_dags/example_xcomargs.py took 0.078 seconds
[2024-01-30T16:33:27.729+0000] {processor.py:161} INFO - Started process (PID=825) to work on /home/airflow/.local/lib/python3.8/site-packages/airflow/example_dags/example_xcomargs.py
[2024-01-30T16:33:27.730+0000] {processor.py:830} INFO - Processing file /home/airflow/.local/lib/python3.8/site-packages/airflow/example_dags/example_xcomargs.py for tasks to queue
[2024-01-30T16:33:27.732+0000] {logging_mixin.py:188} INFO - [2024-01-30T16:33:27.731+0000] {dagbag.py:538} INFO - Filling up the DagBag from /home/airflow/.local/lib/python3.8/site-packages/airflow/example_dags/example_xcomargs.py
[2024-01-30T16:33:27.738+0000] {processor.py:840} INFO - DAG(s) 'example_xcom_args_with_operators', 'example_xcom_args' retrieved from /home/airflow/.local/lib/python3.8/site-packages/airflow/example_dags/example_xcomargs.py
[2024-01-30T16:33:27.760+0000] {logging_mixin.py:188} INFO - [2024-01-30T16:33:27.759+0000] {dag.py:3036} INFO - Sync 2 DAGs
[2024-01-30T16:33:27.771+0000] {logging_mixin.py:188} INFO - [2024-01-30T16:33:27.770+0000] {dag.py:3823} INFO - Setting next_dagrun for example_xcom_args to None, run_after=None
[2024-01-30T16:33:27.774+0000] {logging_mixin.py:188} INFO - [2024-01-30T16:33:27.774+0000] {dag.py:3823} INFO - Setting next_dagrun for example_xcom_args_with_operators to None, run_after=None
[2024-01-30T16:33:27.799+0000] {processor.py:183} INFO - Processing /home/airflow/.local/lib/python3.8/site-packages/airflow/example_dags/example_xcomargs.py took 0.073 seconds
[2024-01-30T16:33:58.112+0000] {processor.py:161} INFO - Started process (PID=880) to work on /home/airflow/.local/lib/python3.8/site-packages/airflow/example_dags/example_xcomargs.py
[2024-01-30T16:33:58.113+0000] {processor.py:830} INFO - Processing file /home/airflow/.local/lib/python3.8/site-packages/airflow/example_dags/example_xcomargs.py for tasks to queue
[2024-01-30T16:33:58.114+0000] {logging_mixin.py:188} INFO - [2024-01-30T16:33:58.114+0000] {dagbag.py:538} INFO - Filling up the DagBag from /home/airflow/.local/lib/python3.8/site-packages/airflow/example_dags/example_xcomargs.py
[2024-01-30T16:33:58.121+0000] {processor.py:840} INFO - DAG(s) 'example_xcom_args_with_operators', 'example_xcom_args' retrieved from /home/airflow/.local/lib/python3.8/site-packages/airflow/example_dags/example_xcomargs.py
[2024-01-30T16:33:58.144+0000] {logging_mixin.py:188} INFO - [2024-01-30T16:33:58.144+0000] {dag.py:3036} INFO - Sync 2 DAGs
[2024-01-30T16:33:58.155+0000] {logging_mixin.py:188} INFO - [2024-01-30T16:33:58.155+0000] {dag.py:3823} INFO - Setting next_dagrun for example_xcom_args to None, run_after=None
[2024-01-30T16:33:58.158+0000] {logging_mixin.py:188} INFO - [2024-01-30T16:33:58.158+0000] {dag.py:3823} INFO - Setting next_dagrun for example_xcom_args_with_operators to None, run_after=None
[2024-01-30T16:33:58.174+0000] {processor.py:183} INFO - Processing /home/airflow/.local/lib/python3.8/site-packages/airflow/example_dags/example_xcomargs.py took 0.065 seconds
[2024-01-30T16:34:28.505+0000] {processor.py:161} INFO - Started process (PID=935) to work on /home/airflow/.local/lib/python3.8/site-packages/airflow/example_dags/example_xcomargs.py
[2024-01-30T16:34:28.506+0000] {processor.py:830} INFO - Processing file /home/airflow/.local/lib/python3.8/site-packages/airflow/example_dags/example_xcomargs.py for tasks to queue
[2024-01-30T16:34:28.507+0000] {logging_mixin.py:188} INFO - [2024-01-30T16:34:28.507+0000] {dagbag.py:538} INFO - Filling up the DagBag from /home/airflow/.local/lib/python3.8/site-packages/airflow/example_dags/example_xcomargs.py
[2024-01-30T16:34:28.516+0000] {processor.py:840} INFO - DAG(s) 'example_xcom_args_with_operators', 'example_xcom_args' retrieved from /home/airflow/.local/lib/python3.8/site-packages/airflow/example_dags/example_xcomargs.py
[2024-01-30T16:34:28.540+0000] {logging_mixin.py:188} INFO - [2024-01-30T16:34:28.540+0000] {dag.py:3036} INFO - Sync 2 DAGs
[2024-01-30T16:34:28.553+0000] {logging_mixin.py:188} INFO - [2024-01-30T16:34:28.553+0000] {dag.py:3823} INFO - Setting next_dagrun for example_xcom_args to None, run_after=None
[2024-01-30T16:34:28.557+0000] {logging_mixin.py:188} INFO - [2024-01-30T16:34:28.557+0000] {dag.py:3823} INFO - Setting next_dagrun for example_xcom_args_with_operators to None, run_after=None
[2024-01-30T16:34:28.577+0000] {processor.py:183} INFO - Processing /home/airflow/.local/lib/python3.8/site-packages/airflow/example_dags/example_xcomargs.py took 0.075 seconds
[2024-01-30T16:34:58.836+0000] {processor.py:161} INFO - Started process (PID=990) to work on /home/airflow/.local/lib/python3.8/site-packages/airflow/example_dags/example_xcomargs.py
[2024-01-30T16:34:58.838+0000] {processor.py:830} INFO - Processing file /home/airflow/.local/lib/python3.8/site-packages/airflow/example_dags/example_xcomargs.py for tasks to queue
[2024-01-30T16:34:58.840+0000] {logging_mixin.py:188} INFO - [2024-01-30T16:34:58.839+0000] {dagbag.py:538} INFO - Filling up the DagBag from /home/airflow/.local/lib/python3.8/site-packages/airflow/example_dags/example_xcomargs.py
[2024-01-30T16:34:58.847+0000] {processor.py:840} INFO - DAG(s) 'example_xcom_args', 'example_xcom_args_with_operators' retrieved from /home/airflow/.local/lib/python3.8/site-packages/airflow/example_dags/example_xcomargs.py
[2024-01-30T16:34:58.870+0000] {logging_mixin.py:188} INFO - [2024-01-30T16:34:58.870+0000] {dag.py:3036} INFO - Sync 2 DAGs
[2024-01-30T16:34:58.882+0000] {logging_mixin.py:188} INFO - [2024-01-30T16:34:58.881+0000] {dag.py:3823} INFO - Setting next_dagrun for example_xcom_args to None, run_after=None
[2024-01-30T16:34:58.885+0000] {logging_mixin.py:188} INFO - [2024-01-30T16:34:58.885+0000] {dag.py:3823} INFO - Setting next_dagrun for example_xcom_args_with_operators to None, run_after=None
[2024-01-30T16:34:58.903+0000] {processor.py:183} INFO - Processing /home/airflow/.local/lib/python3.8/site-packages/airflow/example_dags/example_xcomargs.py took 0.069 seconds
[2024-01-30T16:35:29.016+0000] {processor.py:161} INFO - Started process (PID=1045) to work on /home/airflow/.local/lib/python3.8/site-packages/airflow/example_dags/example_xcomargs.py
[2024-01-30T16:35:29.017+0000] {processor.py:830} INFO - Processing file /home/airflow/.local/lib/python3.8/site-packages/airflow/example_dags/example_xcomargs.py for tasks to queue
[2024-01-30T16:35:29.019+0000] {logging_mixin.py:188} INFO - [2024-01-30T16:35:29.019+0000] {dagbag.py:538} INFO - Filling up the DagBag from /home/airflow/.local/lib/python3.8/site-packages/airflow/example_dags/example_xcomargs.py
[2024-01-30T16:35:29.026+0000] {processor.py:840} INFO - DAG(s) 'example_xcom_args_with_operators', 'example_xcom_args' retrieved from /home/airflow/.local/lib/python3.8/site-packages/airflow/example_dags/example_xcomargs.py
[2024-01-30T16:35:29.047+0000] {logging_mixin.py:188} INFO - [2024-01-30T16:35:29.047+0000] {dag.py:3036} INFO - Sync 2 DAGs
[2024-01-30T16:35:29.058+0000] {logging_mixin.py:188} INFO - [2024-01-30T16:35:29.058+0000] {dag.py:3823} INFO - Setting next_dagrun for example_xcom_args to None, run_after=None
[2024-01-30T16:35:29.061+0000] {logging_mixin.py:188} INFO - [2024-01-30T16:35:29.061+0000] {dag.py:3823} INFO - Setting next_dagrun for example_xcom_args_with_operators to None, run_after=None
[2024-01-30T16:35:29.078+0000] {processor.py:183} INFO - Processing /home/airflow/.local/lib/python3.8/site-packages/airflow/example_dags/example_xcomargs.py took 0.064 seconds
[2024-01-30T16:35:59.178+0000] {processor.py:161} INFO - Started process (PID=1100) to work on /home/airflow/.local/lib/python3.8/site-packages/airflow/example_dags/example_xcomargs.py
[2024-01-30T16:35:59.179+0000] {processor.py:830} INFO - Processing file /home/airflow/.local/lib/python3.8/site-packages/airflow/example_dags/example_xcomargs.py for tasks to queue
[2024-01-30T16:35:59.181+0000] {logging_mixin.py:188} INFO - [2024-01-30T16:35:59.180+0000] {dagbag.py:538} INFO - Filling up the DagBag from /home/airflow/.local/lib/python3.8/site-packages/airflow/example_dags/example_xcomargs.py
[2024-01-30T16:35:59.187+0000] {processor.py:840} INFO - DAG(s) 'example_xcom_args_with_operators', 'example_xcom_args' retrieved from /home/airflow/.local/lib/python3.8/site-packages/airflow/example_dags/example_xcomargs.py
[2024-01-30T16:35:59.208+0000] {logging_mixin.py:188} INFO - [2024-01-30T16:35:59.208+0000] {dag.py:3036} INFO - Sync 2 DAGs
[2024-01-30T16:35:59.219+0000] {logging_mixin.py:188} INFO - [2024-01-30T16:35:59.219+0000] {dag.py:3823} INFO - Setting next_dagrun for example_xcom_args to None, run_after=None
[2024-01-30T16:35:59.222+0000] {logging_mixin.py:188} INFO - [2024-01-30T16:35:59.222+0000] {dag.py:3823} INFO - Setting next_dagrun for example_xcom_args_with_operators to None, run_after=None
[2024-01-30T16:35:59.239+0000] {processor.py:183} INFO - Processing /home/airflow/.local/lib/python3.8/site-packages/airflow/example_dags/example_xcomargs.py took 0.064 seconds
[2024-01-30T16:36:30.151+0000] {processor.py:161} INFO - Started process (PID=1155) to work on /home/airflow/.local/lib/python3.8/site-packages/airflow/example_dags/example_xcomargs.py
[2024-01-30T16:36:30.152+0000] {processor.py:830} INFO - Processing file /home/airflow/.local/lib/python3.8/site-packages/airflow/example_dags/example_xcomargs.py for tasks to queue
[2024-01-30T16:36:30.154+0000] {logging_mixin.py:188} INFO - [2024-01-30T16:36:30.154+0000] {dagbag.py:538} INFO - Filling up the DagBag from /home/airflow/.local/lib/python3.8/site-packages/airflow/example_dags/example_xcomargs.py
[2024-01-30T16:36:30.162+0000] {processor.py:840} INFO - DAG(s) 'example_xcom_args', 'example_xcom_args_with_operators' retrieved from /home/airflow/.local/lib/python3.8/site-packages/airflow/example_dags/example_xcomargs.py
[2024-01-30T16:36:30.184+0000] {logging_mixin.py:188} INFO - [2024-01-30T16:36:30.184+0000] {dag.py:3036} INFO - Sync 2 DAGs
[2024-01-30T16:36:30.196+0000] {logging_mixin.py:188} INFO - [2024-01-30T16:36:30.196+0000] {dag.py:3823} INFO - Setting next_dagrun for example_xcom_args to None, run_after=None
[2024-01-30T16:36:30.200+0000] {logging_mixin.py:188} INFO - [2024-01-30T16:36:30.199+0000] {dag.py:3823} INFO - Setting next_dagrun for example_xcom_args_with_operators to None, run_after=None
[2024-01-30T16:36:30.217+0000] {processor.py:183} INFO - Processing /home/airflow/.local/lib/python3.8/site-packages/airflow/example_dags/example_xcomargs.py took 0.068 seconds
[2024-01-30T16:37:00.290+0000] {processor.py:161} INFO - Started process (PID=1210) to work on /home/airflow/.local/lib/python3.8/site-packages/airflow/example_dags/example_xcomargs.py
[2024-01-30T16:37:00.291+0000] {processor.py:830} INFO - Processing file /home/airflow/.local/lib/python3.8/site-packages/airflow/example_dags/example_xcomargs.py for tasks to queue
[2024-01-30T16:37:00.293+0000] {logging_mixin.py:188} INFO - [2024-01-30T16:37:00.293+0000] {dagbag.py:538} INFO - Filling up the DagBag from /home/airflow/.local/lib/python3.8/site-packages/airflow/example_dags/example_xcomargs.py
[2024-01-30T16:37:00.300+0000] {processor.py:840} INFO - DAG(s) 'example_xcom_args_with_operators', 'example_xcom_args' retrieved from /home/airflow/.local/lib/python3.8/site-packages/airflow/example_dags/example_xcomargs.py
[2024-01-30T16:37:00.321+0000] {logging_mixin.py:188} INFO - [2024-01-30T16:37:00.321+0000] {dag.py:3036} INFO - Sync 2 DAGs
[2024-01-30T16:37:00.333+0000] {logging_mixin.py:188} INFO - [2024-01-30T16:37:00.332+0000] {dag.py:3823} INFO - Setting next_dagrun for example_xcom_args to None, run_after=None
[2024-01-30T16:37:00.336+0000] {logging_mixin.py:188} INFO - [2024-01-30T16:37:00.336+0000] {dag.py:3823} INFO - Setting next_dagrun for example_xcom_args_with_operators to None, run_after=None
[2024-01-30T16:37:00.353+0000] {processor.py:183} INFO - Processing /home/airflow/.local/lib/python3.8/site-packages/airflow/example_dags/example_xcomargs.py took 0.066 seconds
[2024-01-30T16:37:31.151+0000] {processor.py:161} INFO - Started process (PID=1265) to work on /home/airflow/.local/lib/python3.8/site-packages/airflow/example_dags/example_xcomargs.py
[2024-01-30T16:37:31.153+0000] {processor.py:830} INFO - Processing file /home/airflow/.local/lib/python3.8/site-packages/airflow/example_dags/example_xcomargs.py for tasks to queue
[2024-01-30T16:37:31.154+0000] {logging_mixin.py:188} INFO - [2024-01-30T16:37:31.154+0000] {dagbag.py:538} INFO - Filling up the DagBag from /home/airflow/.local/lib/python3.8/site-packages/airflow/example_dags/example_xcomargs.py
[2024-01-30T16:37:31.162+0000] {processor.py:840} INFO - DAG(s) 'example_xcom_args', 'example_xcom_args_with_operators' retrieved from /home/airflow/.local/lib/python3.8/site-packages/airflow/example_dags/example_xcomargs.py
[2024-01-30T16:37:31.184+0000] {logging_mixin.py:188} INFO - [2024-01-30T16:37:31.184+0000] {dag.py:3036} INFO - Sync 2 DAGs
[2024-01-30T16:37:31.196+0000] {logging_mixin.py:188} INFO - [2024-01-30T16:37:31.196+0000] {dag.py:3823} INFO - Setting next_dagrun for example_xcom_args to None, run_after=None
[2024-01-30T16:37:31.200+0000] {logging_mixin.py:188} INFO - [2024-01-30T16:37:31.200+0000] {dag.py:3823} INFO - Setting next_dagrun for example_xcom_args_with_operators to None, run_after=None
[2024-01-30T16:37:31.216+0000] {processor.py:183} INFO - Processing /home/airflow/.local/lib/python3.8/site-packages/airflow/example_dags/example_xcomargs.py took 0.068 seconds
