[2024-01-30T16:16:25.071+0000] {processor.py:161} INFO - Started process (PID=46) to work on /home/airflow/.local/lib/python3.8/site-packages/airflow/example_dags/example_short_circuit_operator.py
[2024-01-30T16:16:25.072+0000] {processor.py:830} INFO - Processing file /home/airflow/.local/lib/python3.8/site-packages/airflow/example_dags/example_short_circuit_operator.py for tasks to queue
[2024-01-30T16:16:25.074+0000] {logging_mixin.py:188} INFO - [2024-01-30T16:16:25.074+0000] {dagbag.py:538} INFO - Filling up the DagBag from /home/airflow/.local/lib/python3.8/site-packages/airflow/example_dags/example_short_circuit_operator.py
[2024-01-30T16:16:25.085+0000] {processor.py:840} INFO - DAG(s) 'example_short_circuit_operator' retrieved from /home/airflow/.local/lib/python3.8/site-packages/airflow/example_dags/example_short_circuit_operator.py
[2024-01-30T16:16:25.097+0000] {logging_mixin.py:188} INFO - [2024-01-30T16:16:25.097+0000] {dag.py:3036} INFO - Sync 1 DAGs
[2024-01-30T16:16:25.125+0000] {logging_mixin.py:188} INFO - [2024-01-30T16:16:25.125+0000] {dag.py:3823} INFO - Setting next_dagrun for example_short_circuit_operator to 2024-01-29 00:00:00+00:00, run_after=2024-01-30 00:00:00+00:00
[2024-01-30T16:16:25.146+0000] {processor.py:183} INFO - Processing /home/airflow/.local/lib/python3.8/site-packages/airflow/example_dags/example_short_circuit_operator.py took 0.079 seconds
[2024-01-30T16:16:56.161+0000] {processor.py:161} INFO - Started process (PID=101) to work on /home/airflow/.local/lib/python3.8/site-packages/airflow/example_dags/example_short_circuit_operator.py
[2024-01-30T16:16:56.162+0000] {processor.py:830} INFO - Processing file /home/airflow/.local/lib/python3.8/site-packages/airflow/example_dags/example_short_circuit_operator.py for tasks to queue
[2024-01-30T16:16:56.164+0000] {logging_mixin.py:188} INFO - [2024-01-30T16:16:56.163+0000] {dagbag.py:538} INFO - Filling up the DagBag from /home/airflow/.local/lib/python3.8/site-packages/airflow/example_dags/example_short_circuit_operator.py
[2024-01-30T16:16:56.171+0000] {processor.py:840} INFO - DAG(s) 'example_short_circuit_operator' retrieved from /home/airflow/.local/lib/python3.8/site-packages/airflow/example_dags/example_short_circuit_operator.py
[2024-01-30T16:16:56.268+0000] {logging_mixin.py:188} INFO - [2024-01-30T16:16:56.268+0000] {dag.py:3036} INFO - Sync 1 DAGs
[2024-01-30T16:16:56.286+0000] {logging_mixin.py:188} INFO - [2024-01-30T16:16:56.285+0000] {dag.py:3823} INFO - Setting next_dagrun for example_short_circuit_operator to 2024-01-29 00:00:00+00:00, run_after=2024-01-30 00:00:00+00:00
[2024-01-30T16:16:56.304+0000] {processor.py:183} INFO - Processing /home/airflow/.local/lib/python3.8/site-packages/airflow/example_dags/example_short_circuit_operator.py took 0.146 seconds
[2024-01-30T16:17:26.332+0000] {processor.py:161} INFO - Started process (PID=156) to work on /home/airflow/.local/lib/python3.8/site-packages/airflow/example_dags/example_short_circuit_operator.py
[2024-01-30T16:17:26.333+0000] {processor.py:830} INFO - Processing file /home/airflow/.local/lib/python3.8/site-packages/airflow/example_dags/example_short_circuit_operator.py for tasks to queue
[2024-01-30T16:17:26.335+0000] {logging_mixin.py:188} INFO - [2024-01-30T16:17:26.334+0000] {dagbag.py:538} INFO - Filling up the DagBag from /home/airflow/.local/lib/python3.8/site-packages/airflow/example_dags/example_short_circuit_operator.py
[2024-01-30T16:17:26.342+0000] {processor.py:840} INFO - DAG(s) 'example_short_circuit_operator' retrieved from /home/airflow/.local/lib/python3.8/site-packages/airflow/example_dags/example_short_circuit_operator.py
[2024-01-30T16:17:26.364+0000] {logging_mixin.py:188} INFO - [2024-01-30T16:17:26.363+0000] {dag.py:3036} INFO - Sync 1 DAGs
[2024-01-30T16:17:26.383+0000] {logging_mixin.py:188} INFO - [2024-01-30T16:17:26.383+0000] {dag.py:3823} INFO - Setting next_dagrun for example_short_circuit_operator to 2024-01-29 00:00:00+00:00, run_after=2024-01-30 00:00:00+00:00
[2024-01-30T16:17:26.401+0000] {processor.py:183} INFO - Processing /home/airflow/.local/lib/python3.8/site-packages/airflow/example_dags/example_short_circuit_operator.py took 0.071 seconds
[2024-01-30T16:17:57.384+0000] {processor.py:161} INFO - Started process (PID=211) to work on /home/airflow/.local/lib/python3.8/site-packages/airflow/example_dags/example_short_circuit_operator.py
[2024-01-30T16:17:57.385+0000] {processor.py:830} INFO - Processing file /home/airflow/.local/lib/python3.8/site-packages/airflow/example_dags/example_short_circuit_operator.py for tasks to queue
[2024-01-30T16:17:57.387+0000] {logging_mixin.py:188} INFO - [2024-01-30T16:17:57.386+0000] {dagbag.py:538} INFO - Filling up the DagBag from /home/airflow/.local/lib/python3.8/site-packages/airflow/example_dags/example_short_circuit_operator.py
[2024-01-30T16:17:57.395+0000] {processor.py:840} INFO - DAG(s) 'example_short_circuit_operator' retrieved from /home/airflow/.local/lib/python3.8/site-packages/airflow/example_dags/example_short_circuit_operator.py
[2024-01-30T16:17:57.419+0000] {logging_mixin.py:188} INFO - [2024-01-30T16:17:57.419+0000] {dag.py:3036} INFO - Sync 1 DAGs
[2024-01-30T16:17:57.437+0000] {logging_mixin.py:188} INFO - [2024-01-30T16:17:57.437+0000] {dag.py:3823} INFO - Setting next_dagrun for example_short_circuit_operator to 2024-01-29 00:00:00+00:00, run_after=2024-01-30 00:00:00+00:00
[2024-01-30T16:17:57.455+0000] {processor.py:183} INFO - Processing /home/airflow/.local/lib/python3.8/site-packages/airflow/example_dags/example_short_circuit_operator.py took 0.074 seconds
[2024-01-30T16:18:27.655+0000] {processor.py:161} INFO - Started process (PID=266) to work on /home/airflow/.local/lib/python3.8/site-packages/airflow/example_dags/example_short_circuit_operator.py
[2024-01-30T16:18:27.655+0000] {processor.py:830} INFO - Processing file /home/airflow/.local/lib/python3.8/site-packages/airflow/example_dags/example_short_circuit_operator.py for tasks to queue
[2024-01-30T16:18:27.657+0000] {logging_mixin.py:188} INFO - [2024-01-30T16:18:27.657+0000] {dagbag.py:538} INFO - Filling up the DagBag from /home/airflow/.local/lib/python3.8/site-packages/airflow/example_dags/example_short_circuit_operator.py
[2024-01-30T16:18:27.664+0000] {processor.py:840} INFO - DAG(s) 'example_short_circuit_operator' retrieved from /home/airflow/.local/lib/python3.8/site-packages/airflow/example_dags/example_short_circuit_operator.py
[2024-01-30T16:18:27.686+0000] {logging_mixin.py:188} INFO - [2024-01-30T16:18:27.686+0000] {dag.py:3036} INFO - Sync 1 DAGs
[2024-01-30T16:18:27.705+0000] {logging_mixin.py:188} INFO - [2024-01-30T16:18:27.704+0000] {dag.py:3823} INFO - Setting next_dagrun for example_short_circuit_operator to 2024-01-29 00:00:00+00:00, run_after=2024-01-30 00:00:00+00:00
[2024-01-30T16:18:27.722+0000] {processor.py:183} INFO - Processing /home/airflow/.local/lib/python3.8/site-packages/airflow/example_dags/example_short_circuit_operator.py took 0.070 seconds
[2024-01-30T16:18:58.230+0000] {processor.py:161} INFO - Started process (PID=321) to work on /home/airflow/.local/lib/python3.8/site-packages/airflow/example_dags/example_short_circuit_operator.py
[2024-01-30T16:18:58.231+0000] {processor.py:830} INFO - Processing file /home/airflow/.local/lib/python3.8/site-packages/airflow/example_dags/example_short_circuit_operator.py for tasks to queue
[2024-01-30T16:18:58.233+0000] {logging_mixin.py:188} INFO - [2024-01-30T16:18:58.232+0000] {dagbag.py:538} INFO - Filling up the DagBag from /home/airflow/.local/lib/python3.8/site-packages/airflow/example_dags/example_short_circuit_operator.py
[2024-01-30T16:18:58.240+0000] {processor.py:840} INFO - DAG(s) 'example_short_circuit_operator' retrieved from /home/airflow/.local/lib/python3.8/site-packages/airflow/example_dags/example_short_circuit_operator.py
[2024-01-30T16:18:58.262+0000] {logging_mixin.py:188} INFO - [2024-01-30T16:18:58.262+0000] {dag.py:3036} INFO - Sync 1 DAGs
[2024-01-30T16:18:58.280+0000] {logging_mixin.py:188} INFO - [2024-01-30T16:18:58.280+0000] {dag.py:3823} INFO - Setting next_dagrun for example_short_circuit_operator to 2024-01-29 00:00:00+00:00, run_after=2024-01-30 00:00:00+00:00
[2024-01-30T16:18:58.299+0000] {processor.py:183} INFO - Processing /home/airflow/.local/lib/python3.8/site-packages/airflow/example_dags/example_short_circuit_operator.py took 0.072 seconds
[2024-01-30T16:19:28.839+0000] {processor.py:161} INFO - Started process (PID=376) to work on /home/airflow/.local/lib/python3.8/site-packages/airflow/example_dags/example_short_circuit_operator.py
[2024-01-30T16:19:28.840+0000] {processor.py:830} INFO - Processing file /home/airflow/.local/lib/python3.8/site-packages/airflow/example_dags/example_short_circuit_operator.py for tasks to queue
[2024-01-30T16:19:28.841+0000] {logging_mixin.py:188} INFO - [2024-01-30T16:19:28.841+0000] {dagbag.py:538} INFO - Filling up the DagBag from /home/airflow/.local/lib/python3.8/site-packages/airflow/example_dags/example_short_circuit_operator.py
[2024-01-30T16:19:28.848+0000] {processor.py:840} INFO - DAG(s) 'example_short_circuit_operator' retrieved from /home/airflow/.local/lib/python3.8/site-packages/airflow/example_dags/example_short_circuit_operator.py
[2024-01-30T16:19:28.870+0000] {logging_mixin.py:188} INFO - [2024-01-30T16:19:28.869+0000] {dag.py:3036} INFO - Sync 1 DAGs
[2024-01-30T16:19:28.888+0000] {logging_mixin.py:188} INFO - [2024-01-30T16:19:28.888+0000] {dag.py:3823} INFO - Setting next_dagrun for example_short_circuit_operator to 2024-01-29 00:00:00+00:00, run_after=2024-01-30 00:00:00+00:00
[2024-01-30T16:19:28.905+0000] {processor.py:183} INFO - Processing /home/airflow/.local/lib/python3.8/site-packages/airflow/example_dags/example_short_circuit_operator.py took 0.069 seconds
[2024-01-30T16:19:59.445+0000] {processor.py:161} INFO - Started process (PID=431) to work on /home/airflow/.local/lib/python3.8/site-packages/airflow/example_dags/example_short_circuit_operator.py
[2024-01-30T16:19:59.446+0000] {processor.py:830} INFO - Processing file /home/airflow/.local/lib/python3.8/site-packages/airflow/example_dags/example_short_circuit_operator.py for tasks to queue
[2024-01-30T16:19:59.448+0000] {logging_mixin.py:188} INFO - [2024-01-30T16:19:59.448+0000] {dagbag.py:538} INFO - Filling up the DagBag from /home/airflow/.local/lib/python3.8/site-packages/airflow/example_dags/example_short_circuit_operator.py
[2024-01-30T16:19:59.455+0000] {processor.py:840} INFO - DAG(s) 'example_short_circuit_operator' retrieved from /home/airflow/.local/lib/python3.8/site-packages/airflow/example_dags/example_short_circuit_operator.py
[2024-01-30T16:19:59.476+0000] {logging_mixin.py:188} INFO - [2024-01-30T16:19:59.476+0000] {dag.py:3036} INFO - Sync 1 DAGs
[2024-01-30T16:19:59.495+0000] {logging_mixin.py:188} INFO - [2024-01-30T16:19:59.494+0000] {dag.py:3823} INFO - Setting next_dagrun for example_short_circuit_operator to 2024-01-29 00:00:00+00:00, run_after=2024-01-30 00:00:00+00:00
[2024-01-30T16:19:59.519+0000] {processor.py:183} INFO - Processing /home/airflow/.local/lib/python3.8/site-packages/airflow/example_dags/example_short_circuit_operator.py took 0.077 seconds
[2024-01-30T16:20:30.209+0000] {processor.py:161} INFO - Started process (PID=486) to work on /home/airflow/.local/lib/python3.8/site-packages/airflow/example_dags/example_short_circuit_operator.py
[2024-01-30T16:20:30.210+0000] {processor.py:830} INFO - Processing file /home/airflow/.local/lib/python3.8/site-packages/airflow/example_dags/example_short_circuit_operator.py for tasks to queue
[2024-01-30T16:20:30.212+0000] {logging_mixin.py:188} INFO - [2024-01-30T16:20:30.211+0000] {dagbag.py:538} INFO - Filling up the DagBag from /home/airflow/.local/lib/python3.8/site-packages/airflow/example_dags/example_short_circuit_operator.py
[2024-01-30T16:20:30.219+0000] {processor.py:840} INFO - DAG(s) 'example_short_circuit_operator' retrieved from /home/airflow/.local/lib/python3.8/site-packages/airflow/example_dags/example_short_circuit_operator.py
[2024-01-30T16:20:30.241+0000] {logging_mixin.py:188} INFO - [2024-01-30T16:20:30.241+0000] {dag.py:3036} INFO - Sync 1 DAGs
[2024-01-30T16:20:30.259+0000] {logging_mixin.py:188} INFO - [2024-01-30T16:20:30.259+0000] {dag.py:3823} INFO - Setting next_dagrun for example_short_circuit_operator to 2024-01-29 00:00:00+00:00, run_after=2024-01-30 00:00:00+00:00
[2024-01-30T16:20:30.285+0000] {processor.py:183} INFO - Processing /home/airflow/.local/lib/python3.8/site-packages/airflow/example_dags/example_short_circuit_operator.py took 0.078 seconds
[2024-01-30T16:21:00.909+0000] {processor.py:161} INFO - Started process (PID=541) to work on /home/airflow/.local/lib/python3.8/site-packages/airflow/example_dags/example_short_circuit_operator.py
[2024-01-30T16:21:00.910+0000] {processor.py:830} INFO - Processing file /home/airflow/.local/lib/python3.8/site-packages/airflow/example_dags/example_short_circuit_operator.py for tasks to queue
[2024-01-30T16:21:00.912+0000] {logging_mixin.py:188} INFO - [2024-01-30T16:21:00.912+0000] {dagbag.py:538} INFO - Filling up the DagBag from /home/airflow/.local/lib/python3.8/site-packages/airflow/example_dags/example_short_circuit_operator.py
[2024-01-30T16:21:00.920+0000] {processor.py:840} INFO - DAG(s) 'example_short_circuit_operator' retrieved from /home/airflow/.local/lib/python3.8/site-packages/airflow/example_dags/example_short_circuit_operator.py
[2024-01-30T16:21:00.943+0000] {logging_mixin.py:188} INFO - [2024-01-30T16:21:00.943+0000] {dag.py:3036} INFO - Sync 1 DAGs
[2024-01-30T16:21:00.964+0000] {logging_mixin.py:188} INFO - [2024-01-30T16:21:00.964+0000] {dag.py:3823} INFO - Setting next_dagrun for example_short_circuit_operator to 2024-01-29 00:00:00+00:00, run_after=2024-01-30 00:00:00+00:00
[2024-01-30T16:21:00.984+0000] {processor.py:183} INFO - Processing /home/airflow/.local/lib/python3.8/site-packages/airflow/example_dags/example_short_circuit_operator.py took 0.077 seconds
[2024-01-30T16:21:31.172+0000] {processor.py:161} INFO - Started process (PID=596) to work on /home/airflow/.local/lib/python3.8/site-packages/airflow/example_dags/example_short_circuit_operator.py
[2024-01-30T16:21:31.173+0000] {processor.py:830} INFO - Processing file /home/airflow/.local/lib/python3.8/site-packages/airflow/example_dags/example_short_circuit_operator.py for tasks to queue
[2024-01-30T16:21:31.175+0000] {logging_mixin.py:188} INFO - [2024-01-30T16:21:31.174+0000] {dagbag.py:538} INFO - Filling up the DagBag from /home/airflow/.local/lib/python3.8/site-packages/airflow/example_dags/example_short_circuit_operator.py
[2024-01-30T16:21:31.182+0000] {processor.py:840} INFO - DAG(s) 'example_short_circuit_operator' retrieved from /home/airflow/.local/lib/python3.8/site-packages/airflow/example_dags/example_short_circuit_operator.py
[2024-01-30T16:21:31.204+0000] {logging_mixin.py:188} INFO - [2024-01-30T16:21:31.204+0000] {dag.py:3036} INFO - Sync 1 DAGs
[2024-01-30T16:21:31.223+0000] {logging_mixin.py:188} INFO - [2024-01-30T16:21:31.223+0000] {dag.py:3823} INFO - Setting next_dagrun for example_short_circuit_operator to 2024-01-29 00:00:00+00:00, run_after=2024-01-30 00:00:00+00:00
[2024-01-30T16:21:31.240+0000] {processor.py:183} INFO - Processing /home/airflow/.local/lib/python3.8/site-packages/airflow/example_dags/example_short_circuit_operator.py took 0.070 seconds
[2024-01-30T16:22:01.343+0000] {processor.py:161} INFO - Started process (PID=651) to work on /home/airflow/.local/lib/python3.8/site-packages/airflow/example_dags/example_short_circuit_operator.py
[2024-01-30T16:22:01.344+0000] {processor.py:830} INFO - Processing file /home/airflow/.local/lib/python3.8/site-packages/airflow/example_dags/example_short_circuit_operator.py for tasks to queue
[2024-01-30T16:22:01.346+0000] {logging_mixin.py:188} INFO - [2024-01-30T16:22:01.345+0000] {dagbag.py:538} INFO - Filling up the DagBag from /home/airflow/.local/lib/python3.8/site-packages/airflow/example_dags/example_short_circuit_operator.py
[2024-01-30T16:22:01.353+0000] {processor.py:840} INFO - DAG(s) 'example_short_circuit_operator' retrieved from /home/airflow/.local/lib/python3.8/site-packages/airflow/example_dags/example_short_circuit_operator.py
[2024-01-30T16:22:01.377+0000] {logging_mixin.py:188} INFO - [2024-01-30T16:22:01.377+0000] {dag.py:3036} INFO - Sync 1 DAGs
[2024-01-30T16:22:01.396+0000] {logging_mixin.py:188} INFO - [2024-01-30T16:22:01.396+0000] {dag.py:3823} INFO - Setting next_dagrun for example_short_circuit_operator to 2024-01-29 00:00:00+00:00, run_after=2024-01-30 00:00:00+00:00
[2024-01-30T16:22:01.414+0000] {processor.py:183} INFO - Processing /home/airflow/.local/lib/python3.8/site-packages/airflow/example_dags/example_short_circuit_operator.py took 0.074 seconds
[2024-01-30T16:22:31.555+0000] {processor.py:161} INFO - Started process (PID=706) to work on /home/airflow/.local/lib/python3.8/site-packages/airflow/example_dags/example_short_circuit_operator.py
[2024-01-30T16:22:31.556+0000] {processor.py:830} INFO - Processing file /home/airflow/.local/lib/python3.8/site-packages/airflow/example_dags/example_short_circuit_operator.py for tasks to queue
[2024-01-30T16:22:31.558+0000] {logging_mixin.py:188} INFO - [2024-01-30T16:22:31.557+0000] {dagbag.py:538} INFO - Filling up the DagBag from /home/airflow/.local/lib/python3.8/site-packages/airflow/example_dags/example_short_circuit_operator.py
[2024-01-30T16:22:31.565+0000] {processor.py:840} INFO - DAG(s) 'example_short_circuit_operator' retrieved from /home/airflow/.local/lib/python3.8/site-packages/airflow/example_dags/example_short_circuit_operator.py
[2024-01-30T16:22:31.588+0000] {logging_mixin.py:188} INFO - [2024-01-30T16:22:31.588+0000] {dag.py:3036} INFO - Sync 1 DAGs
[2024-01-30T16:22:31.608+0000] {logging_mixin.py:188} INFO - [2024-01-30T16:22:31.607+0000] {dag.py:3823} INFO - Setting next_dagrun for example_short_circuit_operator to 2024-01-29 00:00:00+00:00, run_after=2024-01-30 00:00:00+00:00
[2024-01-30T16:22:31.627+0000] {processor.py:183} INFO - Processing /home/airflow/.local/lib/python3.8/site-packages/airflow/example_dags/example_short_circuit_operator.py took 0.075 seconds
[2024-01-30T16:23:01.805+0000] {processor.py:161} INFO - Started process (PID=761) to work on /home/airflow/.local/lib/python3.8/site-packages/airflow/example_dags/example_short_circuit_operator.py
[2024-01-30T16:23:01.806+0000] {processor.py:830} INFO - Processing file /home/airflow/.local/lib/python3.8/site-packages/airflow/example_dags/example_short_circuit_operator.py for tasks to queue
[2024-01-30T16:23:01.808+0000] {logging_mixin.py:188} INFO - [2024-01-30T16:23:01.808+0000] {dagbag.py:538} INFO - Filling up the DagBag from /home/airflow/.local/lib/python3.8/site-packages/airflow/example_dags/example_short_circuit_operator.py
[2024-01-30T16:23:01.815+0000] {processor.py:840} INFO - DAG(s) 'example_short_circuit_operator' retrieved from /home/airflow/.local/lib/python3.8/site-packages/airflow/example_dags/example_short_circuit_operator.py
[2024-01-30T16:23:01.837+0000] {logging_mixin.py:188} INFO - [2024-01-30T16:23:01.837+0000] {dag.py:3036} INFO - Sync 1 DAGs
[2024-01-30T16:23:01.867+0000] {logging_mixin.py:188} INFO - [2024-01-30T16:23:01.867+0000] {dag.py:3823} INFO - Setting next_dagrun for example_short_circuit_operator to 2024-01-29 00:00:00+00:00, run_after=2024-01-30 00:00:00+00:00
[2024-01-30T16:23:01.891+0000] {processor.py:183} INFO - Processing /home/airflow/.local/lib/python3.8/site-packages/airflow/example_dags/example_short_circuit_operator.py took 0.089 seconds
[2024-01-30T16:23:32.453+0000] {processor.py:161} INFO - Started process (PID=816) to work on /home/airflow/.local/lib/python3.8/site-packages/airflow/example_dags/example_short_circuit_operator.py
[2024-01-30T16:23:32.454+0000] {processor.py:830} INFO - Processing file /home/airflow/.local/lib/python3.8/site-packages/airflow/example_dags/example_short_circuit_operator.py for tasks to queue
[2024-01-30T16:23:32.456+0000] {logging_mixin.py:188} INFO - [2024-01-30T16:23:32.456+0000] {dagbag.py:538} INFO - Filling up the DagBag from /home/airflow/.local/lib/python3.8/site-packages/airflow/example_dags/example_short_circuit_operator.py
[2024-01-30T16:23:32.463+0000] {processor.py:840} INFO - DAG(s) 'example_short_circuit_operator' retrieved from /home/airflow/.local/lib/python3.8/site-packages/airflow/example_dags/example_short_circuit_operator.py
[2024-01-30T16:23:32.487+0000] {logging_mixin.py:188} INFO - [2024-01-30T16:23:32.487+0000] {dag.py:3036} INFO - Sync 1 DAGs
[2024-01-30T16:23:32.507+0000] {logging_mixin.py:188} INFO - [2024-01-30T16:23:32.507+0000] {dag.py:3823} INFO - Setting next_dagrun for example_short_circuit_operator to 2024-01-29 00:00:00+00:00, run_after=2024-01-30 00:00:00+00:00
[2024-01-30T16:23:32.527+0000] {processor.py:183} INFO - Processing /home/airflow/.local/lib/python3.8/site-packages/airflow/example_dags/example_short_circuit_operator.py took 0.076 seconds
[2024-01-30T16:24:41.833+0000] {processor.py:161} INFO - Started process (PID=46) to work on /home/airflow/.local/lib/python3.8/site-packages/airflow/example_dags/example_short_circuit_operator.py
[2024-01-30T16:24:41.834+0000] {processor.py:830} INFO - Processing file /home/airflow/.local/lib/python3.8/site-packages/airflow/example_dags/example_short_circuit_operator.py for tasks to queue
[2024-01-30T16:24:41.836+0000] {logging_mixin.py:188} INFO - [2024-01-30T16:24:41.836+0000] {dagbag.py:538} INFO - Filling up the DagBag from /home/airflow/.local/lib/python3.8/site-packages/airflow/example_dags/example_short_circuit_operator.py
[2024-01-30T16:24:41.846+0000] {processor.py:840} INFO - DAG(s) 'example_short_circuit_operator' retrieved from /home/airflow/.local/lib/python3.8/site-packages/airflow/example_dags/example_short_circuit_operator.py
[2024-01-30T16:24:41.859+0000] {logging_mixin.py:188} INFO - [2024-01-30T16:24:41.859+0000] {dag.py:3036} INFO - Sync 1 DAGs
[2024-01-30T16:24:41.884+0000] {logging_mixin.py:188} INFO - [2024-01-30T16:24:41.883+0000] {dag.py:3823} INFO - Setting next_dagrun for example_short_circuit_operator to 2024-01-29 00:00:00+00:00, run_after=2024-01-30 00:00:00+00:00
[2024-01-30T16:24:41.905+0000] {processor.py:183} INFO - Processing /home/airflow/.local/lib/python3.8/site-packages/airflow/example_dags/example_short_circuit_operator.py took 0.074 seconds
[2024-01-30T16:25:12.597+0000] {processor.py:161} INFO - Started process (PID=101) to work on /home/airflow/.local/lib/python3.8/site-packages/airflow/example_dags/example_short_circuit_operator.py
[2024-01-30T16:25:12.598+0000] {processor.py:830} INFO - Processing file /home/airflow/.local/lib/python3.8/site-packages/airflow/example_dags/example_short_circuit_operator.py for tasks to queue
[2024-01-30T16:25:12.600+0000] {logging_mixin.py:188} INFO - [2024-01-30T16:25:12.600+0000] {dagbag.py:538} INFO - Filling up the DagBag from /home/airflow/.local/lib/python3.8/site-packages/airflow/example_dags/example_short_circuit_operator.py
[2024-01-30T16:25:12.608+0000] {processor.py:840} INFO - DAG(s) 'example_short_circuit_operator' retrieved from /home/airflow/.local/lib/python3.8/site-packages/airflow/example_dags/example_short_circuit_operator.py
[2024-01-30T16:25:12.708+0000] {logging_mixin.py:188} INFO - [2024-01-30T16:25:12.707+0000] {dag.py:3036} INFO - Sync 1 DAGs
[2024-01-30T16:25:12.726+0000] {logging_mixin.py:188} INFO - [2024-01-30T16:25:12.726+0000] {dag.py:3823} INFO - Setting next_dagrun for example_short_circuit_operator to 2024-01-29 00:00:00+00:00, run_after=2024-01-30 00:00:00+00:00
[2024-01-30T16:25:12.747+0000] {processor.py:183} INFO - Processing /home/airflow/.local/lib/python3.8/site-packages/airflow/example_dags/example_short_circuit_operator.py took 0.153 seconds
[2024-01-30T16:26:20.568+0000] {processor.py:161} INFO - Started process (PID=46) to work on /home/airflow/.local/lib/python3.8/site-packages/airflow/example_dags/example_short_circuit_operator.py
[2024-01-30T16:26:20.569+0000] {processor.py:830} INFO - Processing file /home/airflow/.local/lib/python3.8/site-packages/airflow/example_dags/example_short_circuit_operator.py for tasks to queue
[2024-01-30T16:26:20.571+0000] {logging_mixin.py:188} INFO - [2024-01-30T16:26:20.571+0000] {dagbag.py:538} INFO - Filling up the DagBag from /home/airflow/.local/lib/python3.8/site-packages/airflow/example_dags/example_short_circuit_operator.py
[2024-01-30T16:26:20.580+0000] {processor.py:840} INFO - DAG(s) 'example_short_circuit_operator' retrieved from /home/airflow/.local/lib/python3.8/site-packages/airflow/example_dags/example_short_circuit_operator.py
[2024-01-30T16:26:20.592+0000] {logging_mixin.py:188} INFO - [2024-01-30T16:26:20.592+0000] {dag.py:3036} INFO - Sync 1 DAGs
[2024-01-30T16:26:20.615+0000] {logging_mixin.py:188} INFO - [2024-01-30T16:26:20.615+0000] {dag.py:3823} INFO - Setting next_dagrun for example_short_circuit_operator to 2024-01-29 00:00:00+00:00, run_after=2024-01-30 00:00:00+00:00
[2024-01-30T16:26:20.635+0000] {processor.py:183} INFO - Processing /home/airflow/.local/lib/python3.8/site-packages/airflow/example_dags/example_short_circuit_operator.py took 0.070 seconds
[2024-01-30T16:26:51.299+0000] {processor.py:161} INFO - Started process (PID=101) to work on /home/airflow/.local/lib/python3.8/site-packages/airflow/example_dags/example_short_circuit_operator.py
[2024-01-30T16:26:51.300+0000] {processor.py:830} INFO - Processing file /home/airflow/.local/lib/python3.8/site-packages/airflow/example_dags/example_short_circuit_operator.py for tasks to queue
[2024-01-30T16:26:51.301+0000] {logging_mixin.py:188} INFO - [2024-01-30T16:26:51.301+0000] {dagbag.py:538} INFO - Filling up the DagBag from /home/airflow/.local/lib/python3.8/site-packages/airflow/example_dags/example_short_circuit_operator.py
[2024-01-30T16:26:51.308+0000] {processor.py:840} INFO - DAG(s) 'example_short_circuit_operator' retrieved from /home/airflow/.local/lib/python3.8/site-packages/airflow/example_dags/example_short_circuit_operator.py
[2024-01-30T16:26:51.407+0000] {logging_mixin.py:188} INFO - [2024-01-30T16:26:51.407+0000] {dag.py:3036} INFO - Sync 1 DAGs
[2024-01-30T16:26:51.427+0000] {logging_mixin.py:188} INFO - [2024-01-30T16:26:51.427+0000] {dag.py:3823} INFO - Setting next_dagrun for example_short_circuit_operator to 2024-01-29 00:00:00+00:00, run_after=2024-01-30 00:00:00+00:00
[2024-01-30T16:26:51.450+0000] {processor.py:183} INFO - Processing /home/airflow/.local/lib/python3.8/site-packages/airflow/example_dags/example_short_circuit_operator.py took 0.154 seconds
[2024-01-30T16:27:21.605+0000] {processor.py:161} INFO - Started process (PID=156) to work on /home/airflow/.local/lib/python3.8/site-packages/airflow/example_dags/example_short_circuit_operator.py
[2024-01-30T16:27:21.605+0000] {processor.py:830} INFO - Processing file /home/airflow/.local/lib/python3.8/site-packages/airflow/example_dags/example_short_circuit_operator.py for tasks to queue
[2024-01-30T16:27:21.607+0000] {logging_mixin.py:188} INFO - [2024-01-30T16:27:21.607+0000] {dagbag.py:538} INFO - Filling up the DagBag from /home/airflow/.local/lib/python3.8/site-packages/airflow/example_dags/example_short_circuit_operator.py
[2024-01-30T16:27:21.614+0000] {processor.py:840} INFO - DAG(s) 'example_short_circuit_operator' retrieved from /home/airflow/.local/lib/python3.8/site-packages/airflow/example_dags/example_short_circuit_operator.py
[2024-01-30T16:27:21.636+0000] {logging_mixin.py:188} INFO - [2024-01-30T16:27:21.636+0000] {dag.py:3036} INFO - Sync 1 DAGs
[2024-01-30T16:27:21.656+0000] {logging_mixin.py:188} INFO - [2024-01-30T16:27:21.656+0000] {dag.py:3823} INFO - Setting next_dagrun for example_short_circuit_operator to 2024-01-29 00:00:00+00:00, run_after=2024-01-30 00:00:00+00:00
[2024-01-30T16:27:21.675+0000] {processor.py:183} INFO - Processing /home/airflow/.local/lib/python3.8/site-packages/airflow/example_dags/example_short_circuit_operator.py took 0.073 seconds
[2024-01-30T16:27:51.972+0000] {processor.py:161} INFO - Started process (PID=211) to work on /home/airflow/.local/lib/python3.8/site-packages/airflow/example_dags/example_short_circuit_operator.py
[2024-01-30T16:27:51.973+0000] {processor.py:830} INFO - Processing file /home/airflow/.local/lib/python3.8/site-packages/airflow/example_dags/example_short_circuit_operator.py for tasks to queue
[2024-01-30T16:27:51.975+0000] {logging_mixin.py:188} INFO - [2024-01-30T16:27:51.974+0000] {dagbag.py:538} INFO - Filling up the DagBag from /home/airflow/.local/lib/python3.8/site-packages/airflow/example_dags/example_short_circuit_operator.py
[2024-01-30T16:27:51.982+0000] {processor.py:840} INFO - DAG(s) 'example_short_circuit_operator' retrieved from /home/airflow/.local/lib/python3.8/site-packages/airflow/example_dags/example_short_circuit_operator.py
[2024-01-30T16:27:52.004+0000] {logging_mixin.py:188} INFO - [2024-01-30T16:27:52.004+0000] {dag.py:3036} INFO - Sync 1 DAGs
[2024-01-30T16:27:52.024+0000] {logging_mixin.py:188} INFO - [2024-01-30T16:27:52.024+0000] {dag.py:3823} INFO - Setting next_dagrun for example_short_circuit_operator to 2024-01-29 00:00:00+00:00, run_after=2024-01-30 00:00:00+00:00
[2024-01-30T16:27:52.042+0000] {processor.py:183} INFO - Processing /home/airflow/.local/lib/python3.8/site-packages/airflow/example_dags/example_short_circuit_operator.py took 0.073 seconds
[2024-01-30T16:28:22.587+0000] {processor.py:161} INFO - Started process (PID=266) to work on /home/airflow/.local/lib/python3.8/site-packages/airflow/example_dags/example_short_circuit_operator.py
[2024-01-30T16:28:22.588+0000] {processor.py:830} INFO - Processing file /home/airflow/.local/lib/python3.8/site-packages/airflow/example_dags/example_short_circuit_operator.py for tasks to queue
[2024-01-30T16:28:22.590+0000] {logging_mixin.py:188} INFO - [2024-01-30T16:28:22.590+0000] {dagbag.py:538} INFO - Filling up the DagBag from /home/airflow/.local/lib/python3.8/site-packages/airflow/example_dags/example_short_circuit_operator.py
[2024-01-30T16:28:22.597+0000] {processor.py:840} INFO - DAG(s) 'example_short_circuit_operator' retrieved from /home/airflow/.local/lib/python3.8/site-packages/airflow/example_dags/example_short_circuit_operator.py
[2024-01-30T16:28:22.620+0000] {logging_mixin.py:188} INFO - [2024-01-30T16:28:22.619+0000] {dag.py:3036} INFO - Sync 1 DAGs
[2024-01-30T16:28:22.641+0000] {logging_mixin.py:188} INFO - [2024-01-30T16:28:22.641+0000] {dag.py:3823} INFO - Setting next_dagrun for example_short_circuit_operator to 2024-01-29 00:00:00+00:00, run_after=2024-01-30 00:00:00+00:00
[2024-01-30T16:28:22.660+0000] {processor.py:183} INFO - Processing /home/airflow/.local/lib/python3.8/site-packages/airflow/example_dags/example_short_circuit_operator.py took 0.076 seconds
[2024-01-30T16:28:53.255+0000] {processor.py:161} INFO - Started process (PID=321) to work on /home/airflow/.local/lib/python3.8/site-packages/airflow/example_dags/example_short_circuit_operator.py
[2024-01-30T16:28:53.256+0000] {processor.py:830} INFO - Processing file /home/airflow/.local/lib/python3.8/site-packages/airflow/example_dags/example_short_circuit_operator.py for tasks to queue
[2024-01-30T16:28:53.257+0000] {logging_mixin.py:188} INFO - [2024-01-30T16:28:53.257+0000] {dagbag.py:538} INFO - Filling up the DagBag from /home/airflow/.local/lib/python3.8/site-packages/airflow/example_dags/example_short_circuit_operator.py
[2024-01-30T16:28:53.265+0000] {processor.py:840} INFO - DAG(s) 'example_short_circuit_operator' retrieved from /home/airflow/.local/lib/python3.8/site-packages/airflow/example_dags/example_short_circuit_operator.py
[2024-01-30T16:28:53.288+0000] {logging_mixin.py:188} INFO - [2024-01-30T16:28:53.288+0000] {dag.py:3036} INFO - Sync 1 DAGs
[2024-01-30T16:28:53.309+0000] {logging_mixin.py:188} INFO - [2024-01-30T16:28:53.308+0000] {dag.py:3823} INFO - Setting next_dagrun for example_short_circuit_operator to 2024-01-29 00:00:00+00:00, run_after=2024-01-30 00:00:00+00:00
[2024-01-30T16:28:53.328+0000] {processor.py:183} INFO - Processing /home/airflow/.local/lib/python3.8/site-packages/airflow/example_dags/example_short_circuit_operator.py took 0.077 seconds
[2024-01-30T16:29:23.958+0000] {processor.py:161} INFO - Started process (PID=376) to work on /home/airflow/.local/lib/python3.8/site-packages/airflow/example_dags/example_short_circuit_operator.py
[2024-01-30T16:29:23.959+0000] {processor.py:830} INFO - Processing file /home/airflow/.local/lib/python3.8/site-packages/airflow/example_dags/example_short_circuit_operator.py for tasks to queue
[2024-01-30T16:29:23.961+0000] {logging_mixin.py:188} INFO - [2024-01-30T16:29:23.960+0000] {dagbag.py:538} INFO - Filling up the DagBag from /home/airflow/.local/lib/python3.8/site-packages/airflow/example_dags/example_short_circuit_operator.py
[2024-01-30T16:29:23.968+0000] {processor.py:840} INFO - DAG(s) 'example_short_circuit_operator' retrieved from /home/airflow/.local/lib/python3.8/site-packages/airflow/example_dags/example_short_circuit_operator.py
[2024-01-30T16:29:23.993+0000] {logging_mixin.py:188} INFO - [2024-01-30T16:29:23.993+0000] {dag.py:3036} INFO - Sync 1 DAGs
[2024-01-30T16:29:24.016+0000] {logging_mixin.py:188} INFO - [2024-01-30T16:29:24.016+0000] {dag.py:3823} INFO - Setting next_dagrun for example_short_circuit_operator to 2024-01-29 00:00:00+00:00, run_after=2024-01-30 00:00:00+00:00
[2024-01-30T16:29:24.035+0000] {processor.py:183} INFO - Processing /home/airflow/.local/lib/python3.8/site-packages/airflow/example_dags/example_short_circuit_operator.py took 0.081 seconds
[2024-01-30T16:29:54.625+0000] {processor.py:161} INFO - Started process (PID=431) to work on /home/airflow/.local/lib/python3.8/site-packages/airflow/example_dags/example_short_circuit_operator.py
[2024-01-30T16:29:54.626+0000] {processor.py:830} INFO - Processing file /home/airflow/.local/lib/python3.8/site-packages/airflow/example_dags/example_short_circuit_operator.py for tasks to queue
[2024-01-30T16:29:54.628+0000] {logging_mixin.py:188} INFO - [2024-01-30T16:29:54.628+0000] {dagbag.py:538} INFO - Filling up the DagBag from /home/airflow/.local/lib/python3.8/site-packages/airflow/example_dags/example_short_circuit_operator.py
[2024-01-30T16:29:54.636+0000] {processor.py:840} INFO - DAG(s) 'example_short_circuit_operator' retrieved from /home/airflow/.local/lib/python3.8/site-packages/airflow/example_dags/example_short_circuit_operator.py
[2024-01-30T16:29:54.659+0000] {logging_mixin.py:188} INFO - [2024-01-30T16:29:54.659+0000] {dag.py:3036} INFO - Sync 1 DAGs
[2024-01-30T16:29:54.682+0000] {logging_mixin.py:188} INFO - [2024-01-30T16:29:54.682+0000] {dag.py:3823} INFO - Setting next_dagrun for example_short_circuit_operator to 2024-01-29 00:00:00+00:00, run_after=2024-01-30 00:00:00+00:00
[2024-01-30T16:29:54.702+0000] {processor.py:183} INFO - Processing /home/airflow/.local/lib/python3.8/site-packages/airflow/example_dags/example_short_circuit_operator.py took 0.080 seconds
[2024-01-30T16:30:25.448+0000] {processor.py:161} INFO - Started process (PID=486) to work on /home/airflow/.local/lib/python3.8/site-packages/airflow/example_dags/example_short_circuit_operator.py
[2024-01-30T16:30:25.449+0000] {processor.py:830} INFO - Processing file /home/airflow/.local/lib/python3.8/site-packages/airflow/example_dags/example_short_circuit_operator.py for tasks to queue
[2024-01-30T16:30:25.452+0000] {logging_mixin.py:188} INFO - [2024-01-30T16:30:25.451+0000] {dagbag.py:538} INFO - Filling up the DagBag from /home/airflow/.local/lib/python3.8/site-packages/airflow/example_dags/example_short_circuit_operator.py
[2024-01-30T16:30:25.465+0000] {processor.py:840} INFO - DAG(s) 'example_short_circuit_operator' retrieved from /home/airflow/.local/lib/python3.8/site-packages/airflow/example_dags/example_short_circuit_operator.py
[2024-01-30T16:30:25.499+0000] {logging_mixin.py:188} INFO - [2024-01-30T16:30:25.499+0000] {dag.py:3036} INFO - Sync 1 DAGs
[2024-01-30T16:30:25.523+0000] {logging_mixin.py:188} INFO - [2024-01-30T16:30:25.523+0000] {dag.py:3823} INFO - Setting next_dagrun for example_short_circuit_operator to 2024-01-29 00:00:00+00:00, run_after=2024-01-30 00:00:00+00:00
[2024-01-30T16:30:25.543+0000] {processor.py:183} INFO - Processing /home/airflow/.local/lib/python3.8/site-packages/airflow/example_dags/example_short_circuit_operator.py took 0.102 seconds
[2024-01-30T16:30:55.655+0000] {processor.py:161} INFO - Started process (PID=541) to work on /home/airflow/.local/lib/python3.8/site-packages/airflow/example_dags/example_short_circuit_operator.py
[2024-01-30T16:30:55.656+0000] {processor.py:830} INFO - Processing file /home/airflow/.local/lib/python3.8/site-packages/airflow/example_dags/example_short_circuit_operator.py for tasks to queue
[2024-01-30T16:30:55.658+0000] {logging_mixin.py:188} INFO - [2024-01-30T16:30:55.658+0000] {dagbag.py:538} INFO - Filling up the DagBag from /home/airflow/.local/lib/python3.8/site-packages/airflow/example_dags/example_short_circuit_operator.py
[2024-01-30T16:30:55.665+0000] {processor.py:840} INFO - DAG(s) 'example_short_circuit_operator' retrieved from /home/airflow/.local/lib/python3.8/site-packages/airflow/example_dags/example_short_circuit_operator.py
[2024-01-30T16:30:55.690+0000] {logging_mixin.py:188} INFO - [2024-01-30T16:30:55.690+0000] {dag.py:3036} INFO - Sync 1 DAGs
[2024-01-30T16:30:55.714+0000] {logging_mixin.py:188} INFO - [2024-01-30T16:30:55.714+0000] {dag.py:3823} INFO - Setting next_dagrun for example_short_circuit_operator to 2024-01-29 00:00:00+00:00, run_after=2024-01-30 00:00:00+00:00
[2024-01-30T16:30:55.733+0000] {processor.py:183} INFO - Processing /home/airflow/.local/lib/python3.8/site-packages/airflow/example_dags/example_short_circuit_operator.py took 0.082 seconds
[2024-01-30T16:31:26.118+0000] {processor.py:161} INFO - Started process (PID=596) to work on /home/airflow/.local/lib/python3.8/site-packages/airflow/example_dags/example_short_circuit_operator.py
[2024-01-30T16:31:26.119+0000] {processor.py:830} INFO - Processing file /home/airflow/.local/lib/python3.8/site-packages/airflow/example_dags/example_short_circuit_operator.py for tasks to queue
[2024-01-30T16:31:26.121+0000] {logging_mixin.py:188} INFO - [2024-01-30T16:31:26.121+0000] {dagbag.py:538} INFO - Filling up the DagBag from /home/airflow/.local/lib/python3.8/site-packages/airflow/example_dags/example_short_circuit_operator.py
[2024-01-30T16:31:26.128+0000] {processor.py:840} INFO - DAG(s) 'example_short_circuit_operator' retrieved from /home/airflow/.local/lib/python3.8/site-packages/airflow/example_dags/example_short_circuit_operator.py
[2024-01-30T16:31:26.152+0000] {logging_mixin.py:188} INFO - [2024-01-30T16:31:26.152+0000] {dag.py:3036} INFO - Sync 1 DAGs
[2024-01-30T16:31:26.174+0000] {logging_mixin.py:188} INFO - [2024-01-30T16:31:26.173+0000] {dag.py:3823} INFO - Setting next_dagrun for example_short_circuit_operator to 2024-01-29 00:00:00+00:00, run_after=2024-01-30 00:00:00+00:00
[2024-01-30T16:31:26.192+0000] {processor.py:183} INFO - Processing /home/airflow/.local/lib/python3.8/site-packages/airflow/example_dags/example_short_circuit_operator.py took 0.077 seconds
[2024-01-30T16:31:56.434+0000] {processor.py:161} INFO - Started process (PID=651) to work on /home/airflow/.local/lib/python3.8/site-packages/airflow/example_dags/example_short_circuit_operator.py
[2024-01-30T16:31:56.435+0000] {processor.py:830} INFO - Processing file /home/airflow/.local/lib/python3.8/site-packages/airflow/example_dags/example_short_circuit_operator.py for tasks to queue
[2024-01-30T16:31:56.437+0000] {logging_mixin.py:188} INFO - [2024-01-30T16:31:56.437+0000] {dagbag.py:538} INFO - Filling up the DagBag from /home/airflow/.local/lib/python3.8/site-packages/airflow/example_dags/example_short_circuit_operator.py
[2024-01-30T16:31:56.445+0000] {processor.py:840} INFO - DAG(s) 'example_short_circuit_operator' retrieved from /home/airflow/.local/lib/python3.8/site-packages/airflow/example_dags/example_short_circuit_operator.py
[2024-01-30T16:31:56.467+0000] {logging_mixin.py:188} INFO - [2024-01-30T16:31:56.466+0000] {dag.py:3036} INFO - Sync 1 DAGs
[2024-01-30T16:31:56.486+0000] {logging_mixin.py:188} INFO - [2024-01-30T16:31:56.486+0000] {dag.py:3823} INFO - Setting next_dagrun for example_short_circuit_operator to 2024-01-29 00:00:00+00:00, run_after=2024-01-30 00:00:00+00:00
[2024-01-30T16:31:56.504+0000] {processor.py:183} INFO - Processing /home/airflow/.local/lib/python3.8/site-packages/airflow/example_dags/example_short_circuit_operator.py took 0.072 seconds
[2024-01-30T16:32:26.638+0000] {processor.py:161} INFO - Started process (PID=706) to work on /home/airflow/.local/lib/python3.8/site-packages/airflow/example_dags/example_short_circuit_operator.py
[2024-01-30T16:32:26.640+0000] {processor.py:830} INFO - Processing file /home/airflow/.local/lib/python3.8/site-packages/airflow/example_dags/example_short_circuit_operator.py for tasks to queue
[2024-01-30T16:32:26.641+0000] {logging_mixin.py:188} INFO - [2024-01-30T16:32:26.641+0000] {dagbag.py:538} INFO - Filling up the DagBag from /home/airflow/.local/lib/python3.8/site-packages/airflow/example_dags/example_short_circuit_operator.py
[2024-01-30T16:32:26.648+0000] {processor.py:840} INFO - DAG(s) 'example_short_circuit_operator' retrieved from /home/airflow/.local/lib/python3.8/site-packages/airflow/example_dags/example_short_circuit_operator.py
[2024-01-30T16:32:26.671+0000] {logging_mixin.py:188} INFO - [2024-01-30T16:32:26.671+0000] {dag.py:3036} INFO - Sync 1 DAGs
[2024-01-30T16:32:26.690+0000] {logging_mixin.py:188} INFO - [2024-01-30T16:32:26.690+0000] {dag.py:3823} INFO - Setting next_dagrun for example_short_circuit_operator to 2024-01-29 00:00:00+00:00, run_after=2024-01-30 00:00:00+00:00
[2024-01-30T16:32:26.708+0000] {processor.py:183} INFO - Processing /home/airflow/.local/lib/python3.8/site-packages/airflow/example_dags/example_short_circuit_operator.py took 0.073 seconds
[2024-01-30T16:32:56.935+0000] {processor.py:161} INFO - Started process (PID=761) to work on /home/airflow/.local/lib/python3.8/site-packages/airflow/example_dags/example_short_circuit_operator.py
[2024-01-30T16:32:56.936+0000] {processor.py:830} INFO - Processing file /home/airflow/.local/lib/python3.8/site-packages/airflow/example_dags/example_short_circuit_operator.py for tasks to queue
[2024-01-30T16:32:56.938+0000] {logging_mixin.py:188} INFO - [2024-01-30T16:32:56.937+0000] {dagbag.py:538} INFO - Filling up the DagBag from /home/airflow/.local/lib/python3.8/site-packages/airflow/example_dags/example_short_circuit_operator.py
[2024-01-30T16:32:56.945+0000] {processor.py:840} INFO - DAG(s) 'example_short_circuit_operator' retrieved from /home/airflow/.local/lib/python3.8/site-packages/airflow/example_dags/example_short_circuit_operator.py
[2024-01-30T16:32:56.968+0000] {logging_mixin.py:188} INFO - [2024-01-30T16:32:56.968+0000] {dag.py:3036} INFO - Sync 1 DAGs
[2024-01-30T16:32:56.988+0000] {logging_mixin.py:188} INFO - [2024-01-30T16:32:56.988+0000] {dag.py:3823} INFO - Setting next_dagrun for example_short_circuit_operator to 2024-01-29 00:00:00+00:00, run_after=2024-01-30 00:00:00+00:00
[2024-01-30T16:32:57.007+0000] {processor.py:183} INFO - Processing /home/airflow/.local/lib/python3.8/site-packages/airflow/example_dags/example_short_circuit_operator.py took 0.075 seconds
[2024-01-30T16:33:27.253+0000] {processor.py:161} INFO - Started process (PID=816) to work on /home/airflow/.local/lib/python3.8/site-packages/airflow/example_dags/example_short_circuit_operator.py
[2024-01-30T16:33:27.254+0000] {processor.py:830} INFO - Processing file /home/airflow/.local/lib/python3.8/site-packages/airflow/example_dags/example_short_circuit_operator.py for tasks to queue
[2024-01-30T16:33:27.256+0000] {logging_mixin.py:188} INFO - [2024-01-30T16:33:27.256+0000] {dagbag.py:538} INFO - Filling up the DagBag from /home/airflow/.local/lib/python3.8/site-packages/airflow/example_dags/example_short_circuit_operator.py
[2024-01-30T16:33:27.263+0000] {processor.py:840} INFO - DAG(s) 'example_short_circuit_operator' retrieved from /home/airflow/.local/lib/python3.8/site-packages/airflow/example_dags/example_short_circuit_operator.py
[2024-01-30T16:33:27.286+0000] {logging_mixin.py:188} INFO - [2024-01-30T16:33:27.285+0000] {dag.py:3036} INFO - Sync 1 DAGs
[2024-01-30T16:33:27.305+0000] {logging_mixin.py:188} INFO - [2024-01-30T16:33:27.305+0000] {dag.py:3823} INFO - Setting next_dagrun for example_short_circuit_operator to 2024-01-29 00:00:00+00:00, run_after=2024-01-30 00:00:00+00:00
[2024-01-30T16:33:27.324+0000] {processor.py:183} INFO - Processing /home/airflow/.local/lib/python3.8/site-packages/airflow/example_dags/example_short_circuit_operator.py took 0.073 seconds
[2024-01-30T16:33:57.661+0000] {processor.py:161} INFO - Started process (PID=871) to work on /home/airflow/.local/lib/python3.8/site-packages/airflow/example_dags/example_short_circuit_operator.py
[2024-01-30T16:33:57.662+0000] {processor.py:830} INFO - Processing file /home/airflow/.local/lib/python3.8/site-packages/airflow/example_dags/example_short_circuit_operator.py for tasks to queue
[2024-01-30T16:33:57.663+0000] {logging_mixin.py:188} INFO - [2024-01-30T16:33:57.663+0000] {dagbag.py:538} INFO - Filling up the DagBag from /home/airflow/.local/lib/python3.8/site-packages/airflow/example_dags/example_short_circuit_operator.py
[2024-01-30T16:33:57.670+0000] {processor.py:840} INFO - DAG(s) 'example_short_circuit_operator' retrieved from /home/airflow/.local/lib/python3.8/site-packages/airflow/example_dags/example_short_circuit_operator.py
[2024-01-30T16:33:57.692+0000] {logging_mixin.py:188} INFO - [2024-01-30T16:33:57.692+0000] {dag.py:3036} INFO - Sync 1 DAGs
[2024-01-30T16:33:57.711+0000] {logging_mixin.py:188} INFO - [2024-01-30T16:33:57.711+0000] {dag.py:3823} INFO - Setting next_dagrun for example_short_circuit_operator to 2024-01-29 00:00:00+00:00, run_after=2024-01-30 00:00:00+00:00
[2024-01-30T16:33:57.730+0000] {processor.py:183} INFO - Processing /home/airflow/.local/lib/python3.8/site-packages/airflow/example_dags/example_short_circuit_operator.py took 0.072 seconds
[2024-01-30T16:34:27.997+0000] {processor.py:161} INFO - Started process (PID=926) to work on /home/airflow/.local/lib/python3.8/site-packages/airflow/example_dags/example_short_circuit_operator.py
[2024-01-30T16:34:27.998+0000] {processor.py:830} INFO - Processing file /home/airflow/.local/lib/python3.8/site-packages/airflow/example_dags/example_short_circuit_operator.py for tasks to queue
[2024-01-30T16:34:28.000+0000] {logging_mixin.py:188} INFO - [2024-01-30T16:34:28.000+0000] {dagbag.py:538} INFO - Filling up the DagBag from /home/airflow/.local/lib/python3.8/site-packages/airflow/example_dags/example_short_circuit_operator.py
[2024-01-30T16:34:28.007+0000] {processor.py:840} INFO - DAG(s) 'example_short_circuit_operator' retrieved from /home/airflow/.local/lib/python3.8/site-packages/airflow/example_dags/example_short_circuit_operator.py
[2024-01-30T16:34:28.029+0000] {logging_mixin.py:188} INFO - [2024-01-30T16:34:28.029+0000] {dag.py:3036} INFO - Sync 1 DAGs
[2024-01-30T16:34:28.048+0000] {logging_mixin.py:188} INFO - [2024-01-30T16:34:28.048+0000] {dag.py:3823} INFO - Setting next_dagrun for example_short_circuit_operator to 2024-01-29 00:00:00+00:00, run_after=2024-01-30 00:00:00+00:00
[2024-01-30T16:34:28.066+0000] {processor.py:183} INFO - Processing /home/airflow/.local/lib/python3.8/site-packages/airflow/example_dags/example_short_circuit_operator.py took 0.071 seconds
[2024-01-30T16:34:58.379+0000] {processor.py:161} INFO - Started process (PID=981) to work on /home/airflow/.local/lib/python3.8/site-packages/airflow/example_dags/example_short_circuit_operator.py
[2024-01-30T16:34:58.380+0000] {processor.py:830} INFO - Processing file /home/airflow/.local/lib/python3.8/site-packages/airflow/example_dags/example_short_circuit_operator.py for tasks to queue
[2024-01-30T16:34:58.381+0000] {logging_mixin.py:188} INFO - [2024-01-30T16:34:58.381+0000] {dagbag.py:538} INFO - Filling up the DagBag from /home/airflow/.local/lib/python3.8/site-packages/airflow/example_dags/example_short_circuit_operator.py
[2024-01-30T16:34:58.388+0000] {processor.py:840} INFO - DAG(s) 'example_short_circuit_operator' retrieved from /home/airflow/.local/lib/python3.8/site-packages/airflow/example_dags/example_short_circuit_operator.py
[2024-01-30T16:34:58.411+0000] {logging_mixin.py:188} INFO - [2024-01-30T16:34:58.411+0000] {dag.py:3036} INFO - Sync 1 DAGs
[2024-01-30T16:34:58.431+0000] {logging_mixin.py:188} INFO - [2024-01-30T16:34:58.431+0000] {dag.py:3823} INFO - Setting next_dagrun for example_short_circuit_operator to 2024-01-29 00:00:00+00:00, run_after=2024-01-30 00:00:00+00:00
[2024-01-30T16:34:58.450+0000] {processor.py:183} INFO - Processing /home/airflow/.local/lib/python3.8/site-packages/airflow/example_dags/example_short_circuit_operator.py took 0.074 seconds
[2024-01-30T16:35:28.554+0000] {processor.py:161} INFO - Started process (PID=1036) to work on /home/airflow/.local/lib/python3.8/site-packages/airflow/example_dags/example_short_circuit_operator.py
[2024-01-30T16:35:28.555+0000] {processor.py:830} INFO - Processing file /home/airflow/.local/lib/python3.8/site-packages/airflow/example_dags/example_short_circuit_operator.py for tasks to queue
[2024-01-30T16:35:28.557+0000] {logging_mixin.py:188} INFO - [2024-01-30T16:35:28.556+0000] {dagbag.py:538} INFO - Filling up the DagBag from /home/airflow/.local/lib/python3.8/site-packages/airflow/example_dags/example_short_circuit_operator.py
[2024-01-30T16:35:28.564+0000] {processor.py:840} INFO - DAG(s) 'example_short_circuit_operator' retrieved from /home/airflow/.local/lib/python3.8/site-packages/airflow/example_dags/example_short_circuit_operator.py
[2024-01-30T16:35:28.588+0000] {logging_mixin.py:188} INFO - [2024-01-30T16:35:28.588+0000] {dag.py:3036} INFO - Sync 1 DAGs
[2024-01-30T16:35:28.608+0000] {logging_mixin.py:188} INFO - [2024-01-30T16:35:28.608+0000] {dag.py:3823} INFO - Setting next_dagrun for example_short_circuit_operator to 2024-01-29 00:00:00+00:00, run_after=2024-01-30 00:00:00+00:00
[2024-01-30T16:35:28.626+0000] {processor.py:183} INFO - Processing /home/airflow/.local/lib/python3.8/site-packages/airflow/example_dags/example_short_circuit_operator.py took 0.075 seconds
[2024-01-30T16:35:58.704+0000] {processor.py:161} INFO - Started process (PID=1091) to work on /home/airflow/.local/lib/python3.8/site-packages/airflow/example_dags/example_short_circuit_operator.py
[2024-01-30T16:35:58.704+0000] {processor.py:830} INFO - Processing file /home/airflow/.local/lib/python3.8/site-packages/airflow/example_dags/example_short_circuit_operator.py for tasks to queue
[2024-01-30T16:35:58.706+0000] {logging_mixin.py:188} INFO - [2024-01-30T16:35:58.706+0000] {dagbag.py:538} INFO - Filling up the DagBag from /home/airflow/.local/lib/python3.8/site-packages/airflow/example_dags/example_short_circuit_operator.py
[2024-01-30T16:35:58.713+0000] {processor.py:840} INFO - DAG(s) 'example_short_circuit_operator' retrieved from /home/airflow/.local/lib/python3.8/site-packages/airflow/example_dags/example_short_circuit_operator.py
[2024-01-30T16:35:58.734+0000] {logging_mixin.py:188} INFO - [2024-01-30T16:35:58.734+0000] {dag.py:3036} INFO - Sync 1 DAGs
[2024-01-30T16:35:58.754+0000] {logging_mixin.py:188} INFO - [2024-01-30T16:35:58.754+0000] {dag.py:3823} INFO - Setting next_dagrun for example_short_circuit_operator to 2024-01-29 00:00:00+00:00, run_after=2024-01-30 00:00:00+00:00
[2024-01-30T16:35:58.771+0000] {processor.py:183} INFO - Processing /home/airflow/.local/lib/python3.8/site-packages/airflow/example_dags/example_short_circuit_operator.py took 0.070 seconds
[2024-01-30T16:36:29.660+0000] {processor.py:161} INFO - Started process (PID=1146) to work on /home/airflow/.local/lib/python3.8/site-packages/airflow/example_dags/example_short_circuit_operator.py
[2024-01-30T16:36:29.661+0000] {processor.py:830} INFO - Processing file /home/airflow/.local/lib/python3.8/site-packages/airflow/example_dags/example_short_circuit_operator.py for tasks to queue
[2024-01-30T16:36:29.663+0000] {logging_mixin.py:188} INFO - [2024-01-30T16:36:29.663+0000] {dagbag.py:538} INFO - Filling up the DagBag from /home/airflow/.local/lib/python3.8/site-packages/airflow/example_dags/example_short_circuit_operator.py
[2024-01-30T16:36:29.675+0000] {processor.py:840} INFO - DAG(s) 'example_short_circuit_operator' retrieved from /home/airflow/.local/lib/python3.8/site-packages/airflow/example_dags/example_short_circuit_operator.py
[2024-01-30T16:36:29.702+0000] {logging_mixin.py:188} INFO - [2024-01-30T16:36:29.702+0000] {dag.py:3036} INFO - Sync 1 DAGs
[2024-01-30T16:36:29.724+0000] {logging_mixin.py:188} INFO - [2024-01-30T16:36:29.724+0000] {dag.py:3823} INFO - Setting next_dagrun for example_short_circuit_operator to 2024-01-29 00:00:00+00:00, run_after=2024-01-30 00:00:00+00:00
[2024-01-30T16:36:29.744+0000] {processor.py:183} INFO - Processing /home/airflow/.local/lib/python3.8/site-packages/airflow/example_dags/example_short_circuit_operator.py took 0.087 seconds
[2024-01-30T16:36:59.779+0000] {processor.py:161} INFO - Started process (PID=1201) to work on /home/airflow/.local/lib/python3.8/site-packages/airflow/example_dags/example_short_circuit_operator.py
[2024-01-30T16:36:59.780+0000] {processor.py:830} INFO - Processing file /home/airflow/.local/lib/python3.8/site-packages/airflow/example_dags/example_short_circuit_operator.py for tasks to queue
[2024-01-30T16:36:59.782+0000] {logging_mixin.py:188} INFO - [2024-01-30T16:36:59.782+0000] {dagbag.py:538} INFO - Filling up the DagBag from /home/airflow/.local/lib/python3.8/site-packages/airflow/example_dags/example_short_circuit_operator.py
[2024-01-30T16:36:59.795+0000] {processor.py:840} INFO - DAG(s) 'example_short_circuit_operator' retrieved from /home/airflow/.local/lib/python3.8/site-packages/airflow/example_dags/example_short_circuit_operator.py
[2024-01-30T16:36:59.832+0000] {logging_mixin.py:188} INFO - [2024-01-30T16:36:59.831+0000] {dag.py:3036} INFO - Sync 1 DAGs
[2024-01-30T16:36:59.859+0000] {logging_mixin.py:188} INFO - [2024-01-30T16:36:59.859+0000] {dag.py:3823} INFO - Setting next_dagrun for example_short_circuit_operator to 2024-01-29 00:00:00+00:00, run_after=2024-01-30 00:00:00+00:00
[2024-01-30T16:36:59.883+0000] {processor.py:183} INFO - Processing /home/airflow/.local/lib/python3.8/site-packages/airflow/example_dags/example_short_circuit_operator.py took 0.107 seconds
[2024-01-30T16:37:30.667+0000] {processor.py:161} INFO - Started process (PID=1256) to work on /home/airflow/.local/lib/python3.8/site-packages/airflow/example_dags/example_short_circuit_operator.py
[2024-01-30T16:37:30.668+0000] {processor.py:830} INFO - Processing file /home/airflow/.local/lib/python3.8/site-packages/airflow/example_dags/example_short_circuit_operator.py for tasks to queue
[2024-01-30T16:37:30.671+0000] {logging_mixin.py:188} INFO - [2024-01-30T16:37:30.670+0000] {dagbag.py:538} INFO - Filling up the DagBag from /home/airflow/.local/lib/python3.8/site-packages/airflow/example_dags/example_short_circuit_operator.py
[2024-01-30T16:37:30.678+0000] {processor.py:840} INFO - DAG(s) 'example_short_circuit_operator' retrieved from /home/airflow/.local/lib/python3.8/site-packages/airflow/example_dags/example_short_circuit_operator.py
[2024-01-30T16:37:30.703+0000] {logging_mixin.py:188} INFO - [2024-01-30T16:37:30.703+0000] {dag.py:3036} INFO - Sync 1 DAGs
[2024-01-30T16:37:30.726+0000] {logging_mixin.py:188} INFO - [2024-01-30T16:37:30.726+0000] {dag.py:3823} INFO - Setting next_dagrun for example_short_circuit_operator to 2024-01-29 00:00:00+00:00, run_after=2024-01-30 00:00:00+00:00
[2024-01-30T16:37:30.749+0000] {processor.py:183} INFO - Processing /home/airflow/.local/lib/python3.8/site-packages/airflow/example_dags/example_short_circuit_operator.py took 0.085 seconds
