[2024-01-30T16:16:25.071+0000] {processor.py:161} INFO - Started process (PID=47) to work on /home/airflow/.local/lib/python3.8/site-packages/airflow/example_dags/example_task_group_decorator.py
[2024-01-30T16:16:25.072+0000] {processor.py:830} INFO - Processing file /home/airflow/.local/lib/python3.8/site-packages/airflow/example_dags/example_task_group_decorator.py for tasks to queue
[2024-01-30T16:16:25.074+0000] {logging_mixin.py:188} INFO - [2024-01-30T16:16:25.073+0000] {dagbag.py:538} INFO - Filling up the DagBag from /home/airflow/.local/lib/python3.8/site-packages/airflow/example_dags/example_task_group_decorator.py
[2024-01-30T16:16:25.093+0000] {processor.py:840} INFO - DAG(s) 'example_task_group_decorator' retrieved from /home/airflow/.local/lib/python3.8/site-packages/airflow/example_dags/example_task_group_decorator.py
[2024-01-30T16:16:25.107+0000] {logging_mixin.py:188} INFO - [2024-01-30T16:16:25.106+0000] {dag.py:3036} INFO - Sync 1 DAGs
[2024-01-30T16:16:25.132+0000] {logging_mixin.py:188} INFO - [2024-01-30T16:16:25.132+0000] {dag.py:3823} INFO - Setting next_dagrun for example_task_group_decorator to 2024-01-29 00:00:00+00:00, run_after=2024-01-30 00:00:00+00:00
[2024-01-30T16:16:25.154+0000] {processor.py:183} INFO - Processing /home/airflow/.local/lib/python3.8/site-packages/airflow/example_dags/example_task_group_decorator.py took 0.087 seconds
[2024-01-30T16:16:56.271+0000] {processor.py:161} INFO - Started process (PID=102) to work on /home/airflow/.local/lib/python3.8/site-packages/airflow/example_dags/example_task_group_decorator.py
[2024-01-30T16:16:56.272+0000] {processor.py:830} INFO - Processing file /home/airflow/.local/lib/python3.8/site-packages/airflow/example_dags/example_task_group_decorator.py for tasks to queue
[2024-01-30T16:16:56.273+0000] {logging_mixin.py:188} INFO - [2024-01-30T16:16:56.273+0000] {dagbag.py:538} INFO - Filling up the DagBag from /home/airflow/.local/lib/python3.8/site-packages/airflow/example_dags/example_task_group_decorator.py
[2024-01-30T16:16:56.287+0000] {processor.py:840} INFO - DAG(s) 'example_task_group_decorator' retrieved from /home/airflow/.local/lib/python3.8/site-packages/airflow/example_dags/example_task_group_decorator.py
[2024-01-30T16:16:56.387+0000] {logging_mixin.py:188} INFO - [2024-01-30T16:16:56.386+0000] {dag.py:3036} INFO - Sync 1 DAGs
[2024-01-30T16:16:56.404+0000] {logging_mixin.py:188} INFO - [2024-01-30T16:16:56.404+0000] {dag.py:3823} INFO - Setting next_dagrun for example_task_group_decorator to 2024-01-29 00:00:00+00:00, run_after=2024-01-30 00:00:00+00:00
[2024-01-30T16:16:56.422+0000] {processor.py:183} INFO - Processing /home/airflow/.local/lib/python3.8/site-packages/airflow/example_dags/example_task_group_decorator.py took 0.154 seconds
[2024-01-30T16:17:27.386+0000] {processor.py:161} INFO - Started process (PID=157) to work on /home/airflow/.local/lib/python3.8/site-packages/airflow/example_dags/example_task_group_decorator.py
[2024-01-30T16:17:27.387+0000] {processor.py:830} INFO - Processing file /home/airflow/.local/lib/python3.8/site-packages/airflow/example_dags/example_task_group_decorator.py for tasks to queue
[2024-01-30T16:17:27.389+0000] {logging_mixin.py:188} INFO - [2024-01-30T16:17:27.389+0000] {dagbag.py:538} INFO - Filling up the DagBag from /home/airflow/.local/lib/python3.8/site-packages/airflow/example_dags/example_task_group_decorator.py
[2024-01-30T16:17:27.405+0000] {processor.py:840} INFO - DAG(s) 'example_task_group_decorator' retrieved from /home/airflow/.local/lib/python3.8/site-packages/airflow/example_dags/example_task_group_decorator.py
[2024-01-30T16:17:27.430+0000] {logging_mixin.py:188} INFO - [2024-01-30T16:17:27.430+0000] {dag.py:3036} INFO - Sync 1 DAGs
[2024-01-30T16:17:27.448+0000] {logging_mixin.py:188} INFO - [2024-01-30T16:17:27.448+0000] {dag.py:3823} INFO - Setting next_dagrun for example_task_group_decorator to 2024-01-29 00:00:00+00:00, run_after=2024-01-30 00:00:00+00:00
[2024-01-30T16:17:27.466+0000] {processor.py:183} INFO - Processing /home/airflow/.local/lib/python3.8/site-packages/airflow/example_dags/example_task_group_decorator.py took 0.083 seconds
[2024-01-30T16:17:58.442+0000] {processor.py:161} INFO - Started process (PID=212) to work on /home/airflow/.local/lib/python3.8/site-packages/airflow/example_dags/example_task_group_decorator.py
[2024-01-30T16:17:58.443+0000] {processor.py:830} INFO - Processing file /home/airflow/.local/lib/python3.8/site-packages/airflow/example_dags/example_task_group_decorator.py for tasks to queue
[2024-01-30T16:17:58.445+0000] {logging_mixin.py:188} INFO - [2024-01-30T16:17:58.444+0000] {dagbag.py:538} INFO - Filling up the DagBag from /home/airflow/.local/lib/python3.8/site-packages/airflow/example_dags/example_task_group_decorator.py
[2024-01-30T16:17:58.459+0000] {processor.py:840} INFO - DAG(s) 'example_task_group_decorator' retrieved from /home/airflow/.local/lib/python3.8/site-packages/airflow/example_dags/example_task_group_decorator.py
[2024-01-30T16:17:58.483+0000] {logging_mixin.py:188} INFO - [2024-01-30T16:17:58.483+0000] {dag.py:3036} INFO - Sync 1 DAGs
[2024-01-30T16:17:58.502+0000] {logging_mixin.py:188} INFO - [2024-01-30T16:17:58.502+0000] {dag.py:3823} INFO - Setting next_dagrun for example_task_group_decorator to 2024-01-29 00:00:00+00:00, run_after=2024-01-30 00:00:00+00:00
[2024-01-30T16:17:58.520+0000] {processor.py:183} INFO - Processing /home/airflow/.local/lib/python3.8/site-packages/airflow/example_dags/example_task_group_decorator.py took 0.081 seconds
[2024-01-30T16:18:28.670+0000] {processor.py:161} INFO - Started process (PID=267) to work on /home/airflow/.local/lib/python3.8/site-packages/airflow/example_dags/example_task_group_decorator.py
[2024-01-30T16:18:28.671+0000] {processor.py:830} INFO - Processing file /home/airflow/.local/lib/python3.8/site-packages/airflow/example_dags/example_task_group_decorator.py for tasks to queue
[2024-01-30T16:18:28.673+0000] {logging_mixin.py:188} INFO - [2024-01-30T16:18:28.673+0000] {dagbag.py:538} INFO - Filling up the DagBag from /home/airflow/.local/lib/python3.8/site-packages/airflow/example_dags/example_task_group_decorator.py
[2024-01-30T16:18:28.687+0000] {processor.py:840} INFO - DAG(s) 'example_task_group_decorator' retrieved from /home/airflow/.local/lib/python3.8/site-packages/airflow/example_dags/example_task_group_decorator.py
[2024-01-30T16:18:28.710+0000] {logging_mixin.py:188} INFO - [2024-01-30T16:18:28.710+0000] {dag.py:3036} INFO - Sync 1 DAGs
[2024-01-30T16:18:28.729+0000] {logging_mixin.py:188} INFO - [2024-01-30T16:18:28.729+0000] {dag.py:3823} INFO - Setting next_dagrun for example_task_group_decorator to 2024-01-29 00:00:00+00:00, run_after=2024-01-30 00:00:00+00:00
[2024-01-30T16:18:28.748+0000] {processor.py:183} INFO - Processing /home/airflow/.local/lib/python3.8/site-packages/airflow/example_dags/example_task_group_decorator.py took 0.080 seconds
[2024-01-30T16:18:59.298+0000] {processor.py:161} INFO - Started process (PID=322) to work on /home/airflow/.local/lib/python3.8/site-packages/airflow/example_dags/example_task_group_decorator.py
[2024-01-30T16:18:59.299+0000] {processor.py:830} INFO - Processing file /home/airflow/.local/lib/python3.8/site-packages/airflow/example_dags/example_task_group_decorator.py for tasks to queue
[2024-01-30T16:18:59.300+0000] {logging_mixin.py:188} INFO - [2024-01-30T16:18:59.300+0000] {dagbag.py:538} INFO - Filling up the DagBag from /home/airflow/.local/lib/python3.8/site-packages/airflow/example_dags/example_task_group_decorator.py
[2024-01-30T16:18:59.314+0000] {processor.py:840} INFO - DAG(s) 'example_task_group_decorator' retrieved from /home/airflow/.local/lib/python3.8/site-packages/airflow/example_dags/example_task_group_decorator.py
[2024-01-30T16:18:59.337+0000] {logging_mixin.py:188} INFO - [2024-01-30T16:18:59.337+0000] {dag.py:3036} INFO - Sync 1 DAGs
[2024-01-30T16:18:59.356+0000] {logging_mixin.py:188} INFO - [2024-01-30T16:18:59.356+0000] {dag.py:3823} INFO - Setting next_dagrun for example_task_group_decorator to 2024-01-29 00:00:00+00:00, run_after=2024-01-30 00:00:00+00:00
[2024-01-30T16:18:59.374+0000] {processor.py:183} INFO - Processing /home/airflow/.local/lib/python3.8/site-packages/airflow/example_dags/example_task_group_decorator.py took 0.079 seconds
[2024-01-30T16:19:29.909+0000] {processor.py:161} INFO - Started process (PID=377) to work on /home/airflow/.local/lib/python3.8/site-packages/airflow/example_dags/example_task_group_decorator.py
[2024-01-30T16:19:29.910+0000] {processor.py:830} INFO - Processing file /home/airflow/.local/lib/python3.8/site-packages/airflow/example_dags/example_task_group_decorator.py for tasks to queue
[2024-01-30T16:19:29.912+0000] {logging_mixin.py:188} INFO - [2024-01-30T16:19:29.911+0000] {dagbag.py:538} INFO - Filling up the DagBag from /home/airflow/.local/lib/python3.8/site-packages/airflow/example_dags/example_task_group_decorator.py
[2024-01-30T16:19:29.925+0000] {processor.py:840} INFO - DAG(s) 'example_task_group_decorator' retrieved from /home/airflow/.local/lib/python3.8/site-packages/airflow/example_dags/example_task_group_decorator.py
[2024-01-30T16:19:29.948+0000] {logging_mixin.py:188} INFO - [2024-01-30T16:19:29.948+0000] {dag.py:3036} INFO - Sync 1 DAGs
[2024-01-30T16:19:29.966+0000] {logging_mixin.py:188} INFO - [2024-01-30T16:19:29.966+0000] {dag.py:3823} INFO - Setting next_dagrun for example_task_group_decorator to 2024-01-29 00:00:00+00:00, run_after=2024-01-30 00:00:00+00:00
[2024-01-30T16:19:29.986+0000] {processor.py:183} INFO - Processing /home/airflow/.local/lib/python3.8/site-packages/airflow/example_dags/example_task_group_decorator.py took 0.080 seconds
[2024-01-30T16:20:00.502+0000] {processor.py:161} INFO - Started process (PID=432) to work on /home/airflow/.local/lib/python3.8/site-packages/airflow/example_dags/example_task_group_decorator.py
[2024-01-30T16:20:00.503+0000] {processor.py:830} INFO - Processing file /home/airflow/.local/lib/python3.8/site-packages/airflow/example_dags/example_task_group_decorator.py for tasks to queue
[2024-01-30T16:20:00.505+0000] {logging_mixin.py:188} INFO - [2024-01-30T16:20:00.505+0000] {dagbag.py:538} INFO - Filling up the DagBag from /home/airflow/.local/lib/python3.8/site-packages/airflow/example_dags/example_task_group_decorator.py
[2024-01-30T16:20:00.519+0000] {processor.py:840} INFO - DAG(s) 'example_task_group_decorator' retrieved from /home/airflow/.local/lib/python3.8/site-packages/airflow/example_dags/example_task_group_decorator.py
[2024-01-30T16:20:00.542+0000] {logging_mixin.py:188} INFO - [2024-01-30T16:20:00.542+0000] {dag.py:3036} INFO - Sync 1 DAGs
[2024-01-30T16:20:00.561+0000] {logging_mixin.py:188} INFO - [2024-01-30T16:20:00.561+0000] {dag.py:3823} INFO - Setting next_dagrun for example_task_group_decorator to 2024-01-29 00:00:00+00:00, run_after=2024-01-30 00:00:00+00:00
[2024-01-30T16:20:00.579+0000] {processor.py:183} INFO - Processing /home/airflow/.local/lib/python3.8/site-packages/airflow/example_dags/example_task_group_decorator.py took 0.080 seconds
[2024-01-30T16:20:31.266+0000] {processor.py:161} INFO - Started process (PID=487) to work on /home/airflow/.local/lib/python3.8/site-packages/airflow/example_dags/example_task_group_decorator.py
[2024-01-30T16:20:31.267+0000] {processor.py:830} INFO - Processing file /home/airflow/.local/lib/python3.8/site-packages/airflow/example_dags/example_task_group_decorator.py for tasks to queue
[2024-01-30T16:20:31.269+0000] {logging_mixin.py:188} INFO - [2024-01-30T16:20:31.269+0000] {dagbag.py:538} INFO - Filling up the DagBag from /home/airflow/.local/lib/python3.8/site-packages/airflow/example_dags/example_task_group_decorator.py
[2024-01-30T16:20:31.286+0000] {processor.py:840} INFO - DAG(s) 'example_task_group_decorator' retrieved from /home/airflow/.local/lib/python3.8/site-packages/airflow/example_dags/example_task_group_decorator.py
[2024-01-30T16:20:31.311+0000] {logging_mixin.py:188} INFO - [2024-01-30T16:20:31.310+0000] {dag.py:3036} INFO - Sync 1 DAGs
[2024-01-30T16:20:31.330+0000] {logging_mixin.py:188} INFO - [2024-01-30T16:20:31.330+0000] {dag.py:3823} INFO - Setting next_dagrun for example_task_group_decorator to 2024-01-29 00:00:00+00:00, run_after=2024-01-30 00:00:00+00:00
[2024-01-30T16:20:31.349+0000] {processor.py:183} INFO - Processing /home/airflow/.local/lib/python3.8/site-packages/airflow/example_dags/example_task_group_decorator.py took 0.087 seconds
[2024-01-30T16:21:01.957+0000] {processor.py:161} INFO - Started process (PID=542) to work on /home/airflow/.local/lib/python3.8/site-packages/airflow/example_dags/example_task_group_decorator.py
[2024-01-30T16:21:01.958+0000] {processor.py:830} INFO - Processing file /home/airflow/.local/lib/python3.8/site-packages/airflow/example_dags/example_task_group_decorator.py for tasks to queue
[2024-01-30T16:21:01.960+0000] {logging_mixin.py:188} INFO - [2024-01-30T16:21:01.960+0000] {dagbag.py:538} INFO - Filling up the DagBag from /home/airflow/.local/lib/python3.8/site-packages/airflow/example_dags/example_task_group_decorator.py
[2024-01-30T16:21:01.973+0000] {processor.py:840} INFO - DAG(s) 'example_task_group_decorator' retrieved from /home/airflow/.local/lib/python3.8/site-packages/airflow/example_dags/example_task_group_decorator.py
[2024-01-30T16:21:01.997+0000] {logging_mixin.py:188} INFO - [2024-01-30T16:21:01.997+0000] {dag.py:3036} INFO - Sync 1 DAGs
[2024-01-30T16:21:02.016+0000] {logging_mixin.py:188} INFO - [2024-01-30T16:21:02.016+0000] {dag.py:3823} INFO - Setting next_dagrun for example_task_group_decorator to 2024-01-29 00:00:00+00:00, run_after=2024-01-30 00:00:00+00:00
[2024-01-30T16:21:02.033+0000] {processor.py:183} INFO - Processing /home/airflow/.local/lib/python3.8/site-packages/airflow/example_dags/example_task_group_decorator.py took 0.079 seconds
[2024-01-30T16:21:32.224+0000] {processor.py:161} INFO - Started process (PID=597) to work on /home/airflow/.local/lib/python3.8/site-packages/airflow/example_dags/example_task_group_decorator.py
[2024-01-30T16:21:32.225+0000] {processor.py:830} INFO - Processing file /home/airflow/.local/lib/python3.8/site-packages/airflow/example_dags/example_task_group_decorator.py for tasks to queue
[2024-01-30T16:21:32.227+0000] {logging_mixin.py:188} INFO - [2024-01-30T16:21:32.226+0000] {dagbag.py:538} INFO - Filling up the DagBag from /home/airflow/.local/lib/python3.8/site-packages/airflow/example_dags/example_task_group_decorator.py
[2024-01-30T16:21:32.243+0000] {processor.py:840} INFO - DAG(s) 'example_task_group_decorator' retrieved from /home/airflow/.local/lib/python3.8/site-packages/airflow/example_dags/example_task_group_decorator.py
[2024-01-30T16:21:32.269+0000] {logging_mixin.py:188} INFO - [2024-01-30T16:21:32.269+0000] {dag.py:3036} INFO - Sync 1 DAGs
[2024-01-30T16:21:32.289+0000] {logging_mixin.py:188} INFO - [2024-01-30T16:21:32.289+0000] {dag.py:3823} INFO - Setting next_dagrun for example_task_group_decorator to 2024-01-29 00:00:00+00:00, run_after=2024-01-30 00:00:00+00:00
[2024-01-30T16:21:32.307+0000] {processor.py:183} INFO - Processing /home/airflow/.local/lib/python3.8/site-packages/airflow/example_dags/example_task_group_decorator.py took 0.086 seconds
[2024-01-30T16:22:02.385+0000] {processor.py:161} INFO - Started process (PID=652) to work on /home/airflow/.local/lib/python3.8/site-packages/airflow/example_dags/example_task_group_decorator.py
[2024-01-30T16:22:02.386+0000] {processor.py:830} INFO - Processing file /home/airflow/.local/lib/python3.8/site-packages/airflow/example_dags/example_task_group_decorator.py for tasks to queue
[2024-01-30T16:22:02.388+0000] {logging_mixin.py:188} INFO - [2024-01-30T16:22:02.388+0000] {dagbag.py:538} INFO - Filling up the DagBag from /home/airflow/.local/lib/python3.8/site-packages/airflow/example_dags/example_task_group_decorator.py
[2024-01-30T16:22:02.402+0000] {processor.py:840} INFO - DAG(s) 'example_task_group_decorator' retrieved from /home/airflow/.local/lib/python3.8/site-packages/airflow/example_dags/example_task_group_decorator.py
[2024-01-30T16:22:02.429+0000] {logging_mixin.py:188} INFO - [2024-01-30T16:22:02.429+0000] {dag.py:3036} INFO - Sync 1 DAGs
[2024-01-30T16:22:02.451+0000] {logging_mixin.py:188} INFO - [2024-01-30T16:22:02.450+0000] {dag.py:3823} INFO - Setting next_dagrun for example_task_group_decorator to 2024-01-29 00:00:00+00:00, run_after=2024-01-30 00:00:00+00:00
[2024-01-30T16:22:02.470+0000] {processor.py:183} INFO - Processing /home/airflow/.local/lib/python3.8/site-packages/airflow/example_dags/example_task_group_decorator.py took 0.088 seconds
[2024-01-30T16:22:32.607+0000] {processor.py:161} INFO - Started process (PID=707) to work on /home/airflow/.local/lib/python3.8/site-packages/airflow/example_dags/example_task_group_decorator.py
[2024-01-30T16:22:32.608+0000] {processor.py:830} INFO - Processing file /home/airflow/.local/lib/python3.8/site-packages/airflow/example_dags/example_task_group_decorator.py for tasks to queue
[2024-01-30T16:22:32.610+0000] {logging_mixin.py:188} INFO - [2024-01-30T16:22:32.609+0000] {dagbag.py:538} INFO - Filling up the DagBag from /home/airflow/.local/lib/python3.8/site-packages/airflow/example_dags/example_task_group_decorator.py
[2024-01-30T16:22:32.625+0000] {processor.py:840} INFO - DAG(s) 'example_task_group_decorator' retrieved from /home/airflow/.local/lib/python3.8/site-packages/airflow/example_dags/example_task_group_decorator.py
[2024-01-30T16:22:32.652+0000] {logging_mixin.py:188} INFO - [2024-01-30T16:22:32.652+0000] {dag.py:3036} INFO - Sync 1 DAGs
[2024-01-30T16:22:32.673+0000] {logging_mixin.py:188} INFO - [2024-01-30T16:22:32.673+0000] {dag.py:3823} INFO - Setting next_dagrun for example_task_group_decorator to 2024-01-29 00:00:00+00:00, run_after=2024-01-30 00:00:00+00:00
[2024-01-30T16:22:32.693+0000] {processor.py:183} INFO - Processing /home/airflow/.local/lib/python3.8/site-packages/airflow/example_dags/example_task_group_decorator.py took 0.089 seconds
[2024-01-30T16:23:02.860+0000] {processor.py:161} INFO - Started process (PID=762) to work on /home/airflow/.local/lib/python3.8/site-packages/airflow/example_dags/example_task_group_decorator.py
[2024-01-30T16:23:02.861+0000] {processor.py:830} INFO - Processing file /home/airflow/.local/lib/python3.8/site-packages/airflow/example_dags/example_task_group_decorator.py for tasks to queue
[2024-01-30T16:23:02.862+0000] {logging_mixin.py:188} INFO - [2024-01-30T16:23:02.862+0000] {dagbag.py:538} INFO - Filling up the DagBag from /home/airflow/.local/lib/python3.8/site-packages/airflow/example_dags/example_task_group_decorator.py
[2024-01-30T16:23:02.875+0000] {processor.py:840} INFO - DAG(s) 'example_task_group_decorator' retrieved from /home/airflow/.local/lib/python3.8/site-packages/airflow/example_dags/example_task_group_decorator.py
[2024-01-30T16:23:02.899+0000] {logging_mixin.py:188} INFO - [2024-01-30T16:23:02.898+0000] {dag.py:3036} INFO - Sync 1 DAGs
[2024-01-30T16:23:02.917+0000] {logging_mixin.py:188} INFO - [2024-01-30T16:23:02.917+0000] {dag.py:3823} INFO - Setting next_dagrun for example_task_group_decorator to 2024-01-29 00:00:00+00:00, run_after=2024-01-30 00:00:00+00:00
[2024-01-30T16:23:02.936+0000] {processor.py:183} INFO - Processing /home/airflow/.local/lib/python3.8/site-packages/airflow/example_dags/example_task_group_decorator.py took 0.079 seconds
[2024-01-30T16:23:33.513+0000] {processor.py:161} INFO - Started process (PID=817) to work on /home/airflow/.local/lib/python3.8/site-packages/airflow/example_dags/example_task_group_decorator.py
[2024-01-30T16:23:33.514+0000] {processor.py:830} INFO - Processing file /home/airflow/.local/lib/python3.8/site-packages/airflow/example_dags/example_task_group_decorator.py for tasks to queue
[2024-01-30T16:23:33.516+0000] {logging_mixin.py:188} INFO - [2024-01-30T16:23:33.515+0000] {dagbag.py:538} INFO - Filling up the DagBag from /home/airflow/.local/lib/python3.8/site-packages/airflow/example_dags/example_task_group_decorator.py
[2024-01-30T16:23:33.530+0000] {processor.py:840} INFO - DAG(s) 'example_task_group_decorator' retrieved from /home/airflow/.local/lib/python3.8/site-packages/airflow/example_dags/example_task_group_decorator.py
[2024-01-30T16:23:33.555+0000] {logging_mixin.py:188} INFO - [2024-01-30T16:23:33.555+0000] {dag.py:3036} INFO - Sync 1 DAGs
[2024-01-30T16:23:33.575+0000] {logging_mixin.py:188} INFO - [2024-01-30T16:23:33.574+0000] {dag.py:3823} INFO - Setting next_dagrun for example_task_group_decorator to 2024-01-29 00:00:00+00:00, run_after=2024-01-30 00:00:00+00:00
[2024-01-30T16:23:33.594+0000] {processor.py:183} INFO - Processing /home/airflow/.local/lib/python3.8/site-packages/airflow/example_dags/example_task_group_decorator.py took 0.084 seconds
[2024-01-30T16:24:41.833+0000] {processor.py:161} INFO - Started process (PID=47) to work on /home/airflow/.local/lib/python3.8/site-packages/airflow/example_dags/example_task_group_decorator.py
[2024-01-30T16:24:41.834+0000] {processor.py:830} INFO - Processing file /home/airflow/.local/lib/python3.8/site-packages/airflow/example_dags/example_task_group_decorator.py for tasks to queue
[2024-01-30T16:24:41.836+0000] {logging_mixin.py:188} INFO - [2024-01-30T16:24:41.836+0000] {dagbag.py:538} INFO - Filling up the DagBag from /home/airflow/.local/lib/python3.8/site-packages/airflow/example_dags/example_task_group_decorator.py
[2024-01-30T16:24:41.853+0000] {processor.py:840} INFO - DAG(s) 'example_task_group_decorator' retrieved from /home/airflow/.local/lib/python3.8/site-packages/airflow/example_dags/example_task_group_decorator.py
[2024-01-30T16:24:41.867+0000] {logging_mixin.py:188} INFO - [2024-01-30T16:24:41.866+0000] {dag.py:3036} INFO - Sync 1 DAGs
[2024-01-30T16:24:41.891+0000] {logging_mixin.py:188} INFO - [2024-01-30T16:24:41.891+0000] {dag.py:3823} INFO - Setting next_dagrun for example_task_group_decorator to 2024-01-29 00:00:00+00:00, run_after=2024-01-30 00:00:00+00:00
[2024-01-30T16:24:41.911+0000] {processor.py:183} INFO - Processing /home/airflow/.local/lib/python3.8/site-packages/airflow/example_dags/example_task_group_decorator.py took 0.080 seconds
[2024-01-30T16:25:12.717+0000] {processor.py:161} INFO - Started process (PID=102) to work on /home/airflow/.local/lib/python3.8/site-packages/airflow/example_dags/example_task_group_decorator.py
[2024-01-30T16:25:12.718+0000] {processor.py:830} INFO - Processing file /home/airflow/.local/lib/python3.8/site-packages/airflow/example_dags/example_task_group_decorator.py for tasks to queue
[2024-01-30T16:25:12.720+0000] {logging_mixin.py:188} INFO - [2024-01-30T16:25:12.720+0000] {dagbag.py:538} INFO - Filling up the DagBag from /home/airflow/.local/lib/python3.8/site-packages/airflow/example_dags/example_task_group_decorator.py
[2024-01-30T16:25:12.734+0000] {processor.py:840} INFO - DAG(s) 'example_task_group_decorator' retrieved from /home/airflow/.local/lib/python3.8/site-packages/airflow/example_dags/example_task_group_decorator.py
[2024-01-30T16:25:12.836+0000] {logging_mixin.py:188} INFO - [2024-01-30T16:25:12.836+0000] {dag.py:3036} INFO - Sync 1 DAGs
[2024-01-30T16:25:12.856+0000] {logging_mixin.py:188} INFO - [2024-01-30T16:25:12.856+0000] {dag.py:3823} INFO - Setting next_dagrun for example_task_group_decorator to 2024-01-29 00:00:00+00:00, run_after=2024-01-30 00:00:00+00:00
[2024-01-30T16:25:12.875+0000] {processor.py:183} INFO - Processing /home/airflow/.local/lib/python3.8/site-packages/airflow/example_dags/example_task_group_decorator.py took 0.161 seconds
[2024-01-30T16:26:20.568+0000] {processor.py:161} INFO - Started process (PID=47) to work on /home/airflow/.local/lib/python3.8/site-packages/airflow/example_dags/example_task_group_decorator.py
[2024-01-30T16:26:20.569+0000] {processor.py:830} INFO - Processing file /home/airflow/.local/lib/python3.8/site-packages/airflow/example_dags/example_task_group_decorator.py for tasks to queue
[2024-01-30T16:26:20.571+0000] {logging_mixin.py:188} INFO - [2024-01-30T16:26:20.571+0000] {dagbag.py:538} INFO - Filling up the DagBag from /home/airflow/.local/lib/python3.8/site-packages/airflow/example_dags/example_task_group_decorator.py
[2024-01-30T16:26:20.587+0000] {processor.py:840} INFO - DAG(s) 'example_task_group_decorator' retrieved from /home/airflow/.local/lib/python3.8/site-packages/airflow/example_dags/example_task_group_decorator.py
[2024-01-30T16:26:20.599+0000] {logging_mixin.py:188} INFO - [2024-01-30T16:26:20.599+0000] {dag.py:3036} INFO - Sync 1 DAGs
[2024-01-30T16:26:20.622+0000] {logging_mixin.py:188} INFO - [2024-01-30T16:26:20.621+0000] {dag.py:3823} INFO - Setting next_dagrun for example_task_group_decorator to 2024-01-29 00:00:00+00:00, run_after=2024-01-30 00:00:00+00:00
[2024-01-30T16:26:20.642+0000] {processor.py:183} INFO - Processing /home/airflow/.local/lib/python3.8/site-packages/airflow/example_dags/example_task_group_decorator.py took 0.077 seconds
[2024-01-30T16:26:51.407+0000] {processor.py:161} INFO - Started process (PID=102) to work on /home/airflow/.local/lib/python3.8/site-packages/airflow/example_dags/example_task_group_decorator.py
[2024-01-30T16:26:51.408+0000] {processor.py:830} INFO - Processing file /home/airflow/.local/lib/python3.8/site-packages/airflow/example_dags/example_task_group_decorator.py for tasks to queue
[2024-01-30T16:26:51.409+0000] {logging_mixin.py:188} INFO - [2024-01-30T16:26:51.409+0000] {dagbag.py:538} INFO - Filling up the DagBag from /home/airflow/.local/lib/python3.8/site-packages/airflow/example_dags/example_task_group_decorator.py
[2024-01-30T16:26:51.424+0000] {processor.py:840} INFO - DAG(s) 'example_task_group_decorator' retrieved from /home/airflow/.local/lib/python3.8/site-packages/airflow/example_dags/example_task_group_decorator.py
[2024-01-30T16:26:51.535+0000] {logging_mixin.py:188} INFO - [2024-01-30T16:26:51.535+0000] {dag.py:3036} INFO - Sync 1 DAGs
[2024-01-30T16:26:51.553+0000] {logging_mixin.py:188} INFO - [2024-01-30T16:26:51.553+0000] {dag.py:3823} INFO - Setting next_dagrun for example_task_group_decorator to 2024-01-29 00:00:00+00:00, run_after=2024-01-30 00:00:00+00:00
[2024-01-30T16:26:51.572+0000] {processor.py:183} INFO - Processing /home/airflow/.local/lib/python3.8/site-packages/airflow/example_dags/example_task_group_decorator.py took 0.168 seconds
[2024-01-30T16:27:21.647+0000] {processor.py:161} INFO - Started process (PID=157) to work on /home/airflow/.local/lib/python3.8/site-packages/airflow/example_dags/example_task_group_decorator.py
[2024-01-30T16:27:21.648+0000] {processor.py:830} INFO - Processing file /home/airflow/.local/lib/python3.8/site-packages/airflow/example_dags/example_task_group_decorator.py for tasks to queue
[2024-01-30T16:27:21.650+0000] {logging_mixin.py:188} INFO - [2024-01-30T16:27:21.650+0000] {dagbag.py:538} INFO - Filling up the DagBag from /home/airflow/.local/lib/python3.8/site-packages/airflow/example_dags/example_task_group_decorator.py
[2024-01-30T16:27:21.665+0000] {processor.py:840} INFO - DAG(s) 'example_task_group_decorator' retrieved from /home/airflow/.local/lib/python3.8/site-packages/airflow/example_dags/example_task_group_decorator.py
[2024-01-30T16:27:21.690+0000] {logging_mixin.py:188} INFO - [2024-01-30T16:27:21.690+0000] {dag.py:3036} INFO - Sync 1 DAGs
[2024-01-30T16:27:21.710+0000] {logging_mixin.py:188} INFO - [2024-01-30T16:27:21.710+0000] {dag.py:3823} INFO - Setting next_dagrun for example_task_group_decorator to 2024-01-29 00:00:00+00:00, run_after=2024-01-30 00:00:00+00:00
[2024-01-30T16:27:21.728+0000] {processor.py:183} INFO - Processing /home/airflow/.local/lib/python3.8/site-packages/airflow/example_dags/example_task_group_decorator.py took 0.085 seconds
[2024-01-30T16:27:52.014+0000] {processor.py:161} INFO - Started process (PID=212) to work on /home/airflow/.local/lib/python3.8/site-packages/airflow/example_dags/example_task_group_decorator.py
[2024-01-30T16:27:52.015+0000] {processor.py:830} INFO - Processing file /home/airflow/.local/lib/python3.8/site-packages/airflow/example_dags/example_task_group_decorator.py for tasks to queue
[2024-01-30T16:27:52.017+0000] {logging_mixin.py:188} INFO - [2024-01-30T16:27:52.017+0000] {dagbag.py:538} INFO - Filling up the DagBag from /home/airflow/.local/lib/python3.8/site-packages/airflow/example_dags/example_task_group_decorator.py
[2024-01-30T16:27:52.031+0000] {processor.py:840} INFO - DAG(s) 'example_task_group_decorator' retrieved from /home/airflow/.local/lib/python3.8/site-packages/airflow/example_dags/example_task_group_decorator.py
[2024-01-30T16:27:52.054+0000] {logging_mixin.py:188} INFO - [2024-01-30T16:27:52.054+0000] {dag.py:3036} INFO - Sync 1 DAGs
[2024-01-30T16:27:52.074+0000] {logging_mixin.py:188} INFO - [2024-01-30T16:27:52.073+0000] {dag.py:3823} INFO - Setting next_dagrun for example_task_group_decorator to 2024-01-29 00:00:00+00:00, run_after=2024-01-30 00:00:00+00:00
[2024-01-30T16:27:52.091+0000] {processor.py:183} INFO - Processing /home/airflow/.local/lib/python3.8/site-packages/airflow/example_dags/example_task_group_decorator.py took 0.079 seconds
[2024-01-30T16:28:22.631+0000] {processor.py:161} INFO - Started process (PID=267) to work on /home/airflow/.local/lib/python3.8/site-packages/airflow/example_dags/example_task_group_decorator.py
[2024-01-30T16:28:22.632+0000] {processor.py:830} INFO - Processing file /home/airflow/.local/lib/python3.8/site-packages/airflow/example_dags/example_task_group_decorator.py for tasks to queue
[2024-01-30T16:28:22.633+0000] {logging_mixin.py:188} INFO - [2024-01-30T16:28:22.633+0000] {dagbag.py:538} INFO - Filling up the DagBag from /home/airflow/.local/lib/python3.8/site-packages/airflow/example_dags/example_task_group_decorator.py
[2024-01-30T16:28:22.647+0000] {processor.py:840} INFO - DAG(s) 'example_task_group_decorator' retrieved from /home/airflow/.local/lib/python3.8/site-packages/airflow/example_dags/example_task_group_decorator.py
[2024-01-30T16:28:22.672+0000] {logging_mixin.py:188} INFO - [2024-01-30T16:28:22.671+0000] {dag.py:3036} INFO - Sync 1 DAGs
[2024-01-30T16:28:22.693+0000] {logging_mixin.py:188} INFO - [2024-01-30T16:28:22.693+0000] {dag.py:3823} INFO - Setting next_dagrun for example_task_group_decorator to 2024-01-29 00:00:00+00:00, run_after=2024-01-30 00:00:00+00:00
[2024-01-30T16:28:22.712+0000] {processor.py:183} INFO - Processing /home/airflow/.local/lib/python3.8/site-packages/airflow/example_dags/example_task_group_decorator.py took 0.084 seconds
[2024-01-30T16:28:53.304+0000] {processor.py:161} INFO - Started process (PID=322) to work on /home/airflow/.local/lib/python3.8/site-packages/airflow/example_dags/example_task_group_decorator.py
[2024-01-30T16:28:53.305+0000] {processor.py:830} INFO - Processing file /home/airflow/.local/lib/python3.8/site-packages/airflow/example_dags/example_task_group_decorator.py for tasks to queue
[2024-01-30T16:28:53.307+0000] {logging_mixin.py:188} INFO - [2024-01-30T16:28:53.306+0000] {dagbag.py:538} INFO - Filling up the DagBag from /home/airflow/.local/lib/python3.8/site-packages/airflow/example_dags/example_task_group_decorator.py
[2024-01-30T16:28:53.321+0000] {processor.py:840} INFO - DAG(s) 'example_task_group_decorator' retrieved from /home/airflow/.local/lib/python3.8/site-packages/airflow/example_dags/example_task_group_decorator.py
[2024-01-30T16:28:53.354+0000] {logging_mixin.py:188} INFO - [2024-01-30T16:28:53.353+0000] {dag.py:3036} INFO - Sync 1 DAGs
[2024-01-30T16:28:53.375+0000] {logging_mixin.py:188} INFO - [2024-01-30T16:28:53.375+0000] {dag.py:3823} INFO - Setting next_dagrun for example_task_group_decorator to 2024-01-29 00:00:00+00:00, run_after=2024-01-30 00:00:00+00:00
[2024-01-30T16:28:53.395+0000] {processor.py:183} INFO - Processing /home/airflow/.local/lib/python3.8/site-packages/airflow/example_dags/example_task_group_decorator.py took 0.094 seconds
[2024-01-30T16:29:24.003+0000] {processor.py:161} INFO - Started process (PID=377) to work on /home/airflow/.local/lib/python3.8/site-packages/airflow/example_dags/example_task_group_decorator.py
[2024-01-30T16:29:24.004+0000] {processor.py:830} INFO - Processing file /home/airflow/.local/lib/python3.8/site-packages/airflow/example_dags/example_task_group_decorator.py for tasks to queue
[2024-01-30T16:29:24.006+0000] {logging_mixin.py:188} INFO - [2024-01-30T16:29:24.006+0000] {dagbag.py:538} INFO - Filling up the DagBag from /home/airflow/.local/lib/python3.8/site-packages/airflow/example_dags/example_task_group_decorator.py
[2024-01-30T16:29:24.022+0000] {processor.py:840} INFO - DAG(s) 'example_task_group_decorator' retrieved from /home/airflow/.local/lib/python3.8/site-packages/airflow/example_dags/example_task_group_decorator.py
[2024-01-30T16:29:24.047+0000] {logging_mixin.py:188} INFO - [2024-01-30T16:29:24.047+0000] {dag.py:3036} INFO - Sync 1 DAGs
[2024-01-30T16:29:24.068+0000] {logging_mixin.py:188} INFO - [2024-01-30T16:29:24.067+0000] {dag.py:3823} INFO - Setting next_dagrun for example_task_group_decorator to 2024-01-29 00:00:00+00:00, run_after=2024-01-30 00:00:00+00:00
[2024-01-30T16:29:24.086+0000] {processor.py:183} INFO - Processing /home/airflow/.local/lib/python3.8/site-packages/airflow/example_dags/example_task_group_decorator.py took 0.086 seconds
[2024-01-30T16:29:54.655+0000] {processor.py:161} INFO - Started process (PID=432) to work on /home/airflow/.local/lib/python3.8/site-packages/airflow/example_dags/example_task_group_decorator.py
[2024-01-30T16:29:54.656+0000] {processor.py:830} INFO - Processing file /home/airflow/.local/lib/python3.8/site-packages/airflow/example_dags/example_task_group_decorator.py for tasks to queue
[2024-01-30T16:29:54.657+0000] {logging_mixin.py:188} INFO - [2024-01-30T16:29:54.657+0000] {dagbag.py:538} INFO - Filling up the DagBag from /home/airflow/.local/lib/python3.8/site-packages/airflow/example_dags/example_task_group_decorator.py
[2024-01-30T16:29:54.672+0000] {processor.py:840} INFO - DAG(s) 'example_task_group_decorator' retrieved from /home/airflow/.local/lib/python3.8/site-packages/airflow/example_dags/example_task_group_decorator.py
[2024-01-30T16:29:54.700+0000] {logging_mixin.py:188} INFO - [2024-01-30T16:29:54.700+0000] {dag.py:3036} INFO - Sync 1 DAGs
[2024-01-30T16:29:54.721+0000] {logging_mixin.py:188} INFO - [2024-01-30T16:29:54.721+0000] {dag.py:3823} INFO - Setting next_dagrun for example_task_group_decorator to 2024-01-29 00:00:00+00:00, run_after=2024-01-30 00:00:00+00:00
[2024-01-30T16:29:54.742+0000] {processor.py:183} INFO - Processing /home/airflow/.local/lib/python3.8/site-packages/airflow/example_dags/example_task_group_decorator.py took 0.090 seconds
[2024-01-30T16:30:25.494+0000] {processor.py:161} INFO - Started process (PID=487) to work on /home/airflow/.local/lib/python3.8/site-packages/airflow/example_dags/example_task_group_decorator.py
[2024-01-30T16:30:25.495+0000] {processor.py:830} INFO - Processing file /home/airflow/.local/lib/python3.8/site-packages/airflow/example_dags/example_task_group_decorator.py for tasks to queue
[2024-01-30T16:30:25.497+0000] {logging_mixin.py:188} INFO - [2024-01-30T16:30:25.497+0000] {dagbag.py:538} INFO - Filling up the DagBag from /home/airflow/.local/lib/python3.8/site-packages/airflow/example_dags/example_task_group_decorator.py
[2024-01-30T16:30:25.512+0000] {processor.py:840} INFO - DAG(s) 'example_task_group_decorator' retrieved from /home/airflow/.local/lib/python3.8/site-packages/airflow/example_dags/example_task_group_decorator.py
[2024-01-30T16:30:25.538+0000] {logging_mixin.py:188} INFO - [2024-01-30T16:30:25.537+0000] {dag.py:3036} INFO - Sync 1 DAGs
[2024-01-30T16:30:25.560+0000] {logging_mixin.py:188} INFO - [2024-01-30T16:30:25.560+0000] {dag.py:3823} INFO - Setting next_dagrun for example_task_group_decorator to 2024-01-29 00:00:00+00:00, run_after=2024-01-30 00:00:00+00:00
[2024-01-30T16:30:25.582+0000] {processor.py:183} INFO - Processing /home/airflow/.local/lib/python3.8/site-packages/airflow/example_dags/example_task_group_decorator.py took 0.091 seconds
[2024-01-30T16:30:55.702+0000] {processor.py:161} INFO - Started process (PID=542) to work on /home/airflow/.local/lib/python3.8/site-packages/airflow/example_dags/example_task_group_decorator.py
[2024-01-30T16:30:55.703+0000] {processor.py:830} INFO - Processing file /home/airflow/.local/lib/python3.8/site-packages/airflow/example_dags/example_task_group_decorator.py for tasks to queue
[2024-01-30T16:30:55.705+0000] {logging_mixin.py:188} INFO - [2024-01-30T16:30:55.704+0000] {dagbag.py:538} INFO - Filling up the DagBag from /home/airflow/.local/lib/python3.8/site-packages/airflow/example_dags/example_task_group_decorator.py
[2024-01-30T16:30:55.720+0000] {processor.py:840} INFO - DAG(s) 'example_task_group_decorator' retrieved from /home/airflow/.local/lib/python3.8/site-packages/airflow/example_dags/example_task_group_decorator.py
[2024-01-30T16:30:55.749+0000] {logging_mixin.py:188} INFO - [2024-01-30T16:30:55.749+0000] {dag.py:3036} INFO - Sync 1 DAGs
[2024-01-30T16:30:55.772+0000] {logging_mixin.py:188} INFO - [2024-01-30T16:30:55.772+0000] {dag.py:3823} INFO - Setting next_dagrun for example_task_group_decorator to 2024-01-29 00:00:00+00:00, run_after=2024-01-30 00:00:00+00:00
[2024-01-30T16:30:55.791+0000] {processor.py:183} INFO - Processing /home/airflow/.local/lib/python3.8/site-packages/airflow/example_dags/example_task_group_decorator.py took 0.092 seconds
[2024-01-30T16:31:26.156+0000] {processor.py:161} INFO - Started process (PID=597) to work on /home/airflow/.local/lib/python3.8/site-packages/airflow/example_dags/example_task_group_decorator.py
[2024-01-30T16:31:26.157+0000] {processor.py:830} INFO - Processing file /home/airflow/.local/lib/python3.8/site-packages/airflow/example_dags/example_task_group_decorator.py for tasks to queue
[2024-01-30T16:31:26.158+0000] {logging_mixin.py:188} INFO - [2024-01-30T16:31:26.158+0000] {dagbag.py:538} INFO - Filling up the DagBag from /home/airflow/.local/lib/python3.8/site-packages/airflow/example_dags/example_task_group_decorator.py
[2024-01-30T16:31:26.172+0000] {processor.py:840} INFO - DAG(s) 'example_task_group_decorator' retrieved from /home/airflow/.local/lib/python3.8/site-packages/airflow/example_dags/example_task_group_decorator.py
[2024-01-30T16:31:26.195+0000] {logging_mixin.py:188} INFO - [2024-01-30T16:31:26.195+0000] {dag.py:3036} INFO - Sync 1 DAGs
[2024-01-30T16:31:26.215+0000] {logging_mixin.py:188} INFO - [2024-01-30T16:31:26.215+0000] {dag.py:3823} INFO - Setting next_dagrun for example_task_group_decorator to 2024-01-29 00:00:00+00:00, run_after=2024-01-30 00:00:00+00:00
[2024-01-30T16:31:26.233+0000] {processor.py:183} INFO - Processing /home/airflow/.local/lib/python3.8/site-packages/airflow/example_dags/example_task_group_decorator.py took 0.081 seconds
[2024-01-30T16:31:56.479+0000] {processor.py:161} INFO - Started process (PID=652) to work on /home/airflow/.local/lib/python3.8/site-packages/airflow/example_dags/example_task_group_decorator.py
[2024-01-30T16:31:56.480+0000] {processor.py:830} INFO - Processing file /home/airflow/.local/lib/python3.8/site-packages/airflow/example_dags/example_task_group_decorator.py for tasks to queue
[2024-01-30T16:31:56.481+0000] {logging_mixin.py:188} INFO - [2024-01-30T16:31:56.481+0000] {dagbag.py:538} INFO - Filling up the DagBag from /home/airflow/.local/lib/python3.8/site-packages/airflow/example_dags/example_task_group_decorator.py
[2024-01-30T16:31:56.495+0000] {processor.py:840} INFO - DAG(s) 'example_task_group_decorator' retrieved from /home/airflow/.local/lib/python3.8/site-packages/airflow/example_dags/example_task_group_decorator.py
[2024-01-30T16:31:56.519+0000] {logging_mixin.py:188} INFO - [2024-01-30T16:31:56.519+0000] {dag.py:3036} INFO - Sync 1 DAGs
[2024-01-30T16:31:56.538+0000] {logging_mixin.py:188} INFO - [2024-01-30T16:31:56.538+0000] {dag.py:3823} INFO - Setting next_dagrun for example_task_group_decorator to 2024-01-29 00:00:00+00:00, run_after=2024-01-30 00:00:00+00:00
[2024-01-30T16:31:56.556+0000] {processor.py:183} INFO - Processing /home/airflow/.local/lib/python3.8/site-packages/airflow/example_dags/example_task_group_decorator.py took 0.080 seconds
[2024-01-30T16:32:26.674+0000] {processor.py:161} INFO - Started process (PID=707) to work on /home/airflow/.local/lib/python3.8/site-packages/airflow/example_dags/example_task_group_decorator.py
[2024-01-30T16:32:26.675+0000] {processor.py:830} INFO - Processing file /home/airflow/.local/lib/python3.8/site-packages/airflow/example_dags/example_task_group_decorator.py for tasks to queue
[2024-01-30T16:32:26.677+0000] {logging_mixin.py:188} INFO - [2024-01-30T16:32:26.676+0000] {dagbag.py:538} INFO - Filling up the DagBag from /home/airflow/.local/lib/python3.8/site-packages/airflow/example_dags/example_task_group_decorator.py
[2024-01-30T16:32:26.690+0000] {processor.py:840} INFO - DAG(s) 'example_task_group_decorator' retrieved from /home/airflow/.local/lib/python3.8/site-packages/airflow/example_dags/example_task_group_decorator.py
[2024-01-30T16:32:26.714+0000] {logging_mixin.py:188} INFO - [2024-01-30T16:32:26.713+0000] {dag.py:3036} INFO - Sync 1 DAGs
[2024-01-30T16:32:26.733+0000] {logging_mixin.py:188} INFO - [2024-01-30T16:32:26.733+0000] {dag.py:3823} INFO - Setting next_dagrun for example_task_group_decorator to 2024-01-29 00:00:00+00:00, run_after=2024-01-30 00:00:00+00:00
[2024-01-30T16:32:26.750+0000] {processor.py:183} INFO - Processing /home/airflow/.local/lib/python3.8/site-packages/airflow/example_dags/example_task_group_decorator.py took 0.079 seconds
[2024-01-30T16:32:56.979+0000] {processor.py:161} INFO - Started process (PID=762) to work on /home/airflow/.local/lib/python3.8/site-packages/airflow/example_dags/example_task_group_decorator.py
[2024-01-30T16:32:56.980+0000] {processor.py:830} INFO - Processing file /home/airflow/.local/lib/python3.8/site-packages/airflow/example_dags/example_task_group_decorator.py for tasks to queue
[2024-01-30T16:32:56.982+0000] {logging_mixin.py:188} INFO - [2024-01-30T16:32:56.982+0000] {dagbag.py:538} INFO - Filling up the DagBag from /home/airflow/.local/lib/python3.8/site-packages/airflow/example_dags/example_task_group_decorator.py
[2024-01-30T16:32:56.996+0000] {processor.py:840} INFO - DAG(s) 'example_task_group_decorator' retrieved from /home/airflow/.local/lib/python3.8/site-packages/airflow/example_dags/example_task_group_decorator.py
[2024-01-30T16:32:57.021+0000] {logging_mixin.py:188} INFO - [2024-01-30T16:32:57.021+0000] {dag.py:3036} INFO - Sync 1 DAGs
[2024-01-30T16:32:57.041+0000] {logging_mixin.py:188} INFO - [2024-01-30T16:32:57.041+0000] {dag.py:3823} INFO - Setting next_dagrun for example_task_group_decorator to 2024-01-29 00:00:00+00:00, run_after=2024-01-30 00:00:00+00:00
[2024-01-30T16:32:57.060+0000] {processor.py:183} INFO - Processing /home/airflow/.local/lib/python3.8/site-packages/airflow/example_dags/example_task_group_decorator.py took 0.084 seconds
[2024-01-30T16:33:27.298+0000] {processor.py:161} INFO - Started process (PID=817) to work on /home/airflow/.local/lib/python3.8/site-packages/airflow/example_dags/example_task_group_decorator.py
[2024-01-30T16:33:27.299+0000] {processor.py:830} INFO - Processing file /home/airflow/.local/lib/python3.8/site-packages/airflow/example_dags/example_task_group_decorator.py for tasks to queue
[2024-01-30T16:33:27.300+0000] {logging_mixin.py:188} INFO - [2024-01-30T16:33:27.300+0000] {dagbag.py:538} INFO - Filling up the DagBag from /home/airflow/.local/lib/python3.8/site-packages/airflow/example_dags/example_task_group_decorator.py
[2024-01-30T16:33:27.314+0000] {processor.py:840} INFO - DAG(s) 'example_task_group_decorator' retrieved from /home/airflow/.local/lib/python3.8/site-packages/airflow/example_dags/example_task_group_decorator.py
[2024-01-30T16:33:27.337+0000] {logging_mixin.py:188} INFO - [2024-01-30T16:33:27.337+0000] {dag.py:3036} INFO - Sync 1 DAGs
[2024-01-30T16:33:27.359+0000] {logging_mixin.py:188} INFO - [2024-01-30T16:33:27.358+0000] {dag.py:3823} INFO - Setting next_dagrun for example_task_group_decorator to 2024-01-29 00:00:00+00:00, run_after=2024-01-30 00:00:00+00:00
[2024-01-30T16:33:27.380+0000] {processor.py:183} INFO - Processing /home/airflow/.local/lib/python3.8/site-packages/airflow/example_dags/example_task_group_decorator.py took 0.085 seconds
[2024-01-30T16:33:57.698+0000] {processor.py:161} INFO - Started process (PID=872) to work on /home/airflow/.local/lib/python3.8/site-packages/airflow/example_dags/example_task_group_decorator.py
[2024-01-30T16:33:57.699+0000] {processor.py:830} INFO - Processing file /home/airflow/.local/lib/python3.8/site-packages/airflow/example_dags/example_task_group_decorator.py for tasks to queue
[2024-01-30T16:33:57.700+0000] {logging_mixin.py:188} INFO - [2024-01-30T16:33:57.700+0000] {dagbag.py:538} INFO - Filling up the DagBag from /home/airflow/.local/lib/python3.8/site-packages/airflow/example_dags/example_task_group_decorator.py
[2024-01-30T16:33:57.714+0000] {processor.py:840} INFO - DAG(s) 'example_task_group_decorator' retrieved from /home/airflow/.local/lib/python3.8/site-packages/airflow/example_dags/example_task_group_decorator.py
[2024-01-30T16:33:57.738+0000] {logging_mixin.py:188} INFO - [2024-01-30T16:33:57.738+0000] {dag.py:3036} INFO - Sync 1 DAGs
[2024-01-30T16:33:57.757+0000] {logging_mixin.py:188} INFO - [2024-01-30T16:33:57.757+0000] {dag.py:3823} INFO - Setting next_dagrun for example_task_group_decorator to 2024-01-29 00:00:00+00:00, run_after=2024-01-30 00:00:00+00:00
[2024-01-30T16:33:57.775+0000] {processor.py:183} INFO - Processing /home/airflow/.local/lib/python3.8/site-packages/airflow/example_dags/example_task_group_decorator.py took 0.080 seconds
[2024-01-30T16:34:28.039+0000] {processor.py:161} INFO - Started process (PID=927) to work on /home/airflow/.local/lib/python3.8/site-packages/airflow/example_dags/example_task_group_decorator.py
[2024-01-30T16:34:28.040+0000] {processor.py:830} INFO - Processing file /home/airflow/.local/lib/python3.8/site-packages/airflow/example_dags/example_task_group_decorator.py for tasks to queue
[2024-01-30T16:34:28.042+0000] {logging_mixin.py:188} INFO - [2024-01-30T16:34:28.042+0000] {dagbag.py:538} INFO - Filling up the DagBag from /home/airflow/.local/lib/python3.8/site-packages/airflow/example_dags/example_task_group_decorator.py
[2024-01-30T16:34:28.055+0000] {processor.py:840} INFO - DAG(s) 'example_task_group_decorator' retrieved from /home/airflow/.local/lib/python3.8/site-packages/airflow/example_dags/example_task_group_decorator.py
[2024-01-30T16:34:28.080+0000] {logging_mixin.py:188} INFO - [2024-01-30T16:34:28.080+0000] {dag.py:3036} INFO - Sync 1 DAGs
[2024-01-30T16:34:28.099+0000] {logging_mixin.py:188} INFO - [2024-01-30T16:34:28.099+0000] {dag.py:3823} INFO - Setting next_dagrun for example_task_group_decorator to 2024-01-29 00:00:00+00:00, run_after=2024-01-30 00:00:00+00:00
[2024-01-30T16:34:28.117+0000] {processor.py:183} INFO - Processing /home/airflow/.local/lib/python3.8/site-packages/airflow/example_dags/example_task_group_decorator.py took 0.081 seconds
[2024-01-30T16:34:58.414+0000] {processor.py:161} INFO - Started process (PID=982) to work on /home/airflow/.local/lib/python3.8/site-packages/airflow/example_dags/example_task_group_decorator.py
[2024-01-30T16:34:58.415+0000] {processor.py:830} INFO - Processing file /home/airflow/.local/lib/python3.8/site-packages/airflow/example_dags/example_task_group_decorator.py for tasks to queue
[2024-01-30T16:34:58.417+0000] {logging_mixin.py:188} INFO - [2024-01-30T16:34:58.417+0000] {dagbag.py:538} INFO - Filling up the DagBag from /home/airflow/.local/lib/python3.8/site-packages/airflow/example_dags/example_task_group_decorator.py
[2024-01-30T16:34:58.430+0000] {processor.py:840} INFO - DAG(s) 'example_task_group_decorator' retrieved from /home/airflow/.local/lib/python3.8/site-packages/airflow/example_dags/example_task_group_decorator.py
[2024-01-30T16:34:58.455+0000] {logging_mixin.py:188} INFO - [2024-01-30T16:34:58.455+0000] {dag.py:3036} INFO - Sync 1 DAGs
[2024-01-30T16:34:58.475+0000] {logging_mixin.py:188} INFO - [2024-01-30T16:34:58.475+0000] {dag.py:3823} INFO - Setting next_dagrun for example_task_group_decorator to 2024-01-29 00:00:00+00:00, run_after=2024-01-30 00:00:00+00:00
[2024-01-30T16:34:58.493+0000] {processor.py:183} INFO - Processing /home/airflow/.local/lib/python3.8/site-packages/airflow/example_dags/example_task_group_decorator.py took 0.082 seconds
[2024-01-30T16:35:28.598+0000] {processor.py:161} INFO - Started process (PID=1037) to work on /home/airflow/.local/lib/python3.8/site-packages/airflow/example_dags/example_task_group_decorator.py
[2024-01-30T16:35:28.599+0000] {processor.py:830} INFO - Processing file /home/airflow/.local/lib/python3.8/site-packages/airflow/example_dags/example_task_group_decorator.py for tasks to queue
[2024-01-30T16:35:28.601+0000] {logging_mixin.py:188} INFO - [2024-01-30T16:35:28.600+0000] {dagbag.py:538} INFO - Filling up the DagBag from /home/airflow/.local/lib/python3.8/site-packages/airflow/example_dags/example_task_group_decorator.py
[2024-01-30T16:35:28.614+0000] {processor.py:840} INFO - DAG(s) 'example_task_group_decorator' retrieved from /home/airflow/.local/lib/python3.8/site-packages/airflow/example_dags/example_task_group_decorator.py
[2024-01-30T16:35:28.638+0000] {logging_mixin.py:188} INFO - [2024-01-30T16:35:28.638+0000] {dag.py:3036} INFO - Sync 1 DAGs
[2024-01-30T16:35:28.657+0000] {logging_mixin.py:188} INFO - [2024-01-30T16:35:28.656+0000] {dag.py:3823} INFO - Setting next_dagrun for example_task_group_decorator to 2024-01-29 00:00:00+00:00, run_after=2024-01-30 00:00:00+00:00
[2024-01-30T16:35:28.675+0000] {processor.py:183} INFO - Processing /home/airflow/.local/lib/python3.8/site-packages/airflow/example_dags/example_task_group_decorator.py took 0.080 seconds
[2024-01-30T16:35:58.750+0000] {processor.py:161} INFO - Started process (PID=1092) to work on /home/airflow/.local/lib/python3.8/site-packages/airflow/example_dags/example_task_group_decorator.py
[2024-01-30T16:35:58.751+0000] {processor.py:830} INFO - Processing file /home/airflow/.local/lib/python3.8/site-packages/airflow/example_dags/example_task_group_decorator.py for tasks to queue
[2024-01-30T16:35:58.752+0000] {logging_mixin.py:188} INFO - [2024-01-30T16:35:58.752+0000] {dagbag.py:538} INFO - Filling up the DagBag from /home/airflow/.local/lib/python3.8/site-packages/airflow/example_dags/example_task_group_decorator.py
[2024-01-30T16:35:58.766+0000] {processor.py:840} INFO - DAG(s) 'example_task_group_decorator' retrieved from /home/airflow/.local/lib/python3.8/site-packages/airflow/example_dags/example_task_group_decorator.py
[2024-01-30T16:35:58.791+0000] {logging_mixin.py:188} INFO - [2024-01-30T16:35:58.790+0000] {dag.py:3036} INFO - Sync 1 DAGs
[2024-01-30T16:35:58.815+0000] {logging_mixin.py:188} INFO - [2024-01-30T16:35:58.815+0000] {dag.py:3823} INFO - Setting next_dagrun for example_task_group_decorator to 2024-01-29 00:00:00+00:00, run_after=2024-01-30 00:00:00+00:00
[2024-01-30T16:35:58.836+0000] {processor.py:183} INFO - Processing /home/airflow/.local/lib/python3.8/site-packages/airflow/example_dags/example_task_group_decorator.py took 0.089 seconds
[2024-01-30T16:36:29.710+0000] {processor.py:161} INFO - Started process (PID=1147) to work on /home/airflow/.local/lib/python3.8/site-packages/airflow/example_dags/example_task_group_decorator.py
[2024-01-30T16:36:29.711+0000] {processor.py:830} INFO - Processing file /home/airflow/.local/lib/python3.8/site-packages/airflow/example_dags/example_task_group_decorator.py for tasks to queue
[2024-01-30T16:36:29.713+0000] {logging_mixin.py:188} INFO - [2024-01-30T16:36:29.712+0000] {dagbag.py:538} INFO - Filling up the DagBag from /home/airflow/.local/lib/python3.8/site-packages/airflow/example_dags/example_task_group_decorator.py
[2024-01-30T16:36:29.727+0000] {processor.py:840} INFO - DAG(s) 'example_task_group_decorator' retrieved from /home/airflow/.local/lib/python3.8/site-packages/airflow/example_dags/example_task_group_decorator.py
[2024-01-30T16:36:29.752+0000] {logging_mixin.py:188} INFO - [2024-01-30T16:36:29.751+0000] {dag.py:3036} INFO - Sync 1 DAGs
[2024-01-30T16:36:29.773+0000] {logging_mixin.py:188} INFO - [2024-01-30T16:36:29.773+0000] {dag.py:3823} INFO - Setting next_dagrun for example_task_group_decorator to 2024-01-29 00:00:00+00:00, run_after=2024-01-30 00:00:00+00:00
[2024-01-30T16:36:29.792+0000] {processor.py:183} INFO - Processing /home/airflow/.local/lib/python3.8/site-packages/airflow/example_dags/example_task_group_decorator.py took 0.085 seconds
[2024-01-30T16:36:59.842+0000] {processor.py:161} INFO - Started process (PID=1202) to work on /home/airflow/.local/lib/python3.8/site-packages/airflow/example_dags/example_task_group_decorator.py
[2024-01-30T16:36:59.843+0000] {processor.py:830} INFO - Processing file /home/airflow/.local/lib/python3.8/site-packages/airflow/example_dags/example_task_group_decorator.py for tasks to queue
[2024-01-30T16:36:59.845+0000] {logging_mixin.py:188} INFO - [2024-01-30T16:36:59.845+0000] {dagbag.py:538} INFO - Filling up the DagBag from /home/airflow/.local/lib/python3.8/site-packages/airflow/example_dags/example_task_group_decorator.py
[2024-01-30T16:36:59.861+0000] {processor.py:840} INFO - DAG(s) 'example_task_group_decorator' retrieved from /home/airflow/.local/lib/python3.8/site-packages/airflow/example_dags/example_task_group_decorator.py
[2024-01-30T16:36:59.892+0000] {logging_mixin.py:188} INFO - [2024-01-30T16:36:59.892+0000] {dag.py:3036} INFO - Sync 1 DAGs
[2024-01-30T16:36:59.917+0000] {logging_mixin.py:188} INFO - [2024-01-30T16:36:59.917+0000] {dag.py:3823} INFO - Setting next_dagrun for example_task_group_decorator to 2024-01-29 00:00:00+00:00, run_after=2024-01-30 00:00:00+00:00
[2024-01-30T16:36:59.937+0000] {processor.py:183} INFO - Processing /home/airflow/.local/lib/python3.8/site-packages/airflow/example_dags/example_task_group_decorator.py took 0.099 seconds
[2024-01-30T16:37:30.710+0000] {processor.py:161} INFO - Started process (PID=1257) to work on /home/airflow/.local/lib/python3.8/site-packages/airflow/example_dags/example_task_group_decorator.py
[2024-01-30T16:37:30.711+0000] {processor.py:830} INFO - Processing file /home/airflow/.local/lib/python3.8/site-packages/airflow/example_dags/example_task_group_decorator.py for tasks to queue
[2024-01-30T16:37:30.713+0000] {logging_mixin.py:188} INFO - [2024-01-30T16:37:30.713+0000] {dagbag.py:538} INFO - Filling up the DagBag from /home/airflow/.local/lib/python3.8/site-packages/airflow/example_dags/example_task_group_decorator.py
[2024-01-30T16:37:30.728+0000] {processor.py:840} INFO - DAG(s) 'example_task_group_decorator' retrieved from /home/airflow/.local/lib/python3.8/site-packages/airflow/example_dags/example_task_group_decorator.py
[2024-01-30T16:37:30.755+0000] {logging_mixin.py:188} INFO - [2024-01-30T16:37:30.755+0000] {dag.py:3036} INFO - Sync 1 DAGs
[2024-01-30T16:37:30.776+0000] {logging_mixin.py:188} INFO - [2024-01-30T16:37:30.775+0000] {dag.py:3823} INFO - Setting next_dagrun for example_task_group_decorator to 2024-01-29 00:00:00+00:00, run_after=2024-01-30 00:00:00+00:00
[2024-01-30T16:37:30.794+0000] {processor.py:183} INFO - Processing /home/airflow/.local/lib/python3.8/site-packages/airflow/example_dags/example_task_group_decorator.py took 0.088 seconds
