[2024-01-30T16:16:26.313+0000] {processor.py:161} INFO - Started process (PID=69) to work on /home/airflow/.local/lib/python3.8/site-packages/airflow/example_dags/example_dynamic_task_mapping_with_no_taskflow_operators.py
[2024-01-30T16:16:26.314+0000] {processor.py:830} INFO - Processing file /home/airflow/.local/lib/python3.8/site-packages/airflow/example_dags/example_dynamic_task_mapping_with_no_taskflow_operators.py for tasks to queue
[2024-01-30T16:16:26.317+0000] {logging_mixin.py:188} INFO - [2024-01-30T16:16:26.316+0000] {dagbag.py:538} INFO - Filling up the DagBag from /home/airflow/.local/lib/python3.8/site-packages/airflow/example_dags/example_dynamic_task_mapping_with_no_taskflow_operators.py
[2024-01-30T16:16:26.325+0000] {processor.py:840} INFO - DAG(s) 'example_dynamic_task_mapping_with_no_taskflow_operators' retrieved from /home/airflow/.local/lib/python3.8/site-packages/airflow/example_dags/example_dynamic_task_mapping_with_no_taskflow_operators.py
[2024-01-30T16:16:26.338+0000] {logging_mixin.py:188} INFO - [2024-01-30T16:16:26.338+0000] {dag.py:3036} INFO - Sync 1 DAGs
[2024-01-30T16:16:26.362+0000] {logging_mixin.py:188} INFO - [2024-01-30T16:16:26.362+0000] {dag.py:3823} INFO - Setting next_dagrun for example_dynamic_task_mapping_with_no_taskflow_operators to 2024-01-29 00:00:00+00:00, run_after=2024-01-30 00:00:00+00:00
[2024-01-30T16:16:26.383+0000] {processor.py:183} INFO - Processing /home/airflow/.local/lib/python3.8/site-packages/airflow/example_dags/example_dynamic_task_mapping_with_no_taskflow_operators.py took 0.074 seconds
[2024-01-30T16:16:58.222+0000] {processor.py:161} INFO - Started process (PID=124) to work on /home/airflow/.local/lib/python3.8/site-packages/airflow/example_dags/example_dynamic_task_mapping_with_no_taskflow_operators.py
[2024-01-30T16:16:58.223+0000] {processor.py:830} INFO - Processing file /home/airflow/.local/lib/python3.8/site-packages/airflow/example_dags/example_dynamic_task_mapping_with_no_taskflow_operators.py for tasks to queue
[2024-01-30T16:16:58.225+0000] {logging_mixin.py:188} INFO - [2024-01-30T16:16:58.224+0000] {dagbag.py:538} INFO - Filling up the DagBag from /home/airflow/.local/lib/python3.8/site-packages/airflow/example_dags/example_dynamic_task_mapping_with_no_taskflow_operators.py
[2024-01-30T16:16:58.230+0000] {processor.py:840} INFO - DAG(s) 'example_dynamic_task_mapping_with_no_taskflow_operators' retrieved from /home/airflow/.local/lib/python3.8/site-packages/airflow/example_dags/example_dynamic_task_mapping_with_no_taskflow_operators.py
[2024-01-30T16:16:58.320+0000] {logging_mixin.py:188} INFO - [2024-01-30T16:16:58.320+0000] {dag.py:3036} INFO - Sync 1 DAGs
[2024-01-30T16:16:58.337+0000] {logging_mixin.py:188} INFO - [2024-01-30T16:16:58.337+0000] {dag.py:3823} INFO - Setting next_dagrun for example_dynamic_task_mapping_with_no_taskflow_operators to 2024-01-29 00:00:00+00:00, run_after=2024-01-30 00:00:00+00:00
[2024-01-30T16:16:58.356+0000] {processor.py:183} INFO - Processing /home/airflow/.local/lib/python3.8/site-packages/airflow/example_dags/example_dynamic_task_mapping_with_no_taskflow_operators.py took 0.138 seconds
[2024-01-30T16:17:28.524+0000] {processor.py:161} INFO - Started process (PID=179) to work on /home/airflow/.local/lib/python3.8/site-packages/airflow/example_dags/example_dynamic_task_mapping_with_no_taskflow_operators.py
[2024-01-30T16:17:28.525+0000] {processor.py:830} INFO - Processing file /home/airflow/.local/lib/python3.8/site-packages/airflow/example_dags/example_dynamic_task_mapping_with_no_taskflow_operators.py for tasks to queue
[2024-01-30T16:17:28.527+0000] {logging_mixin.py:188} INFO - [2024-01-30T16:17:28.527+0000] {dagbag.py:538} INFO - Filling up the DagBag from /home/airflow/.local/lib/python3.8/site-packages/airflow/example_dags/example_dynamic_task_mapping_with_no_taskflow_operators.py
[2024-01-30T16:17:28.532+0000] {processor.py:840} INFO - DAG(s) 'example_dynamic_task_mapping_with_no_taskflow_operators' retrieved from /home/airflow/.local/lib/python3.8/site-packages/airflow/example_dags/example_dynamic_task_mapping_with_no_taskflow_operators.py
[2024-01-30T16:17:28.550+0000] {logging_mixin.py:188} INFO - [2024-01-30T16:17:28.549+0000] {dag.py:3036} INFO - Sync 1 DAGs
[2024-01-30T16:17:28.570+0000] {logging_mixin.py:188} INFO - [2024-01-30T16:17:28.569+0000] {dag.py:3823} INFO - Setting next_dagrun for example_dynamic_task_mapping_with_no_taskflow_operators to 2024-01-29 00:00:00+00:00, run_after=2024-01-30 00:00:00+00:00
[2024-01-30T16:17:28.587+0000] {processor.py:183} INFO - Processing /home/airflow/.local/lib/python3.8/site-packages/airflow/example_dags/example_dynamic_task_mapping_with_no_taskflow_operators.py took 0.066 seconds
[2024-01-30T16:17:59.603+0000] {processor.py:161} INFO - Started process (PID=234) to work on /home/airflow/.local/lib/python3.8/site-packages/airflow/example_dags/example_dynamic_task_mapping_with_no_taskflow_operators.py
[2024-01-30T16:17:59.604+0000] {processor.py:830} INFO - Processing file /home/airflow/.local/lib/python3.8/site-packages/airflow/example_dags/example_dynamic_task_mapping_with_no_taskflow_operators.py for tasks to queue
[2024-01-30T16:17:59.605+0000] {logging_mixin.py:188} INFO - [2024-01-30T16:17:59.605+0000] {dagbag.py:538} INFO - Filling up the DagBag from /home/airflow/.local/lib/python3.8/site-packages/airflow/example_dags/example_dynamic_task_mapping_with_no_taskflow_operators.py
[2024-01-30T16:17:59.610+0000] {processor.py:840} INFO - DAG(s) 'example_dynamic_task_mapping_with_no_taskflow_operators' retrieved from /home/airflow/.local/lib/python3.8/site-packages/airflow/example_dags/example_dynamic_task_mapping_with_no_taskflow_operators.py
[2024-01-30T16:17:59.628+0000] {logging_mixin.py:188} INFO - [2024-01-30T16:17:59.627+0000] {dag.py:3036} INFO - Sync 1 DAGs
[2024-01-30T16:17:59.647+0000] {logging_mixin.py:188} INFO - [2024-01-30T16:17:59.646+0000] {dag.py:3823} INFO - Setting next_dagrun for example_dynamic_task_mapping_with_no_taskflow_operators to 2024-01-29 00:00:00+00:00, run_after=2024-01-30 00:00:00+00:00
[2024-01-30T16:17:59.664+0000] {processor.py:183} INFO - Processing /home/airflow/.local/lib/python3.8/site-packages/airflow/example_dags/example_dynamic_task_mapping_with_no_taskflow_operators.py took 0.064 seconds
[2024-01-30T16:18:29.688+0000] {processor.py:161} INFO - Started process (PID=289) to work on /home/airflow/.local/lib/python3.8/site-packages/airflow/example_dags/example_dynamic_task_mapping_with_no_taskflow_operators.py
[2024-01-30T16:18:29.689+0000] {processor.py:830} INFO - Processing file /home/airflow/.local/lib/python3.8/site-packages/airflow/example_dags/example_dynamic_task_mapping_with_no_taskflow_operators.py for tasks to queue
[2024-01-30T16:18:29.691+0000] {logging_mixin.py:188} INFO - [2024-01-30T16:18:29.691+0000] {dagbag.py:538} INFO - Filling up the DagBag from /home/airflow/.local/lib/python3.8/site-packages/airflow/example_dags/example_dynamic_task_mapping_with_no_taskflow_operators.py
[2024-01-30T16:18:29.696+0000] {processor.py:840} INFO - DAG(s) 'example_dynamic_task_mapping_with_no_taskflow_operators' retrieved from /home/airflow/.local/lib/python3.8/site-packages/airflow/example_dags/example_dynamic_task_mapping_with_no_taskflow_operators.py
[2024-01-30T16:18:29.714+0000] {logging_mixin.py:188} INFO - [2024-01-30T16:18:29.713+0000] {dag.py:3036} INFO - Sync 1 DAGs
[2024-01-30T16:18:29.733+0000] {logging_mixin.py:188} INFO - [2024-01-30T16:18:29.733+0000] {dag.py:3823} INFO - Setting next_dagrun for example_dynamic_task_mapping_with_no_taskflow_operators to 2024-01-29 00:00:00+00:00, run_after=2024-01-30 00:00:00+00:00
[2024-01-30T16:18:29.752+0000] {processor.py:183} INFO - Processing /home/airflow/.local/lib/python3.8/site-packages/airflow/example_dags/example_dynamic_task_mapping_with_no_taskflow_operators.py took 0.066 seconds
[2024-01-30T16:19:00.439+0000] {processor.py:161} INFO - Started process (PID=344) to work on /home/airflow/.local/lib/python3.8/site-packages/airflow/example_dags/example_dynamic_task_mapping_with_no_taskflow_operators.py
[2024-01-30T16:19:00.440+0000] {processor.py:830} INFO - Processing file /home/airflow/.local/lib/python3.8/site-packages/airflow/example_dags/example_dynamic_task_mapping_with_no_taskflow_operators.py for tasks to queue
[2024-01-30T16:19:00.442+0000] {logging_mixin.py:188} INFO - [2024-01-30T16:19:00.442+0000] {dagbag.py:538} INFO - Filling up the DagBag from /home/airflow/.local/lib/python3.8/site-packages/airflow/example_dags/example_dynamic_task_mapping_with_no_taskflow_operators.py
[2024-01-30T16:19:00.447+0000] {processor.py:840} INFO - DAG(s) 'example_dynamic_task_mapping_with_no_taskflow_operators' retrieved from /home/airflow/.local/lib/python3.8/site-packages/airflow/example_dags/example_dynamic_task_mapping_with_no_taskflow_operators.py
[2024-01-30T16:19:00.464+0000] {logging_mixin.py:188} INFO - [2024-01-30T16:19:00.464+0000] {dag.py:3036} INFO - Sync 1 DAGs
[2024-01-30T16:19:00.483+0000] {logging_mixin.py:188} INFO - [2024-01-30T16:19:00.483+0000] {dag.py:3823} INFO - Setting next_dagrun for example_dynamic_task_mapping_with_no_taskflow_operators to 2024-01-29 00:00:00+00:00, run_after=2024-01-30 00:00:00+00:00
[2024-01-30T16:19:00.501+0000] {processor.py:183} INFO - Processing /home/airflow/.local/lib/python3.8/site-packages/airflow/example_dags/example_dynamic_task_mapping_with_no_taskflow_operators.py took 0.064 seconds
[2024-01-30T16:19:30.977+0000] {processor.py:161} INFO - Started process (PID=399) to work on /home/airflow/.local/lib/python3.8/site-packages/airflow/example_dags/example_dynamic_task_mapping_with_no_taskflow_operators.py
[2024-01-30T16:19:30.979+0000] {processor.py:830} INFO - Processing file /home/airflow/.local/lib/python3.8/site-packages/airflow/example_dags/example_dynamic_task_mapping_with_no_taskflow_operators.py for tasks to queue
[2024-01-30T16:19:30.984+0000] {logging_mixin.py:188} INFO - [2024-01-30T16:19:30.983+0000] {dagbag.py:538} INFO - Filling up the DagBag from /home/airflow/.local/lib/python3.8/site-packages/airflow/example_dags/example_dynamic_task_mapping_with_no_taskflow_operators.py
[2024-01-30T16:19:30.992+0000] {processor.py:840} INFO - DAG(s) 'example_dynamic_task_mapping_with_no_taskflow_operators' retrieved from /home/airflow/.local/lib/python3.8/site-packages/airflow/example_dags/example_dynamic_task_mapping_with_no_taskflow_operators.py
[2024-01-30T16:19:31.016+0000] {logging_mixin.py:188} INFO - [2024-01-30T16:19:31.015+0000] {dag.py:3036} INFO - Sync 1 DAGs
[2024-01-30T16:19:31.039+0000] {logging_mixin.py:188} INFO - [2024-01-30T16:19:31.039+0000] {dag.py:3823} INFO - Setting next_dagrun for example_dynamic_task_mapping_with_no_taskflow_operators to 2024-01-29 00:00:00+00:00, run_after=2024-01-30 00:00:00+00:00
[2024-01-30T16:19:31.057+0000] {processor.py:183} INFO - Processing /home/airflow/.local/lib/python3.8/site-packages/airflow/example_dags/example_dynamic_task_mapping_with_no_taskflow_operators.py took 0.085 seconds
[2024-01-30T16:20:01.727+0000] {processor.py:161} INFO - Started process (PID=454) to work on /home/airflow/.local/lib/python3.8/site-packages/airflow/example_dags/example_dynamic_task_mapping_with_no_taskflow_operators.py
[2024-01-30T16:20:01.728+0000] {processor.py:830} INFO - Processing file /home/airflow/.local/lib/python3.8/site-packages/airflow/example_dags/example_dynamic_task_mapping_with_no_taskflow_operators.py for tasks to queue
[2024-01-30T16:20:01.729+0000] {logging_mixin.py:188} INFO - [2024-01-30T16:20:01.729+0000] {dagbag.py:538} INFO - Filling up the DagBag from /home/airflow/.local/lib/python3.8/site-packages/airflow/example_dags/example_dynamic_task_mapping_with_no_taskflow_operators.py
[2024-01-30T16:20:01.735+0000] {processor.py:840} INFO - DAG(s) 'example_dynamic_task_mapping_with_no_taskflow_operators' retrieved from /home/airflow/.local/lib/python3.8/site-packages/airflow/example_dags/example_dynamic_task_mapping_with_no_taskflow_operators.py
[2024-01-30T16:20:01.759+0000] {logging_mixin.py:188} INFO - [2024-01-30T16:20:01.758+0000] {dag.py:3036} INFO - Sync 1 DAGs
[2024-01-30T16:20:01.783+0000] {logging_mixin.py:188} INFO - [2024-01-30T16:20:01.783+0000] {dag.py:3823} INFO - Setting next_dagrun for example_dynamic_task_mapping_with_no_taskflow_operators to 2024-01-29 00:00:00+00:00, run_after=2024-01-30 00:00:00+00:00
[2024-01-30T16:20:01.801+0000] {processor.py:183} INFO - Processing /home/airflow/.local/lib/python3.8/site-packages/airflow/example_dags/example_dynamic_task_mapping_with_no_taskflow_operators.py took 0.077 seconds
[2024-01-30T16:20:32.440+0000] {processor.py:161} INFO - Started process (PID=509) to work on /home/airflow/.local/lib/python3.8/site-packages/airflow/example_dags/example_dynamic_task_mapping_with_no_taskflow_operators.py
[2024-01-30T16:20:32.441+0000] {processor.py:830} INFO - Processing file /home/airflow/.local/lib/python3.8/site-packages/airflow/example_dags/example_dynamic_task_mapping_with_no_taskflow_operators.py for tasks to queue
[2024-01-30T16:20:32.442+0000] {logging_mixin.py:188} INFO - [2024-01-30T16:20:32.442+0000] {dagbag.py:538} INFO - Filling up the DagBag from /home/airflow/.local/lib/python3.8/site-packages/airflow/example_dags/example_dynamic_task_mapping_with_no_taskflow_operators.py
[2024-01-30T16:20:32.447+0000] {processor.py:840} INFO - DAG(s) 'example_dynamic_task_mapping_with_no_taskflow_operators' retrieved from /home/airflow/.local/lib/python3.8/site-packages/airflow/example_dags/example_dynamic_task_mapping_with_no_taskflow_operators.py
[2024-01-30T16:20:32.464+0000] {logging_mixin.py:188} INFO - [2024-01-30T16:20:32.464+0000] {dag.py:3036} INFO - Sync 1 DAGs
[2024-01-30T16:20:32.483+0000] {logging_mixin.py:188} INFO - [2024-01-30T16:20:32.482+0000] {dag.py:3823} INFO - Setting next_dagrun for example_dynamic_task_mapping_with_no_taskflow_operators to 2024-01-29 00:00:00+00:00, run_after=2024-01-30 00:00:00+00:00
[2024-01-30T16:20:32.500+0000] {processor.py:183} INFO - Processing /home/airflow/.local/lib/python3.8/site-packages/airflow/example_dags/example_dynamic_task_mapping_with_no_taskflow_operators.py took 0.063 seconds
[2024-01-30T16:21:03.235+0000] {processor.py:161} INFO - Started process (PID=564) to work on /home/airflow/.local/lib/python3.8/site-packages/airflow/example_dags/example_dynamic_task_mapping_with_no_taskflow_operators.py
[2024-01-30T16:21:03.236+0000] {processor.py:830} INFO - Processing file /home/airflow/.local/lib/python3.8/site-packages/airflow/example_dags/example_dynamic_task_mapping_with_no_taskflow_operators.py for tasks to queue
[2024-01-30T16:21:03.238+0000] {logging_mixin.py:188} INFO - [2024-01-30T16:21:03.238+0000] {dagbag.py:538} INFO - Filling up the DagBag from /home/airflow/.local/lib/python3.8/site-packages/airflow/example_dags/example_dynamic_task_mapping_with_no_taskflow_operators.py
[2024-01-30T16:21:03.244+0000] {processor.py:840} INFO - DAG(s) 'example_dynamic_task_mapping_with_no_taskflow_operators' retrieved from /home/airflow/.local/lib/python3.8/site-packages/airflow/example_dags/example_dynamic_task_mapping_with_no_taskflow_operators.py
[2024-01-30T16:21:03.264+0000] {logging_mixin.py:188} INFO - [2024-01-30T16:21:03.263+0000] {dag.py:3036} INFO - Sync 1 DAGs
[2024-01-30T16:21:03.290+0000] {logging_mixin.py:188} INFO - [2024-01-30T16:21:03.290+0000] {dag.py:3823} INFO - Setting next_dagrun for example_dynamic_task_mapping_with_no_taskflow_operators to 2024-01-29 00:00:00+00:00, run_after=2024-01-30 00:00:00+00:00
[2024-01-30T16:21:03.316+0000] {processor.py:183} INFO - Processing /home/airflow/.local/lib/python3.8/site-packages/airflow/example_dags/example_dynamic_task_mapping_with_no_taskflow_operators.py took 0.083 seconds
[2024-01-30T16:21:33.415+0000] {processor.py:161} INFO - Started process (PID=619) to work on /home/airflow/.local/lib/python3.8/site-packages/airflow/example_dags/example_dynamic_task_mapping_with_no_taskflow_operators.py
[2024-01-30T16:21:33.416+0000] {processor.py:830} INFO - Processing file /home/airflow/.local/lib/python3.8/site-packages/airflow/example_dags/example_dynamic_task_mapping_with_no_taskflow_operators.py for tasks to queue
[2024-01-30T16:21:33.418+0000] {logging_mixin.py:188} INFO - [2024-01-30T16:21:33.418+0000] {dagbag.py:538} INFO - Filling up the DagBag from /home/airflow/.local/lib/python3.8/site-packages/airflow/example_dags/example_dynamic_task_mapping_with_no_taskflow_operators.py
[2024-01-30T16:21:33.424+0000] {processor.py:840} INFO - DAG(s) 'example_dynamic_task_mapping_with_no_taskflow_operators' retrieved from /home/airflow/.local/lib/python3.8/site-packages/airflow/example_dags/example_dynamic_task_mapping_with_no_taskflow_operators.py
[2024-01-30T16:21:33.442+0000] {logging_mixin.py:188} INFO - [2024-01-30T16:21:33.442+0000] {dag.py:3036} INFO - Sync 1 DAGs
[2024-01-30T16:21:33.461+0000] {logging_mixin.py:188} INFO - [2024-01-30T16:21:33.461+0000] {dag.py:3823} INFO - Setting next_dagrun for example_dynamic_task_mapping_with_no_taskflow_operators to 2024-01-29 00:00:00+00:00, run_after=2024-01-30 00:00:00+00:00
[2024-01-30T16:21:33.480+0000] {processor.py:183} INFO - Processing /home/airflow/.local/lib/python3.8/site-packages/airflow/example_dags/example_dynamic_task_mapping_with_no_taskflow_operators.py took 0.068 seconds
[2024-01-30T16:22:03.515+0000] {processor.py:161} INFO - Started process (PID=674) to work on /home/airflow/.local/lib/python3.8/site-packages/airflow/example_dags/example_dynamic_task_mapping_with_no_taskflow_operators.py
[2024-01-30T16:22:03.516+0000] {processor.py:830} INFO - Processing file /home/airflow/.local/lib/python3.8/site-packages/airflow/example_dags/example_dynamic_task_mapping_with_no_taskflow_operators.py for tasks to queue
[2024-01-30T16:22:03.518+0000] {logging_mixin.py:188} INFO - [2024-01-30T16:22:03.518+0000] {dagbag.py:538} INFO - Filling up the DagBag from /home/airflow/.local/lib/python3.8/site-packages/airflow/example_dags/example_dynamic_task_mapping_with_no_taskflow_operators.py
[2024-01-30T16:22:03.524+0000] {processor.py:840} INFO - DAG(s) 'example_dynamic_task_mapping_with_no_taskflow_operators' retrieved from /home/airflow/.local/lib/python3.8/site-packages/airflow/example_dags/example_dynamic_task_mapping_with_no_taskflow_operators.py
[2024-01-30T16:22:03.542+0000] {logging_mixin.py:188} INFO - [2024-01-30T16:22:03.542+0000] {dag.py:3036} INFO - Sync 1 DAGs
[2024-01-30T16:22:03.563+0000] {logging_mixin.py:188} INFO - [2024-01-30T16:22:03.563+0000] {dag.py:3823} INFO - Setting next_dagrun for example_dynamic_task_mapping_with_no_taskflow_operators to 2024-01-29 00:00:00+00:00, run_after=2024-01-30 00:00:00+00:00
[2024-01-30T16:22:03.582+0000] {processor.py:183} INFO - Processing /home/airflow/.local/lib/python3.8/site-packages/airflow/example_dags/example_dynamic_task_mapping_with_no_taskflow_operators.py took 0.070 seconds
[2024-01-30T16:22:33.807+0000] {processor.py:161} INFO - Started process (PID=729) to work on /home/airflow/.local/lib/python3.8/site-packages/airflow/example_dags/example_dynamic_task_mapping_with_no_taskflow_operators.py
[2024-01-30T16:22:33.808+0000] {processor.py:830} INFO - Processing file /home/airflow/.local/lib/python3.8/site-packages/airflow/example_dags/example_dynamic_task_mapping_with_no_taskflow_operators.py for tasks to queue
[2024-01-30T16:22:33.809+0000] {logging_mixin.py:188} INFO - [2024-01-30T16:22:33.809+0000] {dagbag.py:538} INFO - Filling up the DagBag from /home/airflow/.local/lib/python3.8/site-packages/airflow/example_dags/example_dynamic_task_mapping_with_no_taskflow_operators.py
[2024-01-30T16:22:33.814+0000] {processor.py:840} INFO - DAG(s) 'example_dynamic_task_mapping_with_no_taskflow_operators' retrieved from /home/airflow/.local/lib/python3.8/site-packages/airflow/example_dags/example_dynamic_task_mapping_with_no_taskflow_operators.py
[2024-01-30T16:22:33.832+0000] {logging_mixin.py:188} INFO - [2024-01-30T16:22:33.832+0000] {dag.py:3036} INFO - Sync 1 DAGs
[2024-01-30T16:22:33.852+0000] {logging_mixin.py:188} INFO - [2024-01-30T16:22:33.852+0000] {dag.py:3823} INFO - Setting next_dagrun for example_dynamic_task_mapping_with_no_taskflow_operators to 2024-01-29 00:00:00+00:00, run_after=2024-01-30 00:00:00+00:00
[2024-01-30T16:22:33.871+0000] {processor.py:183} INFO - Processing /home/airflow/.local/lib/python3.8/site-packages/airflow/example_dags/example_dynamic_task_mapping_with_no_taskflow_operators.py took 0.067 seconds
[2024-01-30T16:23:04.004+0000] {processor.py:161} INFO - Started process (PID=784) to work on /home/airflow/.local/lib/python3.8/site-packages/airflow/example_dags/example_dynamic_task_mapping_with_no_taskflow_operators.py
[2024-01-30T16:23:04.005+0000] {processor.py:830} INFO - Processing file /home/airflow/.local/lib/python3.8/site-packages/airflow/example_dags/example_dynamic_task_mapping_with_no_taskflow_operators.py for tasks to queue
[2024-01-30T16:23:04.007+0000] {logging_mixin.py:188} INFO - [2024-01-30T16:23:04.006+0000] {dagbag.py:538} INFO - Filling up the DagBag from /home/airflow/.local/lib/python3.8/site-packages/airflow/example_dags/example_dynamic_task_mapping_with_no_taskflow_operators.py
[2024-01-30T16:23:04.012+0000] {processor.py:840} INFO - DAG(s) 'example_dynamic_task_mapping_with_no_taskflow_operators' retrieved from /home/airflow/.local/lib/python3.8/site-packages/airflow/example_dags/example_dynamic_task_mapping_with_no_taskflow_operators.py
[2024-01-30T16:23:04.029+0000] {logging_mixin.py:188} INFO - [2024-01-30T16:23:04.029+0000] {dag.py:3036} INFO - Sync 1 DAGs
[2024-01-30T16:23:04.048+0000] {logging_mixin.py:188} INFO - [2024-01-30T16:23:04.048+0000] {dag.py:3823} INFO - Setting next_dagrun for example_dynamic_task_mapping_with_no_taskflow_operators to 2024-01-29 00:00:00+00:00, run_after=2024-01-30 00:00:00+00:00
[2024-01-30T16:23:04.066+0000] {processor.py:183} INFO - Processing /home/airflow/.local/lib/python3.8/site-packages/airflow/example_dags/example_dynamic_task_mapping_with_no_taskflow_operators.py took 0.065 seconds
[2024-01-30T16:23:34.775+0000] {processor.py:161} INFO - Started process (PID=839) to work on /home/airflow/.local/lib/python3.8/site-packages/airflow/example_dags/example_dynamic_task_mapping_with_no_taskflow_operators.py
[2024-01-30T16:23:34.776+0000] {processor.py:830} INFO - Processing file /home/airflow/.local/lib/python3.8/site-packages/airflow/example_dags/example_dynamic_task_mapping_with_no_taskflow_operators.py for tasks to queue
[2024-01-30T16:23:34.778+0000] {logging_mixin.py:188} INFO - [2024-01-30T16:23:34.778+0000] {dagbag.py:538} INFO - Filling up the DagBag from /home/airflow/.local/lib/python3.8/site-packages/airflow/example_dags/example_dynamic_task_mapping_with_no_taskflow_operators.py
[2024-01-30T16:23:34.783+0000] {processor.py:840} INFO - DAG(s) 'example_dynamic_task_mapping_with_no_taskflow_operators' retrieved from /home/airflow/.local/lib/python3.8/site-packages/airflow/example_dags/example_dynamic_task_mapping_with_no_taskflow_operators.py
[2024-01-30T16:23:34.801+0000] {logging_mixin.py:188} INFO - [2024-01-30T16:23:34.801+0000] {dag.py:3036} INFO - Sync 1 DAGs
[2024-01-30T16:23:34.821+0000] {logging_mixin.py:188} INFO - [2024-01-30T16:23:34.821+0000] {dag.py:3823} INFO - Setting next_dagrun for example_dynamic_task_mapping_with_no_taskflow_operators to 2024-01-29 00:00:00+00:00, run_after=2024-01-30 00:00:00+00:00
[2024-01-30T16:23:34.840+0000] {processor.py:183} INFO - Processing /home/airflow/.local/lib/python3.8/site-packages/airflow/example_dags/example_dynamic_task_mapping_with_no_taskflow_operators.py took 0.068 seconds
[2024-01-30T16:24:42.911+0000] {processor.py:161} INFO - Started process (PID=69) to work on /home/airflow/.local/lib/python3.8/site-packages/airflow/example_dags/example_dynamic_task_mapping_with_no_taskflow_operators.py
[2024-01-30T16:24:42.912+0000] {processor.py:830} INFO - Processing file /home/airflow/.local/lib/python3.8/site-packages/airflow/example_dags/example_dynamic_task_mapping_with_no_taskflow_operators.py for tasks to queue
[2024-01-30T16:24:42.914+0000] {logging_mixin.py:188} INFO - [2024-01-30T16:24:42.914+0000] {dagbag.py:538} INFO - Filling up the DagBag from /home/airflow/.local/lib/python3.8/site-packages/airflow/example_dags/example_dynamic_task_mapping_with_no_taskflow_operators.py
[2024-01-30T16:24:42.919+0000] {processor.py:840} INFO - DAG(s) 'example_dynamic_task_mapping_with_no_taskflow_operators' retrieved from /home/airflow/.local/lib/python3.8/site-packages/airflow/example_dags/example_dynamic_task_mapping_with_no_taskflow_operators.py
[2024-01-30T16:24:42.930+0000] {logging_mixin.py:188} INFO - [2024-01-30T16:24:42.929+0000] {dag.py:3036} INFO - Sync 1 DAGs
[2024-01-30T16:24:42.951+0000] {logging_mixin.py:188} INFO - [2024-01-30T16:24:42.951+0000] {dag.py:3823} INFO - Setting next_dagrun for example_dynamic_task_mapping_with_no_taskflow_operators to 2024-01-29 00:00:00+00:00, run_after=2024-01-30 00:00:00+00:00
[2024-01-30T16:24:42.969+0000] {processor.py:183} INFO - Processing /home/airflow/.local/lib/python3.8/site-packages/airflow/example_dags/example_dynamic_task_mapping_with_no_taskflow_operators.py took 0.060 seconds
[2024-01-30T16:25:14.625+0000] {processor.py:161} INFO - Started process (PID=124) to work on /home/airflow/.local/lib/python3.8/site-packages/airflow/example_dags/example_dynamic_task_mapping_with_no_taskflow_operators.py
[2024-01-30T16:25:14.626+0000] {processor.py:830} INFO - Processing file /home/airflow/.local/lib/python3.8/site-packages/airflow/example_dags/example_dynamic_task_mapping_with_no_taskflow_operators.py for tasks to queue
[2024-01-30T16:25:14.627+0000] {logging_mixin.py:188} INFO - [2024-01-30T16:25:14.627+0000] {dagbag.py:538} INFO - Filling up the DagBag from /home/airflow/.local/lib/python3.8/site-packages/airflow/example_dags/example_dynamic_task_mapping_with_no_taskflow_operators.py
[2024-01-30T16:25:14.633+0000] {processor.py:840} INFO - DAG(s) 'example_dynamic_task_mapping_with_no_taskflow_operators' retrieved from /home/airflow/.local/lib/python3.8/site-packages/airflow/example_dags/example_dynamic_task_mapping_with_no_taskflow_operators.py
[2024-01-30T16:25:14.727+0000] {logging_mixin.py:188} INFO - [2024-01-30T16:25:14.727+0000] {dag.py:3036} INFO - Sync 1 DAGs
[2024-01-30T16:25:14.746+0000] {logging_mixin.py:188} INFO - [2024-01-30T16:25:14.746+0000] {dag.py:3823} INFO - Setting next_dagrun for example_dynamic_task_mapping_with_no_taskflow_operators to 2024-01-29 00:00:00+00:00, run_after=2024-01-30 00:00:00+00:00
[2024-01-30T16:25:14.765+0000] {processor.py:183} INFO - Processing /home/airflow/.local/lib/python3.8/site-packages/airflow/example_dags/example_dynamic_task_mapping_with_no_taskflow_operators.py took 0.144 seconds
[2024-01-30T16:26:21.682+0000] {processor.py:161} INFO - Started process (PID=69) to work on /home/airflow/.local/lib/python3.8/site-packages/airflow/example_dags/example_dynamic_task_mapping_with_no_taskflow_operators.py
[2024-01-30T16:26:21.683+0000] {processor.py:830} INFO - Processing file /home/airflow/.local/lib/python3.8/site-packages/airflow/example_dags/example_dynamic_task_mapping_with_no_taskflow_operators.py for tasks to queue
[2024-01-30T16:26:21.685+0000] {logging_mixin.py:188} INFO - [2024-01-30T16:26:21.685+0000] {dagbag.py:538} INFO - Filling up the DagBag from /home/airflow/.local/lib/python3.8/site-packages/airflow/example_dags/example_dynamic_task_mapping_with_no_taskflow_operators.py
[2024-01-30T16:26:21.690+0000] {processor.py:840} INFO - DAG(s) 'example_dynamic_task_mapping_with_no_taskflow_operators' retrieved from /home/airflow/.local/lib/python3.8/site-packages/airflow/example_dags/example_dynamic_task_mapping_with_no_taskflow_operators.py
[2024-01-30T16:26:21.702+0000] {logging_mixin.py:188} INFO - [2024-01-30T16:26:21.702+0000] {dag.py:3036} INFO - Sync 1 DAGs
[2024-01-30T16:26:21.724+0000] {logging_mixin.py:188} INFO - [2024-01-30T16:26:21.723+0000] {dag.py:3823} INFO - Setting next_dagrun for example_dynamic_task_mapping_with_no_taskflow_operators to 2024-01-29 00:00:00+00:00, run_after=2024-01-30 00:00:00+00:00
[2024-01-30T16:26:21.742+0000] {processor.py:183} INFO - Processing /home/airflow/.local/lib/python3.8/site-packages/airflow/example_dags/example_dynamic_task_mapping_with_no_taskflow_operators.py took 0.062 seconds
[2024-01-30T16:26:53.391+0000] {processor.py:161} INFO - Started process (PID=124) to work on /home/airflow/.local/lib/python3.8/site-packages/airflow/example_dags/example_dynamic_task_mapping_with_no_taskflow_operators.py
[2024-01-30T16:26:53.392+0000] {processor.py:830} INFO - Processing file /home/airflow/.local/lib/python3.8/site-packages/airflow/example_dags/example_dynamic_task_mapping_with_no_taskflow_operators.py for tasks to queue
[2024-01-30T16:26:53.393+0000] {logging_mixin.py:188} INFO - [2024-01-30T16:26:53.393+0000] {dagbag.py:538} INFO - Filling up the DagBag from /home/airflow/.local/lib/python3.8/site-packages/airflow/example_dags/example_dynamic_task_mapping_with_no_taskflow_operators.py
[2024-01-30T16:26:53.398+0000] {processor.py:840} INFO - DAG(s) 'example_dynamic_task_mapping_with_no_taskflow_operators' retrieved from /home/airflow/.local/lib/python3.8/site-packages/airflow/example_dags/example_dynamic_task_mapping_with_no_taskflow_operators.py
[2024-01-30T16:26:53.497+0000] {logging_mixin.py:188} INFO - [2024-01-30T16:26:53.497+0000] {dag.py:3036} INFO - Sync 1 DAGs
[2024-01-30T16:26:53.515+0000] {logging_mixin.py:188} INFO - [2024-01-30T16:26:53.515+0000] {dag.py:3823} INFO - Setting next_dagrun for example_dynamic_task_mapping_with_no_taskflow_operators to 2024-01-29 00:00:00+00:00, run_after=2024-01-30 00:00:00+00:00
[2024-01-30T16:26:53.533+0000] {processor.py:183} INFO - Processing /home/airflow/.local/lib/python3.8/site-packages/airflow/example_dags/example_dynamic_task_mapping_with_no_taskflow_operators.py took 0.145 seconds
[2024-01-30T16:27:24.205+0000] {processor.py:161} INFO - Started process (PID=179) to work on /home/airflow/.local/lib/python3.8/site-packages/airflow/example_dags/example_dynamic_task_mapping_with_no_taskflow_operators.py
[2024-01-30T16:27:24.206+0000] {processor.py:830} INFO - Processing file /home/airflow/.local/lib/python3.8/site-packages/airflow/example_dags/example_dynamic_task_mapping_with_no_taskflow_operators.py for tasks to queue
[2024-01-30T16:27:24.208+0000] {logging_mixin.py:188} INFO - [2024-01-30T16:27:24.207+0000] {dagbag.py:538} INFO - Filling up the DagBag from /home/airflow/.local/lib/python3.8/site-packages/airflow/example_dags/example_dynamic_task_mapping_with_no_taskflow_operators.py
[2024-01-30T16:27:24.213+0000] {processor.py:840} INFO - DAG(s) 'example_dynamic_task_mapping_with_no_taskflow_operators' retrieved from /home/airflow/.local/lib/python3.8/site-packages/airflow/example_dags/example_dynamic_task_mapping_with_no_taskflow_operators.py
[2024-01-30T16:27:24.230+0000] {logging_mixin.py:188} INFO - [2024-01-30T16:27:24.230+0000] {dag.py:3036} INFO - Sync 1 DAGs
[2024-01-30T16:27:24.250+0000] {logging_mixin.py:188} INFO - [2024-01-30T16:27:24.249+0000] {dag.py:3823} INFO - Setting next_dagrun for example_dynamic_task_mapping_with_no_taskflow_operators to 2024-01-29 00:00:00+00:00, run_after=2024-01-30 00:00:00+00:00
[2024-01-30T16:27:24.268+0000] {processor.py:183} INFO - Processing /home/airflow/.local/lib/python3.8/site-packages/airflow/example_dags/example_dynamic_task_mapping_with_no_taskflow_operators.py took 0.066 seconds
[2024-01-30T16:27:55.160+0000] {processor.py:161} INFO - Started process (PID=234) to work on /home/airflow/.local/lib/python3.8/site-packages/airflow/example_dags/example_dynamic_task_mapping_with_no_taskflow_operators.py
[2024-01-30T16:27:55.161+0000] {processor.py:830} INFO - Processing file /home/airflow/.local/lib/python3.8/site-packages/airflow/example_dags/example_dynamic_task_mapping_with_no_taskflow_operators.py for tasks to queue
[2024-01-30T16:27:55.162+0000] {logging_mixin.py:188} INFO - [2024-01-30T16:27:55.162+0000] {dagbag.py:538} INFO - Filling up the DagBag from /home/airflow/.local/lib/python3.8/site-packages/airflow/example_dags/example_dynamic_task_mapping_with_no_taskflow_operators.py
[2024-01-30T16:27:55.167+0000] {processor.py:840} INFO - DAG(s) 'example_dynamic_task_mapping_with_no_taskflow_operators' retrieved from /home/airflow/.local/lib/python3.8/site-packages/airflow/example_dags/example_dynamic_task_mapping_with_no_taskflow_operators.py
[2024-01-30T16:27:55.185+0000] {logging_mixin.py:188} INFO - [2024-01-30T16:27:55.185+0000] {dag.py:3036} INFO - Sync 1 DAGs
[2024-01-30T16:27:55.204+0000] {logging_mixin.py:188} INFO - [2024-01-30T16:27:55.203+0000] {dag.py:3823} INFO - Setting next_dagrun for example_dynamic_task_mapping_with_no_taskflow_operators to 2024-01-29 00:00:00+00:00, run_after=2024-01-30 00:00:00+00:00
[2024-01-30T16:27:55.221+0000] {processor.py:183} INFO - Processing /home/airflow/.local/lib/python3.8/site-packages/airflow/example_dags/example_dynamic_task_mapping_with_no_taskflow_operators.py took 0.064 seconds
[2024-01-30T16:28:25.758+0000] {processor.py:161} INFO - Started process (PID=289) to work on /home/airflow/.local/lib/python3.8/site-packages/airflow/example_dags/example_dynamic_task_mapping_with_no_taskflow_operators.py
[2024-01-30T16:28:25.760+0000] {processor.py:830} INFO - Processing file /home/airflow/.local/lib/python3.8/site-packages/airflow/example_dags/example_dynamic_task_mapping_with_no_taskflow_operators.py for tasks to queue
[2024-01-30T16:28:25.761+0000] {logging_mixin.py:188} INFO - [2024-01-30T16:28:25.761+0000] {dagbag.py:538} INFO - Filling up the DagBag from /home/airflow/.local/lib/python3.8/site-packages/airflow/example_dags/example_dynamic_task_mapping_with_no_taskflow_operators.py
[2024-01-30T16:28:25.766+0000] {processor.py:840} INFO - DAG(s) 'example_dynamic_task_mapping_with_no_taskflow_operators' retrieved from /home/airflow/.local/lib/python3.8/site-packages/airflow/example_dags/example_dynamic_task_mapping_with_no_taskflow_operators.py
[2024-01-30T16:28:25.783+0000] {logging_mixin.py:188} INFO - [2024-01-30T16:28:25.783+0000] {dag.py:3036} INFO - Sync 1 DAGs
[2024-01-30T16:28:25.802+0000] {logging_mixin.py:188} INFO - [2024-01-30T16:28:25.802+0000] {dag.py:3823} INFO - Setting next_dagrun for example_dynamic_task_mapping_with_no_taskflow_operators to 2024-01-29 00:00:00+00:00, run_after=2024-01-30 00:00:00+00:00
[2024-01-30T16:28:25.820+0000] {processor.py:183} INFO - Processing /home/airflow/.local/lib/python3.8/site-packages/airflow/example_dags/example_dynamic_task_mapping_with_no_taskflow_operators.py took 0.064 seconds
[2024-01-30T16:28:56.512+0000] {processor.py:161} INFO - Started process (PID=344) to work on /home/airflow/.local/lib/python3.8/site-packages/airflow/example_dags/example_dynamic_task_mapping_with_no_taskflow_operators.py
[2024-01-30T16:28:56.513+0000] {processor.py:830} INFO - Processing file /home/airflow/.local/lib/python3.8/site-packages/airflow/example_dags/example_dynamic_task_mapping_with_no_taskflow_operators.py for tasks to queue
[2024-01-30T16:28:56.514+0000] {logging_mixin.py:188} INFO - [2024-01-30T16:28:56.514+0000] {dagbag.py:538} INFO - Filling up the DagBag from /home/airflow/.local/lib/python3.8/site-packages/airflow/example_dags/example_dynamic_task_mapping_with_no_taskflow_operators.py
[2024-01-30T16:28:56.519+0000] {processor.py:840} INFO - DAG(s) 'example_dynamic_task_mapping_with_no_taskflow_operators' retrieved from /home/airflow/.local/lib/python3.8/site-packages/airflow/example_dags/example_dynamic_task_mapping_with_no_taskflow_operators.py
[2024-01-30T16:28:56.537+0000] {logging_mixin.py:188} INFO - [2024-01-30T16:28:56.537+0000] {dag.py:3036} INFO - Sync 1 DAGs
[2024-01-30T16:28:56.558+0000] {logging_mixin.py:188} INFO - [2024-01-30T16:28:56.558+0000] {dag.py:3823} INFO - Setting next_dagrun for example_dynamic_task_mapping_with_no_taskflow_operators to 2024-01-29 00:00:00+00:00, run_after=2024-01-30 00:00:00+00:00
[2024-01-30T16:28:56.577+0000] {processor.py:183} INFO - Processing /home/airflow/.local/lib/python3.8/site-packages/airflow/example_dags/example_dynamic_task_mapping_with_no_taskflow_operators.py took 0.068 seconds
[2024-01-30T16:29:27.170+0000] {processor.py:161} INFO - Started process (PID=399) to work on /home/airflow/.local/lib/python3.8/site-packages/airflow/example_dags/example_dynamic_task_mapping_with_no_taskflow_operators.py
[2024-01-30T16:29:27.171+0000] {processor.py:830} INFO - Processing file /home/airflow/.local/lib/python3.8/site-packages/airflow/example_dags/example_dynamic_task_mapping_with_no_taskflow_operators.py for tasks to queue
[2024-01-30T16:29:27.172+0000] {logging_mixin.py:188} INFO - [2024-01-30T16:29:27.172+0000] {dagbag.py:538} INFO - Filling up the DagBag from /home/airflow/.local/lib/python3.8/site-packages/airflow/example_dags/example_dynamic_task_mapping_with_no_taskflow_operators.py
[2024-01-30T16:29:27.178+0000] {processor.py:840} INFO - DAG(s) 'example_dynamic_task_mapping_with_no_taskflow_operators' retrieved from /home/airflow/.local/lib/python3.8/site-packages/airflow/example_dags/example_dynamic_task_mapping_with_no_taskflow_operators.py
[2024-01-30T16:29:27.196+0000] {logging_mixin.py:188} INFO - [2024-01-30T16:29:27.196+0000] {dag.py:3036} INFO - Sync 1 DAGs
[2024-01-30T16:29:27.216+0000] {logging_mixin.py:188} INFO - [2024-01-30T16:29:27.215+0000] {dag.py:3823} INFO - Setting next_dagrun for example_dynamic_task_mapping_with_no_taskflow_operators to 2024-01-29 00:00:00+00:00, run_after=2024-01-30 00:00:00+00:00
[2024-01-30T16:29:27.233+0000] {processor.py:183} INFO - Processing /home/airflow/.local/lib/python3.8/site-packages/airflow/example_dags/example_dynamic_task_mapping_with_no_taskflow_operators.py took 0.067 seconds
[2024-01-30T16:29:57.859+0000] {processor.py:161} INFO - Started process (PID=454) to work on /home/airflow/.local/lib/python3.8/site-packages/airflow/example_dags/example_dynamic_task_mapping_with_no_taskflow_operators.py
[2024-01-30T16:29:57.860+0000] {processor.py:830} INFO - Processing file /home/airflow/.local/lib/python3.8/site-packages/airflow/example_dags/example_dynamic_task_mapping_with_no_taskflow_operators.py for tasks to queue
[2024-01-30T16:29:57.862+0000] {logging_mixin.py:188} INFO - [2024-01-30T16:29:57.861+0000] {dagbag.py:538} INFO - Filling up the DagBag from /home/airflow/.local/lib/python3.8/site-packages/airflow/example_dags/example_dynamic_task_mapping_with_no_taskflow_operators.py
[2024-01-30T16:29:57.867+0000] {processor.py:840} INFO - DAG(s) 'example_dynamic_task_mapping_with_no_taskflow_operators' retrieved from /home/airflow/.local/lib/python3.8/site-packages/airflow/example_dags/example_dynamic_task_mapping_with_no_taskflow_operators.py
[2024-01-30T16:29:57.884+0000] {logging_mixin.py:188} INFO - [2024-01-30T16:29:57.884+0000] {dag.py:3036} INFO - Sync 1 DAGs
[2024-01-30T16:29:57.905+0000] {logging_mixin.py:188} INFO - [2024-01-30T16:29:57.905+0000] {dag.py:3823} INFO - Setting next_dagrun for example_dynamic_task_mapping_with_no_taskflow_operators to 2024-01-29 00:00:00+00:00, run_after=2024-01-30 00:00:00+00:00
[2024-01-30T16:29:57.924+0000] {processor.py:183} INFO - Processing /home/airflow/.local/lib/python3.8/site-packages/airflow/example_dags/example_dynamic_task_mapping_with_no_taskflow_operators.py took 0.068 seconds
[2024-01-30T16:30:28.675+0000] {processor.py:161} INFO - Started process (PID=509) to work on /home/airflow/.local/lib/python3.8/site-packages/airflow/example_dags/example_dynamic_task_mapping_with_no_taskflow_operators.py
[2024-01-30T16:30:28.676+0000] {processor.py:830} INFO - Processing file /home/airflow/.local/lib/python3.8/site-packages/airflow/example_dags/example_dynamic_task_mapping_with_no_taskflow_operators.py for tasks to queue
[2024-01-30T16:30:28.677+0000] {logging_mixin.py:188} INFO - [2024-01-30T16:30:28.677+0000] {dagbag.py:538} INFO - Filling up the DagBag from /home/airflow/.local/lib/python3.8/site-packages/airflow/example_dags/example_dynamic_task_mapping_with_no_taskflow_operators.py
[2024-01-30T16:30:28.683+0000] {processor.py:840} INFO - DAG(s) 'example_dynamic_task_mapping_with_no_taskflow_operators' retrieved from /home/airflow/.local/lib/python3.8/site-packages/airflow/example_dags/example_dynamic_task_mapping_with_no_taskflow_operators.py
[2024-01-30T16:30:28.700+0000] {logging_mixin.py:188} INFO - [2024-01-30T16:30:28.700+0000] {dag.py:3036} INFO - Sync 1 DAGs
[2024-01-30T16:30:28.721+0000] {logging_mixin.py:188} INFO - [2024-01-30T16:30:28.721+0000] {dag.py:3823} INFO - Setting next_dagrun for example_dynamic_task_mapping_with_no_taskflow_operators to 2024-01-29 00:00:00+00:00, run_after=2024-01-30 00:00:00+00:00
[2024-01-30T16:30:28.740+0000] {processor.py:183} INFO - Processing /home/airflow/.local/lib/python3.8/site-packages/airflow/example_dags/example_dynamic_task_mapping_with_no_taskflow_operators.py took 0.068 seconds
[2024-01-30T16:30:59.383+0000] {processor.py:161} INFO - Started process (PID=564) to work on /home/airflow/.local/lib/python3.8/site-packages/airflow/example_dags/example_dynamic_task_mapping_with_no_taskflow_operators.py
[2024-01-30T16:30:59.387+0000] {processor.py:830} INFO - Processing file /home/airflow/.local/lib/python3.8/site-packages/airflow/example_dags/example_dynamic_task_mapping_with_no_taskflow_operators.py for tasks to queue
[2024-01-30T16:30:59.391+0000] {logging_mixin.py:188} INFO - [2024-01-30T16:30:59.390+0000] {dagbag.py:538} INFO - Filling up the DagBag from /home/airflow/.local/lib/python3.8/site-packages/airflow/example_dags/example_dynamic_task_mapping_with_no_taskflow_operators.py
[2024-01-30T16:30:59.400+0000] {processor.py:840} INFO - DAG(s) 'example_dynamic_task_mapping_with_no_taskflow_operators' retrieved from /home/airflow/.local/lib/python3.8/site-packages/airflow/example_dags/example_dynamic_task_mapping_with_no_taskflow_operators.py
[2024-01-30T16:30:59.442+0000] {logging_mixin.py:188} INFO - [2024-01-30T16:30:59.441+0000] {dag.py:3036} INFO - Sync 1 DAGs
[2024-01-30T16:30:59.496+0000] {logging_mixin.py:188} INFO - [2024-01-30T16:30:59.496+0000] {dag.py:3823} INFO - Setting next_dagrun for example_dynamic_task_mapping_with_no_taskflow_operators to 2024-01-29 00:00:00+00:00, run_after=2024-01-30 00:00:00+00:00
[2024-01-30T16:30:59.566+0000] {processor.py:183} INFO - Processing /home/airflow/.local/lib/python3.8/site-packages/airflow/example_dags/example_dynamic_task_mapping_with_no_taskflow_operators.py took 0.190 seconds
[2024-01-30T16:31:30.449+0000] {processor.py:161} INFO - Started process (PID=619) to work on /home/airflow/.local/lib/python3.8/site-packages/airflow/example_dags/example_dynamic_task_mapping_with_no_taskflow_operators.py
[2024-01-30T16:31:30.450+0000] {processor.py:830} INFO - Processing file /home/airflow/.local/lib/python3.8/site-packages/airflow/example_dags/example_dynamic_task_mapping_with_no_taskflow_operators.py for tasks to queue
[2024-01-30T16:31:30.452+0000] {logging_mixin.py:188} INFO - [2024-01-30T16:31:30.452+0000] {dagbag.py:538} INFO - Filling up the DagBag from /home/airflow/.local/lib/python3.8/site-packages/airflow/example_dags/example_dynamic_task_mapping_with_no_taskflow_operators.py
[2024-01-30T16:31:30.459+0000] {processor.py:840} INFO - DAG(s) 'example_dynamic_task_mapping_with_no_taskflow_operators' retrieved from /home/airflow/.local/lib/python3.8/site-packages/airflow/example_dags/example_dynamic_task_mapping_with_no_taskflow_operators.py
[2024-01-30T16:31:30.482+0000] {logging_mixin.py:188} INFO - [2024-01-30T16:31:30.481+0000] {dag.py:3036} INFO - Sync 1 DAGs
[2024-01-30T16:31:30.502+0000] {logging_mixin.py:188} INFO - [2024-01-30T16:31:30.502+0000] {dag.py:3823} INFO - Setting next_dagrun for example_dynamic_task_mapping_with_no_taskflow_operators to 2024-01-29 00:00:00+00:00, run_after=2024-01-30 00:00:00+00:00
[2024-01-30T16:31:30.534+0000] {processor.py:183} INFO - Processing /home/airflow/.local/lib/python3.8/site-packages/airflow/example_dags/example_dynamic_task_mapping_with_no_taskflow_operators.py took 0.089 seconds
[2024-01-30T16:32:00.640+0000] {processor.py:161} INFO - Started process (PID=674) to work on /home/airflow/.local/lib/python3.8/site-packages/airflow/example_dags/example_dynamic_task_mapping_with_no_taskflow_operators.py
[2024-01-30T16:32:00.641+0000] {processor.py:830} INFO - Processing file /home/airflow/.local/lib/python3.8/site-packages/airflow/example_dags/example_dynamic_task_mapping_with_no_taskflow_operators.py for tasks to queue
[2024-01-30T16:32:00.643+0000] {logging_mixin.py:188} INFO - [2024-01-30T16:32:00.643+0000] {dagbag.py:538} INFO - Filling up the DagBag from /home/airflow/.local/lib/python3.8/site-packages/airflow/example_dags/example_dynamic_task_mapping_with_no_taskflow_operators.py
[2024-01-30T16:32:00.648+0000] {processor.py:840} INFO - DAG(s) 'example_dynamic_task_mapping_with_no_taskflow_operators' retrieved from /home/airflow/.local/lib/python3.8/site-packages/airflow/example_dags/example_dynamic_task_mapping_with_no_taskflow_operators.py
[2024-01-30T16:32:00.665+0000] {logging_mixin.py:188} INFO - [2024-01-30T16:32:00.665+0000] {dag.py:3036} INFO - Sync 1 DAGs
[2024-01-30T16:32:00.684+0000] {logging_mixin.py:188} INFO - [2024-01-30T16:32:00.684+0000] {dag.py:3823} INFO - Setting next_dagrun for example_dynamic_task_mapping_with_no_taskflow_operators to 2024-01-29 00:00:00+00:00, run_after=2024-01-30 00:00:00+00:00
[2024-01-30T16:32:00.704+0000] {processor.py:183} INFO - Processing /home/airflow/.local/lib/python3.8/site-packages/airflow/example_dags/example_dynamic_task_mapping_with_no_taskflow_operators.py took 0.067 seconds
[2024-01-30T16:32:30.825+0000] {processor.py:161} INFO - Started process (PID=729) to work on /home/airflow/.local/lib/python3.8/site-packages/airflow/example_dags/example_dynamic_task_mapping_with_no_taskflow_operators.py
[2024-01-30T16:32:30.826+0000] {processor.py:830} INFO - Processing file /home/airflow/.local/lib/python3.8/site-packages/airflow/example_dags/example_dynamic_task_mapping_with_no_taskflow_operators.py for tasks to queue
[2024-01-30T16:32:30.827+0000] {logging_mixin.py:188} INFO - [2024-01-30T16:32:30.827+0000] {dagbag.py:538} INFO - Filling up the DagBag from /home/airflow/.local/lib/python3.8/site-packages/airflow/example_dags/example_dynamic_task_mapping_with_no_taskflow_operators.py
[2024-01-30T16:32:30.833+0000] {processor.py:840} INFO - DAG(s) 'example_dynamic_task_mapping_with_no_taskflow_operators' retrieved from /home/airflow/.local/lib/python3.8/site-packages/airflow/example_dags/example_dynamic_task_mapping_with_no_taskflow_operators.py
[2024-01-30T16:32:30.852+0000] {logging_mixin.py:188} INFO - [2024-01-30T16:32:30.852+0000] {dag.py:3036} INFO - Sync 1 DAGs
[2024-01-30T16:32:30.871+0000] {logging_mixin.py:188} INFO - [2024-01-30T16:32:30.870+0000] {dag.py:3823} INFO - Setting next_dagrun for example_dynamic_task_mapping_with_no_taskflow_operators to 2024-01-29 00:00:00+00:00, run_after=2024-01-30 00:00:00+00:00
[2024-01-30T16:32:30.889+0000] {processor.py:183} INFO - Processing /home/airflow/.local/lib/python3.8/site-packages/airflow/example_dags/example_dynamic_task_mapping_with_no_taskflow_operators.py took 0.067 seconds
[2024-01-30T16:33:01.118+0000] {processor.py:161} INFO - Started process (PID=784) to work on /home/airflow/.local/lib/python3.8/site-packages/airflow/example_dags/example_dynamic_task_mapping_with_no_taskflow_operators.py
[2024-01-30T16:33:01.119+0000] {processor.py:830} INFO - Processing file /home/airflow/.local/lib/python3.8/site-packages/airflow/example_dags/example_dynamic_task_mapping_with_no_taskflow_operators.py for tasks to queue
[2024-01-30T16:33:01.120+0000] {logging_mixin.py:188} INFO - [2024-01-30T16:33:01.120+0000] {dagbag.py:538} INFO - Filling up the DagBag from /home/airflow/.local/lib/python3.8/site-packages/airflow/example_dags/example_dynamic_task_mapping_with_no_taskflow_operators.py
[2024-01-30T16:33:01.126+0000] {processor.py:840} INFO - DAG(s) 'example_dynamic_task_mapping_with_no_taskflow_operators' retrieved from /home/airflow/.local/lib/python3.8/site-packages/airflow/example_dags/example_dynamic_task_mapping_with_no_taskflow_operators.py
[2024-01-30T16:33:01.143+0000] {logging_mixin.py:188} INFO - [2024-01-30T16:33:01.143+0000] {dag.py:3036} INFO - Sync 1 DAGs
[2024-01-30T16:33:01.162+0000] {logging_mixin.py:188} INFO - [2024-01-30T16:33:01.162+0000] {dag.py:3823} INFO - Setting next_dagrun for example_dynamic_task_mapping_with_no_taskflow_operators to 2024-01-29 00:00:00+00:00, run_after=2024-01-30 00:00:00+00:00
[2024-01-30T16:33:01.182+0000] {processor.py:183} INFO - Processing /home/airflow/.local/lib/python3.8/site-packages/airflow/example_dags/example_dynamic_task_mapping_with_no_taskflow_operators.py took 0.067 seconds
[2024-01-30T16:33:31.565+0000] {processor.py:161} INFO - Started process (PID=839) to work on /home/airflow/.local/lib/python3.8/site-packages/airflow/example_dags/example_dynamic_task_mapping_with_no_taskflow_operators.py
[2024-01-30T16:33:31.566+0000] {processor.py:830} INFO - Processing file /home/airflow/.local/lib/python3.8/site-packages/airflow/example_dags/example_dynamic_task_mapping_with_no_taskflow_operators.py for tasks to queue
[2024-01-30T16:33:31.567+0000] {logging_mixin.py:188} INFO - [2024-01-30T16:33:31.567+0000] {dagbag.py:538} INFO - Filling up the DagBag from /home/airflow/.local/lib/python3.8/site-packages/airflow/example_dags/example_dynamic_task_mapping_with_no_taskflow_operators.py
[2024-01-30T16:33:31.573+0000] {processor.py:840} INFO - DAG(s) 'example_dynamic_task_mapping_with_no_taskflow_operators' retrieved from /home/airflow/.local/lib/python3.8/site-packages/airflow/example_dags/example_dynamic_task_mapping_with_no_taskflow_operators.py
[2024-01-30T16:33:31.591+0000] {logging_mixin.py:188} INFO - [2024-01-30T16:33:31.591+0000] {dag.py:3036} INFO - Sync 1 DAGs
[2024-01-30T16:33:31.611+0000] {logging_mixin.py:188} INFO - [2024-01-30T16:33:31.611+0000] {dag.py:3823} INFO - Setting next_dagrun for example_dynamic_task_mapping_with_no_taskflow_operators to 2024-01-29 00:00:00+00:00, run_after=2024-01-30 00:00:00+00:00
[2024-01-30T16:33:31.629+0000] {processor.py:183} INFO - Processing /home/airflow/.local/lib/python3.8/site-packages/airflow/example_dags/example_dynamic_task_mapping_with_no_taskflow_operators.py took 0.067 seconds
[2024-01-30T16:34:01.798+0000] {processor.py:161} INFO - Started process (PID=894) to work on /home/airflow/.local/lib/python3.8/site-packages/airflow/example_dags/example_dynamic_task_mapping_with_no_taskflow_operators.py
[2024-01-30T16:34:01.799+0000] {processor.py:830} INFO - Processing file /home/airflow/.local/lib/python3.8/site-packages/airflow/example_dags/example_dynamic_task_mapping_with_no_taskflow_operators.py for tasks to queue
[2024-01-30T16:34:01.801+0000] {logging_mixin.py:188} INFO - [2024-01-30T16:34:01.801+0000] {dagbag.py:538} INFO - Filling up the DagBag from /home/airflow/.local/lib/python3.8/site-packages/airflow/example_dags/example_dynamic_task_mapping_with_no_taskflow_operators.py
[2024-01-30T16:34:01.807+0000] {processor.py:840} INFO - DAG(s) 'example_dynamic_task_mapping_with_no_taskflow_operators' retrieved from /home/airflow/.local/lib/python3.8/site-packages/airflow/example_dags/example_dynamic_task_mapping_with_no_taskflow_operators.py
[2024-01-30T16:34:01.826+0000] {logging_mixin.py:188} INFO - [2024-01-30T16:34:01.826+0000] {dag.py:3036} INFO - Sync 1 DAGs
[2024-01-30T16:34:01.848+0000] {logging_mixin.py:188} INFO - [2024-01-30T16:34:01.848+0000] {dag.py:3823} INFO - Setting next_dagrun for example_dynamic_task_mapping_with_no_taskflow_operators to 2024-01-29 00:00:00+00:00, run_after=2024-01-30 00:00:00+00:00
[2024-01-30T16:34:01.868+0000] {processor.py:183} INFO - Processing /home/airflow/.local/lib/python3.8/site-packages/airflow/example_dags/example_dynamic_task_mapping_with_no_taskflow_operators.py took 0.073 seconds
[2024-01-30T16:34:32.246+0000] {processor.py:161} INFO - Started process (PID=949) to work on /home/airflow/.local/lib/python3.8/site-packages/airflow/example_dags/example_dynamic_task_mapping_with_no_taskflow_operators.py
[2024-01-30T16:34:32.247+0000] {processor.py:830} INFO - Processing file /home/airflow/.local/lib/python3.8/site-packages/airflow/example_dags/example_dynamic_task_mapping_with_no_taskflow_operators.py for tasks to queue
[2024-01-30T16:34:32.249+0000] {logging_mixin.py:188} INFO - [2024-01-30T16:34:32.249+0000] {dagbag.py:538} INFO - Filling up the DagBag from /home/airflow/.local/lib/python3.8/site-packages/airflow/example_dags/example_dynamic_task_mapping_with_no_taskflow_operators.py
[2024-01-30T16:34:32.256+0000] {processor.py:840} INFO - DAG(s) 'example_dynamic_task_mapping_with_no_taskflow_operators' retrieved from /home/airflow/.local/lib/python3.8/site-packages/airflow/example_dags/example_dynamic_task_mapping_with_no_taskflow_operators.py
[2024-01-30T16:34:32.279+0000] {logging_mixin.py:188} INFO - [2024-01-30T16:34:32.279+0000] {dag.py:3036} INFO - Sync 1 DAGs
[2024-01-30T16:34:32.300+0000] {logging_mixin.py:188} INFO - [2024-01-30T16:34:32.300+0000] {dag.py:3823} INFO - Setting next_dagrun for example_dynamic_task_mapping_with_no_taskflow_operators to 2024-01-29 00:00:00+00:00, run_after=2024-01-30 00:00:00+00:00
[2024-01-30T16:34:32.319+0000] {processor.py:183} INFO - Processing /home/airflow/.local/lib/python3.8/site-packages/airflow/example_dags/example_dynamic_task_mapping_with_no_taskflow_operators.py took 0.077 seconds
[2024-01-30T16:35:02.604+0000] {processor.py:161} INFO - Started process (PID=1004) to work on /home/airflow/.local/lib/python3.8/site-packages/airflow/example_dags/example_dynamic_task_mapping_with_no_taskflow_operators.py
[2024-01-30T16:35:02.605+0000] {processor.py:830} INFO - Processing file /home/airflow/.local/lib/python3.8/site-packages/airflow/example_dags/example_dynamic_task_mapping_with_no_taskflow_operators.py for tasks to queue
[2024-01-30T16:35:02.606+0000] {logging_mixin.py:188} INFO - [2024-01-30T16:35:02.606+0000] {dagbag.py:538} INFO - Filling up the DagBag from /home/airflow/.local/lib/python3.8/site-packages/airflow/example_dags/example_dynamic_task_mapping_with_no_taskflow_operators.py
[2024-01-30T16:35:02.611+0000] {processor.py:840} INFO - DAG(s) 'example_dynamic_task_mapping_with_no_taskflow_operators' retrieved from /home/airflow/.local/lib/python3.8/site-packages/airflow/example_dags/example_dynamic_task_mapping_with_no_taskflow_operators.py
[2024-01-30T16:35:02.629+0000] {logging_mixin.py:188} INFO - [2024-01-30T16:35:02.629+0000] {dag.py:3036} INFO - Sync 1 DAGs
[2024-01-30T16:35:02.648+0000] {logging_mixin.py:188} INFO - [2024-01-30T16:35:02.648+0000] {dag.py:3823} INFO - Setting next_dagrun for example_dynamic_task_mapping_with_no_taskflow_operators to 2024-01-29 00:00:00+00:00, run_after=2024-01-30 00:00:00+00:00
[2024-01-30T16:35:02.669+0000] {processor.py:183} INFO - Processing /home/airflow/.local/lib/python3.8/site-packages/airflow/example_dags/example_dynamic_task_mapping_with_no_taskflow_operators.py took 0.068 seconds
[2024-01-30T16:35:32.768+0000] {processor.py:161} INFO - Started process (PID=1059) to work on /home/airflow/.local/lib/python3.8/site-packages/airflow/example_dags/example_dynamic_task_mapping_with_no_taskflow_operators.py
[2024-01-30T16:35:32.769+0000] {processor.py:830} INFO - Processing file /home/airflow/.local/lib/python3.8/site-packages/airflow/example_dags/example_dynamic_task_mapping_with_no_taskflow_operators.py for tasks to queue
[2024-01-30T16:35:32.771+0000] {logging_mixin.py:188} INFO - [2024-01-30T16:35:32.771+0000] {dagbag.py:538} INFO - Filling up the DagBag from /home/airflow/.local/lib/python3.8/site-packages/airflow/example_dags/example_dynamic_task_mapping_with_no_taskflow_operators.py
[2024-01-30T16:35:32.776+0000] {processor.py:840} INFO - DAG(s) 'example_dynamic_task_mapping_with_no_taskflow_operators' retrieved from /home/airflow/.local/lib/python3.8/site-packages/airflow/example_dags/example_dynamic_task_mapping_with_no_taskflow_operators.py
[2024-01-30T16:35:32.793+0000] {logging_mixin.py:188} INFO - [2024-01-30T16:35:32.793+0000] {dag.py:3036} INFO - Sync 1 DAGs
[2024-01-30T16:35:32.812+0000] {logging_mixin.py:188} INFO - [2024-01-30T16:35:32.812+0000] {dag.py:3823} INFO - Setting next_dagrun for example_dynamic_task_mapping_with_no_taskflow_operators to 2024-01-29 00:00:00+00:00, run_after=2024-01-30 00:00:00+00:00
[2024-01-30T16:35:32.831+0000] {processor.py:183} INFO - Processing /home/airflow/.local/lib/python3.8/site-packages/airflow/example_dags/example_dynamic_task_mapping_with_no_taskflow_operators.py took 0.066 seconds
[2024-01-30T16:36:02.900+0000] {processor.py:161} INFO - Started process (PID=1114) to work on /home/airflow/.local/lib/python3.8/site-packages/airflow/example_dags/example_dynamic_task_mapping_with_no_taskflow_operators.py
[2024-01-30T16:36:02.902+0000] {processor.py:830} INFO - Processing file /home/airflow/.local/lib/python3.8/site-packages/airflow/example_dags/example_dynamic_task_mapping_with_no_taskflow_operators.py for tasks to queue
[2024-01-30T16:36:02.904+0000] {logging_mixin.py:188} INFO - [2024-01-30T16:36:02.904+0000] {dagbag.py:538} INFO - Filling up the DagBag from /home/airflow/.local/lib/python3.8/site-packages/airflow/example_dags/example_dynamic_task_mapping_with_no_taskflow_operators.py
[2024-01-30T16:36:02.910+0000] {processor.py:840} INFO - DAG(s) 'example_dynamic_task_mapping_with_no_taskflow_operators' retrieved from /home/airflow/.local/lib/python3.8/site-packages/airflow/example_dags/example_dynamic_task_mapping_with_no_taskflow_operators.py
[2024-01-30T16:36:02.930+0000] {logging_mixin.py:188} INFO - [2024-01-30T16:36:02.929+0000] {dag.py:3036} INFO - Sync 1 DAGs
[2024-01-30T16:36:02.951+0000] {logging_mixin.py:188} INFO - [2024-01-30T16:36:02.951+0000] {dag.py:3823} INFO - Setting next_dagrun for example_dynamic_task_mapping_with_no_taskflow_operators to 2024-01-29 00:00:00+00:00, run_after=2024-01-30 00:00:00+00:00
[2024-01-30T16:36:02.973+0000] {processor.py:183} INFO - Processing /home/airflow/.local/lib/python3.8/site-packages/airflow/example_dags/example_dynamic_task_mapping_with_no_taskflow_operators.py took 0.075 seconds
[2024-01-30T16:36:33.930+0000] {processor.py:161} INFO - Started process (PID=1169) to work on /home/airflow/.local/lib/python3.8/site-packages/airflow/example_dags/example_dynamic_task_mapping_with_no_taskflow_operators.py
[2024-01-30T16:36:33.931+0000] {processor.py:830} INFO - Processing file /home/airflow/.local/lib/python3.8/site-packages/airflow/example_dags/example_dynamic_task_mapping_with_no_taskflow_operators.py for tasks to queue
[2024-01-30T16:36:33.933+0000] {logging_mixin.py:188} INFO - [2024-01-30T16:36:33.933+0000] {dagbag.py:538} INFO - Filling up the DagBag from /home/airflow/.local/lib/python3.8/site-packages/airflow/example_dags/example_dynamic_task_mapping_with_no_taskflow_operators.py
[2024-01-30T16:36:33.938+0000] {processor.py:840} INFO - DAG(s) 'example_dynamic_task_mapping_with_no_taskflow_operators' retrieved from /home/airflow/.local/lib/python3.8/site-packages/airflow/example_dags/example_dynamic_task_mapping_with_no_taskflow_operators.py
[2024-01-30T16:36:33.957+0000] {logging_mixin.py:188} INFO - [2024-01-30T16:36:33.957+0000] {dag.py:3036} INFO - Sync 1 DAGs
[2024-01-30T16:36:33.978+0000] {logging_mixin.py:188} INFO - [2024-01-30T16:36:33.978+0000] {dag.py:3823} INFO - Setting next_dagrun for example_dynamic_task_mapping_with_no_taskflow_operators to 2024-01-29 00:00:00+00:00, run_after=2024-01-30 00:00:00+00:00
[2024-01-30T16:36:33.999+0000] {processor.py:183} INFO - Processing /home/airflow/.local/lib/python3.8/site-packages/airflow/example_dags/example_dynamic_task_mapping_with_no_taskflow_operators.py took 0.072 seconds
[2024-01-30T16:37:04.069+0000] {processor.py:161} INFO - Started process (PID=1224) to work on /home/airflow/.local/lib/python3.8/site-packages/airflow/example_dags/example_dynamic_task_mapping_with_no_taskflow_operators.py
[2024-01-30T16:37:04.070+0000] {processor.py:830} INFO - Processing file /home/airflow/.local/lib/python3.8/site-packages/airflow/example_dags/example_dynamic_task_mapping_with_no_taskflow_operators.py for tasks to queue
[2024-01-30T16:37:04.072+0000] {logging_mixin.py:188} INFO - [2024-01-30T16:37:04.071+0000] {dagbag.py:538} INFO - Filling up the DagBag from /home/airflow/.local/lib/python3.8/site-packages/airflow/example_dags/example_dynamic_task_mapping_with_no_taskflow_operators.py
[2024-01-30T16:37:04.077+0000] {processor.py:840} INFO - DAG(s) 'example_dynamic_task_mapping_with_no_taskflow_operators' retrieved from /home/airflow/.local/lib/python3.8/site-packages/airflow/example_dags/example_dynamic_task_mapping_with_no_taskflow_operators.py
[2024-01-30T16:37:04.095+0000] {logging_mixin.py:188} INFO - [2024-01-30T16:37:04.095+0000] {dag.py:3036} INFO - Sync 1 DAGs
[2024-01-30T16:37:04.114+0000] {logging_mixin.py:188} INFO - [2024-01-30T16:37:04.114+0000] {dag.py:3823} INFO - Setting next_dagrun for example_dynamic_task_mapping_with_no_taskflow_operators to 2024-01-29 00:00:00+00:00, run_after=2024-01-30 00:00:00+00:00
[2024-01-30T16:37:04.134+0000] {processor.py:183} INFO - Processing /home/airflow/.local/lib/python3.8/site-packages/airflow/example_dags/example_dynamic_task_mapping_with_no_taskflow_operators.py took 0.069 seconds
[2024-01-30T16:37:34.897+0000] {processor.py:161} INFO - Started process (PID=1279) to work on /home/airflow/.local/lib/python3.8/site-packages/airflow/example_dags/example_dynamic_task_mapping_with_no_taskflow_operators.py
[2024-01-30T16:37:34.898+0000] {processor.py:830} INFO - Processing file /home/airflow/.local/lib/python3.8/site-packages/airflow/example_dags/example_dynamic_task_mapping_with_no_taskflow_operators.py for tasks to queue
[2024-01-30T16:37:34.900+0000] {logging_mixin.py:188} INFO - [2024-01-30T16:37:34.899+0000] {dagbag.py:538} INFO - Filling up the DagBag from /home/airflow/.local/lib/python3.8/site-packages/airflow/example_dags/example_dynamic_task_mapping_with_no_taskflow_operators.py
[2024-01-30T16:37:34.904+0000] {processor.py:840} INFO - DAG(s) 'example_dynamic_task_mapping_with_no_taskflow_operators' retrieved from /home/airflow/.local/lib/python3.8/site-packages/airflow/example_dags/example_dynamic_task_mapping_with_no_taskflow_operators.py
[2024-01-30T16:37:34.922+0000] {logging_mixin.py:188} INFO - [2024-01-30T16:37:34.922+0000] {dag.py:3036} INFO - Sync 1 DAGs
[2024-01-30T16:37:34.940+0000] {logging_mixin.py:188} INFO - [2024-01-30T16:37:34.940+0000] {dag.py:3823} INFO - Setting next_dagrun for example_dynamic_task_mapping_with_no_taskflow_operators to 2024-01-29 00:00:00+00:00, run_after=2024-01-30 00:00:00+00:00
[2024-01-30T16:37:34.968+0000] {processor.py:183} INFO - Processing /home/airflow/.local/lib/python3.8/site-packages/airflow/example_dags/example_dynamic_task_mapping_with_no_taskflow_operators.py took 0.074 seconds
