[2024-01-30T16:16:26.128+0000] {processor.py:161} INFO - Started process (PID=65) to work on /home/airflow/.local/lib/python3.8/site-packages/airflow/example_dags/example_sla_dag.py
[2024-01-30T16:16:26.129+0000] {processor.py:830} INFO - Processing file /home/airflow/.local/lib/python3.8/site-packages/airflow/example_dags/example_sla_dag.py for tasks to queue
[2024-01-30T16:16:26.131+0000] {logging_mixin.py:188} INFO - [2024-01-30T16:16:26.131+0000] {dagbag.py:538} INFO - Filling up the DagBag from /home/airflow/.local/lib/python3.8/site-packages/airflow/example_dags/example_sla_dag.py
[2024-01-30T16:16:26.140+0000] {processor.py:840} INFO - DAG(s) 'example_sla_dag' retrieved from /home/airflow/.local/lib/python3.8/site-packages/airflow/example_dags/example_sla_dag.py
[2024-01-30T16:16:26.151+0000] {logging_mixin.py:188} INFO - [2024-01-30T16:16:26.151+0000] {dag.py:3036} INFO - Sync 1 DAGs
[2024-01-30T16:16:26.177+0000] {logging_mixin.py:188} INFO - [2024-01-30T16:16:26.177+0000] {dag.py:3823} INFO - Setting next_dagrun for example_sla_dag to 2024-01-30 16:14:00+00:00, run_after=2024-01-30 16:16:00+00:00
[2024-01-30T16:16:26.199+0000] {processor.py:183} INFO - Processing /home/airflow/.local/lib/python3.8/site-packages/airflow/example_dags/example_sla_dag.py took 0.074 seconds
[2024-01-30T16:16:57.901+0000] {processor.py:161} INFO - Started process (PID=120) to work on /home/airflow/.local/lib/python3.8/site-packages/airflow/example_dags/example_sla_dag.py
[2024-01-30T16:16:57.902+0000] {processor.py:830} INFO - Processing file /home/airflow/.local/lib/python3.8/site-packages/airflow/example_dags/example_sla_dag.py for tasks to queue
[2024-01-30T16:16:57.904+0000] {logging_mixin.py:188} INFO - [2024-01-30T16:16:57.904+0000] {dagbag.py:538} INFO - Filling up the DagBag from /home/airflow/.local/lib/python3.8/site-packages/airflow/example_dags/example_sla_dag.py
[2024-01-30T16:16:57.912+0000] {processor.py:840} INFO - DAG(s) 'example_sla_dag' retrieved from /home/airflow/.local/lib/python3.8/site-packages/airflow/example_dags/example_sla_dag.py
[2024-01-30T16:16:58.005+0000] {logging_mixin.py:188} INFO - [2024-01-30T16:16:58.005+0000] {dag.py:3036} INFO - Sync 1 DAGs
[2024-01-30T16:16:58.027+0000] {logging_mixin.py:188} INFO - [2024-01-30T16:16:58.026+0000] {dag.py:3823} INFO - Setting next_dagrun for example_sla_dag to 2024-01-30 16:14:00+00:00, run_after=2024-01-30 16:16:00+00:00
[2024-01-30T16:16:58.045+0000] {processor.py:183} INFO - Processing /home/airflow/.local/lib/python3.8/site-packages/airflow/example_dags/example_sla_dag.py took 0.147 seconds
[2024-01-30T16:17:28.358+0000] {processor.py:161} INFO - Started process (PID=175) to work on /home/airflow/.local/lib/python3.8/site-packages/airflow/example_dags/example_sla_dag.py
[2024-01-30T16:17:28.359+0000] {processor.py:830} INFO - Processing file /home/airflow/.local/lib/python3.8/site-packages/airflow/example_dags/example_sla_dag.py for tasks to queue
[2024-01-30T16:17:28.361+0000] {logging_mixin.py:188} INFO - [2024-01-30T16:17:28.361+0000] {dagbag.py:538} INFO - Filling up the DagBag from /home/airflow/.local/lib/python3.8/site-packages/airflow/example_dags/example_sla_dag.py
[2024-01-30T16:17:28.368+0000] {processor.py:840} INFO - DAG(s) 'example_sla_dag' retrieved from /home/airflow/.local/lib/python3.8/site-packages/airflow/example_dags/example_sla_dag.py
[2024-01-30T16:17:28.385+0000] {logging_mixin.py:188} INFO - [2024-01-30T16:17:28.385+0000] {dag.py:3036} INFO - Sync 1 DAGs
[2024-01-30T16:17:28.407+0000] {logging_mixin.py:188} INFO - [2024-01-30T16:17:28.407+0000] {dag.py:3823} INFO - Setting next_dagrun for example_sla_dag to 2024-01-30 16:14:00+00:00, run_after=2024-01-30 16:16:00+00:00
[2024-01-30T16:17:28.425+0000] {processor.py:183} INFO - Processing /home/airflow/.local/lib/python3.8/site-packages/airflow/example_dags/example_sla_dag.py took 0.070 seconds
[2024-01-30T16:17:59.338+0000] {processor.py:161} INFO - Started process (PID=230) to work on /home/airflow/.local/lib/python3.8/site-packages/airflow/example_dags/example_sla_dag.py
[2024-01-30T16:17:59.339+0000] {processor.py:830} INFO - Processing file /home/airflow/.local/lib/python3.8/site-packages/airflow/example_dags/example_sla_dag.py for tasks to queue
[2024-01-30T16:17:59.341+0000] {logging_mixin.py:188} INFO - [2024-01-30T16:17:59.340+0000] {dagbag.py:538} INFO - Filling up the DagBag from /home/airflow/.local/lib/python3.8/site-packages/airflow/example_dags/example_sla_dag.py
[2024-01-30T16:17:59.348+0000] {processor.py:840} INFO - DAG(s) 'example_sla_dag' retrieved from /home/airflow/.local/lib/python3.8/site-packages/airflow/example_dags/example_sla_dag.py
[2024-01-30T16:17:59.366+0000] {logging_mixin.py:188} INFO - [2024-01-30T16:17:59.365+0000] {dag.py:3036} INFO - Sync 1 DAGs
[2024-01-30T16:17:59.388+0000] {logging_mixin.py:188} INFO - [2024-01-30T16:17:59.388+0000] {dag.py:3823} INFO - Setting next_dagrun for example_sla_dag to 2024-01-30 16:14:00+00:00, run_after=2024-01-30 16:16:00+00:00
[2024-01-30T16:17:59.406+0000] {processor.py:183} INFO - Processing /home/airflow/.local/lib/python3.8/site-packages/airflow/example_dags/example_sla_dag.py took 0.071 seconds
[2024-01-30T16:18:29.514+0000] {processor.py:161} INFO - Started process (PID=285) to work on /home/airflow/.local/lib/python3.8/site-packages/airflow/example_dags/example_sla_dag.py
[2024-01-30T16:18:29.515+0000] {processor.py:830} INFO - Processing file /home/airflow/.local/lib/python3.8/site-packages/airflow/example_dags/example_sla_dag.py for tasks to queue
[2024-01-30T16:18:29.516+0000] {logging_mixin.py:188} INFO - [2024-01-30T16:18:29.516+0000] {dagbag.py:538} INFO - Filling up the DagBag from /home/airflow/.local/lib/python3.8/site-packages/airflow/example_dags/example_sla_dag.py
[2024-01-30T16:18:29.524+0000] {processor.py:840} INFO - DAG(s) 'example_sla_dag' retrieved from /home/airflow/.local/lib/python3.8/site-packages/airflow/example_dags/example_sla_dag.py
[2024-01-30T16:18:29.541+0000] {logging_mixin.py:188} INFO - [2024-01-30T16:18:29.541+0000] {dag.py:3036} INFO - Sync 1 DAGs
[2024-01-30T16:18:29.564+0000] {logging_mixin.py:188} INFO - [2024-01-30T16:18:29.563+0000] {dag.py:3823} INFO - Setting next_dagrun for example_sla_dag to 2024-01-30 16:16:00+00:00, run_after=2024-01-30 16:18:00+00:00
[2024-01-30T16:18:29.582+0000] {processor.py:183} INFO - Processing /home/airflow/.local/lib/python3.8/site-packages/airflow/example_dags/example_sla_dag.py took 0.072 seconds
[2024-01-30T16:19:00.180+0000] {processor.py:161} INFO - Started process (PID=340) to work on /home/airflow/.local/lib/python3.8/site-packages/airflow/example_dags/example_sla_dag.py
[2024-01-30T16:19:00.181+0000] {processor.py:830} INFO - Processing file /home/airflow/.local/lib/python3.8/site-packages/airflow/example_dags/example_sla_dag.py for tasks to queue
[2024-01-30T16:19:00.182+0000] {logging_mixin.py:188} INFO - [2024-01-30T16:19:00.182+0000] {dagbag.py:538} INFO - Filling up the DagBag from /home/airflow/.local/lib/python3.8/site-packages/airflow/example_dags/example_sla_dag.py
[2024-01-30T16:19:00.190+0000] {processor.py:840} INFO - DAG(s) 'example_sla_dag' retrieved from /home/airflow/.local/lib/python3.8/site-packages/airflow/example_dags/example_sla_dag.py
[2024-01-30T16:19:00.207+0000] {logging_mixin.py:188} INFO - [2024-01-30T16:19:00.207+0000] {dag.py:3036} INFO - Sync 1 DAGs
[2024-01-30T16:19:00.229+0000] {logging_mixin.py:188} INFO - [2024-01-30T16:19:00.229+0000] {dag.py:3823} INFO - Setting next_dagrun for example_sla_dag to 2024-01-30 16:16:00+00:00, run_after=2024-01-30 16:18:00+00:00
[2024-01-30T16:19:00.246+0000] {processor.py:183} INFO - Processing /home/airflow/.local/lib/python3.8/site-packages/airflow/example_dags/example_sla_dag.py took 0.069 seconds
[2024-01-30T16:19:30.803+0000] {processor.py:161} INFO - Started process (PID=395) to work on /home/airflow/.local/lib/python3.8/site-packages/airflow/example_dags/example_sla_dag.py
[2024-01-30T16:19:30.804+0000] {processor.py:830} INFO - Processing file /home/airflow/.local/lib/python3.8/site-packages/airflow/example_dags/example_sla_dag.py for tasks to queue
[2024-01-30T16:19:30.806+0000] {logging_mixin.py:188} INFO - [2024-01-30T16:19:30.806+0000] {dagbag.py:538} INFO - Filling up the DagBag from /home/airflow/.local/lib/python3.8/site-packages/airflow/example_dags/example_sla_dag.py
[2024-01-30T16:19:30.814+0000] {processor.py:840} INFO - DAG(s) 'example_sla_dag' retrieved from /home/airflow/.local/lib/python3.8/site-packages/airflow/example_dags/example_sla_dag.py
[2024-01-30T16:19:30.831+0000] {logging_mixin.py:188} INFO - [2024-01-30T16:19:30.831+0000] {dag.py:3036} INFO - Sync 1 DAGs
[2024-01-30T16:19:30.854+0000] {logging_mixin.py:188} INFO - [2024-01-30T16:19:30.854+0000] {dag.py:3823} INFO - Setting next_dagrun for example_sla_dag to 2024-01-30 16:16:00+00:00, run_after=2024-01-30 16:18:00+00:00
[2024-01-30T16:19:30.871+0000] {processor.py:183} INFO - Processing /home/airflow/.local/lib/python3.8/site-packages/airflow/example_dags/example_sla_dag.py took 0.071 seconds
[2024-01-30T16:20:01.527+0000] {processor.py:161} INFO - Started process (PID=450) to work on /home/airflow/.local/lib/python3.8/site-packages/airflow/example_dags/example_sla_dag.py
[2024-01-30T16:20:01.528+0000] {processor.py:830} INFO - Processing file /home/airflow/.local/lib/python3.8/site-packages/airflow/example_dags/example_sla_dag.py for tasks to queue
[2024-01-30T16:20:01.530+0000] {logging_mixin.py:188} INFO - [2024-01-30T16:20:01.530+0000] {dagbag.py:538} INFO - Filling up the DagBag from /home/airflow/.local/lib/python3.8/site-packages/airflow/example_dags/example_sla_dag.py
[2024-01-30T16:20:01.538+0000] {processor.py:840} INFO - DAG(s) 'example_sla_dag' retrieved from /home/airflow/.local/lib/python3.8/site-packages/airflow/example_dags/example_sla_dag.py
[2024-01-30T16:20:01.555+0000] {logging_mixin.py:188} INFO - [2024-01-30T16:20:01.555+0000] {dag.py:3036} INFO - Sync 1 DAGs
[2024-01-30T16:20:01.577+0000] {logging_mixin.py:188} INFO - [2024-01-30T16:20:01.577+0000] {dag.py:3823} INFO - Setting next_dagrun for example_sla_dag to 2024-01-30 16:18:00+00:00, run_after=2024-01-30 16:20:00+00:00
[2024-01-30T16:20:01.595+0000] {processor.py:183} INFO - Processing /home/airflow/.local/lib/python3.8/site-packages/airflow/example_dags/example_sla_dag.py took 0.070 seconds
[2024-01-30T16:20:32.167+0000] {processor.py:161} INFO - Started process (PID=505) to work on /home/airflow/.local/lib/python3.8/site-packages/airflow/example_dags/example_sla_dag.py
[2024-01-30T16:20:32.168+0000] {processor.py:830} INFO - Processing file /home/airflow/.local/lib/python3.8/site-packages/airflow/example_dags/example_sla_dag.py for tasks to queue
[2024-01-30T16:20:32.170+0000] {logging_mixin.py:188} INFO - [2024-01-30T16:20:32.169+0000] {dagbag.py:538} INFO - Filling up the DagBag from /home/airflow/.local/lib/python3.8/site-packages/airflow/example_dags/example_sla_dag.py
[2024-01-30T16:20:32.178+0000] {processor.py:840} INFO - DAG(s) 'example_sla_dag' retrieved from /home/airflow/.local/lib/python3.8/site-packages/airflow/example_dags/example_sla_dag.py
[2024-01-30T16:20:32.195+0000] {logging_mixin.py:188} INFO - [2024-01-30T16:20:32.195+0000] {dag.py:3036} INFO - Sync 1 DAGs
[2024-01-30T16:20:32.218+0000] {logging_mixin.py:188} INFO - [2024-01-30T16:20:32.218+0000] {dag.py:3823} INFO - Setting next_dagrun for example_sla_dag to 2024-01-30 16:18:00+00:00, run_after=2024-01-30 16:20:00+00:00
[2024-01-30T16:20:32.236+0000] {processor.py:183} INFO - Processing /home/airflow/.local/lib/python3.8/site-packages/airflow/example_dags/example_sla_dag.py took 0.072 seconds
[2024-01-30T16:21:02.939+0000] {processor.py:161} INFO - Started process (PID=560) to work on /home/airflow/.local/lib/python3.8/site-packages/airflow/example_dags/example_sla_dag.py
[2024-01-30T16:21:02.940+0000] {processor.py:830} INFO - Processing file /home/airflow/.local/lib/python3.8/site-packages/airflow/example_dags/example_sla_dag.py for tasks to queue
[2024-01-30T16:21:02.942+0000] {logging_mixin.py:188} INFO - [2024-01-30T16:21:02.942+0000] {dagbag.py:538} INFO - Filling up the DagBag from /home/airflow/.local/lib/python3.8/site-packages/airflow/example_dags/example_sla_dag.py
[2024-01-30T16:21:02.952+0000] {processor.py:840} INFO - DAG(s) 'example_sla_dag' retrieved from /home/airflow/.local/lib/python3.8/site-packages/airflow/example_dags/example_sla_dag.py
[2024-01-30T16:21:02.972+0000] {logging_mixin.py:188} INFO - [2024-01-30T16:21:02.971+0000] {dag.py:3036} INFO - Sync 1 DAGs
[2024-01-30T16:21:02.998+0000] {logging_mixin.py:188} INFO - [2024-01-30T16:21:02.998+0000] {dag.py:3823} INFO - Setting next_dagrun for example_sla_dag to 2024-01-30 16:18:00+00:00, run_after=2024-01-30 16:20:00+00:00
[2024-01-30T16:21:03.018+0000] {processor.py:183} INFO - Processing /home/airflow/.local/lib/python3.8/site-packages/airflow/example_dags/example_sla_dag.py took 0.082 seconds
[2024-01-30T16:21:33.145+0000] {processor.py:161} INFO - Started process (PID=615) to work on /home/airflow/.local/lib/python3.8/site-packages/airflow/example_dags/example_sla_dag.py
[2024-01-30T16:21:33.146+0000] {processor.py:830} INFO - Processing file /home/airflow/.local/lib/python3.8/site-packages/airflow/example_dags/example_sla_dag.py for tasks to queue
[2024-01-30T16:21:33.147+0000] {logging_mixin.py:188} INFO - [2024-01-30T16:21:33.147+0000] {dagbag.py:538} INFO - Filling up the DagBag from /home/airflow/.local/lib/python3.8/site-packages/airflow/example_dags/example_sla_dag.py
[2024-01-30T16:21:33.155+0000] {processor.py:840} INFO - DAG(s) 'example_sla_dag' retrieved from /home/airflow/.local/lib/python3.8/site-packages/airflow/example_dags/example_sla_dag.py
[2024-01-30T16:21:33.174+0000] {logging_mixin.py:188} INFO - [2024-01-30T16:21:33.174+0000] {dag.py:3036} INFO - Sync 1 DAGs
[2024-01-30T16:21:33.197+0000] {logging_mixin.py:188} INFO - [2024-01-30T16:21:33.197+0000] {dag.py:3823} INFO - Setting next_dagrun for example_sla_dag to 2024-01-30 16:18:00+00:00, run_after=2024-01-30 16:20:00+00:00
[2024-01-30T16:21:33.217+0000] {processor.py:183} INFO - Processing /home/airflow/.local/lib/python3.8/site-packages/airflow/example_dags/example_sla_dag.py took 0.075 seconds
[2024-01-30T16:22:03.325+0000] {processor.py:161} INFO - Started process (PID=670) to work on /home/airflow/.local/lib/python3.8/site-packages/airflow/example_dags/example_sla_dag.py
[2024-01-30T16:22:03.326+0000] {processor.py:830} INFO - Processing file /home/airflow/.local/lib/python3.8/site-packages/airflow/example_dags/example_sla_dag.py for tasks to queue
[2024-01-30T16:22:03.328+0000] {logging_mixin.py:188} INFO - [2024-01-30T16:22:03.328+0000] {dagbag.py:538} INFO - Filling up the DagBag from /home/airflow/.local/lib/python3.8/site-packages/airflow/example_dags/example_sla_dag.py
[2024-01-30T16:22:03.336+0000] {processor.py:840} INFO - DAG(s) 'example_sla_dag' retrieved from /home/airflow/.local/lib/python3.8/site-packages/airflow/example_dags/example_sla_dag.py
[2024-01-30T16:22:03.354+0000] {logging_mixin.py:188} INFO - [2024-01-30T16:22:03.354+0000] {dag.py:3036} INFO - Sync 1 DAGs
[2024-01-30T16:22:03.377+0000] {logging_mixin.py:188} INFO - [2024-01-30T16:22:03.377+0000] {dag.py:3823} INFO - Setting next_dagrun for example_sla_dag to 2024-01-30 16:20:00+00:00, run_after=2024-01-30 16:22:00+00:00
[2024-01-30T16:22:03.395+0000] {processor.py:183} INFO - Processing /home/airflow/.local/lib/python3.8/site-packages/airflow/example_dags/example_sla_dag.py took 0.073 seconds
[2024-01-30T16:22:33.527+0000] {processor.py:161} INFO - Started process (PID=725) to work on /home/airflow/.local/lib/python3.8/site-packages/airflow/example_dags/example_sla_dag.py
[2024-01-30T16:22:33.528+0000] {processor.py:830} INFO - Processing file /home/airflow/.local/lib/python3.8/site-packages/airflow/example_dags/example_sla_dag.py for tasks to queue
[2024-01-30T16:22:33.529+0000] {logging_mixin.py:188} INFO - [2024-01-30T16:22:33.529+0000] {dagbag.py:538} INFO - Filling up the DagBag from /home/airflow/.local/lib/python3.8/site-packages/airflow/example_dags/example_sla_dag.py
[2024-01-30T16:22:33.537+0000] {processor.py:840} INFO - DAG(s) 'example_sla_dag' retrieved from /home/airflow/.local/lib/python3.8/site-packages/airflow/example_dags/example_sla_dag.py
[2024-01-30T16:22:33.555+0000] {logging_mixin.py:188} INFO - [2024-01-30T16:22:33.554+0000] {dag.py:3036} INFO - Sync 1 DAGs
[2024-01-30T16:22:33.577+0000] {logging_mixin.py:188} INFO - [2024-01-30T16:22:33.577+0000] {dag.py:3823} INFO - Setting next_dagrun for example_sla_dag to 2024-01-30 16:20:00+00:00, run_after=2024-01-30 16:22:00+00:00
[2024-01-30T16:22:33.595+0000] {processor.py:183} INFO - Processing /home/airflow/.local/lib/python3.8/site-packages/airflow/example_dags/example_sla_dag.py took 0.071 seconds
[2024-01-30T16:23:03.744+0000] {processor.py:161} INFO - Started process (PID=780) to work on /home/airflow/.local/lib/python3.8/site-packages/airflow/example_dags/example_sla_dag.py
[2024-01-30T16:23:03.745+0000] {processor.py:830} INFO - Processing file /home/airflow/.local/lib/python3.8/site-packages/airflow/example_dags/example_sla_dag.py for tasks to queue
[2024-01-30T16:23:03.746+0000] {logging_mixin.py:188} INFO - [2024-01-30T16:23:03.746+0000] {dagbag.py:538} INFO - Filling up the DagBag from /home/airflow/.local/lib/python3.8/site-packages/airflow/example_dags/example_sla_dag.py
[2024-01-30T16:23:03.754+0000] {processor.py:840} INFO - DAG(s) 'example_sla_dag' retrieved from /home/airflow/.local/lib/python3.8/site-packages/airflow/example_dags/example_sla_dag.py
[2024-01-30T16:23:03.771+0000] {logging_mixin.py:188} INFO - [2024-01-30T16:23:03.771+0000] {dag.py:3036} INFO - Sync 1 DAGs
[2024-01-30T16:23:03.794+0000] {logging_mixin.py:188} INFO - [2024-01-30T16:23:03.794+0000] {dag.py:3823} INFO - Setting next_dagrun for example_sla_dag to 2024-01-30 16:20:00+00:00, run_after=2024-01-30 16:22:00+00:00
[2024-01-30T16:23:03.810+0000] {processor.py:183} INFO - Processing /home/airflow/.local/lib/python3.8/site-packages/airflow/example_dags/example_sla_dag.py took 0.070 seconds
[2024-01-30T16:23:34.460+0000] {processor.py:161} INFO - Started process (PID=835) to work on /home/airflow/.local/lib/python3.8/site-packages/airflow/example_dags/example_sla_dag.py
[2024-01-30T16:23:34.461+0000] {processor.py:830} INFO - Processing file /home/airflow/.local/lib/python3.8/site-packages/airflow/example_dags/example_sla_dag.py for tasks to queue
[2024-01-30T16:23:34.463+0000] {logging_mixin.py:188} INFO - [2024-01-30T16:23:34.463+0000] {dagbag.py:538} INFO - Filling up the DagBag from /home/airflow/.local/lib/python3.8/site-packages/airflow/example_dags/example_sla_dag.py
[2024-01-30T16:23:34.471+0000] {processor.py:840} INFO - DAG(s) 'example_sla_dag' retrieved from /home/airflow/.local/lib/python3.8/site-packages/airflow/example_dags/example_sla_dag.py
[2024-01-30T16:23:34.492+0000] {logging_mixin.py:188} INFO - [2024-01-30T16:23:34.492+0000] {dag.py:3036} INFO - Sync 1 DAGs
[2024-01-30T16:23:34.529+0000] {logging_mixin.py:188} INFO - [2024-01-30T16:23:34.529+0000] {dag.py:3823} INFO - Setting next_dagrun for example_sla_dag to 2024-01-30 16:20:00+00:00, run_after=2024-01-30 16:22:00+00:00
[2024-01-30T16:23:34.549+0000] {processor.py:183} INFO - Processing /home/airflow/.local/lib/python3.8/site-packages/airflow/example_dags/example_sla_dag.py took 0.092 seconds
[2024-01-30T16:24:42.743+0000] {processor.py:161} INFO - Started process (PID=65) to work on /home/airflow/.local/lib/python3.8/site-packages/airflow/example_dags/example_sla_dag.py
[2024-01-30T16:24:42.744+0000] {processor.py:830} INFO - Processing file /home/airflow/.local/lib/python3.8/site-packages/airflow/example_dags/example_sla_dag.py for tasks to queue
[2024-01-30T16:24:42.746+0000] {logging_mixin.py:188} INFO - [2024-01-30T16:24:42.746+0000] {dagbag.py:538} INFO - Filling up the DagBag from /home/airflow/.local/lib/python3.8/site-packages/airflow/example_dags/example_sla_dag.py
[2024-01-30T16:24:42.755+0000] {processor.py:840} INFO - DAG(s) 'example_sla_dag' retrieved from /home/airflow/.local/lib/python3.8/site-packages/airflow/example_dags/example_sla_dag.py
[2024-01-30T16:24:42.770+0000] {logging_mixin.py:188} INFO - [2024-01-30T16:24:42.769+0000] {dag.py:3036} INFO - Sync 1 DAGs
[2024-01-30T16:24:42.798+0000] {logging_mixin.py:188} INFO - [2024-01-30T16:24:42.798+0000] {dag.py:3823} INFO - Setting next_dagrun for example_sla_dag to 2024-01-30 16:22:00+00:00, run_after=2024-01-30 16:24:00+00:00
[2024-01-30T16:24:42.816+0000] {processor.py:183} INFO - Processing /home/airflow/.local/lib/python3.8/site-packages/airflow/example_dags/example_sla_dag.py took 0.077 seconds
[2024-01-30T16:25:14.302+0000] {processor.py:161} INFO - Started process (PID=120) to work on /home/airflow/.local/lib/python3.8/site-packages/airflow/example_dags/example_sla_dag.py
[2024-01-30T16:25:14.303+0000] {processor.py:830} INFO - Processing file /home/airflow/.local/lib/python3.8/site-packages/airflow/example_dags/example_sla_dag.py for tasks to queue
[2024-01-30T16:25:14.305+0000] {logging_mixin.py:188} INFO - [2024-01-30T16:25:14.305+0000] {dagbag.py:538} INFO - Filling up the DagBag from /home/airflow/.local/lib/python3.8/site-packages/airflow/example_dags/example_sla_dag.py
[2024-01-30T16:25:14.312+0000] {processor.py:840} INFO - DAG(s) 'example_sla_dag' retrieved from /home/airflow/.local/lib/python3.8/site-packages/airflow/example_dags/example_sla_dag.py
[2024-01-30T16:25:14.404+0000] {logging_mixin.py:188} INFO - [2024-01-30T16:25:14.404+0000] {dag.py:3036} INFO - Sync 1 DAGs
[2024-01-30T16:25:14.425+0000] {logging_mixin.py:188} INFO - [2024-01-30T16:25:14.425+0000] {dag.py:3823} INFO - Setting next_dagrun for example_sla_dag to 2024-01-30 16:22:00+00:00, run_after=2024-01-30 16:24:00+00:00
[2024-01-30T16:25:14.444+0000] {processor.py:183} INFO - Processing /home/airflow/.local/lib/python3.8/site-packages/airflow/example_dags/example_sla_dag.py took 0.145 seconds
[2024-01-30T16:26:21.513+0000] {processor.py:161} INFO - Started process (PID=65) to work on /home/airflow/.local/lib/python3.8/site-packages/airflow/example_dags/example_sla_dag.py
[2024-01-30T16:26:21.514+0000] {processor.py:830} INFO - Processing file /home/airflow/.local/lib/python3.8/site-packages/airflow/example_dags/example_sla_dag.py for tasks to queue
[2024-01-30T16:26:21.516+0000] {logging_mixin.py:188} INFO - [2024-01-30T16:26:21.516+0000] {dagbag.py:538} INFO - Filling up the DagBag from /home/airflow/.local/lib/python3.8/site-packages/airflow/example_dags/example_sla_dag.py
[2024-01-30T16:26:21.527+0000] {processor.py:840} INFO - DAG(s) 'example_sla_dag' retrieved from /home/airflow/.local/lib/python3.8/site-packages/airflow/example_dags/example_sla_dag.py
[2024-01-30T16:26:21.539+0000] {logging_mixin.py:188} INFO - [2024-01-30T16:26:21.539+0000] {dag.py:3036} INFO - Sync 1 DAGs
[2024-01-30T16:26:21.568+0000] {logging_mixin.py:188} INFO - [2024-01-30T16:26:21.568+0000] {dag.py:3823} INFO - Setting next_dagrun for example_sla_dag to 2024-01-30 16:24:00+00:00, run_after=2024-01-30 16:26:00+00:00
[2024-01-30T16:26:21.590+0000] {processor.py:183} INFO - Processing /home/airflow/.local/lib/python3.8/site-packages/airflow/example_dags/example_sla_dag.py took 0.081 seconds
[2024-01-30T16:26:52.925+0000] {processor.py:161} INFO - Started process (PID=120) to work on /home/airflow/.local/lib/python3.8/site-packages/airflow/example_dags/example_sla_dag.py
[2024-01-30T16:26:52.926+0000] {processor.py:830} INFO - Processing file /home/airflow/.local/lib/python3.8/site-packages/airflow/example_dags/example_sla_dag.py for tasks to queue
[2024-01-30T16:26:52.927+0000] {logging_mixin.py:188} INFO - [2024-01-30T16:26:52.927+0000] {dagbag.py:538} INFO - Filling up the DagBag from /home/airflow/.local/lib/python3.8/site-packages/airflow/example_dags/example_sla_dag.py
[2024-01-30T16:26:52.935+0000] {processor.py:840} INFO - DAG(s) 'example_sla_dag' retrieved from /home/airflow/.local/lib/python3.8/site-packages/airflow/example_dags/example_sla_dag.py
[2024-01-30T16:26:53.023+0000] {logging_mixin.py:188} INFO - [2024-01-30T16:26:53.022+0000] {dag.py:3036} INFO - Sync 1 DAGs
[2024-01-30T16:26:53.044+0000] {logging_mixin.py:188} INFO - [2024-01-30T16:26:53.044+0000] {dag.py:3823} INFO - Setting next_dagrun for example_sla_dag to 2024-01-30 16:24:00+00:00, run_after=2024-01-30 16:26:00+00:00
[2024-01-30T16:26:53.061+0000] {processor.py:183} INFO - Processing /home/airflow/.local/lib/python3.8/site-packages/airflow/example_dags/example_sla_dag.py took 0.139 seconds
[2024-01-30T16:27:23.995+0000] {processor.py:161} INFO - Started process (PID=175) to work on /home/airflow/.local/lib/python3.8/site-packages/airflow/example_dags/example_sla_dag.py
[2024-01-30T16:27:23.996+0000] {processor.py:830} INFO - Processing file /home/airflow/.local/lib/python3.8/site-packages/airflow/example_dags/example_sla_dag.py for tasks to queue
[2024-01-30T16:27:23.998+0000] {logging_mixin.py:188} INFO - [2024-01-30T16:27:23.998+0000] {dagbag.py:538} INFO - Filling up the DagBag from /home/airflow/.local/lib/python3.8/site-packages/airflow/example_dags/example_sla_dag.py
[2024-01-30T16:27:24.006+0000] {processor.py:840} INFO - DAG(s) 'example_sla_dag' retrieved from /home/airflow/.local/lib/python3.8/site-packages/airflow/example_dags/example_sla_dag.py
[2024-01-30T16:27:24.026+0000] {logging_mixin.py:188} INFO - [2024-01-30T16:27:24.026+0000] {dag.py:3036} INFO - Sync 1 DAGs
[2024-01-30T16:27:24.050+0000] {logging_mixin.py:188} INFO - [2024-01-30T16:27:24.049+0000] {dag.py:3823} INFO - Setting next_dagrun for example_sla_dag to 2024-01-30 16:24:00+00:00, run_after=2024-01-30 16:26:00+00:00
[2024-01-30T16:27:24.071+0000] {processor.py:183} INFO - Processing /home/airflow/.local/lib/python3.8/site-packages/airflow/example_dags/example_sla_dag.py took 0.080 seconds
[2024-01-30T16:27:54.957+0000] {processor.py:161} INFO - Started process (PID=230) to work on /home/airflow/.local/lib/python3.8/site-packages/airflow/example_dags/example_sla_dag.py
[2024-01-30T16:27:54.958+0000] {processor.py:830} INFO - Processing file /home/airflow/.local/lib/python3.8/site-packages/airflow/example_dags/example_sla_dag.py for tasks to queue
[2024-01-30T16:27:54.959+0000] {logging_mixin.py:188} INFO - [2024-01-30T16:27:54.959+0000] {dagbag.py:538} INFO - Filling up the DagBag from /home/airflow/.local/lib/python3.8/site-packages/airflow/example_dags/example_sla_dag.py
[2024-01-30T16:27:54.967+0000] {processor.py:840} INFO - DAG(s) 'example_sla_dag' retrieved from /home/airflow/.local/lib/python3.8/site-packages/airflow/example_dags/example_sla_dag.py
[2024-01-30T16:27:54.984+0000] {logging_mixin.py:188} INFO - [2024-01-30T16:27:54.984+0000] {dag.py:3036} INFO - Sync 1 DAGs
[2024-01-30T16:27:55.005+0000] {logging_mixin.py:188} INFO - [2024-01-30T16:27:55.005+0000] {dag.py:3823} INFO - Setting next_dagrun for example_sla_dag to 2024-01-30 16:24:00+00:00, run_after=2024-01-30 16:26:00+00:00
[2024-01-30T16:27:55.023+0000] {processor.py:183} INFO - Processing /home/airflow/.local/lib/python3.8/site-packages/airflow/example_dags/example_sla_dag.py took 0.069 seconds
[2024-01-30T16:28:25.561+0000] {processor.py:161} INFO - Started process (PID=285) to work on /home/airflow/.local/lib/python3.8/site-packages/airflow/example_dags/example_sla_dag.py
[2024-01-30T16:28:25.562+0000] {processor.py:830} INFO - Processing file /home/airflow/.local/lib/python3.8/site-packages/airflow/example_dags/example_sla_dag.py for tasks to queue
[2024-01-30T16:28:25.563+0000] {logging_mixin.py:188} INFO - [2024-01-30T16:28:25.563+0000] {dagbag.py:538} INFO - Filling up the DagBag from /home/airflow/.local/lib/python3.8/site-packages/airflow/example_dags/example_sla_dag.py
[2024-01-30T16:28:25.571+0000] {processor.py:840} INFO - DAG(s) 'example_sla_dag' retrieved from /home/airflow/.local/lib/python3.8/site-packages/airflow/example_dags/example_sla_dag.py
[2024-01-30T16:28:25.587+0000] {logging_mixin.py:188} INFO - [2024-01-30T16:28:25.587+0000] {dag.py:3036} INFO - Sync 1 DAGs
[2024-01-30T16:28:25.608+0000] {logging_mixin.py:188} INFO - [2024-01-30T16:28:25.608+0000] {dag.py:3823} INFO - Setting next_dagrun for example_sla_dag to 2024-01-30 16:26:00+00:00, run_after=2024-01-30 16:28:00+00:00
[2024-01-30T16:28:25.625+0000] {processor.py:183} INFO - Processing /home/airflow/.local/lib/python3.8/site-packages/airflow/example_dags/example_sla_dag.py took 0.067 seconds
[2024-01-30T16:28:56.304+0000] {processor.py:161} INFO - Started process (PID=340) to work on /home/airflow/.local/lib/python3.8/site-packages/airflow/example_dags/example_sla_dag.py
[2024-01-30T16:28:56.305+0000] {processor.py:830} INFO - Processing file /home/airflow/.local/lib/python3.8/site-packages/airflow/example_dags/example_sla_dag.py for tasks to queue
[2024-01-30T16:28:56.307+0000] {logging_mixin.py:188} INFO - [2024-01-30T16:28:56.307+0000] {dagbag.py:538} INFO - Filling up the DagBag from /home/airflow/.local/lib/python3.8/site-packages/airflow/example_dags/example_sla_dag.py
[2024-01-30T16:28:56.315+0000] {processor.py:840} INFO - DAG(s) 'example_sla_dag' retrieved from /home/airflow/.local/lib/python3.8/site-packages/airflow/example_dags/example_sla_dag.py
[2024-01-30T16:28:56.334+0000] {logging_mixin.py:188} INFO - [2024-01-30T16:28:56.334+0000] {dag.py:3036} INFO - Sync 1 DAGs
[2024-01-30T16:28:56.358+0000] {logging_mixin.py:188} INFO - [2024-01-30T16:28:56.358+0000] {dag.py:3823} INFO - Setting next_dagrun for example_sla_dag to 2024-01-30 16:26:00+00:00, run_after=2024-01-30 16:28:00+00:00
[2024-01-30T16:28:56.376+0000] {processor.py:183} INFO - Processing /home/airflow/.local/lib/python3.8/site-packages/airflow/example_dags/example_sla_dag.py took 0.075 seconds
[2024-01-30T16:29:26.967+0000] {processor.py:161} INFO - Started process (PID=395) to work on /home/airflow/.local/lib/python3.8/site-packages/airflow/example_dags/example_sla_dag.py
[2024-01-30T16:29:26.968+0000] {processor.py:830} INFO - Processing file /home/airflow/.local/lib/python3.8/site-packages/airflow/example_dags/example_sla_dag.py for tasks to queue
[2024-01-30T16:29:26.970+0000] {logging_mixin.py:188} INFO - [2024-01-30T16:29:26.970+0000] {dagbag.py:538} INFO - Filling up the DagBag from /home/airflow/.local/lib/python3.8/site-packages/airflow/example_dags/example_sla_dag.py
[2024-01-30T16:29:26.977+0000] {processor.py:840} INFO - DAG(s) 'example_sla_dag' retrieved from /home/airflow/.local/lib/python3.8/site-packages/airflow/example_dags/example_sla_dag.py
[2024-01-30T16:29:26.994+0000] {logging_mixin.py:188} INFO - [2024-01-30T16:29:26.994+0000] {dag.py:3036} INFO - Sync 1 DAGs
[2024-01-30T16:29:27.016+0000] {logging_mixin.py:188} INFO - [2024-01-30T16:29:27.016+0000] {dag.py:3823} INFO - Setting next_dagrun for example_sla_dag to 2024-01-30 16:26:00+00:00, run_after=2024-01-30 16:28:00+00:00
[2024-01-30T16:29:27.035+0000] {processor.py:183} INFO - Processing /home/airflow/.local/lib/python3.8/site-packages/airflow/example_dags/example_sla_dag.py took 0.070 seconds
[2024-01-30T16:29:57.657+0000] {processor.py:161} INFO - Started process (PID=450) to work on /home/airflow/.local/lib/python3.8/site-packages/airflow/example_dags/example_sla_dag.py
[2024-01-30T16:29:57.658+0000] {processor.py:830} INFO - Processing file /home/airflow/.local/lib/python3.8/site-packages/airflow/example_dags/example_sla_dag.py for tasks to queue
[2024-01-30T16:29:57.659+0000] {logging_mixin.py:188} INFO - [2024-01-30T16:29:57.659+0000] {dagbag.py:538} INFO - Filling up the DagBag from /home/airflow/.local/lib/python3.8/site-packages/airflow/example_dags/example_sla_dag.py
[2024-01-30T16:29:57.667+0000] {processor.py:840} INFO - DAG(s) 'example_sla_dag' retrieved from /home/airflow/.local/lib/python3.8/site-packages/airflow/example_dags/example_sla_dag.py
[2024-01-30T16:29:57.684+0000] {logging_mixin.py:188} INFO - [2024-01-30T16:29:57.684+0000] {dag.py:3036} INFO - Sync 1 DAGs
[2024-01-30T16:29:57.706+0000] {logging_mixin.py:188} INFO - [2024-01-30T16:29:57.705+0000] {dag.py:3823} INFO - Setting next_dagrun for example_sla_dag to 2024-01-30 16:26:00+00:00, run_after=2024-01-30 16:28:00+00:00
[2024-01-30T16:29:57.725+0000] {processor.py:183} INFO - Processing /home/airflow/.local/lib/python3.8/site-packages/airflow/example_dags/example_sla_dag.py took 0.071 seconds
[2024-01-30T16:30:28.467+0000] {processor.py:161} INFO - Started process (PID=505) to work on /home/airflow/.local/lib/python3.8/site-packages/airflow/example_dags/example_sla_dag.py
[2024-01-30T16:30:28.468+0000] {processor.py:830} INFO - Processing file /home/airflow/.local/lib/python3.8/site-packages/airflow/example_dags/example_sla_dag.py for tasks to queue
[2024-01-30T16:30:28.470+0000] {logging_mixin.py:188} INFO - [2024-01-30T16:30:28.469+0000] {dagbag.py:538} INFO - Filling up the DagBag from /home/airflow/.local/lib/python3.8/site-packages/airflow/example_dags/example_sla_dag.py
[2024-01-30T16:30:28.477+0000] {processor.py:840} INFO - DAG(s) 'example_sla_dag' retrieved from /home/airflow/.local/lib/python3.8/site-packages/airflow/example_dags/example_sla_dag.py
[2024-01-30T16:30:28.495+0000] {logging_mixin.py:188} INFO - [2024-01-30T16:30:28.495+0000] {dag.py:3036} INFO - Sync 1 DAGs
[2024-01-30T16:30:28.518+0000] {logging_mixin.py:188} INFO - [2024-01-30T16:30:28.518+0000] {dag.py:3823} INFO - Setting next_dagrun for example_sla_dag to 2024-01-30 16:28:00+00:00, run_after=2024-01-30 16:30:00+00:00
[2024-01-30T16:30:28.536+0000] {processor.py:183} INFO - Processing /home/airflow/.local/lib/python3.8/site-packages/airflow/example_dags/example_sla_dag.py took 0.072 seconds
[2024-01-30T16:30:58.969+0000] {processor.py:161} INFO - Started process (PID=560) to work on /home/airflow/.local/lib/python3.8/site-packages/airflow/example_dags/example_sla_dag.py
[2024-01-30T16:30:58.972+0000] {processor.py:830} INFO - Processing file /home/airflow/.local/lib/python3.8/site-packages/airflow/example_dags/example_sla_dag.py for tasks to queue
[2024-01-30T16:30:58.976+0000] {logging_mixin.py:188} INFO - [2024-01-30T16:30:58.976+0000] {dagbag.py:538} INFO - Filling up the DagBag from /home/airflow/.local/lib/python3.8/site-packages/airflow/example_dags/example_sla_dag.py
[2024-01-30T16:30:58.992+0000] {processor.py:840} INFO - DAG(s) 'example_sla_dag' retrieved from /home/airflow/.local/lib/python3.8/site-packages/airflow/example_dags/example_sla_dag.py
[2024-01-30T16:30:59.021+0000] {logging_mixin.py:188} INFO - [2024-01-30T16:30:59.020+0000] {dag.py:3036} INFO - Sync 1 DAGs
[2024-01-30T16:30:59.074+0000] {logging_mixin.py:188} INFO - [2024-01-30T16:30:59.074+0000] {dag.py:3823} INFO - Setting next_dagrun for example_sla_dag to 2024-01-30 16:28:00+00:00, run_after=2024-01-30 16:30:00+00:00
[2024-01-30T16:30:59.107+0000] {processor.py:183} INFO - Processing /home/airflow/.local/lib/python3.8/site-packages/airflow/example_dags/example_sla_dag.py took 0.143 seconds
[2024-01-30T16:31:29.244+0000] {processor.py:161} INFO - Started process (PID=615) to work on /home/airflow/.local/lib/python3.8/site-packages/airflow/example_dags/example_sla_dag.py
[2024-01-30T16:31:29.245+0000] {processor.py:830} INFO - Processing file /home/airflow/.local/lib/python3.8/site-packages/airflow/example_dags/example_sla_dag.py for tasks to queue
[2024-01-30T16:31:29.247+0000] {logging_mixin.py:188} INFO - [2024-01-30T16:31:29.247+0000] {dagbag.py:538} INFO - Filling up the DagBag from /home/airflow/.local/lib/python3.8/site-packages/airflow/example_dags/example_sla_dag.py
[2024-01-30T16:31:29.254+0000] {processor.py:840} INFO - DAG(s) 'example_sla_dag' retrieved from /home/airflow/.local/lib/python3.8/site-packages/airflow/example_dags/example_sla_dag.py
[2024-01-30T16:31:29.272+0000] {logging_mixin.py:188} INFO - [2024-01-30T16:31:29.272+0000] {dag.py:3036} INFO - Sync 1 DAGs
[2024-01-30T16:31:29.296+0000] {logging_mixin.py:188} INFO - [2024-01-30T16:31:29.296+0000] {dag.py:3823} INFO - Setting next_dagrun for example_sla_dag to 2024-01-30 16:28:00+00:00, run_after=2024-01-30 16:30:00+00:00
[2024-01-30T16:31:29.315+0000] {processor.py:183} INFO - Processing /home/airflow/.local/lib/python3.8/site-packages/airflow/example_dags/example_sla_dag.py took 0.074 seconds
[2024-01-30T16:31:59.452+0000] {processor.py:161} INFO - Started process (PID=670) to work on /home/airflow/.local/lib/python3.8/site-packages/airflow/example_dags/example_sla_dag.py
[2024-01-30T16:31:59.453+0000] {processor.py:830} INFO - Processing file /home/airflow/.local/lib/python3.8/site-packages/airflow/example_dags/example_sla_dag.py for tasks to queue
[2024-01-30T16:31:59.455+0000] {logging_mixin.py:188} INFO - [2024-01-30T16:31:59.455+0000] {dagbag.py:538} INFO - Filling up the DagBag from /home/airflow/.local/lib/python3.8/site-packages/airflow/example_dags/example_sla_dag.py
[2024-01-30T16:31:59.462+0000] {processor.py:840} INFO - DAG(s) 'example_sla_dag' retrieved from /home/airflow/.local/lib/python3.8/site-packages/airflow/example_dags/example_sla_dag.py
[2024-01-30T16:31:59.479+0000] {logging_mixin.py:188} INFO - [2024-01-30T16:31:59.479+0000] {dag.py:3036} INFO - Sync 1 DAGs
[2024-01-30T16:31:59.502+0000] {logging_mixin.py:188} INFO - [2024-01-30T16:31:59.501+0000] {dag.py:3823} INFO - Setting next_dagrun for example_sla_dag to 2024-01-30 16:28:00+00:00, run_after=2024-01-30 16:30:00+00:00
[2024-01-30T16:31:59.519+0000] {processor.py:183} INFO - Processing /home/airflow/.local/lib/python3.8/site-packages/airflow/example_dags/example_sla_dag.py took 0.070 seconds
[2024-01-30T16:32:29.628+0000] {processor.py:161} INFO - Started process (PID=725) to work on /home/airflow/.local/lib/python3.8/site-packages/airflow/example_dags/example_sla_dag.py
[2024-01-30T16:32:29.629+0000] {processor.py:830} INFO - Processing file /home/airflow/.local/lib/python3.8/site-packages/airflow/example_dags/example_sla_dag.py for tasks to queue
[2024-01-30T16:32:29.630+0000] {logging_mixin.py:188} INFO - [2024-01-30T16:32:29.630+0000] {dagbag.py:538} INFO - Filling up the DagBag from /home/airflow/.local/lib/python3.8/site-packages/airflow/example_dags/example_sla_dag.py
[2024-01-30T16:32:29.638+0000] {processor.py:840} INFO - DAG(s) 'example_sla_dag' retrieved from /home/airflow/.local/lib/python3.8/site-packages/airflow/example_dags/example_sla_dag.py
[2024-01-30T16:32:29.655+0000] {logging_mixin.py:188} INFO - [2024-01-30T16:32:29.655+0000] {dag.py:3036} INFO - Sync 1 DAGs
[2024-01-30T16:32:29.677+0000] {logging_mixin.py:188} INFO - [2024-01-30T16:32:29.677+0000] {dag.py:3823} INFO - Setting next_dagrun for example_sla_dag to 2024-01-30 16:30:00+00:00, run_after=2024-01-30 16:32:00+00:00
[2024-01-30T16:32:29.697+0000] {processor.py:183} INFO - Processing /home/airflow/.local/lib/python3.8/site-packages/airflow/example_dags/example_sla_dag.py took 0.072 seconds
[2024-01-30T16:32:59.935+0000] {processor.py:161} INFO - Started process (PID=780) to work on /home/airflow/.local/lib/python3.8/site-packages/airflow/example_dags/example_sla_dag.py
[2024-01-30T16:32:59.936+0000] {processor.py:830} INFO - Processing file /home/airflow/.local/lib/python3.8/site-packages/airflow/example_dags/example_sla_dag.py for tasks to queue
[2024-01-30T16:32:59.938+0000] {logging_mixin.py:188} INFO - [2024-01-30T16:32:59.937+0000] {dagbag.py:538} INFO - Filling up the DagBag from /home/airflow/.local/lib/python3.8/site-packages/airflow/example_dags/example_sla_dag.py
[2024-01-30T16:32:59.945+0000] {processor.py:840} INFO - DAG(s) 'example_sla_dag' retrieved from /home/airflow/.local/lib/python3.8/site-packages/airflow/example_dags/example_sla_dag.py
[2024-01-30T16:32:59.962+0000] {logging_mixin.py:188} INFO - [2024-01-30T16:32:59.962+0000] {dag.py:3036} INFO - Sync 1 DAGs
[2024-01-30T16:32:59.984+0000] {logging_mixin.py:188} INFO - [2024-01-30T16:32:59.984+0000] {dag.py:3823} INFO - Setting next_dagrun for example_sla_dag to 2024-01-30 16:30:00+00:00, run_after=2024-01-30 16:32:00+00:00
[2024-01-30T16:33:00.003+0000] {processor.py:183} INFO - Processing /home/airflow/.local/lib/python3.8/site-packages/airflow/example_dags/example_sla_dag.py took 0.071 seconds
[2024-01-30T16:33:30.327+0000] {processor.py:161} INFO - Started process (PID=835) to work on /home/airflow/.local/lib/python3.8/site-packages/airflow/example_dags/example_sla_dag.py
[2024-01-30T16:33:30.328+0000] {processor.py:830} INFO - Processing file /home/airflow/.local/lib/python3.8/site-packages/airflow/example_dags/example_sla_dag.py for tasks to queue
[2024-01-30T16:33:30.330+0000] {logging_mixin.py:188} INFO - [2024-01-30T16:33:30.329+0000] {dagbag.py:538} INFO - Filling up the DagBag from /home/airflow/.local/lib/python3.8/site-packages/airflow/example_dags/example_sla_dag.py
[2024-01-30T16:33:30.337+0000] {processor.py:840} INFO - DAG(s) 'example_sla_dag' retrieved from /home/airflow/.local/lib/python3.8/site-packages/airflow/example_dags/example_sla_dag.py
[2024-01-30T16:33:30.355+0000] {logging_mixin.py:188} INFO - [2024-01-30T16:33:30.355+0000] {dag.py:3036} INFO - Sync 1 DAGs
[2024-01-30T16:33:30.378+0000] {logging_mixin.py:188} INFO - [2024-01-30T16:33:30.377+0000] {dag.py:3823} INFO - Setting next_dagrun for example_sla_dag to 2024-01-30 16:30:00+00:00, run_after=2024-01-30 16:32:00+00:00
[2024-01-30T16:33:30.397+0000] {processor.py:183} INFO - Processing /home/airflow/.local/lib/python3.8/site-packages/airflow/example_dags/example_sla_dag.py took 0.073 seconds
[2024-01-30T16:34:00.593+0000] {processor.py:161} INFO - Started process (PID=890) to work on /home/airflow/.local/lib/python3.8/site-packages/airflow/example_dags/example_sla_dag.py
[2024-01-30T16:34:00.594+0000] {processor.py:830} INFO - Processing file /home/airflow/.local/lib/python3.8/site-packages/airflow/example_dags/example_sla_dag.py for tasks to queue
[2024-01-30T16:34:00.596+0000] {logging_mixin.py:188} INFO - [2024-01-30T16:34:00.596+0000] {dagbag.py:538} INFO - Filling up the DagBag from /home/airflow/.local/lib/python3.8/site-packages/airflow/example_dags/example_sla_dag.py
[2024-01-30T16:34:00.603+0000] {processor.py:840} INFO - DAG(s) 'example_sla_dag' retrieved from /home/airflow/.local/lib/python3.8/site-packages/airflow/example_dags/example_sla_dag.py
[2024-01-30T16:34:00.621+0000] {logging_mixin.py:188} INFO - [2024-01-30T16:34:00.621+0000] {dag.py:3036} INFO - Sync 1 DAGs
[2024-01-30T16:34:00.644+0000] {logging_mixin.py:188} INFO - [2024-01-30T16:34:00.643+0000] {dag.py:3823} INFO - Setting next_dagrun for example_sla_dag to 2024-01-30 16:32:00+00:00, run_after=2024-01-30 16:34:00+00:00
[2024-01-30T16:34:00.662+0000] {processor.py:183} INFO - Processing /home/airflow/.local/lib/python3.8/site-packages/airflow/example_dags/example_sla_dag.py took 0.071 seconds
[2024-01-30T16:34:31.051+0000] {processor.py:161} INFO - Started process (PID=945) to work on /home/airflow/.local/lib/python3.8/site-packages/airflow/example_dags/example_sla_dag.py
[2024-01-30T16:34:31.052+0000] {processor.py:830} INFO - Processing file /home/airflow/.local/lib/python3.8/site-packages/airflow/example_dags/example_sla_dag.py for tasks to queue
[2024-01-30T16:34:31.054+0000] {logging_mixin.py:188} INFO - [2024-01-30T16:34:31.053+0000] {dagbag.py:538} INFO - Filling up the DagBag from /home/airflow/.local/lib/python3.8/site-packages/airflow/example_dags/example_sla_dag.py
[2024-01-30T16:34:31.061+0000] {processor.py:840} INFO - DAG(s) 'example_sla_dag' retrieved from /home/airflow/.local/lib/python3.8/site-packages/airflow/example_dags/example_sla_dag.py
[2024-01-30T16:34:31.080+0000] {logging_mixin.py:188} INFO - [2024-01-30T16:34:31.079+0000] {dag.py:3036} INFO - Sync 1 DAGs
[2024-01-30T16:34:31.102+0000] {logging_mixin.py:188} INFO - [2024-01-30T16:34:31.102+0000] {dag.py:3823} INFO - Setting next_dagrun for example_sla_dag to 2024-01-30 16:32:00+00:00, run_after=2024-01-30 16:34:00+00:00
[2024-01-30T16:34:31.121+0000] {processor.py:183} INFO - Processing /home/airflow/.local/lib/python3.8/site-packages/airflow/example_dags/example_sla_dag.py took 0.073 seconds
[2024-01-30T16:35:01.410+0000] {processor.py:161} INFO - Started process (PID=1000) to work on /home/airflow/.local/lib/python3.8/site-packages/airflow/example_dags/example_sla_dag.py
[2024-01-30T16:35:01.411+0000] {processor.py:830} INFO - Processing file /home/airflow/.local/lib/python3.8/site-packages/airflow/example_dags/example_sla_dag.py for tasks to queue
[2024-01-30T16:35:01.413+0000] {logging_mixin.py:188} INFO - [2024-01-30T16:35:01.412+0000] {dagbag.py:538} INFO - Filling up the DagBag from /home/airflow/.local/lib/python3.8/site-packages/airflow/example_dags/example_sla_dag.py
[2024-01-30T16:35:01.420+0000] {processor.py:840} INFO - DAG(s) 'example_sla_dag' retrieved from /home/airflow/.local/lib/python3.8/site-packages/airflow/example_dags/example_sla_dag.py
[2024-01-30T16:35:01.438+0000] {logging_mixin.py:188} INFO - [2024-01-30T16:35:01.437+0000] {dag.py:3036} INFO - Sync 1 DAGs
[2024-01-30T16:35:01.460+0000] {logging_mixin.py:188} INFO - [2024-01-30T16:35:01.460+0000] {dag.py:3823} INFO - Setting next_dagrun for example_sla_dag to 2024-01-30 16:32:00+00:00, run_after=2024-01-30 16:34:00+00:00
[2024-01-30T16:35:01.479+0000] {processor.py:183} INFO - Processing /home/airflow/.local/lib/python3.8/site-packages/airflow/example_dags/example_sla_dag.py took 0.071 seconds
[2024-01-30T16:35:31.573+0000] {processor.py:161} INFO - Started process (PID=1055) to work on /home/airflow/.local/lib/python3.8/site-packages/airflow/example_dags/example_sla_dag.py
[2024-01-30T16:35:31.574+0000] {processor.py:830} INFO - Processing file /home/airflow/.local/lib/python3.8/site-packages/airflow/example_dags/example_sla_dag.py for tasks to queue
[2024-01-30T16:35:31.576+0000] {logging_mixin.py:188} INFO - [2024-01-30T16:35:31.576+0000] {dagbag.py:538} INFO - Filling up the DagBag from /home/airflow/.local/lib/python3.8/site-packages/airflow/example_dags/example_sla_dag.py
[2024-01-30T16:35:31.584+0000] {processor.py:840} INFO - DAG(s) 'example_sla_dag' retrieved from /home/airflow/.local/lib/python3.8/site-packages/airflow/example_dags/example_sla_dag.py
[2024-01-30T16:35:31.601+0000] {logging_mixin.py:188} INFO - [2024-01-30T16:35:31.601+0000] {dag.py:3036} INFO - Sync 1 DAGs
[2024-01-30T16:35:31.625+0000] {logging_mixin.py:188} INFO - [2024-01-30T16:35:31.624+0000] {dag.py:3823} INFO - Setting next_dagrun for example_sla_dag to 2024-01-30 16:32:00+00:00, run_after=2024-01-30 16:34:00+00:00
[2024-01-30T16:35:31.644+0000] {processor.py:183} INFO - Processing /home/airflow/.local/lib/python3.8/site-packages/airflow/example_dags/example_sla_dag.py took 0.074 seconds
[2024-01-30T16:36:01.716+0000] {processor.py:161} INFO - Started process (PID=1110) to work on /home/airflow/.local/lib/python3.8/site-packages/airflow/example_dags/example_sla_dag.py
[2024-01-30T16:36:01.716+0000] {processor.py:830} INFO - Processing file /home/airflow/.local/lib/python3.8/site-packages/airflow/example_dags/example_sla_dag.py for tasks to queue
[2024-01-30T16:36:01.718+0000] {logging_mixin.py:188} INFO - [2024-01-30T16:36:01.718+0000] {dagbag.py:538} INFO - Filling up the DagBag from /home/airflow/.local/lib/python3.8/site-packages/airflow/example_dags/example_sla_dag.py
[2024-01-30T16:36:01.726+0000] {processor.py:840} INFO - DAG(s) 'example_sla_dag' retrieved from /home/airflow/.local/lib/python3.8/site-packages/airflow/example_dags/example_sla_dag.py
[2024-01-30T16:36:01.743+0000] {logging_mixin.py:188} INFO - [2024-01-30T16:36:01.743+0000] {dag.py:3036} INFO - Sync 1 DAGs
[2024-01-30T16:36:01.765+0000] {logging_mixin.py:188} INFO - [2024-01-30T16:36:01.765+0000] {dag.py:3823} INFO - Setting next_dagrun for example_sla_dag to 2024-01-30 16:34:00+00:00, run_after=2024-01-30 16:36:00+00:00
[2024-01-30T16:36:01.784+0000] {processor.py:183} INFO - Processing /home/airflow/.local/lib/python3.8/site-packages/airflow/example_dags/example_sla_dag.py took 0.071 seconds
[2024-01-30T16:36:32.723+0000] {processor.py:161} INFO - Started process (PID=1165) to work on /home/airflow/.local/lib/python3.8/site-packages/airflow/example_dags/example_sla_dag.py
[2024-01-30T16:36:32.725+0000] {processor.py:830} INFO - Processing file /home/airflow/.local/lib/python3.8/site-packages/airflow/example_dags/example_sla_dag.py for tasks to queue
[2024-01-30T16:36:32.727+0000] {logging_mixin.py:188} INFO - [2024-01-30T16:36:32.726+0000] {dagbag.py:538} INFO - Filling up the DagBag from /home/airflow/.local/lib/python3.8/site-packages/airflow/example_dags/example_sla_dag.py
[2024-01-30T16:36:32.735+0000] {processor.py:840} INFO - DAG(s) 'example_sla_dag' retrieved from /home/airflow/.local/lib/python3.8/site-packages/airflow/example_dags/example_sla_dag.py
[2024-01-30T16:36:32.754+0000] {logging_mixin.py:188} INFO - [2024-01-30T16:36:32.754+0000] {dag.py:3036} INFO - Sync 1 DAGs
[2024-01-30T16:36:32.779+0000] {logging_mixin.py:188} INFO - [2024-01-30T16:36:32.779+0000] {dag.py:3823} INFO - Setting next_dagrun for example_sla_dag to 2024-01-30 16:34:00+00:00, run_after=2024-01-30 16:36:00+00:00
[2024-01-30T16:36:32.802+0000] {processor.py:183} INFO - Processing /home/airflow/.local/lib/python3.8/site-packages/airflow/example_dags/example_sla_dag.py took 0.082 seconds
[2024-01-30T16:37:02.863+0000] {processor.py:161} INFO - Started process (PID=1220) to work on /home/airflow/.local/lib/python3.8/site-packages/airflow/example_dags/example_sla_dag.py
[2024-01-30T16:37:02.864+0000] {processor.py:830} INFO - Processing file /home/airflow/.local/lib/python3.8/site-packages/airflow/example_dags/example_sla_dag.py for tasks to queue
[2024-01-30T16:37:02.867+0000] {logging_mixin.py:188} INFO - [2024-01-30T16:37:02.866+0000] {dagbag.py:538} INFO - Filling up the DagBag from /home/airflow/.local/lib/python3.8/site-packages/airflow/example_dags/example_sla_dag.py
[2024-01-30T16:37:02.877+0000] {processor.py:840} INFO - DAG(s) 'example_sla_dag' retrieved from /home/airflow/.local/lib/python3.8/site-packages/airflow/example_dags/example_sla_dag.py
[2024-01-30T16:37:02.896+0000] {logging_mixin.py:188} INFO - [2024-01-30T16:37:02.896+0000] {dag.py:3036} INFO - Sync 1 DAGs
[2024-01-30T16:37:02.923+0000] {logging_mixin.py:188} INFO - [2024-01-30T16:37:02.922+0000] {dag.py:3823} INFO - Setting next_dagrun for example_sla_dag to 2024-01-30 16:34:00+00:00, run_after=2024-01-30 16:36:00+00:00
[2024-01-30T16:37:02.943+0000] {processor.py:183} INFO - Processing /home/airflow/.local/lib/python3.8/site-packages/airflow/example_dags/example_sla_dag.py took 0.082 seconds
[2024-01-30T16:37:33.708+0000] {processor.py:161} INFO - Started process (PID=1275) to work on /home/airflow/.local/lib/python3.8/site-packages/airflow/example_dags/example_sla_dag.py
[2024-01-30T16:37:33.709+0000] {processor.py:830} INFO - Processing file /home/airflow/.local/lib/python3.8/site-packages/airflow/example_dags/example_sla_dag.py for tasks to queue
[2024-01-30T16:37:33.711+0000] {logging_mixin.py:188} INFO - [2024-01-30T16:37:33.711+0000] {dagbag.py:538} INFO - Filling up the DagBag from /home/airflow/.local/lib/python3.8/site-packages/airflow/example_dags/example_sla_dag.py
[2024-01-30T16:37:33.718+0000] {processor.py:840} INFO - DAG(s) 'example_sla_dag' retrieved from /home/airflow/.local/lib/python3.8/site-packages/airflow/example_dags/example_sla_dag.py
[2024-01-30T16:37:33.735+0000] {logging_mixin.py:188} INFO - [2024-01-30T16:37:33.735+0000] {dag.py:3036} INFO - Sync 1 DAGs
[2024-01-30T16:37:33.757+0000] {logging_mixin.py:188} INFO - [2024-01-30T16:37:33.757+0000] {dag.py:3823} INFO - Setting next_dagrun for example_sla_dag to 2024-01-30 16:34:00+00:00, run_after=2024-01-30 16:36:00+00:00
[2024-01-30T16:37:33.775+0000] {processor.py:183} INFO - Processing /home/airflow/.local/lib/python3.8/site-packages/airflow/example_dags/example_sla_dag.py took 0.069 seconds
