[2024-01-30T16:16:24.788+0000] {processor.py:161} INFO - Started process (PID=43) to work on /home/airflow/.local/lib/python3.8/site-packages/airflow/example_dags/example_setup_teardown.py
[2024-01-30T16:16:24.789+0000] {processor.py:830} INFO - Processing file /home/airflow/.local/lib/python3.8/site-packages/airflow/example_dags/example_setup_teardown.py for tasks to queue
[2024-01-30T16:16:24.791+0000] {logging_mixin.py:188} INFO - [2024-01-30T16:16:24.791+0000] {dagbag.py:538} INFO - Filling up the DagBag from /home/airflow/.local/lib/python3.8/site-packages/airflow/example_dags/example_setup_teardown.py
[2024-01-30T16:16:24.800+0000] {processor.py:840} INFO - DAG(s) 'example_setup_teardown' retrieved from /home/airflow/.local/lib/python3.8/site-packages/airflow/example_dags/example_setup_teardown.py
[2024-01-30T16:16:24.811+0000] {logging_mixin.py:188} INFO - [2024-01-30T16:16:24.811+0000] {dag.py:3036} INFO - Sync 1 DAGs
[2024-01-30T16:16:24.835+0000] {logging_mixin.py:188} INFO - [2024-01-30T16:16:24.835+0000] {dag.py:3823} INFO - Setting next_dagrun for example_setup_teardown to 2024-01-29 00:00:00+00:00, run_after=2024-01-30 00:00:00+00:00
[2024-01-30T16:16:24.856+0000] {processor.py:183} INFO - Processing /home/airflow/.local/lib/python3.8/site-packages/airflow/example_dags/example_setup_teardown.py took 0.072 seconds
[2024-01-30T16:16:55.948+0000] {processor.py:161} INFO - Started process (PID=98) to work on /home/airflow/.local/lib/python3.8/site-packages/airflow/example_dags/example_setup_teardown.py
[2024-01-30T16:16:55.950+0000] {processor.py:830} INFO - Processing file /home/airflow/.local/lib/python3.8/site-packages/airflow/example_dags/example_setup_teardown.py for tasks to queue
[2024-01-30T16:16:55.951+0000] {logging_mixin.py:188} INFO - [2024-01-30T16:16:55.951+0000] {dagbag.py:538} INFO - Filling up the DagBag from /home/airflow/.local/lib/python3.8/site-packages/airflow/example_dags/example_setup_teardown.py
[2024-01-30T16:16:55.957+0000] {processor.py:840} INFO - DAG(s) 'example_setup_teardown' retrieved from /home/airflow/.local/lib/python3.8/site-packages/airflow/example_dags/example_setup_teardown.py
[2024-01-30T16:16:56.048+0000] {logging_mixin.py:188} INFO - [2024-01-30T16:16:56.048+0000] {dag.py:3036} INFO - Sync 1 DAGs
[2024-01-30T16:16:56.068+0000] {logging_mixin.py:188} INFO - [2024-01-30T16:16:56.067+0000] {dag.py:3823} INFO - Setting next_dagrun for example_setup_teardown to 2024-01-29 00:00:00+00:00, run_after=2024-01-30 00:00:00+00:00
[2024-01-30T16:16:56.092+0000] {processor.py:183} INFO - Processing /home/airflow/.local/lib/python3.8/site-packages/airflow/example_dags/example_setup_teardown.py took 0.146 seconds
[2024-01-30T16:17:26.203+0000] {processor.py:161} INFO - Started process (PID=153) to work on /home/airflow/.local/lib/python3.8/site-packages/airflow/example_dags/example_setup_teardown.py
[2024-01-30T16:17:26.203+0000] {processor.py:830} INFO - Processing file /home/airflow/.local/lib/python3.8/site-packages/airflow/example_dags/example_setup_teardown.py for tasks to queue
[2024-01-30T16:17:26.205+0000] {logging_mixin.py:188} INFO - [2024-01-30T16:17:26.205+0000] {dagbag.py:538} INFO - Filling up the DagBag from /home/airflow/.local/lib/python3.8/site-packages/airflow/example_dags/example_setup_teardown.py
[2024-01-30T16:17:26.211+0000] {processor.py:840} INFO - DAG(s) 'example_setup_teardown' retrieved from /home/airflow/.local/lib/python3.8/site-packages/airflow/example_dags/example_setup_teardown.py
[2024-01-30T16:17:26.230+0000] {logging_mixin.py:188} INFO - [2024-01-30T16:17:26.230+0000] {dag.py:3036} INFO - Sync 1 DAGs
[2024-01-30T16:17:26.249+0000] {logging_mixin.py:188} INFO - [2024-01-30T16:17:26.249+0000] {dag.py:3823} INFO - Setting next_dagrun for example_setup_teardown to 2024-01-29 00:00:00+00:00, run_after=2024-01-30 00:00:00+00:00
[2024-01-30T16:17:26.267+0000] {processor.py:183} INFO - Processing /home/airflow/.local/lib/python3.8/site-packages/airflow/example_dags/example_setup_teardown.py took 0.067 seconds
[2024-01-30T16:17:57.259+0000] {processor.py:161} INFO - Started process (PID=208) to work on /home/airflow/.local/lib/python3.8/site-packages/airflow/example_dags/example_setup_teardown.py
[2024-01-30T16:17:57.260+0000] {processor.py:830} INFO - Processing file /home/airflow/.local/lib/python3.8/site-packages/airflow/example_dags/example_setup_teardown.py for tasks to queue
[2024-01-30T16:17:57.262+0000] {logging_mixin.py:188} INFO - [2024-01-30T16:17:57.262+0000] {dagbag.py:538} INFO - Filling up the DagBag from /home/airflow/.local/lib/python3.8/site-packages/airflow/example_dags/example_setup_teardown.py
[2024-01-30T16:17:57.268+0000] {processor.py:840} INFO - DAG(s) 'example_setup_teardown' retrieved from /home/airflow/.local/lib/python3.8/site-packages/airflow/example_dags/example_setup_teardown.py
[2024-01-30T16:17:57.287+0000] {logging_mixin.py:188} INFO - [2024-01-30T16:17:57.287+0000] {dag.py:3036} INFO - Sync 1 DAGs
[2024-01-30T16:17:57.306+0000] {logging_mixin.py:188} INFO - [2024-01-30T16:17:57.306+0000] {dag.py:3823} INFO - Setting next_dagrun for example_setup_teardown to 2024-01-29 00:00:00+00:00, run_after=2024-01-30 00:00:00+00:00
[2024-01-30T16:17:57.324+0000] {processor.py:183} INFO - Processing /home/airflow/.local/lib/python3.8/site-packages/airflow/example_dags/example_setup_teardown.py took 0.067 seconds
[2024-01-30T16:18:27.463+0000] {processor.py:161} INFO - Started process (PID=263) to work on /home/airflow/.local/lib/python3.8/site-packages/airflow/example_dags/example_setup_teardown.py
[2024-01-30T16:18:27.464+0000] {processor.py:830} INFO - Processing file /home/airflow/.local/lib/python3.8/site-packages/airflow/example_dags/example_setup_teardown.py for tasks to queue
[2024-01-30T16:18:27.466+0000] {logging_mixin.py:188} INFO - [2024-01-30T16:18:27.466+0000] {dagbag.py:538} INFO - Filling up the DagBag from /home/airflow/.local/lib/python3.8/site-packages/airflow/example_dags/example_setup_teardown.py
[2024-01-30T16:18:27.472+0000] {processor.py:840} INFO - DAG(s) 'example_setup_teardown' retrieved from /home/airflow/.local/lib/python3.8/site-packages/airflow/example_dags/example_setup_teardown.py
[2024-01-30T16:18:27.492+0000] {logging_mixin.py:188} INFO - [2024-01-30T16:18:27.491+0000] {dag.py:3036} INFO - Sync 1 DAGs
[2024-01-30T16:18:27.511+0000] {logging_mixin.py:188} INFO - [2024-01-30T16:18:27.510+0000] {dag.py:3823} INFO - Setting next_dagrun for example_setup_teardown to 2024-01-29 00:00:00+00:00, run_after=2024-01-30 00:00:00+00:00
[2024-01-30T16:18:27.527+0000] {processor.py:183} INFO - Processing /home/airflow/.local/lib/python3.8/site-packages/airflow/example_dags/example_setup_teardown.py took 0.067 seconds
[2024-01-30T16:18:58.102+0000] {processor.py:161} INFO - Started process (PID=318) to work on /home/airflow/.local/lib/python3.8/site-packages/airflow/example_dags/example_setup_teardown.py
[2024-01-30T16:18:58.103+0000] {processor.py:830} INFO - Processing file /home/airflow/.local/lib/python3.8/site-packages/airflow/example_dags/example_setup_teardown.py for tasks to queue
[2024-01-30T16:18:58.105+0000] {logging_mixin.py:188} INFO - [2024-01-30T16:18:58.104+0000] {dagbag.py:538} INFO - Filling up the DagBag from /home/airflow/.local/lib/python3.8/site-packages/airflow/example_dags/example_setup_teardown.py
[2024-01-30T16:18:58.110+0000] {processor.py:840} INFO - DAG(s) 'example_setup_teardown' retrieved from /home/airflow/.local/lib/python3.8/site-packages/airflow/example_dags/example_setup_teardown.py
[2024-01-30T16:18:58.131+0000] {logging_mixin.py:188} INFO - [2024-01-30T16:18:58.131+0000] {dag.py:3036} INFO - Sync 1 DAGs
[2024-01-30T16:18:58.151+0000] {logging_mixin.py:188} INFO - [2024-01-30T16:18:58.151+0000] {dag.py:3823} INFO - Setting next_dagrun for example_setup_teardown to 2024-01-29 00:00:00+00:00, run_after=2024-01-30 00:00:00+00:00
[2024-01-30T16:18:58.169+0000] {processor.py:183} INFO - Processing /home/airflow/.local/lib/python3.8/site-packages/airflow/example_dags/example_setup_teardown.py took 0.070 seconds
[2024-01-30T16:19:28.714+0000] {processor.py:161} INFO - Started process (PID=373) to work on /home/airflow/.local/lib/python3.8/site-packages/airflow/example_dags/example_setup_teardown.py
[2024-01-30T16:19:28.715+0000] {processor.py:830} INFO - Processing file /home/airflow/.local/lib/python3.8/site-packages/airflow/example_dags/example_setup_teardown.py for tasks to queue
[2024-01-30T16:19:28.717+0000] {logging_mixin.py:188} INFO - [2024-01-30T16:19:28.716+0000] {dagbag.py:538} INFO - Filling up the DagBag from /home/airflow/.local/lib/python3.8/site-packages/airflow/example_dags/example_setup_teardown.py
[2024-01-30T16:19:28.722+0000] {processor.py:840} INFO - DAG(s) 'example_setup_teardown' retrieved from /home/airflow/.local/lib/python3.8/site-packages/airflow/example_dags/example_setup_teardown.py
[2024-01-30T16:19:28.741+0000] {logging_mixin.py:188} INFO - [2024-01-30T16:19:28.741+0000] {dag.py:3036} INFO - Sync 1 DAGs
[2024-01-30T16:19:28.760+0000] {logging_mixin.py:188} INFO - [2024-01-30T16:19:28.760+0000] {dag.py:3823} INFO - Setting next_dagrun for example_setup_teardown to 2024-01-29 00:00:00+00:00, run_after=2024-01-30 00:00:00+00:00
[2024-01-30T16:19:28.779+0000] {processor.py:183} INFO - Processing /home/airflow/.local/lib/python3.8/site-packages/airflow/example_dags/example_setup_teardown.py took 0.067 seconds
[2024-01-30T16:19:59.320+0000] {processor.py:161} INFO - Started process (PID=428) to work on /home/airflow/.local/lib/python3.8/site-packages/airflow/example_dags/example_setup_teardown.py
[2024-01-30T16:19:59.321+0000] {processor.py:830} INFO - Processing file /home/airflow/.local/lib/python3.8/site-packages/airflow/example_dags/example_setup_teardown.py for tasks to queue
[2024-01-30T16:19:59.323+0000] {logging_mixin.py:188} INFO - [2024-01-30T16:19:59.323+0000] {dagbag.py:538} INFO - Filling up the DagBag from /home/airflow/.local/lib/python3.8/site-packages/airflow/example_dags/example_setup_teardown.py
[2024-01-30T16:19:59.329+0000] {processor.py:840} INFO - DAG(s) 'example_setup_teardown' retrieved from /home/airflow/.local/lib/python3.8/site-packages/airflow/example_dags/example_setup_teardown.py
[2024-01-30T16:19:59.348+0000] {logging_mixin.py:188} INFO - [2024-01-30T16:19:59.348+0000] {dag.py:3036} INFO - Sync 1 DAGs
[2024-01-30T16:19:59.368+0000] {logging_mixin.py:188} INFO - [2024-01-30T16:19:59.367+0000] {dag.py:3823} INFO - Setting next_dagrun for example_setup_teardown to 2024-01-29 00:00:00+00:00, run_after=2024-01-30 00:00:00+00:00
[2024-01-30T16:19:59.385+0000] {processor.py:183} INFO - Processing /home/airflow/.local/lib/python3.8/site-packages/airflow/example_dags/example_setup_teardown.py took 0.068 seconds
[2024-01-30T16:20:30.083+0000] {processor.py:161} INFO - Started process (PID=483) to work on /home/airflow/.local/lib/python3.8/site-packages/airflow/example_dags/example_setup_teardown.py
[2024-01-30T16:20:30.084+0000] {processor.py:830} INFO - Processing file /home/airflow/.local/lib/python3.8/site-packages/airflow/example_dags/example_setup_teardown.py for tasks to queue
[2024-01-30T16:20:30.085+0000] {logging_mixin.py:188} INFO - [2024-01-30T16:20:30.085+0000] {dagbag.py:538} INFO - Filling up the DagBag from /home/airflow/.local/lib/python3.8/site-packages/airflow/example_dags/example_setup_teardown.py
[2024-01-30T16:20:30.091+0000] {processor.py:840} INFO - DAG(s) 'example_setup_teardown' retrieved from /home/airflow/.local/lib/python3.8/site-packages/airflow/example_dags/example_setup_teardown.py
[2024-01-30T16:20:30.110+0000] {logging_mixin.py:188} INFO - [2024-01-30T16:20:30.110+0000] {dag.py:3036} INFO - Sync 1 DAGs
[2024-01-30T16:20:30.129+0000] {logging_mixin.py:188} INFO - [2024-01-30T16:20:30.129+0000] {dag.py:3823} INFO - Setting next_dagrun for example_setup_teardown to 2024-01-29 00:00:00+00:00, run_after=2024-01-30 00:00:00+00:00
[2024-01-30T16:20:30.146+0000] {processor.py:183} INFO - Processing /home/airflow/.local/lib/python3.8/site-packages/airflow/example_dags/example_setup_teardown.py took 0.066 seconds
[2024-01-30T16:21:00.771+0000] {processor.py:161} INFO - Started process (PID=538) to work on /home/airflow/.local/lib/python3.8/site-packages/airflow/example_dags/example_setup_teardown.py
[2024-01-30T16:21:00.772+0000] {processor.py:830} INFO - Processing file /home/airflow/.local/lib/python3.8/site-packages/airflow/example_dags/example_setup_teardown.py for tasks to queue
[2024-01-30T16:21:00.774+0000] {logging_mixin.py:188} INFO - [2024-01-30T16:21:00.774+0000] {dagbag.py:538} INFO - Filling up the DagBag from /home/airflow/.local/lib/python3.8/site-packages/airflow/example_dags/example_setup_teardown.py
[2024-01-30T16:21:00.780+0000] {processor.py:840} INFO - DAG(s) 'example_setup_teardown' retrieved from /home/airflow/.local/lib/python3.8/site-packages/airflow/example_dags/example_setup_teardown.py
[2024-01-30T16:21:00.801+0000] {logging_mixin.py:188} INFO - [2024-01-30T16:21:00.801+0000] {dag.py:3036} INFO - Sync 1 DAGs
[2024-01-30T16:21:00.822+0000] {logging_mixin.py:188} INFO - [2024-01-30T16:21:00.822+0000] {dag.py:3823} INFO - Setting next_dagrun for example_setup_teardown to 2024-01-29 00:00:00+00:00, run_after=2024-01-30 00:00:00+00:00
[2024-01-30T16:21:00.841+0000] {processor.py:183} INFO - Processing /home/airflow/.local/lib/python3.8/site-packages/airflow/example_dags/example_setup_teardown.py took 0.074 seconds
[2024-01-30T16:21:31.043+0000] {processor.py:161} INFO - Started process (PID=593) to work on /home/airflow/.local/lib/python3.8/site-packages/airflow/example_dags/example_setup_teardown.py
[2024-01-30T16:21:31.044+0000] {processor.py:830} INFO - Processing file /home/airflow/.local/lib/python3.8/site-packages/airflow/example_dags/example_setup_teardown.py for tasks to queue
[2024-01-30T16:21:31.046+0000] {logging_mixin.py:188} INFO - [2024-01-30T16:21:31.046+0000] {dagbag.py:538} INFO - Filling up the DagBag from /home/airflow/.local/lib/python3.8/site-packages/airflow/example_dags/example_setup_teardown.py
[2024-01-30T16:21:31.052+0000] {processor.py:840} INFO - DAG(s) 'example_setup_teardown' retrieved from /home/airflow/.local/lib/python3.8/site-packages/airflow/example_dags/example_setup_teardown.py
[2024-01-30T16:21:31.071+0000] {logging_mixin.py:188} INFO - [2024-01-30T16:21:31.071+0000] {dag.py:3036} INFO - Sync 1 DAGs
[2024-01-30T16:21:31.091+0000] {logging_mixin.py:188} INFO - [2024-01-30T16:21:31.090+0000] {dag.py:3823} INFO - Setting next_dagrun for example_setup_teardown to 2024-01-29 00:00:00+00:00, run_after=2024-01-30 00:00:00+00:00
[2024-01-30T16:21:31.109+0000] {processor.py:183} INFO - Processing /home/airflow/.local/lib/python3.8/site-packages/airflow/example_dags/example_setup_teardown.py took 0.068 seconds
[2024-01-30T16:22:01.206+0000] {processor.py:161} INFO - Started process (PID=648) to work on /home/airflow/.local/lib/python3.8/site-packages/airflow/example_dags/example_setup_teardown.py
[2024-01-30T16:22:01.207+0000] {processor.py:830} INFO - Processing file /home/airflow/.local/lib/python3.8/site-packages/airflow/example_dags/example_setup_teardown.py for tasks to queue
[2024-01-30T16:22:01.209+0000] {logging_mixin.py:188} INFO - [2024-01-30T16:22:01.209+0000] {dagbag.py:538} INFO - Filling up the DagBag from /home/airflow/.local/lib/python3.8/site-packages/airflow/example_dags/example_setup_teardown.py
[2024-01-30T16:22:01.215+0000] {processor.py:840} INFO - DAG(s) 'example_setup_teardown' retrieved from /home/airflow/.local/lib/python3.8/site-packages/airflow/example_dags/example_setup_teardown.py
[2024-01-30T16:22:01.234+0000] {logging_mixin.py:188} INFO - [2024-01-30T16:22:01.233+0000] {dag.py:3036} INFO - Sync 1 DAGs
[2024-01-30T16:22:01.252+0000] {logging_mixin.py:188} INFO - [2024-01-30T16:22:01.252+0000] {dag.py:3823} INFO - Setting next_dagrun for example_setup_teardown to 2024-01-29 00:00:00+00:00, run_after=2024-01-30 00:00:00+00:00
[2024-01-30T16:22:01.269+0000] {processor.py:183} INFO - Processing /home/airflow/.local/lib/python3.8/site-packages/airflow/example_dags/example_setup_teardown.py took 0.065 seconds
[2024-01-30T16:22:31.426+0000] {processor.py:161} INFO - Started process (PID=703) to work on /home/airflow/.local/lib/python3.8/site-packages/airflow/example_dags/example_setup_teardown.py
[2024-01-30T16:22:31.427+0000] {processor.py:830} INFO - Processing file /home/airflow/.local/lib/python3.8/site-packages/airflow/example_dags/example_setup_teardown.py for tasks to queue
[2024-01-30T16:22:31.429+0000] {logging_mixin.py:188} INFO - [2024-01-30T16:22:31.429+0000] {dagbag.py:538} INFO - Filling up the DagBag from /home/airflow/.local/lib/python3.8/site-packages/airflow/example_dags/example_setup_teardown.py
[2024-01-30T16:22:31.435+0000] {processor.py:840} INFO - DAG(s) 'example_setup_teardown' retrieved from /home/airflow/.local/lib/python3.8/site-packages/airflow/example_dags/example_setup_teardown.py
[2024-01-30T16:22:31.454+0000] {logging_mixin.py:188} INFO - [2024-01-30T16:22:31.454+0000] {dag.py:3036} INFO - Sync 1 DAGs
[2024-01-30T16:22:31.473+0000] {logging_mixin.py:188} INFO - [2024-01-30T16:22:31.473+0000] {dag.py:3823} INFO - Setting next_dagrun for example_setup_teardown to 2024-01-29 00:00:00+00:00, run_after=2024-01-30 00:00:00+00:00
[2024-01-30T16:22:31.492+0000] {processor.py:183} INFO - Processing /home/airflow/.local/lib/python3.8/site-packages/airflow/example_dags/example_setup_teardown.py took 0.069 seconds
[2024-01-30T16:23:01.675+0000] {processor.py:161} INFO - Started process (PID=758) to work on /home/airflow/.local/lib/python3.8/site-packages/airflow/example_dags/example_setup_teardown.py
[2024-01-30T16:23:01.676+0000] {processor.py:830} INFO - Processing file /home/airflow/.local/lib/python3.8/site-packages/airflow/example_dags/example_setup_teardown.py for tasks to queue
[2024-01-30T16:23:01.678+0000] {logging_mixin.py:188} INFO - [2024-01-30T16:23:01.678+0000] {dagbag.py:538} INFO - Filling up the DagBag from /home/airflow/.local/lib/python3.8/site-packages/airflow/example_dags/example_setup_teardown.py
[2024-01-30T16:23:01.684+0000] {processor.py:840} INFO - DAG(s) 'example_setup_teardown' retrieved from /home/airflow/.local/lib/python3.8/site-packages/airflow/example_dags/example_setup_teardown.py
[2024-01-30T16:23:01.703+0000] {logging_mixin.py:188} INFO - [2024-01-30T16:23:01.702+0000] {dag.py:3036} INFO - Sync 1 DAGs
[2024-01-30T16:23:01.722+0000] {logging_mixin.py:188} INFO - [2024-01-30T16:23:01.722+0000] {dag.py:3823} INFO - Setting next_dagrun for example_setup_teardown to 2024-01-29 00:00:00+00:00, run_after=2024-01-30 00:00:00+00:00
[2024-01-30T16:23:01.738+0000] {processor.py:183} INFO - Processing /home/airflow/.local/lib/python3.8/site-packages/airflow/example_dags/example_setup_teardown.py took 0.067 seconds
[2024-01-30T16:23:32.318+0000] {processor.py:161} INFO - Started process (PID=813) to work on /home/airflow/.local/lib/python3.8/site-packages/airflow/example_dags/example_setup_teardown.py
[2024-01-30T16:23:32.319+0000] {processor.py:830} INFO - Processing file /home/airflow/.local/lib/python3.8/site-packages/airflow/example_dags/example_setup_teardown.py for tasks to queue
[2024-01-30T16:23:32.321+0000] {logging_mixin.py:188} INFO - [2024-01-30T16:23:32.321+0000] {dagbag.py:538} INFO - Filling up the DagBag from /home/airflow/.local/lib/python3.8/site-packages/airflow/example_dags/example_setup_teardown.py
[2024-01-30T16:23:32.327+0000] {processor.py:840} INFO - DAG(s) 'example_setup_teardown' retrieved from /home/airflow/.local/lib/python3.8/site-packages/airflow/example_dags/example_setup_teardown.py
[2024-01-30T16:23:32.347+0000] {logging_mixin.py:188} INFO - [2024-01-30T16:23:32.346+0000] {dag.py:3036} INFO - Sync 1 DAGs
[2024-01-30T16:23:32.368+0000] {logging_mixin.py:188} INFO - [2024-01-30T16:23:32.368+0000] {dag.py:3823} INFO - Setting next_dagrun for example_setup_teardown to 2024-01-29 00:00:00+00:00, run_after=2024-01-30 00:00:00+00:00
[2024-01-30T16:23:32.391+0000] {processor.py:183} INFO - Processing /home/airflow/.local/lib/python3.8/site-packages/airflow/example_dags/example_setup_teardown.py took 0.076 seconds
[2024-01-30T16:24:41.612+0000] {processor.py:161} INFO - Started process (PID=43) to work on /home/airflow/.local/lib/python3.8/site-packages/airflow/example_dags/example_setup_teardown.py
[2024-01-30T16:24:41.613+0000] {processor.py:830} INFO - Processing file /home/airflow/.local/lib/python3.8/site-packages/airflow/example_dags/example_setup_teardown.py for tasks to queue
[2024-01-30T16:24:41.614+0000] {logging_mixin.py:188} INFO - [2024-01-30T16:24:41.614+0000] {dagbag.py:538} INFO - Filling up the DagBag from /home/airflow/.local/lib/python3.8/site-packages/airflow/example_dags/example_setup_teardown.py
[2024-01-30T16:24:41.622+0000] {processor.py:840} INFO - DAG(s) 'example_setup_teardown' retrieved from /home/airflow/.local/lib/python3.8/site-packages/airflow/example_dags/example_setup_teardown.py
[2024-01-30T16:24:41.633+0000] {logging_mixin.py:188} INFO - [2024-01-30T16:24:41.633+0000] {dag.py:3036} INFO - Sync 1 DAGs
[2024-01-30T16:24:41.656+0000] {logging_mixin.py:188} INFO - [2024-01-30T16:24:41.656+0000] {dag.py:3823} INFO - Setting next_dagrun for example_setup_teardown to 2024-01-29 00:00:00+00:00, run_after=2024-01-30 00:00:00+00:00
[2024-01-30T16:24:41.675+0000] {processor.py:183} INFO - Processing /home/airflow/.local/lib/python3.8/site-packages/airflow/example_dags/example_setup_teardown.py took 0.066 seconds
[2024-01-30T16:25:12.387+0000] {processor.py:161} INFO - Started process (PID=98) to work on /home/airflow/.local/lib/python3.8/site-packages/airflow/example_dags/example_setup_teardown.py
[2024-01-30T16:25:12.388+0000] {processor.py:830} INFO - Processing file /home/airflow/.local/lib/python3.8/site-packages/airflow/example_dags/example_setup_teardown.py for tasks to queue
[2024-01-30T16:25:12.390+0000] {logging_mixin.py:188} INFO - [2024-01-30T16:25:12.389+0000] {dagbag.py:538} INFO - Filling up the DagBag from /home/airflow/.local/lib/python3.8/site-packages/airflow/example_dags/example_setup_teardown.py
[2024-01-30T16:25:12.396+0000] {processor.py:840} INFO - DAG(s) 'example_setup_teardown' retrieved from /home/airflow/.local/lib/python3.8/site-packages/airflow/example_dags/example_setup_teardown.py
[2024-01-30T16:25:12.492+0000] {logging_mixin.py:188} INFO - [2024-01-30T16:25:12.491+0000] {dag.py:3036} INFO - Sync 1 DAGs
[2024-01-30T16:25:12.510+0000] {logging_mixin.py:188} INFO - [2024-01-30T16:25:12.510+0000] {dag.py:3823} INFO - Setting next_dagrun for example_setup_teardown to 2024-01-29 00:00:00+00:00, run_after=2024-01-30 00:00:00+00:00
[2024-01-30T16:25:12.530+0000] {processor.py:183} INFO - Processing /home/airflow/.local/lib/python3.8/site-packages/airflow/example_dags/example_setup_teardown.py took 0.145 seconds
[2024-01-30T16:26:20.337+0000] {processor.py:161} INFO - Started process (PID=43) to work on /home/airflow/.local/lib/python3.8/site-packages/airflow/example_dags/example_setup_teardown.py
[2024-01-30T16:26:20.338+0000] {processor.py:830} INFO - Processing file /home/airflow/.local/lib/python3.8/site-packages/airflow/example_dags/example_setup_teardown.py for tasks to queue
[2024-01-30T16:26:20.339+0000] {logging_mixin.py:188} INFO - [2024-01-30T16:26:20.339+0000] {dagbag.py:538} INFO - Filling up the DagBag from /home/airflow/.local/lib/python3.8/site-packages/airflow/example_dags/example_setup_teardown.py
[2024-01-30T16:26:20.347+0000] {processor.py:840} INFO - DAG(s) 'example_setup_teardown' retrieved from /home/airflow/.local/lib/python3.8/site-packages/airflow/example_dags/example_setup_teardown.py
[2024-01-30T16:26:20.358+0000] {logging_mixin.py:188} INFO - [2024-01-30T16:26:20.358+0000] {dag.py:3036} INFO - Sync 1 DAGs
[2024-01-30T16:26:20.381+0000] {logging_mixin.py:188} INFO - [2024-01-30T16:26:20.380+0000] {dag.py:3823} INFO - Setting next_dagrun for example_setup_teardown to 2024-01-29 00:00:00+00:00, run_after=2024-01-30 00:00:00+00:00
[2024-01-30T16:26:20.401+0000] {processor.py:183} INFO - Processing /home/airflow/.local/lib/python3.8/site-packages/airflow/example_dags/example_setup_teardown.py took 0.067 seconds
[2024-01-30T16:26:51.086+0000] {processor.py:161} INFO - Started process (PID=98) to work on /home/airflow/.local/lib/python3.8/site-packages/airflow/example_dags/example_setup_teardown.py
[2024-01-30T16:26:51.087+0000] {processor.py:830} INFO - Processing file /home/airflow/.local/lib/python3.8/site-packages/airflow/example_dags/example_setup_teardown.py for tasks to queue
[2024-01-30T16:26:51.089+0000] {logging_mixin.py:188} INFO - [2024-01-30T16:26:51.088+0000] {dagbag.py:538} INFO - Filling up the DagBag from /home/airflow/.local/lib/python3.8/site-packages/airflow/example_dags/example_setup_teardown.py
[2024-01-30T16:26:51.095+0000] {processor.py:840} INFO - DAG(s) 'example_setup_teardown' retrieved from /home/airflow/.local/lib/python3.8/site-packages/airflow/example_dags/example_setup_teardown.py
[2024-01-30T16:26:51.188+0000] {logging_mixin.py:188} INFO - [2024-01-30T16:26:51.188+0000] {dag.py:3036} INFO - Sync 1 DAGs
[2024-01-30T16:26:51.208+0000] {logging_mixin.py:188} INFO - [2024-01-30T16:26:51.208+0000] {dag.py:3823} INFO - Setting next_dagrun for example_setup_teardown to 2024-01-29 00:00:00+00:00, run_after=2024-01-30 00:00:00+00:00
[2024-01-30T16:26:51.230+0000] {processor.py:183} INFO - Processing /home/airflow/.local/lib/python3.8/site-packages/airflow/example_dags/example_setup_teardown.py took 0.147 seconds
[2024-01-30T16:27:21.472+0000] {processor.py:161} INFO - Started process (PID=153) to work on /home/airflow/.local/lib/python3.8/site-packages/airflow/example_dags/example_setup_teardown.py
[2024-01-30T16:27:21.473+0000] {processor.py:830} INFO - Processing file /home/airflow/.local/lib/python3.8/site-packages/airflow/example_dags/example_setup_teardown.py for tasks to queue
[2024-01-30T16:27:21.475+0000] {logging_mixin.py:188} INFO - [2024-01-30T16:27:21.475+0000] {dagbag.py:538} INFO - Filling up the DagBag from /home/airflow/.local/lib/python3.8/site-packages/airflow/example_dags/example_setup_teardown.py
[2024-01-30T16:27:21.481+0000] {processor.py:840} INFO - DAG(s) 'example_setup_teardown' retrieved from /home/airflow/.local/lib/python3.8/site-packages/airflow/example_dags/example_setup_teardown.py
[2024-01-30T16:27:21.500+0000] {logging_mixin.py:188} INFO - [2024-01-30T16:27:21.500+0000] {dag.py:3036} INFO - Sync 1 DAGs
[2024-01-30T16:27:21.522+0000] {logging_mixin.py:188} INFO - [2024-01-30T16:27:21.522+0000] {dag.py:3823} INFO - Setting next_dagrun for example_setup_teardown to 2024-01-29 00:00:00+00:00, run_after=2024-01-30 00:00:00+00:00
[2024-01-30T16:27:21.541+0000] {processor.py:183} INFO - Processing /home/airflow/.local/lib/python3.8/site-packages/airflow/example_dags/example_setup_teardown.py took 0.072 seconds
[2024-01-30T16:27:51.846+0000] {processor.py:161} INFO - Started process (PID=208) to work on /home/airflow/.local/lib/python3.8/site-packages/airflow/example_dags/example_setup_teardown.py
[2024-01-30T16:27:51.847+0000] {processor.py:830} INFO - Processing file /home/airflow/.local/lib/python3.8/site-packages/airflow/example_dags/example_setup_teardown.py for tasks to queue
[2024-01-30T16:27:51.849+0000] {logging_mixin.py:188} INFO - [2024-01-30T16:27:51.849+0000] {dagbag.py:538} INFO - Filling up the DagBag from /home/airflow/.local/lib/python3.8/site-packages/airflow/example_dags/example_setup_teardown.py
[2024-01-30T16:27:51.855+0000] {processor.py:840} INFO - DAG(s) 'example_setup_teardown' retrieved from /home/airflow/.local/lib/python3.8/site-packages/airflow/example_dags/example_setup_teardown.py
[2024-01-30T16:27:51.873+0000] {logging_mixin.py:188} INFO - [2024-01-30T16:27:51.873+0000] {dag.py:3036} INFO - Sync 1 DAGs
[2024-01-30T16:27:51.893+0000] {logging_mixin.py:188} INFO - [2024-01-30T16:27:51.892+0000] {dag.py:3823} INFO - Setting next_dagrun for example_setup_teardown to 2024-01-29 00:00:00+00:00, run_after=2024-01-30 00:00:00+00:00
[2024-01-30T16:27:51.910+0000] {processor.py:183} INFO - Processing /home/airflow/.local/lib/python3.8/site-packages/airflow/example_dags/example_setup_teardown.py took 0.067 seconds
[2024-01-30T16:28:22.458+0000] {processor.py:161} INFO - Started process (PID=263) to work on /home/airflow/.local/lib/python3.8/site-packages/airflow/example_dags/example_setup_teardown.py
[2024-01-30T16:28:22.459+0000] {processor.py:830} INFO - Processing file /home/airflow/.local/lib/python3.8/site-packages/airflow/example_dags/example_setup_teardown.py for tasks to queue
[2024-01-30T16:28:22.461+0000] {logging_mixin.py:188} INFO - [2024-01-30T16:28:22.460+0000] {dagbag.py:538} INFO - Filling up the DagBag from /home/airflow/.local/lib/python3.8/site-packages/airflow/example_dags/example_setup_teardown.py
[2024-01-30T16:28:22.467+0000] {processor.py:840} INFO - DAG(s) 'example_setup_teardown' retrieved from /home/airflow/.local/lib/python3.8/site-packages/airflow/example_dags/example_setup_teardown.py
[2024-01-30T16:28:22.486+0000] {logging_mixin.py:188} INFO - [2024-01-30T16:28:22.486+0000] {dag.py:3036} INFO - Sync 1 DAGs
[2024-01-30T16:28:22.507+0000] {logging_mixin.py:188} INFO - [2024-01-30T16:28:22.507+0000] {dag.py:3823} INFO - Setting next_dagrun for example_setup_teardown to 2024-01-29 00:00:00+00:00, run_after=2024-01-30 00:00:00+00:00
[2024-01-30T16:28:22.527+0000] {processor.py:183} INFO - Processing /home/airflow/.local/lib/python3.8/site-packages/airflow/example_dags/example_setup_teardown.py took 0.072 seconds
[2024-01-30T16:28:53.116+0000] {processor.py:161} INFO - Started process (PID=318) to work on /home/airflow/.local/lib/python3.8/site-packages/airflow/example_dags/example_setup_teardown.py
[2024-01-30T16:28:53.118+0000] {processor.py:830} INFO - Processing file /home/airflow/.local/lib/python3.8/site-packages/airflow/example_dags/example_setup_teardown.py for tasks to queue
[2024-01-30T16:28:53.119+0000] {logging_mixin.py:188} INFO - [2024-01-30T16:28:53.119+0000] {dagbag.py:538} INFO - Filling up the DagBag from /home/airflow/.local/lib/python3.8/site-packages/airflow/example_dags/example_setup_teardown.py
[2024-01-30T16:28:53.127+0000] {processor.py:840} INFO - DAG(s) 'example_setup_teardown' retrieved from /home/airflow/.local/lib/python3.8/site-packages/airflow/example_dags/example_setup_teardown.py
[2024-01-30T16:28:53.149+0000] {logging_mixin.py:188} INFO - [2024-01-30T16:28:53.149+0000] {dag.py:3036} INFO - Sync 1 DAGs
[2024-01-30T16:28:53.174+0000] {logging_mixin.py:188} INFO - [2024-01-30T16:28:53.174+0000] {dag.py:3823} INFO - Setting next_dagrun for example_setup_teardown to 2024-01-29 00:00:00+00:00, run_after=2024-01-30 00:00:00+00:00
[2024-01-30T16:28:53.197+0000] {processor.py:183} INFO - Processing /home/airflow/.local/lib/python3.8/site-packages/airflow/example_dags/example_setup_teardown.py took 0.084 seconds
[2024-01-30T16:29:23.815+0000] {processor.py:161} INFO - Started process (PID=373) to work on /home/airflow/.local/lib/python3.8/site-packages/airflow/example_dags/example_setup_teardown.py
[2024-01-30T16:29:23.817+0000] {processor.py:830} INFO - Processing file /home/airflow/.local/lib/python3.8/site-packages/airflow/example_dags/example_setup_teardown.py for tasks to queue
[2024-01-30T16:29:23.819+0000] {logging_mixin.py:188} INFO - [2024-01-30T16:29:23.818+0000] {dagbag.py:538} INFO - Filling up the DagBag from /home/airflow/.local/lib/python3.8/site-packages/airflow/example_dags/example_setup_teardown.py
[2024-01-30T16:29:23.825+0000] {processor.py:840} INFO - DAG(s) 'example_setup_teardown' retrieved from /home/airflow/.local/lib/python3.8/site-packages/airflow/example_dags/example_setup_teardown.py
[2024-01-30T16:29:23.845+0000] {logging_mixin.py:188} INFO - [2024-01-30T16:29:23.845+0000] {dag.py:3036} INFO - Sync 1 DAGs
[2024-01-30T16:29:23.867+0000] {logging_mixin.py:188} INFO - [2024-01-30T16:29:23.867+0000] {dag.py:3823} INFO - Setting next_dagrun for example_setup_teardown to 2024-01-29 00:00:00+00:00, run_after=2024-01-30 00:00:00+00:00
[2024-01-30T16:29:23.890+0000] {processor.py:183} INFO - Processing /home/airflow/.local/lib/python3.8/site-packages/airflow/example_dags/example_setup_teardown.py took 0.077 seconds
[2024-01-30T16:29:54.481+0000] {processor.py:161} INFO - Started process (PID=428) to work on /home/airflow/.local/lib/python3.8/site-packages/airflow/example_dags/example_setup_teardown.py
[2024-01-30T16:29:54.482+0000] {processor.py:830} INFO - Processing file /home/airflow/.local/lib/python3.8/site-packages/airflow/example_dags/example_setup_teardown.py for tasks to queue
[2024-01-30T16:29:54.483+0000] {logging_mixin.py:188} INFO - [2024-01-30T16:29:54.483+0000] {dagbag.py:538} INFO - Filling up the DagBag from /home/airflow/.local/lib/python3.8/site-packages/airflow/example_dags/example_setup_teardown.py
[2024-01-30T16:29:54.489+0000] {processor.py:840} INFO - DAG(s) 'example_setup_teardown' retrieved from /home/airflow/.local/lib/python3.8/site-packages/airflow/example_dags/example_setup_teardown.py
[2024-01-30T16:29:54.509+0000] {logging_mixin.py:188} INFO - [2024-01-30T16:29:54.509+0000] {dag.py:3036} INFO - Sync 1 DAGs
[2024-01-30T16:29:54.529+0000] {logging_mixin.py:188} INFO - [2024-01-30T16:29:54.528+0000] {dag.py:3823} INFO - Setting next_dagrun for example_setup_teardown to 2024-01-29 00:00:00+00:00, run_after=2024-01-30 00:00:00+00:00
[2024-01-30T16:29:54.548+0000] {processor.py:183} INFO - Processing /home/airflow/.local/lib/python3.8/site-packages/airflow/example_dags/example_setup_teardown.py took 0.070 seconds
[2024-01-30T16:30:25.230+0000] {processor.py:161} INFO - Started process (PID=483) to work on /home/airflow/.local/lib/python3.8/site-packages/airflow/example_dags/example_setup_teardown.py
[2024-01-30T16:30:25.231+0000] {processor.py:830} INFO - Processing file /home/airflow/.local/lib/python3.8/site-packages/airflow/example_dags/example_setup_teardown.py for tasks to queue
[2024-01-30T16:30:25.232+0000] {logging_mixin.py:188} INFO - [2024-01-30T16:30:25.232+0000] {dagbag.py:538} INFO - Filling up the DagBag from /home/airflow/.local/lib/python3.8/site-packages/airflow/example_dags/example_setup_teardown.py
[2024-01-30T16:30:25.239+0000] {processor.py:840} INFO - DAG(s) 'example_setup_teardown' retrieved from /home/airflow/.local/lib/python3.8/site-packages/airflow/example_dags/example_setup_teardown.py
[2024-01-30T16:30:25.257+0000] {logging_mixin.py:188} INFO - [2024-01-30T16:30:25.257+0000] {dag.py:3036} INFO - Sync 1 DAGs
[2024-01-30T16:30:25.279+0000] {logging_mixin.py:188} INFO - [2024-01-30T16:30:25.279+0000] {dag.py:3823} INFO - Setting next_dagrun for example_setup_teardown to 2024-01-29 00:00:00+00:00, run_after=2024-01-30 00:00:00+00:00
[2024-01-30T16:30:25.300+0000] {processor.py:183} INFO - Processing /home/airflow/.local/lib/python3.8/site-packages/airflow/example_dags/example_setup_teardown.py took 0.074 seconds
[2024-01-30T16:30:55.510+0000] {processor.py:161} INFO - Started process (PID=538) to work on /home/airflow/.local/lib/python3.8/site-packages/airflow/example_dags/example_setup_teardown.py
[2024-01-30T16:30:55.511+0000] {processor.py:830} INFO - Processing file /home/airflow/.local/lib/python3.8/site-packages/airflow/example_dags/example_setup_teardown.py for tasks to queue
[2024-01-30T16:30:55.513+0000] {logging_mixin.py:188} INFO - [2024-01-30T16:30:55.512+0000] {dagbag.py:538} INFO - Filling up the DagBag from /home/airflow/.local/lib/python3.8/site-packages/airflow/example_dags/example_setup_teardown.py
[2024-01-30T16:30:55.520+0000] {processor.py:840} INFO - DAG(s) 'example_setup_teardown' retrieved from /home/airflow/.local/lib/python3.8/site-packages/airflow/example_dags/example_setup_teardown.py
[2024-01-30T16:30:55.541+0000] {logging_mixin.py:188} INFO - [2024-01-30T16:30:55.541+0000] {dag.py:3036} INFO - Sync 1 DAGs
[2024-01-30T16:30:55.564+0000] {logging_mixin.py:188} INFO - [2024-01-30T16:30:55.564+0000] {dag.py:3823} INFO - Setting next_dagrun for example_setup_teardown to 2024-01-29 00:00:00+00:00, run_after=2024-01-30 00:00:00+00:00
[2024-01-30T16:30:55.586+0000] {processor.py:183} INFO - Processing /home/airflow/.local/lib/python3.8/site-packages/airflow/example_dags/example_setup_teardown.py took 0.080 seconds
[2024-01-30T16:31:25.968+0000] {processor.py:161} INFO - Started process (PID=593) to work on /home/airflow/.local/lib/python3.8/site-packages/airflow/example_dags/example_setup_teardown.py
[2024-01-30T16:31:25.970+0000] {processor.py:830} INFO - Processing file /home/airflow/.local/lib/python3.8/site-packages/airflow/example_dags/example_setup_teardown.py for tasks to queue
[2024-01-30T16:31:25.972+0000] {logging_mixin.py:188} INFO - [2024-01-30T16:31:25.971+0000] {dagbag.py:538} INFO - Filling up the DagBag from /home/airflow/.local/lib/python3.8/site-packages/airflow/example_dags/example_setup_teardown.py
[2024-01-30T16:31:25.979+0000] {processor.py:840} INFO - DAG(s) 'example_setup_teardown' retrieved from /home/airflow/.local/lib/python3.8/site-packages/airflow/example_dags/example_setup_teardown.py
[2024-01-30T16:31:26.001+0000] {logging_mixin.py:188} INFO - [2024-01-30T16:31:26.001+0000] {dag.py:3036} INFO - Sync 1 DAGs
[2024-01-30T16:31:26.021+0000] {logging_mixin.py:188} INFO - [2024-01-30T16:31:26.021+0000] {dag.py:3823} INFO - Setting next_dagrun for example_setup_teardown to 2024-01-29 00:00:00+00:00, run_after=2024-01-30 00:00:00+00:00
[2024-01-30T16:31:26.046+0000] {processor.py:183} INFO - Processing /home/airflow/.local/lib/python3.8/site-packages/airflow/example_dags/example_setup_teardown.py took 0.082 seconds
[2024-01-30T16:31:56.307+0000] {processor.py:161} INFO - Started process (PID=648) to work on /home/airflow/.local/lib/python3.8/site-packages/airflow/example_dags/example_setup_teardown.py
[2024-01-30T16:31:56.308+0000] {processor.py:830} INFO - Processing file /home/airflow/.local/lib/python3.8/site-packages/airflow/example_dags/example_setup_teardown.py for tasks to queue
[2024-01-30T16:31:56.310+0000] {logging_mixin.py:188} INFO - [2024-01-30T16:31:56.310+0000] {dagbag.py:538} INFO - Filling up the DagBag from /home/airflow/.local/lib/python3.8/site-packages/airflow/example_dags/example_setup_teardown.py
[2024-01-30T16:31:56.316+0000] {processor.py:840} INFO - DAG(s) 'example_setup_teardown' retrieved from /home/airflow/.local/lib/python3.8/site-packages/airflow/example_dags/example_setup_teardown.py
[2024-01-30T16:31:56.335+0000] {logging_mixin.py:188} INFO - [2024-01-30T16:31:56.334+0000] {dag.py:3036} INFO - Sync 1 DAGs
[2024-01-30T16:31:56.354+0000] {logging_mixin.py:188} INFO - [2024-01-30T16:31:56.354+0000] {dag.py:3823} INFO - Setting next_dagrun for example_setup_teardown to 2024-01-29 00:00:00+00:00, run_after=2024-01-30 00:00:00+00:00
[2024-01-30T16:31:56.373+0000] {processor.py:183} INFO - Processing /home/airflow/.local/lib/python3.8/site-packages/airflow/example_dags/example_setup_teardown.py took 0.069 seconds
[2024-01-30T16:32:26.510+0000] {processor.py:161} INFO - Started process (PID=703) to work on /home/airflow/.local/lib/python3.8/site-packages/airflow/example_dags/example_setup_teardown.py
[2024-01-30T16:32:26.510+0000] {processor.py:830} INFO - Processing file /home/airflow/.local/lib/python3.8/site-packages/airflow/example_dags/example_setup_teardown.py for tasks to queue
[2024-01-30T16:32:26.512+0000] {logging_mixin.py:188} INFO - [2024-01-30T16:32:26.512+0000] {dagbag.py:538} INFO - Filling up the DagBag from /home/airflow/.local/lib/python3.8/site-packages/airflow/example_dags/example_setup_teardown.py
[2024-01-30T16:32:26.518+0000] {processor.py:840} INFO - DAG(s) 'example_setup_teardown' retrieved from /home/airflow/.local/lib/python3.8/site-packages/airflow/example_dags/example_setup_teardown.py
[2024-01-30T16:32:26.536+0000] {logging_mixin.py:188} INFO - [2024-01-30T16:32:26.536+0000] {dag.py:3036} INFO - Sync 1 DAGs
[2024-01-30T16:32:26.555+0000] {logging_mixin.py:188} INFO - [2024-01-30T16:32:26.555+0000] {dag.py:3823} INFO - Setting next_dagrun for example_setup_teardown to 2024-01-29 00:00:00+00:00, run_after=2024-01-30 00:00:00+00:00
[2024-01-30T16:32:26.573+0000] {processor.py:183} INFO - Processing /home/airflow/.local/lib/python3.8/site-packages/airflow/example_dags/example_setup_teardown.py took 0.066 seconds
[2024-01-30T16:32:56.800+0000] {processor.py:161} INFO - Started process (PID=758) to work on /home/airflow/.local/lib/python3.8/site-packages/airflow/example_dags/example_setup_teardown.py
[2024-01-30T16:32:56.801+0000] {processor.py:830} INFO - Processing file /home/airflow/.local/lib/python3.8/site-packages/airflow/example_dags/example_setup_teardown.py for tasks to queue
[2024-01-30T16:32:56.803+0000] {logging_mixin.py:188} INFO - [2024-01-30T16:32:56.803+0000] {dagbag.py:538} INFO - Filling up the DagBag from /home/airflow/.local/lib/python3.8/site-packages/airflow/example_dags/example_setup_teardown.py
[2024-01-30T16:32:56.809+0000] {processor.py:840} INFO - DAG(s) 'example_setup_teardown' retrieved from /home/airflow/.local/lib/python3.8/site-packages/airflow/example_dags/example_setup_teardown.py
[2024-01-30T16:32:56.830+0000] {logging_mixin.py:188} INFO - [2024-01-30T16:32:56.830+0000] {dag.py:3036} INFO - Sync 1 DAGs
[2024-01-30T16:32:56.851+0000] {logging_mixin.py:188} INFO - [2024-01-30T16:32:56.850+0000] {dag.py:3823} INFO - Setting next_dagrun for example_setup_teardown to 2024-01-29 00:00:00+00:00, run_after=2024-01-30 00:00:00+00:00
[2024-01-30T16:32:56.870+0000] {processor.py:183} INFO - Processing /home/airflow/.local/lib/python3.8/site-packages/airflow/example_dags/example_setup_teardown.py took 0.073 seconds
[2024-01-30T16:33:27.126+0000] {processor.py:161} INFO - Started process (PID=813) to work on /home/airflow/.local/lib/python3.8/site-packages/airflow/example_dags/example_setup_teardown.py
[2024-01-30T16:33:27.127+0000] {processor.py:830} INFO - Processing file /home/airflow/.local/lib/python3.8/site-packages/airflow/example_dags/example_setup_teardown.py for tasks to queue
[2024-01-30T16:33:27.129+0000] {logging_mixin.py:188} INFO - [2024-01-30T16:33:27.129+0000] {dagbag.py:538} INFO - Filling up the DagBag from /home/airflow/.local/lib/python3.8/site-packages/airflow/example_dags/example_setup_teardown.py
[2024-01-30T16:33:27.134+0000] {processor.py:840} INFO - DAG(s) 'example_setup_teardown' retrieved from /home/airflow/.local/lib/python3.8/site-packages/airflow/example_dags/example_setup_teardown.py
[2024-01-30T16:33:27.154+0000] {logging_mixin.py:188} INFO - [2024-01-30T16:33:27.153+0000] {dag.py:3036} INFO - Sync 1 DAGs
[2024-01-30T16:33:27.173+0000] {logging_mixin.py:188} INFO - [2024-01-30T16:33:27.172+0000] {dag.py:3823} INFO - Setting next_dagrun for example_setup_teardown to 2024-01-29 00:00:00+00:00, run_after=2024-01-30 00:00:00+00:00
[2024-01-30T16:33:27.191+0000] {processor.py:183} INFO - Processing /home/airflow/.local/lib/python3.8/site-packages/airflow/example_dags/example_setup_teardown.py took 0.068 seconds
[2024-01-30T16:33:57.529+0000] {processor.py:161} INFO - Started process (PID=868) to work on /home/airflow/.local/lib/python3.8/site-packages/airflow/example_dags/example_setup_teardown.py
[2024-01-30T16:33:57.530+0000] {processor.py:830} INFO - Processing file /home/airflow/.local/lib/python3.8/site-packages/airflow/example_dags/example_setup_teardown.py for tasks to queue
[2024-01-30T16:33:57.531+0000] {logging_mixin.py:188} INFO - [2024-01-30T16:33:57.531+0000] {dagbag.py:538} INFO - Filling up the DagBag from /home/airflow/.local/lib/python3.8/site-packages/airflow/example_dags/example_setup_teardown.py
[2024-01-30T16:33:57.537+0000] {processor.py:840} INFO - DAG(s) 'example_setup_teardown' retrieved from /home/airflow/.local/lib/python3.8/site-packages/airflow/example_dags/example_setup_teardown.py
[2024-01-30T16:33:57.555+0000] {logging_mixin.py:188} INFO - [2024-01-30T16:33:57.555+0000] {dag.py:3036} INFO - Sync 1 DAGs
[2024-01-30T16:33:57.576+0000] {logging_mixin.py:188} INFO - [2024-01-30T16:33:57.576+0000] {dag.py:3823} INFO - Setting next_dagrun for example_setup_teardown to 2024-01-29 00:00:00+00:00, run_after=2024-01-30 00:00:00+00:00
[2024-01-30T16:33:57.594+0000] {processor.py:183} INFO - Processing /home/airflow/.local/lib/python3.8/site-packages/airflow/example_dags/example_setup_teardown.py took 0.069 seconds
[2024-01-30T16:34:27.866+0000] {processor.py:161} INFO - Started process (PID=923) to work on /home/airflow/.local/lib/python3.8/site-packages/airflow/example_dags/example_setup_teardown.py
[2024-01-30T16:34:27.867+0000] {processor.py:830} INFO - Processing file /home/airflow/.local/lib/python3.8/site-packages/airflow/example_dags/example_setup_teardown.py for tasks to queue
[2024-01-30T16:34:27.869+0000] {logging_mixin.py:188} INFO - [2024-01-30T16:34:27.868+0000] {dagbag.py:538} INFO - Filling up the DagBag from /home/airflow/.local/lib/python3.8/site-packages/airflow/example_dags/example_setup_teardown.py
[2024-01-30T16:34:27.875+0000] {processor.py:840} INFO - DAG(s) 'example_setup_teardown' retrieved from /home/airflow/.local/lib/python3.8/site-packages/airflow/example_dags/example_setup_teardown.py
[2024-01-30T16:34:27.895+0000] {logging_mixin.py:188} INFO - [2024-01-30T16:34:27.894+0000] {dag.py:3036} INFO - Sync 1 DAGs
[2024-01-30T16:34:27.915+0000] {logging_mixin.py:188} INFO - [2024-01-30T16:34:27.915+0000] {dag.py:3823} INFO - Setting next_dagrun for example_setup_teardown to 2024-01-29 00:00:00+00:00, run_after=2024-01-30 00:00:00+00:00
[2024-01-30T16:34:27.934+0000] {processor.py:183} INFO - Processing /home/airflow/.local/lib/python3.8/site-packages/airflow/example_dags/example_setup_teardown.py took 0.072 seconds
[2024-01-30T16:34:58.240+0000] {processor.py:161} INFO - Started process (PID=978) to work on /home/airflow/.local/lib/python3.8/site-packages/airflow/example_dags/example_setup_teardown.py
[2024-01-30T16:34:58.241+0000] {processor.py:830} INFO - Processing file /home/airflow/.local/lib/python3.8/site-packages/airflow/example_dags/example_setup_teardown.py for tasks to queue
[2024-01-30T16:34:58.243+0000] {logging_mixin.py:188} INFO - [2024-01-30T16:34:58.243+0000] {dagbag.py:538} INFO - Filling up the DagBag from /home/airflow/.local/lib/python3.8/site-packages/airflow/example_dags/example_setup_teardown.py
[2024-01-30T16:34:58.249+0000] {processor.py:840} INFO - DAG(s) 'example_setup_teardown' retrieved from /home/airflow/.local/lib/python3.8/site-packages/airflow/example_dags/example_setup_teardown.py
[2024-01-30T16:34:58.269+0000] {logging_mixin.py:188} INFO - [2024-01-30T16:34:58.269+0000] {dag.py:3036} INFO - Sync 1 DAGs
[2024-01-30T16:34:58.290+0000] {logging_mixin.py:188} INFO - [2024-01-30T16:34:58.289+0000] {dag.py:3823} INFO - Setting next_dagrun for example_setup_teardown to 2024-01-29 00:00:00+00:00, run_after=2024-01-30 00:00:00+00:00
[2024-01-30T16:34:58.308+0000] {processor.py:183} INFO - Processing /home/airflow/.local/lib/python3.8/site-packages/airflow/example_dags/example_setup_teardown.py took 0.071 seconds
[2024-01-30T16:35:28.418+0000] {processor.py:161} INFO - Started process (PID=1033) to work on /home/airflow/.local/lib/python3.8/site-packages/airflow/example_dags/example_setup_teardown.py
[2024-01-30T16:35:28.419+0000] {processor.py:830} INFO - Processing file /home/airflow/.local/lib/python3.8/site-packages/airflow/example_dags/example_setup_teardown.py for tasks to queue
[2024-01-30T16:35:28.421+0000] {logging_mixin.py:188} INFO - [2024-01-30T16:35:28.420+0000] {dagbag.py:538} INFO - Filling up the DagBag from /home/airflow/.local/lib/python3.8/site-packages/airflow/example_dags/example_setup_teardown.py
[2024-01-30T16:35:28.427+0000] {processor.py:840} INFO - DAG(s) 'example_setup_teardown' retrieved from /home/airflow/.local/lib/python3.8/site-packages/airflow/example_dags/example_setup_teardown.py
[2024-01-30T16:35:28.447+0000] {logging_mixin.py:188} INFO - [2024-01-30T16:35:28.447+0000] {dag.py:3036} INFO - Sync 1 DAGs
[2024-01-30T16:35:28.468+0000] {logging_mixin.py:188} INFO - [2024-01-30T16:35:28.467+0000] {dag.py:3823} INFO - Setting next_dagrun for example_setup_teardown to 2024-01-29 00:00:00+00:00, run_after=2024-01-30 00:00:00+00:00
[2024-01-30T16:35:28.491+0000] {processor.py:183} INFO - Processing /home/airflow/.local/lib/python3.8/site-packages/airflow/example_dags/example_setup_teardown.py took 0.076 seconds
[2024-01-30T16:35:58.580+0000] {processor.py:161} INFO - Started process (PID=1088) to work on /home/airflow/.local/lib/python3.8/site-packages/airflow/example_dags/example_setup_teardown.py
[2024-01-30T16:35:58.581+0000] {processor.py:830} INFO - Processing file /home/airflow/.local/lib/python3.8/site-packages/airflow/example_dags/example_setup_teardown.py for tasks to queue
[2024-01-30T16:35:58.583+0000] {logging_mixin.py:188} INFO - [2024-01-30T16:35:58.583+0000] {dagbag.py:538} INFO - Filling up the DagBag from /home/airflow/.local/lib/python3.8/site-packages/airflow/example_dags/example_setup_teardown.py
[2024-01-30T16:35:58.589+0000] {processor.py:840} INFO - DAG(s) 'example_setup_teardown' retrieved from /home/airflow/.local/lib/python3.8/site-packages/airflow/example_dags/example_setup_teardown.py
[2024-01-30T16:35:58.608+0000] {logging_mixin.py:188} INFO - [2024-01-30T16:35:58.607+0000] {dag.py:3036} INFO - Sync 1 DAGs
[2024-01-30T16:35:58.627+0000] {logging_mixin.py:188} INFO - [2024-01-30T16:35:58.627+0000] {dag.py:3823} INFO - Setting next_dagrun for example_setup_teardown to 2024-01-29 00:00:00+00:00, run_after=2024-01-30 00:00:00+00:00
[2024-01-30T16:35:58.645+0000] {processor.py:183} INFO - Processing /home/airflow/.local/lib/python3.8/site-packages/airflow/example_dags/example_setup_teardown.py took 0.067 seconds
[2024-01-30T16:36:29.528+0000] {processor.py:161} INFO - Started process (PID=1143) to work on /home/airflow/.local/lib/python3.8/site-packages/airflow/example_dags/example_setup_teardown.py
[2024-01-30T16:36:29.529+0000] {processor.py:830} INFO - Processing file /home/airflow/.local/lib/python3.8/site-packages/airflow/example_dags/example_setup_teardown.py for tasks to queue
[2024-01-30T16:36:29.531+0000] {logging_mixin.py:188} INFO - [2024-01-30T16:36:29.531+0000] {dagbag.py:538} INFO - Filling up the DagBag from /home/airflow/.local/lib/python3.8/site-packages/airflow/example_dags/example_setup_teardown.py
[2024-01-30T16:36:29.537+0000] {processor.py:840} INFO - DAG(s) 'example_setup_teardown' retrieved from /home/airflow/.local/lib/python3.8/site-packages/airflow/example_dags/example_setup_teardown.py
[2024-01-30T16:36:29.557+0000] {logging_mixin.py:188} INFO - [2024-01-30T16:36:29.557+0000] {dag.py:3036} INFO - Sync 1 DAGs
[2024-01-30T16:36:29.578+0000] {logging_mixin.py:188} INFO - [2024-01-30T16:36:29.578+0000] {dag.py:3823} INFO - Setting next_dagrun for example_setup_teardown to 2024-01-29 00:00:00+00:00, run_after=2024-01-30 00:00:00+00:00
[2024-01-30T16:36:29.598+0000] {processor.py:183} INFO - Processing /home/airflow/.local/lib/python3.8/site-packages/airflow/example_dags/example_setup_teardown.py took 0.074 seconds
[2024-01-30T16:36:59.652+0000] {processor.py:161} INFO - Started process (PID=1198) to work on /home/airflow/.local/lib/python3.8/site-packages/airflow/example_dags/example_setup_teardown.py
[2024-01-30T16:36:59.653+0000] {processor.py:830} INFO - Processing file /home/airflow/.local/lib/python3.8/site-packages/airflow/example_dags/example_setup_teardown.py for tasks to queue
[2024-01-30T16:36:59.655+0000] {logging_mixin.py:188} INFO - [2024-01-30T16:36:59.655+0000] {dagbag.py:538} INFO - Filling up the DagBag from /home/airflow/.local/lib/python3.8/site-packages/airflow/example_dags/example_setup_teardown.py
[2024-01-30T16:36:59.661+0000] {processor.py:840} INFO - DAG(s) 'example_setup_teardown' retrieved from /home/airflow/.local/lib/python3.8/site-packages/airflow/example_dags/example_setup_teardown.py
[2024-01-30T16:36:59.680+0000] {logging_mixin.py:188} INFO - [2024-01-30T16:36:59.680+0000] {dag.py:3036} INFO - Sync 1 DAGs
[2024-01-30T16:36:59.700+0000] {logging_mixin.py:188} INFO - [2024-01-30T16:36:59.700+0000] {dag.py:3823} INFO - Setting next_dagrun for example_setup_teardown to 2024-01-29 00:00:00+00:00, run_after=2024-01-30 00:00:00+00:00
[2024-01-30T16:36:59.718+0000] {processor.py:183} INFO - Processing /home/airflow/.local/lib/python3.8/site-packages/airflow/example_dags/example_setup_teardown.py took 0.069 seconds
[2024-01-30T16:37:30.525+0000] {processor.py:161} INFO - Started process (PID=1253) to work on /home/airflow/.local/lib/python3.8/site-packages/airflow/example_dags/example_setup_teardown.py
[2024-01-30T16:37:30.526+0000] {processor.py:830} INFO - Processing file /home/airflow/.local/lib/python3.8/site-packages/airflow/example_dags/example_setup_teardown.py for tasks to queue
[2024-01-30T16:37:30.528+0000] {logging_mixin.py:188} INFO - [2024-01-30T16:37:30.528+0000] {dagbag.py:538} INFO - Filling up the DagBag from /home/airflow/.local/lib/python3.8/site-packages/airflow/example_dags/example_setup_teardown.py
[2024-01-30T16:37:30.534+0000] {processor.py:840} INFO - DAG(s) 'example_setup_teardown' retrieved from /home/airflow/.local/lib/python3.8/site-packages/airflow/example_dags/example_setup_teardown.py
[2024-01-30T16:37:30.554+0000] {logging_mixin.py:188} INFO - [2024-01-30T16:37:30.554+0000] {dag.py:3036} INFO - Sync 1 DAGs
[2024-01-30T16:37:30.575+0000] {logging_mixin.py:188} INFO - [2024-01-30T16:37:30.575+0000] {dag.py:3823} INFO - Setting next_dagrun for example_setup_teardown to 2024-01-29 00:00:00+00:00, run_after=2024-01-30 00:00:00+00:00
[2024-01-30T16:37:30.596+0000] {processor.py:183} INFO - Processing /home/airflow/.local/lib/python3.8/site-packages/airflow/example_dags/example_setup_teardown.py took 0.074 seconds
