[2024-01-30T16:16:24.810+0000] {processor.py:161} INFO - Started process (PID=44) to work on /home/airflow/.local/lib/python3.8/site-packages/airflow/example_dags/example_bash_operator.py
[2024-01-30T16:16:24.811+0000] {processor.py:830} INFO - Processing file /home/airflow/.local/lib/python3.8/site-packages/airflow/example_dags/example_bash_operator.py for tasks to queue
[2024-01-30T16:16:24.813+0000] {logging_mixin.py:188} INFO - [2024-01-30T16:16:24.813+0000] {dagbag.py:538} INFO - Filling up the DagBag from /home/airflow/.local/lib/python3.8/site-packages/airflow/example_dags/example_bash_operator.py
[2024-01-30T16:16:24.829+0000] {processor.py:840} INFO - DAG(s) 'example_bash_operator' retrieved from /home/airflow/.local/lib/python3.8/site-packages/airflow/example_dags/example_bash_operator.py
[2024-01-30T16:16:24.841+0000] {logging_mixin.py:188} INFO - [2024-01-30T16:16:24.840+0000] {dag.py:3036} INFO - Sync 1 DAGs
[2024-01-30T16:16:24.867+0000] {logging_mixin.py:188} INFO - [2024-01-30T16:16:24.866+0000] {dag.py:3823} INFO - Setting next_dagrun for example_bash_operator to 2024-01-29 00:00:00+00:00, run_after=2024-01-30 00:00:00+00:00
[2024-01-30T16:16:24.887+0000] {processor.py:183} INFO - Processing /home/airflow/.local/lib/python3.8/site-packages/airflow/example_dags/example_bash_operator.py took 0.080 seconds
[2024-01-30T16:16:55.970+0000] {processor.py:161} INFO - Started process (PID=99) to work on /home/airflow/.local/lib/python3.8/site-packages/airflow/example_dags/example_bash_operator.py
[2024-01-30T16:16:55.971+0000] {processor.py:830} INFO - Processing file /home/airflow/.local/lib/python3.8/site-packages/airflow/example_dags/example_bash_operator.py for tasks to queue
[2024-01-30T16:16:55.973+0000] {logging_mixin.py:188} INFO - [2024-01-30T16:16:55.972+0000] {dagbag.py:538} INFO - Filling up the DagBag from /home/airflow/.local/lib/python3.8/site-packages/airflow/example_dags/example_bash_operator.py
[2024-01-30T16:16:55.983+0000] {processor.py:840} INFO - DAG(s) 'example_bash_operator' retrieved from /home/airflow/.local/lib/python3.8/site-packages/airflow/example_dags/example_bash_operator.py
[2024-01-30T16:16:56.096+0000] {logging_mixin.py:188} INFO - [2024-01-30T16:16:56.096+0000] {dag.py:3036} INFO - Sync 1 DAGs
[2024-01-30T16:16:56.118+0000] {logging_mixin.py:188} INFO - [2024-01-30T16:16:56.118+0000] {dag.py:3823} INFO - Setting next_dagrun for example_bash_operator to 2024-01-29 00:00:00+00:00, run_after=2024-01-30 00:00:00+00:00
[2024-01-30T16:16:56.137+0000] {processor.py:183} INFO - Processing /home/airflow/.local/lib/python3.8/site-packages/airflow/example_dags/example_bash_operator.py took 0.170 seconds
[2024-01-30T16:17:26.228+0000] {processor.py:161} INFO - Started process (PID=154) to work on /home/airflow/.local/lib/python3.8/site-packages/airflow/example_dags/example_bash_operator.py
[2024-01-30T16:17:26.229+0000] {processor.py:830} INFO - Processing file /home/airflow/.local/lib/python3.8/site-packages/airflow/example_dags/example_bash_operator.py for tasks to queue
[2024-01-30T16:17:26.231+0000] {logging_mixin.py:188} INFO - [2024-01-30T16:17:26.230+0000] {dagbag.py:538} INFO - Filling up the DagBag from /home/airflow/.local/lib/python3.8/site-packages/airflow/example_dags/example_bash_operator.py
[2024-01-30T16:17:26.242+0000] {processor.py:840} INFO - DAG(s) 'example_bash_operator' retrieved from /home/airflow/.local/lib/python3.8/site-packages/airflow/example_dags/example_bash_operator.py
[2024-01-30T16:17:26.270+0000] {logging_mixin.py:188} INFO - [2024-01-30T16:17:26.270+0000] {dag.py:3036} INFO - Sync 1 DAGs
[2024-01-30T16:17:26.291+0000] {logging_mixin.py:188} INFO - [2024-01-30T16:17:26.291+0000] {dag.py:3823} INFO - Setting next_dagrun for example_bash_operator to 2024-01-29 00:00:00+00:00, run_after=2024-01-30 00:00:00+00:00
[2024-01-30T16:17:26.308+0000] {processor.py:183} INFO - Processing /home/airflow/.local/lib/python3.8/site-packages/airflow/example_dags/example_bash_operator.py took 0.083 seconds
[2024-01-30T16:17:57.281+0000] {processor.py:161} INFO - Started process (PID=209) to work on /home/airflow/.local/lib/python3.8/site-packages/airflow/example_dags/example_bash_operator.py
[2024-01-30T16:17:57.282+0000] {processor.py:830} INFO - Processing file /home/airflow/.local/lib/python3.8/site-packages/airflow/example_dags/example_bash_operator.py for tasks to queue
[2024-01-30T16:17:57.284+0000] {logging_mixin.py:188} INFO - [2024-01-30T16:17:57.283+0000] {dagbag.py:538} INFO - Filling up the DagBag from /home/airflow/.local/lib/python3.8/site-packages/airflow/example_dags/example_bash_operator.py
[2024-01-30T16:17:57.294+0000] {processor.py:840} INFO - DAG(s) 'example_bash_operator' retrieved from /home/airflow/.local/lib/python3.8/site-packages/airflow/example_dags/example_bash_operator.py
[2024-01-30T16:17:57.322+0000] {logging_mixin.py:188} INFO - [2024-01-30T16:17:57.322+0000] {dag.py:3036} INFO - Sync 1 DAGs
[2024-01-30T16:17:57.343+0000] {logging_mixin.py:188} INFO - [2024-01-30T16:17:57.343+0000] {dag.py:3823} INFO - Setting next_dagrun for example_bash_operator to 2024-01-29 00:00:00+00:00, run_after=2024-01-30 00:00:00+00:00
[2024-01-30T16:17:57.361+0000] {processor.py:183} INFO - Processing /home/airflow/.local/lib/python3.8/site-packages/airflow/example_dags/example_bash_operator.py took 0.082 seconds
[2024-01-30T16:18:27.550+0000] {processor.py:161} INFO - Started process (PID=264) to work on /home/airflow/.local/lib/python3.8/site-packages/airflow/example_dags/example_bash_operator.py
[2024-01-30T16:18:27.551+0000] {processor.py:830} INFO - Processing file /home/airflow/.local/lib/python3.8/site-packages/airflow/example_dags/example_bash_operator.py for tasks to queue
[2024-01-30T16:18:27.553+0000] {logging_mixin.py:188} INFO - [2024-01-30T16:18:27.553+0000] {dagbag.py:538} INFO - Filling up the DagBag from /home/airflow/.local/lib/python3.8/site-packages/airflow/example_dags/example_bash_operator.py
[2024-01-30T16:18:27.563+0000] {processor.py:840} INFO - DAG(s) 'example_bash_operator' retrieved from /home/airflow/.local/lib/python3.8/site-packages/airflow/example_dags/example_bash_operator.py
[2024-01-30T16:18:27.591+0000] {logging_mixin.py:188} INFO - [2024-01-30T16:18:27.591+0000] {dag.py:3036} INFO - Sync 1 DAGs
[2024-01-30T16:18:27.612+0000] {logging_mixin.py:188} INFO - [2024-01-30T16:18:27.612+0000] {dag.py:3823} INFO - Setting next_dagrun for example_bash_operator to 2024-01-29 00:00:00+00:00, run_after=2024-01-30 00:00:00+00:00
[2024-01-30T16:18:27.629+0000] {processor.py:183} INFO - Processing /home/airflow/.local/lib/python3.8/site-packages/airflow/example_dags/example_bash_operator.py took 0.082 seconds
[2024-01-30T16:18:58.126+0000] {processor.py:161} INFO - Started process (PID=319) to work on /home/airflow/.local/lib/python3.8/site-packages/airflow/example_dags/example_bash_operator.py
[2024-01-30T16:18:58.127+0000] {processor.py:830} INFO - Processing file /home/airflow/.local/lib/python3.8/site-packages/airflow/example_dags/example_bash_operator.py for tasks to queue
[2024-01-30T16:18:58.128+0000] {logging_mixin.py:188} INFO - [2024-01-30T16:18:58.128+0000] {dagbag.py:538} INFO - Filling up the DagBag from /home/airflow/.local/lib/python3.8/site-packages/airflow/example_dags/example_bash_operator.py
[2024-01-30T16:18:58.139+0000] {processor.py:840} INFO - DAG(s) 'example_bash_operator' retrieved from /home/airflow/.local/lib/python3.8/site-packages/airflow/example_dags/example_bash_operator.py
[2024-01-30T16:18:58.167+0000] {logging_mixin.py:188} INFO - [2024-01-30T16:18:58.167+0000] {dag.py:3036} INFO - Sync 1 DAGs
[2024-01-30T16:18:58.188+0000] {logging_mixin.py:188} INFO - [2024-01-30T16:18:58.188+0000] {dag.py:3823} INFO - Setting next_dagrun for example_bash_operator to 2024-01-29 00:00:00+00:00, run_after=2024-01-30 00:00:00+00:00
[2024-01-30T16:18:58.206+0000] {processor.py:183} INFO - Processing /home/airflow/.local/lib/python3.8/site-packages/airflow/example_dags/example_bash_operator.py took 0.084 seconds
[2024-01-30T16:19:28.737+0000] {processor.py:161} INFO - Started process (PID=374) to work on /home/airflow/.local/lib/python3.8/site-packages/airflow/example_dags/example_bash_operator.py
[2024-01-30T16:19:28.738+0000] {processor.py:830} INFO - Processing file /home/airflow/.local/lib/python3.8/site-packages/airflow/example_dags/example_bash_operator.py for tasks to queue
[2024-01-30T16:19:28.740+0000] {logging_mixin.py:188} INFO - [2024-01-30T16:19:28.739+0000] {dagbag.py:538} INFO - Filling up the DagBag from /home/airflow/.local/lib/python3.8/site-packages/airflow/example_dags/example_bash_operator.py
[2024-01-30T16:19:28.750+0000] {processor.py:840} INFO - DAG(s) 'example_bash_operator' retrieved from /home/airflow/.local/lib/python3.8/site-packages/airflow/example_dags/example_bash_operator.py
[2024-01-30T16:19:28.778+0000] {logging_mixin.py:188} INFO - [2024-01-30T16:19:28.778+0000] {dag.py:3036} INFO - Sync 1 DAGs
[2024-01-30T16:19:28.799+0000] {logging_mixin.py:188} INFO - [2024-01-30T16:19:28.799+0000] {dag.py:3823} INFO - Setting next_dagrun for example_bash_operator to 2024-01-29 00:00:00+00:00, run_after=2024-01-30 00:00:00+00:00
[2024-01-30T16:19:28.816+0000] {processor.py:183} INFO - Processing /home/airflow/.local/lib/python3.8/site-packages/airflow/example_dags/example_bash_operator.py took 0.082 seconds
[2024-01-30T16:19:59.344+0000] {processor.py:161} INFO - Started process (PID=429) to work on /home/airflow/.local/lib/python3.8/site-packages/airflow/example_dags/example_bash_operator.py
[2024-01-30T16:19:59.345+0000] {processor.py:830} INFO - Processing file /home/airflow/.local/lib/python3.8/site-packages/airflow/example_dags/example_bash_operator.py for tasks to queue
[2024-01-30T16:19:59.346+0000] {logging_mixin.py:188} INFO - [2024-01-30T16:19:59.346+0000] {dagbag.py:538} INFO - Filling up the DagBag from /home/airflow/.local/lib/python3.8/site-packages/airflow/example_dags/example_bash_operator.py
[2024-01-30T16:19:59.357+0000] {processor.py:840} INFO - DAG(s) 'example_bash_operator' retrieved from /home/airflow/.local/lib/python3.8/site-packages/airflow/example_dags/example_bash_operator.py
[2024-01-30T16:19:59.385+0000] {logging_mixin.py:188} INFO - [2024-01-30T16:19:59.385+0000] {dag.py:3036} INFO - Sync 1 DAGs
[2024-01-30T16:19:59.405+0000] {logging_mixin.py:188} INFO - [2024-01-30T16:19:59.405+0000] {dag.py:3823} INFO - Setting next_dagrun for example_bash_operator to 2024-01-29 00:00:00+00:00, run_after=2024-01-30 00:00:00+00:00
[2024-01-30T16:19:59.422+0000] {processor.py:183} INFO - Processing /home/airflow/.local/lib/python3.8/site-packages/airflow/example_dags/example_bash_operator.py took 0.081 seconds
[2024-01-30T16:20:30.104+0000] {processor.py:161} INFO - Started process (PID=484) to work on /home/airflow/.local/lib/python3.8/site-packages/airflow/example_dags/example_bash_operator.py
[2024-01-30T16:20:30.105+0000] {processor.py:830} INFO - Processing file /home/airflow/.local/lib/python3.8/site-packages/airflow/example_dags/example_bash_operator.py for tasks to queue
[2024-01-30T16:20:30.107+0000] {logging_mixin.py:188} INFO - [2024-01-30T16:20:30.106+0000] {dagbag.py:538} INFO - Filling up the DagBag from /home/airflow/.local/lib/python3.8/site-packages/airflow/example_dags/example_bash_operator.py
[2024-01-30T16:20:30.117+0000] {processor.py:840} INFO - DAG(s) 'example_bash_operator' retrieved from /home/airflow/.local/lib/python3.8/site-packages/airflow/example_dags/example_bash_operator.py
[2024-01-30T16:20:30.146+0000] {logging_mixin.py:188} INFO - [2024-01-30T16:20:30.146+0000] {dag.py:3036} INFO - Sync 1 DAGs
[2024-01-30T16:20:30.167+0000] {logging_mixin.py:188} INFO - [2024-01-30T16:20:30.167+0000] {dag.py:3823} INFO - Setting next_dagrun for example_bash_operator to 2024-01-29 00:00:00+00:00, run_after=2024-01-30 00:00:00+00:00
[2024-01-30T16:20:30.185+0000] {processor.py:183} INFO - Processing /home/airflow/.local/lib/python3.8/site-packages/airflow/example_dags/example_bash_operator.py took 0.084 seconds
[2024-01-30T16:21:00.795+0000] {processor.py:161} INFO - Started process (PID=539) to work on /home/airflow/.local/lib/python3.8/site-packages/airflow/example_dags/example_bash_operator.py
[2024-01-30T16:21:00.796+0000] {processor.py:830} INFO - Processing file /home/airflow/.local/lib/python3.8/site-packages/airflow/example_dags/example_bash_operator.py for tasks to queue
[2024-01-30T16:21:00.797+0000] {logging_mixin.py:188} INFO - [2024-01-30T16:21:00.797+0000] {dagbag.py:538} INFO - Filling up the DagBag from /home/airflow/.local/lib/python3.8/site-packages/airflow/example_dags/example_bash_operator.py
[2024-01-30T16:21:00.809+0000] {processor.py:840} INFO - DAG(s) 'example_bash_operator' retrieved from /home/airflow/.local/lib/python3.8/site-packages/airflow/example_dags/example_bash_operator.py
[2024-01-30T16:21:00.840+0000] {logging_mixin.py:188} INFO - [2024-01-30T16:21:00.840+0000] {dag.py:3036} INFO - Sync 1 DAGs
[2024-01-30T16:21:00.865+0000] {logging_mixin.py:188} INFO - [2024-01-30T16:21:00.864+0000] {dag.py:3823} INFO - Setting next_dagrun for example_bash_operator to 2024-01-29 00:00:00+00:00, run_after=2024-01-30 00:00:00+00:00
[2024-01-30T16:21:00.886+0000] {processor.py:183} INFO - Processing /home/airflow/.local/lib/python3.8/site-packages/airflow/example_dags/example_bash_operator.py took 0.094 seconds
[2024-01-30T16:21:31.065+0000] {processor.py:161} INFO - Started process (PID=594) to work on /home/airflow/.local/lib/python3.8/site-packages/airflow/example_dags/example_bash_operator.py
[2024-01-30T16:21:31.066+0000] {processor.py:830} INFO - Processing file /home/airflow/.local/lib/python3.8/site-packages/airflow/example_dags/example_bash_operator.py for tasks to queue
[2024-01-30T16:21:31.068+0000] {logging_mixin.py:188} INFO - [2024-01-30T16:21:31.068+0000] {dagbag.py:538} INFO - Filling up the DagBag from /home/airflow/.local/lib/python3.8/site-packages/airflow/example_dags/example_bash_operator.py
[2024-01-30T16:21:31.079+0000] {processor.py:840} INFO - DAG(s) 'example_bash_operator' retrieved from /home/airflow/.local/lib/python3.8/site-packages/airflow/example_dags/example_bash_operator.py
[2024-01-30T16:21:31.108+0000] {logging_mixin.py:188} INFO - [2024-01-30T16:21:31.108+0000] {dag.py:3036} INFO - Sync 1 DAGs
[2024-01-30T16:21:31.129+0000] {logging_mixin.py:188} INFO - [2024-01-30T16:21:31.129+0000] {dag.py:3823} INFO - Setting next_dagrun for example_bash_operator to 2024-01-29 00:00:00+00:00, run_after=2024-01-30 00:00:00+00:00
[2024-01-30T16:21:31.148+0000] {processor.py:183} INFO - Processing /home/airflow/.local/lib/python3.8/site-packages/airflow/example_dags/example_bash_operator.py took 0.086 seconds
[2024-01-30T16:22:01.235+0000] {processor.py:161} INFO - Started process (PID=649) to work on /home/airflow/.local/lib/python3.8/site-packages/airflow/example_dags/example_bash_operator.py
[2024-01-30T16:22:01.236+0000] {processor.py:830} INFO - Processing file /home/airflow/.local/lib/python3.8/site-packages/airflow/example_dags/example_bash_operator.py for tasks to queue
[2024-01-30T16:22:01.238+0000] {logging_mixin.py:188} INFO - [2024-01-30T16:22:01.238+0000] {dagbag.py:538} INFO - Filling up the DagBag from /home/airflow/.local/lib/python3.8/site-packages/airflow/example_dags/example_bash_operator.py
[2024-01-30T16:22:01.250+0000] {processor.py:840} INFO - DAG(s) 'example_bash_operator' retrieved from /home/airflow/.local/lib/python3.8/site-packages/airflow/example_dags/example_bash_operator.py
[2024-01-30T16:22:01.279+0000] {logging_mixin.py:188} INFO - [2024-01-30T16:22:01.279+0000] {dag.py:3036} INFO - Sync 1 DAGs
[2024-01-30T16:22:01.301+0000] {logging_mixin.py:188} INFO - [2024-01-30T16:22:01.301+0000] {dag.py:3823} INFO - Setting next_dagrun for example_bash_operator to 2024-01-29 00:00:00+00:00, run_after=2024-01-30 00:00:00+00:00
[2024-01-30T16:22:01.318+0000] {processor.py:183} INFO - Processing /home/airflow/.local/lib/python3.8/site-packages/airflow/example_dags/example_bash_operator.py took 0.086 seconds
[2024-01-30T16:22:31.446+0000] {processor.py:161} INFO - Started process (PID=704) to work on /home/airflow/.local/lib/python3.8/site-packages/airflow/example_dags/example_bash_operator.py
[2024-01-30T16:22:31.447+0000] {processor.py:830} INFO - Processing file /home/airflow/.local/lib/python3.8/site-packages/airflow/example_dags/example_bash_operator.py for tasks to queue
[2024-01-30T16:22:31.449+0000] {logging_mixin.py:188} INFO - [2024-01-30T16:22:31.449+0000] {dagbag.py:538} INFO - Filling up the DagBag from /home/airflow/.local/lib/python3.8/site-packages/airflow/example_dags/example_bash_operator.py
[2024-01-30T16:22:31.460+0000] {processor.py:840} INFO - DAG(s) 'example_bash_operator' retrieved from /home/airflow/.local/lib/python3.8/site-packages/airflow/example_dags/example_bash_operator.py
[2024-01-30T16:22:31.489+0000] {logging_mixin.py:188} INFO - [2024-01-30T16:22:31.489+0000] {dag.py:3036} INFO - Sync 1 DAGs
[2024-01-30T16:22:31.510+0000] {logging_mixin.py:188} INFO - [2024-01-30T16:22:31.510+0000] {dag.py:3823} INFO - Setting next_dagrun for example_bash_operator to 2024-01-29 00:00:00+00:00, run_after=2024-01-30 00:00:00+00:00
[2024-01-30T16:22:31.529+0000] {processor.py:183} INFO - Processing /home/airflow/.local/lib/python3.8/site-packages/airflow/example_dags/example_bash_operator.py took 0.085 seconds
[2024-01-30T16:23:01.700+0000] {processor.py:161} INFO - Started process (PID=759) to work on /home/airflow/.local/lib/python3.8/site-packages/airflow/example_dags/example_bash_operator.py
[2024-01-30T16:23:01.701+0000] {processor.py:830} INFO - Processing file /home/airflow/.local/lib/python3.8/site-packages/airflow/example_dags/example_bash_operator.py for tasks to queue
[2024-01-30T16:23:01.703+0000] {logging_mixin.py:188} INFO - [2024-01-30T16:23:01.703+0000] {dagbag.py:538} INFO - Filling up the DagBag from /home/airflow/.local/lib/python3.8/site-packages/airflow/example_dags/example_bash_operator.py
[2024-01-30T16:23:01.714+0000] {processor.py:840} INFO - DAG(s) 'example_bash_operator' retrieved from /home/airflow/.local/lib/python3.8/site-packages/airflow/example_dags/example_bash_operator.py
[2024-01-30T16:23:01.742+0000] {logging_mixin.py:188} INFO - [2024-01-30T16:23:01.742+0000] {dag.py:3036} INFO - Sync 1 DAGs
[2024-01-30T16:23:01.763+0000] {logging_mixin.py:188} INFO - [2024-01-30T16:23:01.763+0000] {dag.py:3823} INFO - Setting next_dagrun for example_bash_operator to 2024-01-29 00:00:00+00:00, run_after=2024-01-30 00:00:00+00:00
[2024-01-30T16:23:01.781+0000] {processor.py:183} INFO - Processing /home/airflow/.local/lib/python3.8/site-packages/airflow/example_dags/example_bash_operator.py took 0.083 seconds
[2024-01-30T16:23:32.340+0000] {processor.py:161} INFO - Started process (PID=814) to work on /home/airflow/.local/lib/python3.8/site-packages/airflow/example_dags/example_bash_operator.py
[2024-01-30T16:23:32.341+0000] {processor.py:830} INFO - Processing file /home/airflow/.local/lib/python3.8/site-packages/airflow/example_dags/example_bash_operator.py for tasks to queue
[2024-01-30T16:23:32.342+0000] {logging_mixin.py:188} INFO - [2024-01-30T16:23:32.342+0000] {dagbag.py:538} INFO - Filling up the DagBag from /home/airflow/.local/lib/python3.8/site-packages/airflow/example_dags/example_bash_operator.py
[2024-01-30T16:23:32.354+0000] {processor.py:840} INFO - DAG(s) 'example_bash_operator' retrieved from /home/airflow/.local/lib/python3.8/site-packages/airflow/example_dags/example_bash_operator.py
[2024-01-30T16:23:32.388+0000] {logging_mixin.py:188} INFO - [2024-01-30T16:23:32.388+0000] {dag.py:3036} INFO - Sync 1 DAGs
[2024-01-30T16:23:32.411+0000] {logging_mixin.py:188} INFO - [2024-01-30T16:23:32.411+0000] {dag.py:3823} INFO - Setting next_dagrun for example_bash_operator to 2024-01-29 00:00:00+00:00, run_after=2024-01-30 00:00:00+00:00
[2024-01-30T16:23:32.430+0000] {processor.py:183} INFO - Processing /home/airflow/.local/lib/python3.8/site-packages/airflow/example_dags/example_bash_operator.py took 0.093 seconds
[2024-01-30T16:24:41.631+0000] {processor.py:161} INFO - Started process (PID=44) to work on /home/airflow/.local/lib/python3.8/site-packages/airflow/example_dags/example_bash_operator.py
[2024-01-30T16:24:41.632+0000] {processor.py:830} INFO - Processing file /home/airflow/.local/lib/python3.8/site-packages/airflow/example_dags/example_bash_operator.py for tasks to queue
[2024-01-30T16:24:41.634+0000] {logging_mixin.py:188} INFO - [2024-01-30T16:24:41.634+0000] {dagbag.py:538} INFO - Filling up the DagBag from /home/airflow/.local/lib/python3.8/site-packages/airflow/example_dags/example_bash_operator.py
[2024-01-30T16:24:41.648+0000] {processor.py:840} INFO - DAG(s) 'example_bash_operator' retrieved from /home/airflow/.local/lib/python3.8/site-packages/airflow/example_dags/example_bash_operator.py
[2024-01-30T16:24:41.660+0000] {logging_mixin.py:188} INFO - [2024-01-30T16:24:41.660+0000] {dag.py:3036} INFO - Sync 1 DAGs
[2024-01-30T16:24:41.687+0000] {logging_mixin.py:188} INFO - [2024-01-30T16:24:41.687+0000] {dag.py:3823} INFO - Setting next_dagrun for example_bash_operator to 2024-01-29 00:00:00+00:00, run_after=2024-01-30 00:00:00+00:00
[2024-01-30T16:24:41.708+0000] {processor.py:183} INFO - Processing /home/airflow/.local/lib/python3.8/site-packages/airflow/example_dags/example_bash_operator.py took 0.079 seconds
[2024-01-30T16:25:12.405+0000] {processor.py:161} INFO - Started process (PID=99) to work on /home/airflow/.local/lib/python3.8/site-packages/airflow/example_dags/example_bash_operator.py
[2024-01-30T16:25:12.406+0000] {processor.py:830} INFO - Processing file /home/airflow/.local/lib/python3.8/site-packages/airflow/example_dags/example_bash_operator.py for tasks to queue
[2024-01-30T16:25:12.407+0000] {logging_mixin.py:188} INFO - [2024-01-30T16:25:12.407+0000] {dagbag.py:538} INFO - Filling up the DagBag from /home/airflow/.local/lib/python3.8/site-packages/airflow/example_dags/example_bash_operator.py
[2024-01-30T16:25:12.418+0000] {processor.py:840} INFO - DAG(s) 'example_bash_operator' retrieved from /home/airflow/.local/lib/python3.8/site-packages/airflow/example_dags/example_bash_operator.py
[2024-01-30T16:25:12.527+0000] {logging_mixin.py:188} INFO - [2024-01-30T16:25:12.527+0000] {dag.py:3036} INFO - Sync 1 DAGs
[2024-01-30T16:25:12.549+0000] {logging_mixin.py:188} INFO - [2024-01-30T16:25:12.549+0000] {dag.py:3823} INFO - Setting next_dagrun for example_bash_operator to 2024-01-29 00:00:00+00:00, run_after=2024-01-30 00:00:00+00:00
[2024-01-30T16:25:12.570+0000] {processor.py:183} INFO - Processing /home/airflow/.local/lib/python3.8/site-packages/airflow/example_dags/example_bash_operator.py took 0.168 seconds
[2024-01-30T16:26:20.344+0000] {processor.py:161} INFO - Started process (PID=44) to work on /home/airflow/.local/lib/python3.8/site-packages/airflow/example_dags/example_bash_operator.py
[2024-01-30T16:26:20.346+0000] {processor.py:830} INFO - Processing file /home/airflow/.local/lib/python3.8/site-packages/airflow/example_dags/example_bash_operator.py for tasks to queue
[2024-01-30T16:26:20.347+0000] {logging_mixin.py:188} INFO - [2024-01-30T16:26:20.347+0000] {dagbag.py:538} INFO - Filling up the DagBag from /home/airflow/.local/lib/python3.8/site-packages/airflow/example_dags/example_bash_operator.py
[2024-01-30T16:26:20.362+0000] {processor.py:840} INFO - DAG(s) 'example_bash_operator' retrieved from /home/airflow/.local/lib/python3.8/site-packages/airflow/example_dags/example_bash_operator.py
[2024-01-30T16:26:20.373+0000] {logging_mixin.py:188} INFO - [2024-01-30T16:26:20.373+0000] {dag.py:3036} INFO - Sync 1 DAGs
[2024-01-30T16:26:20.397+0000] {logging_mixin.py:188} INFO - [2024-01-30T16:26:20.397+0000] {dag.py:3823} INFO - Setting next_dagrun for example_bash_operator to 2024-01-29 00:00:00+00:00, run_after=2024-01-30 00:00:00+00:00
[2024-01-30T16:26:20.419+0000] {processor.py:183} INFO - Processing /home/airflow/.local/lib/python3.8/site-packages/airflow/example_dags/example_bash_operator.py took 0.077 seconds
[2024-01-30T16:26:51.112+0000] {processor.py:161} INFO - Started process (PID=99) to work on /home/airflow/.local/lib/python3.8/site-packages/airflow/example_dags/example_bash_operator.py
[2024-01-30T16:26:51.113+0000] {processor.py:830} INFO - Processing file /home/airflow/.local/lib/python3.8/site-packages/airflow/example_dags/example_bash_operator.py for tasks to queue
[2024-01-30T16:26:51.115+0000] {logging_mixin.py:188} INFO - [2024-01-30T16:26:51.115+0000] {dagbag.py:538} INFO - Filling up the DagBag from /home/airflow/.local/lib/python3.8/site-packages/airflow/example_dags/example_bash_operator.py
[2024-01-30T16:26:51.126+0000] {processor.py:840} INFO - DAG(s) 'example_bash_operator' retrieved from /home/airflow/.local/lib/python3.8/site-packages/airflow/example_dags/example_bash_operator.py
[2024-01-30T16:26:51.235+0000] {logging_mixin.py:188} INFO - [2024-01-30T16:26:51.235+0000] {dag.py:3036} INFO - Sync 1 DAGs
[2024-01-30T16:26:51.258+0000] {logging_mixin.py:188} INFO - [2024-01-30T16:26:51.258+0000] {dag.py:3823} INFO - Setting next_dagrun for example_bash_operator to 2024-01-29 00:00:00+00:00, run_after=2024-01-30 00:00:00+00:00
[2024-01-30T16:26:51.276+0000] {processor.py:183} INFO - Processing /home/airflow/.local/lib/python3.8/site-packages/airflow/example_dags/example_bash_operator.py took 0.166 seconds
[2024-01-30T16:27:21.496+0000] {processor.py:161} INFO - Started process (PID=154) to work on /home/airflow/.local/lib/python3.8/site-packages/airflow/example_dags/example_bash_operator.py
[2024-01-30T16:27:21.497+0000] {processor.py:830} INFO - Processing file /home/airflow/.local/lib/python3.8/site-packages/airflow/example_dags/example_bash_operator.py for tasks to queue
[2024-01-30T16:27:21.499+0000] {logging_mixin.py:188} INFO - [2024-01-30T16:27:21.499+0000] {dagbag.py:538} INFO - Filling up the DagBag from /home/airflow/.local/lib/python3.8/site-packages/airflow/example_dags/example_bash_operator.py
[2024-01-30T16:27:21.511+0000] {processor.py:840} INFO - DAG(s) 'example_bash_operator' retrieved from /home/airflow/.local/lib/python3.8/site-packages/airflow/example_dags/example_bash_operator.py
[2024-01-30T16:27:21.542+0000] {logging_mixin.py:188} INFO - [2024-01-30T16:27:21.541+0000] {dag.py:3036} INFO - Sync 1 DAGs
[2024-01-30T16:27:21.563+0000] {logging_mixin.py:188} INFO - [2024-01-30T16:27:21.563+0000] {dag.py:3823} INFO - Setting next_dagrun for example_bash_operator to 2024-01-29 00:00:00+00:00, run_after=2024-01-30 00:00:00+00:00
[2024-01-30T16:27:21.581+0000] {processor.py:183} INFO - Processing /home/airflow/.local/lib/python3.8/site-packages/airflow/example_dags/example_bash_operator.py took 0.088 seconds
[2024-01-30T16:27:51.868+0000] {processor.py:161} INFO - Started process (PID=209) to work on /home/airflow/.local/lib/python3.8/site-packages/airflow/example_dags/example_bash_operator.py
[2024-01-30T16:27:51.869+0000] {processor.py:830} INFO - Processing file /home/airflow/.local/lib/python3.8/site-packages/airflow/example_dags/example_bash_operator.py for tasks to queue
[2024-01-30T16:27:51.871+0000] {logging_mixin.py:188} INFO - [2024-01-30T16:27:51.871+0000] {dagbag.py:538} INFO - Filling up the DagBag from /home/airflow/.local/lib/python3.8/site-packages/airflow/example_dags/example_bash_operator.py
[2024-01-30T16:27:51.881+0000] {processor.py:840} INFO - DAG(s) 'example_bash_operator' retrieved from /home/airflow/.local/lib/python3.8/site-packages/airflow/example_dags/example_bash_operator.py
[2024-01-30T16:27:51.910+0000] {logging_mixin.py:188} INFO - [2024-01-30T16:27:51.909+0000] {dag.py:3036} INFO - Sync 1 DAGs
[2024-01-30T16:27:51.930+0000] {logging_mixin.py:188} INFO - [2024-01-30T16:27:51.930+0000] {dag.py:3823} INFO - Setting next_dagrun for example_bash_operator to 2024-01-29 00:00:00+00:00, run_after=2024-01-30 00:00:00+00:00
[2024-01-30T16:27:51.948+0000] {processor.py:183} INFO - Processing /home/airflow/.local/lib/python3.8/site-packages/airflow/example_dags/example_bash_operator.py took 0.083 seconds
[2024-01-30T16:28:22.480+0000] {processor.py:161} INFO - Started process (PID=264) to work on /home/airflow/.local/lib/python3.8/site-packages/airflow/example_dags/example_bash_operator.py
[2024-01-30T16:28:22.481+0000] {processor.py:830} INFO - Processing file /home/airflow/.local/lib/python3.8/site-packages/airflow/example_dags/example_bash_operator.py for tasks to queue
[2024-01-30T16:28:22.483+0000] {logging_mixin.py:188} INFO - [2024-01-30T16:28:22.482+0000] {dagbag.py:538} INFO - Filling up the DagBag from /home/airflow/.local/lib/python3.8/site-packages/airflow/example_dags/example_bash_operator.py
[2024-01-30T16:28:22.493+0000] {processor.py:840} INFO - DAG(s) 'example_bash_operator' retrieved from /home/airflow/.local/lib/python3.8/site-packages/airflow/example_dags/example_bash_operator.py
[2024-01-30T16:28:22.523+0000] {logging_mixin.py:188} INFO - [2024-01-30T16:28:22.522+0000] {dag.py:3036} INFO - Sync 1 DAGs
[2024-01-30T16:28:22.546+0000] {logging_mixin.py:188} INFO - [2024-01-30T16:28:22.546+0000] {dag.py:3823} INFO - Setting next_dagrun for example_bash_operator to 2024-01-29 00:00:00+00:00, run_after=2024-01-30 00:00:00+00:00
[2024-01-30T16:28:22.564+0000] {processor.py:183} INFO - Processing /home/airflow/.local/lib/python3.8/site-packages/airflow/example_dags/example_bash_operator.py took 0.087 seconds
[2024-01-30T16:28:53.140+0000] {processor.py:161} INFO - Started process (PID=319) to work on /home/airflow/.local/lib/python3.8/site-packages/airflow/example_dags/example_bash_operator.py
[2024-01-30T16:28:53.141+0000] {processor.py:830} INFO - Processing file /home/airflow/.local/lib/python3.8/site-packages/airflow/example_dags/example_bash_operator.py for tasks to queue
[2024-01-30T16:28:53.143+0000] {logging_mixin.py:188} INFO - [2024-01-30T16:28:53.142+0000] {dagbag.py:538} INFO - Filling up the DagBag from /home/airflow/.local/lib/python3.8/site-packages/airflow/example_dags/example_bash_operator.py
[2024-01-30T16:28:53.155+0000] {processor.py:840} INFO - DAG(s) 'example_bash_operator' retrieved from /home/airflow/.local/lib/python3.8/site-packages/airflow/example_dags/example_bash_operator.py
[2024-01-30T16:28:53.187+0000] {logging_mixin.py:188} INFO - [2024-01-30T16:28:53.187+0000] {dag.py:3036} INFO - Sync 1 DAGs
[2024-01-30T16:28:53.211+0000] {logging_mixin.py:188} INFO - [2024-01-30T16:28:53.210+0000] {dag.py:3823} INFO - Setting next_dagrun for example_bash_operator to 2024-01-29 00:00:00+00:00, run_after=2024-01-30 00:00:00+00:00
[2024-01-30T16:28:53.231+0000] {processor.py:183} INFO - Processing /home/airflow/.local/lib/python3.8/site-packages/airflow/example_dags/example_bash_operator.py took 0.094 seconds
[2024-01-30T16:29:23.842+0000] {processor.py:161} INFO - Started process (PID=374) to work on /home/airflow/.local/lib/python3.8/site-packages/airflow/example_dags/example_bash_operator.py
[2024-01-30T16:29:23.843+0000] {processor.py:830} INFO - Processing file /home/airflow/.local/lib/python3.8/site-packages/airflow/example_dags/example_bash_operator.py for tasks to queue
[2024-01-30T16:29:23.845+0000] {logging_mixin.py:188} INFO - [2024-01-30T16:29:23.844+0000] {dagbag.py:538} INFO - Filling up the DagBag from /home/airflow/.local/lib/python3.8/site-packages/airflow/example_dags/example_bash_operator.py
[2024-01-30T16:29:23.856+0000] {processor.py:840} INFO - DAG(s) 'example_bash_operator' retrieved from /home/airflow/.local/lib/python3.8/site-packages/airflow/example_dags/example_bash_operator.py
[2024-01-30T16:29:23.888+0000] {logging_mixin.py:188} INFO - [2024-01-30T16:29:23.888+0000] {dag.py:3036} INFO - Sync 1 DAGs
[2024-01-30T16:29:23.913+0000] {logging_mixin.py:188} INFO - [2024-01-30T16:29:23.913+0000] {dag.py:3823} INFO - Setting next_dagrun for example_bash_operator to 2024-01-29 00:00:00+00:00, run_after=2024-01-30 00:00:00+00:00
[2024-01-30T16:29:23.934+0000] {processor.py:183} INFO - Processing /home/airflow/.local/lib/python3.8/site-packages/airflow/example_dags/example_bash_operator.py took 0.095 seconds
[2024-01-30T16:29:54.515+0000] {processor.py:161} INFO - Started process (PID=429) to work on /home/airflow/.local/lib/python3.8/site-packages/airflow/example_dags/example_bash_operator.py
[2024-01-30T16:29:54.516+0000] {processor.py:830} INFO - Processing file /home/airflow/.local/lib/python3.8/site-packages/airflow/example_dags/example_bash_operator.py for tasks to queue
[2024-01-30T16:29:54.518+0000] {logging_mixin.py:188} INFO - [2024-01-30T16:29:54.518+0000] {dagbag.py:538} INFO - Filling up the DagBag from /home/airflow/.local/lib/python3.8/site-packages/airflow/example_dags/example_bash_operator.py
[2024-01-30T16:29:54.529+0000] {processor.py:840} INFO - DAG(s) 'example_bash_operator' retrieved from /home/airflow/.local/lib/python3.8/site-packages/airflow/example_dags/example_bash_operator.py
[2024-01-30T16:29:54.560+0000] {logging_mixin.py:188} INFO - [2024-01-30T16:29:54.560+0000] {dag.py:3036} INFO - Sync 1 DAGs
[2024-01-30T16:29:54.583+0000] {logging_mixin.py:188} INFO - [2024-01-30T16:29:54.583+0000] {dag.py:3823} INFO - Setting next_dagrun for example_bash_operator to 2024-01-29 00:00:00+00:00, run_after=2024-01-30 00:00:00+00:00
[2024-01-30T16:29:54.603+0000] {processor.py:183} INFO - Processing /home/airflow/.local/lib/python3.8/site-packages/airflow/example_dags/example_bash_operator.py took 0.090 seconds
[2024-01-30T16:30:25.254+0000] {processor.py:161} INFO - Started process (PID=484) to work on /home/airflow/.local/lib/python3.8/site-packages/airflow/example_dags/example_bash_operator.py
[2024-01-30T16:30:25.255+0000] {processor.py:830} INFO - Processing file /home/airflow/.local/lib/python3.8/site-packages/airflow/example_dags/example_bash_operator.py for tasks to queue
[2024-01-30T16:30:25.257+0000] {logging_mixin.py:188} INFO - [2024-01-30T16:30:25.257+0000] {dagbag.py:538} INFO - Filling up the DagBag from /home/airflow/.local/lib/python3.8/site-packages/airflow/example_dags/example_bash_operator.py
[2024-01-30T16:30:25.268+0000] {processor.py:840} INFO - DAG(s) 'example_bash_operator' retrieved from /home/airflow/.local/lib/python3.8/site-packages/airflow/example_dags/example_bash_operator.py
[2024-01-30T16:30:25.307+0000] {logging_mixin.py:188} INFO - [2024-01-30T16:30:25.306+0000] {dag.py:3036} INFO - Sync 1 DAGs
[2024-01-30T16:30:25.354+0000] {logging_mixin.py:188} INFO - [2024-01-30T16:30:25.354+0000] {dag.py:3823} INFO - Setting next_dagrun for example_bash_operator to 2024-01-29 00:00:00+00:00, run_after=2024-01-30 00:00:00+00:00
[2024-01-30T16:30:25.401+0000] {processor.py:183} INFO - Processing /home/airflow/.local/lib/python3.8/site-packages/airflow/example_dags/example_bash_operator.py took 0.149 seconds
[2024-01-30T16:30:55.534+0000] {processor.py:161} INFO - Started process (PID=539) to work on /home/airflow/.local/lib/python3.8/site-packages/airflow/example_dags/example_bash_operator.py
[2024-01-30T16:30:55.535+0000] {processor.py:830} INFO - Processing file /home/airflow/.local/lib/python3.8/site-packages/airflow/example_dags/example_bash_operator.py for tasks to queue
[2024-01-30T16:30:55.537+0000] {logging_mixin.py:188} INFO - [2024-01-30T16:30:55.536+0000] {dagbag.py:538} INFO - Filling up the DagBag from /home/airflow/.local/lib/python3.8/site-packages/airflow/example_dags/example_bash_operator.py
[2024-01-30T16:30:55.549+0000] {processor.py:840} INFO - DAG(s) 'example_bash_operator' retrieved from /home/airflow/.local/lib/python3.8/site-packages/airflow/example_dags/example_bash_operator.py
[2024-01-30T16:30:55.581+0000] {logging_mixin.py:188} INFO - [2024-01-30T16:30:55.581+0000] {dag.py:3036} INFO - Sync 1 DAGs
[2024-01-30T16:30:55.606+0000] {logging_mixin.py:188} INFO - [2024-01-30T16:30:55.605+0000] {dag.py:3823} INFO - Setting next_dagrun for example_bash_operator to 2024-01-29 00:00:00+00:00, run_after=2024-01-30 00:00:00+00:00
[2024-01-30T16:30:55.629+0000] {processor.py:183} INFO - Processing /home/airflow/.local/lib/python3.8/site-packages/airflow/example_dags/example_bash_operator.py took 0.098 seconds
[2024-01-30T16:31:25.999+0000] {processor.py:161} INFO - Started process (PID=594) to work on /home/airflow/.local/lib/python3.8/site-packages/airflow/example_dags/example_bash_operator.py
[2024-01-30T16:31:26.000+0000] {processor.py:830} INFO - Processing file /home/airflow/.local/lib/python3.8/site-packages/airflow/example_dags/example_bash_operator.py for tasks to queue
[2024-01-30T16:31:26.002+0000] {logging_mixin.py:188} INFO - [2024-01-30T16:31:26.001+0000] {dagbag.py:538} INFO - Filling up the DagBag from /home/airflow/.local/lib/python3.8/site-packages/airflow/example_dags/example_bash_operator.py
[2024-01-30T16:31:26.013+0000] {processor.py:840} INFO - DAG(s) 'example_bash_operator' retrieved from /home/airflow/.local/lib/python3.8/site-packages/airflow/example_dags/example_bash_operator.py
[2024-01-30T16:31:26.046+0000] {logging_mixin.py:188} INFO - [2024-01-30T16:31:26.046+0000] {dag.py:3036} INFO - Sync 1 DAGs
[2024-01-30T16:31:26.072+0000] {logging_mixin.py:188} INFO - [2024-01-30T16:31:26.072+0000] {dag.py:3823} INFO - Setting next_dagrun for example_bash_operator to 2024-01-29 00:00:00+00:00, run_after=2024-01-30 00:00:00+00:00
[2024-01-30T16:31:26.093+0000] {processor.py:183} INFO - Processing /home/airflow/.local/lib/python3.8/site-packages/airflow/example_dags/example_bash_operator.py took 0.098 seconds
[2024-01-30T16:31:56.328+0000] {processor.py:161} INFO - Started process (PID=649) to work on /home/airflow/.local/lib/python3.8/site-packages/airflow/example_dags/example_bash_operator.py
[2024-01-30T16:31:56.329+0000] {processor.py:830} INFO - Processing file /home/airflow/.local/lib/python3.8/site-packages/airflow/example_dags/example_bash_operator.py for tasks to queue
[2024-01-30T16:31:56.331+0000] {logging_mixin.py:188} INFO - [2024-01-30T16:31:56.331+0000] {dagbag.py:538} INFO - Filling up the DagBag from /home/airflow/.local/lib/python3.8/site-packages/airflow/example_dags/example_bash_operator.py
[2024-01-30T16:31:56.341+0000] {processor.py:840} INFO - DAG(s) 'example_bash_operator' retrieved from /home/airflow/.local/lib/python3.8/site-packages/airflow/example_dags/example_bash_operator.py
[2024-01-30T16:31:56.371+0000] {logging_mixin.py:188} INFO - [2024-01-30T16:31:56.371+0000] {dag.py:3036} INFO - Sync 1 DAGs
[2024-01-30T16:31:56.392+0000] {logging_mixin.py:188} INFO - [2024-01-30T16:31:56.391+0000] {dag.py:3823} INFO - Setting next_dagrun for example_bash_operator to 2024-01-29 00:00:00+00:00, run_after=2024-01-30 00:00:00+00:00
[2024-01-30T16:31:56.409+0000] {processor.py:183} INFO - Processing /home/airflow/.local/lib/python3.8/site-packages/airflow/example_dags/example_bash_operator.py took 0.084 seconds
[2024-01-30T16:32:26.534+0000] {processor.py:161} INFO - Started process (PID=704) to work on /home/airflow/.local/lib/python3.8/site-packages/airflow/example_dags/example_bash_operator.py
[2024-01-30T16:32:26.535+0000] {processor.py:830} INFO - Processing file /home/airflow/.local/lib/python3.8/site-packages/airflow/example_dags/example_bash_operator.py for tasks to queue
[2024-01-30T16:32:26.537+0000] {logging_mixin.py:188} INFO - [2024-01-30T16:32:26.537+0000] {dagbag.py:538} INFO - Filling up the DagBag from /home/airflow/.local/lib/python3.8/site-packages/airflow/example_dags/example_bash_operator.py
[2024-01-30T16:32:26.547+0000] {processor.py:840} INFO - DAG(s) 'example_bash_operator' retrieved from /home/airflow/.local/lib/python3.8/site-packages/airflow/example_dags/example_bash_operator.py
[2024-01-30T16:32:26.576+0000] {logging_mixin.py:188} INFO - [2024-01-30T16:32:26.576+0000] {dag.py:3036} INFO - Sync 1 DAGs
[2024-01-30T16:32:26.596+0000] {logging_mixin.py:188} INFO - [2024-01-30T16:32:26.596+0000] {dag.py:3823} INFO - Setting next_dagrun for example_bash_operator to 2024-01-29 00:00:00+00:00, run_after=2024-01-30 00:00:00+00:00
[2024-01-30T16:32:26.614+0000] {processor.py:183} INFO - Processing /home/airflow/.local/lib/python3.8/site-packages/airflow/example_dags/example_bash_operator.py took 0.083 seconds
[2024-01-30T16:32:56.821+0000] {processor.py:161} INFO - Started process (PID=759) to work on /home/airflow/.local/lib/python3.8/site-packages/airflow/example_dags/example_bash_operator.py
[2024-01-30T16:32:56.822+0000] {processor.py:830} INFO - Processing file /home/airflow/.local/lib/python3.8/site-packages/airflow/example_dags/example_bash_operator.py for tasks to queue
[2024-01-30T16:32:56.824+0000] {logging_mixin.py:188} INFO - [2024-01-30T16:32:56.823+0000] {dagbag.py:538} INFO - Filling up the DagBag from /home/airflow/.local/lib/python3.8/site-packages/airflow/example_dags/example_bash_operator.py
[2024-01-30T16:32:56.835+0000] {processor.py:840} INFO - DAG(s) 'example_bash_operator' retrieved from /home/airflow/.local/lib/python3.8/site-packages/airflow/example_dags/example_bash_operator.py
[2024-01-30T16:32:56.867+0000] {logging_mixin.py:188} INFO - [2024-01-30T16:32:56.867+0000] {dag.py:3036} INFO - Sync 1 DAGs
[2024-01-30T16:32:56.889+0000] {logging_mixin.py:188} INFO - [2024-01-30T16:32:56.889+0000] {dag.py:3823} INFO - Setting next_dagrun for example_bash_operator to 2024-01-29 00:00:00+00:00, run_after=2024-01-30 00:00:00+00:00
[2024-01-30T16:32:56.908+0000] {processor.py:183} INFO - Processing /home/airflow/.local/lib/python3.8/site-packages/airflow/example_dags/example_bash_operator.py took 0.091 seconds
[2024-01-30T16:33:27.148+0000] {processor.py:161} INFO - Started process (PID=814) to work on /home/airflow/.local/lib/python3.8/site-packages/airflow/example_dags/example_bash_operator.py
[2024-01-30T16:33:27.149+0000] {processor.py:830} INFO - Processing file /home/airflow/.local/lib/python3.8/site-packages/airflow/example_dags/example_bash_operator.py for tasks to queue
[2024-01-30T16:33:27.151+0000] {logging_mixin.py:188} INFO - [2024-01-30T16:33:27.151+0000] {dagbag.py:538} INFO - Filling up the DagBag from /home/airflow/.local/lib/python3.8/site-packages/airflow/example_dags/example_bash_operator.py
[2024-01-30T16:33:27.161+0000] {processor.py:840} INFO - DAG(s) 'example_bash_operator' retrieved from /home/airflow/.local/lib/python3.8/site-packages/airflow/example_dags/example_bash_operator.py
[2024-01-30T16:33:27.190+0000] {logging_mixin.py:188} INFO - [2024-01-30T16:33:27.190+0000] {dag.py:3036} INFO - Sync 1 DAGs
[2024-01-30T16:33:27.212+0000] {logging_mixin.py:188} INFO - [2024-01-30T16:33:27.212+0000] {dag.py:3823} INFO - Setting next_dagrun for example_bash_operator to 2024-01-29 00:00:00+00:00, run_after=2024-01-30 00:00:00+00:00
[2024-01-30T16:33:27.230+0000] {processor.py:183} INFO - Processing /home/airflow/.local/lib/python3.8/site-packages/airflow/example_dags/example_bash_operator.py took 0.085 seconds
[2024-01-30T16:33:57.553+0000] {processor.py:161} INFO - Started process (PID=869) to work on /home/airflow/.local/lib/python3.8/site-packages/airflow/example_dags/example_bash_operator.py
[2024-01-30T16:33:57.554+0000] {processor.py:830} INFO - Processing file /home/airflow/.local/lib/python3.8/site-packages/airflow/example_dags/example_bash_operator.py for tasks to queue
[2024-01-30T16:33:57.556+0000] {logging_mixin.py:188} INFO - [2024-01-30T16:33:57.555+0000] {dagbag.py:538} INFO - Filling up the DagBag from /home/airflow/.local/lib/python3.8/site-packages/airflow/example_dags/example_bash_operator.py
[2024-01-30T16:33:57.567+0000] {processor.py:840} INFO - DAG(s) 'example_bash_operator' retrieved from /home/airflow/.local/lib/python3.8/site-packages/airflow/example_dags/example_bash_operator.py
[2024-01-30T16:33:57.597+0000] {logging_mixin.py:188} INFO - [2024-01-30T16:33:57.597+0000] {dag.py:3036} INFO - Sync 1 DAGs
[2024-01-30T16:33:57.618+0000] {logging_mixin.py:188} INFO - [2024-01-30T16:33:57.618+0000] {dag.py:3823} INFO - Setting next_dagrun for example_bash_operator to 2024-01-29 00:00:00+00:00, run_after=2024-01-30 00:00:00+00:00
[2024-01-30T16:33:57.637+0000] {processor.py:183} INFO - Processing /home/airflow/.local/lib/python3.8/site-packages/airflow/example_dags/example_bash_operator.py took 0.087 seconds
[2024-01-30T16:34:27.890+0000] {processor.py:161} INFO - Started process (PID=924) to work on /home/airflow/.local/lib/python3.8/site-packages/airflow/example_dags/example_bash_operator.py
[2024-01-30T16:34:27.891+0000] {processor.py:830} INFO - Processing file /home/airflow/.local/lib/python3.8/site-packages/airflow/example_dags/example_bash_operator.py for tasks to queue
[2024-01-30T16:34:27.893+0000] {logging_mixin.py:188} INFO - [2024-01-30T16:34:27.893+0000] {dagbag.py:538} INFO - Filling up the DagBag from /home/airflow/.local/lib/python3.8/site-packages/airflow/example_dags/example_bash_operator.py
[2024-01-30T16:34:27.904+0000] {processor.py:840} INFO - DAG(s) 'example_bash_operator' retrieved from /home/airflow/.local/lib/python3.8/site-packages/airflow/example_dags/example_bash_operator.py
[2024-01-30T16:34:27.934+0000] {logging_mixin.py:188} INFO - [2024-01-30T16:34:27.934+0000] {dag.py:3036} INFO - Sync 1 DAGs
[2024-01-30T16:34:27.955+0000] {logging_mixin.py:188} INFO - [2024-01-30T16:34:27.955+0000] {dag.py:3823} INFO - Setting next_dagrun for example_bash_operator to 2024-01-29 00:00:00+00:00, run_after=2024-01-30 00:00:00+00:00
[2024-01-30T16:34:27.974+0000] {processor.py:183} INFO - Processing /home/airflow/.local/lib/python3.8/site-packages/airflow/example_dags/example_bash_operator.py took 0.086 seconds
[2024-01-30T16:34:58.265+0000] {processor.py:161} INFO - Started process (PID=979) to work on /home/airflow/.local/lib/python3.8/site-packages/airflow/example_dags/example_bash_operator.py
[2024-01-30T16:34:58.266+0000] {processor.py:830} INFO - Processing file /home/airflow/.local/lib/python3.8/site-packages/airflow/example_dags/example_bash_operator.py for tasks to queue
[2024-01-30T16:34:58.268+0000] {logging_mixin.py:188} INFO - [2024-01-30T16:34:58.268+0000] {dagbag.py:538} INFO - Filling up the DagBag from /home/airflow/.local/lib/python3.8/site-packages/airflow/example_dags/example_bash_operator.py
[2024-01-30T16:34:58.280+0000] {processor.py:840} INFO - DAG(s) 'example_bash_operator' retrieved from /home/airflow/.local/lib/python3.8/site-packages/airflow/example_dags/example_bash_operator.py
[2024-01-30T16:34:58.312+0000] {logging_mixin.py:188} INFO - [2024-01-30T16:34:58.312+0000] {dag.py:3036} INFO - Sync 1 DAGs
[2024-01-30T16:34:58.337+0000] {logging_mixin.py:188} INFO - [2024-01-30T16:34:58.337+0000] {dag.py:3823} INFO - Setting next_dagrun for example_bash_operator to 2024-01-29 00:00:00+00:00, run_after=2024-01-30 00:00:00+00:00
[2024-01-30T16:34:58.356+0000] {processor.py:183} INFO - Processing /home/airflow/.local/lib/python3.8/site-packages/airflow/example_dags/example_bash_operator.py took 0.094 seconds
[2024-01-30T16:35:28.441+0000] {processor.py:161} INFO - Started process (PID=1034) to work on /home/airflow/.local/lib/python3.8/site-packages/airflow/example_dags/example_bash_operator.py
[2024-01-30T16:35:28.442+0000] {processor.py:830} INFO - Processing file /home/airflow/.local/lib/python3.8/site-packages/airflow/example_dags/example_bash_operator.py for tasks to queue
[2024-01-30T16:35:28.443+0000] {logging_mixin.py:188} INFO - [2024-01-30T16:35:28.443+0000] {dagbag.py:538} INFO - Filling up the DagBag from /home/airflow/.local/lib/python3.8/site-packages/airflow/example_dags/example_bash_operator.py
[2024-01-30T16:35:28.454+0000] {processor.py:840} INFO - DAG(s) 'example_bash_operator' retrieved from /home/airflow/.local/lib/python3.8/site-packages/airflow/example_dags/example_bash_operator.py
[2024-01-30T16:35:28.489+0000] {logging_mixin.py:188} INFO - [2024-01-30T16:35:28.489+0000] {dag.py:3036} INFO - Sync 1 DAGs
[2024-01-30T16:35:28.510+0000] {logging_mixin.py:188} INFO - [2024-01-30T16:35:28.510+0000] {dag.py:3823} INFO - Setting next_dagrun for example_bash_operator to 2024-01-29 00:00:00+00:00, run_after=2024-01-30 00:00:00+00:00
[2024-01-30T16:35:28.529+0000] {processor.py:183} INFO - Processing /home/airflow/.local/lib/python3.8/site-packages/airflow/example_dags/example_bash_operator.py took 0.091 seconds
[2024-01-30T16:35:58.598+0000] {processor.py:161} INFO - Started process (PID=1089) to work on /home/airflow/.local/lib/python3.8/site-packages/airflow/example_dags/example_bash_operator.py
[2024-01-30T16:35:58.599+0000] {processor.py:830} INFO - Processing file /home/airflow/.local/lib/python3.8/site-packages/airflow/example_dags/example_bash_operator.py for tasks to queue
[2024-01-30T16:35:58.601+0000] {logging_mixin.py:188} INFO - [2024-01-30T16:35:58.600+0000] {dagbag.py:538} INFO - Filling up the DagBag from /home/airflow/.local/lib/python3.8/site-packages/airflow/example_dags/example_bash_operator.py
[2024-01-30T16:35:58.611+0000] {processor.py:840} INFO - DAG(s) 'example_bash_operator' retrieved from /home/airflow/.local/lib/python3.8/site-packages/airflow/example_dags/example_bash_operator.py
[2024-01-30T16:35:58.641+0000] {logging_mixin.py:188} INFO - [2024-01-30T16:35:58.640+0000] {dag.py:3036} INFO - Sync 1 DAGs
[2024-01-30T16:35:58.662+0000] {logging_mixin.py:188} INFO - [2024-01-30T16:35:58.662+0000] {dag.py:3823} INFO - Setting next_dagrun for example_bash_operator to 2024-01-29 00:00:00+00:00, run_after=2024-01-30 00:00:00+00:00
[2024-01-30T16:35:58.681+0000] {processor.py:183} INFO - Processing /home/airflow/.local/lib/python3.8/site-packages/airflow/example_dags/example_bash_operator.py took 0.086 seconds
[2024-01-30T16:36:29.552+0000] {processor.py:161} INFO - Started process (PID=1144) to work on /home/airflow/.local/lib/python3.8/site-packages/airflow/example_dags/example_bash_operator.py
[2024-01-30T16:36:29.553+0000] {processor.py:830} INFO - Processing file /home/airflow/.local/lib/python3.8/site-packages/airflow/example_dags/example_bash_operator.py for tasks to queue
[2024-01-30T16:36:29.554+0000] {logging_mixin.py:188} INFO - [2024-01-30T16:36:29.554+0000] {dagbag.py:538} INFO - Filling up the DagBag from /home/airflow/.local/lib/python3.8/site-packages/airflow/example_dags/example_bash_operator.py
[2024-01-30T16:36:29.565+0000] {processor.py:840} INFO - DAG(s) 'example_bash_operator' retrieved from /home/airflow/.local/lib/python3.8/site-packages/airflow/example_dags/example_bash_operator.py
[2024-01-30T16:36:29.596+0000] {logging_mixin.py:188} INFO - [2024-01-30T16:36:29.596+0000] {dag.py:3036} INFO - Sync 1 DAGs
[2024-01-30T16:36:29.618+0000] {logging_mixin.py:188} INFO - [2024-01-30T16:36:29.618+0000] {dag.py:3823} INFO - Setting next_dagrun for example_bash_operator to 2024-01-29 00:00:00+00:00, run_after=2024-01-30 00:00:00+00:00
[2024-01-30T16:36:29.637+0000] {processor.py:183} INFO - Processing /home/airflow/.local/lib/python3.8/site-packages/airflow/example_dags/example_bash_operator.py took 0.088 seconds
[2024-01-30T16:36:59.673+0000] {processor.py:161} INFO - Started process (PID=1199) to work on /home/airflow/.local/lib/python3.8/site-packages/airflow/example_dags/example_bash_operator.py
[2024-01-30T16:36:59.674+0000] {processor.py:830} INFO - Processing file /home/airflow/.local/lib/python3.8/site-packages/airflow/example_dags/example_bash_operator.py for tasks to queue
[2024-01-30T16:36:59.676+0000] {logging_mixin.py:188} INFO - [2024-01-30T16:36:59.676+0000] {dagbag.py:538} INFO - Filling up the DagBag from /home/airflow/.local/lib/python3.8/site-packages/airflow/example_dags/example_bash_operator.py
[2024-01-30T16:36:59.687+0000] {processor.py:840} INFO - DAG(s) 'example_bash_operator' retrieved from /home/airflow/.local/lib/python3.8/site-packages/airflow/example_dags/example_bash_operator.py
[2024-01-30T16:36:59.715+0000] {logging_mixin.py:188} INFO - [2024-01-30T16:36:59.715+0000] {dag.py:3036} INFO - Sync 1 DAGs
[2024-01-30T16:36:59.737+0000] {logging_mixin.py:188} INFO - [2024-01-30T16:36:59.737+0000] {dag.py:3823} INFO - Setting next_dagrun for example_bash_operator to 2024-01-29 00:00:00+00:00, run_after=2024-01-30 00:00:00+00:00
[2024-01-30T16:36:59.756+0000] {processor.py:183} INFO - Processing /home/airflow/.local/lib/python3.8/site-packages/airflow/example_dags/example_bash_operator.py took 0.085 seconds
[2024-01-30T16:37:30.551+0000] {processor.py:161} INFO - Started process (PID=1254) to work on /home/airflow/.local/lib/python3.8/site-packages/airflow/example_dags/example_bash_operator.py
[2024-01-30T16:37:30.553+0000] {processor.py:830} INFO - Processing file /home/airflow/.local/lib/python3.8/site-packages/airflow/example_dags/example_bash_operator.py for tasks to queue
[2024-01-30T16:37:30.554+0000] {logging_mixin.py:188} INFO - [2024-01-30T16:37:30.554+0000] {dagbag.py:538} INFO - Filling up the DagBag from /home/airflow/.local/lib/python3.8/site-packages/airflow/example_dags/example_bash_operator.py
[2024-01-30T16:37:30.566+0000] {processor.py:840} INFO - DAG(s) 'example_bash_operator' retrieved from /home/airflow/.local/lib/python3.8/site-packages/airflow/example_dags/example_bash_operator.py
[2024-01-30T16:37:30.596+0000] {logging_mixin.py:188} INFO - [2024-01-30T16:37:30.596+0000] {dag.py:3036} INFO - Sync 1 DAGs
[2024-01-30T16:37:30.620+0000] {logging_mixin.py:188} INFO - [2024-01-30T16:37:30.620+0000] {dag.py:3823} INFO - Setting next_dagrun for example_bash_operator to 2024-01-29 00:00:00+00:00, run_after=2024-01-30 00:00:00+00:00
[2024-01-30T16:37:30.642+0000] {processor.py:183} INFO - Processing /home/airflow/.local/lib/python3.8/site-packages/airflow/example_dags/example_bash_operator.py took 0.093 seconds
