[2024-01-30T16:16:26.466+0000] {processor.py:161} INFO - Started process (PID=72) to work on /home/airflow/.local/lib/python3.8/site-packages/airflow/example_dags/example_external_task_marker_dag.py
[2024-01-30T16:16:26.467+0000] {processor.py:830} INFO - Processing file /home/airflow/.local/lib/python3.8/site-packages/airflow/example_dags/example_external_task_marker_dag.py for tasks to queue
[2024-01-30T16:16:26.470+0000] {logging_mixin.py:188} INFO - [2024-01-30T16:16:26.470+0000] {dagbag.py:538} INFO - Filling up the DagBag from /home/airflow/.local/lib/python3.8/site-packages/airflow/example_dags/example_external_task_marker_dag.py
[2024-01-30T16:16:26.477+0000] {processor.py:840} INFO - DAG(s) 'example_external_task_marker_parent', 'example_external_task_marker_child' retrieved from /home/airflow/.local/lib/python3.8/site-packages/airflow/example_dags/example_external_task_marker_dag.py
[2024-01-30T16:16:26.489+0000] {logging_mixin.py:188} INFO - [2024-01-30T16:16:26.489+0000] {dag.py:3036} INFO - Sync 2 DAGs
[2024-01-30T16:16:26.502+0000] {logging_mixin.py:188} INFO - [2024-01-30T16:16:26.502+0000] {dag.py:3823} INFO - Setting next_dagrun for example_external_task_marker_child to None, run_after=None
[2024-01-30T16:16:26.506+0000] {logging_mixin.py:188} INFO - [2024-01-30T16:16:26.506+0000] {dag.py:3823} INFO - Setting next_dagrun for example_external_task_marker_parent to None, run_after=None
[2024-01-30T16:16:26.525+0000] {processor.py:183} INFO - Processing /home/airflow/.local/lib/python3.8/site-packages/airflow/example_dags/example_external_task_marker_dag.py took 0.062 seconds
[2024-01-30T16:16:58.528+0000] {processor.py:161} INFO - Started process (PID=127) to work on /home/airflow/.local/lib/python3.8/site-packages/airflow/example_dags/example_external_task_marker_dag.py
[2024-01-30T16:16:58.529+0000] {processor.py:830} INFO - Processing file /home/airflow/.local/lib/python3.8/site-packages/airflow/example_dags/example_external_task_marker_dag.py for tasks to queue
[2024-01-30T16:16:58.531+0000] {logging_mixin.py:188} INFO - [2024-01-30T16:16:58.531+0000] {dagbag.py:538} INFO - Filling up the DagBag from /home/airflow/.local/lib/python3.8/site-packages/airflow/example_dags/example_external_task_marker_dag.py
[2024-01-30T16:16:58.538+0000] {processor.py:840} INFO - DAG(s) 'example_external_task_marker_parent', 'example_external_task_marker_child' retrieved from /home/airflow/.local/lib/python3.8/site-packages/airflow/example_dags/example_external_task_marker_dag.py
[2024-01-30T16:16:58.669+0000] {logging_mixin.py:188} INFO - [2024-01-30T16:16:58.669+0000] {dag.py:3036} INFO - Sync 2 DAGs
[2024-01-30T16:16:58.679+0000] {logging_mixin.py:188} INFO - [2024-01-30T16:16:58.679+0000] {dag.py:3823} INFO - Setting next_dagrun for example_external_task_marker_child to None, run_after=None
[2024-01-30T16:16:58.682+0000] {logging_mixin.py:188} INFO - [2024-01-30T16:16:58.682+0000] {dag.py:3823} INFO - Setting next_dagrun for example_external_task_marker_parent to None, run_after=None
[2024-01-30T16:16:58.700+0000] {processor.py:183} INFO - Processing /home/airflow/.local/lib/python3.8/site-packages/airflow/example_dags/example_external_task_marker_dag.py took 0.175 seconds
[2024-01-30T16:17:29.662+0000] {processor.py:161} INFO - Started process (PID=182) to work on /home/airflow/.local/lib/python3.8/site-packages/airflow/example_dags/example_external_task_marker_dag.py
[2024-01-30T16:17:29.663+0000] {processor.py:830} INFO - Processing file /home/airflow/.local/lib/python3.8/site-packages/airflow/example_dags/example_external_task_marker_dag.py for tasks to queue
[2024-01-30T16:17:29.665+0000] {logging_mixin.py:188} INFO - [2024-01-30T16:17:29.665+0000] {dagbag.py:538} INFO - Filling up the DagBag from /home/airflow/.local/lib/python3.8/site-packages/airflow/example_dags/example_external_task_marker_dag.py
[2024-01-30T16:17:29.670+0000] {processor.py:840} INFO - DAG(s) 'example_external_task_marker_child', 'example_external_task_marker_parent' retrieved from /home/airflow/.local/lib/python3.8/site-packages/airflow/example_dags/example_external_task_marker_dag.py
[2024-01-30T16:17:29.691+0000] {logging_mixin.py:188} INFO - [2024-01-30T16:17:29.691+0000] {dag.py:3036} INFO - Sync 2 DAGs
[2024-01-30T16:17:29.703+0000] {logging_mixin.py:188} INFO - [2024-01-30T16:17:29.702+0000] {dag.py:3823} INFO - Setting next_dagrun for example_external_task_marker_child to None, run_after=None
[2024-01-30T16:17:29.706+0000] {logging_mixin.py:188} INFO - [2024-01-30T16:17:29.706+0000] {dag.py:3823} INFO - Setting next_dagrun for example_external_task_marker_parent to None, run_after=None
[2024-01-30T16:17:29.728+0000] {processor.py:183} INFO - Processing /home/airflow/.local/lib/python3.8/site-packages/airflow/example_dags/example_external_task_marker_dag.py took 0.069 seconds
[2024-01-30T16:17:59.769+0000] {processor.py:161} INFO - Started process (PID=237) to work on /home/airflow/.local/lib/python3.8/site-packages/airflow/example_dags/example_external_task_marker_dag.py
[2024-01-30T16:17:59.770+0000] {processor.py:830} INFO - Processing file /home/airflow/.local/lib/python3.8/site-packages/airflow/example_dags/example_external_task_marker_dag.py for tasks to queue
[2024-01-30T16:17:59.772+0000] {logging_mixin.py:188} INFO - [2024-01-30T16:17:59.772+0000] {dagbag.py:538} INFO - Filling up the DagBag from /home/airflow/.local/lib/python3.8/site-packages/airflow/example_dags/example_external_task_marker_dag.py
[2024-01-30T16:17:59.778+0000] {processor.py:840} INFO - DAG(s) 'example_external_task_marker_child', 'example_external_task_marker_parent' retrieved from /home/airflow/.local/lib/python3.8/site-packages/airflow/example_dags/example_external_task_marker_dag.py
[2024-01-30T16:17:59.798+0000] {logging_mixin.py:188} INFO - [2024-01-30T16:17:59.798+0000] {dag.py:3036} INFO - Sync 2 DAGs
[2024-01-30T16:17:59.809+0000] {logging_mixin.py:188} INFO - [2024-01-30T16:17:59.809+0000] {dag.py:3823} INFO - Setting next_dagrun for example_external_task_marker_child to None, run_after=None
[2024-01-30T16:17:59.813+0000] {logging_mixin.py:188} INFO - [2024-01-30T16:17:59.812+0000] {dag.py:3823} INFO - Setting next_dagrun for example_external_task_marker_parent to None, run_after=None
[2024-01-30T16:17:59.830+0000] {processor.py:183} INFO - Processing /home/airflow/.local/lib/python3.8/site-packages/airflow/example_dags/example_external_task_marker_dag.py took 0.063 seconds
[2024-01-30T16:18:29.869+0000] {processor.py:161} INFO - Started process (PID=292) to work on /home/airflow/.local/lib/python3.8/site-packages/airflow/example_dags/example_external_task_marker_dag.py
[2024-01-30T16:18:29.870+0000] {processor.py:830} INFO - Processing file /home/airflow/.local/lib/python3.8/site-packages/airflow/example_dags/example_external_task_marker_dag.py for tasks to queue
[2024-01-30T16:18:29.872+0000] {logging_mixin.py:188} INFO - [2024-01-30T16:18:29.872+0000] {dagbag.py:538} INFO - Filling up the DagBag from /home/airflow/.local/lib/python3.8/site-packages/airflow/example_dags/example_external_task_marker_dag.py
[2024-01-30T16:18:29.878+0000] {processor.py:840} INFO - DAG(s) 'example_external_task_marker_parent', 'example_external_task_marker_child' retrieved from /home/airflow/.local/lib/python3.8/site-packages/airflow/example_dags/example_external_task_marker_dag.py
[2024-01-30T16:18:29.898+0000] {logging_mixin.py:188} INFO - [2024-01-30T16:18:29.898+0000] {dag.py:3036} INFO - Sync 2 DAGs
[2024-01-30T16:18:29.909+0000] {logging_mixin.py:188} INFO - [2024-01-30T16:18:29.909+0000] {dag.py:3823} INFO - Setting next_dagrun for example_external_task_marker_child to None, run_after=None
[2024-01-30T16:18:29.913+0000] {logging_mixin.py:188} INFO - [2024-01-30T16:18:29.912+0000] {dag.py:3823} INFO - Setting next_dagrun for example_external_task_marker_parent to None, run_after=None
[2024-01-30T16:18:29.930+0000] {processor.py:183} INFO - Processing /home/airflow/.local/lib/python3.8/site-packages/airflow/example_dags/example_external_task_marker_dag.py took 0.063 seconds
[2024-01-30T16:19:00.525+0000] {processor.py:161} INFO - Started process (PID=347) to work on /home/airflow/.local/lib/python3.8/site-packages/airflow/example_dags/example_external_task_marker_dag.py
[2024-01-30T16:19:00.526+0000] {processor.py:830} INFO - Processing file /home/airflow/.local/lib/python3.8/site-packages/airflow/example_dags/example_external_task_marker_dag.py for tasks to queue
[2024-01-30T16:19:00.528+0000] {logging_mixin.py:188} INFO - [2024-01-30T16:19:00.528+0000] {dagbag.py:538} INFO - Filling up the DagBag from /home/airflow/.local/lib/python3.8/site-packages/airflow/example_dags/example_external_task_marker_dag.py
[2024-01-30T16:19:00.533+0000] {processor.py:840} INFO - DAG(s) 'example_external_task_marker_parent', 'example_external_task_marker_child' retrieved from /home/airflow/.local/lib/python3.8/site-packages/airflow/example_dags/example_external_task_marker_dag.py
[2024-01-30T16:19:00.554+0000] {logging_mixin.py:188} INFO - [2024-01-30T16:19:00.554+0000] {dag.py:3036} INFO - Sync 2 DAGs
[2024-01-30T16:19:00.566+0000] {logging_mixin.py:188} INFO - [2024-01-30T16:19:00.565+0000] {dag.py:3823} INFO - Setting next_dagrun for example_external_task_marker_child to None, run_after=None
[2024-01-30T16:19:00.569+0000] {logging_mixin.py:188} INFO - [2024-01-30T16:19:00.569+0000] {dag.py:3823} INFO - Setting next_dagrun for example_external_task_marker_parent to None, run_after=None
[2024-01-30T16:19:00.584+0000] {processor.py:183} INFO - Processing /home/airflow/.local/lib/python3.8/site-packages/airflow/example_dags/example_external_task_marker_dag.py took 0.061 seconds
[2024-01-30T16:19:31.129+0000] {processor.py:161} INFO - Started process (PID=402) to work on /home/airflow/.local/lib/python3.8/site-packages/airflow/example_dags/example_external_task_marker_dag.py
[2024-01-30T16:19:31.130+0000] {processor.py:830} INFO - Processing file /home/airflow/.local/lib/python3.8/site-packages/airflow/example_dags/example_external_task_marker_dag.py for tasks to queue
[2024-01-30T16:19:31.131+0000] {logging_mixin.py:188} INFO - [2024-01-30T16:19:31.131+0000] {dagbag.py:538} INFO - Filling up the DagBag from /home/airflow/.local/lib/python3.8/site-packages/airflow/example_dags/example_external_task_marker_dag.py
[2024-01-30T16:19:31.137+0000] {processor.py:840} INFO - DAG(s) 'example_external_task_marker_child', 'example_external_task_marker_parent' retrieved from /home/airflow/.local/lib/python3.8/site-packages/airflow/example_dags/example_external_task_marker_dag.py
[2024-01-30T16:19:31.158+0000] {logging_mixin.py:188} INFO - [2024-01-30T16:19:31.158+0000] {dag.py:3036} INFO - Sync 2 DAGs
[2024-01-30T16:19:31.169+0000] {logging_mixin.py:188} INFO - [2024-01-30T16:19:31.169+0000] {dag.py:3823} INFO - Setting next_dagrun for example_external_task_marker_child to None, run_after=None
[2024-01-30T16:19:31.172+0000] {logging_mixin.py:188} INFO - [2024-01-30T16:19:31.172+0000] {dag.py:3823} INFO - Setting next_dagrun for example_external_task_marker_parent to None, run_after=None
[2024-01-30T16:19:31.190+0000] {processor.py:183} INFO - Processing /home/airflow/.local/lib/python3.8/site-packages/airflow/example_dags/example_external_task_marker_dag.py took 0.064 seconds
[2024-01-30T16:20:01.885+0000] {processor.py:161} INFO - Started process (PID=457) to work on /home/airflow/.local/lib/python3.8/site-packages/airflow/example_dags/example_external_task_marker_dag.py
[2024-01-30T16:20:01.886+0000] {processor.py:830} INFO - Processing file /home/airflow/.local/lib/python3.8/site-packages/airflow/example_dags/example_external_task_marker_dag.py for tasks to queue
[2024-01-30T16:20:01.887+0000] {logging_mixin.py:188} INFO - [2024-01-30T16:20:01.887+0000] {dagbag.py:538} INFO - Filling up the DagBag from /home/airflow/.local/lib/python3.8/site-packages/airflow/example_dags/example_external_task_marker_dag.py
[2024-01-30T16:20:01.892+0000] {processor.py:840} INFO - DAG(s) 'example_external_task_marker_child', 'example_external_task_marker_parent' retrieved from /home/airflow/.local/lib/python3.8/site-packages/airflow/example_dags/example_external_task_marker_dag.py
[2024-01-30T16:20:01.912+0000] {logging_mixin.py:188} INFO - [2024-01-30T16:20:01.912+0000] {dag.py:3036} INFO - Sync 2 DAGs
[2024-01-30T16:20:01.924+0000] {logging_mixin.py:188} INFO - [2024-01-30T16:20:01.923+0000] {dag.py:3823} INFO - Setting next_dagrun for example_external_task_marker_child to None, run_after=None
[2024-01-30T16:20:01.927+0000] {logging_mixin.py:188} INFO - [2024-01-30T16:20:01.927+0000] {dag.py:3823} INFO - Setting next_dagrun for example_external_task_marker_parent to None, run_after=None
[2024-01-30T16:20:01.943+0000] {processor.py:183} INFO - Processing /home/airflow/.local/lib/python3.8/site-packages/airflow/example_dags/example_external_task_marker_dag.py took 0.061 seconds
[2024-01-30T16:20:32.524+0000] {processor.py:161} INFO - Started process (PID=512) to work on /home/airflow/.local/lib/python3.8/site-packages/airflow/example_dags/example_external_task_marker_dag.py
[2024-01-30T16:20:32.525+0000] {processor.py:830} INFO - Processing file /home/airflow/.local/lib/python3.8/site-packages/airflow/example_dags/example_external_task_marker_dag.py for tasks to queue
[2024-01-30T16:20:32.526+0000] {logging_mixin.py:188} INFO - [2024-01-30T16:20:32.526+0000] {dagbag.py:538} INFO - Filling up the DagBag from /home/airflow/.local/lib/python3.8/site-packages/airflow/example_dags/example_external_task_marker_dag.py
[2024-01-30T16:20:32.531+0000] {processor.py:840} INFO - DAG(s) 'example_external_task_marker_parent', 'example_external_task_marker_child' retrieved from /home/airflow/.local/lib/python3.8/site-packages/airflow/example_dags/example_external_task_marker_dag.py
[2024-01-30T16:20:32.551+0000] {logging_mixin.py:188} INFO - [2024-01-30T16:20:32.551+0000] {dag.py:3036} INFO - Sync 2 DAGs
[2024-01-30T16:20:32.562+0000] {logging_mixin.py:188} INFO - [2024-01-30T16:20:32.562+0000] {dag.py:3823} INFO - Setting next_dagrun for example_external_task_marker_child to None, run_after=None
[2024-01-30T16:20:32.565+0000] {logging_mixin.py:188} INFO - [2024-01-30T16:20:32.565+0000] {dag.py:3823} INFO - Setting next_dagrun for example_external_task_marker_parent to None, run_after=None
[2024-01-30T16:20:32.580+0000] {processor.py:183} INFO - Processing /home/airflow/.local/lib/python3.8/site-packages/airflow/example_dags/example_external_task_marker_dag.py took 0.059 seconds
[2024-01-30T16:21:03.345+0000] {processor.py:161} INFO - Started process (PID=567) to work on /home/airflow/.local/lib/python3.8/site-packages/airflow/example_dags/example_external_task_marker_dag.py
[2024-01-30T16:21:03.345+0000] {processor.py:830} INFO - Processing file /home/airflow/.local/lib/python3.8/site-packages/airflow/example_dags/example_external_task_marker_dag.py for tasks to queue
[2024-01-30T16:21:03.347+0000] {logging_mixin.py:188} INFO - [2024-01-30T16:21:03.347+0000] {dagbag.py:538} INFO - Filling up the DagBag from /home/airflow/.local/lib/python3.8/site-packages/airflow/example_dags/example_external_task_marker_dag.py
[2024-01-30T16:21:03.353+0000] {processor.py:840} INFO - DAG(s) 'example_external_task_marker_child', 'example_external_task_marker_parent' retrieved from /home/airflow/.local/lib/python3.8/site-packages/airflow/example_dags/example_external_task_marker_dag.py
[2024-01-30T16:21:03.377+0000] {logging_mixin.py:188} INFO - [2024-01-30T16:21:03.377+0000] {dag.py:3036} INFO - Sync 2 DAGs
[2024-01-30T16:21:03.390+0000] {logging_mixin.py:188} INFO - [2024-01-30T16:21:03.390+0000] {dag.py:3823} INFO - Setting next_dagrun for example_external_task_marker_child to None, run_after=None
[2024-01-30T16:21:03.394+0000] {logging_mixin.py:188} INFO - [2024-01-30T16:21:03.394+0000] {dag.py:3823} INFO - Setting next_dagrun for example_external_task_marker_parent to None, run_after=None
[2024-01-30T16:21:03.414+0000] {processor.py:183} INFO - Processing /home/airflow/.local/lib/python3.8/site-packages/airflow/example_dags/example_external_task_marker_dag.py took 0.072 seconds
[2024-01-30T16:21:33.503+0000] {processor.py:161} INFO - Started process (PID=622) to work on /home/airflow/.local/lib/python3.8/site-packages/airflow/example_dags/example_external_task_marker_dag.py
[2024-01-30T16:21:33.504+0000] {processor.py:830} INFO - Processing file /home/airflow/.local/lib/python3.8/site-packages/airflow/example_dags/example_external_task_marker_dag.py for tasks to queue
[2024-01-30T16:21:33.506+0000] {logging_mixin.py:188} INFO - [2024-01-30T16:21:33.506+0000] {dagbag.py:538} INFO - Filling up the DagBag from /home/airflow/.local/lib/python3.8/site-packages/airflow/example_dags/example_external_task_marker_dag.py
[2024-01-30T16:21:33.511+0000] {processor.py:840} INFO - DAG(s) 'example_external_task_marker_child', 'example_external_task_marker_parent' retrieved from /home/airflow/.local/lib/python3.8/site-packages/airflow/example_dags/example_external_task_marker_dag.py
[2024-01-30T16:21:33.533+0000] {logging_mixin.py:188} INFO - [2024-01-30T16:21:33.532+0000] {dag.py:3036} INFO - Sync 2 DAGs
[2024-01-30T16:21:33.544+0000] {logging_mixin.py:188} INFO - [2024-01-30T16:21:33.544+0000] {dag.py:3823} INFO - Setting next_dagrun for example_external_task_marker_child to None, run_after=None
[2024-01-30T16:21:33.548+0000] {logging_mixin.py:188} INFO - [2024-01-30T16:21:33.547+0000] {dag.py:3823} INFO - Setting next_dagrun for example_external_task_marker_parent to None, run_after=None
[2024-01-30T16:21:33.564+0000] {processor.py:183} INFO - Processing /home/airflow/.local/lib/python3.8/site-packages/airflow/example_dags/example_external_task_marker_dag.py took 0.064 seconds
[2024-01-30T16:22:03.674+0000] {processor.py:161} INFO - Started process (PID=677) to work on /home/airflow/.local/lib/python3.8/site-packages/airflow/example_dags/example_external_task_marker_dag.py
[2024-01-30T16:22:03.675+0000] {processor.py:830} INFO - Processing file /home/airflow/.local/lib/python3.8/site-packages/airflow/example_dags/example_external_task_marker_dag.py for tasks to queue
[2024-01-30T16:22:03.677+0000] {logging_mixin.py:188} INFO - [2024-01-30T16:22:03.677+0000] {dagbag.py:538} INFO - Filling up the DagBag from /home/airflow/.local/lib/python3.8/site-packages/airflow/example_dags/example_external_task_marker_dag.py
[2024-01-30T16:22:03.682+0000] {processor.py:840} INFO - DAG(s) 'example_external_task_marker_parent', 'example_external_task_marker_child' retrieved from /home/airflow/.local/lib/python3.8/site-packages/airflow/example_dags/example_external_task_marker_dag.py
[2024-01-30T16:22:03.702+0000] {logging_mixin.py:188} INFO - [2024-01-30T16:22:03.702+0000] {dag.py:3036} INFO - Sync 2 DAGs
[2024-01-30T16:22:03.714+0000] {logging_mixin.py:188} INFO - [2024-01-30T16:22:03.713+0000] {dag.py:3823} INFO - Setting next_dagrun for example_external_task_marker_child to None, run_after=None
[2024-01-30T16:22:03.717+0000] {logging_mixin.py:188} INFO - [2024-01-30T16:22:03.717+0000] {dag.py:3823} INFO - Setting next_dagrun for example_external_task_marker_parent to None, run_after=None
[2024-01-30T16:22:03.733+0000] {processor.py:183} INFO - Processing /home/airflow/.local/lib/python3.8/site-packages/airflow/example_dags/example_external_task_marker_dag.py took 0.062 seconds
[2024-01-30T16:22:33.989+0000] {processor.py:161} INFO - Started process (PID=732) to work on /home/airflow/.local/lib/python3.8/site-packages/airflow/example_dags/example_external_task_marker_dag.py
[2024-01-30T16:22:33.990+0000] {processor.py:830} INFO - Processing file /home/airflow/.local/lib/python3.8/site-packages/airflow/example_dags/example_external_task_marker_dag.py for tasks to queue
[2024-01-30T16:22:33.992+0000] {logging_mixin.py:188} INFO - [2024-01-30T16:22:33.992+0000] {dagbag.py:538} INFO - Filling up the DagBag from /home/airflow/.local/lib/python3.8/site-packages/airflow/example_dags/example_external_task_marker_dag.py
[2024-01-30T16:22:33.997+0000] {processor.py:840} INFO - DAG(s) 'example_external_task_marker_parent', 'example_external_task_marker_child' retrieved from /home/airflow/.local/lib/python3.8/site-packages/airflow/example_dags/example_external_task_marker_dag.py
[2024-01-30T16:22:34.018+0000] {logging_mixin.py:188} INFO - [2024-01-30T16:22:34.018+0000] {dag.py:3036} INFO - Sync 2 DAGs
[2024-01-30T16:22:34.030+0000] {logging_mixin.py:188} INFO - [2024-01-30T16:22:34.030+0000] {dag.py:3823} INFO - Setting next_dagrun for example_external_task_marker_child to None, run_after=None
[2024-01-30T16:22:34.033+0000] {logging_mixin.py:188} INFO - [2024-01-30T16:22:34.033+0000] {dag.py:3823} INFO - Setting next_dagrun for example_external_task_marker_parent to None, run_after=None
[2024-01-30T16:22:34.051+0000] {processor.py:183} INFO - Processing /home/airflow/.local/lib/python3.8/site-packages/airflow/example_dags/example_external_task_marker_dag.py took 0.064 seconds
[2024-01-30T16:23:04.090+0000] {processor.py:161} INFO - Started process (PID=787) to work on /home/airflow/.local/lib/python3.8/site-packages/airflow/example_dags/example_external_task_marker_dag.py
[2024-01-30T16:23:04.091+0000] {processor.py:830} INFO - Processing file /home/airflow/.local/lib/python3.8/site-packages/airflow/example_dags/example_external_task_marker_dag.py for tasks to queue
[2024-01-30T16:23:04.092+0000] {logging_mixin.py:188} INFO - [2024-01-30T16:23:04.092+0000] {dagbag.py:538} INFO - Filling up the DagBag from /home/airflow/.local/lib/python3.8/site-packages/airflow/example_dags/example_external_task_marker_dag.py
[2024-01-30T16:23:04.098+0000] {processor.py:840} INFO - DAG(s) 'example_external_task_marker_child', 'example_external_task_marker_parent' retrieved from /home/airflow/.local/lib/python3.8/site-packages/airflow/example_dags/example_external_task_marker_dag.py
[2024-01-30T16:23:04.119+0000] {logging_mixin.py:188} INFO - [2024-01-30T16:23:04.119+0000] {dag.py:3036} INFO - Sync 2 DAGs
[2024-01-30T16:23:04.130+0000] {logging_mixin.py:188} INFO - [2024-01-30T16:23:04.130+0000] {dag.py:3823} INFO - Setting next_dagrun for example_external_task_marker_child to None, run_after=None
[2024-01-30T16:23:04.134+0000] {logging_mixin.py:188} INFO - [2024-01-30T16:23:04.134+0000] {dag.py:3823} INFO - Setting next_dagrun for example_external_task_marker_parent to None, run_after=None
[2024-01-30T16:23:04.150+0000] {processor.py:183} INFO - Processing /home/airflow/.local/lib/python3.8/site-packages/airflow/example_dags/example_external_task_marker_dag.py took 0.063 seconds
[2024-01-30T16:23:34.949+0000] {processor.py:161} INFO - Started process (PID=842) to work on /home/airflow/.local/lib/python3.8/site-packages/airflow/example_dags/example_external_task_marker_dag.py
[2024-01-30T16:23:34.951+0000] {processor.py:830} INFO - Processing file /home/airflow/.local/lib/python3.8/site-packages/airflow/example_dags/example_external_task_marker_dag.py for tasks to queue
[2024-01-30T16:23:34.952+0000] {logging_mixin.py:188} INFO - [2024-01-30T16:23:34.952+0000] {dagbag.py:538} INFO - Filling up the DagBag from /home/airflow/.local/lib/python3.8/site-packages/airflow/example_dags/example_external_task_marker_dag.py
[2024-01-30T16:23:34.958+0000] {processor.py:840} INFO - DAG(s) 'example_external_task_marker_parent', 'example_external_task_marker_child' retrieved from /home/airflow/.local/lib/python3.8/site-packages/airflow/example_dags/example_external_task_marker_dag.py
[2024-01-30T16:23:34.980+0000] {logging_mixin.py:188} INFO - [2024-01-30T16:23:34.980+0000] {dag.py:3036} INFO - Sync 2 DAGs
[2024-01-30T16:23:34.993+0000] {logging_mixin.py:188} INFO - [2024-01-30T16:23:34.992+0000] {dag.py:3823} INFO - Setting next_dagrun for example_external_task_marker_child to None, run_after=None
[2024-01-30T16:23:34.996+0000] {logging_mixin.py:188} INFO - [2024-01-30T16:23:34.996+0000] {dag.py:3823} INFO - Setting next_dagrun for example_external_task_marker_parent to None, run_after=None
[2024-01-30T16:23:35.014+0000] {processor.py:183} INFO - Processing /home/airflow/.local/lib/python3.8/site-packages/airflow/example_dags/example_external_task_marker_dag.py took 0.067 seconds
[2024-01-30T16:24:43.043+0000] {processor.py:161} INFO - Started process (PID=72) to work on /home/airflow/.local/lib/python3.8/site-packages/airflow/example_dags/example_external_task_marker_dag.py
[2024-01-30T16:24:43.044+0000] {processor.py:830} INFO - Processing file /home/airflow/.local/lib/python3.8/site-packages/airflow/example_dags/example_external_task_marker_dag.py for tasks to queue
[2024-01-30T16:24:43.046+0000] {logging_mixin.py:188} INFO - [2024-01-30T16:24:43.046+0000] {dagbag.py:538} INFO - Filling up the DagBag from /home/airflow/.local/lib/python3.8/site-packages/airflow/example_dags/example_external_task_marker_dag.py
[2024-01-30T16:24:43.051+0000] {processor.py:840} INFO - DAG(s) 'example_external_task_marker_child', 'example_external_task_marker_parent' retrieved from /home/airflow/.local/lib/python3.8/site-packages/airflow/example_dags/example_external_task_marker_dag.py
[2024-01-30T16:24:43.062+0000] {logging_mixin.py:188} INFO - [2024-01-30T16:24:43.062+0000] {dag.py:3036} INFO - Sync 2 DAGs
[2024-01-30T16:24:43.076+0000] {logging_mixin.py:188} INFO - [2024-01-30T16:24:43.076+0000] {dag.py:3823} INFO - Setting next_dagrun for example_external_task_marker_child to None, run_after=None
[2024-01-30T16:24:43.079+0000] {logging_mixin.py:188} INFO - [2024-01-30T16:24:43.079+0000] {dag.py:3823} INFO - Setting next_dagrun for example_external_task_marker_parent to None, run_after=None
[2024-01-30T16:24:43.097+0000] {processor.py:183} INFO - Processing /home/airflow/.local/lib/python3.8/site-packages/airflow/example_dags/example_external_task_marker_dag.py took 0.058 seconds
[2024-01-30T16:25:14.901+0000] {processor.py:161} INFO - Started process (PID=127) to work on /home/airflow/.local/lib/python3.8/site-packages/airflow/example_dags/example_external_task_marker_dag.py
[2024-01-30T16:25:14.902+0000] {processor.py:830} INFO - Processing file /home/airflow/.local/lib/python3.8/site-packages/airflow/example_dags/example_external_task_marker_dag.py for tasks to queue
[2024-01-30T16:25:14.903+0000] {logging_mixin.py:188} INFO - [2024-01-30T16:25:14.903+0000] {dagbag.py:538} INFO - Filling up the DagBag from /home/airflow/.local/lib/python3.8/site-packages/airflow/example_dags/example_external_task_marker_dag.py
[2024-01-30T16:25:14.909+0000] {processor.py:840} INFO - DAG(s) 'example_external_task_marker_child', 'example_external_task_marker_parent' retrieved from /home/airflow/.local/lib/python3.8/site-packages/airflow/example_dags/example_external_task_marker_dag.py
[2024-01-30T16:25:15.017+0000] {logging_mixin.py:188} INFO - [2024-01-30T16:25:15.017+0000] {dag.py:3036} INFO - Sync 2 DAGs
[2024-01-30T16:25:15.028+0000] {logging_mixin.py:188} INFO - [2024-01-30T16:25:15.028+0000] {dag.py:3823} INFO - Setting next_dagrun for example_external_task_marker_child to None, run_after=None
[2024-01-30T16:25:15.032+0000] {logging_mixin.py:188} INFO - [2024-01-30T16:25:15.031+0000] {dag.py:3823} INFO - Setting next_dagrun for example_external_task_marker_parent to None, run_after=None
[2024-01-30T16:25:15.050+0000] {processor.py:183} INFO - Processing /home/airflow/.local/lib/python3.8/site-packages/airflow/example_dags/example_external_task_marker_dag.py took 0.152 seconds
[2024-01-30T16:26:21.802+0000] {processor.py:161} INFO - Started process (PID=72) to work on /home/airflow/.local/lib/python3.8/site-packages/airflow/example_dags/example_external_task_marker_dag.py
[2024-01-30T16:26:21.803+0000] {processor.py:830} INFO - Processing file /home/airflow/.local/lib/python3.8/site-packages/airflow/example_dags/example_external_task_marker_dag.py for tasks to queue
[2024-01-30T16:26:21.805+0000] {logging_mixin.py:188} INFO - [2024-01-30T16:26:21.805+0000] {dagbag.py:538} INFO - Filling up the DagBag from /home/airflow/.local/lib/python3.8/site-packages/airflow/example_dags/example_external_task_marker_dag.py
[2024-01-30T16:26:21.810+0000] {processor.py:840} INFO - DAG(s) 'example_external_task_marker_parent', 'example_external_task_marker_child' retrieved from /home/airflow/.local/lib/python3.8/site-packages/airflow/example_dags/example_external_task_marker_dag.py
[2024-01-30T16:26:21.821+0000] {logging_mixin.py:188} INFO - [2024-01-30T16:26:21.821+0000] {dag.py:3036} INFO - Sync 2 DAGs
[2024-01-30T16:26:21.833+0000] {logging_mixin.py:188} INFO - [2024-01-30T16:26:21.833+0000] {dag.py:3823} INFO - Setting next_dagrun for example_external_task_marker_child to None, run_after=None
[2024-01-30T16:26:21.837+0000] {logging_mixin.py:188} INFO - [2024-01-30T16:26:21.837+0000] {dag.py:3823} INFO - Setting next_dagrun for example_external_task_marker_parent to None, run_after=None
[2024-01-30T16:26:21.853+0000] {processor.py:183} INFO - Processing /home/airflow/.local/lib/python3.8/site-packages/airflow/example_dags/example_external_task_marker_dag.py took 0.054 seconds
[2024-01-30T16:26:53.556+0000] {processor.py:161} INFO - Started process (PID=127) to work on /home/airflow/.local/lib/python3.8/site-packages/airflow/example_dags/example_external_task_marker_dag.py
[2024-01-30T16:26:53.557+0000] {processor.py:830} INFO - Processing file /home/airflow/.local/lib/python3.8/site-packages/airflow/example_dags/example_external_task_marker_dag.py for tasks to queue
[2024-01-30T16:26:53.559+0000] {logging_mixin.py:188} INFO - [2024-01-30T16:26:53.558+0000] {dagbag.py:538} INFO - Filling up the DagBag from /home/airflow/.local/lib/python3.8/site-packages/airflow/example_dags/example_external_task_marker_dag.py
[2024-01-30T16:26:53.564+0000] {processor.py:840} INFO - DAG(s) 'example_external_task_marker_child', 'example_external_task_marker_parent' retrieved from /home/airflow/.local/lib/python3.8/site-packages/airflow/example_dags/example_external_task_marker_dag.py
[2024-01-30T16:26:53.664+0000] {logging_mixin.py:188} INFO - [2024-01-30T16:26:53.664+0000] {dag.py:3036} INFO - Sync 2 DAGs
[2024-01-30T16:26:53.674+0000] {logging_mixin.py:188} INFO - [2024-01-30T16:26:53.674+0000] {dag.py:3823} INFO - Setting next_dagrun for example_external_task_marker_child to None, run_after=None
[2024-01-30T16:26:53.677+0000] {logging_mixin.py:188} INFO - [2024-01-30T16:26:53.677+0000] {dag.py:3823} INFO - Setting next_dagrun for example_external_task_marker_parent to None, run_after=None
[2024-01-30T16:26:53.694+0000] {processor.py:183} INFO - Processing /home/airflow/.local/lib/python3.8/site-packages/airflow/example_dags/example_external_task_marker_dag.py took 0.141 seconds
[2024-01-30T16:27:24.341+0000] {processor.py:161} INFO - Started process (PID=182) to work on /home/airflow/.local/lib/python3.8/site-packages/airflow/example_dags/example_external_task_marker_dag.py
[2024-01-30T16:27:24.342+0000] {processor.py:830} INFO - Processing file /home/airflow/.local/lib/python3.8/site-packages/airflow/example_dags/example_external_task_marker_dag.py for tasks to queue
[2024-01-30T16:27:24.344+0000] {logging_mixin.py:188} INFO - [2024-01-30T16:27:24.343+0000] {dagbag.py:538} INFO - Filling up the DagBag from /home/airflow/.local/lib/python3.8/site-packages/airflow/example_dags/example_external_task_marker_dag.py
[2024-01-30T16:27:24.349+0000] {processor.py:840} INFO - DAG(s) 'example_external_task_marker_child', 'example_external_task_marker_parent' retrieved from /home/airflow/.local/lib/python3.8/site-packages/airflow/example_dags/example_external_task_marker_dag.py
[2024-01-30T16:27:24.370+0000] {logging_mixin.py:188} INFO - [2024-01-30T16:27:24.370+0000] {dag.py:3036} INFO - Sync 2 DAGs
[2024-01-30T16:27:24.382+0000] {logging_mixin.py:188} INFO - [2024-01-30T16:27:24.382+0000] {dag.py:3823} INFO - Setting next_dagrun for example_external_task_marker_child to None, run_after=None
[2024-01-30T16:27:24.386+0000] {logging_mixin.py:188} INFO - [2024-01-30T16:27:24.385+0000] {dag.py:3823} INFO - Setting next_dagrun for example_external_task_marker_parent to None, run_after=None
[2024-01-30T16:27:24.401+0000] {processor.py:183} INFO - Processing /home/airflow/.local/lib/python3.8/site-packages/airflow/example_dags/example_external_task_marker_dag.py took 0.063 seconds
[2024-01-30T16:27:55.290+0000] {processor.py:161} INFO - Started process (PID=237) to work on /home/airflow/.local/lib/python3.8/site-packages/airflow/example_dags/example_external_task_marker_dag.py
[2024-01-30T16:27:55.291+0000] {processor.py:830} INFO - Processing file /home/airflow/.local/lib/python3.8/site-packages/airflow/example_dags/example_external_task_marker_dag.py for tasks to queue
[2024-01-30T16:27:55.293+0000] {logging_mixin.py:188} INFO - [2024-01-30T16:27:55.292+0000] {dagbag.py:538} INFO - Filling up the DagBag from /home/airflow/.local/lib/python3.8/site-packages/airflow/example_dags/example_external_task_marker_dag.py
[2024-01-30T16:27:55.298+0000] {processor.py:840} INFO - DAG(s) 'example_external_task_marker_parent', 'example_external_task_marker_child' retrieved from /home/airflow/.local/lib/python3.8/site-packages/airflow/example_dags/example_external_task_marker_dag.py
[2024-01-30T16:27:55.318+0000] {logging_mixin.py:188} INFO - [2024-01-30T16:27:55.318+0000] {dag.py:3036} INFO - Sync 2 DAGs
[2024-01-30T16:27:55.330+0000] {logging_mixin.py:188} INFO - [2024-01-30T16:27:55.330+0000] {dag.py:3823} INFO - Setting next_dagrun for example_external_task_marker_child to None, run_after=None
[2024-01-30T16:27:55.333+0000] {logging_mixin.py:188} INFO - [2024-01-30T16:27:55.333+0000] {dag.py:3823} INFO - Setting next_dagrun for example_external_task_marker_parent to None, run_after=None
[2024-01-30T16:27:55.349+0000] {processor.py:183} INFO - Processing /home/airflow/.local/lib/python3.8/site-packages/airflow/example_dags/example_external_task_marker_dag.py took 0.062 seconds
[2024-01-30T16:28:25.897+0000] {processor.py:161} INFO - Started process (PID=292) to work on /home/airflow/.local/lib/python3.8/site-packages/airflow/example_dags/example_external_task_marker_dag.py
[2024-01-30T16:28:25.899+0000] {processor.py:830} INFO - Processing file /home/airflow/.local/lib/python3.8/site-packages/airflow/example_dags/example_external_task_marker_dag.py for tasks to queue
[2024-01-30T16:28:25.900+0000] {logging_mixin.py:188} INFO - [2024-01-30T16:28:25.900+0000] {dagbag.py:538} INFO - Filling up the DagBag from /home/airflow/.local/lib/python3.8/site-packages/airflow/example_dags/example_external_task_marker_dag.py
[2024-01-30T16:28:25.906+0000] {processor.py:840} INFO - DAG(s) 'example_external_task_marker_child', 'example_external_task_marker_parent' retrieved from /home/airflow/.local/lib/python3.8/site-packages/airflow/example_dags/example_external_task_marker_dag.py
[2024-01-30T16:28:25.927+0000] {logging_mixin.py:188} INFO - [2024-01-30T16:28:25.927+0000] {dag.py:3036} INFO - Sync 2 DAGs
[2024-01-30T16:28:25.939+0000] {logging_mixin.py:188} INFO - [2024-01-30T16:28:25.939+0000] {dag.py:3823} INFO - Setting next_dagrun for example_external_task_marker_child to None, run_after=None
[2024-01-30T16:28:25.942+0000] {logging_mixin.py:188} INFO - [2024-01-30T16:28:25.942+0000] {dag.py:3823} INFO - Setting next_dagrun for example_external_task_marker_parent to None, run_after=None
[2024-01-30T16:28:25.959+0000] {processor.py:183} INFO - Processing /home/airflow/.local/lib/python3.8/site-packages/airflow/example_dags/example_external_task_marker_dag.py took 0.064 seconds
[2024-01-30T16:28:56.646+0000] {processor.py:161} INFO - Started process (PID=347) to work on /home/airflow/.local/lib/python3.8/site-packages/airflow/example_dags/example_external_task_marker_dag.py
[2024-01-30T16:28:56.647+0000] {processor.py:830} INFO - Processing file /home/airflow/.local/lib/python3.8/site-packages/airflow/example_dags/example_external_task_marker_dag.py for tasks to queue
[2024-01-30T16:28:56.649+0000] {logging_mixin.py:188} INFO - [2024-01-30T16:28:56.649+0000] {dagbag.py:538} INFO - Filling up the DagBag from /home/airflow/.local/lib/python3.8/site-packages/airflow/example_dags/example_external_task_marker_dag.py
[2024-01-30T16:28:56.654+0000] {processor.py:840} INFO - DAG(s) 'example_external_task_marker_parent', 'example_external_task_marker_child' retrieved from /home/airflow/.local/lib/python3.8/site-packages/airflow/example_dags/example_external_task_marker_dag.py
[2024-01-30T16:28:56.675+0000] {logging_mixin.py:188} INFO - [2024-01-30T16:28:56.675+0000] {dag.py:3036} INFO - Sync 2 DAGs
[2024-01-30T16:28:56.686+0000] {logging_mixin.py:188} INFO - [2024-01-30T16:28:56.686+0000] {dag.py:3823} INFO - Setting next_dagrun for example_external_task_marker_child to None, run_after=None
[2024-01-30T16:28:56.690+0000] {logging_mixin.py:188} INFO - [2024-01-30T16:28:56.689+0000] {dag.py:3823} INFO - Setting next_dagrun for example_external_task_marker_parent to None, run_after=None
[2024-01-30T16:28:56.705+0000] {processor.py:183} INFO - Processing /home/airflow/.local/lib/python3.8/site-packages/airflow/example_dags/example_external_task_marker_dag.py took 0.062 seconds
[2024-01-30T16:29:27.301+0000] {processor.py:161} INFO - Started process (PID=402) to work on /home/airflow/.local/lib/python3.8/site-packages/airflow/example_dags/example_external_task_marker_dag.py
[2024-01-30T16:29:27.302+0000] {processor.py:830} INFO - Processing file /home/airflow/.local/lib/python3.8/site-packages/airflow/example_dags/example_external_task_marker_dag.py for tasks to queue
[2024-01-30T16:29:27.304+0000] {logging_mixin.py:188} INFO - [2024-01-30T16:29:27.304+0000] {dagbag.py:538} INFO - Filling up the DagBag from /home/airflow/.local/lib/python3.8/site-packages/airflow/example_dags/example_external_task_marker_dag.py
[2024-01-30T16:29:27.309+0000] {processor.py:840} INFO - DAG(s) 'example_external_task_marker_parent', 'example_external_task_marker_child' retrieved from /home/airflow/.local/lib/python3.8/site-packages/airflow/example_dags/example_external_task_marker_dag.py
[2024-01-30T16:29:27.331+0000] {logging_mixin.py:188} INFO - [2024-01-30T16:29:27.331+0000] {dag.py:3036} INFO - Sync 2 DAGs
[2024-01-30T16:29:27.343+0000] {logging_mixin.py:188} INFO - [2024-01-30T16:29:27.342+0000] {dag.py:3823} INFO - Setting next_dagrun for example_external_task_marker_child to None, run_after=None
[2024-01-30T16:29:27.346+0000] {logging_mixin.py:188} INFO - [2024-01-30T16:29:27.346+0000] {dag.py:3823} INFO - Setting next_dagrun for example_external_task_marker_parent to None, run_after=None
[2024-01-30T16:29:27.363+0000] {processor.py:183} INFO - Processing /home/airflow/.local/lib/python3.8/site-packages/airflow/example_dags/example_external_task_marker_dag.py took 0.065 seconds
[2024-01-30T16:29:58.015+0000] {processor.py:161} INFO - Started process (PID=457) to work on /home/airflow/.local/lib/python3.8/site-packages/airflow/example_dags/example_external_task_marker_dag.py
[2024-01-30T16:29:58.016+0000] {processor.py:830} INFO - Processing file /home/airflow/.local/lib/python3.8/site-packages/airflow/example_dags/example_external_task_marker_dag.py for tasks to queue
[2024-01-30T16:29:58.018+0000] {logging_mixin.py:188} INFO - [2024-01-30T16:29:58.018+0000] {dagbag.py:538} INFO - Filling up the DagBag from /home/airflow/.local/lib/python3.8/site-packages/airflow/example_dags/example_external_task_marker_dag.py
[2024-01-30T16:29:58.023+0000] {processor.py:840} INFO - DAG(s) 'example_external_task_marker_child', 'example_external_task_marker_parent' retrieved from /home/airflow/.local/lib/python3.8/site-packages/airflow/example_dags/example_external_task_marker_dag.py
[2024-01-30T16:29:58.045+0000] {logging_mixin.py:188} INFO - [2024-01-30T16:29:58.045+0000] {dag.py:3036} INFO - Sync 2 DAGs
[2024-01-30T16:29:58.061+0000] {logging_mixin.py:188} INFO - [2024-01-30T16:29:58.060+0000] {dag.py:3823} INFO - Setting next_dagrun for example_external_task_marker_child to None, run_after=None
[2024-01-30T16:29:58.064+0000] {logging_mixin.py:188} INFO - [2024-01-30T16:29:58.064+0000] {dag.py:3823} INFO - Setting next_dagrun for example_external_task_marker_parent to None, run_after=None
[2024-01-30T16:29:58.082+0000] {processor.py:183} INFO - Processing /home/airflow/.local/lib/python3.8/site-packages/airflow/example_dags/example_external_task_marker_dag.py took 0.070 seconds
[2024-01-30T16:30:28.812+0000] {processor.py:161} INFO - Started process (PID=512) to work on /home/airflow/.local/lib/python3.8/site-packages/airflow/example_dags/example_external_task_marker_dag.py
[2024-01-30T16:30:28.813+0000] {processor.py:830} INFO - Processing file /home/airflow/.local/lib/python3.8/site-packages/airflow/example_dags/example_external_task_marker_dag.py for tasks to queue
[2024-01-30T16:30:28.815+0000] {logging_mixin.py:188} INFO - [2024-01-30T16:30:28.814+0000] {dagbag.py:538} INFO - Filling up the DagBag from /home/airflow/.local/lib/python3.8/site-packages/airflow/example_dags/example_external_task_marker_dag.py
[2024-01-30T16:30:28.820+0000] {processor.py:840} INFO - DAG(s) 'example_external_task_marker_child', 'example_external_task_marker_parent' retrieved from /home/airflow/.local/lib/python3.8/site-packages/airflow/example_dags/example_external_task_marker_dag.py
[2024-01-30T16:30:28.844+0000] {logging_mixin.py:188} INFO - [2024-01-30T16:30:28.844+0000] {dag.py:3036} INFO - Sync 2 DAGs
[2024-01-30T16:30:28.857+0000] {logging_mixin.py:188} INFO - [2024-01-30T16:30:28.857+0000] {dag.py:3823} INFO - Setting next_dagrun for example_external_task_marker_child to None, run_after=None
[2024-01-30T16:30:28.861+0000] {logging_mixin.py:188} INFO - [2024-01-30T16:30:28.861+0000] {dag.py:3823} INFO - Setting next_dagrun for example_external_task_marker_parent to None, run_after=None
[2024-01-30T16:30:28.880+0000] {processor.py:183} INFO - Processing /home/airflow/.local/lib/python3.8/site-packages/airflow/example_dags/example_external_task_marker_dag.py took 0.071 seconds
[2024-01-30T16:30:59.748+0000] {processor.py:161} INFO - Started process (PID=567) to work on /home/airflow/.local/lib/python3.8/site-packages/airflow/example_dags/example_external_task_marker_dag.py
[2024-01-30T16:30:59.750+0000] {processor.py:830} INFO - Processing file /home/airflow/.local/lib/python3.8/site-packages/airflow/example_dags/example_external_task_marker_dag.py for tasks to queue
[2024-01-30T16:30:59.752+0000] {logging_mixin.py:188} INFO - [2024-01-30T16:30:59.751+0000] {dagbag.py:538} INFO - Filling up the DagBag from /home/airflow/.local/lib/python3.8/site-packages/airflow/example_dags/example_external_task_marker_dag.py
[2024-01-30T16:30:59.759+0000] {processor.py:840} INFO - DAG(s) 'example_external_task_marker_child', 'example_external_task_marker_parent' retrieved from /home/airflow/.local/lib/python3.8/site-packages/airflow/example_dags/example_external_task_marker_dag.py
[2024-01-30T16:30:59.787+0000] {logging_mixin.py:188} INFO - [2024-01-30T16:30:59.787+0000] {dag.py:3036} INFO - Sync 2 DAGs
[2024-01-30T16:30:59.805+0000] {logging_mixin.py:188} INFO - [2024-01-30T16:30:59.804+0000] {dag.py:3823} INFO - Setting next_dagrun for example_external_task_marker_child to None, run_after=None
[2024-01-30T16:30:59.813+0000] {logging_mixin.py:188} INFO - [2024-01-30T16:30:59.812+0000] {dag.py:3823} INFO - Setting next_dagrun for example_external_task_marker_parent to None, run_after=None
[2024-01-30T16:30:59.834+0000] {processor.py:183} INFO - Processing /home/airflow/.local/lib/python3.8/site-packages/airflow/example_dags/example_external_task_marker_dag.py took 0.090 seconds
[2024-01-30T16:31:30.660+0000] {processor.py:161} INFO - Started process (PID=622) to work on /home/airflow/.local/lib/python3.8/site-packages/airflow/example_dags/example_external_task_marker_dag.py
[2024-01-30T16:31:30.661+0000] {processor.py:830} INFO - Processing file /home/airflow/.local/lib/python3.8/site-packages/airflow/example_dags/example_external_task_marker_dag.py for tasks to queue
[2024-01-30T16:31:30.663+0000] {logging_mixin.py:188} INFO - [2024-01-30T16:31:30.663+0000] {dagbag.py:538} INFO - Filling up the DagBag from /home/airflow/.local/lib/python3.8/site-packages/airflow/example_dags/example_external_task_marker_dag.py
[2024-01-30T16:31:30.668+0000] {processor.py:840} INFO - DAG(s) 'example_external_task_marker_child', 'example_external_task_marker_parent' retrieved from /home/airflow/.local/lib/python3.8/site-packages/airflow/example_dags/example_external_task_marker_dag.py
[2024-01-30T16:31:30.689+0000] {logging_mixin.py:188} INFO - [2024-01-30T16:31:30.689+0000] {dag.py:3036} INFO - Sync 2 DAGs
[2024-01-30T16:31:30.701+0000] {logging_mixin.py:188} INFO - [2024-01-30T16:31:30.701+0000] {dag.py:3823} INFO - Setting next_dagrun for example_external_task_marker_child to None, run_after=None
[2024-01-30T16:31:30.705+0000] {logging_mixin.py:188} INFO - [2024-01-30T16:31:30.705+0000] {dag.py:3823} INFO - Setting next_dagrun for example_external_task_marker_parent to None, run_after=None
[2024-01-30T16:31:30.723+0000] {processor.py:183} INFO - Processing /home/airflow/.local/lib/python3.8/site-packages/airflow/example_dags/example_external_task_marker_dag.py took 0.066 seconds
[2024-01-30T16:32:00.812+0000] {processor.py:161} INFO - Started process (PID=677) to work on /home/airflow/.local/lib/python3.8/site-packages/airflow/example_dags/example_external_task_marker_dag.py
[2024-01-30T16:32:00.813+0000] {processor.py:830} INFO - Processing file /home/airflow/.local/lib/python3.8/site-packages/airflow/example_dags/example_external_task_marker_dag.py for tasks to queue
[2024-01-30T16:32:00.815+0000] {logging_mixin.py:188} INFO - [2024-01-30T16:32:00.814+0000] {dagbag.py:538} INFO - Filling up the DagBag from /home/airflow/.local/lib/python3.8/site-packages/airflow/example_dags/example_external_task_marker_dag.py
[2024-01-30T16:32:00.820+0000] {processor.py:840} INFO - DAG(s) 'example_external_task_marker_child', 'example_external_task_marker_parent' retrieved from /home/airflow/.local/lib/python3.8/site-packages/airflow/example_dags/example_external_task_marker_dag.py
[2024-01-30T16:32:00.840+0000] {logging_mixin.py:188} INFO - [2024-01-30T16:32:00.840+0000] {dag.py:3036} INFO - Sync 2 DAGs
[2024-01-30T16:32:00.851+0000] {logging_mixin.py:188} INFO - [2024-01-30T16:32:00.851+0000] {dag.py:3823} INFO - Setting next_dagrun for example_external_task_marker_child to None, run_after=None
[2024-01-30T16:32:00.855+0000] {logging_mixin.py:188} INFO - [2024-01-30T16:32:00.854+0000] {dag.py:3823} INFO - Setting next_dagrun for example_external_task_marker_parent to None, run_after=None
[2024-01-30T16:32:00.872+0000] {processor.py:183} INFO - Processing /home/airflow/.local/lib/python3.8/site-packages/airflow/example_dags/example_external_task_marker_dag.py took 0.062 seconds
[2024-01-30T16:32:31.000+0000] {processor.py:161} INFO - Started process (PID=732) to work on /home/airflow/.local/lib/python3.8/site-packages/airflow/example_dags/example_external_task_marker_dag.py
[2024-01-30T16:32:31.001+0000] {processor.py:830} INFO - Processing file /home/airflow/.local/lib/python3.8/site-packages/airflow/example_dags/example_external_task_marker_dag.py for tasks to queue
[2024-01-30T16:32:31.003+0000] {logging_mixin.py:188} INFO - [2024-01-30T16:32:31.003+0000] {dagbag.py:538} INFO - Filling up the DagBag from /home/airflow/.local/lib/python3.8/site-packages/airflow/example_dags/example_external_task_marker_dag.py
[2024-01-30T16:32:31.008+0000] {processor.py:840} INFO - DAG(s) 'example_external_task_marker_parent', 'example_external_task_marker_child' retrieved from /home/airflow/.local/lib/python3.8/site-packages/airflow/example_dags/example_external_task_marker_dag.py
[2024-01-30T16:32:31.029+0000] {logging_mixin.py:188} INFO - [2024-01-30T16:32:31.029+0000] {dag.py:3036} INFO - Sync 2 DAGs
[2024-01-30T16:32:31.040+0000] {logging_mixin.py:188} INFO - [2024-01-30T16:32:31.039+0000] {dag.py:3823} INFO - Setting next_dagrun for example_external_task_marker_child to None, run_after=None
[2024-01-30T16:32:31.043+0000] {logging_mixin.py:188} INFO - [2024-01-30T16:32:31.043+0000] {dag.py:3823} INFO - Setting next_dagrun for example_external_task_marker_parent to None, run_after=None
[2024-01-30T16:32:31.061+0000] {processor.py:183} INFO - Processing /home/airflow/.local/lib/python3.8/site-packages/airflow/example_dags/example_external_task_marker_dag.py took 0.063 seconds
[2024-01-30T16:33:01.296+0000] {processor.py:161} INFO - Started process (PID=787) to work on /home/airflow/.local/lib/python3.8/site-packages/airflow/example_dags/example_external_task_marker_dag.py
[2024-01-30T16:33:01.297+0000] {processor.py:830} INFO - Processing file /home/airflow/.local/lib/python3.8/site-packages/airflow/example_dags/example_external_task_marker_dag.py for tasks to queue
[2024-01-30T16:33:01.298+0000] {logging_mixin.py:188} INFO - [2024-01-30T16:33:01.298+0000] {dagbag.py:538} INFO - Filling up the DagBag from /home/airflow/.local/lib/python3.8/site-packages/airflow/example_dags/example_external_task_marker_dag.py
[2024-01-30T16:33:01.304+0000] {processor.py:840} INFO - DAG(s) 'example_external_task_marker_child', 'example_external_task_marker_parent' retrieved from /home/airflow/.local/lib/python3.8/site-packages/airflow/example_dags/example_external_task_marker_dag.py
[2024-01-30T16:33:01.327+0000] {logging_mixin.py:188} INFO - [2024-01-30T16:33:01.327+0000] {dag.py:3036} INFO - Sync 2 DAGs
[2024-01-30T16:33:01.342+0000] {logging_mixin.py:188} INFO - [2024-01-30T16:33:01.342+0000] {dag.py:3823} INFO - Setting next_dagrun for example_external_task_marker_child to None, run_after=None
[2024-01-30T16:33:01.346+0000] {logging_mixin.py:188} INFO - [2024-01-30T16:33:01.346+0000] {dag.py:3823} INFO - Setting next_dagrun for example_external_task_marker_parent to None, run_after=None
[2024-01-30T16:33:01.365+0000] {processor.py:183} INFO - Processing /home/airflow/.local/lib/python3.8/site-packages/airflow/example_dags/example_external_task_marker_dag.py took 0.072 seconds
[2024-01-30T16:33:31.742+0000] {processor.py:161} INFO - Started process (PID=842) to work on /home/airflow/.local/lib/python3.8/site-packages/airflow/example_dags/example_external_task_marker_dag.py
[2024-01-30T16:33:31.743+0000] {processor.py:830} INFO - Processing file /home/airflow/.local/lib/python3.8/site-packages/airflow/example_dags/example_external_task_marker_dag.py for tasks to queue
[2024-01-30T16:33:31.745+0000] {logging_mixin.py:188} INFO - [2024-01-30T16:33:31.744+0000] {dagbag.py:538} INFO - Filling up the DagBag from /home/airflow/.local/lib/python3.8/site-packages/airflow/example_dags/example_external_task_marker_dag.py
[2024-01-30T16:33:31.750+0000] {processor.py:840} INFO - DAG(s) 'example_external_task_marker_parent', 'example_external_task_marker_child' retrieved from /home/airflow/.local/lib/python3.8/site-packages/airflow/example_dags/example_external_task_marker_dag.py
[2024-01-30T16:33:31.771+0000] {logging_mixin.py:188} INFO - [2024-01-30T16:33:31.771+0000] {dag.py:3036} INFO - Sync 2 DAGs
[2024-01-30T16:33:31.782+0000] {logging_mixin.py:188} INFO - [2024-01-30T16:33:31.782+0000] {dag.py:3823} INFO - Setting next_dagrun for example_external_task_marker_child to None, run_after=None
[2024-01-30T16:33:31.786+0000] {logging_mixin.py:188} INFO - [2024-01-30T16:33:31.786+0000] {dag.py:3823} INFO - Setting next_dagrun for example_external_task_marker_parent to None, run_after=None
[2024-01-30T16:33:31.803+0000] {processor.py:183} INFO - Processing /home/airflow/.local/lib/python3.8/site-packages/airflow/example_dags/example_external_task_marker_dag.py took 0.063 seconds
[2024-01-30T16:34:01.990+0000] {processor.py:161} INFO - Started process (PID=897) to work on /home/airflow/.local/lib/python3.8/site-packages/airflow/example_dags/example_external_task_marker_dag.py
[2024-01-30T16:34:01.991+0000] {processor.py:830} INFO - Processing file /home/airflow/.local/lib/python3.8/site-packages/airflow/example_dags/example_external_task_marker_dag.py for tasks to queue
[2024-01-30T16:34:01.993+0000] {logging_mixin.py:188} INFO - [2024-01-30T16:34:01.993+0000] {dagbag.py:538} INFO - Filling up the DagBag from /home/airflow/.local/lib/python3.8/site-packages/airflow/example_dags/example_external_task_marker_dag.py
[2024-01-30T16:34:01.999+0000] {processor.py:840} INFO - DAG(s) 'example_external_task_marker_parent', 'example_external_task_marker_child' retrieved from /home/airflow/.local/lib/python3.8/site-packages/airflow/example_dags/example_external_task_marker_dag.py
[2024-01-30T16:34:02.023+0000] {logging_mixin.py:188} INFO - [2024-01-30T16:34:02.022+0000] {dag.py:3036} INFO - Sync 2 DAGs
[2024-01-30T16:34:02.038+0000] {logging_mixin.py:188} INFO - [2024-01-30T16:34:02.038+0000] {dag.py:3823} INFO - Setting next_dagrun for example_external_task_marker_child to None, run_after=None
[2024-01-30T16:34:02.043+0000] {logging_mixin.py:188} INFO - [2024-01-30T16:34:02.043+0000] {dag.py:3823} INFO - Setting next_dagrun for example_external_task_marker_parent to None, run_after=None
[2024-01-30T16:34:02.064+0000] {processor.py:183} INFO - Processing /home/airflow/.local/lib/python3.8/site-packages/airflow/example_dags/example_external_task_marker_dag.py took 0.076 seconds
[2024-01-30T16:34:32.441+0000] {processor.py:161} INFO - Started process (PID=952) to work on /home/airflow/.local/lib/python3.8/site-packages/airflow/example_dags/example_external_task_marker_dag.py
[2024-01-30T16:34:32.442+0000] {processor.py:830} INFO - Processing file /home/airflow/.local/lib/python3.8/site-packages/airflow/example_dags/example_external_task_marker_dag.py for tasks to queue
[2024-01-30T16:34:32.443+0000] {logging_mixin.py:188} INFO - [2024-01-30T16:34:32.443+0000] {dagbag.py:538} INFO - Filling up the DagBag from /home/airflow/.local/lib/python3.8/site-packages/airflow/example_dags/example_external_task_marker_dag.py
[2024-01-30T16:34:32.449+0000] {processor.py:840} INFO - DAG(s) 'example_external_task_marker_child', 'example_external_task_marker_parent' retrieved from /home/airflow/.local/lib/python3.8/site-packages/airflow/example_dags/example_external_task_marker_dag.py
[2024-01-30T16:34:32.472+0000] {logging_mixin.py:188} INFO - [2024-01-30T16:34:32.472+0000] {dag.py:3036} INFO - Sync 2 DAGs
[2024-01-30T16:34:32.483+0000] {logging_mixin.py:188} INFO - [2024-01-30T16:34:32.483+0000] {dag.py:3823} INFO - Setting next_dagrun for example_external_task_marker_child to None, run_after=None
[2024-01-30T16:34:32.487+0000] {logging_mixin.py:188} INFO - [2024-01-30T16:34:32.487+0000] {dag.py:3823} INFO - Setting next_dagrun for example_external_task_marker_parent to None, run_after=None
[2024-01-30T16:34:32.503+0000] {processor.py:183} INFO - Processing /home/airflow/.local/lib/python3.8/site-packages/airflow/example_dags/example_external_task_marker_dag.py took 0.066 seconds
[2024-01-30T16:35:02.775+0000] {processor.py:161} INFO - Started process (PID=1007) to work on /home/airflow/.local/lib/python3.8/site-packages/airflow/example_dags/example_external_task_marker_dag.py
[2024-01-30T16:35:02.776+0000] {processor.py:830} INFO - Processing file /home/airflow/.local/lib/python3.8/site-packages/airflow/example_dags/example_external_task_marker_dag.py for tasks to queue
[2024-01-30T16:35:02.778+0000] {logging_mixin.py:188} INFO - [2024-01-30T16:35:02.778+0000] {dagbag.py:538} INFO - Filling up the DagBag from /home/airflow/.local/lib/python3.8/site-packages/airflow/example_dags/example_external_task_marker_dag.py
[2024-01-30T16:35:02.783+0000] {processor.py:840} INFO - DAG(s) 'example_external_task_marker_child', 'example_external_task_marker_parent' retrieved from /home/airflow/.local/lib/python3.8/site-packages/airflow/example_dags/example_external_task_marker_dag.py
[2024-01-30T16:35:02.805+0000] {logging_mixin.py:188} INFO - [2024-01-30T16:35:02.804+0000] {dag.py:3036} INFO - Sync 2 DAGs
[2024-01-30T16:35:02.816+0000] {logging_mixin.py:188} INFO - [2024-01-30T16:35:02.815+0000] {dag.py:3823} INFO - Setting next_dagrun for example_external_task_marker_child to None, run_after=None
[2024-01-30T16:35:02.819+0000] {logging_mixin.py:188} INFO - [2024-01-30T16:35:02.819+0000] {dag.py:3823} INFO - Setting next_dagrun for example_external_task_marker_parent to None, run_after=None
[2024-01-30T16:35:02.836+0000] {processor.py:183} INFO - Processing /home/airflow/.local/lib/python3.8/site-packages/airflow/example_dags/example_external_task_marker_dag.py took 0.064 seconds
[2024-01-30T16:35:32.947+0000] {processor.py:161} INFO - Started process (PID=1062) to work on /home/airflow/.local/lib/python3.8/site-packages/airflow/example_dags/example_external_task_marker_dag.py
[2024-01-30T16:35:32.948+0000] {processor.py:830} INFO - Processing file /home/airflow/.local/lib/python3.8/site-packages/airflow/example_dags/example_external_task_marker_dag.py for tasks to queue
[2024-01-30T16:35:32.950+0000] {logging_mixin.py:188} INFO - [2024-01-30T16:35:32.950+0000] {dagbag.py:538} INFO - Filling up the DagBag from /home/airflow/.local/lib/python3.8/site-packages/airflow/example_dags/example_external_task_marker_dag.py
[2024-01-30T16:35:32.955+0000] {processor.py:840} INFO - DAG(s) 'example_external_task_marker_parent', 'example_external_task_marker_child' retrieved from /home/airflow/.local/lib/python3.8/site-packages/airflow/example_dags/example_external_task_marker_dag.py
[2024-01-30T16:35:32.979+0000] {logging_mixin.py:188} INFO - [2024-01-30T16:35:32.979+0000] {dag.py:3036} INFO - Sync 2 DAGs
[2024-01-30T16:35:32.991+0000] {logging_mixin.py:188} INFO - [2024-01-30T16:35:32.991+0000] {dag.py:3823} INFO - Setting next_dagrun for example_external_task_marker_child to None, run_after=None
[2024-01-30T16:35:32.995+0000] {logging_mixin.py:188} INFO - [2024-01-30T16:35:32.995+0000] {dag.py:3823} INFO - Setting next_dagrun for example_external_task_marker_parent to None, run_after=None
[2024-01-30T16:35:33.012+0000] {processor.py:183} INFO - Processing /home/airflow/.local/lib/python3.8/site-packages/airflow/example_dags/example_external_task_marker_dag.py took 0.068 seconds
[2024-01-30T16:36:03.089+0000] {processor.py:161} INFO - Started process (PID=1117) to work on /home/airflow/.local/lib/python3.8/site-packages/airflow/example_dags/example_external_task_marker_dag.py
[2024-01-30T16:36:03.090+0000] {processor.py:830} INFO - Processing file /home/airflow/.local/lib/python3.8/site-packages/airflow/example_dags/example_external_task_marker_dag.py for tasks to queue
[2024-01-30T16:36:03.092+0000] {logging_mixin.py:188} INFO - [2024-01-30T16:36:03.092+0000] {dagbag.py:538} INFO - Filling up the DagBag from /home/airflow/.local/lib/python3.8/site-packages/airflow/example_dags/example_external_task_marker_dag.py
[2024-01-30T16:36:03.097+0000] {processor.py:840} INFO - DAG(s) 'example_external_task_marker_child', 'example_external_task_marker_parent' retrieved from /home/airflow/.local/lib/python3.8/site-packages/airflow/example_dags/example_external_task_marker_dag.py
[2024-01-30T16:36:03.119+0000] {logging_mixin.py:188} INFO - [2024-01-30T16:36:03.118+0000] {dag.py:3036} INFO - Sync 2 DAGs
[2024-01-30T16:36:03.131+0000] {logging_mixin.py:188} INFO - [2024-01-30T16:36:03.131+0000] {dag.py:3823} INFO - Setting next_dagrun for example_external_task_marker_child to None, run_after=None
[2024-01-30T16:36:03.135+0000] {logging_mixin.py:188} INFO - [2024-01-30T16:36:03.135+0000] {dag.py:3823} INFO - Setting next_dagrun for example_external_task_marker_parent to None, run_after=None
[2024-01-30T16:36:03.153+0000] {processor.py:183} INFO - Processing /home/airflow/.local/lib/python3.8/site-packages/airflow/example_dags/example_external_task_marker_dag.py took 0.067 seconds
[2024-01-30T16:36:34.122+0000] {processor.py:161} INFO - Started process (PID=1172) to work on /home/airflow/.local/lib/python3.8/site-packages/airflow/example_dags/example_external_task_marker_dag.py
[2024-01-30T16:36:34.123+0000] {processor.py:830} INFO - Processing file /home/airflow/.local/lib/python3.8/site-packages/airflow/example_dags/example_external_task_marker_dag.py for tasks to queue
[2024-01-30T16:36:34.125+0000] {logging_mixin.py:188} INFO - [2024-01-30T16:36:34.125+0000] {dagbag.py:538} INFO - Filling up the DagBag from /home/airflow/.local/lib/python3.8/site-packages/airflow/example_dags/example_external_task_marker_dag.py
[2024-01-30T16:36:34.131+0000] {processor.py:840} INFO - DAG(s) 'example_external_task_marker_child', 'example_external_task_marker_parent' retrieved from /home/airflow/.local/lib/python3.8/site-packages/airflow/example_dags/example_external_task_marker_dag.py
[2024-01-30T16:36:34.156+0000] {logging_mixin.py:188} INFO - [2024-01-30T16:36:34.156+0000] {dag.py:3036} INFO - Sync 2 DAGs
[2024-01-30T16:36:34.169+0000] {logging_mixin.py:188} INFO - [2024-01-30T16:36:34.169+0000] {dag.py:3823} INFO - Setting next_dagrun for example_external_task_marker_child to None, run_after=None
[2024-01-30T16:36:34.174+0000] {logging_mixin.py:188} INFO - [2024-01-30T16:36:34.173+0000] {dag.py:3823} INFO - Setting next_dagrun for example_external_task_marker_parent to None, run_after=None
[2024-01-30T16:36:34.196+0000] {processor.py:183} INFO - Processing /home/airflow/.local/lib/python3.8/site-packages/airflow/example_dags/example_external_task_marker_dag.py took 0.077 seconds
[2024-01-30T16:37:04.247+0000] {processor.py:161} INFO - Started process (PID=1227) to work on /home/airflow/.local/lib/python3.8/site-packages/airflow/example_dags/example_external_task_marker_dag.py
[2024-01-30T16:37:04.248+0000] {processor.py:830} INFO - Processing file /home/airflow/.local/lib/python3.8/site-packages/airflow/example_dags/example_external_task_marker_dag.py for tasks to queue
[2024-01-30T16:37:04.250+0000] {logging_mixin.py:188} INFO - [2024-01-30T16:37:04.249+0000] {dagbag.py:538} INFO - Filling up the DagBag from /home/airflow/.local/lib/python3.8/site-packages/airflow/example_dags/example_external_task_marker_dag.py
[2024-01-30T16:37:04.255+0000] {processor.py:840} INFO - DAG(s) 'example_external_task_marker_parent', 'example_external_task_marker_child' retrieved from /home/airflow/.local/lib/python3.8/site-packages/airflow/example_dags/example_external_task_marker_dag.py
[2024-01-30T16:37:04.279+0000] {logging_mixin.py:188} INFO - [2024-01-30T16:37:04.279+0000] {dag.py:3036} INFO - Sync 2 DAGs
[2024-01-30T16:37:04.291+0000] {logging_mixin.py:188} INFO - [2024-01-30T16:37:04.291+0000] {dag.py:3823} INFO - Setting next_dagrun for example_external_task_marker_child to None, run_after=None
[2024-01-30T16:37:04.295+0000] {logging_mixin.py:188} INFO - [2024-01-30T16:37:04.294+0000] {dag.py:3823} INFO - Setting next_dagrun for example_external_task_marker_parent to None, run_after=None
[2024-01-30T16:37:04.312+0000] {processor.py:183} INFO - Processing /home/airflow/.local/lib/python3.8/site-packages/airflow/example_dags/example_external_task_marker_dag.py took 0.068 seconds
[2024-01-30T16:37:35.080+0000] {processor.py:161} INFO - Started process (PID=1282) to work on /home/airflow/.local/lib/python3.8/site-packages/airflow/example_dags/example_external_task_marker_dag.py
[2024-01-30T16:37:35.082+0000] {processor.py:830} INFO - Processing file /home/airflow/.local/lib/python3.8/site-packages/airflow/example_dags/example_external_task_marker_dag.py for tasks to queue
[2024-01-30T16:37:35.083+0000] {logging_mixin.py:188} INFO - [2024-01-30T16:37:35.083+0000] {dagbag.py:538} INFO - Filling up the DagBag from /home/airflow/.local/lib/python3.8/site-packages/airflow/example_dags/example_external_task_marker_dag.py
[2024-01-30T16:37:35.089+0000] {processor.py:840} INFO - DAG(s) 'example_external_task_marker_child', 'example_external_task_marker_parent' retrieved from /home/airflow/.local/lib/python3.8/site-packages/airflow/example_dags/example_external_task_marker_dag.py
[2024-01-30T16:37:35.113+0000] {logging_mixin.py:188} INFO - [2024-01-30T16:37:35.112+0000] {dag.py:3036} INFO - Sync 2 DAGs
[2024-01-30T16:37:35.126+0000] {logging_mixin.py:188} INFO - [2024-01-30T16:37:35.126+0000] {dag.py:3823} INFO - Setting next_dagrun for example_external_task_marker_child to None, run_after=None
[2024-01-30T16:37:35.130+0000] {logging_mixin.py:188} INFO - [2024-01-30T16:37:35.130+0000] {dag.py:3823} INFO - Setting next_dagrun for example_external_task_marker_parent to None, run_after=None
[2024-01-30T16:37:35.150+0000] {processor.py:183} INFO - Processing /home/airflow/.local/lib/python3.8/site-packages/airflow/example_dags/example_external_task_marker_dag.py took 0.073 seconds
