[2024-01-30T16:16:25.580+0000] {processor.py:161} INFO - Started process (PID=54) to work on /home/airflow/.local/lib/python3.8/site-packages/airflow/example_dags/example_sensors.py
[2024-01-30T16:16:25.581+0000] {processor.py:830} INFO - Processing file /home/airflow/.local/lib/python3.8/site-packages/airflow/example_dags/example_sensors.py for tasks to queue
[2024-01-30T16:16:25.583+0000] {logging_mixin.py:188} INFO - [2024-01-30T16:16:25.582+0000] {dagbag.py:538} INFO - Filling up the DagBag from /home/airflow/.local/lib/python3.8/site-packages/airflow/example_dags/example_sensors.py
[2024-01-30T16:16:25.595+0000] {processor.py:840} INFO - DAG(s) 'example_sensors' retrieved from /home/airflow/.local/lib/python3.8/site-packages/airflow/example_dags/example_sensors.py
[2024-01-30T16:16:25.607+0000] {logging_mixin.py:188} INFO - [2024-01-30T16:16:25.607+0000] {dag.py:3036} INFO - Sync 1 DAGs
[2024-01-30T16:16:25.624+0000] {logging_mixin.py:188} INFO - [2024-01-30T16:16:25.624+0000] {dag.py:3823} INFO - Setting next_dagrun for example_sensors to None, run_after=None
[2024-01-30T16:16:25.642+0000] {processor.py:183} INFO - Processing /home/airflow/.local/lib/python3.8/site-packages/airflow/example_dags/example_sensors.py took 0.066 seconds
[2024-01-30T16:16:56.958+0000] {processor.py:161} INFO - Started process (PID=109) to work on /home/airflow/.local/lib/python3.8/site-packages/airflow/example_dags/example_sensors.py
[2024-01-30T16:16:56.959+0000] {processor.py:830} INFO - Processing file /home/airflow/.local/lib/python3.8/site-packages/airflow/example_dags/example_sensors.py for tasks to queue
[2024-01-30T16:16:56.962+0000] {logging_mixin.py:188} INFO - [2024-01-30T16:16:56.962+0000] {dagbag.py:538} INFO - Filling up the DagBag from /home/airflow/.local/lib/python3.8/site-packages/airflow/example_dags/example_sensors.py
[2024-01-30T16:16:56.973+0000] {processor.py:840} INFO - DAG(s) 'example_sensors' retrieved from /home/airflow/.local/lib/python3.8/site-packages/airflow/example_dags/example_sensors.py
[2024-01-30T16:16:57.069+0000] {logging_mixin.py:188} INFO - [2024-01-30T16:16:57.069+0000] {dag.py:3036} INFO - Sync 1 DAGs
[2024-01-30T16:16:57.078+0000] {logging_mixin.py:188} INFO - [2024-01-30T16:16:57.078+0000] {dag.py:3823} INFO - Setting next_dagrun for example_sensors to None, run_after=None
[2024-01-30T16:16:57.096+0000] {processor.py:183} INFO - Processing /home/airflow/.local/lib/python3.8/site-packages/airflow/example_dags/example_sensors.py took 0.141 seconds
[2024-01-30T16:17:27.786+0000] {processor.py:161} INFO - Started process (PID=164) to work on /home/airflow/.local/lib/python3.8/site-packages/airflow/example_dags/example_sensors.py
[2024-01-30T16:17:27.787+0000] {processor.py:830} INFO - Processing file /home/airflow/.local/lib/python3.8/site-packages/airflow/example_dags/example_sensors.py for tasks to queue
[2024-01-30T16:17:27.789+0000] {logging_mixin.py:188} INFO - [2024-01-30T16:17:27.788+0000] {dagbag.py:538} INFO - Filling up the DagBag from /home/airflow/.local/lib/python3.8/site-packages/airflow/example_dags/example_sensors.py
[2024-01-30T16:17:27.797+0000] {processor.py:840} INFO - DAG(s) 'example_sensors' retrieved from /home/airflow/.local/lib/python3.8/site-packages/airflow/example_dags/example_sensors.py
[2024-01-30T16:17:27.821+0000] {logging_mixin.py:188} INFO - [2024-01-30T16:17:27.821+0000] {dag.py:3036} INFO - Sync 1 DAGs
[2024-01-30T16:17:27.833+0000] {logging_mixin.py:188} INFO - [2024-01-30T16:17:27.833+0000] {dag.py:3823} INFO - Setting next_dagrun for example_sensors to None, run_after=None
[2024-01-30T16:17:27.852+0000] {processor.py:183} INFO - Processing /home/airflow/.local/lib/python3.8/site-packages/airflow/example_dags/example_sensors.py took 0.069 seconds
[2024-01-30T16:17:58.758+0000] {processor.py:161} INFO - Started process (PID=219) to work on /home/airflow/.local/lib/python3.8/site-packages/airflow/example_dags/example_sensors.py
[2024-01-30T16:17:58.759+0000] {processor.py:830} INFO - Processing file /home/airflow/.local/lib/python3.8/site-packages/airflow/example_dags/example_sensors.py for tasks to queue
[2024-01-30T16:17:58.760+0000] {logging_mixin.py:188} INFO - [2024-01-30T16:17:58.760+0000] {dagbag.py:538} INFO - Filling up the DagBag from /home/airflow/.local/lib/python3.8/site-packages/airflow/example_dags/example_sensors.py
[2024-01-30T16:17:58.769+0000] {processor.py:840} INFO - DAG(s) 'example_sensors' retrieved from /home/airflow/.local/lib/python3.8/site-packages/airflow/example_dags/example_sensors.py
[2024-01-30T16:17:58.793+0000] {logging_mixin.py:188} INFO - [2024-01-30T16:17:58.793+0000] {dag.py:3036} INFO - Sync 1 DAGs
[2024-01-30T16:17:58.804+0000] {logging_mixin.py:188} INFO - [2024-01-30T16:17:58.803+0000] {dag.py:3823} INFO - Setting next_dagrun for example_sensors to None, run_after=None
[2024-01-30T16:17:58.823+0000] {processor.py:183} INFO - Processing /home/airflow/.local/lib/python3.8/site-packages/airflow/example_dags/example_sensors.py took 0.069 seconds
[2024-01-30T16:18:28.991+0000] {processor.py:161} INFO - Started process (PID=274) to work on /home/airflow/.local/lib/python3.8/site-packages/airflow/example_dags/example_sensors.py
[2024-01-30T16:18:28.992+0000] {processor.py:830} INFO - Processing file /home/airflow/.local/lib/python3.8/site-packages/airflow/example_dags/example_sensors.py for tasks to queue
[2024-01-30T16:18:28.994+0000] {logging_mixin.py:188} INFO - [2024-01-30T16:18:28.994+0000] {dagbag.py:538} INFO - Filling up the DagBag from /home/airflow/.local/lib/python3.8/site-packages/airflow/example_dags/example_sensors.py
[2024-01-30T16:18:29.002+0000] {processor.py:840} INFO - DAG(s) 'example_sensors' retrieved from /home/airflow/.local/lib/python3.8/site-packages/airflow/example_dags/example_sensors.py
[2024-01-30T16:18:29.025+0000] {logging_mixin.py:188} INFO - [2024-01-30T16:18:29.025+0000] {dag.py:3036} INFO - Sync 1 DAGs
[2024-01-30T16:18:29.036+0000] {logging_mixin.py:188} INFO - [2024-01-30T16:18:29.036+0000] {dag.py:3823} INFO - Setting next_dagrun for example_sensors to None, run_after=None
[2024-01-30T16:18:29.053+0000] {processor.py:183} INFO - Processing /home/airflow/.local/lib/python3.8/site-packages/airflow/example_dags/example_sensors.py took 0.064 seconds
[2024-01-30T16:18:59.605+0000] {processor.py:161} INFO - Started process (PID=329) to work on /home/airflow/.local/lib/python3.8/site-packages/airflow/example_dags/example_sensors.py
[2024-01-30T16:18:59.606+0000] {processor.py:830} INFO - Processing file /home/airflow/.local/lib/python3.8/site-packages/airflow/example_dags/example_sensors.py for tasks to queue
[2024-01-30T16:18:59.608+0000] {logging_mixin.py:188} INFO - [2024-01-30T16:18:59.608+0000] {dagbag.py:538} INFO - Filling up the DagBag from /home/airflow/.local/lib/python3.8/site-packages/airflow/example_dags/example_sensors.py
[2024-01-30T16:18:59.616+0000] {processor.py:840} INFO - DAG(s) 'example_sensors' retrieved from /home/airflow/.local/lib/python3.8/site-packages/airflow/example_dags/example_sensors.py
[2024-01-30T16:18:59.640+0000] {logging_mixin.py:188} INFO - [2024-01-30T16:18:59.640+0000] {dag.py:3036} INFO - Sync 1 DAGs
[2024-01-30T16:18:59.650+0000] {logging_mixin.py:188} INFO - [2024-01-30T16:18:59.650+0000] {dag.py:3823} INFO - Setting next_dagrun for example_sensors to None, run_after=None
[2024-01-30T16:18:59.669+0000] {processor.py:183} INFO - Processing /home/airflow/.local/lib/python3.8/site-packages/airflow/example_dags/example_sensors.py took 0.067 seconds
[2024-01-30T16:19:30.291+0000] {processor.py:161} INFO - Started process (PID=384) to work on /home/airflow/.local/lib/python3.8/site-packages/airflow/example_dags/example_sensors.py
[2024-01-30T16:19:30.292+0000] {processor.py:830} INFO - Processing file /home/airflow/.local/lib/python3.8/site-packages/airflow/example_dags/example_sensors.py for tasks to queue
[2024-01-30T16:19:30.293+0000] {logging_mixin.py:188} INFO - [2024-01-30T16:19:30.293+0000] {dagbag.py:538} INFO - Filling up the DagBag from /home/airflow/.local/lib/python3.8/site-packages/airflow/example_dags/example_sensors.py
[2024-01-30T16:19:30.302+0000] {processor.py:840} INFO - DAG(s) 'example_sensors' retrieved from /home/airflow/.local/lib/python3.8/site-packages/airflow/example_dags/example_sensors.py
[2024-01-30T16:19:30.326+0000] {logging_mixin.py:188} INFO - [2024-01-30T16:19:30.325+0000] {dag.py:3036} INFO - Sync 1 DAGs
[2024-01-30T16:19:30.337+0000] {logging_mixin.py:188} INFO - [2024-01-30T16:19:30.337+0000] {dag.py:3823} INFO - Setting next_dagrun for example_sensors to None, run_after=None
[2024-01-30T16:19:30.355+0000] {processor.py:183} INFO - Processing /home/airflow/.local/lib/python3.8/site-packages/airflow/example_dags/example_sensors.py took 0.067 seconds
[2024-01-30T16:20:00.888+0000] {processor.py:161} INFO - Started process (PID=439) to work on /home/airflow/.local/lib/python3.8/site-packages/airflow/example_dags/example_sensors.py
[2024-01-30T16:20:00.889+0000] {processor.py:830} INFO - Processing file /home/airflow/.local/lib/python3.8/site-packages/airflow/example_dags/example_sensors.py for tasks to queue
[2024-01-30T16:20:00.891+0000] {logging_mixin.py:188} INFO - [2024-01-30T16:20:00.890+0000] {dagbag.py:538} INFO - Filling up the DagBag from /home/airflow/.local/lib/python3.8/site-packages/airflow/example_dags/example_sensors.py
[2024-01-30T16:20:00.899+0000] {processor.py:840} INFO - DAG(s) 'example_sensors' retrieved from /home/airflow/.local/lib/python3.8/site-packages/airflow/example_dags/example_sensors.py
[2024-01-30T16:20:00.924+0000] {logging_mixin.py:188} INFO - [2024-01-30T16:20:00.923+0000] {dag.py:3036} INFO - Sync 1 DAGs
[2024-01-30T16:20:00.935+0000] {logging_mixin.py:188} INFO - [2024-01-30T16:20:00.934+0000] {dag.py:3823} INFO - Setting next_dagrun for example_sensors to None, run_after=None
[2024-01-30T16:20:00.951+0000] {processor.py:183} INFO - Processing /home/airflow/.local/lib/python3.8/site-packages/airflow/example_dags/example_sensors.py took 0.066 seconds
[2024-01-30T16:20:31.583+0000] {processor.py:161} INFO - Started process (PID=494) to work on /home/airflow/.local/lib/python3.8/site-packages/airflow/example_dags/example_sensors.py
[2024-01-30T16:20:31.584+0000] {processor.py:830} INFO - Processing file /home/airflow/.local/lib/python3.8/site-packages/airflow/example_dags/example_sensors.py for tasks to queue
[2024-01-30T16:20:31.586+0000] {logging_mixin.py:188} INFO - [2024-01-30T16:20:31.585+0000] {dagbag.py:538} INFO - Filling up the DagBag from /home/airflow/.local/lib/python3.8/site-packages/airflow/example_dags/example_sensors.py
[2024-01-30T16:20:31.594+0000] {processor.py:840} INFO - DAG(s) 'example_sensors' retrieved from /home/airflow/.local/lib/python3.8/site-packages/airflow/example_dags/example_sensors.py
[2024-01-30T16:20:31.617+0000] {logging_mixin.py:188} INFO - [2024-01-30T16:20:31.617+0000] {dag.py:3036} INFO - Sync 1 DAGs
[2024-01-30T16:20:31.628+0000] {logging_mixin.py:188} INFO - [2024-01-30T16:20:31.627+0000] {dag.py:3823} INFO - Setting next_dagrun for example_sensors to None, run_after=None
[2024-01-30T16:20:31.645+0000] {processor.py:183} INFO - Processing /home/airflow/.local/lib/python3.8/site-packages/airflow/example_dags/example_sensors.py took 0.065 seconds
[2024-01-30T16:21:02.299+0000] {processor.py:161} INFO - Started process (PID=549) to work on /home/airflow/.local/lib/python3.8/site-packages/airflow/example_dags/example_sensors.py
[2024-01-30T16:21:02.300+0000] {processor.py:830} INFO - Processing file /home/airflow/.local/lib/python3.8/site-packages/airflow/example_dags/example_sensors.py for tasks to queue
[2024-01-30T16:21:02.302+0000] {logging_mixin.py:188} INFO - [2024-01-30T16:21:02.302+0000] {dagbag.py:538} INFO - Filling up the DagBag from /home/airflow/.local/lib/python3.8/site-packages/airflow/example_dags/example_sensors.py
[2024-01-30T16:21:02.312+0000] {processor.py:840} INFO - DAG(s) 'example_sensors' retrieved from /home/airflow/.local/lib/python3.8/site-packages/airflow/example_dags/example_sensors.py
[2024-01-30T16:21:02.340+0000] {logging_mixin.py:188} INFO - [2024-01-30T16:21:02.340+0000] {dag.py:3036} INFO - Sync 1 DAGs
[2024-01-30T16:21:02.352+0000] {logging_mixin.py:188} INFO - [2024-01-30T16:21:02.351+0000] {dag.py:3823} INFO - Setting next_dagrun for example_sensors to None, run_after=None
[2024-01-30T16:21:02.374+0000] {processor.py:183} INFO - Processing /home/airflow/.local/lib/python3.8/site-packages/airflow/example_dags/example_sensors.py took 0.077 seconds
[2024-01-30T16:21:32.570+0000] {processor.py:161} INFO - Started process (PID=604) to work on /home/airflow/.local/lib/python3.8/site-packages/airflow/example_dags/example_sensors.py
[2024-01-30T16:21:32.571+0000] {processor.py:830} INFO - Processing file /home/airflow/.local/lib/python3.8/site-packages/airflow/example_dags/example_sensors.py for tasks to queue
[2024-01-30T16:21:32.573+0000] {logging_mixin.py:188} INFO - [2024-01-30T16:21:32.573+0000] {dagbag.py:538} INFO - Filling up the DagBag from /home/airflow/.local/lib/python3.8/site-packages/airflow/example_dags/example_sensors.py
[2024-01-30T16:21:32.581+0000] {processor.py:840} INFO - DAG(s) 'example_sensors' retrieved from /home/airflow/.local/lib/python3.8/site-packages/airflow/example_dags/example_sensors.py
[2024-01-30T16:21:32.606+0000] {logging_mixin.py:188} INFO - [2024-01-30T16:21:32.605+0000] {dag.py:3036} INFO - Sync 1 DAGs
[2024-01-30T16:21:32.617+0000] {logging_mixin.py:188} INFO - [2024-01-30T16:21:32.616+0000] {dag.py:3823} INFO - Setting next_dagrun for example_sensors to None, run_after=None
[2024-01-30T16:21:32.637+0000] {processor.py:183} INFO - Processing /home/airflow/.local/lib/python3.8/site-packages/airflow/example_dags/example_sensors.py took 0.070 seconds
[2024-01-30T16:22:02.805+0000] {processor.py:161} INFO - Started process (PID=659) to work on /home/airflow/.local/lib/python3.8/site-packages/airflow/example_dags/example_sensors.py
[2024-01-30T16:22:02.807+0000] {processor.py:830} INFO - Processing file /home/airflow/.local/lib/python3.8/site-packages/airflow/example_dags/example_sensors.py for tasks to queue
[2024-01-30T16:22:02.809+0000] {logging_mixin.py:188} INFO - [2024-01-30T16:22:02.808+0000] {dagbag.py:538} INFO - Filling up the DagBag from /home/airflow/.local/lib/python3.8/site-packages/airflow/example_dags/example_sensors.py
[2024-01-30T16:22:02.817+0000] {processor.py:840} INFO - DAG(s) 'example_sensors' retrieved from /home/airflow/.local/lib/python3.8/site-packages/airflow/example_dags/example_sensors.py
[2024-01-30T16:22:02.845+0000] {logging_mixin.py:188} INFO - [2024-01-30T16:22:02.845+0000] {dag.py:3036} INFO - Sync 1 DAGs
[2024-01-30T16:22:02.859+0000] {logging_mixin.py:188} INFO - [2024-01-30T16:22:02.859+0000] {dag.py:3823} INFO - Setting next_dagrun for example_sensors to None, run_after=None
[2024-01-30T16:22:02.878+0000] {processor.py:183} INFO - Processing /home/airflow/.local/lib/python3.8/site-packages/airflow/example_dags/example_sensors.py took 0.076 seconds
[2024-01-30T16:22:32.954+0000] {processor.py:161} INFO - Started process (PID=714) to work on /home/airflow/.local/lib/python3.8/site-packages/airflow/example_dags/example_sensors.py
[2024-01-30T16:22:32.955+0000] {processor.py:830} INFO - Processing file /home/airflow/.local/lib/python3.8/site-packages/airflow/example_dags/example_sensors.py for tasks to queue
[2024-01-30T16:22:32.956+0000] {logging_mixin.py:188} INFO - [2024-01-30T16:22:32.956+0000] {dagbag.py:538} INFO - Filling up the DagBag from /home/airflow/.local/lib/python3.8/site-packages/airflow/example_dags/example_sensors.py
[2024-01-30T16:22:32.965+0000] {processor.py:840} INFO - DAG(s) 'example_sensors' retrieved from /home/airflow/.local/lib/python3.8/site-packages/airflow/example_dags/example_sensors.py
[2024-01-30T16:22:32.990+0000] {logging_mixin.py:188} INFO - [2024-01-30T16:22:32.990+0000] {dag.py:3036} INFO - Sync 1 DAGs
[2024-01-30T16:22:33.002+0000] {logging_mixin.py:188} INFO - [2024-01-30T16:22:33.002+0000] {dag.py:3823} INFO - Setting next_dagrun for example_sensors to None, run_after=None
[2024-01-30T16:22:33.021+0000] {processor.py:183} INFO - Processing /home/airflow/.local/lib/python3.8/site-packages/airflow/example_dags/example_sensors.py took 0.070 seconds
[2024-01-30T16:23:03.187+0000] {processor.py:161} INFO - Started process (PID=769) to work on /home/airflow/.local/lib/python3.8/site-packages/airflow/example_dags/example_sensors.py
[2024-01-30T16:23:03.188+0000] {processor.py:830} INFO - Processing file /home/airflow/.local/lib/python3.8/site-packages/airflow/example_dags/example_sensors.py for tasks to queue
[2024-01-30T16:23:03.190+0000] {logging_mixin.py:188} INFO - [2024-01-30T16:23:03.189+0000] {dagbag.py:538} INFO - Filling up the DagBag from /home/airflow/.local/lib/python3.8/site-packages/airflow/example_dags/example_sensors.py
[2024-01-30T16:23:03.198+0000] {processor.py:840} INFO - DAG(s) 'example_sensors' retrieved from /home/airflow/.local/lib/python3.8/site-packages/airflow/example_dags/example_sensors.py
[2024-01-30T16:23:03.221+0000] {logging_mixin.py:188} INFO - [2024-01-30T16:23:03.221+0000] {dag.py:3036} INFO - Sync 1 DAGs
[2024-01-30T16:23:03.231+0000] {logging_mixin.py:188} INFO - [2024-01-30T16:23:03.231+0000] {dag.py:3823} INFO - Setting next_dagrun for example_sensors to None, run_after=None
[2024-01-30T16:23:03.249+0000] {processor.py:183} INFO - Processing /home/airflow/.local/lib/python3.8/site-packages/airflow/example_dags/example_sensors.py took 0.065 seconds
[2024-01-30T16:23:33.943+0000] {processor.py:161} INFO - Started process (PID=824) to work on /home/airflow/.local/lib/python3.8/site-packages/airflow/example_dags/example_sensors.py
[2024-01-30T16:23:33.944+0000] {processor.py:830} INFO - Processing file /home/airflow/.local/lib/python3.8/site-packages/airflow/example_dags/example_sensors.py for tasks to queue
[2024-01-30T16:23:33.946+0000] {logging_mixin.py:188} INFO - [2024-01-30T16:23:33.946+0000] {dagbag.py:538} INFO - Filling up the DagBag from /home/airflow/.local/lib/python3.8/site-packages/airflow/example_dags/example_sensors.py
[2024-01-30T16:23:33.955+0000] {processor.py:840} INFO - DAG(s) 'example_sensors' retrieved from /home/airflow/.local/lib/python3.8/site-packages/airflow/example_dags/example_sensors.py
[2024-01-30T16:23:33.980+0000] {logging_mixin.py:188} INFO - [2024-01-30T16:23:33.979+0000] {dag.py:3036} INFO - Sync 1 DAGs
[2024-01-30T16:23:33.991+0000] {logging_mixin.py:188} INFO - [2024-01-30T16:23:33.991+0000] {dag.py:3823} INFO - Setting next_dagrun for example_sensors to None, run_after=None
[2024-01-30T16:23:34.010+0000] {processor.py:183} INFO - Processing /home/airflow/.local/lib/python3.8/site-packages/airflow/example_dags/example_sensors.py took 0.069 seconds
[2024-01-30T16:24:42.244+0000] {processor.py:161} INFO - Started process (PID=54) to work on /home/airflow/.local/lib/python3.8/site-packages/airflow/example_dags/example_sensors.py
[2024-01-30T16:24:42.246+0000] {processor.py:830} INFO - Processing file /home/airflow/.local/lib/python3.8/site-packages/airflow/example_dags/example_sensors.py for tasks to queue
[2024-01-30T16:24:42.248+0000] {logging_mixin.py:188} INFO - [2024-01-30T16:24:42.247+0000] {dagbag.py:538} INFO - Filling up the DagBag from /home/airflow/.local/lib/python3.8/site-packages/airflow/example_dags/example_sensors.py
[2024-01-30T16:24:42.260+0000] {processor.py:840} INFO - DAG(s) 'example_sensors' retrieved from /home/airflow/.local/lib/python3.8/site-packages/airflow/example_dags/example_sensors.py
[2024-01-30T16:24:42.271+0000] {logging_mixin.py:188} INFO - [2024-01-30T16:24:42.270+0000] {dag.py:3036} INFO - Sync 1 DAGs
[2024-01-30T16:24:42.283+0000] {logging_mixin.py:188} INFO - [2024-01-30T16:24:42.283+0000] {dag.py:3823} INFO - Setting next_dagrun for example_sensors to None, run_after=None
[2024-01-30T16:24:42.304+0000] {processor.py:183} INFO - Processing /home/airflow/.local/lib/python3.8/site-packages/airflow/example_dags/example_sensors.py took 0.062 seconds
[2024-01-30T16:25:13.348+0000] {processor.py:161} INFO - Started process (PID=109) to work on /home/airflow/.local/lib/python3.8/site-packages/airflow/example_dags/example_sensors.py
[2024-01-30T16:25:13.349+0000] {processor.py:830} INFO - Processing file /home/airflow/.local/lib/python3.8/site-packages/airflow/example_dags/example_sensors.py for tasks to queue
[2024-01-30T16:25:13.351+0000] {logging_mixin.py:188} INFO - [2024-01-30T16:25:13.351+0000] {dagbag.py:538} INFO - Filling up the DagBag from /home/airflow/.local/lib/python3.8/site-packages/airflow/example_dags/example_sensors.py
[2024-01-30T16:25:13.360+0000] {processor.py:840} INFO - DAG(s) 'example_sensors' retrieved from /home/airflow/.local/lib/python3.8/site-packages/airflow/example_dags/example_sensors.py
[2024-01-30T16:25:13.459+0000] {logging_mixin.py:188} INFO - [2024-01-30T16:25:13.459+0000] {dag.py:3036} INFO - Sync 1 DAGs
[2024-01-30T16:25:13.469+0000] {logging_mixin.py:188} INFO - [2024-01-30T16:25:13.469+0000] {dag.py:3823} INFO - Setting next_dagrun for example_sensors to None, run_after=None
[2024-01-30T16:25:13.487+0000] {processor.py:183} INFO - Processing /home/airflow/.local/lib/python3.8/site-packages/airflow/example_dags/example_sensors.py took 0.142 seconds
[2024-01-30T16:26:20.990+0000] {processor.py:161} INFO - Started process (PID=54) to work on /home/airflow/.local/lib/python3.8/site-packages/airflow/example_dags/example_sensors.py
[2024-01-30T16:26:20.991+0000] {processor.py:830} INFO - Processing file /home/airflow/.local/lib/python3.8/site-packages/airflow/example_dags/example_sensors.py for tasks to queue
[2024-01-30T16:26:20.993+0000] {logging_mixin.py:188} INFO - [2024-01-30T16:26:20.993+0000] {dagbag.py:538} INFO - Filling up the DagBag from /home/airflow/.local/lib/python3.8/site-packages/airflow/example_dags/example_sensors.py
[2024-01-30T16:26:21.005+0000] {processor.py:840} INFO - DAG(s) 'example_sensors' retrieved from /home/airflow/.local/lib/python3.8/site-packages/airflow/example_dags/example_sensors.py
[2024-01-30T16:26:21.016+0000] {logging_mixin.py:188} INFO - [2024-01-30T16:26:21.016+0000] {dag.py:3036} INFO - Sync 1 DAGs
[2024-01-30T16:26:21.029+0000] {logging_mixin.py:188} INFO - [2024-01-30T16:26:21.029+0000] {dag.py:3823} INFO - Setting next_dagrun for example_sensors to None, run_after=None
[2024-01-30T16:26:21.049+0000] {processor.py:183} INFO - Processing /home/airflow/.local/lib/python3.8/site-packages/airflow/example_dags/example_sensors.py took 0.062 seconds
[2024-01-30T16:26:52.039+0000] {processor.py:161} INFO - Started process (PID=109) to work on /home/airflow/.local/lib/python3.8/site-packages/airflow/example_dags/example_sensors.py
[2024-01-30T16:26:52.040+0000] {processor.py:830} INFO - Processing file /home/airflow/.local/lib/python3.8/site-packages/airflow/example_dags/example_sensors.py for tasks to queue
[2024-01-30T16:26:52.042+0000] {logging_mixin.py:188} INFO - [2024-01-30T16:26:52.042+0000] {dagbag.py:538} INFO - Filling up the DagBag from /home/airflow/.local/lib/python3.8/site-packages/airflow/example_dags/example_sensors.py
[2024-01-30T16:26:52.050+0000] {processor.py:840} INFO - DAG(s) 'example_sensors' retrieved from /home/airflow/.local/lib/python3.8/site-packages/airflow/example_dags/example_sensors.py
[2024-01-30T16:26:52.146+0000] {logging_mixin.py:188} INFO - [2024-01-30T16:26:52.146+0000] {dag.py:3036} INFO - Sync 1 DAGs
[2024-01-30T16:26:52.155+0000] {logging_mixin.py:188} INFO - [2024-01-30T16:26:52.155+0000] {dag.py:3823} INFO - Setting next_dagrun for example_sensors to None, run_after=None
[2024-01-30T16:26:52.173+0000] {processor.py:183} INFO - Processing /home/airflow/.local/lib/python3.8/site-packages/airflow/example_dags/example_sensors.py took 0.137 seconds
[2024-01-30T16:27:22.218+0000] {processor.py:161} INFO - Started process (PID=164) to work on /home/airflow/.local/lib/python3.8/site-packages/airflow/example_dags/example_sensors.py
[2024-01-30T16:27:22.219+0000] {processor.py:830} INFO - Processing file /home/airflow/.local/lib/python3.8/site-packages/airflow/example_dags/example_sensors.py for tasks to queue
[2024-01-30T16:27:22.221+0000] {logging_mixin.py:188} INFO - [2024-01-30T16:27:22.220+0000] {dagbag.py:538} INFO - Filling up the DagBag from /home/airflow/.local/lib/python3.8/site-packages/airflow/example_dags/example_sensors.py
[2024-01-30T16:27:22.229+0000] {processor.py:840} INFO - DAG(s) 'example_sensors' retrieved from /home/airflow/.local/lib/python3.8/site-packages/airflow/example_dags/example_sensors.py
[2024-01-30T16:27:22.252+0000] {logging_mixin.py:188} INFO - [2024-01-30T16:27:22.252+0000] {dag.py:3036} INFO - Sync 1 DAGs
[2024-01-30T16:27:22.263+0000] {logging_mixin.py:188} INFO - [2024-01-30T16:27:22.262+0000] {dag.py:3823} INFO - Setting next_dagrun for example_sensors to None, run_after=None
[2024-01-30T16:27:22.281+0000] {processor.py:183} INFO - Processing /home/airflow/.local/lib/python3.8/site-packages/airflow/example_dags/example_sensors.py took 0.065 seconds
[2024-01-30T16:27:52.368+0000] {processor.py:161} INFO - Started process (PID=219) to work on /home/airflow/.local/lib/python3.8/site-packages/airflow/example_dags/example_sensors.py
[2024-01-30T16:27:52.369+0000] {processor.py:830} INFO - Processing file /home/airflow/.local/lib/python3.8/site-packages/airflow/example_dags/example_sensors.py for tasks to queue
[2024-01-30T16:27:52.371+0000] {logging_mixin.py:188} INFO - [2024-01-30T16:27:52.371+0000] {dagbag.py:538} INFO - Filling up the DagBag from /home/airflow/.local/lib/python3.8/site-packages/airflow/example_dags/example_sensors.py
[2024-01-30T16:27:52.380+0000] {processor.py:840} INFO - DAG(s) 'example_sensors' retrieved from /home/airflow/.local/lib/python3.8/site-packages/airflow/example_dags/example_sensors.py
[2024-01-30T16:27:52.405+0000] {logging_mixin.py:188} INFO - [2024-01-30T16:27:52.404+0000] {dag.py:3036} INFO - Sync 1 DAGs
[2024-01-30T16:27:52.416+0000] {logging_mixin.py:188} INFO - [2024-01-30T16:27:52.415+0000] {dag.py:3823} INFO - Setting next_dagrun for example_sensors to None, run_after=None
[2024-01-30T16:27:52.434+0000] {processor.py:183} INFO - Processing /home/airflow/.local/lib/python3.8/site-packages/airflow/example_dags/example_sensors.py took 0.069 seconds
[2024-01-30T16:28:22.983+0000] {processor.py:161} INFO - Started process (PID=274) to work on /home/airflow/.local/lib/python3.8/site-packages/airflow/example_dags/example_sensors.py
[2024-01-30T16:28:22.984+0000] {processor.py:830} INFO - Processing file /home/airflow/.local/lib/python3.8/site-packages/airflow/example_dags/example_sensors.py for tasks to queue
[2024-01-30T16:28:22.985+0000] {logging_mixin.py:188} INFO - [2024-01-30T16:28:22.985+0000] {dagbag.py:538} INFO - Filling up the DagBag from /home/airflow/.local/lib/python3.8/site-packages/airflow/example_dags/example_sensors.py
[2024-01-30T16:28:22.993+0000] {processor.py:840} INFO - DAG(s) 'example_sensors' retrieved from /home/airflow/.local/lib/python3.8/site-packages/airflow/example_dags/example_sensors.py
[2024-01-30T16:28:23.017+0000] {logging_mixin.py:188} INFO - [2024-01-30T16:28:23.017+0000] {dag.py:3036} INFO - Sync 1 DAGs
[2024-01-30T16:28:23.028+0000] {logging_mixin.py:188} INFO - [2024-01-30T16:28:23.028+0000] {dag.py:3823} INFO - Setting next_dagrun for example_sensors to None, run_after=None
[2024-01-30T16:28:23.046+0000] {processor.py:183} INFO - Processing /home/airflow/.local/lib/python3.8/site-packages/airflow/example_dags/example_sensors.py took 0.066 seconds
[2024-01-30T16:28:53.681+0000] {processor.py:161} INFO - Started process (PID=329) to work on /home/airflow/.local/lib/python3.8/site-packages/airflow/example_dags/example_sensors.py
[2024-01-30T16:28:53.682+0000] {processor.py:830} INFO - Processing file /home/airflow/.local/lib/python3.8/site-packages/airflow/example_dags/example_sensors.py for tasks to queue
[2024-01-30T16:28:53.684+0000] {logging_mixin.py:188} INFO - [2024-01-30T16:28:53.683+0000] {dagbag.py:538} INFO - Filling up the DagBag from /home/airflow/.local/lib/python3.8/site-packages/airflow/example_dags/example_sensors.py
[2024-01-30T16:28:53.693+0000] {processor.py:840} INFO - DAG(s) 'example_sensors' retrieved from /home/airflow/.local/lib/python3.8/site-packages/airflow/example_dags/example_sensors.py
[2024-01-30T16:28:53.717+0000] {logging_mixin.py:188} INFO - [2024-01-30T16:28:53.717+0000] {dag.py:3036} INFO - Sync 1 DAGs
[2024-01-30T16:28:53.730+0000] {logging_mixin.py:188} INFO - [2024-01-30T16:28:53.730+0000] {dag.py:3823} INFO - Setting next_dagrun for example_sensors to None, run_after=None
[2024-01-30T16:28:53.750+0000] {processor.py:183} INFO - Processing /home/airflow/.local/lib/python3.8/site-packages/airflow/example_dags/example_sensors.py took 0.072 seconds
[2024-01-30T16:29:24.363+0000] {processor.py:161} INFO - Started process (PID=384) to work on /home/airflow/.local/lib/python3.8/site-packages/airflow/example_dags/example_sensors.py
[2024-01-30T16:29:24.364+0000] {processor.py:830} INFO - Processing file /home/airflow/.local/lib/python3.8/site-packages/airflow/example_dags/example_sensors.py for tasks to queue
[2024-01-30T16:29:24.366+0000] {logging_mixin.py:188} INFO - [2024-01-30T16:29:24.366+0000] {dagbag.py:538} INFO - Filling up the DagBag from /home/airflow/.local/lib/python3.8/site-packages/airflow/example_dags/example_sensors.py
[2024-01-30T16:29:24.374+0000] {processor.py:840} INFO - DAG(s) 'example_sensors' retrieved from /home/airflow/.local/lib/python3.8/site-packages/airflow/example_dags/example_sensors.py
[2024-01-30T16:29:24.398+0000] {logging_mixin.py:188} INFO - [2024-01-30T16:29:24.398+0000] {dag.py:3036} INFO - Sync 1 DAGs
[2024-01-30T16:29:24.409+0000] {logging_mixin.py:188} INFO - [2024-01-30T16:29:24.409+0000] {dag.py:3823} INFO - Setting next_dagrun for example_sensors to None, run_after=None
[2024-01-30T16:29:24.428+0000] {processor.py:183} INFO - Processing /home/airflow/.local/lib/python3.8/site-packages/airflow/example_dags/example_sensors.py took 0.068 seconds
[2024-01-30T16:29:55.060+0000] {processor.py:161} INFO - Started process (PID=439) to work on /home/airflow/.local/lib/python3.8/site-packages/airflow/example_dags/example_sensors.py
[2024-01-30T16:29:55.061+0000] {processor.py:830} INFO - Processing file /home/airflow/.local/lib/python3.8/site-packages/airflow/example_dags/example_sensors.py for tasks to queue
[2024-01-30T16:29:55.063+0000] {logging_mixin.py:188} INFO - [2024-01-30T16:29:55.063+0000] {dagbag.py:538} INFO - Filling up the DagBag from /home/airflow/.local/lib/python3.8/site-packages/airflow/example_dags/example_sensors.py
[2024-01-30T16:29:55.072+0000] {processor.py:840} INFO - DAG(s) 'example_sensors' retrieved from /home/airflow/.local/lib/python3.8/site-packages/airflow/example_dags/example_sensors.py
[2024-01-30T16:29:55.098+0000] {logging_mixin.py:188} INFO - [2024-01-30T16:29:55.098+0000] {dag.py:3036} INFO - Sync 1 DAGs
[2024-01-30T16:29:55.111+0000] {logging_mixin.py:188} INFO - [2024-01-30T16:29:55.111+0000] {dag.py:3823} INFO - Setting next_dagrun for example_sensors to None, run_after=None
[2024-01-30T16:29:55.132+0000] {processor.py:183} INFO - Processing /home/airflow/.local/lib/python3.8/site-packages/airflow/example_dags/example_sensors.py took 0.075 seconds
[2024-01-30T16:30:25.870+0000] {processor.py:161} INFO - Started process (PID=494) to work on /home/airflow/.local/lib/python3.8/site-packages/airflow/example_dags/example_sensors.py
[2024-01-30T16:30:25.871+0000] {processor.py:830} INFO - Processing file /home/airflow/.local/lib/python3.8/site-packages/airflow/example_dags/example_sensors.py for tasks to queue
[2024-01-30T16:30:25.872+0000] {logging_mixin.py:188} INFO - [2024-01-30T16:30:25.872+0000] {dagbag.py:538} INFO - Filling up the DagBag from /home/airflow/.local/lib/python3.8/site-packages/airflow/example_dags/example_sensors.py
[2024-01-30T16:30:25.881+0000] {processor.py:840} INFO - DAG(s) 'example_sensors' retrieved from /home/airflow/.local/lib/python3.8/site-packages/airflow/example_dags/example_sensors.py
[2024-01-30T16:30:25.906+0000] {logging_mixin.py:188} INFO - [2024-01-30T16:30:25.905+0000] {dag.py:3036} INFO - Sync 1 DAGs
[2024-01-30T16:30:25.918+0000] {logging_mixin.py:188} INFO - [2024-01-30T16:30:25.918+0000] {dag.py:3823} INFO - Setting next_dagrun for example_sensors to None, run_after=None
[2024-01-30T16:30:25.938+0000] {processor.py:183} INFO - Processing /home/airflow/.local/lib/python3.8/site-packages/airflow/example_dags/example_sensors.py took 0.071 seconds
[2024-01-30T16:30:56.168+0000] {processor.py:161} INFO - Started process (PID=549) to work on /home/airflow/.local/lib/python3.8/site-packages/airflow/example_dags/example_sensors.py
[2024-01-30T16:30:56.169+0000] {processor.py:830} INFO - Processing file /home/airflow/.local/lib/python3.8/site-packages/airflow/example_dags/example_sensors.py for tasks to queue
[2024-01-30T16:30:56.171+0000] {logging_mixin.py:188} INFO - [2024-01-30T16:30:56.171+0000] {dagbag.py:538} INFO - Filling up the DagBag from /home/airflow/.local/lib/python3.8/site-packages/airflow/example_dags/example_sensors.py
[2024-01-30T16:30:56.180+0000] {processor.py:840} INFO - DAG(s) 'example_sensors' retrieved from /home/airflow/.local/lib/python3.8/site-packages/airflow/example_dags/example_sensors.py
[2024-01-30T16:30:56.207+0000] {logging_mixin.py:188} INFO - [2024-01-30T16:30:56.207+0000] {dag.py:3036} INFO - Sync 1 DAGs
[2024-01-30T16:30:56.220+0000] {logging_mixin.py:188} INFO - [2024-01-30T16:30:56.220+0000] {dag.py:3823} INFO - Setting next_dagrun for example_sensors to None, run_after=None
[2024-01-30T16:30:56.243+0000] {processor.py:183} INFO - Processing /home/airflow/.local/lib/python3.8/site-packages/airflow/example_dags/example_sensors.py took 0.079 seconds
[2024-01-30T16:31:26.533+0000] {processor.py:161} INFO - Started process (PID=604) to work on /home/airflow/.local/lib/python3.8/site-packages/airflow/example_dags/example_sensors.py
[2024-01-30T16:31:26.534+0000] {processor.py:830} INFO - Processing file /home/airflow/.local/lib/python3.8/site-packages/airflow/example_dags/example_sensors.py for tasks to queue
[2024-01-30T16:31:26.535+0000] {logging_mixin.py:188} INFO - [2024-01-30T16:31:26.535+0000] {dagbag.py:538} INFO - Filling up the DagBag from /home/airflow/.local/lib/python3.8/site-packages/airflow/example_dags/example_sensors.py
[2024-01-30T16:31:26.543+0000] {processor.py:840} INFO - DAG(s) 'example_sensors' retrieved from /home/airflow/.local/lib/python3.8/site-packages/airflow/example_dags/example_sensors.py
[2024-01-30T16:31:26.568+0000] {logging_mixin.py:188} INFO - [2024-01-30T16:31:26.568+0000] {dag.py:3036} INFO - Sync 1 DAGs
[2024-01-30T16:31:26.581+0000] {logging_mixin.py:188} INFO - [2024-01-30T16:31:26.580+0000] {dag.py:3823} INFO - Setting next_dagrun for example_sensors to None, run_after=None
[2024-01-30T16:31:26.599+0000] {processor.py:183} INFO - Processing /home/airflow/.local/lib/python3.8/site-packages/airflow/example_dags/example_sensors.py took 0.069 seconds
[2024-01-30T16:31:56.831+0000] {processor.py:161} INFO - Started process (PID=659) to work on /home/airflow/.local/lib/python3.8/site-packages/airflow/example_dags/example_sensors.py
[2024-01-30T16:31:56.832+0000] {processor.py:830} INFO - Processing file /home/airflow/.local/lib/python3.8/site-packages/airflow/example_dags/example_sensors.py for tasks to queue
[2024-01-30T16:31:56.834+0000] {logging_mixin.py:188} INFO - [2024-01-30T16:31:56.833+0000] {dagbag.py:538} INFO - Filling up the DagBag from /home/airflow/.local/lib/python3.8/site-packages/airflow/example_dags/example_sensors.py
[2024-01-30T16:31:56.842+0000] {processor.py:840} INFO - DAG(s) 'example_sensors' retrieved from /home/airflow/.local/lib/python3.8/site-packages/airflow/example_dags/example_sensors.py
[2024-01-30T16:31:56.865+0000] {logging_mixin.py:188} INFO - [2024-01-30T16:31:56.865+0000] {dag.py:3036} INFO - Sync 1 DAGs
[2024-01-30T16:31:56.876+0000] {logging_mixin.py:188} INFO - [2024-01-30T16:31:56.876+0000] {dag.py:3823} INFO - Setting next_dagrun for example_sensors to None, run_after=None
[2024-01-30T16:31:56.894+0000] {processor.py:183} INFO - Processing /home/airflow/.local/lib/python3.8/site-packages/airflow/example_dags/example_sensors.py took 0.066 seconds
[2024-01-30T16:32:27.036+0000] {processor.py:161} INFO - Started process (PID=714) to work on /home/airflow/.local/lib/python3.8/site-packages/airflow/example_dags/example_sensors.py
[2024-01-30T16:32:27.037+0000] {processor.py:830} INFO - Processing file /home/airflow/.local/lib/python3.8/site-packages/airflow/example_dags/example_sensors.py for tasks to queue
[2024-01-30T16:32:27.039+0000] {logging_mixin.py:188} INFO - [2024-01-30T16:32:27.039+0000] {dagbag.py:538} INFO - Filling up the DagBag from /home/airflow/.local/lib/python3.8/site-packages/airflow/example_dags/example_sensors.py
[2024-01-30T16:32:27.047+0000] {processor.py:840} INFO - DAG(s) 'example_sensors' retrieved from /home/airflow/.local/lib/python3.8/site-packages/airflow/example_dags/example_sensors.py
[2024-01-30T16:32:27.071+0000] {logging_mixin.py:188} INFO - [2024-01-30T16:32:27.071+0000] {dag.py:3036} INFO - Sync 1 DAGs
[2024-01-30T16:32:27.082+0000] {logging_mixin.py:188} INFO - [2024-01-30T16:32:27.082+0000] {dag.py:3823} INFO - Setting next_dagrun for example_sensors to None, run_after=None
[2024-01-30T16:32:27.100+0000] {processor.py:183} INFO - Processing /home/airflow/.local/lib/python3.8/site-packages/airflow/example_dags/example_sensors.py took 0.066 seconds
[2024-01-30T16:32:57.364+0000] {processor.py:161} INFO - Started process (PID=769) to work on /home/airflow/.local/lib/python3.8/site-packages/airflow/example_dags/example_sensors.py
[2024-01-30T16:32:57.365+0000] {processor.py:830} INFO - Processing file /home/airflow/.local/lib/python3.8/site-packages/airflow/example_dags/example_sensors.py for tasks to queue
[2024-01-30T16:32:57.367+0000] {logging_mixin.py:188} INFO - [2024-01-30T16:32:57.366+0000] {dagbag.py:538} INFO - Filling up the DagBag from /home/airflow/.local/lib/python3.8/site-packages/airflow/example_dags/example_sensors.py
[2024-01-30T16:32:57.377+0000] {processor.py:840} INFO - DAG(s) 'example_sensors' retrieved from /home/airflow/.local/lib/python3.8/site-packages/airflow/example_dags/example_sensors.py
[2024-01-30T16:32:57.404+0000] {logging_mixin.py:188} INFO - [2024-01-30T16:32:57.404+0000] {dag.py:3036} INFO - Sync 1 DAGs
[2024-01-30T16:32:57.416+0000] {logging_mixin.py:188} INFO - [2024-01-30T16:32:57.416+0000] {dag.py:3823} INFO - Setting next_dagrun for example_sensors to None, run_after=None
[2024-01-30T16:32:57.439+0000] {processor.py:183} INFO - Processing /home/airflow/.local/lib/python3.8/site-packages/airflow/example_dags/example_sensors.py took 0.079 seconds
[2024-01-30T16:33:27.683+0000] {processor.py:161} INFO - Started process (PID=824) to work on /home/airflow/.local/lib/python3.8/site-packages/airflow/example_dags/example_sensors.py
[2024-01-30T16:33:27.684+0000] {processor.py:830} INFO - Processing file /home/airflow/.local/lib/python3.8/site-packages/airflow/example_dags/example_sensors.py for tasks to queue
[2024-01-30T16:33:27.686+0000] {logging_mixin.py:188} INFO - [2024-01-30T16:33:27.685+0000] {dagbag.py:538} INFO - Filling up the DagBag from /home/airflow/.local/lib/python3.8/site-packages/airflow/example_dags/example_sensors.py
[2024-01-30T16:33:27.694+0000] {processor.py:840} INFO - DAG(s) 'example_sensors' retrieved from /home/airflow/.local/lib/python3.8/site-packages/airflow/example_dags/example_sensors.py
[2024-01-30T16:33:27.718+0000] {logging_mixin.py:188} INFO - [2024-01-30T16:33:27.718+0000] {dag.py:3036} INFO - Sync 1 DAGs
[2024-01-30T16:33:27.729+0000] {logging_mixin.py:188} INFO - [2024-01-30T16:33:27.729+0000] {dag.py:3823} INFO - Setting next_dagrun for example_sensors to None, run_after=None
[2024-01-30T16:33:27.748+0000] {processor.py:183} INFO - Processing /home/airflow/.local/lib/python3.8/site-packages/airflow/example_dags/example_sensors.py took 0.068 seconds
[2024-01-30T16:33:58.053+0000] {processor.py:161} INFO - Started process (PID=879) to work on /home/airflow/.local/lib/python3.8/site-packages/airflow/example_dags/example_sensors.py
[2024-01-30T16:33:58.054+0000] {processor.py:830} INFO - Processing file /home/airflow/.local/lib/python3.8/site-packages/airflow/example_dags/example_sensors.py for tasks to queue
[2024-01-30T16:33:58.056+0000] {logging_mixin.py:188} INFO - [2024-01-30T16:33:58.056+0000] {dagbag.py:538} INFO - Filling up the DagBag from /home/airflow/.local/lib/python3.8/site-packages/airflow/example_dags/example_sensors.py
[2024-01-30T16:33:58.064+0000] {processor.py:840} INFO - DAG(s) 'example_sensors' retrieved from /home/airflow/.local/lib/python3.8/site-packages/airflow/example_dags/example_sensors.py
[2024-01-30T16:33:58.088+0000] {logging_mixin.py:188} INFO - [2024-01-30T16:33:58.088+0000] {dag.py:3036} INFO - Sync 1 DAGs
[2024-01-30T16:33:58.099+0000] {logging_mixin.py:188} INFO - [2024-01-30T16:33:58.098+0000] {dag.py:3823} INFO - Setting next_dagrun for example_sensors to None, run_after=None
[2024-01-30T16:33:58.117+0000] {processor.py:183} INFO - Processing /home/airflow/.local/lib/python3.8/site-packages/airflow/example_dags/example_sensors.py took 0.066 seconds
[2024-01-30T16:34:28.445+0000] {processor.py:161} INFO - Started process (PID=934) to work on /home/airflow/.local/lib/python3.8/site-packages/airflow/example_dags/example_sensors.py
[2024-01-30T16:34:28.446+0000] {processor.py:830} INFO - Processing file /home/airflow/.local/lib/python3.8/site-packages/airflow/example_dags/example_sensors.py for tasks to queue
[2024-01-30T16:34:28.448+0000] {logging_mixin.py:188} INFO - [2024-01-30T16:34:28.448+0000] {dagbag.py:538} INFO - Filling up the DagBag from /home/airflow/.local/lib/python3.8/site-packages/airflow/example_dags/example_sensors.py
[2024-01-30T16:34:28.456+0000] {processor.py:840} INFO - DAG(s) 'example_sensors' retrieved from /home/airflow/.local/lib/python3.8/site-packages/airflow/example_dags/example_sensors.py
[2024-01-30T16:34:28.484+0000] {logging_mixin.py:188} INFO - [2024-01-30T16:34:28.484+0000] {dag.py:3036} INFO - Sync 1 DAGs
[2024-01-30T16:34:28.496+0000] {logging_mixin.py:188} INFO - [2024-01-30T16:34:28.496+0000] {dag.py:3823} INFO - Setting next_dagrun for example_sensors to None, run_after=None
[2024-01-30T16:34:28.517+0000] {processor.py:183} INFO - Processing /home/airflow/.local/lib/python3.8/site-packages/airflow/example_dags/example_sensors.py took 0.075 seconds
[2024-01-30T16:34:58.782+0000] {processor.py:161} INFO - Started process (PID=989) to work on /home/airflow/.local/lib/python3.8/site-packages/airflow/example_dags/example_sensors.py
[2024-01-30T16:34:58.783+0000] {processor.py:830} INFO - Processing file /home/airflow/.local/lib/python3.8/site-packages/airflow/example_dags/example_sensors.py for tasks to queue
[2024-01-30T16:34:58.785+0000] {logging_mixin.py:188} INFO - [2024-01-30T16:34:58.784+0000] {dagbag.py:538} INFO - Filling up the DagBag from /home/airflow/.local/lib/python3.8/site-packages/airflow/example_dags/example_sensors.py
[2024-01-30T16:34:58.793+0000] {processor.py:840} INFO - DAG(s) 'example_sensors' retrieved from /home/airflow/.local/lib/python3.8/site-packages/airflow/example_dags/example_sensors.py
[2024-01-30T16:34:58.817+0000] {logging_mixin.py:188} INFO - [2024-01-30T16:34:58.817+0000] {dag.py:3036} INFO - Sync 1 DAGs
[2024-01-30T16:34:58.829+0000] {logging_mixin.py:188} INFO - [2024-01-30T16:34:58.829+0000] {dag.py:3823} INFO - Setting next_dagrun for example_sensors to None, run_after=None
[2024-01-30T16:34:58.848+0000] {processor.py:183} INFO - Processing /home/airflow/.local/lib/python3.8/site-packages/airflow/example_dags/example_sensors.py took 0.068 seconds
[2024-01-30T16:35:28.957+0000] {processor.py:161} INFO - Started process (PID=1044) to work on /home/airflow/.local/lib/python3.8/site-packages/airflow/example_dags/example_sensors.py
[2024-01-30T16:35:28.958+0000] {processor.py:830} INFO - Processing file /home/airflow/.local/lib/python3.8/site-packages/airflow/example_dags/example_sensors.py for tasks to queue
[2024-01-30T16:35:28.960+0000] {logging_mixin.py:188} INFO - [2024-01-30T16:35:28.960+0000] {dagbag.py:538} INFO - Filling up the DagBag from /home/airflow/.local/lib/python3.8/site-packages/airflow/example_dags/example_sensors.py
[2024-01-30T16:35:28.968+0000] {processor.py:840} INFO - DAG(s) 'example_sensors' retrieved from /home/airflow/.local/lib/python3.8/site-packages/airflow/example_dags/example_sensors.py
[2024-01-30T16:35:28.992+0000] {logging_mixin.py:188} INFO - [2024-01-30T16:35:28.992+0000] {dag.py:3036} INFO - Sync 1 DAGs
[2024-01-30T16:35:29.004+0000] {logging_mixin.py:188} INFO - [2024-01-30T16:35:29.004+0000] {dag.py:3823} INFO - Setting next_dagrun for example_sensors to None, run_after=None
[2024-01-30T16:35:29.022+0000] {processor.py:183} INFO - Processing /home/airflow/.local/lib/python3.8/site-packages/airflow/example_dags/example_sensors.py took 0.067 seconds
[2024-01-30T16:35:59.106+0000] {processor.py:161} INFO - Started process (PID=1099) to work on /home/airflow/.local/lib/python3.8/site-packages/airflow/example_dags/example_sensors.py
[2024-01-30T16:35:59.108+0000] {processor.py:830} INFO - Processing file /home/airflow/.local/lib/python3.8/site-packages/airflow/example_dags/example_sensors.py for tasks to queue
[2024-01-30T16:35:59.109+0000] {logging_mixin.py:188} INFO - [2024-01-30T16:35:59.109+0000] {dagbag.py:538} INFO - Filling up the DagBag from /home/airflow/.local/lib/python3.8/site-packages/airflow/example_dags/example_sensors.py
[2024-01-30T16:35:59.117+0000] {processor.py:840} INFO - DAG(s) 'example_sensors' retrieved from /home/airflow/.local/lib/python3.8/site-packages/airflow/example_dags/example_sensors.py
[2024-01-30T16:35:59.141+0000] {logging_mixin.py:188} INFO - [2024-01-30T16:35:59.141+0000] {dag.py:3036} INFO - Sync 1 DAGs
[2024-01-30T16:35:59.152+0000] {logging_mixin.py:188} INFO - [2024-01-30T16:35:59.152+0000] {dag.py:3823} INFO - Setting next_dagrun for example_sensors to None, run_after=None
[2024-01-30T16:35:59.170+0000] {processor.py:183} INFO - Processing /home/airflow/.local/lib/python3.8/site-packages/airflow/example_dags/example_sensors.py took 0.067 seconds
[2024-01-30T16:36:30.090+0000] {processor.py:161} INFO - Started process (PID=1154) to work on /home/airflow/.local/lib/python3.8/site-packages/airflow/example_dags/example_sensors.py
[2024-01-30T16:36:30.091+0000] {processor.py:830} INFO - Processing file /home/airflow/.local/lib/python3.8/site-packages/airflow/example_dags/example_sensors.py for tasks to queue
[2024-01-30T16:36:30.092+0000] {logging_mixin.py:188} INFO - [2024-01-30T16:36:30.092+0000] {dagbag.py:538} INFO - Filling up the DagBag from /home/airflow/.local/lib/python3.8/site-packages/airflow/example_dags/example_sensors.py
[2024-01-30T16:36:30.101+0000] {processor.py:840} INFO - DAG(s) 'example_sensors' retrieved from /home/airflow/.local/lib/python3.8/site-packages/airflow/example_dags/example_sensors.py
[2024-01-30T16:36:30.126+0000] {logging_mixin.py:188} INFO - [2024-01-30T16:36:30.126+0000] {dag.py:3036} INFO - Sync 1 DAGs
[2024-01-30T16:36:30.137+0000] {logging_mixin.py:188} INFO - [2024-01-30T16:36:30.137+0000] {dag.py:3823} INFO - Setting next_dagrun for example_sensors to None, run_after=None
[2024-01-30T16:36:30.157+0000] {processor.py:183} INFO - Processing /home/airflow/.local/lib/python3.8/site-packages/airflow/example_dags/example_sensors.py took 0.070 seconds
[2024-01-30T16:37:00.229+0000] {processor.py:161} INFO - Started process (PID=1209) to work on /home/airflow/.local/lib/python3.8/site-packages/airflow/example_dags/example_sensors.py
[2024-01-30T16:37:00.230+0000] {processor.py:830} INFO - Processing file /home/airflow/.local/lib/python3.8/site-packages/airflow/example_dags/example_sensors.py for tasks to queue
[2024-01-30T16:37:00.231+0000] {logging_mixin.py:188} INFO - [2024-01-30T16:37:00.231+0000] {dagbag.py:538} INFO - Filling up the DagBag from /home/airflow/.local/lib/python3.8/site-packages/airflow/example_dags/example_sensors.py
[2024-01-30T16:37:00.240+0000] {processor.py:840} INFO - DAG(s) 'example_sensors' retrieved from /home/airflow/.local/lib/python3.8/site-packages/airflow/example_dags/example_sensors.py
[2024-01-30T16:37:00.264+0000] {logging_mixin.py:188} INFO - [2024-01-30T16:37:00.264+0000] {dag.py:3036} INFO - Sync 1 DAGs
[2024-01-30T16:37:00.275+0000] {logging_mixin.py:188} INFO - [2024-01-30T16:37:00.275+0000] {dag.py:3823} INFO - Setting next_dagrun for example_sensors to None, run_after=None
[2024-01-30T16:37:00.293+0000] {processor.py:183} INFO - Processing /home/airflow/.local/lib/python3.8/site-packages/airflow/example_dags/example_sensors.py took 0.068 seconds
[2024-01-30T16:37:31.098+0000] {processor.py:161} INFO - Started process (PID=1264) to work on /home/airflow/.local/lib/python3.8/site-packages/airflow/example_dags/example_sensors.py
[2024-01-30T16:37:31.099+0000] {processor.py:830} INFO - Processing file /home/airflow/.local/lib/python3.8/site-packages/airflow/example_dags/example_sensors.py for tasks to queue
[2024-01-30T16:37:31.101+0000] {logging_mixin.py:188} INFO - [2024-01-30T16:37:31.101+0000] {dagbag.py:538} INFO - Filling up the DagBag from /home/airflow/.local/lib/python3.8/site-packages/airflow/example_dags/example_sensors.py
[2024-01-30T16:37:31.109+0000] {processor.py:840} INFO - DAG(s) 'example_sensors' retrieved from /home/airflow/.local/lib/python3.8/site-packages/airflow/example_dags/example_sensors.py
[2024-01-30T16:37:31.134+0000] {logging_mixin.py:188} INFO - [2024-01-30T16:37:31.134+0000] {dag.py:3036} INFO - Sync 1 DAGs
[2024-01-30T16:37:31.146+0000] {logging_mixin.py:188} INFO - [2024-01-30T16:37:31.146+0000] {dag.py:3823} INFO - Setting next_dagrun for example_sensors to None, run_after=None
[2024-01-30T16:37:31.165+0000] {processor.py:183} INFO - Processing /home/airflow/.local/lib/python3.8/site-packages/airflow/example_dags/example_sensors.py took 0.070 seconds
