[2024-01-30T16:16:26.080+0000] {processor.py:161} INFO - Started process (PID=64) to work on /home/airflow/.local/lib/python3.8/site-packages/airflow/example_dags/example_branch_labels.py
[2024-01-30T16:16:26.082+0000] {processor.py:830} INFO - Processing file /home/airflow/.local/lib/python3.8/site-packages/airflow/example_dags/example_branch_labels.py for tasks to queue
[2024-01-30T16:16:26.084+0000] {logging_mixin.py:188} INFO - [2024-01-30T16:16:26.083+0000] {dagbag.py:538} INFO - Filling up the DagBag from /home/airflow/.local/lib/python3.8/site-packages/airflow/example_dags/example_branch_labels.py
[2024-01-30T16:16:26.094+0000] {processor.py:840} INFO - DAG(s) 'example_branch_labels' retrieved from /home/airflow/.local/lib/python3.8/site-packages/airflow/example_dags/example_branch_labels.py
[2024-01-30T16:16:26.106+0000] {logging_mixin.py:188} INFO - [2024-01-30T16:16:26.106+0000] {dag.py:3036} INFO - Sync 1 DAGs
[2024-01-30T16:16:26.130+0000] {logging_mixin.py:188} INFO - [2024-01-30T16:16:26.130+0000] {dag.py:3823} INFO - Setting next_dagrun for example_branch_labels to 2024-01-29 00:00:00+00:00, run_after=2024-01-30 00:00:00+00:00
[2024-01-30T16:16:26.149+0000] {processor.py:183} INFO - Processing /home/airflow/.local/lib/python3.8/site-packages/airflow/example_dags/example_branch_labels.py took 0.073 seconds
[2024-01-30T16:16:57.839+0000] {processor.py:161} INFO - Started process (PID=119) to work on /home/airflow/.local/lib/python3.8/site-packages/airflow/example_dags/example_branch_labels.py
[2024-01-30T16:16:57.841+0000] {processor.py:830} INFO - Processing file /home/airflow/.local/lib/python3.8/site-packages/airflow/example_dags/example_branch_labels.py for tasks to queue
[2024-01-30T16:16:57.843+0000] {logging_mixin.py:188} INFO - [2024-01-30T16:16:57.843+0000] {dagbag.py:538} INFO - Filling up the DagBag from /home/airflow/.local/lib/python3.8/site-packages/airflow/example_dags/example_branch_labels.py
[2024-01-30T16:16:57.852+0000] {processor.py:840} INFO - DAG(s) 'example_branch_labels' retrieved from /home/airflow/.local/lib/python3.8/site-packages/airflow/example_dags/example_branch_labels.py
[2024-01-30T16:16:57.951+0000] {logging_mixin.py:188} INFO - [2024-01-30T16:16:57.951+0000] {dag.py:3036} INFO - Sync 1 DAGs
[2024-01-30T16:16:57.971+0000] {logging_mixin.py:188} INFO - [2024-01-30T16:16:57.971+0000] {dag.py:3823} INFO - Setting next_dagrun for example_branch_labels to 2024-01-29 00:00:00+00:00, run_after=2024-01-30 00:00:00+00:00
[2024-01-30T16:16:57.991+0000] {processor.py:183} INFO - Processing /home/airflow/.local/lib/python3.8/site-packages/airflow/example_dags/example_branch_labels.py took 0.155 seconds
[2024-01-30T16:17:28.280+0000] {processor.py:161} INFO - Started process (PID=174) to work on /home/airflow/.local/lib/python3.8/site-packages/airflow/example_dags/example_branch_labels.py
[2024-01-30T16:17:28.281+0000] {processor.py:830} INFO - Processing file /home/airflow/.local/lib/python3.8/site-packages/airflow/example_dags/example_branch_labels.py for tasks to queue
[2024-01-30T16:17:28.283+0000] {logging_mixin.py:188} INFO - [2024-01-30T16:17:28.283+0000] {dagbag.py:538} INFO - Filling up the DagBag from /home/airflow/.local/lib/python3.8/site-packages/airflow/example_dags/example_branch_labels.py
[2024-01-30T16:17:28.290+0000] {processor.py:840} INFO - DAG(s) 'example_branch_labels' retrieved from /home/airflow/.local/lib/python3.8/site-packages/airflow/example_dags/example_branch_labels.py
[2024-01-30T16:17:28.310+0000] {logging_mixin.py:188} INFO - [2024-01-30T16:17:28.309+0000] {dag.py:3036} INFO - Sync 1 DAGs
[2024-01-30T16:17:28.330+0000] {logging_mixin.py:188} INFO - [2024-01-30T16:17:28.329+0000] {dag.py:3823} INFO - Setting next_dagrun for example_branch_labels to 2024-01-29 00:00:00+00:00, run_after=2024-01-30 00:00:00+00:00
[2024-01-30T16:17:28.347+0000] {processor.py:183} INFO - Processing /home/airflow/.local/lib/python3.8/site-packages/airflow/example_dags/example_branch_labels.py took 0.070 seconds
[2024-01-30T16:17:59.315+0000] {processor.py:161} INFO - Started process (PID=229) to work on /home/airflow/.local/lib/python3.8/site-packages/airflow/example_dags/example_branch_labels.py
[2024-01-30T16:17:59.316+0000] {processor.py:830} INFO - Processing file /home/airflow/.local/lib/python3.8/site-packages/airflow/example_dags/example_branch_labels.py for tasks to queue
[2024-01-30T16:17:59.318+0000] {logging_mixin.py:188} INFO - [2024-01-30T16:17:59.317+0000] {dagbag.py:538} INFO - Filling up the DagBag from /home/airflow/.local/lib/python3.8/site-packages/airflow/example_dags/example_branch_labels.py
[2024-01-30T16:17:59.325+0000] {processor.py:840} INFO - DAG(s) 'example_branch_labels' retrieved from /home/airflow/.local/lib/python3.8/site-packages/airflow/example_dags/example_branch_labels.py
[2024-01-30T16:17:59.344+0000] {logging_mixin.py:188} INFO - [2024-01-30T16:17:59.344+0000] {dag.py:3036} INFO - Sync 1 DAGs
[2024-01-30T16:17:59.364+0000] {logging_mixin.py:188} INFO - [2024-01-30T16:17:59.364+0000] {dag.py:3823} INFO - Setting next_dagrun for example_branch_labels to 2024-01-29 00:00:00+00:00, run_after=2024-01-30 00:00:00+00:00
[2024-01-30T16:17:59.381+0000] {processor.py:183} INFO - Processing /home/airflow/.local/lib/python3.8/site-packages/airflow/example_dags/example_branch_labels.py took 0.069 seconds
[2024-01-30T16:18:29.473+0000] {processor.py:161} INFO - Started process (PID=284) to work on /home/airflow/.local/lib/python3.8/site-packages/airflow/example_dags/example_branch_labels.py
[2024-01-30T16:18:29.474+0000] {processor.py:830} INFO - Processing file /home/airflow/.local/lib/python3.8/site-packages/airflow/example_dags/example_branch_labels.py for tasks to queue
[2024-01-30T16:18:29.476+0000] {logging_mixin.py:188} INFO - [2024-01-30T16:18:29.476+0000] {dagbag.py:538} INFO - Filling up the DagBag from /home/airflow/.local/lib/python3.8/site-packages/airflow/example_dags/example_branch_labels.py
[2024-01-30T16:18:29.483+0000] {processor.py:840} INFO - DAG(s) 'example_branch_labels' retrieved from /home/airflow/.local/lib/python3.8/site-packages/airflow/example_dags/example_branch_labels.py
[2024-01-30T16:18:29.503+0000] {logging_mixin.py:188} INFO - [2024-01-30T16:18:29.503+0000] {dag.py:3036} INFO - Sync 1 DAGs
[2024-01-30T16:18:29.523+0000] {logging_mixin.py:188} INFO - [2024-01-30T16:18:29.523+0000] {dag.py:3823} INFO - Setting next_dagrun for example_branch_labels to 2024-01-29 00:00:00+00:00, run_after=2024-01-30 00:00:00+00:00
[2024-01-30T16:18:29.541+0000] {processor.py:183} INFO - Processing /home/airflow/.local/lib/python3.8/site-packages/airflow/example_dags/example_branch_labels.py took 0.071 seconds
[2024-01-30T16:19:00.157+0000] {processor.py:161} INFO - Started process (PID=339) to work on /home/airflow/.local/lib/python3.8/site-packages/airflow/example_dags/example_branch_labels.py
[2024-01-30T16:19:00.158+0000] {processor.py:830} INFO - Processing file /home/airflow/.local/lib/python3.8/site-packages/airflow/example_dags/example_branch_labels.py for tasks to queue
[2024-01-30T16:19:00.160+0000] {logging_mixin.py:188} INFO - [2024-01-30T16:19:00.159+0000] {dagbag.py:538} INFO - Filling up the DagBag from /home/airflow/.local/lib/python3.8/site-packages/airflow/example_dags/example_branch_labels.py
[2024-01-30T16:19:00.167+0000] {processor.py:840} INFO - DAG(s) 'example_branch_labels' retrieved from /home/airflow/.local/lib/python3.8/site-packages/airflow/example_dags/example_branch_labels.py
[2024-01-30T16:19:00.187+0000] {logging_mixin.py:188} INFO - [2024-01-30T16:19:00.186+0000] {dag.py:3036} INFO - Sync 1 DAGs
[2024-01-30T16:19:00.207+0000] {logging_mixin.py:188} INFO - [2024-01-30T16:19:00.207+0000] {dag.py:3823} INFO - Setting next_dagrun for example_branch_labels to 2024-01-29 00:00:00+00:00, run_after=2024-01-30 00:00:00+00:00
[2024-01-30T16:19:00.225+0000] {processor.py:183} INFO - Processing /home/airflow/.local/lib/python3.8/site-packages/airflow/example_dags/example_branch_labels.py took 0.071 seconds
[2024-01-30T16:19:30.741+0000] {processor.py:161} INFO - Started process (PID=394) to work on /home/airflow/.local/lib/python3.8/site-packages/airflow/example_dags/example_branch_labels.py
[2024-01-30T16:19:30.742+0000] {processor.py:830} INFO - Processing file /home/airflow/.local/lib/python3.8/site-packages/airflow/example_dags/example_branch_labels.py for tasks to queue
[2024-01-30T16:19:30.744+0000] {logging_mixin.py:188} INFO - [2024-01-30T16:19:30.744+0000] {dagbag.py:538} INFO - Filling up the DagBag from /home/airflow/.local/lib/python3.8/site-packages/airflow/example_dags/example_branch_labels.py
[2024-01-30T16:19:30.751+0000] {processor.py:840} INFO - DAG(s) 'example_branch_labels' retrieved from /home/airflow/.local/lib/python3.8/site-packages/airflow/example_dags/example_branch_labels.py
[2024-01-30T16:19:30.771+0000] {logging_mixin.py:188} INFO - [2024-01-30T16:19:30.771+0000] {dag.py:3036} INFO - Sync 1 DAGs
[2024-01-30T16:19:30.792+0000] {logging_mixin.py:188} INFO - [2024-01-30T16:19:30.792+0000] {dag.py:3823} INFO - Setting next_dagrun for example_branch_labels to 2024-01-29 00:00:00+00:00, run_after=2024-01-30 00:00:00+00:00
[2024-01-30T16:19:30.809+0000] {processor.py:183} INFO - Processing /home/airflow/.local/lib/python3.8/site-packages/airflow/example_dags/example_branch_labels.py took 0.070 seconds
[2024-01-30T16:20:01.434+0000] {processor.py:161} INFO - Started process (PID=449) to work on /home/airflow/.local/lib/python3.8/site-packages/airflow/example_dags/example_branch_labels.py
[2024-01-30T16:20:01.435+0000] {processor.py:830} INFO - Processing file /home/airflow/.local/lib/python3.8/site-packages/airflow/example_dags/example_branch_labels.py for tasks to queue
[2024-01-30T16:20:01.437+0000] {logging_mixin.py:188} INFO - [2024-01-30T16:20:01.437+0000] {dagbag.py:538} INFO - Filling up the DagBag from /home/airflow/.local/lib/python3.8/site-packages/airflow/example_dags/example_branch_labels.py
[2024-01-30T16:20:01.444+0000] {processor.py:840} INFO - DAG(s) 'example_branch_labels' retrieved from /home/airflow/.local/lib/python3.8/site-packages/airflow/example_dags/example_branch_labels.py
[2024-01-30T16:20:01.463+0000] {logging_mixin.py:188} INFO - [2024-01-30T16:20:01.463+0000] {dag.py:3036} INFO - Sync 1 DAGs
[2024-01-30T16:20:01.483+0000] {logging_mixin.py:188} INFO - [2024-01-30T16:20:01.483+0000] {dag.py:3823} INFO - Setting next_dagrun for example_branch_labels to 2024-01-29 00:00:00+00:00, run_after=2024-01-30 00:00:00+00:00
[2024-01-30T16:20:01.501+0000] {processor.py:183} INFO - Processing /home/airflow/.local/lib/python3.8/site-packages/airflow/example_dags/example_branch_labels.py took 0.069 seconds
[2024-01-30T16:20:32.138+0000] {processor.py:161} INFO - Started process (PID=504) to work on /home/airflow/.local/lib/python3.8/site-packages/airflow/example_dags/example_branch_labels.py
[2024-01-30T16:20:32.139+0000] {processor.py:830} INFO - Processing file /home/airflow/.local/lib/python3.8/site-packages/airflow/example_dags/example_branch_labels.py for tasks to queue
[2024-01-30T16:20:32.141+0000] {logging_mixin.py:188} INFO - [2024-01-30T16:20:32.140+0000] {dagbag.py:538} INFO - Filling up the DagBag from /home/airflow/.local/lib/python3.8/site-packages/airflow/example_dags/example_branch_labels.py
[2024-01-30T16:20:32.148+0000] {processor.py:840} INFO - DAG(s) 'example_branch_labels' retrieved from /home/airflow/.local/lib/python3.8/site-packages/airflow/example_dags/example_branch_labels.py
[2024-01-30T16:20:32.168+0000] {logging_mixin.py:188} INFO - [2024-01-30T16:20:32.168+0000] {dag.py:3036} INFO - Sync 1 DAGs
[2024-01-30T16:20:32.188+0000] {logging_mixin.py:188} INFO - [2024-01-30T16:20:32.188+0000] {dag.py:3823} INFO - Setting next_dagrun for example_branch_labels to 2024-01-29 00:00:00+00:00, run_after=2024-01-30 00:00:00+00:00
[2024-01-30T16:20:32.207+0000] {processor.py:183} INFO - Processing /home/airflow/.local/lib/python3.8/site-packages/airflow/example_dags/example_branch_labels.py took 0.071 seconds
[2024-01-30T16:21:02.907+0000] {processor.py:161} INFO - Started process (PID=559) to work on /home/airflow/.local/lib/python3.8/site-packages/airflow/example_dags/example_branch_labels.py
[2024-01-30T16:21:02.908+0000] {processor.py:830} INFO - Processing file /home/airflow/.local/lib/python3.8/site-packages/airflow/example_dags/example_branch_labels.py for tasks to queue
[2024-01-30T16:21:02.911+0000] {logging_mixin.py:188} INFO - [2024-01-30T16:21:02.910+0000] {dagbag.py:538} INFO - Filling up the DagBag from /home/airflow/.local/lib/python3.8/site-packages/airflow/example_dags/example_branch_labels.py
[2024-01-30T16:21:02.920+0000] {processor.py:840} INFO - DAG(s) 'example_branch_labels' retrieved from /home/airflow/.local/lib/python3.8/site-packages/airflow/example_dags/example_branch_labels.py
[2024-01-30T16:21:02.942+0000] {logging_mixin.py:188} INFO - [2024-01-30T16:21:02.942+0000] {dag.py:3036} INFO - Sync 1 DAGs
[2024-01-30T16:21:02.966+0000] {logging_mixin.py:188} INFO - [2024-01-30T16:21:02.965+0000] {dag.py:3823} INFO - Setting next_dagrun for example_branch_labels to 2024-01-29 00:00:00+00:00, run_after=2024-01-30 00:00:00+00:00
[2024-01-30T16:21:02.985+0000] {processor.py:183} INFO - Processing /home/airflow/.local/lib/python3.8/site-packages/airflow/example_dags/example_branch_labels.py took 0.083 seconds
[2024-01-30T16:21:33.113+0000] {processor.py:161} INFO - Started process (PID=614) to work on /home/airflow/.local/lib/python3.8/site-packages/airflow/example_dags/example_branch_labels.py
[2024-01-30T16:21:33.114+0000] {processor.py:830} INFO - Processing file /home/airflow/.local/lib/python3.8/site-packages/airflow/example_dags/example_branch_labels.py for tasks to queue
[2024-01-30T16:21:33.116+0000] {logging_mixin.py:188} INFO - [2024-01-30T16:21:33.115+0000] {dagbag.py:538} INFO - Filling up the DagBag from /home/airflow/.local/lib/python3.8/site-packages/airflow/example_dags/example_branch_labels.py
[2024-01-30T16:21:33.123+0000] {processor.py:840} INFO - DAG(s) 'example_branch_labels' retrieved from /home/airflow/.local/lib/python3.8/site-packages/airflow/example_dags/example_branch_labels.py
[2024-01-30T16:21:33.144+0000] {logging_mixin.py:188} INFO - [2024-01-30T16:21:33.143+0000] {dag.py:3036} INFO - Sync 1 DAGs
[2024-01-30T16:21:33.166+0000] {logging_mixin.py:188} INFO - [2024-01-30T16:21:33.165+0000] {dag.py:3823} INFO - Setting next_dagrun for example_branch_labels to 2024-01-29 00:00:00+00:00, run_after=2024-01-30 00:00:00+00:00
[2024-01-30T16:21:33.183+0000] {processor.py:183} INFO - Processing /home/airflow/.local/lib/python3.8/site-packages/airflow/example_dags/example_branch_labels.py took 0.073 seconds
[2024-01-30T16:22:03.304+0000] {processor.py:161} INFO - Started process (PID=669) to work on /home/airflow/.local/lib/python3.8/site-packages/airflow/example_dags/example_branch_labels.py
[2024-01-30T16:22:03.306+0000] {processor.py:830} INFO - Processing file /home/airflow/.local/lib/python3.8/site-packages/airflow/example_dags/example_branch_labels.py for tasks to queue
[2024-01-30T16:22:03.307+0000] {logging_mixin.py:188} INFO - [2024-01-30T16:22:03.307+0000] {dagbag.py:538} INFO - Filling up the DagBag from /home/airflow/.local/lib/python3.8/site-packages/airflow/example_dags/example_branch_labels.py
[2024-01-30T16:22:03.315+0000] {processor.py:840} INFO - DAG(s) 'example_branch_labels' retrieved from /home/airflow/.local/lib/python3.8/site-packages/airflow/example_dags/example_branch_labels.py
[2024-01-30T16:22:03.336+0000] {logging_mixin.py:188} INFO - [2024-01-30T16:22:03.336+0000] {dag.py:3036} INFO - Sync 1 DAGs
[2024-01-30T16:22:03.358+0000] {logging_mixin.py:188} INFO - [2024-01-30T16:22:03.358+0000] {dag.py:3823} INFO - Setting next_dagrun for example_branch_labels to 2024-01-29 00:00:00+00:00, run_after=2024-01-30 00:00:00+00:00
[2024-01-30T16:22:03.377+0000] {processor.py:183} INFO - Processing /home/airflow/.local/lib/python3.8/site-packages/airflow/example_dags/example_branch_labels.py took 0.076 seconds
[2024-01-30T16:22:33.523+0000] {processor.py:161} INFO - Started process (PID=724) to work on /home/airflow/.local/lib/python3.8/site-packages/airflow/example_dags/example_branch_labels.py
[2024-01-30T16:22:33.524+0000] {processor.py:830} INFO - Processing file /home/airflow/.local/lib/python3.8/site-packages/airflow/example_dags/example_branch_labels.py for tasks to queue
[2024-01-30T16:22:33.526+0000] {logging_mixin.py:188} INFO - [2024-01-30T16:22:33.525+0000] {dagbag.py:538} INFO - Filling up the DagBag from /home/airflow/.local/lib/python3.8/site-packages/airflow/example_dags/example_branch_labels.py
[2024-01-30T16:22:33.533+0000] {processor.py:840} INFO - DAG(s) 'example_branch_labels' retrieved from /home/airflow/.local/lib/python3.8/site-packages/airflow/example_dags/example_branch_labels.py
[2024-01-30T16:22:33.552+0000] {logging_mixin.py:188} INFO - [2024-01-30T16:22:33.552+0000] {dag.py:3036} INFO - Sync 1 DAGs
[2024-01-30T16:22:33.572+0000] {logging_mixin.py:188} INFO - [2024-01-30T16:22:33.572+0000] {dag.py:3823} INFO - Setting next_dagrun for example_branch_labels to 2024-01-29 00:00:00+00:00, run_after=2024-01-30 00:00:00+00:00
[2024-01-30T16:22:33.589+0000] {processor.py:183} INFO - Processing /home/airflow/.local/lib/python3.8/site-packages/airflow/example_dags/example_branch_labels.py took 0.068 seconds
[2024-01-30T16:23:03.721+0000] {processor.py:161} INFO - Started process (PID=779) to work on /home/airflow/.local/lib/python3.8/site-packages/airflow/example_dags/example_branch_labels.py
[2024-01-30T16:23:03.722+0000] {processor.py:830} INFO - Processing file /home/airflow/.local/lib/python3.8/site-packages/airflow/example_dags/example_branch_labels.py for tasks to queue
[2024-01-30T16:23:03.723+0000] {logging_mixin.py:188} INFO - [2024-01-30T16:23:03.723+0000] {dagbag.py:538} INFO - Filling up the DagBag from /home/airflow/.local/lib/python3.8/site-packages/airflow/example_dags/example_branch_labels.py
[2024-01-30T16:23:03.731+0000] {processor.py:840} INFO - DAG(s) 'example_branch_labels' retrieved from /home/airflow/.local/lib/python3.8/site-packages/airflow/example_dags/example_branch_labels.py
[2024-01-30T16:23:03.750+0000] {logging_mixin.py:188} INFO - [2024-01-30T16:23:03.750+0000] {dag.py:3036} INFO - Sync 1 DAGs
[2024-01-30T16:23:03.770+0000] {logging_mixin.py:188} INFO - [2024-01-30T16:23:03.770+0000] {dag.py:3823} INFO - Setting next_dagrun for example_branch_labels to 2024-01-29 00:00:00+00:00, run_after=2024-01-30 00:00:00+00:00
[2024-01-30T16:23:03.787+0000] {processor.py:183} INFO - Processing /home/airflow/.local/lib/python3.8/site-packages/airflow/example_dags/example_branch_labels.py took 0.069 seconds
[2024-01-30T16:23:34.445+0000] {processor.py:161} INFO - Started process (PID=834) to work on /home/airflow/.local/lib/python3.8/site-packages/airflow/example_dags/example_branch_labels.py
[2024-01-30T16:23:34.446+0000] {processor.py:830} INFO - Processing file /home/airflow/.local/lib/python3.8/site-packages/airflow/example_dags/example_branch_labels.py for tasks to queue
[2024-01-30T16:23:34.448+0000] {logging_mixin.py:188} INFO - [2024-01-30T16:23:34.448+0000] {dagbag.py:538} INFO - Filling up the DagBag from /home/airflow/.local/lib/python3.8/site-packages/airflow/example_dags/example_branch_labels.py
[2024-01-30T16:23:34.455+0000] {processor.py:840} INFO - DAG(s) 'example_branch_labels' retrieved from /home/airflow/.local/lib/python3.8/site-packages/airflow/example_dags/example_branch_labels.py
[2024-01-30T16:23:34.475+0000] {logging_mixin.py:188} INFO - [2024-01-30T16:23:34.475+0000] {dag.py:3036} INFO - Sync 1 DAGs
[2024-01-30T16:23:34.501+0000] {logging_mixin.py:188} INFO - [2024-01-30T16:23:34.500+0000] {dag.py:3823} INFO - Setting next_dagrun for example_branch_labels to 2024-01-29 00:00:00+00:00, run_after=2024-01-30 00:00:00+00:00
[2024-01-30T16:23:34.528+0000] {processor.py:183} INFO - Processing /home/airflow/.local/lib/python3.8/site-packages/airflow/example_dags/example_branch_labels.py took 0.085 seconds
[2024-01-30T16:24:42.698+0000] {processor.py:161} INFO - Started process (PID=64) to work on /home/airflow/.local/lib/python3.8/site-packages/airflow/example_dags/example_branch_labels.py
[2024-01-30T16:24:42.700+0000] {processor.py:830} INFO - Processing file /home/airflow/.local/lib/python3.8/site-packages/airflow/example_dags/example_branch_labels.py for tasks to queue
[2024-01-30T16:24:42.702+0000] {logging_mixin.py:188} INFO - [2024-01-30T16:24:42.701+0000] {dagbag.py:538} INFO - Filling up the DagBag from /home/airflow/.local/lib/python3.8/site-packages/airflow/example_dags/example_branch_labels.py
[2024-01-30T16:24:42.710+0000] {processor.py:840} INFO - DAG(s) 'example_branch_labels' retrieved from /home/airflow/.local/lib/python3.8/site-packages/airflow/example_dags/example_branch_labels.py
[2024-01-30T16:24:42.722+0000] {logging_mixin.py:188} INFO - [2024-01-30T16:24:42.722+0000] {dag.py:3036} INFO - Sync 1 DAGs
[2024-01-30T16:24:42.748+0000] {logging_mixin.py:188} INFO - [2024-01-30T16:24:42.748+0000] {dag.py:3823} INFO - Setting next_dagrun for example_branch_labels to 2024-01-29 00:00:00+00:00, run_after=2024-01-30 00:00:00+00:00
[2024-01-30T16:24:42.771+0000] {processor.py:183} INFO - Processing /home/airflow/.local/lib/python3.8/site-packages/airflow/example_dags/example_branch_labels.py took 0.076 seconds
[2024-01-30T16:25:14.212+0000] {processor.py:161} INFO - Started process (PID=119) to work on /home/airflow/.local/lib/python3.8/site-packages/airflow/example_dags/example_branch_labels.py
[2024-01-30T16:25:14.213+0000] {processor.py:830} INFO - Processing file /home/airflow/.local/lib/python3.8/site-packages/airflow/example_dags/example_branch_labels.py for tasks to queue
[2024-01-30T16:25:14.215+0000] {logging_mixin.py:188} INFO - [2024-01-30T16:25:14.214+0000] {dagbag.py:538} INFO - Filling up the DagBag from /home/airflow/.local/lib/python3.8/site-packages/airflow/example_dags/example_branch_labels.py
[2024-01-30T16:25:14.222+0000] {processor.py:840} INFO - DAG(s) 'example_branch_labels' retrieved from /home/airflow/.local/lib/python3.8/site-packages/airflow/example_dags/example_branch_labels.py
[2024-01-30T16:25:14.316+0000] {logging_mixin.py:188} INFO - [2024-01-30T16:25:14.316+0000] {dag.py:3036} INFO - Sync 1 DAGs
[2024-01-30T16:25:14.334+0000] {logging_mixin.py:188} INFO - [2024-01-30T16:25:14.334+0000] {dag.py:3823} INFO - Setting next_dagrun for example_branch_labels to 2024-01-29 00:00:00+00:00, run_after=2024-01-30 00:00:00+00:00
[2024-01-30T16:25:14.353+0000] {processor.py:183} INFO - Processing /home/airflow/.local/lib/python3.8/site-packages/airflow/example_dags/example_branch_labels.py took 0.145 seconds
[2024-01-30T16:26:21.452+0000] {processor.py:161} INFO - Started process (PID=64) to work on /home/airflow/.local/lib/python3.8/site-packages/airflow/example_dags/example_branch_labels.py
[2024-01-30T16:26:21.453+0000] {processor.py:830} INFO - Processing file /home/airflow/.local/lib/python3.8/site-packages/airflow/example_dags/example_branch_labels.py for tasks to queue
[2024-01-30T16:26:21.455+0000] {logging_mixin.py:188} INFO - [2024-01-30T16:26:21.455+0000] {dagbag.py:538} INFO - Filling up the DagBag from /home/airflow/.local/lib/python3.8/site-packages/airflow/example_dags/example_branch_labels.py
[2024-01-30T16:26:21.463+0000] {processor.py:840} INFO - DAG(s) 'example_branch_labels' retrieved from /home/airflow/.local/lib/python3.8/site-packages/airflow/example_dags/example_branch_labels.py
[2024-01-30T16:26:21.475+0000] {logging_mixin.py:188} INFO - [2024-01-30T16:26:21.474+0000] {dag.py:3036} INFO - Sync 1 DAGs
[2024-01-30T16:26:21.504+0000] {logging_mixin.py:188} INFO - [2024-01-30T16:26:21.504+0000] {dag.py:3823} INFO - Setting next_dagrun for example_branch_labels to 2024-01-29 00:00:00+00:00, run_after=2024-01-30 00:00:00+00:00
[2024-01-30T16:26:21.530+0000] {processor.py:183} INFO - Processing /home/airflow/.local/lib/python3.8/site-packages/airflow/example_dags/example_branch_labels.py took 0.081 seconds
[2024-01-30T16:26:52.876+0000] {processor.py:161} INFO - Started process (PID=119) to work on /home/airflow/.local/lib/python3.8/site-packages/airflow/example_dags/example_branch_labels.py
[2024-01-30T16:26:52.877+0000] {processor.py:830} INFO - Processing file /home/airflow/.local/lib/python3.8/site-packages/airflow/example_dags/example_branch_labels.py for tasks to queue
[2024-01-30T16:26:52.878+0000] {logging_mixin.py:188} INFO - [2024-01-30T16:26:52.878+0000] {dagbag.py:538} INFO - Filling up the DagBag from /home/airflow/.local/lib/python3.8/site-packages/airflow/example_dags/example_branch_labels.py
[2024-01-30T16:26:52.886+0000] {processor.py:840} INFO - DAG(s) 'example_branch_labels' retrieved from /home/airflow/.local/lib/python3.8/site-packages/airflow/example_dags/example_branch_labels.py
[2024-01-30T16:26:52.979+0000] {logging_mixin.py:188} INFO - [2024-01-30T16:26:52.979+0000] {dag.py:3036} INFO - Sync 1 DAGs
[2024-01-30T16:26:52.998+0000] {logging_mixin.py:188} INFO - [2024-01-30T16:26:52.997+0000] {dag.py:3823} INFO - Setting next_dagrun for example_branch_labels to 2024-01-29 00:00:00+00:00, run_after=2024-01-30 00:00:00+00:00
[2024-01-30T16:26:53.016+0000] {processor.py:183} INFO - Processing /home/airflow/.local/lib/python3.8/site-packages/airflow/example_dags/example_branch_labels.py took 0.143 seconds
[2024-01-30T16:27:23.900+0000] {processor.py:161} INFO - Started process (PID=174) to work on /home/airflow/.local/lib/python3.8/site-packages/airflow/example_dags/example_branch_labels.py
[2024-01-30T16:27:23.901+0000] {processor.py:830} INFO - Processing file /home/airflow/.local/lib/python3.8/site-packages/airflow/example_dags/example_branch_labels.py for tasks to queue
[2024-01-30T16:27:23.902+0000] {logging_mixin.py:188} INFO - [2024-01-30T16:27:23.902+0000] {dagbag.py:538} INFO - Filling up the DagBag from /home/airflow/.local/lib/python3.8/site-packages/airflow/example_dags/example_branch_labels.py
[2024-01-30T16:27:23.910+0000] {processor.py:840} INFO - DAG(s) 'example_branch_labels' retrieved from /home/airflow/.local/lib/python3.8/site-packages/airflow/example_dags/example_branch_labels.py
[2024-01-30T16:27:23.929+0000] {logging_mixin.py:188} INFO - [2024-01-30T16:27:23.928+0000] {dag.py:3036} INFO - Sync 1 DAGs
[2024-01-30T16:27:23.948+0000] {logging_mixin.py:188} INFO - [2024-01-30T16:27:23.948+0000] {dag.py:3823} INFO - Setting next_dagrun for example_branch_labels to 2024-01-29 00:00:00+00:00, run_after=2024-01-30 00:00:00+00:00
[2024-01-30T16:27:23.965+0000] {processor.py:183} INFO - Processing /home/airflow/.local/lib/python3.8/site-packages/airflow/example_dags/example_branch_labels.py took 0.068 seconds
[2024-01-30T16:27:54.864+0000] {processor.py:161} INFO - Started process (PID=229) to work on /home/airflow/.local/lib/python3.8/site-packages/airflow/example_dags/example_branch_labels.py
[2024-01-30T16:27:54.865+0000] {processor.py:830} INFO - Processing file /home/airflow/.local/lib/python3.8/site-packages/airflow/example_dags/example_branch_labels.py for tasks to queue
[2024-01-30T16:27:54.867+0000] {logging_mixin.py:188} INFO - [2024-01-30T16:27:54.866+0000] {dagbag.py:538} INFO - Filling up the DagBag from /home/airflow/.local/lib/python3.8/site-packages/airflow/example_dags/example_branch_labels.py
[2024-01-30T16:27:54.874+0000] {processor.py:840} INFO - DAG(s) 'example_branch_labels' retrieved from /home/airflow/.local/lib/python3.8/site-packages/airflow/example_dags/example_branch_labels.py
[2024-01-30T16:27:54.893+0000] {logging_mixin.py:188} INFO - [2024-01-30T16:27:54.893+0000] {dag.py:3036} INFO - Sync 1 DAGs
[2024-01-30T16:27:54.913+0000] {logging_mixin.py:188} INFO - [2024-01-30T16:27:54.912+0000] {dag.py:3823} INFO - Setting next_dagrun for example_branch_labels to 2024-01-29 00:00:00+00:00, run_after=2024-01-30 00:00:00+00:00
[2024-01-30T16:27:54.930+0000] {processor.py:183} INFO - Processing /home/airflow/.local/lib/python3.8/site-packages/airflow/example_dags/example_branch_labels.py took 0.069 seconds
[2024-01-30T16:28:25.467+0000] {processor.py:161} INFO - Started process (PID=284) to work on /home/airflow/.local/lib/python3.8/site-packages/airflow/example_dags/example_branch_labels.py
[2024-01-30T16:28:25.468+0000] {processor.py:830} INFO - Processing file /home/airflow/.local/lib/python3.8/site-packages/airflow/example_dags/example_branch_labels.py for tasks to queue
[2024-01-30T16:28:25.469+0000] {logging_mixin.py:188} INFO - [2024-01-30T16:28:25.469+0000] {dagbag.py:538} INFO - Filling up the DagBag from /home/airflow/.local/lib/python3.8/site-packages/airflow/example_dags/example_branch_labels.py
[2024-01-30T16:28:25.477+0000] {processor.py:840} INFO - DAG(s) 'example_branch_labels' retrieved from /home/airflow/.local/lib/python3.8/site-packages/airflow/example_dags/example_branch_labels.py
[2024-01-30T16:28:25.496+0000] {logging_mixin.py:188} INFO - [2024-01-30T16:28:25.496+0000] {dag.py:3036} INFO - Sync 1 DAGs
[2024-01-30T16:28:25.516+0000] {logging_mixin.py:188} INFO - [2024-01-30T16:28:25.515+0000] {dag.py:3823} INFO - Setting next_dagrun for example_branch_labels to 2024-01-29 00:00:00+00:00, run_after=2024-01-30 00:00:00+00:00
[2024-01-30T16:28:25.533+0000] {processor.py:183} INFO - Processing /home/airflow/.local/lib/python3.8/site-packages/airflow/example_dags/example_branch_labels.py took 0.069 seconds
[2024-01-30T16:28:56.201+0000] {processor.py:161} INFO - Started process (PID=339) to work on /home/airflow/.local/lib/python3.8/site-packages/airflow/example_dags/example_branch_labels.py
[2024-01-30T16:28:56.202+0000] {processor.py:830} INFO - Processing file /home/airflow/.local/lib/python3.8/site-packages/airflow/example_dags/example_branch_labels.py for tasks to queue
[2024-01-30T16:28:56.204+0000] {logging_mixin.py:188} INFO - [2024-01-30T16:28:56.203+0000] {dagbag.py:538} INFO - Filling up the DagBag from /home/airflow/.local/lib/python3.8/site-packages/airflow/example_dags/example_branch_labels.py
[2024-01-30T16:28:56.211+0000] {processor.py:840} INFO - DAG(s) 'example_branch_labels' retrieved from /home/airflow/.local/lib/python3.8/site-packages/airflow/example_dags/example_branch_labels.py
[2024-01-30T16:28:56.232+0000] {logging_mixin.py:188} INFO - [2024-01-30T16:28:56.232+0000] {dag.py:3036} INFO - Sync 1 DAGs
[2024-01-30T16:28:56.253+0000] {logging_mixin.py:188} INFO - [2024-01-30T16:28:56.253+0000] {dag.py:3823} INFO - Setting next_dagrun for example_branch_labels to 2024-01-29 00:00:00+00:00, run_after=2024-01-30 00:00:00+00:00
[2024-01-30T16:28:56.274+0000] {processor.py:183} INFO - Processing /home/airflow/.local/lib/python3.8/site-packages/airflow/example_dags/example_branch_labels.py took 0.076 seconds
[2024-01-30T16:29:26.874+0000] {processor.py:161} INFO - Started process (PID=394) to work on /home/airflow/.local/lib/python3.8/site-packages/airflow/example_dags/example_branch_labels.py
[2024-01-30T16:29:26.875+0000] {processor.py:830} INFO - Processing file /home/airflow/.local/lib/python3.8/site-packages/airflow/example_dags/example_branch_labels.py for tasks to queue
[2024-01-30T16:29:26.877+0000] {logging_mixin.py:188} INFO - [2024-01-30T16:29:26.876+0000] {dagbag.py:538} INFO - Filling up the DagBag from /home/airflow/.local/lib/python3.8/site-packages/airflow/example_dags/example_branch_labels.py
[2024-01-30T16:29:26.884+0000] {processor.py:840} INFO - DAG(s) 'example_branch_labels' retrieved from /home/airflow/.local/lib/python3.8/site-packages/airflow/example_dags/example_branch_labels.py
[2024-01-30T16:29:26.903+0000] {logging_mixin.py:188} INFO - [2024-01-30T16:29:26.903+0000] {dag.py:3036} INFO - Sync 1 DAGs
[2024-01-30T16:29:26.922+0000] {logging_mixin.py:188} INFO - [2024-01-30T16:29:26.922+0000] {dag.py:3823} INFO - Setting next_dagrun for example_branch_labels to 2024-01-29 00:00:00+00:00, run_after=2024-01-30 00:00:00+00:00
[2024-01-30T16:29:26.940+0000] {processor.py:183} INFO - Processing /home/airflow/.local/lib/python3.8/site-packages/airflow/example_dags/example_branch_labels.py took 0.069 seconds
[2024-01-30T16:29:57.560+0000] {processor.py:161} INFO - Started process (PID=449) to work on /home/airflow/.local/lib/python3.8/site-packages/airflow/example_dags/example_branch_labels.py
[2024-01-30T16:29:57.561+0000] {processor.py:830} INFO - Processing file /home/airflow/.local/lib/python3.8/site-packages/airflow/example_dags/example_branch_labels.py for tasks to queue
[2024-01-30T16:29:57.563+0000] {logging_mixin.py:188} INFO - [2024-01-30T16:29:57.563+0000] {dagbag.py:538} INFO - Filling up the DagBag from /home/airflow/.local/lib/python3.8/site-packages/airflow/example_dags/example_branch_labels.py
[2024-01-30T16:29:57.570+0000] {processor.py:840} INFO - DAG(s) 'example_branch_labels' retrieved from /home/airflow/.local/lib/python3.8/site-packages/airflow/example_dags/example_branch_labels.py
[2024-01-30T16:29:57.592+0000] {logging_mixin.py:188} INFO - [2024-01-30T16:29:57.592+0000] {dag.py:3036} INFO - Sync 1 DAGs
[2024-01-30T16:29:57.613+0000] {logging_mixin.py:188} INFO - [2024-01-30T16:29:57.612+0000] {dag.py:3823} INFO - Setting next_dagrun for example_branch_labels to 2024-01-29 00:00:00+00:00, run_after=2024-01-30 00:00:00+00:00
[2024-01-30T16:29:57.630+0000] {processor.py:183} INFO - Processing /home/airflow/.local/lib/python3.8/site-packages/airflow/example_dags/example_branch_labels.py took 0.072 seconds
[2024-01-30T16:30:28.372+0000] {processor.py:161} INFO - Started process (PID=504) to work on /home/airflow/.local/lib/python3.8/site-packages/airflow/example_dags/example_branch_labels.py
[2024-01-30T16:30:28.373+0000] {processor.py:830} INFO - Processing file /home/airflow/.local/lib/python3.8/site-packages/airflow/example_dags/example_branch_labels.py for tasks to queue
[2024-01-30T16:30:28.375+0000] {logging_mixin.py:188} INFO - [2024-01-30T16:30:28.375+0000] {dagbag.py:538} INFO - Filling up the DagBag from /home/airflow/.local/lib/python3.8/site-packages/airflow/example_dags/example_branch_labels.py
[2024-01-30T16:30:28.383+0000] {processor.py:840} INFO - DAG(s) 'example_branch_labels' retrieved from /home/airflow/.local/lib/python3.8/site-packages/airflow/example_dags/example_branch_labels.py
[2024-01-30T16:30:28.403+0000] {logging_mixin.py:188} INFO - [2024-01-30T16:30:28.403+0000] {dag.py:3036} INFO - Sync 1 DAGs
[2024-01-30T16:30:28.423+0000] {logging_mixin.py:188} INFO - [2024-01-30T16:30:28.423+0000] {dag.py:3823} INFO - Setting next_dagrun for example_branch_labels to 2024-01-29 00:00:00+00:00, run_after=2024-01-30 00:00:00+00:00
[2024-01-30T16:30:28.441+0000] {processor.py:183} INFO - Processing /home/airflow/.local/lib/python3.8/site-packages/airflow/example_dags/example_branch_labels.py took 0.072 seconds
[2024-01-30T16:30:58.931+0000] {processor.py:161} INFO - Started process (PID=559) to work on /home/airflow/.local/lib/python3.8/site-packages/airflow/example_dags/example_branch_labels.py
[2024-01-30T16:30:58.933+0000] {processor.py:830} INFO - Processing file /home/airflow/.local/lib/python3.8/site-packages/airflow/example_dags/example_branch_labels.py for tasks to queue
[2024-01-30T16:30:58.937+0000] {logging_mixin.py:188} INFO - [2024-01-30T16:30:58.937+0000] {dagbag.py:538} INFO - Filling up the DagBag from /home/airflow/.local/lib/python3.8/site-packages/airflow/example_dags/example_branch_labels.py
[2024-01-30T16:30:58.959+0000] {processor.py:840} INFO - DAG(s) 'example_branch_labels' retrieved from /home/airflow/.local/lib/python3.8/site-packages/airflow/example_dags/example_branch_labels.py
[2024-01-30T16:30:58.995+0000] {logging_mixin.py:188} INFO - [2024-01-30T16:30:58.995+0000] {dag.py:3036} INFO - Sync 1 DAGs
[2024-01-30T16:30:59.030+0000] {logging_mixin.py:188} INFO - [2024-01-30T16:30:59.029+0000] {dag.py:3823} INFO - Setting next_dagrun for example_branch_labels to 2024-01-29 00:00:00+00:00, run_after=2024-01-30 00:00:00+00:00
[2024-01-30T16:30:59.076+0000] {processor.py:183} INFO - Processing /home/airflow/.local/lib/python3.8/site-packages/airflow/example_dags/example_branch_labels.py took 0.153 seconds
[2024-01-30T16:31:29.139+0000] {processor.py:161} INFO - Started process (PID=614) to work on /home/airflow/.local/lib/python3.8/site-packages/airflow/example_dags/example_branch_labels.py
[2024-01-30T16:31:29.140+0000] {processor.py:830} INFO - Processing file /home/airflow/.local/lib/python3.8/site-packages/airflow/example_dags/example_branch_labels.py for tasks to queue
[2024-01-30T16:31:29.142+0000] {logging_mixin.py:188} INFO - [2024-01-30T16:31:29.142+0000] {dagbag.py:538} INFO - Filling up the DagBag from /home/airflow/.local/lib/python3.8/site-packages/airflow/example_dags/example_branch_labels.py
[2024-01-30T16:31:29.151+0000] {processor.py:840} INFO - DAG(s) 'example_branch_labels' retrieved from /home/airflow/.local/lib/python3.8/site-packages/airflow/example_dags/example_branch_labels.py
[2024-01-30T16:31:29.173+0000] {logging_mixin.py:188} INFO - [2024-01-30T16:31:29.173+0000] {dag.py:3036} INFO - Sync 1 DAGs
[2024-01-30T16:31:29.196+0000] {logging_mixin.py:188} INFO - [2024-01-30T16:31:29.195+0000] {dag.py:3823} INFO - Setting next_dagrun for example_branch_labels to 2024-01-29 00:00:00+00:00, run_after=2024-01-30 00:00:00+00:00
[2024-01-30T16:31:29.214+0000] {processor.py:183} INFO - Processing /home/airflow/.local/lib/python3.8/site-packages/airflow/example_dags/example_branch_labels.py took 0.078 seconds
[2024-01-30T16:31:59.452+0000] {processor.py:161} INFO - Started process (PID=669) to work on /home/airflow/.local/lib/python3.8/site-packages/airflow/example_dags/example_branch_labels.py
[2024-01-30T16:31:59.453+0000] {processor.py:830} INFO - Processing file /home/airflow/.local/lib/python3.8/site-packages/airflow/example_dags/example_branch_labels.py for tasks to queue
[2024-01-30T16:31:59.455+0000] {logging_mixin.py:188} INFO - [2024-01-30T16:31:59.455+0000] {dagbag.py:538} INFO - Filling up the DagBag from /home/airflow/.local/lib/python3.8/site-packages/airflow/example_dags/example_branch_labels.py
[2024-01-30T16:31:59.462+0000] {processor.py:840} INFO - DAG(s) 'example_branch_labels' retrieved from /home/airflow/.local/lib/python3.8/site-packages/airflow/example_dags/example_branch_labels.py
[2024-01-30T16:31:59.481+0000] {logging_mixin.py:188} INFO - [2024-01-30T16:31:59.481+0000] {dag.py:3036} INFO - Sync 1 DAGs
[2024-01-30T16:31:59.501+0000] {logging_mixin.py:188} INFO - [2024-01-30T16:31:59.501+0000] {dag.py:3823} INFO - Setting next_dagrun for example_branch_labels to 2024-01-29 00:00:00+00:00, run_after=2024-01-30 00:00:00+00:00
[2024-01-30T16:31:59.522+0000] {processor.py:183} INFO - Processing /home/airflow/.local/lib/python3.8/site-packages/airflow/example_dags/example_branch_labels.py took 0.073 seconds
[2024-01-30T16:32:29.628+0000] {processor.py:161} INFO - Started process (PID=724) to work on /home/airflow/.local/lib/python3.8/site-packages/airflow/example_dags/example_branch_labels.py
[2024-01-30T16:32:29.629+0000] {processor.py:830} INFO - Processing file /home/airflow/.local/lib/python3.8/site-packages/airflow/example_dags/example_branch_labels.py for tasks to queue
[2024-01-30T16:32:29.630+0000] {logging_mixin.py:188} INFO - [2024-01-30T16:32:29.630+0000] {dagbag.py:538} INFO - Filling up the DagBag from /home/airflow/.local/lib/python3.8/site-packages/airflow/example_dags/example_branch_labels.py
[2024-01-30T16:32:29.637+0000] {processor.py:840} INFO - DAG(s) 'example_branch_labels' retrieved from /home/airflow/.local/lib/python3.8/site-packages/airflow/example_dags/example_branch_labels.py
[2024-01-30T16:32:29.657+0000] {logging_mixin.py:188} INFO - [2024-01-30T16:32:29.657+0000] {dag.py:3036} INFO - Sync 1 DAGs
[2024-01-30T16:32:29.676+0000] {logging_mixin.py:188} INFO - [2024-01-30T16:32:29.676+0000] {dag.py:3823} INFO - Setting next_dagrun for example_branch_labels to 2024-01-29 00:00:00+00:00, run_after=2024-01-30 00:00:00+00:00
[2024-01-30T16:32:29.695+0000] {processor.py:183} INFO - Processing /home/airflow/.local/lib/python3.8/site-packages/airflow/example_dags/example_branch_labels.py took 0.070 seconds
[2024-01-30T16:32:59.913+0000] {processor.py:161} INFO - Started process (PID=779) to work on /home/airflow/.local/lib/python3.8/site-packages/airflow/example_dags/example_branch_labels.py
[2024-01-30T16:32:59.914+0000] {processor.py:830} INFO - Processing file /home/airflow/.local/lib/python3.8/site-packages/airflow/example_dags/example_branch_labels.py for tasks to queue
[2024-01-30T16:32:59.916+0000] {logging_mixin.py:188} INFO - [2024-01-30T16:32:59.916+0000] {dagbag.py:538} INFO - Filling up the DagBag from /home/airflow/.local/lib/python3.8/site-packages/airflow/example_dags/example_branch_labels.py
[2024-01-30T16:32:59.923+0000] {processor.py:840} INFO - DAG(s) 'example_branch_labels' retrieved from /home/airflow/.local/lib/python3.8/site-packages/airflow/example_dags/example_branch_labels.py
[2024-01-30T16:32:59.944+0000] {logging_mixin.py:188} INFO - [2024-01-30T16:32:59.943+0000] {dag.py:3036} INFO - Sync 1 DAGs
[2024-01-30T16:32:59.966+0000] {logging_mixin.py:188} INFO - [2024-01-30T16:32:59.965+0000] {dag.py:3823} INFO - Setting next_dagrun for example_branch_labels to 2024-01-29 00:00:00+00:00, run_after=2024-01-30 00:00:00+00:00
[2024-01-30T16:32:59.984+0000] {processor.py:183} INFO - Processing /home/airflow/.local/lib/python3.8/site-packages/airflow/example_dags/example_branch_labels.py took 0.074 seconds
[2024-01-30T16:33:30.328+0000] {processor.py:161} INFO - Started process (PID=834) to work on /home/airflow/.local/lib/python3.8/site-packages/airflow/example_dags/example_branch_labels.py
[2024-01-30T16:33:30.329+0000] {processor.py:830} INFO - Processing file /home/airflow/.local/lib/python3.8/site-packages/airflow/example_dags/example_branch_labels.py for tasks to queue
[2024-01-30T16:33:30.331+0000] {logging_mixin.py:188} INFO - [2024-01-30T16:33:30.330+0000] {dagbag.py:538} INFO - Filling up the DagBag from /home/airflow/.local/lib/python3.8/site-packages/airflow/example_dags/example_branch_labels.py
[2024-01-30T16:33:30.338+0000] {processor.py:840} INFO - DAG(s) 'example_branch_labels' retrieved from /home/airflow/.local/lib/python3.8/site-packages/airflow/example_dags/example_branch_labels.py
[2024-01-30T16:33:30.357+0000] {logging_mixin.py:188} INFO - [2024-01-30T16:33:30.356+0000] {dag.py:3036} INFO - Sync 1 DAGs
[2024-01-30T16:33:30.377+0000] {logging_mixin.py:188} INFO - [2024-01-30T16:33:30.377+0000] {dag.py:3823} INFO - Setting next_dagrun for example_branch_labels to 2024-01-29 00:00:00+00:00, run_after=2024-01-30 00:00:00+00:00
[2024-01-30T16:33:30.395+0000] {processor.py:183} INFO - Processing /home/airflow/.local/lib/python3.8/site-packages/airflow/example_dags/example_branch_labels.py took 0.069 seconds
[2024-01-30T16:34:00.572+0000] {processor.py:161} INFO - Started process (PID=889) to work on /home/airflow/.local/lib/python3.8/site-packages/airflow/example_dags/example_branch_labels.py
[2024-01-30T16:34:00.573+0000] {processor.py:830} INFO - Processing file /home/airflow/.local/lib/python3.8/site-packages/airflow/example_dags/example_branch_labels.py for tasks to queue
[2024-01-30T16:34:00.575+0000] {logging_mixin.py:188} INFO - [2024-01-30T16:34:00.575+0000] {dagbag.py:538} INFO - Filling up the DagBag from /home/airflow/.local/lib/python3.8/site-packages/airflow/example_dags/example_branch_labels.py
[2024-01-30T16:34:00.584+0000] {processor.py:840} INFO - DAG(s) 'example_branch_labels' retrieved from /home/airflow/.local/lib/python3.8/site-packages/airflow/example_dags/example_branch_labels.py
[2024-01-30T16:34:00.603+0000] {logging_mixin.py:188} INFO - [2024-01-30T16:34:00.603+0000] {dag.py:3036} INFO - Sync 1 DAGs
[2024-01-30T16:34:00.624+0000] {logging_mixin.py:188} INFO - [2024-01-30T16:34:00.624+0000] {dag.py:3823} INFO - Setting next_dagrun for example_branch_labels to 2024-01-29 00:00:00+00:00, run_after=2024-01-30 00:00:00+00:00
[2024-01-30T16:34:00.642+0000] {processor.py:183} INFO - Processing /home/airflow/.local/lib/python3.8/site-packages/airflow/example_dags/example_branch_labels.py took 0.072 seconds
[2024-01-30T16:34:30.952+0000] {processor.py:161} INFO - Started process (PID=944) to work on /home/airflow/.local/lib/python3.8/site-packages/airflow/example_dags/example_branch_labels.py
[2024-01-30T16:34:30.953+0000] {processor.py:830} INFO - Processing file /home/airflow/.local/lib/python3.8/site-packages/airflow/example_dags/example_branch_labels.py for tasks to queue
[2024-01-30T16:34:30.955+0000] {logging_mixin.py:188} INFO - [2024-01-30T16:34:30.955+0000] {dagbag.py:538} INFO - Filling up the DagBag from /home/airflow/.local/lib/python3.8/site-packages/airflow/example_dags/example_branch_labels.py
[2024-01-30T16:34:30.963+0000] {processor.py:840} INFO - DAG(s) 'example_branch_labels' retrieved from /home/airflow/.local/lib/python3.8/site-packages/airflow/example_dags/example_branch_labels.py
[2024-01-30T16:34:30.983+0000] {logging_mixin.py:188} INFO - [2024-01-30T16:34:30.983+0000] {dag.py:3036} INFO - Sync 1 DAGs
[2024-01-30T16:34:31.004+0000] {logging_mixin.py:188} INFO - [2024-01-30T16:34:31.003+0000] {dag.py:3823} INFO - Setting next_dagrun for example_branch_labels to 2024-01-29 00:00:00+00:00, run_after=2024-01-30 00:00:00+00:00
[2024-01-30T16:34:31.023+0000] {processor.py:183} INFO - Processing /home/airflow/.local/lib/python3.8/site-packages/airflow/example_dags/example_branch_labels.py took 0.075 seconds
[2024-01-30T16:35:01.308+0000] {processor.py:161} INFO - Started process (PID=999) to work on /home/airflow/.local/lib/python3.8/site-packages/airflow/example_dags/example_branch_labels.py
[2024-01-30T16:35:01.309+0000] {processor.py:830} INFO - Processing file /home/airflow/.local/lib/python3.8/site-packages/airflow/example_dags/example_branch_labels.py for tasks to queue
[2024-01-30T16:35:01.311+0000] {logging_mixin.py:188} INFO - [2024-01-30T16:35:01.311+0000] {dagbag.py:538} INFO - Filling up the DagBag from /home/airflow/.local/lib/python3.8/site-packages/airflow/example_dags/example_branch_labels.py
[2024-01-30T16:35:01.318+0000] {processor.py:840} INFO - DAG(s) 'example_branch_labels' retrieved from /home/airflow/.local/lib/python3.8/site-packages/airflow/example_dags/example_branch_labels.py
[2024-01-30T16:35:01.338+0000] {logging_mixin.py:188} INFO - [2024-01-30T16:35:01.338+0000] {dag.py:3036} INFO - Sync 1 DAGs
[2024-01-30T16:35:01.358+0000] {logging_mixin.py:188} INFO - [2024-01-30T16:35:01.358+0000] {dag.py:3823} INFO - Setting next_dagrun for example_branch_labels to 2024-01-29 00:00:00+00:00, run_after=2024-01-30 00:00:00+00:00
[2024-01-30T16:35:01.376+0000] {processor.py:183} INFO - Processing /home/airflow/.local/lib/python3.8/site-packages/airflow/example_dags/example_branch_labels.py took 0.070 seconds
[2024-01-30T16:35:31.474+0000] {processor.py:161} INFO - Started process (PID=1054) to work on /home/airflow/.local/lib/python3.8/site-packages/airflow/example_dags/example_branch_labels.py
[2024-01-30T16:35:31.475+0000] {processor.py:830} INFO - Processing file /home/airflow/.local/lib/python3.8/site-packages/airflow/example_dags/example_branch_labels.py for tasks to queue
[2024-01-30T16:35:31.477+0000] {logging_mixin.py:188} INFO - [2024-01-30T16:35:31.477+0000] {dagbag.py:538} INFO - Filling up the DagBag from /home/airflow/.local/lib/python3.8/site-packages/airflow/example_dags/example_branch_labels.py
[2024-01-30T16:35:31.484+0000] {processor.py:840} INFO - DAG(s) 'example_branch_labels' retrieved from /home/airflow/.local/lib/python3.8/site-packages/airflow/example_dags/example_branch_labels.py
[2024-01-30T16:35:31.504+0000] {logging_mixin.py:188} INFO - [2024-01-30T16:35:31.504+0000] {dag.py:3036} INFO - Sync 1 DAGs
[2024-01-30T16:35:31.525+0000] {logging_mixin.py:188} INFO - [2024-01-30T16:35:31.524+0000] {dag.py:3823} INFO - Setting next_dagrun for example_branch_labels to 2024-01-29 00:00:00+00:00, run_after=2024-01-30 00:00:00+00:00
[2024-01-30T16:35:31.543+0000] {processor.py:183} INFO - Processing /home/airflow/.local/lib/python3.8/site-packages/airflow/example_dags/example_branch_labels.py took 0.072 seconds
[2024-01-30T16:36:01.613+0000] {processor.py:161} INFO - Started process (PID=1109) to work on /home/airflow/.local/lib/python3.8/site-packages/airflow/example_dags/example_branch_labels.py
[2024-01-30T16:36:01.614+0000] {processor.py:830} INFO - Processing file /home/airflow/.local/lib/python3.8/site-packages/airflow/example_dags/example_branch_labels.py for tasks to queue
[2024-01-30T16:36:01.615+0000] {logging_mixin.py:188} INFO - [2024-01-30T16:36:01.615+0000] {dagbag.py:538} INFO - Filling up the DagBag from /home/airflow/.local/lib/python3.8/site-packages/airflow/example_dags/example_branch_labels.py
[2024-01-30T16:36:01.623+0000] {processor.py:840} INFO - DAG(s) 'example_branch_labels' retrieved from /home/airflow/.local/lib/python3.8/site-packages/airflow/example_dags/example_branch_labels.py
[2024-01-30T16:36:01.642+0000] {logging_mixin.py:188} INFO - [2024-01-30T16:36:01.642+0000] {dag.py:3036} INFO - Sync 1 DAGs
[2024-01-30T16:36:01.662+0000] {logging_mixin.py:188} INFO - [2024-01-30T16:36:01.662+0000] {dag.py:3823} INFO - Setting next_dagrun for example_branch_labels to 2024-01-29 00:00:00+00:00, run_after=2024-01-30 00:00:00+00:00
[2024-01-30T16:36:01.680+0000] {processor.py:183} INFO - Processing /home/airflow/.local/lib/python3.8/site-packages/airflow/example_dags/example_branch_labels.py took 0.070 seconds
[2024-01-30T16:36:32.611+0000] {processor.py:161} INFO - Started process (PID=1164) to work on /home/airflow/.local/lib/python3.8/site-packages/airflow/example_dags/example_branch_labels.py
[2024-01-30T16:36:32.612+0000] {processor.py:830} INFO - Processing file /home/airflow/.local/lib/python3.8/site-packages/airflow/example_dags/example_branch_labels.py for tasks to queue
[2024-01-30T16:36:32.615+0000] {logging_mixin.py:188} INFO - [2024-01-30T16:36:32.614+0000] {dagbag.py:538} INFO - Filling up the DagBag from /home/airflow/.local/lib/python3.8/site-packages/airflow/example_dags/example_branch_labels.py
[2024-01-30T16:36:32.623+0000] {processor.py:840} INFO - DAG(s) 'example_branch_labels' retrieved from /home/airflow/.local/lib/python3.8/site-packages/airflow/example_dags/example_branch_labels.py
[2024-01-30T16:36:32.645+0000] {logging_mixin.py:188} INFO - [2024-01-30T16:36:32.645+0000] {dag.py:3036} INFO - Sync 1 DAGs
[2024-01-30T16:36:32.670+0000] {logging_mixin.py:188} INFO - [2024-01-30T16:36:32.670+0000] {dag.py:3823} INFO - Setting next_dagrun for example_branch_labels to 2024-01-29 00:00:00+00:00, run_after=2024-01-30 00:00:00+00:00
[2024-01-30T16:36:32.693+0000] {processor.py:183} INFO - Processing /home/airflow/.local/lib/python3.8/site-packages/airflow/example_dags/example_branch_labels.py took 0.084 seconds
[2024-01-30T16:37:02.762+0000] {processor.py:161} INFO - Started process (PID=1219) to work on /home/airflow/.local/lib/python3.8/site-packages/airflow/example_dags/example_branch_labels.py
[2024-01-30T16:37:02.763+0000] {processor.py:830} INFO - Processing file /home/airflow/.local/lib/python3.8/site-packages/airflow/example_dags/example_branch_labels.py for tasks to queue
[2024-01-30T16:37:02.765+0000] {logging_mixin.py:188} INFO - [2024-01-30T16:37:02.764+0000] {dagbag.py:538} INFO - Filling up the DagBag from /home/airflow/.local/lib/python3.8/site-packages/airflow/example_dags/example_branch_labels.py
[2024-01-30T16:37:02.773+0000] {processor.py:840} INFO - DAG(s) 'example_branch_labels' retrieved from /home/airflow/.local/lib/python3.8/site-packages/airflow/example_dags/example_branch_labels.py
[2024-01-30T16:37:02.794+0000] {logging_mixin.py:188} INFO - [2024-01-30T16:37:02.793+0000] {dag.py:3036} INFO - Sync 1 DAGs
[2024-01-30T16:37:02.816+0000] {logging_mixin.py:188} INFO - [2024-01-30T16:37:02.816+0000] {dag.py:3823} INFO - Setting next_dagrun for example_branch_labels to 2024-01-29 00:00:00+00:00, run_after=2024-01-30 00:00:00+00:00
[2024-01-30T16:37:02.836+0000] {processor.py:183} INFO - Processing /home/airflow/.local/lib/python3.8/site-packages/airflow/example_dags/example_branch_labels.py took 0.077 seconds
[2024-01-30T16:37:33.615+0000] {processor.py:161} INFO - Started process (PID=1274) to work on /home/airflow/.local/lib/python3.8/site-packages/airflow/example_dags/example_branch_labels.py
[2024-01-30T16:37:33.616+0000] {processor.py:830} INFO - Processing file /home/airflow/.local/lib/python3.8/site-packages/airflow/example_dags/example_branch_labels.py for tasks to queue
[2024-01-30T16:37:33.618+0000] {logging_mixin.py:188} INFO - [2024-01-30T16:37:33.618+0000] {dagbag.py:538} INFO - Filling up the DagBag from /home/airflow/.local/lib/python3.8/site-packages/airflow/example_dags/example_branch_labels.py
[2024-01-30T16:37:33.625+0000] {processor.py:840} INFO - DAG(s) 'example_branch_labels' retrieved from /home/airflow/.local/lib/python3.8/site-packages/airflow/example_dags/example_branch_labels.py
[2024-01-30T16:37:33.644+0000] {logging_mixin.py:188} INFO - [2024-01-30T16:37:33.644+0000] {dag.py:3036} INFO - Sync 1 DAGs
[2024-01-30T16:37:33.664+0000] {logging_mixin.py:188} INFO - [2024-01-30T16:37:33.664+0000] {dag.py:3823} INFO - Setting next_dagrun for example_branch_labels to 2024-01-29 00:00:00+00:00, run_after=2024-01-30 00:00:00+00:00
[2024-01-30T16:37:33.681+0000] {processor.py:183} INFO - Processing /home/airflow/.local/lib/python3.8/site-packages/airflow/example_dags/example_branch_labels.py took 0.069 seconds
