[2024-01-30T16:16:25.670+0000] {processor.py:161} INFO - Started process (PID=56) to work on /home/airflow/.local/lib/python3.8/site-packages/airflow/example_dags/example_subdag_operator.py
[2024-01-30T16:16:25.672+0000] {processor.py:830} INFO - Processing file /home/airflow/.local/lib/python3.8/site-packages/airflow/example_dags/example_subdag_operator.py for tasks to queue
[2024-01-30T16:16:25.675+0000] {logging_mixin.py:188} INFO - [2024-01-30T16:16:25.674+0000] {dagbag.py:538} INFO - Filling up the DagBag from /home/airflow/.local/lib/python3.8/site-packages/airflow/example_dags/example_subdag_operator.py
[2024-01-30T16:16:25.703+0000] {processor.py:840} INFO - DAG(s) 'example_subdag_operator.section-1', 'example_subdag_operator.section-2', 'example_subdag_operator' retrieved from /home/airflow/.local/lib/python3.8/site-packages/airflow/example_dags/example_subdag_operator.py
[2024-01-30T16:16:25.707+0000] {logging_mixin.py:188} INFO - [2024-01-30T16:16:25.707+0000] {dag.py:3036} INFO - Sync 3 DAGs
[2024-01-30T16:16:25.731+0000] {logging_mixin.py:188} INFO - [2024-01-30T16:16:25.731+0000] {dag.py:3823} INFO - Setting next_dagrun for example_subdag_operator to 2022-01-01 00:00:00+00:00, run_after=2022-01-01 00:00:00+00:00
[2024-01-30T16:16:25.735+0000] {logging_mixin.py:188} INFO - [2024-01-30T16:16:25.735+0000] {dag.py:3823} INFO - Setting next_dagrun for example_subdag_operator.section-1 to None, run_after=None
[2024-01-30T16:16:25.737+0000] {logging_mixin.py:188} INFO - [2024-01-30T16:16:25.737+0000] {dag.py:3823} INFO - Setting next_dagrun for example_subdag_operator.section-2 to None, run_after=None
[2024-01-30T16:16:25.746+0000] {logging_mixin.py:188} INFO - [2024-01-30T16:16:25.746+0000] {dag.py:3036} INFO - Sync 2 DAGs
[2024-01-30T16:16:25.753+0000] {logging_mixin.py:188} INFO - [2024-01-30T16:16:25.752+0000] {dag.py:3823} INFO - Setting next_dagrun for example_subdag_operator.section-1 to None, run_after=None
[2024-01-30T16:16:25.753+0000] {logging_mixin.py:188} INFO - [2024-01-30T16:16:25.753+0000] {dag.py:3823} INFO - Setting next_dagrun for example_subdag_operator.section-2 to None, run_after=None
[2024-01-30T16:16:25.767+0000] {processor.py:183} INFO - Processing /home/airflow/.local/lib/python3.8/site-packages/airflow/example_dags/example_subdag_operator.py took 0.100 seconds
[2024-01-30T16:16:57.119+0000] {processor.py:161} INFO - Started process (PID=111) to work on /home/airflow/.local/lib/python3.8/site-packages/airflow/example_dags/example_subdag_operator.py
[2024-01-30T16:16:57.120+0000] {processor.py:830} INFO - Processing file /home/airflow/.local/lib/python3.8/site-packages/airflow/example_dags/example_subdag_operator.py for tasks to queue
[2024-01-30T16:16:57.122+0000] {logging_mixin.py:188} INFO - [2024-01-30T16:16:57.122+0000] {dagbag.py:538} INFO - Filling up the DagBag from /home/airflow/.local/lib/python3.8/site-packages/airflow/example_dags/example_subdag_operator.py
[2024-01-30T16:16:57.144+0000] {processor.py:840} INFO - DAG(s) 'example_subdag_operator.section-1', 'example_subdag_operator.section-2', 'example_subdag_operator' retrieved from /home/airflow/.local/lib/python3.8/site-packages/airflow/example_dags/example_subdag_operator.py
[2024-01-30T16:16:57.246+0000] {logging_mixin.py:188} INFO - [2024-01-30T16:16:57.245+0000] {dag.py:3036} INFO - Sync 3 DAGs
[2024-01-30T16:16:57.271+0000] {logging_mixin.py:188} INFO - [2024-01-30T16:16:57.271+0000] {dag.py:3823} INFO - Setting next_dagrun for example_subdag_operator to 2022-01-01 00:00:00+00:00, run_after=2022-01-01 00:00:00+00:00
[2024-01-30T16:16:57.275+0000] {logging_mixin.py:188} INFO - [2024-01-30T16:16:57.275+0000] {dag.py:3823} INFO - Setting next_dagrun for example_subdag_operator.section-1 to None, run_after=None
[2024-01-30T16:16:57.277+0000] {logging_mixin.py:188} INFO - [2024-01-30T16:16:57.277+0000] {dag.py:3823} INFO - Setting next_dagrun for example_subdag_operator.section-2 to None, run_after=None
[2024-01-30T16:16:57.286+0000] {logging_mixin.py:188} INFO - [2024-01-30T16:16:57.285+0000] {dag.py:3036} INFO - Sync 2 DAGs
[2024-01-30T16:16:57.291+0000] {logging_mixin.py:188} INFO - [2024-01-30T16:16:57.291+0000] {dag.py:3823} INFO - Setting next_dagrun for example_subdag_operator.section-1 to None, run_after=None
[2024-01-30T16:16:57.292+0000] {logging_mixin.py:188} INFO - [2024-01-30T16:16:57.291+0000] {dag.py:3823} INFO - Setting next_dagrun for example_subdag_operator.section-2 to None, run_after=None
[2024-01-30T16:16:57.304+0000] {processor.py:183} INFO - Processing /home/airflow/.local/lib/python3.8/site-packages/airflow/example_dags/example_subdag_operator.py took 0.188 seconds
[2024-01-30T16:17:27.876+0000] {processor.py:161} INFO - Started process (PID=166) to work on /home/airflow/.local/lib/python3.8/site-packages/airflow/example_dags/example_subdag_operator.py
[2024-01-30T16:17:27.877+0000] {processor.py:830} INFO - Processing file /home/airflow/.local/lib/python3.8/site-packages/airflow/example_dags/example_subdag_operator.py for tasks to queue
[2024-01-30T16:17:27.879+0000] {logging_mixin.py:188} INFO - [2024-01-30T16:17:27.879+0000] {dagbag.py:538} INFO - Filling up the DagBag from /home/airflow/.local/lib/python3.8/site-packages/airflow/example_dags/example_subdag_operator.py
[2024-01-30T16:17:27.901+0000] {processor.py:840} INFO - DAG(s) 'example_subdag_operator.section-1', 'example_subdag_operator.section-2', 'example_subdag_operator' retrieved from /home/airflow/.local/lib/python3.8/site-packages/airflow/example_dags/example_subdag_operator.py
[2024-01-30T16:17:27.918+0000] {logging_mixin.py:188} INFO - [2024-01-30T16:17:27.918+0000] {dag.py:3036} INFO - Sync 3 DAGs
[2024-01-30T16:17:27.937+0000] {logging_mixin.py:188} INFO - [2024-01-30T16:17:27.937+0000] {dag.py:3823} INFO - Setting next_dagrun for example_subdag_operator to 2022-01-01 00:00:00+00:00, run_after=2022-01-01 00:00:00+00:00
[2024-01-30T16:17:27.940+0000] {logging_mixin.py:188} INFO - [2024-01-30T16:17:27.940+0000] {dag.py:3823} INFO - Setting next_dagrun for example_subdag_operator.section-1 to None, run_after=None
[2024-01-30T16:17:27.941+0000] {logging_mixin.py:188} INFO - [2024-01-30T16:17:27.941+0000] {dag.py:3823} INFO - Setting next_dagrun for example_subdag_operator.section-2 to None, run_after=None
[2024-01-30T16:17:27.948+0000] {logging_mixin.py:188} INFO - [2024-01-30T16:17:27.947+0000] {dag.py:3036} INFO - Sync 2 DAGs
[2024-01-30T16:17:27.952+0000] {logging_mixin.py:188} INFO - [2024-01-30T16:17:27.952+0000] {dag.py:3823} INFO - Setting next_dagrun for example_subdag_operator.section-1 to None, run_after=None
[2024-01-30T16:17:27.953+0000] {logging_mixin.py:188} INFO - [2024-01-30T16:17:27.953+0000] {dag.py:3823} INFO - Setting next_dagrun for example_subdag_operator.section-2 to None, run_after=None
[2024-01-30T16:17:27.965+0000] {processor.py:183} INFO - Processing /home/airflow/.local/lib/python3.8/site-packages/airflow/example_dags/example_subdag_operator.py took 0.092 seconds
[2024-01-30T16:17:58.953+0000] {processor.py:161} INFO - Started process (PID=221) to work on /home/airflow/.local/lib/python3.8/site-packages/airflow/example_dags/example_subdag_operator.py
[2024-01-30T16:17:58.954+0000] {processor.py:830} INFO - Processing file /home/airflow/.local/lib/python3.8/site-packages/airflow/example_dags/example_subdag_operator.py for tasks to queue
[2024-01-30T16:17:58.956+0000] {logging_mixin.py:188} INFO - [2024-01-30T16:17:58.956+0000] {dagbag.py:538} INFO - Filling up the DagBag from /home/airflow/.local/lib/python3.8/site-packages/airflow/example_dags/example_subdag_operator.py
[2024-01-30T16:17:58.978+0000] {processor.py:840} INFO - DAG(s) 'example_subdag_operator.section-1', 'example_subdag_operator.section-2', 'example_subdag_operator' retrieved from /home/airflow/.local/lib/python3.8/site-packages/airflow/example_dags/example_subdag_operator.py
[2024-01-30T16:17:58.993+0000] {logging_mixin.py:188} INFO - [2024-01-30T16:17:58.993+0000] {dag.py:3036} INFO - Sync 3 DAGs
[2024-01-30T16:17:59.012+0000] {logging_mixin.py:188} INFO - [2024-01-30T16:17:59.012+0000] {dag.py:3823} INFO - Setting next_dagrun for example_subdag_operator to 2022-01-01 00:00:00+00:00, run_after=2022-01-01 00:00:00+00:00
[2024-01-30T16:17:59.016+0000] {logging_mixin.py:188} INFO - [2024-01-30T16:17:59.016+0000] {dag.py:3823} INFO - Setting next_dagrun for example_subdag_operator.section-1 to None, run_after=None
[2024-01-30T16:17:59.018+0000] {logging_mixin.py:188} INFO - [2024-01-30T16:17:59.017+0000] {dag.py:3823} INFO - Setting next_dagrun for example_subdag_operator.section-2 to None, run_after=None
[2024-01-30T16:17:59.024+0000] {logging_mixin.py:188} INFO - [2024-01-30T16:17:59.024+0000] {dag.py:3036} INFO - Sync 2 DAGs
[2024-01-30T16:17:59.029+0000] {logging_mixin.py:188} INFO - [2024-01-30T16:17:59.029+0000] {dag.py:3823} INFO - Setting next_dagrun for example_subdag_operator.section-1 to None, run_after=None
[2024-01-30T16:17:59.030+0000] {logging_mixin.py:188} INFO - [2024-01-30T16:17:59.030+0000] {dag.py:3823} INFO - Setting next_dagrun for example_subdag_operator.section-2 to None, run_after=None
[2024-01-30T16:17:59.042+0000] {processor.py:183} INFO - Processing /home/airflow/.local/lib/python3.8/site-packages/airflow/example_dags/example_subdag_operator.py took 0.091 seconds
[2024-01-30T16:18:29.088+0000] {processor.py:161} INFO - Started process (PID=276) to work on /home/airflow/.local/lib/python3.8/site-packages/airflow/example_dags/example_subdag_operator.py
[2024-01-30T16:18:29.088+0000] {processor.py:830} INFO - Processing file /home/airflow/.local/lib/python3.8/site-packages/airflow/example_dags/example_subdag_operator.py for tasks to queue
[2024-01-30T16:18:29.090+0000] {logging_mixin.py:188} INFO - [2024-01-30T16:18:29.090+0000] {dagbag.py:538} INFO - Filling up the DagBag from /home/airflow/.local/lib/python3.8/site-packages/airflow/example_dags/example_subdag_operator.py
[2024-01-30T16:18:29.112+0000] {processor.py:840} INFO - DAG(s) 'example_subdag_operator.section-1', 'example_subdag_operator.section-2', 'example_subdag_operator' retrieved from /home/airflow/.local/lib/python3.8/site-packages/airflow/example_dags/example_subdag_operator.py
[2024-01-30T16:18:29.127+0000] {logging_mixin.py:188} INFO - [2024-01-30T16:18:29.127+0000] {dag.py:3036} INFO - Sync 3 DAGs
[2024-01-30T16:18:29.146+0000] {logging_mixin.py:188} INFO - [2024-01-30T16:18:29.146+0000] {dag.py:3823} INFO - Setting next_dagrun for example_subdag_operator to 2022-01-01 00:00:00+00:00, run_after=2022-01-01 00:00:00+00:00
[2024-01-30T16:18:29.150+0000] {logging_mixin.py:188} INFO - [2024-01-30T16:18:29.149+0000] {dag.py:3823} INFO - Setting next_dagrun for example_subdag_operator.section-1 to None, run_after=None
[2024-01-30T16:18:29.151+0000] {logging_mixin.py:188} INFO - [2024-01-30T16:18:29.151+0000] {dag.py:3823} INFO - Setting next_dagrun for example_subdag_operator.section-2 to None, run_after=None
[2024-01-30T16:18:29.158+0000] {logging_mixin.py:188} INFO - [2024-01-30T16:18:29.157+0000] {dag.py:3036} INFO - Sync 2 DAGs
[2024-01-30T16:18:29.162+0000] {logging_mixin.py:188} INFO - [2024-01-30T16:18:29.162+0000] {dag.py:3823} INFO - Setting next_dagrun for example_subdag_operator.section-1 to None, run_after=None
[2024-01-30T16:18:29.163+0000] {logging_mixin.py:188} INFO - [2024-01-30T16:18:29.163+0000] {dag.py:3823} INFO - Setting next_dagrun for example_subdag_operator.section-2 to None, run_after=None
[2024-01-30T16:18:29.175+0000] {processor.py:183} INFO - Processing /home/airflow/.local/lib/python3.8/site-packages/airflow/example_dags/example_subdag_operator.py took 0.091 seconds
[2024-01-30T16:18:59.785+0000] {processor.py:161} INFO - Started process (PID=331) to work on /home/airflow/.local/lib/python3.8/site-packages/airflow/example_dags/example_subdag_operator.py
[2024-01-30T16:18:59.786+0000] {processor.py:830} INFO - Processing file /home/airflow/.local/lib/python3.8/site-packages/airflow/example_dags/example_subdag_operator.py for tasks to queue
[2024-01-30T16:18:59.788+0000] {logging_mixin.py:188} INFO - [2024-01-30T16:18:59.788+0000] {dagbag.py:538} INFO - Filling up the DagBag from /home/airflow/.local/lib/python3.8/site-packages/airflow/example_dags/example_subdag_operator.py
[2024-01-30T16:18:59.810+0000] {processor.py:840} INFO - DAG(s) 'example_subdag_operator.section-1', 'example_subdag_operator.section-2', 'example_subdag_operator' retrieved from /home/airflow/.local/lib/python3.8/site-packages/airflow/example_dags/example_subdag_operator.py
[2024-01-30T16:18:59.826+0000] {logging_mixin.py:188} INFO - [2024-01-30T16:18:59.825+0000] {dag.py:3036} INFO - Sync 3 DAGs
[2024-01-30T16:18:59.845+0000] {logging_mixin.py:188} INFO - [2024-01-30T16:18:59.845+0000] {dag.py:3823} INFO - Setting next_dagrun for example_subdag_operator to 2022-01-01 00:00:00+00:00, run_after=2022-01-01 00:00:00+00:00
[2024-01-30T16:18:59.848+0000] {logging_mixin.py:188} INFO - [2024-01-30T16:18:59.848+0000] {dag.py:3823} INFO - Setting next_dagrun for example_subdag_operator.section-1 to None, run_after=None
[2024-01-30T16:18:59.850+0000] {logging_mixin.py:188} INFO - [2024-01-30T16:18:59.849+0000] {dag.py:3823} INFO - Setting next_dagrun for example_subdag_operator.section-2 to None, run_after=None
[2024-01-30T16:18:59.856+0000] {logging_mixin.py:188} INFO - [2024-01-30T16:18:59.856+0000] {dag.py:3036} INFO - Sync 2 DAGs
[2024-01-30T16:18:59.861+0000] {logging_mixin.py:188} INFO - [2024-01-30T16:18:59.861+0000] {dag.py:3823} INFO - Setting next_dagrun for example_subdag_operator.section-1 to None, run_after=None
[2024-01-30T16:18:59.861+0000] {logging_mixin.py:188} INFO - [2024-01-30T16:18:59.861+0000] {dag.py:3823} INFO - Setting next_dagrun for example_subdag_operator.section-2 to None, run_after=None
[2024-01-30T16:18:59.873+0000] {processor.py:183} INFO - Processing /home/airflow/.local/lib/python3.8/site-packages/airflow/example_dags/example_subdag_operator.py took 0.091 seconds
[2024-01-30T16:19:30.431+0000] {processor.py:161} INFO - Started process (PID=387) to work on /home/airflow/.local/lib/python3.8/site-packages/airflow/example_dags/example_subdag_operator.py
[2024-01-30T16:19:30.432+0000] {processor.py:830} INFO - Processing file /home/airflow/.local/lib/python3.8/site-packages/airflow/example_dags/example_subdag_operator.py for tasks to queue
[2024-01-30T16:19:30.433+0000] {logging_mixin.py:188} INFO - [2024-01-30T16:19:30.433+0000] {dagbag.py:538} INFO - Filling up the DagBag from /home/airflow/.local/lib/python3.8/site-packages/airflow/example_dags/example_subdag_operator.py
[2024-01-30T16:19:30.455+0000] {processor.py:840} INFO - DAG(s) 'example_subdag_operator.section-1', 'example_subdag_operator.section-2', 'example_subdag_operator' retrieved from /home/airflow/.local/lib/python3.8/site-packages/airflow/example_dags/example_subdag_operator.py
[2024-01-30T16:19:30.470+0000] {logging_mixin.py:188} INFO - [2024-01-30T16:19:30.470+0000] {dag.py:3036} INFO - Sync 3 DAGs
[2024-01-30T16:19:30.489+0000] {logging_mixin.py:188} INFO - [2024-01-30T16:19:30.489+0000] {dag.py:3823} INFO - Setting next_dagrun for example_subdag_operator to 2022-01-01 00:00:00+00:00, run_after=2022-01-01 00:00:00+00:00
[2024-01-30T16:19:30.492+0000] {logging_mixin.py:188} INFO - [2024-01-30T16:19:30.492+0000] {dag.py:3823} INFO - Setting next_dagrun for example_subdag_operator.section-1 to None, run_after=None
[2024-01-30T16:19:30.494+0000] {logging_mixin.py:188} INFO - [2024-01-30T16:19:30.494+0000] {dag.py:3823} INFO - Setting next_dagrun for example_subdag_operator.section-2 to None, run_after=None
[2024-01-30T16:19:30.500+0000] {logging_mixin.py:188} INFO - [2024-01-30T16:19:30.500+0000] {dag.py:3036} INFO - Sync 2 DAGs
[2024-01-30T16:19:30.504+0000] {logging_mixin.py:188} INFO - [2024-01-30T16:19:30.504+0000] {dag.py:3823} INFO - Setting next_dagrun for example_subdag_operator.section-1 to None, run_after=None
[2024-01-30T16:19:30.505+0000] {logging_mixin.py:188} INFO - [2024-01-30T16:19:30.505+0000] {dag.py:3823} INFO - Setting next_dagrun for example_subdag_operator.section-2 to None, run_after=None
[2024-01-30T16:19:30.517+0000] {processor.py:183} INFO - Processing /home/airflow/.local/lib/python3.8/site-packages/airflow/example_dags/example_subdag_operator.py took 0.089 seconds
[2024-01-30T16:20:01.029+0000] {processor.py:161} INFO - Started process (PID=442) to work on /home/airflow/.local/lib/python3.8/site-packages/airflow/example_dags/example_subdag_operator.py
[2024-01-30T16:20:01.030+0000] {processor.py:830} INFO - Processing file /home/airflow/.local/lib/python3.8/site-packages/airflow/example_dags/example_subdag_operator.py for tasks to queue
[2024-01-30T16:20:01.032+0000] {logging_mixin.py:188} INFO - [2024-01-30T16:20:01.031+0000] {dagbag.py:538} INFO - Filling up the DagBag from /home/airflow/.local/lib/python3.8/site-packages/airflow/example_dags/example_subdag_operator.py
[2024-01-30T16:20:01.054+0000] {processor.py:840} INFO - DAG(s) 'example_subdag_operator.section-1', 'example_subdag_operator.section-2', 'example_subdag_operator' retrieved from /home/airflow/.local/lib/python3.8/site-packages/airflow/example_dags/example_subdag_operator.py
[2024-01-30T16:20:01.069+0000] {logging_mixin.py:188} INFO - [2024-01-30T16:20:01.069+0000] {dag.py:3036} INFO - Sync 3 DAGs
[2024-01-30T16:20:01.088+0000] {logging_mixin.py:188} INFO - [2024-01-30T16:20:01.088+0000] {dag.py:3823} INFO - Setting next_dagrun for example_subdag_operator to 2022-01-01 00:00:00+00:00, run_after=2022-01-01 00:00:00+00:00
[2024-01-30T16:20:01.092+0000] {logging_mixin.py:188} INFO - [2024-01-30T16:20:01.091+0000] {dag.py:3823} INFO - Setting next_dagrun for example_subdag_operator.section-1 to None, run_after=None
[2024-01-30T16:20:01.093+0000] {logging_mixin.py:188} INFO - [2024-01-30T16:20:01.093+0000] {dag.py:3823} INFO - Setting next_dagrun for example_subdag_operator.section-2 to None, run_after=None
[2024-01-30T16:20:01.099+0000] {logging_mixin.py:188} INFO - [2024-01-30T16:20:01.099+0000] {dag.py:3036} INFO - Sync 2 DAGs
[2024-01-30T16:20:01.104+0000] {logging_mixin.py:188} INFO - [2024-01-30T16:20:01.103+0000] {dag.py:3823} INFO - Setting next_dagrun for example_subdag_operator.section-1 to None, run_after=None
[2024-01-30T16:20:01.104+0000] {logging_mixin.py:188} INFO - [2024-01-30T16:20:01.104+0000] {dag.py:3823} INFO - Setting next_dagrun for example_subdag_operator.section-2 to None, run_after=None
[2024-01-30T16:20:01.123+0000] {processor.py:183} INFO - Processing /home/airflow/.local/lib/python3.8/site-packages/airflow/example_dags/example_subdag_operator.py took 0.096 seconds
[2024-01-30T16:20:31.764+0000] {processor.py:161} INFO - Started process (PID=496) to work on /home/airflow/.local/lib/python3.8/site-packages/airflow/example_dags/example_subdag_operator.py
[2024-01-30T16:20:31.765+0000] {processor.py:830} INFO - Processing file /home/airflow/.local/lib/python3.8/site-packages/airflow/example_dags/example_subdag_operator.py for tasks to queue
[2024-01-30T16:20:31.766+0000] {logging_mixin.py:188} INFO - [2024-01-30T16:20:31.766+0000] {dagbag.py:538} INFO - Filling up the DagBag from /home/airflow/.local/lib/python3.8/site-packages/airflow/example_dags/example_subdag_operator.py
[2024-01-30T16:20:31.788+0000] {processor.py:840} INFO - DAG(s) 'example_subdag_operator.section-1', 'example_subdag_operator.section-2', 'example_subdag_operator' retrieved from /home/airflow/.local/lib/python3.8/site-packages/airflow/example_dags/example_subdag_operator.py
[2024-01-30T16:20:31.803+0000] {logging_mixin.py:188} INFO - [2024-01-30T16:20:31.803+0000] {dag.py:3036} INFO - Sync 3 DAGs
[2024-01-30T16:20:31.821+0000] {logging_mixin.py:188} INFO - [2024-01-30T16:20:31.821+0000] {dag.py:3823} INFO - Setting next_dagrun for example_subdag_operator to 2022-01-01 00:00:00+00:00, run_after=2022-01-01 00:00:00+00:00
[2024-01-30T16:20:31.825+0000] {logging_mixin.py:188} INFO - [2024-01-30T16:20:31.824+0000] {dag.py:3823} INFO - Setting next_dagrun for example_subdag_operator.section-1 to None, run_after=None
[2024-01-30T16:20:31.826+0000] {logging_mixin.py:188} INFO - [2024-01-30T16:20:31.826+0000] {dag.py:3823} INFO - Setting next_dagrun for example_subdag_operator.section-2 to None, run_after=None
[2024-01-30T16:20:31.832+0000] {logging_mixin.py:188} INFO - [2024-01-30T16:20:31.832+0000] {dag.py:3036} INFO - Sync 2 DAGs
[2024-01-30T16:20:31.837+0000] {logging_mixin.py:188} INFO - [2024-01-30T16:20:31.837+0000] {dag.py:3823} INFO - Setting next_dagrun for example_subdag_operator.section-1 to None, run_after=None
[2024-01-30T16:20:31.838+0000] {logging_mixin.py:188} INFO - [2024-01-30T16:20:31.838+0000] {dag.py:3823} INFO - Setting next_dagrun for example_subdag_operator.section-2 to None, run_after=None
[2024-01-30T16:20:31.850+0000] {processor.py:183} INFO - Processing /home/airflow/.local/lib/python3.8/site-packages/airflow/example_dags/example_subdag_operator.py took 0.089 seconds
[2024-01-30T16:21:02.500+0000] {processor.py:161} INFO - Started process (PID=551) to work on /home/airflow/.local/lib/python3.8/site-packages/airflow/example_dags/example_subdag_operator.py
[2024-01-30T16:21:02.501+0000] {processor.py:830} INFO - Processing file /home/airflow/.local/lib/python3.8/site-packages/airflow/example_dags/example_subdag_operator.py for tasks to queue
[2024-01-30T16:21:02.503+0000] {logging_mixin.py:188} INFO - [2024-01-30T16:21:02.502+0000] {dagbag.py:538} INFO - Filling up the DagBag from /home/airflow/.local/lib/python3.8/site-packages/airflow/example_dags/example_subdag_operator.py
[2024-01-30T16:21:02.532+0000] {processor.py:840} INFO - DAG(s) 'example_subdag_operator.section-1', 'example_subdag_operator.section-2', 'example_subdag_operator' retrieved from /home/airflow/.local/lib/python3.8/site-packages/airflow/example_dags/example_subdag_operator.py
[2024-01-30T16:21:02.551+0000] {logging_mixin.py:188} INFO - [2024-01-30T16:21:02.551+0000] {dag.py:3036} INFO - Sync 3 DAGs
[2024-01-30T16:21:02.573+0000] {logging_mixin.py:188} INFO - [2024-01-30T16:21:02.573+0000] {dag.py:3823} INFO - Setting next_dagrun for example_subdag_operator to 2022-01-01 00:00:00+00:00, run_after=2022-01-01 00:00:00+00:00
[2024-01-30T16:21:02.577+0000] {logging_mixin.py:188} INFO - [2024-01-30T16:21:02.577+0000] {dag.py:3823} INFO - Setting next_dagrun for example_subdag_operator.section-1 to None, run_after=None
[2024-01-30T16:21:02.579+0000] {logging_mixin.py:188} INFO - [2024-01-30T16:21:02.579+0000] {dag.py:3823} INFO - Setting next_dagrun for example_subdag_operator.section-2 to None, run_after=None
[2024-01-30T16:21:02.587+0000] {logging_mixin.py:188} INFO - [2024-01-30T16:21:02.587+0000] {dag.py:3036} INFO - Sync 2 DAGs
[2024-01-30T16:21:02.594+0000] {logging_mixin.py:188} INFO - [2024-01-30T16:21:02.594+0000] {dag.py:3823} INFO - Setting next_dagrun for example_subdag_operator.section-1 to None, run_after=None
[2024-01-30T16:21:02.595+0000] {logging_mixin.py:188} INFO - [2024-01-30T16:21:02.594+0000] {dag.py:3823} INFO - Setting next_dagrun for example_subdag_operator.section-2 to None, run_after=None
[2024-01-30T16:21:02.608+0000] {processor.py:183} INFO - Processing /home/airflow/.local/lib/python3.8/site-packages/airflow/example_dags/example_subdag_operator.py took 0.112 seconds
[2024-01-30T16:21:32.753+0000] {processor.py:161} INFO - Started process (PID=606) to work on /home/airflow/.local/lib/python3.8/site-packages/airflow/example_dags/example_subdag_operator.py
[2024-01-30T16:21:32.754+0000] {processor.py:830} INFO - Processing file /home/airflow/.local/lib/python3.8/site-packages/airflow/example_dags/example_subdag_operator.py for tasks to queue
[2024-01-30T16:21:32.755+0000] {logging_mixin.py:188} INFO - [2024-01-30T16:21:32.755+0000] {dagbag.py:538} INFO - Filling up the DagBag from /home/airflow/.local/lib/python3.8/site-packages/airflow/example_dags/example_subdag_operator.py
[2024-01-30T16:21:32.778+0000] {processor.py:840} INFO - DAG(s) 'example_subdag_operator.section-1', 'example_subdag_operator.section-2', 'example_subdag_operator' retrieved from /home/airflow/.local/lib/python3.8/site-packages/airflow/example_dags/example_subdag_operator.py
[2024-01-30T16:21:32.794+0000] {logging_mixin.py:188} INFO - [2024-01-30T16:21:32.794+0000] {dag.py:3036} INFO - Sync 3 DAGs
[2024-01-30T16:21:32.817+0000] {logging_mixin.py:188} INFO - [2024-01-30T16:21:32.816+0000] {dag.py:3823} INFO - Setting next_dagrun for example_subdag_operator to 2022-01-01 00:00:00+00:00, run_after=2022-01-01 00:00:00+00:00
[2024-01-30T16:21:32.820+0000] {logging_mixin.py:188} INFO - [2024-01-30T16:21:32.820+0000] {dag.py:3823} INFO - Setting next_dagrun for example_subdag_operator.section-1 to None, run_after=None
[2024-01-30T16:21:32.822+0000] {logging_mixin.py:188} INFO - [2024-01-30T16:21:32.822+0000] {dag.py:3823} INFO - Setting next_dagrun for example_subdag_operator.section-2 to None, run_after=None
[2024-01-30T16:21:32.828+0000] {logging_mixin.py:188} INFO - [2024-01-30T16:21:32.828+0000] {dag.py:3036} INFO - Sync 2 DAGs
[2024-01-30T16:21:32.833+0000] {logging_mixin.py:188} INFO - [2024-01-30T16:21:32.833+0000] {dag.py:3823} INFO - Setting next_dagrun for example_subdag_operator.section-1 to None, run_after=None
[2024-01-30T16:21:32.834+0000] {logging_mixin.py:188} INFO - [2024-01-30T16:21:32.834+0000] {dag.py:3823} INFO - Setting next_dagrun for example_subdag_operator.section-2 to None, run_after=None
[2024-01-30T16:21:32.846+0000] {processor.py:183} INFO - Processing /home/airflow/.local/lib/python3.8/site-packages/airflow/example_dags/example_subdag_operator.py took 0.096 seconds
[2024-01-30T16:22:02.903+0000] {processor.py:161} INFO - Started process (PID=661) to work on /home/airflow/.local/lib/python3.8/site-packages/airflow/example_dags/example_subdag_operator.py
[2024-01-30T16:22:02.904+0000] {processor.py:830} INFO - Processing file /home/airflow/.local/lib/python3.8/site-packages/airflow/example_dags/example_subdag_operator.py for tasks to queue
[2024-01-30T16:22:02.906+0000] {logging_mixin.py:188} INFO - [2024-01-30T16:22:02.905+0000] {dagbag.py:538} INFO - Filling up the DagBag from /home/airflow/.local/lib/python3.8/site-packages/airflow/example_dags/example_subdag_operator.py
[2024-01-30T16:22:02.928+0000] {processor.py:840} INFO - DAG(s) 'example_subdag_operator.section-1', 'example_subdag_operator.section-2', 'example_subdag_operator' retrieved from /home/airflow/.local/lib/python3.8/site-packages/airflow/example_dags/example_subdag_operator.py
[2024-01-30T16:22:02.945+0000] {logging_mixin.py:188} INFO - [2024-01-30T16:22:02.944+0000] {dag.py:3036} INFO - Sync 3 DAGs
[2024-01-30T16:22:02.965+0000] {logging_mixin.py:188} INFO - [2024-01-30T16:22:02.965+0000] {dag.py:3823} INFO - Setting next_dagrun for example_subdag_operator to 2022-01-01 00:00:00+00:00, run_after=2022-01-01 00:00:00+00:00
[2024-01-30T16:22:02.969+0000] {logging_mixin.py:188} INFO - [2024-01-30T16:22:02.968+0000] {dag.py:3823} INFO - Setting next_dagrun for example_subdag_operator.section-1 to None, run_after=None
[2024-01-30T16:22:02.970+0000] {logging_mixin.py:188} INFO - [2024-01-30T16:22:02.970+0000] {dag.py:3823} INFO - Setting next_dagrun for example_subdag_operator.section-2 to None, run_after=None
[2024-01-30T16:22:02.977+0000] {logging_mixin.py:188} INFO - [2024-01-30T16:22:02.977+0000] {dag.py:3036} INFO - Sync 2 DAGs
[2024-01-30T16:22:02.982+0000] {logging_mixin.py:188} INFO - [2024-01-30T16:22:02.982+0000] {dag.py:3823} INFO - Setting next_dagrun for example_subdag_operator.section-1 to None, run_after=None
[2024-01-30T16:22:02.983+0000] {logging_mixin.py:188} INFO - [2024-01-30T16:22:02.983+0000] {dag.py:3823} INFO - Setting next_dagrun for example_subdag_operator.section-2 to None, run_after=None
[2024-01-30T16:22:02.996+0000] {processor.py:183} INFO - Processing /home/airflow/.local/lib/python3.8/site-packages/airflow/example_dags/example_subdag_operator.py took 0.096 seconds
[2024-01-30T16:22:33.145+0000] {processor.py:161} INFO - Started process (PID=716) to work on /home/airflow/.local/lib/python3.8/site-packages/airflow/example_dags/example_subdag_operator.py
[2024-01-30T16:22:33.146+0000] {processor.py:830} INFO - Processing file /home/airflow/.local/lib/python3.8/site-packages/airflow/example_dags/example_subdag_operator.py for tasks to queue
[2024-01-30T16:22:33.148+0000] {logging_mixin.py:188} INFO - [2024-01-30T16:22:33.147+0000] {dagbag.py:538} INFO - Filling up the DagBag from /home/airflow/.local/lib/python3.8/site-packages/airflow/example_dags/example_subdag_operator.py
[2024-01-30T16:22:33.169+0000] {processor.py:840} INFO - DAG(s) 'example_subdag_operator.section-1', 'example_subdag_operator.section-2', 'example_subdag_operator' retrieved from /home/airflow/.local/lib/python3.8/site-packages/airflow/example_dags/example_subdag_operator.py
[2024-01-30T16:22:33.185+0000] {logging_mixin.py:188} INFO - [2024-01-30T16:22:33.185+0000] {dag.py:3036} INFO - Sync 3 DAGs
[2024-01-30T16:22:33.204+0000] {logging_mixin.py:188} INFO - [2024-01-30T16:22:33.204+0000] {dag.py:3823} INFO - Setting next_dagrun for example_subdag_operator to 2022-01-01 00:00:00+00:00, run_after=2022-01-01 00:00:00+00:00
[2024-01-30T16:22:33.208+0000] {logging_mixin.py:188} INFO - [2024-01-30T16:22:33.208+0000] {dag.py:3823} INFO - Setting next_dagrun for example_subdag_operator.section-1 to None, run_after=None
[2024-01-30T16:22:33.209+0000] {logging_mixin.py:188} INFO - [2024-01-30T16:22:33.209+0000] {dag.py:3823} INFO - Setting next_dagrun for example_subdag_operator.section-2 to None, run_after=None
[2024-01-30T16:22:33.216+0000] {logging_mixin.py:188} INFO - [2024-01-30T16:22:33.216+0000] {dag.py:3036} INFO - Sync 2 DAGs
[2024-01-30T16:22:33.221+0000] {logging_mixin.py:188} INFO - [2024-01-30T16:22:33.221+0000] {dag.py:3823} INFO - Setting next_dagrun for example_subdag_operator.section-1 to None, run_after=None
[2024-01-30T16:22:33.221+0000] {logging_mixin.py:188} INFO - [2024-01-30T16:22:33.221+0000] {dag.py:3823} INFO - Setting next_dagrun for example_subdag_operator.section-2 to None, run_after=None
[2024-01-30T16:22:33.234+0000] {processor.py:183} INFO - Processing /home/airflow/.local/lib/python3.8/site-packages/airflow/example_dags/example_subdag_operator.py took 0.092 seconds
[2024-01-30T16:23:03.365+0000] {processor.py:161} INFO - Started process (PID=771) to work on /home/airflow/.local/lib/python3.8/site-packages/airflow/example_dags/example_subdag_operator.py
[2024-01-30T16:23:03.366+0000] {processor.py:830} INFO - Processing file /home/airflow/.local/lib/python3.8/site-packages/airflow/example_dags/example_subdag_operator.py for tasks to queue
[2024-01-30T16:23:03.367+0000] {logging_mixin.py:188} INFO - [2024-01-30T16:23:03.367+0000] {dagbag.py:538} INFO - Filling up the DagBag from /home/airflow/.local/lib/python3.8/site-packages/airflow/example_dags/example_subdag_operator.py
[2024-01-30T16:23:03.389+0000] {processor.py:840} INFO - DAG(s) 'example_subdag_operator.section-1', 'example_subdag_operator.section-2', 'example_subdag_operator' retrieved from /home/airflow/.local/lib/python3.8/site-packages/airflow/example_dags/example_subdag_operator.py
[2024-01-30T16:23:03.405+0000] {logging_mixin.py:188} INFO - [2024-01-30T16:23:03.405+0000] {dag.py:3036} INFO - Sync 3 DAGs
[2024-01-30T16:23:03.423+0000] {logging_mixin.py:188} INFO - [2024-01-30T16:23:03.423+0000] {dag.py:3823} INFO - Setting next_dagrun for example_subdag_operator to 2022-01-01 00:00:00+00:00, run_after=2022-01-01 00:00:00+00:00
[2024-01-30T16:23:03.427+0000] {logging_mixin.py:188} INFO - [2024-01-30T16:23:03.427+0000] {dag.py:3823} INFO - Setting next_dagrun for example_subdag_operator.section-1 to None, run_after=None
[2024-01-30T16:23:03.428+0000] {logging_mixin.py:188} INFO - [2024-01-30T16:23:03.428+0000] {dag.py:3823} INFO - Setting next_dagrun for example_subdag_operator.section-2 to None, run_after=None
[2024-01-30T16:23:03.434+0000] {logging_mixin.py:188} INFO - [2024-01-30T16:23:03.434+0000] {dag.py:3036} INFO - Sync 2 DAGs
[2024-01-30T16:23:03.439+0000] {logging_mixin.py:188} INFO - [2024-01-30T16:23:03.439+0000] {dag.py:3823} INFO - Setting next_dagrun for example_subdag_operator.section-1 to None, run_after=None
[2024-01-30T16:23:03.440+0000] {logging_mixin.py:188} INFO - [2024-01-30T16:23:03.440+0000] {dag.py:3823} INFO - Setting next_dagrun for example_subdag_operator.section-2 to None, run_after=None
[2024-01-30T16:23:03.452+0000] {processor.py:183} INFO - Processing /home/airflow/.local/lib/python3.8/site-packages/airflow/example_dags/example_subdag_operator.py took 0.090 seconds
[2024-01-30T16:23:34.036+0000] {processor.py:161} INFO - Started process (PID=826) to work on /home/airflow/.local/lib/python3.8/site-packages/airflow/example_dags/example_subdag_operator.py
[2024-01-30T16:23:34.037+0000] {processor.py:830} INFO - Processing file /home/airflow/.local/lib/python3.8/site-packages/airflow/example_dags/example_subdag_operator.py for tasks to queue
[2024-01-30T16:23:34.039+0000] {logging_mixin.py:188} INFO - [2024-01-30T16:23:34.038+0000] {dagbag.py:538} INFO - Filling up the DagBag from /home/airflow/.local/lib/python3.8/site-packages/airflow/example_dags/example_subdag_operator.py
[2024-01-30T16:23:34.063+0000] {processor.py:840} INFO - DAG(s) 'example_subdag_operator.section-1', 'example_subdag_operator.section-2', 'example_subdag_operator' retrieved from /home/airflow/.local/lib/python3.8/site-packages/airflow/example_dags/example_subdag_operator.py
[2024-01-30T16:23:34.079+0000] {logging_mixin.py:188} INFO - [2024-01-30T16:23:34.078+0000] {dag.py:3036} INFO - Sync 3 DAGs
[2024-01-30T16:23:34.099+0000] {logging_mixin.py:188} INFO - [2024-01-30T16:23:34.099+0000] {dag.py:3823} INFO - Setting next_dagrun for example_subdag_operator to 2022-01-01 00:00:00+00:00, run_after=2022-01-01 00:00:00+00:00
[2024-01-30T16:23:34.103+0000] {logging_mixin.py:188} INFO - [2024-01-30T16:23:34.103+0000] {dag.py:3823} INFO - Setting next_dagrun for example_subdag_operator.section-1 to None, run_after=None
[2024-01-30T16:23:34.105+0000] {logging_mixin.py:188} INFO - [2024-01-30T16:23:34.104+0000] {dag.py:3823} INFO - Setting next_dagrun for example_subdag_operator.section-2 to None, run_after=None
[2024-01-30T16:23:34.111+0000] {logging_mixin.py:188} INFO - [2024-01-30T16:23:34.111+0000] {dag.py:3036} INFO - Sync 2 DAGs
[2024-01-30T16:23:34.116+0000] {logging_mixin.py:188} INFO - [2024-01-30T16:23:34.116+0000] {dag.py:3823} INFO - Setting next_dagrun for example_subdag_operator.section-1 to None, run_after=None
[2024-01-30T16:23:34.118+0000] {logging_mixin.py:188} INFO - [2024-01-30T16:23:34.117+0000] {dag.py:3823} INFO - Setting next_dagrun for example_subdag_operator.section-2 to None, run_after=None
[2024-01-30T16:23:34.131+0000] {processor.py:183} INFO - Processing /home/airflow/.local/lib/python3.8/site-packages/airflow/example_dags/example_subdag_operator.py took 0.099 seconds
[2024-01-30T16:24:42.333+0000] {processor.py:161} INFO - Started process (PID=56) to work on /home/airflow/.local/lib/python3.8/site-packages/airflow/example_dags/example_subdag_operator.py
[2024-01-30T16:24:42.334+0000] {processor.py:830} INFO - Processing file /home/airflow/.local/lib/python3.8/site-packages/airflow/example_dags/example_subdag_operator.py for tasks to queue
[2024-01-30T16:24:42.336+0000] {logging_mixin.py:188} INFO - [2024-01-30T16:24:42.336+0000] {dagbag.py:538} INFO - Filling up the DagBag from /home/airflow/.local/lib/python3.8/site-packages/airflow/example_dags/example_subdag_operator.py
[2024-01-30T16:24:42.361+0000] {processor.py:840} INFO - DAG(s) 'example_subdag_operator.section-1', 'example_subdag_operator.section-2', 'example_subdag_operator' retrieved from /home/airflow/.local/lib/python3.8/site-packages/airflow/example_dags/example_subdag_operator.py
[2024-01-30T16:24:42.365+0000] {logging_mixin.py:188} INFO - [2024-01-30T16:24:42.365+0000] {dag.py:3036} INFO - Sync 3 DAGs
[2024-01-30T16:24:42.390+0000] {logging_mixin.py:188} INFO - [2024-01-30T16:24:42.390+0000] {dag.py:3823} INFO - Setting next_dagrun for example_subdag_operator to 2022-01-01 00:00:00+00:00, run_after=2022-01-01 00:00:00+00:00
[2024-01-30T16:24:42.394+0000] {logging_mixin.py:188} INFO - [2024-01-30T16:24:42.394+0000] {dag.py:3823} INFO - Setting next_dagrun for example_subdag_operator.section-1 to None, run_after=None
[2024-01-30T16:24:42.395+0000] {logging_mixin.py:188} INFO - [2024-01-30T16:24:42.395+0000] {dag.py:3823} INFO - Setting next_dagrun for example_subdag_operator.section-2 to None, run_after=None
[2024-01-30T16:24:42.401+0000] {logging_mixin.py:188} INFO - [2024-01-30T16:24:42.401+0000] {dag.py:3036} INFO - Sync 2 DAGs
[2024-01-30T16:24:42.407+0000] {logging_mixin.py:188} INFO - [2024-01-30T16:24:42.407+0000] {dag.py:3823} INFO - Setting next_dagrun for example_subdag_operator.section-1 to None, run_after=None
[2024-01-30T16:24:42.408+0000] {logging_mixin.py:188} INFO - [2024-01-30T16:24:42.408+0000] {dag.py:3823} INFO - Setting next_dagrun for example_subdag_operator.section-2 to None, run_after=None
[2024-01-30T16:24:42.420+0000] {processor.py:183} INFO - Processing /home/airflow/.local/lib/python3.8/site-packages/airflow/example_dags/example_subdag_operator.py took 0.091 seconds
[2024-01-30T16:25:13.508+0000] {processor.py:161} INFO - Started process (PID=111) to work on /home/airflow/.local/lib/python3.8/site-packages/airflow/example_dags/example_subdag_operator.py
[2024-01-30T16:25:13.509+0000] {processor.py:830} INFO - Processing file /home/airflow/.local/lib/python3.8/site-packages/airflow/example_dags/example_subdag_operator.py for tasks to queue
[2024-01-30T16:25:13.510+0000] {logging_mixin.py:188} INFO - [2024-01-30T16:25:13.510+0000] {dagbag.py:538} INFO - Filling up the DagBag from /home/airflow/.local/lib/python3.8/site-packages/airflow/example_dags/example_subdag_operator.py
[2024-01-30T16:25:13.531+0000] {processor.py:840} INFO - DAG(s) 'example_subdag_operator.section-1', 'example_subdag_operator.section-2', 'example_subdag_operator' retrieved from /home/airflow/.local/lib/python3.8/site-packages/airflow/example_dags/example_subdag_operator.py
[2024-01-30T16:25:13.627+0000] {logging_mixin.py:188} INFO - [2024-01-30T16:25:13.627+0000] {dag.py:3036} INFO - Sync 3 DAGs
[2024-01-30T16:25:13.647+0000] {logging_mixin.py:188} INFO - [2024-01-30T16:25:13.646+0000] {dag.py:3823} INFO - Setting next_dagrun for example_subdag_operator to 2022-01-01 00:00:00+00:00, run_after=2022-01-01 00:00:00+00:00
[2024-01-30T16:25:13.649+0000] {logging_mixin.py:188} INFO - [2024-01-30T16:25:13.649+0000] {dag.py:3823} INFO - Setting next_dagrun for example_subdag_operator.section-1 to None, run_after=None
[2024-01-30T16:25:13.651+0000] {logging_mixin.py:188} INFO - [2024-01-30T16:25:13.651+0000] {dag.py:3823} INFO - Setting next_dagrun for example_subdag_operator.section-2 to None, run_after=None
[2024-01-30T16:25:13.659+0000] {logging_mixin.py:188} INFO - [2024-01-30T16:25:13.659+0000] {dag.py:3036} INFO - Sync 2 DAGs
[2024-01-30T16:25:13.664+0000] {logging_mixin.py:188} INFO - [2024-01-30T16:25:13.664+0000] {dag.py:3823} INFO - Setting next_dagrun for example_subdag_operator.section-1 to None, run_after=None
[2024-01-30T16:25:13.665+0000] {logging_mixin.py:188} INFO - [2024-01-30T16:25:13.665+0000] {dag.py:3823} INFO - Setting next_dagrun for example_subdag_operator.section-2 to None, run_after=None
[2024-01-30T16:25:13.678+0000] {processor.py:183} INFO - Processing /home/airflow/.local/lib/python3.8/site-packages/airflow/example_dags/example_subdag_operator.py took 0.173 seconds
[2024-01-30T16:26:21.075+0000] {processor.py:161} INFO - Started process (PID=56) to work on /home/airflow/.local/lib/python3.8/site-packages/airflow/example_dags/example_subdag_operator.py
[2024-01-30T16:26:21.076+0000] {processor.py:830} INFO - Processing file /home/airflow/.local/lib/python3.8/site-packages/airflow/example_dags/example_subdag_operator.py for tasks to queue
[2024-01-30T16:26:21.078+0000] {logging_mixin.py:188} INFO - [2024-01-30T16:26:21.078+0000] {dagbag.py:538} INFO - Filling up the DagBag from /home/airflow/.local/lib/python3.8/site-packages/airflow/example_dags/example_subdag_operator.py
[2024-01-30T16:26:21.102+0000] {processor.py:840} INFO - DAG(s) 'example_subdag_operator.section-1', 'example_subdag_operator.section-2', 'example_subdag_operator' retrieved from /home/airflow/.local/lib/python3.8/site-packages/airflow/example_dags/example_subdag_operator.py
[2024-01-30T16:26:21.106+0000] {logging_mixin.py:188} INFO - [2024-01-30T16:26:21.106+0000] {dag.py:3036} INFO - Sync 3 DAGs
[2024-01-30T16:26:21.130+0000] {logging_mixin.py:188} INFO - [2024-01-30T16:26:21.130+0000] {dag.py:3823} INFO - Setting next_dagrun for example_subdag_operator to 2022-01-01 00:00:00+00:00, run_after=2022-01-01 00:00:00+00:00
[2024-01-30T16:26:21.135+0000] {logging_mixin.py:188} INFO - [2024-01-30T16:26:21.134+0000] {dag.py:3823} INFO - Setting next_dagrun for example_subdag_operator.section-1 to None, run_after=None
[2024-01-30T16:26:21.136+0000] {logging_mixin.py:188} INFO - [2024-01-30T16:26:21.136+0000] {dag.py:3823} INFO - Setting next_dagrun for example_subdag_operator.section-2 to None, run_after=None
[2024-01-30T16:26:21.145+0000] {logging_mixin.py:188} INFO - [2024-01-30T16:26:21.145+0000] {dag.py:3036} INFO - Sync 2 DAGs
[2024-01-30T16:26:21.152+0000] {logging_mixin.py:188} INFO - [2024-01-30T16:26:21.152+0000] {dag.py:3823} INFO - Setting next_dagrun for example_subdag_operator.section-1 to None, run_after=None
[2024-01-30T16:26:21.152+0000] {logging_mixin.py:188} INFO - [2024-01-30T16:26:21.152+0000] {dag.py:3823} INFO - Setting next_dagrun for example_subdag_operator.section-2 to None, run_after=None
[2024-01-30T16:26:21.166+0000] {processor.py:183} INFO - Processing /home/airflow/.local/lib/python3.8/site-packages/airflow/example_dags/example_subdag_operator.py took 0.095 seconds
[2024-01-30T16:26:52.194+0000] {processor.py:161} INFO - Started process (PID=111) to work on /home/airflow/.local/lib/python3.8/site-packages/airflow/example_dags/example_subdag_operator.py
[2024-01-30T16:26:52.195+0000] {processor.py:830} INFO - Processing file /home/airflow/.local/lib/python3.8/site-packages/airflow/example_dags/example_subdag_operator.py for tasks to queue
[2024-01-30T16:26:52.197+0000] {logging_mixin.py:188} INFO - [2024-01-30T16:26:52.197+0000] {dagbag.py:538} INFO - Filling up the DagBag from /home/airflow/.local/lib/python3.8/site-packages/airflow/example_dags/example_subdag_operator.py
[2024-01-30T16:26:52.218+0000] {processor.py:840} INFO - DAG(s) 'example_subdag_operator.section-1', 'example_subdag_operator.section-2', 'example_subdag_operator' retrieved from /home/airflow/.local/lib/python3.8/site-packages/airflow/example_dags/example_subdag_operator.py
[2024-01-30T16:26:52.308+0000] {logging_mixin.py:188} INFO - [2024-01-30T16:26:52.308+0000] {dag.py:3036} INFO - Sync 3 DAGs
[2024-01-30T16:26:52.326+0000] {logging_mixin.py:188} INFO - [2024-01-30T16:26:52.326+0000] {dag.py:3823} INFO - Setting next_dagrun for example_subdag_operator to 2022-01-01 00:00:00+00:00, run_after=2022-01-01 00:00:00+00:00
[2024-01-30T16:26:52.329+0000] {logging_mixin.py:188} INFO - [2024-01-30T16:26:52.329+0000] {dag.py:3823} INFO - Setting next_dagrun for example_subdag_operator.section-1 to None, run_after=None
[2024-01-30T16:26:52.330+0000] {logging_mixin.py:188} INFO - [2024-01-30T16:26:52.330+0000] {dag.py:3823} INFO - Setting next_dagrun for example_subdag_operator.section-2 to None, run_after=None
[2024-01-30T16:26:52.338+0000] {logging_mixin.py:188} INFO - [2024-01-30T16:26:52.338+0000] {dag.py:3036} INFO - Sync 2 DAGs
[2024-01-30T16:26:52.343+0000] {logging_mixin.py:188} INFO - [2024-01-30T16:26:52.343+0000] {dag.py:3823} INFO - Setting next_dagrun for example_subdag_operator.section-1 to None, run_after=None
[2024-01-30T16:26:52.343+0000] {logging_mixin.py:188} INFO - [2024-01-30T16:26:52.343+0000] {dag.py:3823} INFO - Setting next_dagrun for example_subdag_operator.section-2 to None, run_after=None
[2024-01-30T16:26:52.355+0000] {processor.py:183} INFO - Processing /home/airflow/.local/lib/python3.8/site-packages/airflow/example_dags/example_subdag_operator.py took 0.164 seconds
[2024-01-30T16:27:22.402+0000] {processor.py:161} INFO - Started process (PID=166) to work on /home/airflow/.local/lib/python3.8/site-packages/airflow/example_dags/example_subdag_operator.py
[2024-01-30T16:27:22.403+0000] {processor.py:830} INFO - Processing file /home/airflow/.local/lib/python3.8/site-packages/airflow/example_dags/example_subdag_operator.py for tasks to queue
[2024-01-30T16:27:22.405+0000] {logging_mixin.py:188} INFO - [2024-01-30T16:27:22.404+0000] {dagbag.py:538} INFO - Filling up the DagBag from /home/airflow/.local/lib/python3.8/site-packages/airflow/example_dags/example_subdag_operator.py
[2024-01-30T16:27:22.425+0000] {processor.py:840} INFO - DAG(s) 'example_subdag_operator.section-1', 'example_subdag_operator.section-2', 'example_subdag_operator' retrieved from /home/airflow/.local/lib/python3.8/site-packages/airflow/example_dags/example_subdag_operator.py
[2024-01-30T16:27:22.440+0000] {logging_mixin.py:188} INFO - [2024-01-30T16:27:22.440+0000] {dag.py:3036} INFO - Sync 3 DAGs
[2024-01-30T16:27:22.458+0000] {logging_mixin.py:188} INFO - [2024-01-30T16:27:22.458+0000] {dag.py:3823} INFO - Setting next_dagrun for example_subdag_operator to 2022-01-01 00:00:00+00:00, run_after=2022-01-01 00:00:00+00:00
[2024-01-30T16:27:22.462+0000] {logging_mixin.py:188} INFO - [2024-01-30T16:27:22.461+0000] {dag.py:3823} INFO - Setting next_dagrun for example_subdag_operator.section-1 to None, run_after=None
[2024-01-30T16:27:22.463+0000] {logging_mixin.py:188} INFO - [2024-01-30T16:27:22.463+0000] {dag.py:3823} INFO - Setting next_dagrun for example_subdag_operator.section-2 to None, run_after=None
[2024-01-30T16:27:22.470+0000] {logging_mixin.py:188} INFO - [2024-01-30T16:27:22.470+0000] {dag.py:3036} INFO - Sync 2 DAGs
[2024-01-30T16:27:22.479+0000] {logging_mixin.py:188} INFO - [2024-01-30T16:27:22.478+0000] {dag.py:3823} INFO - Setting next_dagrun for example_subdag_operator.section-1 to None, run_after=None
[2024-01-30T16:27:22.479+0000] {logging_mixin.py:188} INFO - [2024-01-30T16:27:22.479+0000] {dag.py:3823} INFO - Setting next_dagrun for example_subdag_operator.section-2 to None, run_after=None
[2024-01-30T16:27:22.492+0000] {processor.py:183} INFO - Processing /home/airflow/.local/lib/python3.8/site-packages/airflow/example_dags/example_subdag_operator.py took 0.093 seconds
[2024-01-30T16:27:53.476+0000] {processor.py:161} INFO - Started process (PID=221) to work on /home/airflow/.local/lib/python3.8/site-packages/airflow/example_dags/example_subdag_operator.py
[2024-01-30T16:27:53.477+0000] {processor.py:830} INFO - Processing file /home/airflow/.local/lib/python3.8/site-packages/airflow/example_dags/example_subdag_operator.py for tasks to queue
[2024-01-30T16:27:53.480+0000] {logging_mixin.py:188} INFO - [2024-01-30T16:27:53.479+0000] {dagbag.py:538} INFO - Filling up the DagBag from /home/airflow/.local/lib/python3.8/site-packages/airflow/example_dags/example_subdag_operator.py
[2024-01-30T16:27:53.503+0000] {processor.py:840} INFO - DAG(s) 'example_subdag_operator.section-1', 'example_subdag_operator.section-2', 'example_subdag_operator' retrieved from /home/airflow/.local/lib/python3.8/site-packages/airflow/example_dags/example_subdag_operator.py
[2024-01-30T16:27:53.524+0000] {logging_mixin.py:188} INFO - [2024-01-30T16:27:53.524+0000] {dag.py:3036} INFO - Sync 3 DAGs
[2024-01-30T16:27:53.543+0000] {logging_mixin.py:188} INFO - [2024-01-30T16:27:53.542+0000] {dag.py:3823} INFO - Setting next_dagrun for example_subdag_operator to 2022-01-01 00:00:00+00:00, run_after=2022-01-01 00:00:00+00:00
[2024-01-30T16:27:53.546+0000] {logging_mixin.py:188} INFO - [2024-01-30T16:27:53.546+0000] {dag.py:3823} INFO - Setting next_dagrun for example_subdag_operator.section-1 to None, run_after=None
[2024-01-30T16:27:53.547+0000] {logging_mixin.py:188} INFO - [2024-01-30T16:27:53.547+0000] {dag.py:3823} INFO - Setting next_dagrun for example_subdag_operator.section-2 to None, run_after=None
[2024-01-30T16:27:53.554+0000] {logging_mixin.py:188} INFO - [2024-01-30T16:27:53.554+0000] {dag.py:3036} INFO - Sync 2 DAGs
[2024-01-30T16:27:53.559+0000] {logging_mixin.py:188} INFO - [2024-01-30T16:27:53.559+0000] {dag.py:3823} INFO - Setting next_dagrun for example_subdag_operator.section-1 to None, run_after=None
[2024-01-30T16:27:53.560+0000] {logging_mixin.py:188} INFO - [2024-01-30T16:27:53.560+0000] {dag.py:3823} INFO - Setting next_dagrun for example_subdag_operator.section-2 to None, run_after=None
[2024-01-30T16:27:53.572+0000] {processor.py:183} INFO - Processing /home/airflow/.local/lib/python3.8/site-packages/airflow/example_dags/example_subdag_operator.py took 0.099 seconds
[2024-01-30T16:28:24.081+0000] {processor.py:161} INFO - Started process (PID=276) to work on /home/airflow/.local/lib/python3.8/site-packages/airflow/example_dags/example_subdag_operator.py
[2024-01-30T16:28:24.082+0000] {processor.py:830} INFO - Processing file /home/airflow/.local/lib/python3.8/site-packages/airflow/example_dags/example_subdag_operator.py for tasks to queue
[2024-01-30T16:28:24.084+0000] {logging_mixin.py:188} INFO - [2024-01-30T16:28:24.084+0000] {dagbag.py:538} INFO - Filling up the DagBag from /home/airflow/.local/lib/python3.8/site-packages/airflow/example_dags/example_subdag_operator.py
[2024-01-30T16:28:24.115+0000] {processor.py:840} INFO - DAG(s) 'example_subdag_operator.section-1', 'example_subdag_operator.section-2', 'example_subdag_operator' retrieved from /home/airflow/.local/lib/python3.8/site-packages/airflow/example_dags/example_subdag_operator.py
[2024-01-30T16:28:24.132+0000] {logging_mixin.py:188} INFO - [2024-01-30T16:28:24.131+0000] {dag.py:3036} INFO - Sync 3 DAGs
[2024-01-30T16:28:24.151+0000] {logging_mixin.py:188} INFO - [2024-01-30T16:28:24.151+0000] {dag.py:3823} INFO - Setting next_dagrun for example_subdag_operator to 2022-01-01 00:00:00+00:00, run_after=2022-01-01 00:00:00+00:00
[2024-01-30T16:28:24.154+0000] {logging_mixin.py:188} INFO - [2024-01-30T16:28:24.154+0000] {dag.py:3823} INFO - Setting next_dagrun for example_subdag_operator.section-1 to None, run_after=None
[2024-01-30T16:28:24.156+0000] {logging_mixin.py:188} INFO - [2024-01-30T16:28:24.156+0000] {dag.py:3823} INFO - Setting next_dagrun for example_subdag_operator.section-2 to None, run_after=None
[2024-01-30T16:28:24.162+0000] {logging_mixin.py:188} INFO - [2024-01-30T16:28:24.162+0000] {dag.py:3036} INFO - Sync 2 DAGs
[2024-01-30T16:28:24.167+0000] {logging_mixin.py:188} INFO - [2024-01-30T16:28:24.167+0000] {dag.py:3823} INFO - Setting next_dagrun for example_subdag_operator.section-1 to None, run_after=None
[2024-01-30T16:28:24.167+0000] {logging_mixin.py:188} INFO - [2024-01-30T16:28:24.167+0000] {dag.py:3823} INFO - Setting next_dagrun for example_subdag_operator.section-2 to None, run_after=None
[2024-01-30T16:28:24.181+0000] {processor.py:183} INFO - Processing /home/airflow/.local/lib/python3.8/site-packages/airflow/example_dags/example_subdag_operator.py took 0.103 seconds
[2024-01-30T16:28:54.782+0000] {processor.py:161} INFO - Started process (PID=331) to work on /home/airflow/.local/lib/python3.8/site-packages/airflow/example_dags/example_subdag_operator.py
[2024-01-30T16:28:54.783+0000] {processor.py:830} INFO - Processing file /home/airflow/.local/lib/python3.8/site-packages/airflow/example_dags/example_subdag_operator.py for tasks to queue
[2024-01-30T16:28:54.785+0000] {logging_mixin.py:188} INFO - [2024-01-30T16:28:54.784+0000] {dagbag.py:538} INFO - Filling up the DagBag from /home/airflow/.local/lib/python3.8/site-packages/airflow/example_dags/example_subdag_operator.py
[2024-01-30T16:28:54.809+0000] {processor.py:840} INFO - DAG(s) 'example_subdag_operator.section-1', 'example_subdag_operator.section-2', 'example_subdag_operator' retrieved from /home/airflow/.local/lib/python3.8/site-packages/airflow/example_dags/example_subdag_operator.py
[2024-01-30T16:28:54.825+0000] {logging_mixin.py:188} INFO - [2024-01-30T16:28:54.825+0000] {dag.py:3036} INFO - Sync 3 DAGs
[2024-01-30T16:28:54.847+0000] {logging_mixin.py:188} INFO - [2024-01-30T16:28:54.846+0000] {dag.py:3823} INFO - Setting next_dagrun for example_subdag_operator to 2022-01-01 00:00:00+00:00, run_after=2022-01-01 00:00:00+00:00
[2024-01-30T16:28:54.850+0000] {logging_mixin.py:188} INFO - [2024-01-30T16:28:54.850+0000] {dag.py:3823} INFO - Setting next_dagrun for example_subdag_operator.section-1 to None, run_after=None
[2024-01-30T16:28:54.852+0000] {logging_mixin.py:188} INFO - [2024-01-30T16:28:54.852+0000] {dag.py:3823} INFO - Setting next_dagrun for example_subdag_operator.section-2 to None, run_after=None
[2024-01-30T16:28:54.859+0000] {logging_mixin.py:188} INFO - [2024-01-30T16:28:54.859+0000] {dag.py:3036} INFO - Sync 2 DAGs
[2024-01-30T16:28:54.865+0000] {logging_mixin.py:188} INFO - [2024-01-30T16:28:54.864+0000] {dag.py:3823} INFO - Setting next_dagrun for example_subdag_operator.section-1 to None, run_after=None
[2024-01-30T16:28:54.865+0000] {logging_mixin.py:188} INFO - [2024-01-30T16:28:54.865+0000] {dag.py:3823} INFO - Setting next_dagrun for example_subdag_operator.section-2 to None, run_after=None
[2024-01-30T16:28:54.880+0000] {processor.py:183} INFO - Processing /home/airflow/.local/lib/python3.8/site-packages/airflow/example_dags/example_subdag_operator.py took 0.101 seconds
[2024-01-30T16:29:25.467+0000] {processor.py:161} INFO - Started process (PID=386) to work on /home/airflow/.local/lib/python3.8/site-packages/airflow/example_dags/example_subdag_operator.py
[2024-01-30T16:29:25.469+0000] {processor.py:830} INFO - Processing file /home/airflow/.local/lib/python3.8/site-packages/airflow/example_dags/example_subdag_operator.py for tasks to queue
[2024-01-30T16:29:25.471+0000] {logging_mixin.py:188} INFO - [2024-01-30T16:29:25.470+0000] {dagbag.py:538} INFO - Filling up the DagBag from /home/airflow/.local/lib/python3.8/site-packages/airflow/example_dags/example_subdag_operator.py
[2024-01-30T16:29:25.495+0000] {processor.py:840} INFO - DAG(s) 'example_subdag_operator.section-1', 'example_subdag_operator.section-2', 'example_subdag_operator' retrieved from /home/airflow/.local/lib/python3.8/site-packages/airflow/example_dags/example_subdag_operator.py
[2024-01-30T16:29:25.513+0000] {logging_mixin.py:188} INFO - [2024-01-30T16:29:25.512+0000] {dag.py:3036} INFO - Sync 3 DAGs
[2024-01-30T16:29:25.535+0000] {logging_mixin.py:188} INFO - [2024-01-30T16:29:25.534+0000] {dag.py:3823} INFO - Setting next_dagrun for example_subdag_operator to 2022-01-01 00:00:00+00:00, run_after=2022-01-01 00:00:00+00:00
[2024-01-30T16:29:25.539+0000] {logging_mixin.py:188} INFO - [2024-01-30T16:29:25.539+0000] {dag.py:3823} INFO - Setting next_dagrun for example_subdag_operator.section-1 to None, run_after=None
[2024-01-30T16:29:25.540+0000] {logging_mixin.py:188} INFO - [2024-01-30T16:29:25.540+0000] {dag.py:3823} INFO - Setting next_dagrun for example_subdag_operator.section-2 to None, run_after=None
[2024-01-30T16:29:25.548+0000] {logging_mixin.py:188} INFO - [2024-01-30T16:29:25.547+0000] {dag.py:3036} INFO - Sync 2 DAGs
[2024-01-30T16:29:25.554+0000] {logging_mixin.py:188} INFO - [2024-01-30T16:29:25.553+0000] {dag.py:3823} INFO - Setting next_dagrun for example_subdag_operator.section-1 to None, run_after=None
[2024-01-30T16:29:25.554+0000] {logging_mixin.py:188} INFO - [2024-01-30T16:29:25.554+0000] {dag.py:3823} INFO - Setting next_dagrun for example_subdag_operator.section-2 to None, run_after=None
[2024-01-30T16:29:25.568+0000] {processor.py:183} INFO - Processing /home/airflow/.local/lib/python3.8/site-packages/airflow/example_dags/example_subdag_operator.py took 0.104 seconds
[2024-01-30T16:29:56.163+0000] {processor.py:161} INFO - Started process (PID=441) to work on /home/airflow/.local/lib/python3.8/site-packages/airflow/example_dags/example_subdag_operator.py
[2024-01-30T16:29:56.164+0000] {processor.py:830} INFO - Processing file /home/airflow/.local/lib/python3.8/site-packages/airflow/example_dags/example_subdag_operator.py for tasks to queue
[2024-01-30T16:29:56.165+0000] {logging_mixin.py:188} INFO - [2024-01-30T16:29:56.165+0000] {dagbag.py:538} INFO - Filling up the DagBag from /home/airflow/.local/lib/python3.8/site-packages/airflow/example_dags/example_subdag_operator.py
[2024-01-30T16:29:56.188+0000] {processor.py:840} INFO - DAG(s) 'example_subdag_operator.section-1', 'example_subdag_operator.section-2', 'example_subdag_operator' retrieved from /home/airflow/.local/lib/python3.8/site-packages/airflow/example_dags/example_subdag_operator.py
[2024-01-30T16:29:56.203+0000] {logging_mixin.py:188} INFO - [2024-01-30T16:29:56.203+0000] {dag.py:3036} INFO - Sync 3 DAGs
[2024-01-30T16:29:56.225+0000] {logging_mixin.py:188} INFO - [2024-01-30T16:29:56.225+0000] {dag.py:3823} INFO - Setting next_dagrun for example_subdag_operator to 2022-01-01 00:00:00+00:00, run_after=2022-01-01 00:00:00+00:00
[2024-01-30T16:29:56.228+0000] {logging_mixin.py:188} INFO - [2024-01-30T16:29:56.228+0000] {dag.py:3823} INFO - Setting next_dagrun for example_subdag_operator.section-1 to None, run_after=None
[2024-01-30T16:29:56.230+0000] {logging_mixin.py:188} INFO - [2024-01-30T16:29:56.230+0000] {dag.py:3823} INFO - Setting next_dagrun for example_subdag_operator.section-2 to None, run_after=None
[2024-01-30T16:29:56.237+0000] {logging_mixin.py:188} INFO - [2024-01-30T16:29:56.236+0000] {dag.py:3036} INFO - Sync 2 DAGs
[2024-01-30T16:29:56.243+0000] {logging_mixin.py:188} INFO - [2024-01-30T16:29:56.243+0000] {dag.py:3823} INFO - Setting next_dagrun for example_subdag_operator.section-1 to None, run_after=None
[2024-01-30T16:29:56.244+0000] {logging_mixin.py:188} INFO - [2024-01-30T16:29:56.244+0000] {dag.py:3823} INFO - Setting next_dagrun for example_subdag_operator.section-2 to None, run_after=None
[2024-01-30T16:29:56.256+0000] {processor.py:183} INFO - Processing /home/airflow/.local/lib/python3.8/site-packages/airflow/example_dags/example_subdag_operator.py took 0.097 seconds
[2024-01-30T16:30:26.970+0000] {processor.py:161} INFO - Started process (PID=496) to work on /home/airflow/.local/lib/python3.8/site-packages/airflow/example_dags/example_subdag_operator.py
[2024-01-30T16:30:26.971+0000] {processor.py:830} INFO - Processing file /home/airflow/.local/lib/python3.8/site-packages/airflow/example_dags/example_subdag_operator.py for tasks to queue
[2024-01-30T16:30:26.973+0000] {logging_mixin.py:188} INFO - [2024-01-30T16:30:26.973+0000] {dagbag.py:538} INFO - Filling up the DagBag from /home/airflow/.local/lib/python3.8/site-packages/airflow/example_dags/example_subdag_operator.py
[2024-01-30T16:30:26.996+0000] {processor.py:840} INFO - DAG(s) 'example_subdag_operator.section-1', 'example_subdag_operator.section-2', 'example_subdag_operator' retrieved from /home/airflow/.local/lib/python3.8/site-packages/airflow/example_dags/example_subdag_operator.py
[2024-01-30T16:30:27.013+0000] {logging_mixin.py:188} INFO - [2024-01-30T16:30:27.013+0000] {dag.py:3036} INFO - Sync 3 DAGs
[2024-01-30T16:30:27.035+0000] {logging_mixin.py:188} INFO - [2024-01-30T16:30:27.034+0000] {dag.py:3823} INFO - Setting next_dagrun for example_subdag_operator to 2022-01-01 00:00:00+00:00, run_after=2022-01-01 00:00:00+00:00
[2024-01-30T16:30:27.040+0000] {logging_mixin.py:188} INFO - [2024-01-30T16:30:27.039+0000] {dag.py:3823} INFO - Setting next_dagrun for example_subdag_operator.section-1 to None, run_after=None
[2024-01-30T16:30:27.041+0000] {logging_mixin.py:188} INFO - [2024-01-30T16:30:27.041+0000] {dag.py:3823} INFO - Setting next_dagrun for example_subdag_operator.section-2 to None, run_after=None
[2024-01-30T16:30:27.051+0000] {logging_mixin.py:188} INFO - [2024-01-30T16:30:27.051+0000] {dag.py:3036} INFO - Sync 2 DAGs
[2024-01-30T16:30:27.058+0000] {logging_mixin.py:188} INFO - [2024-01-30T16:30:27.058+0000] {dag.py:3823} INFO - Setting next_dagrun for example_subdag_operator.section-1 to None, run_after=None
[2024-01-30T16:30:27.059+0000] {logging_mixin.py:188} INFO - [2024-01-30T16:30:27.059+0000] {dag.py:3823} INFO - Setting next_dagrun for example_subdag_operator.section-2 to None, run_after=None
[2024-01-30T16:30:27.074+0000] {processor.py:183} INFO - Processing /home/airflow/.local/lib/python3.8/site-packages/airflow/example_dags/example_subdag_operator.py took 0.107 seconds
[2024-01-30T16:30:57.286+0000] {processor.py:161} INFO - Started process (PID=551) to work on /home/airflow/.local/lib/python3.8/site-packages/airflow/example_dags/example_subdag_operator.py
[2024-01-30T16:30:57.287+0000] {processor.py:830} INFO - Processing file /home/airflow/.local/lib/python3.8/site-packages/airflow/example_dags/example_subdag_operator.py for tasks to queue
[2024-01-30T16:30:57.289+0000] {logging_mixin.py:188} INFO - [2024-01-30T16:30:57.289+0000] {dagbag.py:538} INFO - Filling up the DagBag from /home/airflow/.local/lib/python3.8/site-packages/airflow/example_dags/example_subdag_operator.py
[2024-01-30T16:30:57.320+0000] {processor.py:840} INFO - DAG(s) 'example_subdag_operator.section-1', 'example_subdag_operator.section-2', 'example_subdag_operator' retrieved from /home/airflow/.local/lib/python3.8/site-packages/airflow/example_dags/example_subdag_operator.py
[2024-01-30T16:30:57.343+0000] {logging_mixin.py:188} INFO - [2024-01-30T16:30:57.342+0000] {dag.py:3036} INFO - Sync 3 DAGs
[2024-01-30T16:30:57.375+0000] {logging_mixin.py:188} INFO - [2024-01-30T16:30:57.374+0000] {dag.py:3823} INFO - Setting next_dagrun for example_subdag_operator to 2022-01-01 00:00:00+00:00, run_after=2022-01-01 00:00:00+00:00
[2024-01-30T16:30:57.381+0000] {logging_mixin.py:188} INFO - [2024-01-30T16:30:57.381+0000] {dag.py:3823} INFO - Setting next_dagrun for example_subdag_operator.section-1 to None, run_after=None
[2024-01-30T16:30:57.383+0000] {logging_mixin.py:188} INFO - [2024-01-30T16:30:57.383+0000] {dag.py:3823} INFO - Setting next_dagrun for example_subdag_operator.section-2 to None, run_after=None
[2024-01-30T16:30:57.395+0000] {logging_mixin.py:188} INFO - [2024-01-30T16:30:57.393+0000] {dag.py:3036} INFO - Sync 2 DAGs
[2024-01-30T16:30:57.402+0000] {logging_mixin.py:188} INFO - [2024-01-30T16:30:57.402+0000] {dag.py:3823} INFO - Setting next_dagrun for example_subdag_operator.section-1 to None, run_after=None
[2024-01-30T16:30:57.403+0000] {logging_mixin.py:188} INFO - [2024-01-30T16:30:57.403+0000] {dag.py:3823} INFO - Setting next_dagrun for example_subdag_operator.section-2 to None, run_after=None
[2024-01-30T16:30:57.422+0000] {processor.py:183} INFO - Processing /home/airflow/.local/lib/python3.8/site-packages/airflow/example_dags/example_subdag_operator.py took 0.139 seconds
[2024-01-30T16:31:27.634+0000] {processor.py:161} INFO - Started process (PID=606) to work on /home/airflow/.local/lib/python3.8/site-packages/airflow/example_dags/example_subdag_operator.py
[2024-01-30T16:31:27.635+0000] {processor.py:830} INFO - Processing file /home/airflow/.local/lib/python3.8/site-packages/airflow/example_dags/example_subdag_operator.py for tasks to queue
[2024-01-30T16:31:27.637+0000] {logging_mixin.py:188} INFO - [2024-01-30T16:31:27.636+0000] {dagbag.py:538} INFO - Filling up the DagBag from /home/airflow/.local/lib/python3.8/site-packages/airflow/example_dags/example_subdag_operator.py
[2024-01-30T16:31:27.660+0000] {processor.py:840} INFO - DAG(s) 'example_subdag_operator.section-1', 'example_subdag_operator.section-2', 'example_subdag_operator' retrieved from /home/airflow/.local/lib/python3.8/site-packages/airflow/example_dags/example_subdag_operator.py
[2024-01-30T16:31:27.676+0000] {logging_mixin.py:188} INFO - [2024-01-30T16:31:27.676+0000] {dag.py:3036} INFO - Sync 3 DAGs
[2024-01-30T16:31:27.698+0000] {logging_mixin.py:188} INFO - [2024-01-30T16:31:27.697+0000] {dag.py:3823} INFO - Setting next_dagrun for example_subdag_operator to 2022-01-01 00:00:00+00:00, run_after=2022-01-01 00:00:00+00:00
[2024-01-30T16:31:27.702+0000] {logging_mixin.py:188} INFO - [2024-01-30T16:31:27.701+0000] {dag.py:3823} INFO - Setting next_dagrun for example_subdag_operator.section-1 to None, run_after=None
[2024-01-30T16:31:27.703+0000] {logging_mixin.py:188} INFO - [2024-01-30T16:31:27.703+0000] {dag.py:3823} INFO - Setting next_dagrun for example_subdag_operator.section-2 to None, run_after=None
[2024-01-30T16:31:27.711+0000] {logging_mixin.py:188} INFO - [2024-01-30T16:31:27.711+0000] {dag.py:3036} INFO - Sync 2 DAGs
[2024-01-30T16:31:27.719+0000] {logging_mixin.py:188} INFO - [2024-01-30T16:31:27.718+0000] {dag.py:3823} INFO - Setting next_dagrun for example_subdag_operator.section-1 to None, run_after=None
[2024-01-30T16:31:27.720+0000] {logging_mixin.py:188} INFO - [2024-01-30T16:31:27.719+0000] {dag.py:3823} INFO - Setting next_dagrun for example_subdag_operator.section-2 to None, run_after=None
[2024-01-30T16:31:27.736+0000] {processor.py:183} INFO - Processing /home/airflow/.local/lib/python3.8/site-packages/airflow/example_dags/example_subdag_operator.py took 0.105 seconds
[2024-01-30T16:31:57.949+0000] {processor.py:161} INFO - Started process (PID=661) to work on /home/airflow/.local/lib/python3.8/site-packages/airflow/example_dags/example_subdag_operator.py
[2024-01-30T16:31:57.950+0000] {processor.py:830} INFO - Processing file /home/airflow/.local/lib/python3.8/site-packages/airflow/example_dags/example_subdag_operator.py for tasks to queue
[2024-01-30T16:31:57.952+0000] {logging_mixin.py:188} INFO - [2024-01-30T16:31:57.951+0000] {dagbag.py:538} INFO - Filling up the DagBag from /home/airflow/.local/lib/python3.8/site-packages/airflow/example_dags/example_subdag_operator.py
[2024-01-30T16:31:57.973+0000] {processor.py:840} INFO - DAG(s) 'example_subdag_operator.section-1', 'example_subdag_operator.section-2', 'example_subdag_operator' retrieved from /home/airflow/.local/lib/python3.8/site-packages/airflow/example_dags/example_subdag_operator.py
[2024-01-30T16:31:57.988+0000] {logging_mixin.py:188} INFO - [2024-01-30T16:31:57.988+0000] {dag.py:3036} INFO - Sync 3 DAGs
[2024-01-30T16:31:58.007+0000] {logging_mixin.py:188} INFO - [2024-01-30T16:31:58.007+0000] {dag.py:3823} INFO - Setting next_dagrun for example_subdag_operator to 2022-01-01 00:00:00+00:00, run_after=2022-01-01 00:00:00+00:00
[2024-01-30T16:31:58.010+0000] {logging_mixin.py:188} INFO - [2024-01-30T16:31:58.010+0000] {dag.py:3823} INFO - Setting next_dagrun for example_subdag_operator.section-1 to None, run_after=None
[2024-01-30T16:31:58.012+0000] {logging_mixin.py:188} INFO - [2024-01-30T16:31:58.012+0000] {dag.py:3823} INFO - Setting next_dagrun for example_subdag_operator.section-2 to None, run_after=None
[2024-01-30T16:31:58.018+0000] {logging_mixin.py:188} INFO - [2024-01-30T16:31:58.018+0000] {dag.py:3036} INFO - Sync 2 DAGs
[2024-01-30T16:31:58.023+0000] {logging_mixin.py:188} INFO - [2024-01-30T16:31:58.023+0000] {dag.py:3823} INFO - Setting next_dagrun for example_subdag_operator.section-1 to None, run_after=None
[2024-01-30T16:31:58.024+0000] {logging_mixin.py:188} INFO - [2024-01-30T16:31:58.024+0000] {dag.py:3823} INFO - Setting next_dagrun for example_subdag_operator.section-2 to None, run_after=None
[2024-01-30T16:31:58.036+0000] {processor.py:183} INFO - Processing /home/airflow/.local/lib/python3.8/site-packages/airflow/example_dags/example_subdag_operator.py took 0.090 seconds
[2024-01-30T16:32:28.140+0000] {processor.py:161} INFO - Started process (PID=716) to work on /home/airflow/.local/lib/python3.8/site-packages/airflow/example_dags/example_subdag_operator.py
[2024-01-30T16:32:28.141+0000] {processor.py:830} INFO - Processing file /home/airflow/.local/lib/python3.8/site-packages/airflow/example_dags/example_subdag_operator.py for tasks to queue
[2024-01-30T16:32:28.143+0000] {logging_mixin.py:188} INFO - [2024-01-30T16:32:28.143+0000] {dagbag.py:538} INFO - Filling up the DagBag from /home/airflow/.local/lib/python3.8/site-packages/airflow/example_dags/example_subdag_operator.py
[2024-01-30T16:32:28.164+0000] {processor.py:840} INFO - DAG(s) 'example_subdag_operator.section-1', 'example_subdag_operator.section-2', 'example_subdag_operator' retrieved from /home/airflow/.local/lib/python3.8/site-packages/airflow/example_dags/example_subdag_operator.py
[2024-01-30T16:32:28.179+0000] {logging_mixin.py:188} INFO - [2024-01-30T16:32:28.179+0000] {dag.py:3036} INFO - Sync 3 DAGs
[2024-01-30T16:32:28.198+0000] {logging_mixin.py:188} INFO - [2024-01-30T16:32:28.197+0000] {dag.py:3823} INFO - Setting next_dagrun for example_subdag_operator to 2022-01-01 00:00:00+00:00, run_after=2022-01-01 00:00:00+00:00
[2024-01-30T16:32:28.201+0000] {logging_mixin.py:188} INFO - [2024-01-30T16:32:28.201+0000] {dag.py:3823} INFO - Setting next_dagrun for example_subdag_operator.section-1 to None, run_after=None
[2024-01-30T16:32:28.203+0000] {logging_mixin.py:188} INFO - [2024-01-30T16:32:28.203+0000] {dag.py:3823} INFO - Setting next_dagrun for example_subdag_operator.section-2 to None, run_after=None
[2024-01-30T16:32:28.209+0000] {logging_mixin.py:188} INFO - [2024-01-30T16:32:28.209+0000] {dag.py:3036} INFO - Sync 2 DAGs
[2024-01-30T16:32:28.214+0000] {logging_mixin.py:188} INFO - [2024-01-30T16:32:28.214+0000] {dag.py:3823} INFO - Setting next_dagrun for example_subdag_operator.section-1 to None, run_after=None
[2024-01-30T16:32:28.215+0000] {logging_mixin.py:188} INFO - [2024-01-30T16:32:28.215+0000] {dag.py:3823} INFO - Setting next_dagrun for example_subdag_operator.section-2 to None, run_after=None
[2024-01-30T16:32:28.227+0000] {processor.py:183} INFO - Processing /home/airflow/.local/lib/python3.8/site-packages/airflow/example_dags/example_subdag_operator.py took 0.090 seconds
[2024-01-30T16:32:58.478+0000] {processor.py:161} INFO - Started process (PID=771) to work on /home/airflow/.local/lib/python3.8/site-packages/airflow/example_dags/example_subdag_operator.py
[2024-01-30T16:32:58.479+0000] {processor.py:830} INFO - Processing file /home/airflow/.local/lib/python3.8/site-packages/airflow/example_dags/example_subdag_operator.py for tasks to queue
[2024-01-30T16:32:58.482+0000] {logging_mixin.py:188} INFO - [2024-01-30T16:32:58.481+0000] {dagbag.py:538} INFO - Filling up the DagBag from /home/airflow/.local/lib/python3.8/site-packages/airflow/example_dags/example_subdag_operator.py
[2024-01-30T16:32:58.508+0000] {processor.py:840} INFO - DAG(s) 'example_subdag_operator.section-1', 'example_subdag_operator.section-2', 'example_subdag_operator' retrieved from /home/airflow/.local/lib/python3.8/site-packages/airflow/example_dags/example_subdag_operator.py
[2024-01-30T16:32:58.528+0000] {logging_mixin.py:188} INFO - [2024-01-30T16:32:58.527+0000] {dag.py:3036} INFO - Sync 3 DAGs
[2024-01-30T16:32:58.554+0000] {logging_mixin.py:188} INFO - [2024-01-30T16:32:58.553+0000] {dag.py:3823} INFO - Setting next_dagrun for example_subdag_operator to 2022-01-01 00:00:00+00:00, run_after=2022-01-01 00:00:00+00:00
[2024-01-30T16:32:58.558+0000] {logging_mixin.py:188} INFO - [2024-01-30T16:32:58.558+0000] {dag.py:3823} INFO - Setting next_dagrun for example_subdag_operator.section-1 to None, run_after=None
[2024-01-30T16:32:58.560+0000] {logging_mixin.py:188} INFO - [2024-01-30T16:32:58.559+0000] {dag.py:3823} INFO - Setting next_dagrun for example_subdag_operator.section-2 to None, run_after=None
[2024-01-30T16:32:58.569+0000] {logging_mixin.py:188} INFO - [2024-01-30T16:32:58.569+0000] {dag.py:3036} INFO - Sync 2 DAGs
[2024-01-30T16:32:58.576+0000] {logging_mixin.py:188} INFO - [2024-01-30T16:32:58.576+0000] {dag.py:3823} INFO - Setting next_dagrun for example_subdag_operator.section-1 to None, run_after=None
[2024-01-30T16:32:58.577+0000] {logging_mixin.py:188} INFO - [2024-01-30T16:32:58.577+0000] {dag.py:3823} INFO - Setting next_dagrun for example_subdag_operator.section-2 to None, run_after=None
[2024-01-30T16:32:58.593+0000] {processor.py:183} INFO - Processing /home/airflow/.local/lib/python3.8/site-packages/airflow/example_dags/example_subdag_operator.py took 0.118 seconds
[2024-01-30T16:33:28.787+0000] {processor.py:161} INFO - Started process (PID=826) to work on /home/airflow/.local/lib/python3.8/site-packages/airflow/example_dags/example_subdag_operator.py
[2024-01-30T16:33:28.788+0000] {processor.py:830} INFO - Processing file /home/airflow/.local/lib/python3.8/site-packages/airflow/example_dags/example_subdag_operator.py for tasks to queue
[2024-01-30T16:33:28.790+0000] {logging_mixin.py:188} INFO - [2024-01-30T16:33:28.790+0000] {dagbag.py:538} INFO - Filling up the DagBag from /home/airflow/.local/lib/python3.8/site-packages/airflow/example_dags/example_subdag_operator.py
[2024-01-30T16:33:28.812+0000] {processor.py:840} INFO - DAG(s) 'example_subdag_operator.section-1', 'example_subdag_operator.section-2', 'example_subdag_operator' retrieved from /home/airflow/.local/lib/python3.8/site-packages/airflow/example_dags/example_subdag_operator.py
[2024-01-30T16:33:28.827+0000] {logging_mixin.py:188} INFO - [2024-01-30T16:33:28.826+0000] {dag.py:3036} INFO - Sync 3 DAGs
[2024-01-30T16:33:28.848+0000] {logging_mixin.py:188} INFO - [2024-01-30T16:33:28.848+0000] {dag.py:3823} INFO - Setting next_dagrun for example_subdag_operator to 2022-01-01 00:00:00+00:00, run_after=2022-01-01 00:00:00+00:00
[2024-01-30T16:33:28.852+0000] {logging_mixin.py:188} INFO - [2024-01-30T16:33:28.852+0000] {dag.py:3823} INFO - Setting next_dagrun for example_subdag_operator.section-1 to None, run_after=None
[2024-01-30T16:33:28.854+0000] {logging_mixin.py:188} INFO - [2024-01-30T16:33:28.853+0000] {dag.py:3823} INFO - Setting next_dagrun for example_subdag_operator.section-2 to None, run_after=None
[2024-01-30T16:33:28.861+0000] {logging_mixin.py:188} INFO - [2024-01-30T16:33:28.861+0000] {dag.py:3036} INFO - Sync 2 DAGs
[2024-01-30T16:33:28.866+0000] {logging_mixin.py:188} INFO - [2024-01-30T16:33:28.865+0000] {dag.py:3823} INFO - Setting next_dagrun for example_subdag_operator.section-1 to None, run_after=None
[2024-01-30T16:33:28.866+0000] {logging_mixin.py:188} INFO - [2024-01-30T16:33:28.866+0000] {dag.py:3823} INFO - Setting next_dagrun for example_subdag_operator.section-2 to None, run_after=None
[2024-01-30T16:33:28.887+0000] {processor.py:183} INFO - Processing /home/airflow/.local/lib/python3.8/site-packages/airflow/example_dags/example_subdag_operator.py took 0.102 seconds
[2024-01-30T16:33:59.174+0000] {processor.py:161} INFO - Started process (PID=881) to work on /home/airflow/.local/lib/python3.8/site-packages/airflow/example_dags/example_subdag_operator.py
[2024-01-30T16:33:59.175+0000] {processor.py:830} INFO - Processing file /home/airflow/.local/lib/python3.8/site-packages/airflow/example_dags/example_subdag_operator.py for tasks to queue
[2024-01-30T16:33:59.176+0000] {logging_mixin.py:188} INFO - [2024-01-30T16:33:59.176+0000] {dagbag.py:538} INFO - Filling up the DagBag from /home/airflow/.local/lib/python3.8/site-packages/airflow/example_dags/example_subdag_operator.py
[2024-01-30T16:33:59.200+0000] {processor.py:840} INFO - DAG(s) 'example_subdag_operator.section-1', 'example_subdag_operator.section-2', 'example_subdag_operator' retrieved from /home/airflow/.local/lib/python3.8/site-packages/airflow/example_dags/example_subdag_operator.py
[2024-01-30T16:33:59.215+0000] {logging_mixin.py:188} INFO - [2024-01-30T16:33:59.214+0000] {dag.py:3036} INFO - Sync 3 DAGs
[2024-01-30T16:33:59.233+0000] {logging_mixin.py:188} INFO - [2024-01-30T16:33:59.233+0000] {dag.py:3823} INFO - Setting next_dagrun for example_subdag_operator to 2022-01-01 00:00:00+00:00, run_after=2022-01-01 00:00:00+00:00
[2024-01-30T16:33:59.236+0000] {logging_mixin.py:188} INFO - [2024-01-30T16:33:59.236+0000] {dag.py:3823} INFO - Setting next_dagrun for example_subdag_operator.section-1 to None, run_after=None
[2024-01-30T16:33:59.238+0000] {logging_mixin.py:188} INFO - [2024-01-30T16:33:59.238+0000] {dag.py:3823} INFO - Setting next_dagrun for example_subdag_operator.section-2 to None, run_after=None
[2024-01-30T16:33:59.244+0000] {logging_mixin.py:188} INFO - [2024-01-30T16:33:59.244+0000] {dag.py:3036} INFO - Sync 2 DAGs
[2024-01-30T16:33:59.249+0000] {logging_mixin.py:188} INFO - [2024-01-30T16:33:59.249+0000] {dag.py:3823} INFO - Setting next_dagrun for example_subdag_operator.section-1 to None, run_after=None
[2024-01-30T16:33:59.250+0000] {logging_mixin.py:188} INFO - [2024-01-30T16:33:59.250+0000] {dag.py:3823} INFO - Setting next_dagrun for example_subdag_operator.section-2 to None, run_after=None
[2024-01-30T16:33:59.262+0000] {processor.py:183} INFO - Processing /home/airflow/.local/lib/python3.8/site-packages/airflow/example_dags/example_subdag_operator.py took 0.091 seconds
[2024-01-30T16:34:29.552+0000] {processor.py:161} INFO - Started process (PID=936) to work on /home/airflow/.local/lib/python3.8/site-packages/airflow/example_dags/example_subdag_operator.py
[2024-01-30T16:34:29.553+0000] {processor.py:830} INFO - Processing file /home/airflow/.local/lib/python3.8/site-packages/airflow/example_dags/example_subdag_operator.py for tasks to queue
[2024-01-30T16:34:29.555+0000] {logging_mixin.py:188} INFO - [2024-01-30T16:34:29.555+0000] {dagbag.py:538} INFO - Filling up the DagBag from /home/airflow/.local/lib/python3.8/site-packages/airflow/example_dags/example_subdag_operator.py
[2024-01-30T16:34:29.578+0000] {processor.py:840} INFO - DAG(s) 'example_subdag_operator.section-1', 'example_subdag_operator.section-2', 'example_subdag_operator' retrieved from /home/airflow/.local/lib/python3.8/site-packages/airflow/example_dags/example_subdag_operator.py
[2024-01-30T16:34:29.597+0000] {logging_mixin.py:188} INFO - [2024-01-30T16:34:29.596+0000] {dag.py:3036} INFO - Sync 3 DAGs
[2024-01-30T16:34:29.616+0000] {logging_mixin.py:188} INFO - [2024-01-30T16:34:29.616+0000] {dag.py:3823} INFO - Setting next_dagrun for example_subdag_operator to 2022-01-01 00:00:00+00:00, run_after=2022-01-01 00:00:00+00:00
[2024-01-30T16:34:29.619+0000] {logging_mixin.py:188} INFO - [2024-01-30T16:34:29.619+0000] {dag.py:3823} INFO - Setting next_dagrun for example_subdag_operator.section-1 to None, run_after=None
[2024-01-30T16:34:29.621+0000] {logging_mixin.py:188} INFO - [2024-01-30T16:34:29.621+0000] {dag.py:3823} INFO - Setting next_dagrun for example_subdag_operator.section-2 to None, run_after=None
[2024-01-30T16:34:29.628+0000] {logging_mixin.py:188} INFO - [2024-01-30T16:34:29.628+0000] {dag.py:3036} INFO - Sync 2 DAGs
[2024-01-30T16:34:29.634+0000] {logging_mixin.py:188} INFO - [2024-01-30T16:34:29.634+0000] {dag.py:3823} INFO - Setting next_dagrun for example_subdag_operator.section-1 to None, run_after=None
[2024-01-30T16:34:29.635+0000] {logging_mixin.py:188} INFO - [2024-01-30T16:34:29.635+0000] {dag.py:3823} INFO - Setting next_dagrun for example_subdag_operator.section-2 to None, run_after=None
[2024-01-30T16:34:29.648+0000] {processor.py:183} INFO - Processing /home/airflow/.local/lib/python3.8/site-packages/airflow/example_dags/example_subdag_operator.py took 0.100 seconds
[2024-01-30T16:34:59.887+0000] {processor.py:161} INFO - Started process (PID=991) to work on /home/airflow/.local/lib/python3.8/site-packages/airflow/example_dags/example_subdag_operator.py
[2024-01-30T16:34:59.888+0000] {processor.py:830} INFO - Processing file /home/airflow/.local/lib/python3.8/site-packages/airflow/example_dags/example_subdag_operator.py for tasks to queue
[2024-01-30T16:34:59.890+0000] {logging_mixin.py:188} INFO - [2024-01-30T16:34:59.890+0000] {dagbag.py:538} INFO - Filling up the DagBag from /home/airflow/.local/lib/python3.8/site-packages/airflow/example_dags/example_subdag_operator.py
[2024-01-30T16:34:59.916+0000] {processor.py:840} INFO - DAG(s) 'example_subdag_operator.section-1', 'example_subdag_operator.section-2', 'example_subdag_operator' retrieved from /home/airflow/.local/lib/python3.8/site-packages/airflow/example_dags/example_subdag_operator.py
[2024-01-30T16:34:59.934+0000] {logging_mixin.py:188} INFO - [2024-01-30T16:34:59.934+0000] {dag.py:3036} INFO - Sync 3 DAGs
[2024-01-30T16:34:59.958+0000] {logging_mixin.py:188} INFO - [2024-01-30T16:34:59.958+0000] {dag.py:3823} INFO - Setting next_dagrun for example_subdag_operator to 2022-01-01 00:00:00+00:00, run_after=2022-01-01 00:00:00+00:00
[2024-01-30T16:34:59.963+0000] {logging_mixin.py:188} INFO - [2024-01-30T16:34:59.963+0000] {dag.py:3823} INFO - Setting next_dagrun for example_subdag_operator.section-1 to None, run_after=None
[2024-01-30T16:34:59.965+0000] {logging_mixin.py:188} INFO - [2024-01-30T16:34:59.965+0000] {dag.py:3823} INFO - Setting next_dagrun for example_subdag_operator.section-2 to None, run_after=None
[2024-01-30T16:34:59.974+0000] {logging_mixin.py:188} INFO - [2024-01-30T16:34:59.973+0000] {dag.py:3036} INFO - Sync 2 DAGs
[2024-01-30T16:34:59.979+0000] {logging_mixin.py:188} INFO - [2024-01-30T16:34:59.979+0000] {dag.py:3823} INFO - Setting next_dagrun for example_subdag_operator.section-1 to None, run_after=None
[2024-01-30T16:34:59.980+0000] {logging_mixin.py:188} INFO - [2024-01-30T16:34:59.980+0000] {dag.py:3823} INFO - Setting next_dagrun for example_subdag_operator.section-2 to None, run_after=None
[2024-01-30T16:34:59.993+0000] {processor.py:183} INFO - Processing /home/airflow/.local/lib/python3.8/site-packages/airflow/example_dags/example_subdag_operator.py took 0.109 seconds
[2024-01-30T16:35:30.056+0000] {processor.py:161} INFO - Started process (PID=1046) to work on /home/airflow/.local/lib/python3.8/site-packages/airflow/example_dags/example_subdag_operator.py
[2024-01-30T16:35:30.057+0000] {processor.py:830} INFO - Processing file /home/airflow/.local/lib/python3.8/site-packages/airflow/example_dags/example_subdag_operator.py for tasks to queue
[2024-01-30T16:35:30.059+0000] {logging_mixin.py:188} INFO - [2024-01-30T16:35:30.058+0000] {dagbag.py:538} INFO - Filling up the DagBag from /home/airflow/.local/lib/python3.8/site-packages/airflow/example_dags/example_subdag_operator.py
[2024-01-30T16:35:30.081+0000] {processor.py:840} INFO - DAG(s) 'example_subdag_operator.section-1', 'example_subdag_operator.section-2', 'example_subdag_operator' retrieved from /home/airflow/.local/lib/python3.8/site-packages/airflow/example_dags/example_subdag_operator.py
[2024-01-30T16:35:30.097+0000] {logging_mixin.py:188} INFO - [2024-01-30T16:35:30.097+0000] {dag.py:3036} INFO - Sync 3 DAGs
[2024-01-30T16:35:30.117+0000] {logging_mixin.py:188} INFO - [2024-01-30T16:35:30.117+0000] {dag.py:3823} INFO - Setting next_dagrun for example_subdag_operator to 2022-01-01 00:00:00+00:00, run_after=2022-01-01 00:00:00+00:00
[2024-01-30T16:35:30.120+0000] {logging_mixin.py:188} INFO - [2024-01-30T16:35:30.120+0000] {dag.py:3823} INFO - Setting next_dagrun for example_subdag_operator.section-1 to None, run_after=None
[2024-01-30T16:35:30.122+0000] {logging_mixin.py:188} INFO - [2024-01-30T16:35:30.122+0000] {dag.py:3823} INFO - Setting next_dagrun for example_subdag_operator.section-2 to None, run_after=None
[2024-01-30T16:35:30.129+0000] {logging_mixin.py:188} INFO - [2024-01-30T16:35:30.129+0000] {dag.py:3036} INFO - Sync 2 DAGs
[2024-01-30T16:35:30.134+0000] {logging_mixin.py:188} INFO - [2024-01-30T16:35:30.134+0000] {dag.py:3823} INFO - Setting next_dagrun for example_subdag_operator.section-1 to None, run_after=None
[2024-01-30T16:35:30.135+0000] {logging_mixin.py:188} INFO - [2024-01-30T16:35:30.135+0000] {dag.py:3823} INFO - Setting next_dagrun for example_subdag_operator.section-2 to None, run_after=None
[2024-01-30T16:35:30.147+0000] {processor.py:183} INFO - Processing /home/airflow/.local/lib/python3.8/site-packages/airflow/example_dags/example_subdag_operator.py took 0.095 seconds
[2024-01-30T16:36:00.203+0000] {processor.py:161} INFO - Started process (PID=1101) to work on /home/airflow/.local/lib/python3.8/site-packages/airflow/example_dags/example_subdag_operator.py
[2024-01-30T16:36:00.204+0000] {processor.py:830} INFO - Processing file /home/airflow/.local/lib/python3.8/site-packages/airflow/example_dags/example_subdag_operator.py for tasks to queue
[2024-01-30T16:36:00.206+0000] {logging_mixin.py:188} INFO - [2024-01-30T16:36:00.205+0000] {dagbag.py:538} INFO - Filling up the DagBag from /home/airflow/.local/lib/python3.8/site-packages/airflow/example_dags/example_subdag_operator.py
[2024-01-30T16:36:00.227+0000] {processor.py:840} INFO - DAG(s) 'example_subdag_operator.section-1', 'example_subdag_operator.section-2', 'example_subdag_operator' retrieved from /home/airflow/.local/lib/python3.8/site-packages/airflow/example_dags/example_subdag_operator.py
[2024-01-30T16:36:00.243+0000] {logging_mixin.py:188} INFO - [2024-01-30T16:36:00.242+0000] {dag.py:3036} INFO - Sync 3 DAGs
[2024-01-30T16:36:00.262+0000] {logging_mixin.py:188} INFO - [2024-01-30T16:36:00.261+0000] {dag.py:3823} INFO - Setting next_dagrun for example_subdag_operator to 2022-01-01 00:00:00+00:00, run_after=2022-01-01 00:00:00+00:00
[2024-01-30T16:36:00.265+0000] {logging_mixin.py:188} INFO - [2024-01-30T16:36:00.265+0000] {dag.py:3823} INFO - Setting next_dagrun for example_subdag_operator.section-1 to None, run_after=None
[2024-01-30T16:36:00.267+0000] {logging_mixin.py:188} INFO - [2024-01-30T16:36:00.267+0000] {dag.py:3823} INFO - Setting next_dagrun for example_subdag_operator.section-2 to None, run_after=None
[2024-01-30T16:36:00.273+0000] {logging_mixin.py:188} INFO - [2024-01-30T16:36:00.273+0000] {dag.py:3036} INFO - Sync 2 DAGs
[2024-01-30T16:36:00.278+0000] {logging_mixin.py:188} INFO - [2024-01-30T16:36:00.278+0000] {dag.py:3823} INFO - Setting next_dagrun for example_subdag_operator.section-1 to None, run_after=None
[2024-01-30T16:36:00.279+0000] {logging_mixin.py:188} INFO - [2024-01-30T16:36:00.278+0000] {dag.py:3823} INFO - Setting next_dagrun for example_subdag_operator.section-2 to None, run_after=None
[2024-01-30T16:36:00.291+0000] {processor.py:183} INFO - Processing /home/airflow/.local/lib/python3.8/site-packages/airflow/example_dags/example_subdag_operator.py took 0.090 seconds
[2024-01-30T16:36:31.189+0000] {processor.py:161} INFO - Started process (PID=1156) to work on /home/airflow/.local/lib/python3.8/site-packages/airflow/example_dags/example_subdag_operator.py
[2024-01-30T16:36:31.191+0000] {processor.py:830} INFO - Processing file /home/airflow/.local/lib/python3.8/site-packages/airflow/example_dags/example_subdag_operator.py for tasks to queue
[2024-01-30T16:36:31.192+0000] {logging_mixin.py:188} INFO - [2024-01-30T16:36:31.192+0000] {dagbag.py:538} INFO - Filling up the DagBag from /home/airflow/.local/lib/python3.8/site-packages/airflow/example_dags/example_subdag_operator.py
[2024-01-30T16:36:31.215+0000] {processor.py:840} INFO - DAG(s) 'example_subdag_operator.section-1', 'example_subdag_operator.section-2', 'example_subdag_operator' retrieved from /home/airflow/.local/lib/python3.8/site-packages/airflow/example_dags/example_subdag_operator.py
[2024-01-30T16:36:31.232+0000] {logging_mixin.py:188} INFO - [2024-01-30T16:36:31.232+0000] {dag.py:3036} INFO - Sync 3 DAGs
[2024-01-30T16:36:31.252+0000] {logging_mixin.py:188} INFO - [2024-01-30T16:36:31.251+0000] {dag.py:3823} INFO - Setting next_dagrun for example_subdag_operator to 2022-01-01 00:00:00+00:00, run_after=2022-01-01 00:00:00+00:00
[2024-01-30T16:36:31.255+0000] {logging_mixin.py:188} INFO - [2024-01-30T16:36:31.255+0000] {dag.py:3823} INFO - Setting next_dagrun for example_subdag_operator.section-1 to None, run_after=None
[2024-01-30T16:36:31.256+0000] {logging_mixin.py:188} INFO - [2024-01-30T16:36:31.256+0000] {dag.py:3823} INFO - Setting next_dagrun for example_subdag_operator.section-2 to None, run_after=None
[2024-01-30T16:36:31.263+0000] {logging_mixin.py:188} INFO - [2024-01-30T16:36:31.262+0000] {dag.py:3036} INFO - Sync 2 DAGs
[2024-01-30T16:36:31.267+0000] {logging_mixin.py:188} INFO - [2024-01-30T16:36:31.267+0000] {dag.py:3823} INFO - Setting next_dagrun for example_subdag_operator.section-1 to None, run_after=None
[2024-01-30T16:36:31.268+0000] {logging_mixin.py:188} INFO - [2024-01-30T16:36:31.268+0000] {dag.py:3823} INFO - Setting next_dagrun for example_subdag_operator.section-2 to None, run_after=None
[2024-01-30T16:36:31.280+0000] {processor.py:183} INFO - Processing /home/airflow/.local/lib/python3.8/site-packages/airflow/example_dags/example_subdag_operator.py took 0.094 seconds
[2024-01-30T16:37:01.335+0000] {processor.py:161} INFO - Started process (PID=1211) to work on /home/airflow/.local/lib/python3.8/site-packages/airflow/example_dags/example_subdag_operator.py
[2024-01-30T16:37:01.336+0000] {processor.py:830} INFO - Processing file /home/airflow/.local/lib/python3.8/site-packages/airflow/example_dags/example_subdag_operator.py for tasks to queue
[2024-01-30T16:37:01.338+0000] {logging_mixin.py:188} INFO - [2024-01-30T16:37:01.337+0000] {dagbag.py:538} INFO - Filling up the DagBag from /home/airflow/.local/lib/python3.8/site-packages/airflow/example_dags/example_subdag_operator.py
[2024-01-30T16:37:01.360+0000] {processor.py:840} INFO - DAG(s) 'example_subdag_operator.section-1', 'example_subdag_operator.section-2', 'example_subdag_operator' retrieved from /home/airflow/.local/lib/python3.8/site-packages/airflow/example_dags/example_subdag_operator.py
[2024-01-30T16:37:01.378+0000] {logging_mixin.py:188} INFO - [2024-01-30T16:37:01.378+0000] {dag.py:3036} INFO - Sync 3 DAGs
[2024-01-30T16:37:01.397+0000] {logging_mixin.py:188} INFO - [2024-01-30T16:37:01.397+0000] {dag.py:3823} INFO - Setting next_dagrun for example_subdag_operator to 2022-01-01 00:00:00+00:00, run_after=2022-01-01 00:00:00+00:00
[2024-01-30T16:37:01.400+0000] {logging_mixin.py:188} INFO - [2024-01-30T16:37:01.400+0000] {dag.py:3823} INFO - Setting next_dagrun for example_subdag_operator.section-1 to None, run_after=None
[2024-01-30T16:37:01.402+0000] {logging_mixin.py:188} INFO - [2024-01-30T16:37:01.402+0000] {dag.py:3823} INFO - Setting next_dagrun for example_subdag_operator.section-2 to None, run_after=None
[2024-01-30T16:37:01.408+0000] {logging_mixin.py:188} INFO - [2024-01-30T16:37:01.408+0000] {dag.py:3036} INFO - Sync 2 DAGs
[2024-01-30T16:37:01.413+0000] {logging_mixin.py:188} INFO - [2024-01-30T16:37:01.413+0000] {dag.py:3823} INFO - Setting next_dagrun for example_subdag_operator.section-1 to None, run_after=None
[2024-01-30T16:37:01.414+0000] {logging_mixin.py:188} INFO - [2024-01-30T16:37:01.414+0000] {dag.py:3823} INFO - Setting next_dagrun for example_subdag_operator.section-2 to None, run_after=None
[2024-01-30T16:37:01.427+0000] {processor.py:183} INFO - Processing /home/airflow/.local/lib/python3.8/site-packages/airflow/example_dags/example_subdag_operator.py took 0.095 seconds
[2024-01-30T16:37:32.198+0000] {processor.py:161} INFO - Started process (PID=1266) to work on /home/airflow/.local/lib/python3.8/site-packages/airflow/example_dags/example_subdag_operator.py
[2024-01-30T16:37:32.199+0000] {processor.py:830} INFO - Processing file /home/airflow/.local/lib/python3.8/site-packages/airflow/example_dags/example_subdag_operator.py for tasks to queue
[2024-01-30T16:37:32.201+0000] {logging_mixin.py:188} INFO - [2024-01-30T16:37:32.200+0000] {dagbag.py:538} INFO - Filling up the DagBag from /home/airflow/.local/lib/python3.8/site-packages/airflow/example_dags/example_subdag_operator.py
[2024-01-30T16:37:32.225+0000] {processor.py:840} INFO - DAG(s) 'example_subdag_operator.section-1', 'example_subdag_operator.section-2', 'example_subdag_operator' retrieved from /home/airflow/.local/lib/python3.8/site-packages/airflow/example_dags/example_subdag_operator.py
[2024-01-30T16:37:32.241+0000] {logging_mixin.py:188} INFO - [2024-01-30T16:37:32.241+0000] {dag.py:3036} INFO - Sync 3 DAGs
[2024-01-30T16:37:32.279+0000] {logging_mixin.py:188} INFO - [2024-01-30T16:37:32.278+0000] {dag.py:3823} INFO - Setting next_dagrun for example_subdag_operator to 2022-01-01 00:00:00+00:00, run_after=2022-01-01 00:00:00+00:00
[2024-01-30T16:37:32.282+0000] {logging_mixin.py:188} INFO - [2024-01-30T16:37:32.282+0000] {dag.py:3823} INFO - Setting next_dagrun for example_subdag_operator.section-1 to None, run_after=None
[2024-01-30T16:37:32.284+0000] {logging_mixin.py:188} INFO - [2024-01-30T16:37:32.284+0000] {dag.py:3823} INFO - Setting next_dagrun for example_subdag_operator.section-2 to None, run_after=None
[2024-01-30T16:37:32.292+0000] {logging_mixin.py:188} INFO - [2024-01-30T16:37:32.291+0000] {dag.py:3036} INFO - Sync 2 DAGs
[2024-01-30T16:37:32.297+0000] {logging_mixin.py:188} INFO - [2024-01-30T16:37:32.297+0000] {dag.py:3823} INFO - Setting next_dagrun for example_subdag_operator.section-1 to None, run_after=None
[2024-01-30T16:37:32.298+0000] {logging_mixin.py:188} INFO - [2024-01-30T16:37:32.298+0000] {dag.py:3823} INFO - Setting next_dagrun for example_subdag_operator.section-2 to None, run_after=None
[2024-01-30T16:37:32.313+0000] {processor.py:183} INFO - Processing /home/airflow/.local/lib/python3.8/site-packages/airflow/example_dags/example_subdag_operator.py took 0.119 seconds
