[2024-01-30T16:16:26.409+0000] {processor.py:161} INFO - Started process (PID=71) to work on /home/airflow/.local/lib/python3.8/site-packages/airflow/example_dags/example_sensor_decorator.py
[2024-01-30T16:16:26.411+0000] {processor.py:830} INFO - Processing file /home/airflow/.local/lib/python3.8/site-packages/airflow/example_dags/example_sensor_decorator.py for tasks to queue
[2024-01-30T16:16:26.414+0000] {logging_mixin.py:188} INFO - [2024-01-30T16:16:26.413+0000] {dagbag.py:538} INFO - Filling up the DagBag from /home/airflow/.local/lib/python3.8/site-packages/airflow/example_dags/example_sensor_decorator.py
[2024-01-30T16:16:26.425+0000] {processor.py:840} INFO - DAG(s) 'example_sensor_decorator' retrieved from /home/airflow/.local/lib/python3.8/site-packages/airflow/example_dags/example_sensor_decorator.py
[2024-01-30T16:16:26.438+0000] {logging_mixin.py:188} INFO - [2024-01-30T16:16:26.437+0000] {dag.py:3036} INFO - Sync 1 DAGs
[2024-01-30T16:16:26.451+0000] {logging_mixin.py:188} INFO - [2024-01-30T16:16:26.451+0000] {dag.py:3823} INFO - Setting next_dagrun for example_sensor_decorator to None, run_after=None
[2024-01-30T16:16:26.477+0000] {processor.py:183} INFO - Processing /home/airflow/.local/lib/python3.8/site-packages/airflow/example_dags/example_sensor_decorator.py took 0.072 seconds
[2024-01-30T16:16:58.381+0000] {processor.py:161} INFO - Started process (PID=126) to work on /home/airflow/.local/lib/python3.8/site-packages/airflow/example_dags/example_sensor_decorator.py
[2024-01-30T16:16:58.383+0000] {processor.py:830} INFO - Processing file /home/airflow/.local/lib/python3.8/site-packages/airflow/example_dags/example_sensor_decorator.py for tasks to queue
[2024-01-30T16:16:58.384+0000] {logging_mixin.py:188} INFO - [2024-01-30T16:16:58.384+0000] {dagbag.py:538} INFO - Filling up the DagBag from /home/airflow/.local/lib/python3.8/site-packages/airflow/example_dags/example_sensor_decorator.py
[2024-01-30T16:16:58.390+0000] {processor.py:840} INFO - DAG(s) 'example_sensor_decorator' retrieved from /home/airflow/.local/lib/python3.8/site-packages/airflow/example_dags/example_sensor_decorator.py
[2024-01-30T16:16:58.485+0000] {logging_mixin.py:188} INFO - [2024-01-30T16:16:58.485+0000] {dag.py:3036} INFO - Sync 1 DAGs
[2024-01-30T16:16:58.496+0000] {logging_mixin.py:188} INFO - [2024-01-30T16:16:58.496+0000] {dag.py:3823} INFO - Setting next_dagrun for example_sensor_decorator to None, run_after=None
[2024-01-30T16:16:58.517+0000] {processor.py:183} INFO - Processing /home/airflow/.local/lib/python3.8/site-packages/airflow/example_dags/example_sensor_decorator.py took 0.138 seconds
[2024-01-30T16:17:28.611+0000] {processor.py:161} INFO - Started process (PID=181) to work on /home/airflow/.local/lib/python3.8/site-packages/airflow/example_dags/example_sensor_decorator.py
[2024-01-30T16:17:28.612+0000] {processor.py:830} INFO - Processing file /home/airflow/.local/lib/python3.8/site-packages/airflow/example_dags/example_sensor_decorator.py for tasks to queue
[2024-01-30T16:17:28.614+0000] {logging_mixin.py:188} INFO - [2024-01-30T16:17:28.613+0000] {dagbag.py:538} INFO - Filling up the DagBag from /home/airflow/.local/lib/python3.8/site-packages/airflow/example_dags/example_sensor_decorator.py
[2024-01-30T16:17:28.619+0000] {processor.py:840} INFO - DAG(s) 'example_sensor_decorator' retrieved from /home/airflow/.local/lib/python3.8/site-packages/airflow/example_dags/example_sensor_decorator.py
[2024-01-30T16:17:28.637+0000] {logging_mixin.py:188} INFO - [2024-01-30T16:17:28.637+0000] {dag.py:3036} INFO - Sync 1 DAGs
[2024-01-30T16:17:28.648+0000] {logging_mixin.py:188} INFO - [2024-01-30T16:17:28.648+0000] {dag.py:3823} INFO - Setting next_dagrun for example_sensor_decorator to None, run_after=None
[2024-01-30T16:17:28.666+0000] {processor.py:183} INFO - Processing /home/airflow/.local/lib/python3.8/site-packages/airflow/example_dags/example_sensor_decorator.py took 0.058 seconds
[2024-01-30T16:17:59.685+0000] {processor.py:161} INFO - Started process (PID=236) to work on /home/airflow/.local/lib/python3.8/site-packages/airflow/example_dags/example_sensor_decorator.py
[2024-01-30T16:17:59.685+0000] {processor.py:830} INFO - Processing file /home/airflow/.local/lib/python3.8/site-packages/airflow/example_dags/example_sensor_decorator.py for tasks to queue
[2024-01-30T16:17:59.687+0000] {logging_mixin.py:188} INFO - [2024-01-30T16:17:59.687+0000] {dagbag.py:538} INFO - Filling up the DagBag from /home/airflow/.local/lib/python3.8/site-packages/airflow/example_dags/example_sensor_decorator.py
[2024-01-30T16:17:59.692+0000] {processor.py:840} INFO - DAG(s) 'example_sensor_decorator' retrieved from /home/airflow/.local/lib/python3.8/site-packages/airflow/example_dags/example_sensor_decorator.py
[2024-01-30T16:17:59.710+0000] {logging_mixin.py:188} INFO - [2024-01-30T16:17:59.709+0000] {dag.py:3036} INFO - Sync 1 DAGs
[2024-01-30T16:17:59.720+0000] {logging_mixin.py:188} INFO - [2024-01-30T16:17:59.720+0000] {dag.py:3823} INFO - Setting next_dagrun for example_sensor_decorator to None, run_after=None
[2024-01-30T16:17:59.739+0000] {processor.py:183} INFO - Processing /home/airflow/.local/lib/python3.8/site-packages/airflow/example_dags/example_sensor_decorator.py took 0.057 seconds
[2024-01-30T16:18:29.778+0000] {processor.py:161} INFO - Started process (PID=291) to work on /home/airflow/.local/lib/python3.8/site-packages/airflow/example_dags/example_sensor_decorator.py
[2024-01-30T16:18:29.779+0000] {processor.py:830} INFO - Processing file /home/airflow/.local/lib/python3.8/site-packages/airflow/example_dags/example_sensor_decorator.py for tasks to queue
[2024-01-30T16:18:29.781+0000] {logging_mixin.py:188} INFO - [2024-01-30T16:18:29.781+0000] {dagbag.py:538} INFO - Filling up the DagBag from /home/airflow/.local/lib/python3.8/site-packages/airflow/example_dags/example_sensor_decorator.py
[2024-01-30T16:18:29.787+0000] {processor.py:840} INFO - DAG(s) 'example_sensor_decorator' retrieved from /home/airflow/.local/lib/python3.8/site-packages/airflow/example_dags/example_sensor_decorator.py
[2024-01-30T16:18:29.805+0000] {logging_mixin.py:188} INFO - [2024-01-30T16:18:29.804+0000] {dag.py:3036} INFO - Sync 1 DAGs
[2024-01-30T16:18:29.815+0000] {logging_mixin.py:188} INFO - [2024-01-30T16:18:29.815+0000] {dag.py:3823} INFO - Setting next_dagrun for example_sensor_decorator to None, run_after=None
[2024-01-30T16:18:29.834+0000] {processor.py:183} INFO - Processing /home/airflow/.local/lib/python3.8/site-packages/airflow/example_dags/example_sensor_decorator.py took 0.058 seconds
[2024-01-30T16:19:00.523+0000] {processor.py:161} INFO - Started process (PID=346) to work on /home/airflow/.local/lib/python3.8/site-packages/airflow/example_dags/example_sensor_decorator.py
[2024-01-30T16:19:00.524+0000] {processor.py:830} INFO - Processing file /home/airflow/.local/lib/python3.8/site-packages/airflow/example_dags/example_sensor_decorator.py for tasks to queue
[2024-01-30T16:19:00.526+0000] {logging_mixin.py:188} INFO - [2024-01-30T16:19:00.526+0000] {dagbag.py:538} INFO - Filling up the DagBag from /home/airflow/.local/lib/python3.8/site-packages/airflow/example_dags/example_sensor_decorator.py
[2024-01-30T16:19:00.531+0000] {processor.py:840} INFO - DAG(s) 'example_sensor_decorator' retrieved from /home/airflow/.local/lib/python3.8/site-packages/airflow/example_dags/example_sensor_decorator.py
[2024-01-30T16:19:00.548+0000] {logging_mixin.py:188} INFO - [2024-01-30T16:19:00.548+0000] {dag.py:3036} INFO - Sync 1 DAGs
[2024-01-30T16:19:00.559+0000] {logging_mixin.py:188} INFO - [2024-01-30T16:19:00.559+0000] {dag.py:3823} INFO - Setting next_dagrun for example_sensor_decorator to None, run_after=None
[2024-01-30T16:19:00.577+0000] {processor.py:183} INFO - Processing /home/airflow/.local/lib/python3.8/site-packages/airflow/example_dags/example_sensor_decorator.py took 0.056 seconds
[2024-01-30T16:19:31.080+0000] {processor.py:161} INFO - Started process (PID=401) to work on /home/airflow/.local/lib/python3.8/site-packages/airflow/example_dags/example_sensor_decorator.py
[2024-01-30T16:19:31.081+0000] {processor.py:830} INFO - Processing file /home/airflow/.local/lib/python3.8/site-packages/airflow/example_dags/example_sensor_decorator.py for tasks to queue
[2024-01-30T16:19:31.083+0000] {logging_mixin.py:188} INFO - [2024-01-30T16:19:31.082+0000] {dagbag.py:538} INFO - Filling up the DagBag from /home/airflow/.local/lib/python3.8/site-packages/airflow/example_dags/example_sensor_decorator.py
[2024-01-30T16:19:31.088+0000] {processor.py:840} INFO - DAG(s) 'example_sensor_decorator' retrieved from /home/airflow/.local/lib/python3.8/site-packages/airflow/example_dags/example_sensor_decorator.py
[2024-01-30T16:19:31.106+0000] {logging_mixin.py:188} INFO - [2024-01-30T16:19:31.106+0000] {dag.py:3036} INFO - Sync 1 DAGs
[2024-01-30T16:19:31.117+0000] {logging_mixin.py:188} INFO - [2024-01-30T16:19:31.117+0000] {dag.py:3823} INFO - Setting next_dagrun for example_sensor_decorator to None, run_after=None
[2024-01-30T16:19:31.135+0000] {processor.py:183} INFO - Processing /home/airflow/.local/lib/python3.8/site-packages/airflow/example_dags/example_sensor_decorator.py took 0.058 seconds
[2024-01-30T16:20:01.827+0000] {processor.py:161} INFO - Started process (PID=456) to work on /home/airflow/.local/lib/python3.8/site-packages/airflow/example_dags/example_sensor_decorator.py
[2024-01-30T16:20:01.828+0000] {processor.py:830} INFO - Processing file /home/airflow/.local/lib/python3.8/site-packages/airflow/example_dags/example_sensor_decorator.py for tasks to queue
[2024-01-30T16:20:01.829+0000] {logging_mixin.py:188} INFO - [2024-01-30T16:20:01.829+0000] {dagbag.py:538} INFO - Filling up the DagBag from /home/airflow/.local/lib/python3.8/site-packages/airflow/example_dags/example_sensor_decorator.py
[2024-01-30T16:20:01.834+0000] {processor.py:840} INFO - DAG(s) 'example_sensor_decorator' retrieved from /home/airflow/.local/lib/python3.8/site-packages/airflow/example_dags/example_sensor_decorator.py
[2024-01-30T16:20:01.851+0000] {logging_mixin.py:188} INFO - [2024-01-30T16:20:01.851+0000] {dag.py:3036} INFO - Sync 1 DAGs
[2024-01-30T16:20:01.862+0000] {logging_mixin.py:188} INFO - [2024-01-30T16:20:01.862+0000] {dag.py:3823} INFO - Setting next_dagrun for example_sensor_decorator to None, run_after=None
[2024-01-30T16:20:01.879+0000] {processor.py:183} INFO - Processing /home/airflow/.local/lib/python3.8/site-packages/airflow/example_dags/example_sensor_decorator.py took 0.056 seconds
[2024-01-30T16:20:32.520+0000] {processor.py:161} INFO - Started process (PID=511) to work on /home/airflow/.local/lib/python3.8/site-packages/airflow/example_dags/example_sensor_decorator.py
[2024-01-30T16:20:32.521+0000] {processor.py:830} INFO - Processing file /home/airflow/.local/lib/python3.8/site-packages/airflow/example_dags/example_sensor_decorator.py for tasks to queue
[2024-01-30T16:20:32.523+0000] {logging_mixin.py:188} INFO - [2024-01-30T16:20:32.523+0000] {dagbag.py:538} INFO - Filling up the DagBag from /home/airflow/.local/lib/python3.8/site-packages/airflow/example_dags/example_sensor_decorator.py
[2024-01-30T16:20:32.528+0000] {processor.py:840} INFO - DAG(s) 'example_sensor_decorator' retrieved from /home/airflow/.local/lib/python3.8/site-packages/airflow/example_dags/example_sensor_decorator.py
[2024-01-30T16:20:32.545+0000] {logging_mixin.py:188} INFO - [2024-01-30T16:20:32.545+0000] {dag.py:3036} INFO - Sync 1 DAGs
[2024-01-30T16:20:32.556+0000] {logging_mixin.py:188} INFO - [2024-01-30T16:20:32.556+0000] {dag.py:3823} INFO - Setting next_dagrun for example_sensor_decorator to None, run_after=None
[2024-01-30T16:20:32.574+0000] {processor.py:183} INFO - Processing /home/airflow/.local/lib/python3.8/site-packages/airflow/example_dags/example_sensor_decorator.py took 0.057 seconds
[2024-01-30T16:21:03.344+0000] {processor.py:161} INFO - Started process (PID=566) to work on /home/airflow/.local/lib/python3.8/site-packages/airflow/example_dags/example_sensor_decorator.py
[2024-01-30T16:21:03.344+0000] {processor.py:830} INFO - Processing file /home/airflow/.local/lib/python3.8/site-packages/airflow/example_dags/example_sensor_decorator.py for tasks to queue
[2024-01-30T16:21:03.346+0000] {logging_mixin.py:188} INFO - [2024-01-30T16:21:03.346+0000] {dagbag.py:538} INFO - Filling up the DagBag from /home/airflow/.local/lib/python3.8/site-packages/airflow/example_dags/example_sensor_decorator.py
[2024-01-30T16:21:03.352+0000] {processor.py:840} INFO - DAG(s) 'example_sensor_decorator' retrieved from /home/airflow/.local/lib/python3.8/site-packages/airflow/example_dags/example_sensor_decorator.py
[2024-01-30T16:21:03.371+0000] {logging_mixin.py:188} INFO - [2024-01-30T16:21:03.371+0000] {dag.py:3036} INFO - Sync 1 DAGs
[2024-01-30T16:21:03.383+0000] {logging_mixin.py:188} INFO - [2024-01-30T16:21:03.383+0000] {dag.py:3823} INFO - Setting next_dagrun for example_sensor_decorator to None, run_after=None
[2024-01-30T16:21:03.404+0000] {processor.py:183} INFO - Processing /home/airflow/.local/lib/python3.8/site-packages/airflow/example_dags/example_sensor_decorator.py took 0.063 seconds
[2024-01-30T16:21:33.499+0000] {processor.py:161} INFO - Started process (PID=621) to work on /home/airflow/.local/lib/python3.8/site-packages/airflow/example_dags/example_sensor_decorator.py
[2024-01-30T16:21:33.500+0000] {processor.py:830} INFO - Processing file /home/airflow/.local/lib/python3.8/site-packages/airflow/example_dags/example_sensor_decorator.py for tasks to queue
[2024-01-30T16:21:33.502+0000] {logging_mixin.py:188} INFO - [2024-01-30T16:21:33.501+0000] {dagbag.py:538} INFO - Filling up the DagBag from /home/airflow/.local/lib/python3.8/site-packages/airflow/example_dags/example_sensor_decorator.py
[2024-01-30T16:21:33.507+0000] {processor.py:840} INFO - DAG(s) 'example_sensor_decorator' retrieved from /home/airflow/.local/lib/python3.8/site-packages/airflow/example_dags/example_sensor_decorator.py
[2024-01-30T16:21:33.524+0000] {logging_mixin.py:188} INFO - [2024-01-30T16:21:33.524+0000] {dag.py:3036} INFO - Sync 1 DAGs
[2024-01-30T16:21:33.535+0000] {logging_mixin.py:188} INFO - [2024-01-30T16:21:33.535+0000] {dag.py:3823} INFO - Setting next_dagrun for example_sensor_decorator to None, run_after=None
[2024-01-30T16:21:33.553+0000] {processor.py:183} INFO - Processing /home/airflow/.local/lib/python3.8/site-packages/airflow/example_dags/example_sensor_decorator.py took 0.057 seconds
[2024-01-30T16:22:03.607+0000] {processor.py:161} INFO - Started process (PID=676) to work on /home/airflow/.local/lib/python3.8/site-packages/airflow/example_dags/example_sensor_decorator.py
[2024-01-30T16:22:03.608+0000] {processor.py:830} INFO - Processing file /home/airflow/.local/lib/python3.8/site-packages/airflow/example_dags/example_sensor_decorator.py for tasks to queue
[2024-01-30T16:22:03.610+0000] {logging_mixin.py:188} INFO - [2024-01-30T16:22:03.610+0000] {dagbag.py:538} INFO - Filling up the DagBag from /home/airflow/.local/lib/python3.8/site-packages/airflow/example_dags/example_sensor_decorator.py
[2024-01-30T16:22:03.616+0000] {processor.py:840} INFO - DAG(s) 'example_sensor_decorator' retrieved from /home/airflow/.local/lib/python3.8/site-packages/airflow/example_dags/example_sensor_decorator.py
[2024-01-30T16:22:03.635+0000] {logging_mixin.py:188} INFO - [2024-01-30T16:22:03.635+0000] {dag.py:3036} INFO - Sync 1 DAGs
[2024-01-30T16:22:03.647+0000] {logging_mixin.py:188} INFO - [2024-01-30T16:22:03.646+0000] {dag.py:3823} INFO - Setting next_dagrun for example_sensor_decorator to None, run_after=None
[2024-01-30T16:22:03.666+0000] {processor.py:183} INFO - Processing /home/airflow/.local/lib/python3.8/site-packages/airflow/example_dags/example_sensor_decorator.py took 0.061 seconds
[2024-01-30T16:22:33.906+0000] {processor.py:161} INFO - Started process (PID=731) to work on /home/airflow/.local/lib/python3.8/site-packages/airflow/example_dags/example_sensor_decorator.py
[2024-01-30T16:22:33.907+0000] {processor.py:830} INFO - Processing file /home/airflow/.local/lib/python3.8/site-packages/airflow/example_dags/example_sensor_decorator.py for tasks to queue
[2024-01-30T16:22:33.908+0000] {logging_mixin.py:188} INFO - [2024-01-30T16:22:33.908+0000] {dagbag.py:538} INFO - Filling up the DagBag from /home/airflow/.local/lib/python3.8/site-packages/airflow/example_dags/example_sensor_decorator.py
[2024-01-30T16:22:33.914+0000] {processor.py:840} INFO - DAG(s) 'example_sensor_decorator' retrieved from /home/airflow/.local/lib/python3.8/site-packages/airflow/example_dags/example_sensor_decorator.py
[2024-01-30T16:22:33.931+0000] {logging_mixin.py:188} INFO - [2024-01-30T16:22:33.930+0000] {dag.py:3036} INFO - Sync 1 DAGs
[2024-01-30T16:22:33.941+0000] {logging_mixin.py:188} INFO - [2024-01-30T16:22:33.941+0000] {dag.py:3823} INFO - Setting next_dagrun for example_sensor_decorator to None, run_after=None
[2024-01-30T16:22:33.960+0000] {processor.py:183} INFO - Processing /home/airflow/.local/lib/python3.8/site-packages/airflow/example_dags/example_sensor_decorator.py took 0.057 seconds
[2024-01-30T16:23:04.085+0000] {processor.py:161} INFO - Started process (PID=786) to work on /home/airflow/.local/lib/python3.8/site-packages/airflow/example_dags/example_sensor_decorator.py
[2024-01-30T16:23:04.086+0000] {processor.py:830} INFO - Processing file /home/airflow/.local/lib/python3.8/site-packages/airflow/example_dags/example_sensor_decorator.py for tasks to queue
[2024-01-30T16:23:04.088+0000] {logging_mixin.py:188} INFO - [2024-01-30T16:23:04.088+0000] {dagbag.py:538} INFO - Filling up the DagBag from /home/airflow/.local/lib/python3.8/site-packages/airflow/example_dags/example_sensor_decorator.py
[2024-01-30T16:23:04.093+0000] {processor.py:840} INFO - DAG(s) 'example_sensor_decorator' retrieved from /home/airflow/.local/lib/python3.8/site-packages/airflow/example_dags/example_sensor_decorator.py
[2024-01-30T16:23:04.110+0000] {logging_mixin.py:188} INFO - [2024-01-30T16:23:04.110+0000] {dag.py:3036} INFO - Sync 1 DAGs
[2024-01-30T16:23:04.121+0000] {logging_mixin.py:188} INFO - [2024-01-30T16:23:04.121+0000] {dag.py:3823} INFO - Setting next_dagrun for example_sensor_decorator to None, run_after=None
[2024-01-30T16:23:04.139+0000] {processor.py:183} INFO - Processing /home/airflow/.local/lib/python3.8/site-packages/airflow/example_dags/example_sensor_decorator.py took 0.056 seconds
[2024-01-30T16:23:34.863+0000] {processor.py:161} INFO - Started process (PID=841) to work on /home/airflow/.local/lib/python3.8/site-packages/airflow/example_dags/example_sensor_decorator.py
[2024-01-30T16:23:34.864+0000] {processor.py:830} INFO - Processing file /home/airflow/.local/lib/python3.8/site-packages/airflow/example_dags/example_sensor_decorator.py for tasks to queue
[2024-01-30T16:23:34.866+0000] {logging_mixin.py:188} INFO - [2024-01-30T16:23:34.865+0000] {dagbag.py:538} INFO - Filling up the DagBag from /home/airflow/.local/lib/python3.8/site-packages/airflow/example_dags/example_sensor_decorator.py
[2024-01-30T16:23:34.871+0000] {processor.py:840} INFO - DAG(s) 'example_sensor_decorator' retrieved from /home/airflow/.local/lib/python3.8/site-packages/airflow/example_dags/example_sensor_decorator.py
[2024-01-30T16:23:34.889+0000] {logging_mixin.py:188} INFO - [2024-01-30T16:23:34.889+0000] {dag.py:3036} INFO - Sync 1 DAGs
[2024-01-30T16:23:34.900+0000] {logging_mixin.py:188} INFO - [2024-01-30T16:23:34.900+0000] {dag.py:3823} INFO - Setting next_dagrun for example_sensor_decorator to None, run_after=None
[2024-01-30T16:23:34.920+0000] {processor.py:183} INFO - Processing /home/airflow/.local/lib/python3.8/site-packages/airflow/example_dags/example_sensor_decorator.py took 0.060 seconds
[2024-01-30T16:24:42.992+0000] {processor.py:161} INFO - Started process (PID=71) to work on /home/airflow/.local/lib/python3.8/site-packages/airflow/example_dags/example_sensor_decorator.py
[2024-01-30T16:24:42.993+0000] {processor.py:830} INFO - Processing file /home/airflow/.local/lib/python3.8/site-packages/airflow/example_dags/example_sensor_decorator.py for tasks to queue
[2024-01-30T16:24:42.995+0000] {logging_mixin.py:188} INFO - [2024-01-30T16:24:42.995+0000] {dagbag.py:538} INFO - Filling up the DagBag from /home/airflow/.local/lib/python3.8/site-packages/airflow/example_dags/example_sensor_decorator.py
[2024-01-30T16:24:43.000+0000] {processor.py:840} INFO - DAG(s) 'example_sensor_decorator' retrieved from /home/airflow/.local/lib/python3.8/site-packages/airflow/example_dags/example_sensor_decorator.py
[2024-01-30T16:24:43.011+0000] {logging_mixin.py:188} INFO - [2024-01-30T16:24:43.011+0000] {dag.py:3036} INFO - Sync 1 DAGs
[2024-01-30T16:24:43.023+0000] {logging_mixin.py:188} INFO - [2024-01-30T16:24:43.023+0000] {dag.py:3823} INFO - Setting next_dagrun for example_sensor_decorator to None, run_after=None
[2024-01-30T16:24:43.042+0000] {processor.py:183} INFO - Processing /home/airflow/.local/lib/python3.8/site-packages/airflow/example_dags/example_sensor_decorator.py took 0.053 seconds
[2024-01-30T16:25:14.788+0000] {processor.py:161} INFO - Started process (PID=126) to work on /home/airflow/.local/lib/python3.8/site-packages/airflow/example_dags/example_sensor_decorator.py
[2024-01-30T16:25:14.789+0000] {processor.py:830} INFO - Processing file /home/airflow/.local/lib/python3.8/site-packages/airflow/example_dags/example_sensor_decorator.py for tasks to queue
[2024-01-30T16:25:14.791+0000] {logging_mixin.py:188} INFO - [2024-01-30T16:25:14.791+0000] {dagbag.py:538} INFO - Filling up the DagBag from /home/airflow/.local/lib/python3.8/site-packages/airflow/example_dags/example_sensor_decorator.py
[2024-01-30T16:25:14.796+0000] {processor.py:840} INFO - DAG(s) 'example_sensor_decorator' retrieved from /home/airflow/.local/lib/python3.8/site-packages/airflow/example_dags/example_sensor_decorator.py
[2024-01-30T16:25:14.886+0000] {logging_mixin.py:188} INFO - [2024-01-30T16:25:14.886+0000] {dag.py:3036} INFO - Sync 1 DAGs
[2024-01-30T16:25:14.896+0000] {logging_mixin.py:188} INFO - [2024-01-30T16:25:14.896+0000] {dag.py:3823} INFO - Setting next_dagrun for example_sensor_decorator to None, run_after=None
[2024-01-30T16:25:14.915+0000] {processor.py:183} INFO - Processing /home/airflow/.local/lib/python3.8/site-packages/airflow/example_dags/example_sensor_decorator.py took 0.129 seconds
[2024-01-30T16:26:21.764+0000] {processor.py:161} INFO - Started process (PID=71) to work on /home/airflow/.local/lib/python3.8/site-packages/airflow/example_dags/example_sensor_decorator.py
[2024-01-30T16:26:21.765+0000] {processor.py:830} INFO - Processing file /home/airflow/.local/lib/python3.8/site-packages/airflow/example_dags/example_sensor_decorator.py for tasks to queue
[2024-01-30T16:26:21.766+0000] {logging_mixin.py:188} INFO - [2024-01-30T16:26:21.766+0000] {dagbag.py:538} INFO - Filling up the DagBag from /home/airflow/.local/lib/python3.8/site-packages/airflow/example_dags/example_sensor_decorator.py
[2024-01-30T16:26:21.772+0000] {processor.py:840} INFO - DAG(s) 'example_sensor_decorator' retrieved from /home/airflow/.local/lib/python3.8/site-packages/airflow/example_dags/example_sensor_decorator.py
[2024-01-30T16:26:21.783+0000] {logging_mixin.py:188} INFO - [2024-01-30T16:26:21.783+0000] {dag.py:3036} INFO - Sync 1 DAGs
[2024-01-30T16:26:21.795+0000] {logging_mixin.py:188} INFO - [2024-01-30T16:26:21.794+0000] {dag.py:3823} INFO - Setting next_dagrun for example_sensor_decorator to None, run_after=None
[2024-01-30T16:26:21.813+0000] {processor.py:183} INFO - Processing /home/airflow/.local/lib/python3.8/site-packages/airflow/example_dags/example_sensor_decorator.py took 0.052 seconds
[2024-01-30T16:26:53.554+0000] {processor.py:161} INFO - Started process (PID=126) to work on /home/airflow/.local/lib/python3.8/site-packages/airflow/example_dags/example_sensor_decorator.py
[2024-01-30T16:26:53.555+0000] {processor.py:830} INFO - Processing file /home/airflow/.local/lib/python3.8/site-packages/airflow/example_dags/example_sensor_decorator.py for tasks to queue
[2024-01-30T16:26:53.557+0000] {logging_mixin.py:188} INFO - [2024-01-30T16:26:53.557+0000] {dagbag.py:538} INFO - Filling up the DagBag from /home/airflow/.local/lib/python3.8/site-packages/airflow/example_dags/example_sensor_decorator.py
[2024-01-30T16:26:53.562+0000] {processor.py:840} INFO - DAG(s) 'example_sensor_decorator' retrieved from /home/airflow/.local/lib/python3.8/site-packages/airflow/example_dags/example_sensor_decorator.py
[2024-01-30T16:26:53.654+0000] {logging_mixin.py:188} INFO - [2024-01-30T16:26:53.654+0000] {dag.py:3036} INFO - Sync 1 DAGs
[2024-01-30T16:26:53.664+0000] {logging_mixin.py:188} INFO - [2024-01-30T16:26:53.664+0000] {dag.py:3823} INFO - Setting next_dagrun for example_sensor_decorator to None, run_after=None
[2024-01-30T16:26:53.684+0000] {processor.py:183} INFO - Processing /home/airflow/.local/lib/python3.8/site-packages/airflow/example_dags/example_sensor_decorator.py took 0.132 seconds
[2024-01-30T16:27:24.291+0000] {processor.py:161} INFO - Started process (PID=181) to work on /home/airflow/.local/lib/python3.8/site-packages/airflow/example_dags/example_sensor_decorator.py
[2024-01-30T16:27:24.292+0000] {processor.py:830} INFO - Processing file /home/airflow/.local/lib/python3.8/site-packages/airflow/example_dags/example_sensor_decorator.py for tasks to queue
[2024-01-30T16:27:24.294+0000] {logging_mixin.py:188} INFO - [2024-01-30T16:27:24.294+0000] {dagbag.py:538} INFO - Filling up the DagBag from /home/airflow/.local/lib/python3.8/site-packages/airflow/example_dags/example_sensor_decorator.py
[2024-01-30T16:27:24.299+0000] {processor.py:840} INFO - DAG(s) 'example_sensor_decorator' retrieved from /home/airflow/.local/lib/python3.8/site-packages/airflow/example_dags/example_sensor_decorator.py
[2024-01-30T16:27:24.316+0000] {logging_mixin.py:188} INFO - [2024-01-30T16:27:24.316+0000] {dag.py:3036} INFO - Sync 1 DAGs
[2024-01-30T16:27:24.327+0000] {logging_mixin.py:188} INFO - [2024-01-30T16:27:24.327+0000] {dag.py:3823} INFO - Setting next_dagrun for example_sensor_decorator to None, run_after=None
[2024-01-30T16:27:24.345+0000] {processor.py:183} INFO - Processing /home/airflow/.local/lib/python3.8/site-packages/airflow/example_dags/example_sensor_decorator.py took 0.057 seconds
[2024-01-30T16:27:55.246+0000] {processor.py:161} INFO - Started process (PID=236) to work on /home/airflow/.local/lib/python3.8/site-packages/airflow/example_dags/example_sensor_decorator.py
[2024-01-30T16:27:55.247+0000] {processor.py:830} INFO - Processing file /home/airflow/.local/lib/python3.8/site-packages/airflow/example_dags/example_sensor_decorator.py for tasks to queue
[2024-01-30T16:27:55.249+0000] {logging_mixin.py:188} INFO - [2024-01-30T16:27:55.249+0000] {dagbag.py:538} INFO - Filling up the DagBag from /home/airflow/.local/lib/python3.8/site-packages/airflow/example_dags/example_sensor_decorator.py
[2024-01-30T16:27:55.254+0000] {processor.py:840} INFO - DAG(s) 'example_sensor_decorator' retrieved from /home/airflow/.local/lib/python3.8/site-packages/airflow/example_dags/example_sensor_decorator.py
[2024-01-30T16:27:55.272+0000] {logging_mixin.py:188} INFO - [2024-01-30T16:27:55.272+0000] {dag.py:3036} INFO - Sync 1 DAGs
[2024-01-30T16:27:55.283+0000] {logging_mixin.py:188} INFO - [2024-01-30T16:27:55.283+0000] {dag.py:3823} INFO - Setting next_dagrun for example_sensor_decorator to None, run_after=None
[2024-01-30T16:27:55.301+0000] {processor.py:183} INFO - Processing /home/airflow/.local/lib/python3.8/site-packages/airflow/example_dags/example_sensor_decorator.py took 0.058 seconds
[2024-01-30T16:28:25.844+0000] {processor.py:161} INFO - Started process (PID=291) to work on /home/airflow/.local/lib/python3.8/site-packages/airflow/example_dags/example_sensor_decorator.py
[2024-01-30T16:28:25.845+0000] {processor.py:830} INFO - Processing file /home/airflow/.local/lib/python3.8/site-packages/airflow/example_dags/example_sensor_decorator.py for tasks to queue
[2024-01-30T16:28:25.847+0000] {logging_mixin.py:188} INFO - [2024-01-30T16:28:25.847+0000] {dagbag.py:538} INFO - Filling up the DagBag from /home/airflow/.local/lib/python3.8/site-packages/airflow/example_dags/example_sensor_decorator.py
[2024-01-30T16:28:25.852+0000] {processor.py:840} INFO - DAG(s) 'example_sensor_decorator' retrieved from /home/airflow/.local/lib/python3.8/site-packages/airflow/example_dags/example_sensor_decorator.py
[2024-01-30T16:28:25.869+0000] {logging_mixin.py:188} INFO - [2024-01-30T16:28:25.869+0000] {dag.py:3036} INFO - Sync 1 DAGs
[2024-01-30T16:28:25.880+0000] {logging_mixin.py:188} INFO - [2024-01-30T16:28:25.880+0000] {dag.py:3823} INFO - Setting next_dagrun for example_sensor_decorator to None, run_after=None
[2024-01-30T16:28:25.898+0000] {processor.py:183} INFO - Processing /home/airflow/.local/lib/python3.8/site-packages/airflow/example_dags/example_sensor_decorator.py took 0.056 seconds
[2024-01-30T16:28:56.601+0000] {processor.py:161} INFO - Started process (PID=346) to work on /home/airflow/.local/lib/python3.8/site-packages/airflow/example_dags/example_sensor_decorator.py
[2024-01-30T16:28:56.602+0000] {processor.py:830} INFO - Processing file /home/airflow/.local/lib/python3.8/site-packages/airflow/example_dags/example_sensor_decorator.py for tasks to queue
[2024-01-30T16:28:56.604+0000] {logging_mixin.py:188} INFO - [2024-01-30T16:28:56.604+0000] {dagbag.py:538} INFO - Filling up the DagBag from /home/airflow/.local/lib/python3.8/site-packages/airflow/example_dags/example_sensor_decorator.py
[2024-01-30T16:28:56.609+0000] {processor.py:840} INFO - DAG(s) 'example_sensor_decorator' retrieved from /home/airflow/.local/lib/python3.8/site-packages/airflow/example_dags/example_sensor_decorator.py
[2024-01-30T16:28:56.627+0000] {logging_mixin.py:188} INFO - [2024-01-30T16:28:56.626+0000] {dag.py:3036} INFO - Sync 1 DAGs
[2024-01-30T16:28:56.638+0000] {logging_mixin.py:188} INFO - [2024-01-30T16:28:56.638+0000] {dag.py:3823} INFO - Setting next_dagrun for example_sensor_decorator to None, run_after=None
[2024-01-30T16:28:56.656+0000] {processor.py:183} INFO - Processing /home/airflow/.local/lib/python3.8/site-packages/airflow/example_dags/example_sensor_decorator.py took 0.058 seconds
[2024-01-30T16:29:27.258+0000] {processor.py:161} INFO - Started process (PID=401) to work on /home/airflow/.local/lib/python3.8/site-packages/airflow/example_dags/example_sensor_decorator.py
[2024-01-30T16:29:27.259+0000] {processor.py:830} INFO - Processing file /home/airflow/.local/lib/python3.8/site-packages/airflow/example_dags/example_sensor_decorator.py for tasks to queue
[2024-01-30T16:29:27.260+0000] {logging_mixin.py:188} INFO - [2024-01-30T16:29:27.260+0000] {dagbag.py:538} INFO - Filling up the DagBag from /home/airflow/.local/lib/python3.8/site-packages/airflow/example_dags/example_sensor_decorator.py
[2024-01-30T16:29:27.265+0000] {processor.py:840} INFO - DAG(s) 'example_sensor_decorator' retrieved from /home/airflow/.local/lib/python3.8/site-packages/airflow/example_dags/example_sensor_decorator.py
[2024-01-30T16:29:27.283+0000] {logging_mixin.py:188} INFO - [2024-01-30T16:29:27.283+0000] {dag.py:3036} INFO - Sync 1 DAGs
[2024-01-30T16:29:27.294+0000] {logging_mixin.py:188} INFO - [2024-01-30T16:29:27.294+0000] {dag.py:3823} INFO - Setting next_dagrun for example_sensor_decorator to None, run_after=None
[2024-01-30T16:29:27.312+0000] {processor.py:183} INFO - Processing /home/airflow/.local/lib/python3.8/site-packages/airflow/example_dags/example_sensor_decorator.py took 0.057 seconds
[2024-01-30T16:29:57.956+0000] {processor.py:161} INFO - Started process (PID=456) to work on /home/airflow/.local/lib/python3.8/site-packages/airflow/example_dags/example_sensor_decorator.py
[2024-01-30T16:29:57.957+0000] {processor.py:830} INFO - Processing file /home/airflow/.local/lib/python3.8/site-packages/airflow/example_dags/example_sensor_decorator.py for tasks to queue
[2024-01-30T16:29:57.959+0000] {logging_mixin.py:188} INFO - [2024-01-30T16:29:57.959+0000] {dagbag.py:538} INFO - Filling up the DagBag from /home/airflow/.local/lib/python3.8/site-packages/airflow/example_dags/example_sensor_decorator.py
[2024-01-30T16:29:57.965+0000] {processor.py:840} INFO - DAG(s) 'example_sensor_decorator' retrieved from /home/airflow/.local/lib/python3.8/site-packages/airflow/example_dags/example_sensor_decorator.py
[2024-01-30T16:29:57.984+0000] {logging_mixin.py:188} INFO - [2024-01-30T16:29:57.983+0000] {dag.py:3036} INFO - Sync 1 DAGs
[2024-01-30T16:29:57.995+0000] {logging_mixin.py:188} INFO - [2024-01-30T16:29:57.995+0000] {dag.py:3823} INFO - Setting next_dagrun for example_sensor_decorator to None, run_after=None
[2024-01-30T16:29:58.013+0000] {processor.py:183} INFO - Processing /home/airflow/.local/lib/python3.8/site-packages/airflow/example_dags/example_sensor_decorator.py took 0.062 seconds
[2024-01-30T16:30:28.764+0000] {processor.py:161} INFO - Started process (PID=511) to work on /home/airflow/.local/lib/python3.8/site-packages/airflow/example_dags/example_sensor_decorator.py
[2024-01-30T16:30:28.765+0000] {processor.py:830} INFO - Processing file /home/airflow/.local/lib/python3.8/site-packages/airflow/example_dags/example_sensor_decorator.py for tasks to queue
[2024-01-30T16:30:28.767+0000] {logging_mixin.py:188} INFO - [2024-01-30T16:30:28.767+0000] {dagbag.py:538} INFO - Filling up the DagBag from /home/airflow/.local/lib/python3.8/site-packages/airflow/example_dags/example_sensor_decorator.py
[2024-01-30T16:30:28.772+0000] {processor.py:840} INFO - DAG(s) 'example_sensor_decorator' retrieved from /home/airflow/.local/lib/python3.8/site-packages/airflow/example_dags/example_sensor_decorator.py
[2024-01-30T16:30:28.791+0000] {logging_mixin.py:188} INFO - [2024-01-30T16:30:28.791+0000] {dag.py:3036} INFO - Sync 1 DAGs
[2024-01-30T16:30:28.803+0000] {logging_mixin.py:188} INFO - [2024-01-30T16:30:28.803+0000] {dag.py:3823} INFO - Setting next_dagrun for example_sensor_decorator to None, run_after=None
[2024-01-30T16:30:28.823+0000] {processor.py:183} INFO - Processing /home/airflow/.local/lib/python3.8/site-packages/airflow/example_dags/example_sensor_decorator.py took 0.062 seconds
[2024-01-30T16:30:59.620+0000] {processor.py:161} INFO - Started process (PID=566) to work on /home/airflow/.local/lib/python3.8/site-packages/airflow/example_dags/example_sensor_decorator.py
[2024-01-30T16:30:59.622+0000] {processor.py:830} INFO - Processing file /home/airflow/.local/lib/python3.8/site-packages/airflow/example_dags/example_sensor_decorator.py for tasks to queue
[2024-01-30T16:30:59.625+0000] {logging_mixin.py:188} INFO - [2024-01-30T16:30:59.624+0000] {dagbag.py:538} INFO - Filling up the DagBag from /home/airflow/.local/lib/python3.8/site-packages/airflow/example_dags/example_sensor_decorator.py
[2024-01-30T16:30:59.640+0000] {processor.py:840} INFO - DAG(s) 'example_sensor_decorator' retrieved from /home/airflow/.local/lib/python3.8/site-packages/airflow/example_dags/example_sensor_decorator.py
[2024-01-30T16:30:59.678+0000] {logging_mixin.py:188} INFO - [2024-01-30T16:30:59.678+0000] {dag.py:3036} INFO - Sync 1 DAGs
[2024-01-30T16:30:59.696+0000] {logging_mixin.py:188} INFO - [2024-01-30T16:30:59.696+0000] {dag.py:3823} INFO - Setting next_dagrun for example_sensor_decorator to None, run_after=None
[2024-01-30T16:30:59.733+0000] {processor.py:183} INFO - Processing /home/airflow/.local/lib/python3.8/site-packages/airflow/example_dags/example_sensor_decorator.py took 0.122 seconds
[2024-01-30T16:31:30.660+0000] {processor.py:161} INFO - Started process (PID=621) to work on /home/airflow/.local/lib/python3.8/site-packages/airflow/example_dags/example_sensor_decorator.py
[2024-01-30T16:31:30.661+0000] {processor.py:830} INFO - Processing file /home/airflow/.local/lib/python3.8/site-packages/airflow/example_dags/example_sensor_decorator.py for tasks to queue
[2024-01-30T16:31:30.663+0000] {logging_mixin.py:188} INFO - [2024-01-30T16:31:30.663+0000] {dagbag.py:538} INFO - Filling up the DagBag from /home/airflow/.local/lib/python3.8/site-packages/airflow/example_dags/example_sensor_decorator.py
[2024-01-30T16:31:30.668+0000] {processor.py:840} INFO - DAG(s) 'example_sensor_decorator' retrieved from /home/airflow/.local/lib/python3.8/site-packages/airflow/example_dags/example_sensor_decorator.py
[2024-01-30T16:31:30.686+0000] {logging_mixin.py:188} INFO - [2024-01-30T16:31:30.686+0000] {dag.py:3036} INFO - Sync 1 DAGs
[2024-01-30T16:31:30.697+0000] {logging_mixin.py:188} INFO - [2024-01-30T16:31:30.697+0000] {dag.py:3823} INFO - Setting next_dagrun for example_sensor_decorator to None, run_after=None
[2024-01-30T16:31:30.718+0000] {processor.py:183} INFO - Processing /home/airflow/.local/lib/python3.8/site-packages/airflow/example_dags/example_sensor_decorator.py took 0.061 seconds
[2024-01-30T16:32:00.812+0000] {processor.py:161} INFO - Started process (PID=676) to work on /home/airflow/.local/lib/python3.8/site-packages/airflow/example_dags/example_sensor_decorator.py
[2024-01-30T16:32:00.813+0000] {processor.py:830} INFO - Processing file /home/airflow/.local/lib/python3.8/site-packages/airflow/example_dags/example_sensor_decorator.py for tasks to queue
[2024-01-30T16:32:00.815+0000] {logging_mixin.py:188} INFO - [2024-01-30T16:32:00.814+0000] {dagbag.py:538} INFO - Filling up the DagBag from /home/airflow/.local/lib/python3.8/site-packages/airflow/example_dags/example_sensor_decorator.py
[2024-01-30T16:32:00.820+0000] {processor.py:840} INFO - DAG(s) 'example_sensor_decorator' retrieved from /home/airflow/.local/lib/python3.8/site-packages/airflow/example_dags/example_sensor_decorator.py
[2024-01-30T16:32:00.837+0000] {logging_mixin.py:188} INFO - [2024-01-30T16:32:00.837+0000] {dag.py:3036} INFO - Sync 1 DAGs
[2024-01-30T16:32:00.848+0000] {logging_mixin.py:188} INFO - [2024-01-30T16:32:00.848+0000] {dag.py:3823} INFO - Setting next_dagrun for example_sensor_decorator to None, run_after=None
[2024-01-30T16:32:00.866+0000] {processor.py:183} INFO - Processing /home/airflow/.local/lib/python3.8/site-packages/airflow/example_dags/example_sensor_decorator.py took 0.057 seconds
[2024-01-30T16:32:31.000+0000] {processor.py:161} INFO - Started process (PID=731) to work on /home/airflow/.local/lib/python3.8/site-packages/airflow/example_dags/example_sensor_decorator.py
[2024-01-30T16:32:31.001+0000] {processor.py:830} INFO - Processing file /home/airflow/.local/lib/python3.8/site-packages/airflow/example_dags/example_sensor_decorator.py for tasks to queue
[2024-01-30T16:32:31.003+0000] {logging_mixin.py:188} INFO - [2024-01-30T16:32:31.003+0000] {dagbag.py:538} INFO - Filling up the DagBag from /home/airflow/.local/lib/python3.8/site-packages/airflow/example_dags/example_sensor_decorator.py
[2024-01-30T16:32:31.008+0000] {processor.py:840} INFO - DAG(s) 'example_sensor_decorator' retrieved from /home/airflow/.local/lib/python3.8/site-packages/airflow/example_dags/example_sensor_decorator.py
[2024-01-30T16:32:31.026+0000] {logging_mixin.py:188} INFO - [2024-01-30T16:32:31.025+0000] {dag.py:3036} INFO - Sync 1 DAGs
[2024-01-30T16:32:31.036+0000] {logging_mixin.py:188} INFO - [2024-01-30T16:32:31.036+0000] {dag.py:3823} INFO - Setting next_dagrun for example_sensor_decorator to None, run_after=None
[2024-01-30T16:32:31.055+0000] {processor.py:183} INFO - Processing /home/airflow/.local/lib/python3.8/site-packages/airflow/example_dags/example_sensor_decorator.py took 0.057 seconds
[2024-01-30T16:33:01.296+0000] {processor.py:161} INFO - Started process (PID=786) to work on /home/airflow/.local/lib/python3.8/site-packages/airflow/example_dags/example_sensor_decorator.py
[2024-01-30T16:33:01.297+0000] {processor.py:830} INFO - Processing file /home/airflow/.local/lib/python3.8/site-packages/airflow/example_dags/example_sensor_decorator.py for tasks to queue
[2024-01-30T16:33:01.298+0000] {logging_mixin.py:188} INFO - [2024-01-30T16:33:01.298+0000] {dagbag.py:538} INFO - Filling up the DagBag from /home/airflow/.local/lib/python3.8/site-packages/airflow/example_dags/example_sensor_decorator.py
[2024-01-30T16:33:01.303+0000] {processor.py:840} INFO - DAG(s) 'example_sensor_decorator' retrieved from /home/airflow/.local/lib/python3.8/site-packages/airflow/example_dags/example_sensor_decorator.py
[2024-01-30T16:33:01.322+0000] {logging_mixin.py:188} INFO - [2024-01-30T16:33:01.322+0000] {dag.py:3036} INFO - Sync 1 DAGs
[2024-01-30T16:33:01.336+0000] {logging_mixin.py:188} INFO - [2024-01-30T16:33:01.335+0000] {dag.py:3823} INFO - Setting next_dagrun for example_sensor_decorator to None, run_after=None
[2024-01-30T16:33:01.356+0000] {processor.py:183} INFO - Processing /home/airflow/.local/lib/python3.8/site-packages/airflow/example_dags/example_sensor_decorator.py took 0.063 seconds
[2024-01-30T16:33:31.742+0000] {processor.py:161} INFO - Started process (PID=841) to work on /home/airflow/.local/lib/python3.8/site-packages/airflow/example_dags/example_sensor_decorator.py
[2024-01-30T16:33:31.743+0000] {processor.py:830} INFO - Processing file /home/airflow/.local/lib/python3.8/site-packages/airflow/example_dags/example_sensor_decorator.py for tasks to queue
[2024-01-30T16:33:31.745+0000] {logging_mixin.py:188} INFO - [2024-01-30T16:33:31.744+0000] {dagbag.py:538} INFO - Filling up the DagBag from /home/airflow/.local/lib/python3.8/site-packages/airflow/example_dags/example_sensor_decorator.py
[2024-01-30T16:33:31.750+0000] {processor.py:840} INFO - DAG(s) 'example_sensor_decorator' retrieved from /home/airflow/.local/lib/python3.8/site-packages/airflow/example_dags/example_sensor_decorator.py
[2024-01-30T16:33:31.767+0000] {logging_mixin.py:188} INFO - [2024-01-30T16:33:31.767+0000] {dag.py:3036} INFO - Sync 1 DAGs
[2024-01-30T16:33:31.778+0000] {logging_mixin.py:188} INFO - [2024-01-30T16:33:31.778+0000] {dag.py:3823} INFO - Setting next_dagrun for example_sensor_decorator to None, run_after=None
[2024-01-30T16:33:31.796+0000] {processor.py:183} INFO - Processing /home/airflow/.local/lib/python3.8/site-packages/airflow/example_dags/example_sensor_decorator.py took 0.057 seconds
[2024-01-30T16:34:01.990+0000] {processor.py:161} INFO - Started process (PID=896) to work on /home/airflow/.local/lib/python3.8/site-packages/airflow/example_dags/example_sensor_decorator.py
[2024-01-30T16:34:01.991+0000] {processor.py:830} INFO - Processing file /home/airflow/.local/lib/python3.8/site-packages/airflow/example_dags/example_sensor_decorator.py for tasks to queue
[2024-01-30T16:34:01.993+0000] {logging_mixin.py:188} INFO - [2024-01-30T16:34:01.993+0000] {dagbag.py:538} INFO - Filling up the DagBag from /home/airflow/.local/lib/python3.8/site-packages/airflow/example_dags/example_sensor_decorator.py
[2024-01-30T16:34:01.999+0000] {processor.py:840} INFO - DAG(s) 'example_sensor_decorator' retrieved from /home/airflow/.local/lib/python3.8/site-packages/airflow/example_dags/example_sensor_decorator.py
[2024-01-30T16:34:02.017+0000] {logging_mixin.py:188} INFO - [2024-01-30T16:34:02.017+0000] {dag.py:3036} INFO - Sync 1 DAGs
[2024-01-30T16:34:02.031+0000] {logging_mixin.py:188} INFO - [2024-01-30T16:34:02.031+0000] {dag.py:3823} INFO - Setting next_dagrun for example_sensor_decorator to None, run_after=None
[2024-01-30T16:34:02.055+0000] {processor.py:183} INFO - Processing /home/airflow/.local/lib/python3.8/site-packages/airflow/example_dags/example_sensor_decorator.py took 0.068 seconds
[2024-01-30T16:34:32.441+0000] {processor.py:161} INFO - Started process (PID=951) to work on /home/airflow/.local/lib/python3.8/site-packages/airflow/example_dags/example_sensor_decorator.py
[2024-01-30T16:34:32.442+0000] {processor.py:830} INFO - Processing file /home/airflow/.local/lib/python3.8/site-packages/airflow/example_dags/example_sensor_decorator.py for tasks to queue
[2024-01-30T16:34:32.443+0000] {logging_mixin.py:188} INFO - [2024-01-30T16:34:32.443+0000] {dagbag.py:538} INFO - Filling up the DagBag from /home/airflow/.local/lib/python3.8/site-packages/airflow/example_dags/example_sensor_decorator.py
[2024-01-30T16:34:32.449+0000] {processor.py:840} INFO - DAG(s) 'example_sensor_decorator' retrieved from /home/airflow/.local/lib/python3.8/site-packages/airflow/example_dags/example_sensor_decorator.py
[2024-01-30T16:34:32.468+0000] {logging_mixin.py:188} INFO - [2024-01-30T16:34:32.468+0000] {dag.py:3036} INFO - Sync 1 DAGs
[2024-01-30T16:34:32.480+0000] {logging_mixin.py:188} INFO - [2024-01-30T16:34:32.480+0000] {dag.py:3823} INFO - Setting next_dagrun for example_sensor_decorator to None, run_after=None
[2024-01-30T16:34:32.499+0000] {processor.py:183} INFO - Processing /home/airflow/.local/lib/python3.8/site-packages/airflow/example_dags/example_sensor_decorator.py took 0.062 seconds
[2024-01-30T16:35:02.775+0000] {processor.py:161} INFO - Started process (PID=1006) to work on /home/airflow/.local/lib/python3.8/site-packages/airflow/example_dags/example_sensor_decorator.py
[2024-01-30T16:35:02.776+0000] {processor.py:830} INFO - Processing file /home/airflow/.local/lib/python3.8/site-packages/airflow/example_dags/example_sensor_decorator.py for tasks to queue
[2024-01-30T16:35:02.778+0000] {logging_mixin.py:188} INFO - [2024-01-30T16:35:02.778+0000] {dagbag.py:538} INFO - Filling up the DagBag from /home/airflow/.local/lib/python3.8/site-packages/airflow/example_dags/example_sensor_decorator.py
[2024-01-30T16:35:02.783+0000] {processor.py:840} INFO - DAG(s) 'example_sensor_decorator' retrieved from /home/airflow/.local/lib/python3.8/site-packages/airflow/example_dags/example_sensor_decorator.py
[2024-01-30T16:35:02.801+0000] {logging_mixin.py:188} INFO - [2024-01-30T16:35:02.801+0000] {dag.py:3036} INFO - Sync 1 DAGs
[2024-01-30T16:35:02.812+0000] {logging_mixin.py:188} INFO - [2024-01-30T16:35:02.812+0000] {dag.py:3823} INFO - Setting next_dagrun for example_sensor_decorator to None, run_after=None
[2024-01-30T16:35:02.831+0000] {processor.py:183} INFO - Processing /home/airflow/.local/lib/python3.8/site-packages/airflow/example_dags/example_sensor_decorator.py took 0.058 seconds
[2024-01-30T16:35:32.947+0000] {processor.py:161} INFO - Started process (PID=1061) to work on /home/airflow/.local/lib/python3.8/site-packages/airflow/example_dags/example_sensor_decorator.py
[2024-01-30T16:35:32.948+0000] {processor.py:830} INFO - Processing file /home/airflow/.local/lib/python3.8/site-packages/airflow/example_dags/example_sensor_decorator.py for tasks to queue
[2024-01-30T16:35:32.950+0000] {logging_mixin.py:188} INFO - [2024-01-30T16:35:32.950+0000] {dagbag.py:538} INFO - Filling up the DagBag from /home/airflow/.local/lib/python3.8/site-packages/airflow/example_dags/example_sensor_decorator.py
[2024-01-30T16:35:32.955+0000] {processor.py:840} INFO - DAG(s) 'example_sensor_decorator' retrieved from /home/airflow/.local/lib/python3.8/site-packages/airflow/example_dags/example_sensor_decorator.py
[2024-01-30T16:35:32.974+0000] {logging_mixin.py:188} INFO - [2024-01-30T16:35:32.974+0000] {dag.py:3036} INFO - Sync 1 DAGs
[2024-01-30T16:35:32.986+0000] {logging_mixin.py:188} INFO - [2024-01-30T16:35:32.986+0000] {dag.py:3823} INFO - Setting next_dagrun for example_sensor_decorator to None, run_after=None
[2024-01-30T16:35:33.006+0000] {processor.py:183} INFO - Processing /home/airflow/.local/lib/python3.8/site-packages/airflow/example_dags/example_sensor_decorator.py took 0.061 seconds
[2024-01-30T16:36:03.088+0000] {processor.py:161} INFO - Started process (PID=1116) to work on /home/airflow/.local/lib/python3.8/site-packages/airflow/example_dags/example_sensor_decorator.py
[2024-01-30T16:36:03.089+0000] {processor.py:830} INFO - Processing file /home/airflow/.local/lib/python3.8/site-packages/airflow/example_dags/example_sensor_decorator.py for tasks to queue
[2024-01-30T16:36:03.091+0000] {logging_mixin.py:188} INFO - [2024-01-30T16:36:03.091+0000] {dagbag.py:538} INFO - Filling up the DagBag from /home/airflow/.local/lib/python3.8/site-packages/airflow/example_dags/example_sensor_decorator.py
[2024-01-30T16:36:03.096+0000] {processor.py:840} INFO - DAG(s) 'example_sensor_decorator' retrieved from /home/airflow/.local/lib/python3.8/site-packages/airflow/example_dags/example_sensor_decorator.py
[2024-01-30T16:36:03.115+0000] {logging_mixin.py:188} INFO - [2024-01-30T16:36:03.115+0000] {dag.py:3036} INFO - Sync 1 DAGs
[2024-01-30T16:36:03.127+0000] {logging_mixin.py:188} INFO - [2024-01-30T16:36:03.127+0000] {dag.py:3823} INFO - Setting next_dagrun for example_sensor_decorator to None, run_after=None
[2024-01-30T16:36:03.148+0000] {processor.py:183} INFO - Processing /home/airflow/.local/lib/python3.8/site-packages/airflow/example_dags/example_sensor_decorator.py took 0.062 seconds
[2024-01-30T16:36:34.122+0000] {processor.py:161} INFO - Started process (PID=1171) to work on /home/airflow/.local/lib/python3.8/site-packages/airflow/example_dags/example_sensor_decorator.py
[2024-01-30T16:36:34.123+0000] {processor.py:830} INFO - Processing file /home/airflow/.local/lib/python3.8/site-packages/airflow/example_dags/example_sensor_decorator.py for tasks to queue
[2024-01-30T16:36:34.125+0000] {logging_mixin.py:188} INFO - [2024-01-30T16:36:34.125+0000] {dagbag.py:538} INFO - Filling up the DagBag from /home/airflow/.local/lib/python3.8/site-packages/airflow/example_dags/example_sensor_decorator.py
[2024-01-30T16:36:34.131+0000] {processor.py:840} INFO - DAG(s) 'example_sensor_decorator' retrieved from /home/airflow/.local/lib/python3.8/site-packages/airflow/example_dags/example_sensor_decorator.py
[2024-01-30T16:36:34.152+0000] {logging_mixin.py:188} INFO - [2024-01-30T16:36:34.152+0000] {dag.py:3036} INFO - Sync 1 DAGs
[2024-01-30T16:36:34.165+0000] {logging_mixin.py:188} INFO - [2024-01-30T16:36:34.165+0000] {dag.py:3823} INFO - Setting next_dagrun for example_sensor_decorator to None, run_after=None
[2024-01-30T16:36:34.189+0000] {processor.py:183} INFO - Processing /home/airflow/.local/lib/python3.8/site-packages/airflow/example_dags/example_sensor_decorator.py took 0.071 seconds
[2024-01-30T16:37:04.247+0000] {processor.py:161} INFO - Started process (PID=1226) to work on /home/airflow/.local/lib/python3.8/site-packages/airflow/example_dags/example_sensor_decorator.py
[2024-01-30T16:37:04.248+0000] {processor.py:830} INFO - Processing file /home/airflow/.local/lib/python3.8/site-packages/airflow/example_dags/example_sensor_decorator.py for tasks to queue
[2024-01-30T16:37:04.250+0000] {logging_mixin.py:188} INFO - [2024-01-30T16:37:04.249+0000] {dagbag.py:538} INFO - Filling up the DagBag from /home/airflow/.local/lib/python3.8/site-packages/airflow/example_dags/example_sensor_decorator.py
[2024-01-30T16:37:04.255+0000] {processor.py:840} INFO - DAG(s) 'example_sensor_decorator' retrieved from /home/airflow/.local/lib/python3.8/site-packages/airflow/example_dags/example_sensor_decorator.py
[2024-01-30T16:37:04.274+0000] {logging_mixin.py:188} INFO - [2024-01-30T16:37:04.274+0000] {dag.py:3036} INFO - Sync 1 DAGs
[2024-01-30T16:37:04.286+0000] {logging_mixin.py:188} INFO - [2024-01-30T16:37:04.286+0000] {dag.py:3823} INFO - Setting next_dagrun for example_sensor_decorator to None, run_after=None
[2024-01-30T16:37:04.306+0000] {processor.py:183} INFO - Processing /home/airflow/.local/lib/python3.8/site-packages/airflow/example_dags/example_sensor_decorator.py took 0.062 seconds
[2024-01-30T16:37:35.080+0000] {processor.py:161} INFO - Started process (PID=1281) to work on /home/airflow/.local/lib/python3.8/site-packages/airflow/example_dags/example_sensor_decorator.py
[2024-01-30T16:37:35.081+0000] {processor.py:830} INFO - Processing file /home/airflow/.local/lib/python3.8/site-packages/airflow/example_dags/example_sensor_decorator.py for tasks to queue
[2024-01-30T16:37:35.083+0000] {logging_mixin.py:188} INFO - [2024-01-30T16:37:35.082+0000] {dagbag.py:538} INFO - Filling up the DagBag from /home/airflow/.local/lib/python3.8/site-packages/airflow/example_dags/example_sensor_decorator.py
[2024-01-30T16:37:35.088+0000] {processor.py:840} INFO - DAG(s) 'example_sensor_decorator' retrieved from /home/airflow/.local/lib/python3.8/site-packages/airflow/example_dags/example_sensor_decorator.py
[2024-01-30T16:37:35.106+0000] {logging_mixin.py:188} INFO - [2024-01-30T16:37:35.106+0000] {dag.py:3036} INFO - Sync 1 DAGs
[2024-01-30T16:37:35.118+0000] {logging_mixin.py:188} INFO - [2024-01-30T16:37:35.118+0000] {dag.py:3823} INFO - Setting next_dagrun for example_sensor_decorator to None, run_after=None
[2024-01-30T16:37:35.138+0000] {processor.py:183} INFO - Processing /home/airflow/.local/lib/python3.8/site-packages/airflow/example_dags/example_sensor_decorator.py took 0.061 seconds
