[2024-01-30T16:16:25.442+0000] {processor.py:161} INFO - Started process (PID=51) to work on /home/airflow/.local/lib/python3.8/site-packages/airflow/example_dags/example_kubernetes_executor.py
[2024-01-30T16:16:25.443+0000] {processor.py:830} INFO - Processing file /home/airflow/.local/lib/python3.8/site-packages/airflow/example_dags/example_kubernetes_executor.py for tasks to queue
[2024-01-30T16:16:25.445+0000] {logging_mixin.py:188} INFO - [2024-01-30T16:16:25.444+0000] {dagbag.py:538} INFO - Filling up the DagBag from /home/airflow/.local/lib/python3.8/site-packages/airflow/example_dags/example_kubernetes_executor.py
[2024-01-30T16:16:25.461+0000] {processor.py:840} INFO - DAG(s) 'example_kubernetes_executor' retrieved from /home/airflow/.local/lib/python3.8/site-packages/airflow/example_dags/example_kubernetes_executor.py
[2024-01-30T16:16:25.472+0000] {logging_mixin.py:188} INFO - [2024-01-30T16:16:25.472+0000] {dag.py:3036} INFO - Sync 1 DAGs
[2024-01-30T16:16:25.485+0000] {logging_mixin.py:188} INFO - [2024-01-30T16:16:25.484+0000] {dag.py:3823} INFO - Setting next_dagrun for example_kubernetes_executor to None, run_after=None
[2024-01-30T16:16:25.503+0000] {processor.py:183} INFO - Processing /home/airflow/.local/lib/python3.8/site-packages/airflow/example_dags/example_kubernetes_executor.py took 0.065 seconds
[2024-01-30T16:16:56.621+0000] {processor.py:161} INFO - Started process (PID=106) to work on /home/airflow/.local/lib/python3.8/site-packages/airflow/example_dags/example_kubernetes_executor.py
[2024-01-30T16:16:56.622+0000] {processor.py:830} INFO - Processing file /home/airflow/.local/lib/python3.8/site-packages/airflow/example_dags/example_kubernetes_executor.py for tasks to queue
[2024-01-30T16:16:56.624+0000] {logging_mixin.py:188} INFO - [2024-01-30T16:16:56.623+0000] {dagbag.py:538} INFO - Filling up the DagBag from /home/airflow/.local/lib/python3.8/site-packages/airflow/example_dags/example_kubernetes_executor.py
[2024-01-30T16:16:56.637+0000] {processor.py:840} INFO - DAG(s) 'example_kubernetes_executor' retrieved from /home/airflow/.local/lib/python3.8/site-packages/airflow/example_dags/example_kubernetes_executor.py
[2024-01-30T16:16:56.750+0000] {logging_mixin.py:188} INFO - [2024-01-30T16:16:56.750+0000] {dag.py:3036} INFO - Sync 1 DAGs
[2024-01-30T16:16:56.768+0000] {logging_mixin.py:188} INFO - [2024-01-30T16:16:56.768+0000] {dag.py:3823} INFO - Setting next_dagrun for example_kubernetes_executor to None, run_after=None
[2024-01-30T16:16:56.811+0000] {processor.py:183} INFO - Processing /home/airflow/.local/lib/python3.8/site-packages/airflow/example_dags/example_kubernetes_executor.py took 0.193 seconds
[2024-01-30T16:17:27.592+0000] {processor.py:161} INFO - Started process (PID=161) to work on /home/airflow/.local/lib/python3.8/site-packages/airflow/example_dags/example_kubernetes_executor.py
[2024-01-30T16:17:27.593+0000] {processor.py:830} INFO - Processing file /home/airflow/.local/lib/python3.8/site-packages/airflow/example_dags/example_kubernetes_executor.py for tasks to queue
[2024-01-30T16:17:27.594+0000] {logging_mixin.py:188} INFO - [2024-01-30T16:17:27.594+0000] {dagbag.py:538} INFO - Filling up the DagBag from /home/airflow/.local/lib/python3.8/site-packages/airflow/example_dags/example_kubernetes_executor.py
[2024-01-30T16:17:27.607+0000] {processor.py:840} INFO - DAG(s) 'example_kubernetes_executor' retrieved from /home/airflow/.local/lib/python3.8/site-packages/airflow/example_dags/example_kubernetes_executor.py
[2024-01-30T16:17:27.643+0000] {logging_mixin.py:188} INFO - [2024-01-30T16:17:27.643+0000] {dag.py:3036} INFO - Sync 1 DAGs
[2024-01-30T16:17:27.655+0000] {logging_mixin.py:188} INFO - [2024-01-30T16:17:27.655+0000] {dag.py:3823} INFO - Setting next_dagrun for example_kubernetes_executor to None, run_after=None
[2024-01-30T16:17:27.672+0000] {processor.py:183} INFO - Processing /home/airflow/.local/lib/python3.8/site-packages/airflow/example_dags/example_kubernetes_executor.py took 0.083 seconds
[2024-01-30T16:17:58.627+0000] {processor.py:161} INFO - Started process (PID=216) to work on /home/airflow/.local/lib/python3.8/site-packages/airflow/example_dags/example_kubernetes_executor.py
[2024-01-30T16:17:58.628+0000] {processor.py:830} INFO - Processing file /home/airflow/.local/lib/python3.8/site-packages/airflow/example_dags/example_kubernetes_executor.py for tasks to queue
[2024-01-30T16:17:58.629+0000] {logging_mixin.py:188} INFO - [2024-01-30T16:17:58.629+0000] {dagbag.py:538} INFO - Filling up the DagBag from /home/airflow/.local/lib/python3.8/site-packages/airflow/example_dags/example_kubernetes_executor.py
[2024-01-30T16:17:58.643+0000] {processor.py:840} INFO - DAG(s) 'example_kubernetes_executor' retrieved from /home/airflow/.local/lib/python3.8/site-packages/airflow/example_dags/example_kubernetes_executor.py
[2024-01-30T16:17:58.679+0000] {logging_mixin.py:188} INFO - [2024-01-30T16:17:58.678+0000] {dag.py:3036} INFO - Sync 1 DAGs
[2024-01-30T16:17:58.689+0000] {logging_mixin.py:188} INFO - [2024-01-30T16:17:58.689+0000] {dag.py:3823} INFO - Setting next_dagrun for example_kubernetes_executor to None, run_after=None
[2024-01-30T16:17:58.707+0000] {processor.py:183} INFO - Processing /home/airflow/.local/lib/python3.8/site-packages/airflow/example_dags/example_kubernetes_executor.py took 0.083 seconds
[2024-01-30T16:18:28.869+0000] {processor.py:161} INFO - Started process (PID=271) to work on /home/airflow/.local/lib/python3.8/site-packages/airflow/example_dags/example_kubernetes_executor.py
[2024-01-30T16:18:28.869+0000] {processor.py:830} INFO - Processing file /home/airflow/.local/lib/python3.8/site-packages/airflow/example_dags/example_kubernetes_executor.py for tasks to queue
[2024-01-30T16:18:28.871+0000] {logging_mixin.py:188} INFO - [2024-01-30T16:18:28.871+0000] {dagbag.py:538} INFO - Filling up the DagBag from /home/airflow/.local/lib/python3.8/site-packages/airflow/example_dags/example_kubernetes_executor.py
[2024-01-30T16:18:28.884+0000] {processor.py:840} INFO - DAG(s) 'example_kubernetes_executor' retrieved from /home/airflow/.local/lib/python3.8/site-packages/airflow/example_dags/example_kubernetes_executor.py
[2024-01-30T16:18:28.920+0000] {logging_mixin.py:188} INFO - [2024-01-30T16:18:28.920+0000] {dag.py:3036} INFO - Sync 1 DAGs
[2024-01-30T16:18:28.931+0000] {logging_mixin.py:188} INFO - [2024-01-30T16:18:28.931+0000] {dag.py:3823} INFO - Setting next_dagrun for example_kubernetes_executor to None, run_after=None
[2024-01-30T16:18:28.949+0000] {processor.py:183} INFO - Processing /home/airflow/.local/lib/python3.8/site-packages/airflow/example_dags/example_kubernetes_executor.py took 0.084 seconds
[2024-01-30T16:18:59.480+0000] {processor.py:161} INFO - Started process (PID=326) to work on /home/airflow/.local/lib/python3.8/site-packages/airflow/example_dags/example_kubernetes_executor.py
[2024-01-30T16:18:59.481+0000] {processor.py:830} INFO - Processing file /home/airflow/.local/lib/python3.8/site-packages/airflow/example_dags/example_kubernetes_executor.py for tasks to queue
[2024-01-30T16:18:59.484+0000] {logging_mixin.py:188} INFO - [2024-01-30T16:18:59.483+0000] {dagbag.py:538} INFO - Filling up the DagBag from /home/airflow/.local/lib/python3.8/site-packages/airflow/example_dags/example_kubernetes_executor.py
[2024-01-30T16:18:59.497+0000] {processor.py:840} INFO - DAG(s) 'example_kubernetes_executor' retrieved from /home/airflow/.local/lib/python3.8/site-packages/airflow/example_dags/example_kubernetes_executor.py
[2024-01-30T16:18:59.534+0000] {logging_mixin.py:188} INFO - [2024-01-30T16:18:59.533+0000] {dag.py:3036} INFO - Sync 1 DAGs
[2024-01-30T16:18:59.545+0000] {logging_mixin.py:188} INFO - [2024-01-30T16:18:59.545+0000] {dag.py:3823} INFO - Setting next_dagrun for example_kubernetes_executor to None, run_after=None
[2024-01-30T16:18:59.563+0000] {processor.py:183} INFO - Processing /home/airflow/.local/lib/python3.8/site-packages/airflow/example_dags/example_kubernetes_executor.py took 0.085 seconds
[2024-01-30T16:19:30.104+0000] {processor.py:161} INFO - Started process (PID=381) to work on /home/airflow/.local/lib/python3.8/site-packages/airflow/example_dags/example_kubernetes_executor.py
[2024-01-30T16:19:30.105+0000] {processor.py:830} INFO - Processing file /home/airflow/.local/lib/python3.8/site-packages/airflow/example_dags/example_kubernetes_executor.py for tasks to queue
[2024-01-30T16:19:30.107+0000] {logging_mixin.py:188} INFO - [2024-01-30T16:19:30.106+0000] {dagbag.py:538} INFO - Filling up the DagBag from /home/airflow/.local/lib/python3.8/site-packages/airflow/example_dags/example_kubernetes_executor.py
[2024-01-30T16:19:30.119+0000] {processor.py:840} INFO - DAG(s) 'example_kubernetes_executor' retrieved from /home/airflow/.local/lib/python3.8/site-packages/airflow/example_dags/example_kubernetes_executor.py
[2024-01-30T16:19:30.154+0000] {logging_mixin.py:188} INFO - [2024-01-30T16:19:30.154+0000] {dag.py:3036} INFO - Sync 1 DAGs
[2024-01-30T16:19:30.165+0000] {logging_mixin.py:188} INFO - [2024-01-30T16:19:30.165+0000] {dag.py:3823} INFO - Setting next_dagrun for example_kubernetes_executor to None, run_after=None
[2024-01-30T16:19:30.183+0000] {processor.py:183} INFO - Processing /home/airflow/.local/lib/python3.8/site-packages/airflow/example_dags/example_kubernetes_executor.py took 0.082 seconds
[2024-01-30T16:20:00.699+0000] {processor.py:161} INFO - Started process (PID=436) to work on /home/airflow/.local/lib/python3.8/site-packages/airflow/example_dags/example_kubernetes_executor.py
[2024-01-30T16:20:00.700+0000] {processor.py:830} INFO - Processing file /home/airflow/.local/lib/python3.8/site-packages/airflow/example_dags/example_kubernetes_executor.py for tasks to queue
[2024-01-30T16:20:00.701+0000] {logging_mixin.py:188} INFO - [2024-01-30T16:20:00.701+0000] {dagbag.py:538} INFO - Filling up the DagBag from /home/airflow/.local/lib/python3.8/site-packages/airflow/example_dags/example_kubernetes_executor.py
[2024-01-30T16:20:00.714+0000] {processor.py:840} INFO - DAG(s) 'example_kubernetes_executor' retrieved from /home/airflow/.local/lib/python3.8/site-packages/airflow/example_dags/example_kubernetes_executor.py
[2024-01-30T16:20:00.750+0000] {logging_mixin.py:188} INFO - [2024-01-30T16:20:00.750+0000] {dag.py:3036} INFO - Sync 1 DAGs
[2024-01-30T16:20:00.761+0000] {logging_mixin.py:188} INFO - [2024-01-30T16:20:00.761+0000] {dag.py:3823} INFO - Setting next_dagrun for example_kubernetes_executor to None, run_after=None
[2024-01-30T16:20:00.780+0000] {processor.py:183} INFO - Processing /home/airflow/.local/lib/python3.8/site-packages/airflow/example_dags/example_kubernetes_executor.py took 0.084 seconds
[2024-01-30T16:20:31.455+0000] {processor.py:161} INFO - Started process (PID=491) to work on /home/airflow/.local/lib/python3.8/site-packages/airflow/example_dags/example_kubernetes_executor.py
[2024-01-30T16:20:31.456+0000] {processor.py:830} INFO - Processing file /home/airflow/.local/lib/python3.8/site-packages/airflow/example_dags/example_kubernetes_executor.py for tasks to queue
[2024-01-30T16:20:31.458+0000] {logging_mixin.py:188} INFO - [2024-01-30T16:20:31.458+0000] {dagbag.py:538} INFO - Filling up the DagBag from /home/airflow/.local/lib/python3.8/site-packages/airflow/example_dags/example_kubernetes_executor.py
[2024-01-30T16:20:31.471+0000] {processor.py:840} INFO - DAG(s) 'example_kubernetes_executor' retrieved from /home/airflow/.local/lib/python3.8/site-packages/airflow/example_dags/example_kubernetes_executor.py
[2024-01-30T16:20:31.507+0000] {logging_mixin.py:188} INFO - [2024-01-30T16:20:31.507+0000] {dag.py:3036} INFO - Sync 1 DAGs
[2024-01-30T16:20:31.518+0000] {logging_mixin.py:188} INFO - [2024-01-30T16:20:31.518+0000] {dag.py:3823} INFO - Setting next_dagrun for example_kubernetes_executor to None, run_after=None
[2024-01-30T16:20:31.536+0000] {processor.py:183} INFO - Processing /home/airflow/.local/lib/python3.8/site-packages/airflow/example_dags/example_kubernetes_executor.py took 0.084 seconds
[2024-01-30T16:21:02.152+0000] {processor.py:161} INFO - Started process (PID=546) to work on /home/airflow/.local/lib/python3.8/site-packages/airflow/example_dags/example_kubernetes_executor.py
[2024-01-30T16:21:02.153+0000] {processor.py:830} INFO - Processing file /home/airflow/.local/lib/python3.8/site-packages/airflow/example_dags/example_kubernetes_executor.py for tasks to queue
[2024-01-30T16:21:02.155+0000] {logging_mixin.py:188} INFO - [2024-01-30T16:21:02.155+0000] {dagbag.py:538} INFO - Filling up the DagBag from /home/airflow/.local/lib/python3.8/site-packages/airflow/example_dags/example_kubernetes_executor.py
[2024-01-30T16:21:02.169+0000] {processor.py:840} INFO - DAG(s) 'example_kubernetes_executor' retrieved from /home/airflow/.local/lib/python3.8/site-packages/airflow/example_dags/example_kubernetes_executor.py
[2024-01-30T16:21:02.213+0000] {logging_mixin.py:188} INFO - [2024-01-30T16:21:02.213+0000] {dag.py:3036} INFO - Sync 1 DAGs
[2024-01-30T16:21:02.225+0000] {logging_mixin.py:188} INFO - [2024-01-30T16:21:02.224+0000] {dag.py:3823} INFO - Setting next_dagrun for example_kubernetes_executor to None, run_after=None
[2024-01-30T16:21:02.247+0000] {processor.py:183} INFO - Processing /home/airflow/.local/lib/python3.8/site-packages/airflow/example_dags/example_kubernetes_executor.py took 0.098 seconds
[2024-01-30T16:21:32.430+0000] {processor.py:161} INFO - Started process (PID=601) to work on /home/airflow/.local/lib/python3.8/site-packages/airflow/example_dags/example_kubernetes_executor.py
[2024-01-30T16:21:32.431+0000] {processor.py:830} INFO - Processing file /home/airflow/.local/lib/python3.8/site-packages/airflow/example_dags/example_kubernetes_executor.py for tasks to queue
[2024-01-30T16:21:32.433+0000] {logging_mixin.py:188} INFO - [2024-01-30T16:21:32.432+0000] {dagbag.py:538} INFO - Filling up the DagBag from /home/airflow/.local/lib/python3.8/site-packages/airflow/example_dags/example_kubernetes_executor.py
[2024-01-30T16:21:32.451+0000] {processor.py:840} INFO - DAG(s) 'example_kubernetes_executor' retrieved from /home/airflow/.local/lib/python3.8/site-packages/airflow/example_dags/example_kubernetes_executor.py
[2024-01-30T16:21:32.490+0000] {logging_mixin.py:188} INFO - [2024-01-30T16:21:32.489+0000] {dag.py:3036} INFO - Sync 1 DAGs
[2024-01-30T16:21:32.500+0000] {logging_mixin.py:188} INFO - [2024-01-30T16:21:32.500+0000] {dag.py:3823} INFO - Setting next_dagrun for example_kubernetes_executor to None, run_after=None
[2024-01-30T16:21:32.519+0000] {processor.py:183} INFO - Processing /home/airflow/.local/lib/python3.8/site-packages/airflow/example_dags/example_kubernetes_executor.py took 0.092 seconds
[2024-01-30T16:22:02.595+0000] {processor.py:161} INFO - Started process (PID=656) to work on /home/airflow/.local/lib/python3.8/site-packages/airflow/example_dags/example_kubernetes_executor.py
[2024-01-30T16:22:02.597+0000] {processor.py:830} INFO - Processing file /home/airflow/.local/lib/python3.8/site-packages/airflow/example_dags/example_kubernetes_executor.py for tasks to queue
[2024-01-30T16:22:02.600+0000] {logging_mixin.py:188} INFO - [2024-01-30T16:22:02.600+0000] {dagbag.py:538} INFO - Filling up the DagBag from /home/airflow/.local/lib/python3.8/site-packages/airflow/example_dags/example_kubernetes_executor.py
[2024-01-30T16:22:02.622+0000] {processor.py:840} INFO - DAG(s) 'example_kubernetes_executor' retrieved from /home/airflow/.local/lib/python3.8/site-packages/airflow/example_dags/example_kubernetes_executor.py
[2024-01-30T16:22:02.666+0000] {logging_mixin.py:188} INFO - [2024-01-30T16:22:02.665+0000] {dag.py:3036} INFO - Sync 1 DAGs
[2024-01-30T16:22:02.677+0000] {logging_mixin.py:188} INFO - [2024-01-30T16:22:02.677+0000] {dag.py:3823} INFO - Setting next_dagrun for example_kubernetes_executor to None, run_after=None
[2024-01-30T16:22:02.695+0000] {processor.py:183} INFO - Processing /home/airflow/.local/lib/python3.8/site-packages/airflow/example_dags/example_kubernetes_executor.py took 0.105 seconds
[2024-01-30T16:22:32.721+0000] {processor.py:161} INFO - Started process (PID=710) to work on /home/airflow/.local/lib/python3.8/site-packages/airflow/example_dags/example_kubernetes_executor.py
[2024-01-30T16:22:32.722+0000] {processor.py:830} INFO - Processing file /home/airflow/.local/lib/python3.8/site-packages/airflow/example_dags/example_kubernetes_executor.py for tasks to queue
[2024-01-30T16:22:32.724+0000] {logging_mixin.py:188} INFO - [2024-01-30T16:22:32.724+0000] {dagbag.py:538} INFO - Filling up the DagBag from /home/airflow/.local/lib/python3.8/site-packages/airflow/example_dags/example_kubernetes_executor.py
[2024-01-30T16:22:32.737+0000] {processor.py:840} INFO - DAG(s) 'example_kubernetes_executor' retrieved from /home/airflow/.local/lib/python3.8/site-packages/airflow/example_dags/example_kubernetes_executor.py
[2024-01-30T16:22:32.773+0000] {logging_mixin.py:188} INFO - [2024-01-30T16:22:32.773+0000] {dag.py:3036} INFO - Sync 1 DAGs
[2024-01-30T16:22:32.784+0000] {logging_mixin.py:188} INFO - [2024-01-30T16:22:32.784+0000] {dag.py:3823} INFO - Setting next_dagrun for example_kubernetes_executor to None, run_after=None
[2024-01-30T16:22:32.801+0000] {processor.py:183} INFO - Processing /home/airflow/.local/lib/python3.8/site-packages/airflow/example_dags/example_kubernetes_executor.py took 0.083 seconds
[2024-01-30T16:23:02.961+0000] {processor.py:161} INFO - Started process (PID=765) to work on /home/airflow/.local/lib/python3.8/site-packages/airflow/example_dags/example_kubernetes_executor.py
[2024-01-30T16:23:02.962+0000] {processor.py:830} INFO - Processing file /home/airflow/.local/lib/python3.8/site-packages/airflow/example_dags/example_kubernetes_executor.py for tasks to queue
[2024-01-30T16:23:02.964+0000] {logging_mixin.py:188} INFO - [2024-01-30T16:23:02.964+0000] {dagbag.py:538} INFO - Filling up the DagBag from /home/airflow/.local/lib/python3.8/site-packages/airflow/example_dags/example_kubernetes_executor.py
[2024-01-30T16:23:02.977+0000] {processor.py:840} INFO - DAG(s) 'example_kubernetes_executor' retrieved from /home/airflow/.local/lib/python3.8/site-packages/airflow/example_dags/example_kubernetes_executor.py
[2024-01-30T16:23:03.013+0000] {logging_mixin.py:188} INFO - [2024-01-30T16:23:03.012+0000] {dag.py:3036} INFO - Sync 1 DAGs
[2024-01-30T16:23:03.032+0000] {logging_mixin.py:188} INFO - [2024-01-30T16:23:03.032+0000] {dag.py:3823} INFO - Setting next_dagrun for example_kubernetes_executor to None, run_after=None
[2024-01-30T16:23:03.053+0000] {processor.py:183} INFO - Processing /home/airflow/.local/lib/python3.8/site-packages/airflow/example_dags/example_kubernetes_executor.py took 0.095 seconds
[2024-01-30T16:23:33.725+0000] {processor.py:161} INFO - Started process (PID=821) to work on /home/airflow/.local/lib/python3.8/site-packages/airflow/example_dags/example_kubernetes_executor.py
[2024-01-30T16:23:33.727+0000] {processor.py:830} INFO - Processing file /home/airflow/.local/lib/python3.8/site-packages/airflow/example_dags/example_kubernetes_executor.py for tasks to queue
[2024-01-30T16:23:33.730+0000] {logging_mixin.py:188} INFO - [2024-01-30T16:23:33.730+0000] {dagbag.py:538} INFO - Filling up the DagBag from /home/airflow/.local/lib/python3.8/site-packages/airflow/example_dags/example_kubernetes_executor.py
[2024-01-30T16:23:33.749+0000] {processor.py:840} INFO - DAG(s) 'example_kubernetes_executor' retrieved from /home/airflow/.local/lib/python3.8/site-packages/airflow/example_dags/example_kubernetes_executor.py
[2024-01-30T16:23:33.794+0000] {logging_mixin.py:188} INFO - [2024-01-30T16:23:33.794+0000] {dag.py:3036} INFO - Sync 1 DAGs
[2024-01-30T16:23:33.807+0000] {logging_mixin.py:188} INFO - [2024-01-30T16:23:33.807+0000] {dag.py:3823} INFO - Setting next_dagrun for example_kubernetes_executor to None, run_after=None
[2024-01-30T16:23:33.828+0000] {processor.py:183} INFO - Processing /home/airflow/.local/lib/python3.8/site-packages/airflow/example_dags/example_kubernetes_executor.py took 0.108 seconds
[2024-01-30T16:24:42.123+0000] {processor.py:161} INFO - Started process (PID=51) to work on /home/airflow/.local/lib/python3.8/site-packages/airflow/example_dags/example_kubernetes_executor.py
[2024-01-30T16:24:42.124+0000] {processor.py:830} INFO - Processing file /home/airflow/.local/lib/python3.8/site-packages/airflow/example_dags/example_kubernetes_executor.py for tasks to queue
[2024-01-30T16:24:42.126+0000] {logging_mixin.py:188} INFO - [2024-01-30T16:24:42.126+0000] {dagbag.py:538} INFO - Filling up the DagBag from /home/airflow/.local/lib/python3.8/site-packages/airflow/example_dags/example_kubernetes_executor.py
[2024-01-30T16:24:42.142+0000] {processor.py:840} INFO - DAG(s) 'example_kubernetes_executor' retrieved from /home/airflow/.local/lib/python3.8/site-packages/airflow/example_dags/example_kubernetes_executor.py
[2024-01-30T16:24:42.153+0000] {logging_mixin.py:188} INFO - [2024-01-30T16:24:42.153+0000] {dag.py:3036} INFO - Sync 1 DAGs
[2024-01-30T16:24:42.166+0000] {logging_mixin.py:188} INFO - [2024-01-30T16:24:42.166+0000] {dag.py:3823} INFO - Setting next_dagrun for example_kubernetes_executor to None, run_after=None
[2024-01-30T16:24:42.184+0000] {processor.py:183} INFO - Processing /home/airflow/.local/lib/python3.8/site-packages/airflow/example_dags/example_kubernetes_executor.py took 0.064 seconds
[2024-01-30T16:25:13.076+0000] {processor.py:161} INFO - Started process (PID=106) to work on /home/airflow/.local/lib/python3.8/site-packages/airflow/example_dags/example_kubernetes_executor.py
[2024-01-30T16:25:13.078+0000] {processor.py:830} INFO - Processing file /home/airflow/.local/lib/python3.8/site-packages/airflow/example_dags/example_kubernetes_executor.py for tasks to queue
[2024-01-30T16:25:13.079+0000] {logging_mixin.py:188} INFO - [2024-01-30T16:25:13.079+0000] {dagbag.py:538} INFO - Filling up the DagBag from /home/airflow/.local/lib/python3.8/site-packages/airflow/example_dags/example_kubernetes_executor.py
[2024-01-30T16:25:13.092+0000] {processor.py:840} INFO - DAG(s) 'example_kubernetes_executor' retrieved from /home/airflow/.local/lib/python3.8/site-packages/airflow/example_dags/example_kubernetes_executor.py
[2024-01-30T16:25:13.203+0000] {logging_mixin.py:188} INFO - [2024-01-30T16:25:13.202+0000] {dag.py:3036} INFO - Sync 1 DAGs
[2024-01-30T16:25:13.213+0000] {logging_mixin.py:188} INFO - [2024-01-30T16:25:13.212+0000] {dag.py:3823} INFO - Setting next_dagrun for example_kubernetes_executor to None, run_after=None
[2024-01-30T16:25:13.231+0000] {processor.py:183} INFO - Processing /home/airflow/.local/lib/python3.8/site-packages/airflow/example_dags/example_kubernetes_executor.py took 0.158 seconds
[2024-01-30T16:26:20.848+0000] {processor.py:161} INFO - Started process (PID=51) to work on /home/airflow/.local/lib/python3.8/site-packages/airflow/example_dags/example_kubernetes_executor.py
[2024-01-30T16:26:20.849+0000] {processor.py:830} INFO - Processing file /home/airflow/.local/lib/python3.8/site-packages/airflow/example_dags/example_kubernetes_executor.py for tasks to queue
[2024-01-30T16:26:20.851+0000] {logging_mixin.py:188} INFO - [2024-01-30T16:26:20.851+0000] {dagbag.py:538} INFO - Filling up the DagBag from /home/airflow/.local/lib/python3.8/site-packages/airflow/example_dags/example_kubernetes_executor.py
[2024-01-30T16:26:20.870+0000] {processor.py:840} INFO - DAG(s) 'example_kubernetes_executor' retrieved from /home/airflow/.local/lib/python3.8/site-packages/airflow/example_dags/example_kubernetes_executor.py
[2024-01-30T16:26:20.885+0000] {logging_mixin.py:188} INFO - [2024-01-30T16:26:20.885+0000] {dag.py:3036} INFO - Sync 1 DAGs
[2024-01-30T16:26:20.902+0000] {logging_mixin.py:188} INFO - [2024-01-30T16:26:20.901+0000] {dag.py:3823} INFO - Setting next_dagrun for example_kubernetes_executor to None, run_after=None
[2024-01-30T16:26:20.926+0000] {processor.py:183} INFO - Processing /home/airflow/.local/lib/python3.8/site-packages/airflow/example_dags/example_kubernetes_executor.py took 0.081 seconds
[2024-01-30T16:26:51.764+0000] {processor.py:161} INFO - Started process (PID=106) to work on /home/airflow/.local/lib/python3.8/site-packages/airflow/example_dags/example_kubernetes_executor.py
[2024-01-30T16:26:51.765+0000] {processor.py:830} INFO - Processing file /home/airflow/.local/lib/python3.8/site-packages/airflow/example_dags/example_kubernetes_executor.py for tasks to queue
[2024-01-30T16:26:51.767+0000] {logging_mixin.py:188} INFO - [2024-01-30T16:26:51.767+0000] {dagbag.py:538} INFO - Filling up the DagBag from /home/airflow/.local/lib/python3.8/site-packages/airflow/example_dags/example_kubernetes_executor.py
[2024-01-30T16:26:51.780+0000] {processor.py:840} INFO - DAG(s) 'example_kubernetes_executor' retrieved from /home/airflow/.local/lib/python3.8/site-packages/airflow/example_dags/example_kubernetes_executor.py
[2024-01-30T16:26:51.887+0000] {logging_mixin.py:188} INFO - [2024-01-30T16:26:51.887+0000] {dag.py:3036} INFO - Sync 1 DAGs
[2024-01-30T16:26:51.897+0000] {logging_mixin.py:188} INFO - [2024-01-30T16:26:51.897+0000] {dag.py:3823} INFO - Setting next_dagrun for example_kubernetes_executor to None, run_after=None
[2024-01-30T16:26:51.915+0000] {processor.py:183} INFO - Processing /home/airflow/.local/lib/python3.8/site-packages/airflow/example_dags/example_kubernetes_executor.py took 0.153 seconds
[2024-01-30T16:27:22.028+0000] {processor.py:161} INFO - Started process (PID=161) to work on /home/airflow/.local/lib/python3.8/site-packages/airflow/example_dags/example_kubernetes_executor.py
[2024-01-30T16:27:22.029+0000] {processor.py:830} INFO - Processing file /home/airflow/.local/lib/python3.8/site-packages/airflow/example_dags/example_kubernetes_executor.py for tasks to queue
[2024-01-30T16:27:22.031+0000] {logging_mixin.py:188} INFO - [2024-01-30T16:27:22.031+0000] {dagbag.py:538} INFO - Filling up the DagBag from /home/airflow/.local/lib/python3.8/site-packages/airflow/example_dags/example_kubernetes_executor.py
[2024-01-30T16:27:22.043+0000] {processor.py:840} INFO - DAG(s) 'example_kubernetes_executor' retrieved from /home/airflow/.local/lib/python3.8/site-packages/airflow/example_dags/example_kubernetes_executor.py
[2024-01-30T16:27:22.079+0000] {logging_mixin.py:188} INFO - [2024-01-30T16:27:22.079+0000] {dag.py:3036} INFO - Sync 1 DAGs
[2024-01-30T16:27:22.090+0000] {logging_mixin.py:188} INFO - [2024-01-30T16:27:22.090+0000] {dag.py:3823} INFO - Setting next_dagrun for example_kubernetes_executor to None, run_after=None
[2024-01-30T16:27:22.109+0000] {processor.py:183} INFO - Processing /home/airflow/.local/lib/python3.8/site-packages/airflow/example_dags/example_kubernetes_executor.py took 0.084 seconds
[2024-01-30T16:27:52.208+0000] {processor.py:161} INFO - Started process (PID=216) to work on /home/airflow/.local/lib/python3.8/site-packages/airflow/example_dags/example_kubernetes_executor.py
[2024-01-30T16:27:52.209+0000] {processor.py:830} INFO - Processing file /home/airflow/.local/lib/python3.8/site-packages/airflow/example_dags/example_kubernetes_executor.py for tasks to queue
[2024-01-30T16:27:52.210+0000] {logging_mixin.py:188} INFO - [2024-01-30T16:27:52.210+0000] {dagbag.py:538} INFO - Filling up the DagBag from /home/airflow/.local/lib/python3.8/site-packages/airflow/example_dags/example_kubernetes_executor.py
[2024-01-30T16:27:52.223+0000] {processor.py:840} INFO - DAG(s) 'example_kubernetes_executor' retrieved from /home/airflow/.local/lib/python3.8/site-packages/airflow/example_dags/example_kubernetes_executor.py
[2024-01-30T16:27:52.259+0000] {logging_mixin.py:188} INFO - [2024-01-30T16:27:52.259+0000] {dag.py:3036} INFO - Sync 1 DAGs
[2024-01-30T16:27:52.270+0000] {logging_mixin.py:188} INFO - [2024-01-30T16:27:52.270+0000] {dag.py:3823} INFO - Setting next_dagrun for example_kubernetes_executor to None, run_after=None
[2024-01-30T16:27:52.288+0000] {processor.py:183} INFO - Processing /home/airflow/.local/lib/python3.8/site-packages/airflow/example_dags/example_kubernetes_executor.py took 0.083 seconds
[2024-01-30T16:28:22.829+0000] {processor.py:161} INFO - Started process (PID=271) to work on /home/airflow/.local/lib/python3.8/site-packages/airflow/example_dags/example_kubernetes_executor.py
[2024-01-30T16:28:22.830+0000] {processor.py:830} INFO - Processing file /home/airflow/.local/lib/python3.8/site-packages/airflow/example_dags/example_kubernetes_executor.py for tasks to queue
[2024-01-30T16:28:22.832+0000] {logging_mixin.py:188} INFO - [2024-01-30T16:28:22.832+0000] {dagbag.py:538} INFO - Filling up the DagBag from /home/airflow/.local/lib/python3.8/site-packages/airflow/example_dags/example_kubernetes_executor.py
[2024-01-30T16:28:22.845+0000] {processor.py:840} INFO - DAG(s) 'example_kubernetes_executor' retrieved from /home/airflow/.local/lib/python3.8/site-packages/airflow/example_dags/example_kubernetes_executor.py
[2024-01-30T16:28:22.882+0000] {logging_mixin.py:188} INFO - [2024-01-30T16:28:22.882+0000] {dag.py:3036} INFO - Sync 1 DAGs
[2024-01-30T16:28:22.893+0000] {logging_mixin.py:188} INFO - [2024-01-30T16:28:22.893+0000] {dag.py:3823} INFO - Setting next_dagrun for example_kubernetes_executor to None, run_after=None
[2024-01-30T16:28:22.914+0000] {processor.py:183} INFO - Processing /home/airflow/.local/lib/python3.8/site-packages/airflow/example_dags/example_kubernetes_executor.py took 0.087 seconds
[2024-01-30T16:28:53.525+0000] {processor.py:161} INFO - Started process (PID=326) to work on /home/airflow/.local/lib/python3.8/site-packages/airflow/example_dags/example_kubernetes_executor.py
[2024-01-30T16:28:53.526+0000] {processor.py:830} INFO - Processing file /home/airflow/.local/lib/python3.8/site-packages/airflow/example_dags/example_kubernetes_executor.py for tasks to queue
[2024-01-30T16:28:53.528+0000] {logging_mixin.py:188} INFO - [2024-01-30T16:28:53.528+0000] {dagbag.py:538} INFO - Filling up the DagBag from /home/airflow/.local/lib/python3.8/site-packages/airflow/example_dags/example_kubernetes_executor.py
[2024-01-30T16:28:53.543+0000] {processor.py:840} INFO - DAG(s) 'example_kubernetes_executor' retrieved from /home/airflow/.local/lib/python3.8/site-packages/airflow/example_dags/example_kubernetes_executor.py
[2024-01-30T16:28:53.583+0000] {logging_mixin.py:188} INFO - [2024-01-30T16:28:53.582+0000] {dag.py:3036} INFO - Sync 1 DAGs
[2024-01-30T16:28:53.595+0000] {logging_mixin.py:188} INFO - [2024-01-30T16:28:53.594+0000] {dag.py:3823} INFO - Setting next_dagrun for example_kubernetes_executor to None, run_after=None
[2024-01-30T16:28:53.614+0000] {processor.py:183} INFO - Processing /home/airflow/.local/lib/python3.8/site-packages/airflow/example_dags/example_kubernetes_executor.py took 0.092 seconds
[2024-01-30T16:29:24.205+0000] {processor.py:161} INFO - Started process (PID=381) to work on /home/airflow/.local/lib/python3.8/site-packages/airflow/example_dags/example_kubernetes_executor.py
[2024-01-30T16:29:24.206+0000] {processor.py:830} INFO - Processing file /home/airflow/.local/lib/python3.8/site-packages/airflow/example_dags/example_kubernetes_executor.py for tasks to queue
[2024-01-30T16:29:24.208+0000] {logging_mixin.py:188} INFO - [2024-01-30T16:29:24.207+0000] {dagbag.py:538} INFO - Filling up the DagBag from /home/airflow/.local/lib/python3.8/site-packages/airflow/example_dags/example_kubernetes_executor.py
[2024-01-30T16:29:24.221+0000] {processor.py:840} INFO - DAG(s) 'example_kubernetes_executor' retrieved from /home/airflow/.local/lib/python3.8/site-packages/airflow/example_dags/example_kubernetes_executor.py
[2024-01-30T16:29:24.256+0000] {logging_mixin.py:188} INFO - [2024-01-30T16:29:24.256+0000] {dag.py:3036} INFO - Sync 1 DAGs
[2024-01-30T16:29:24.268+0000] {logging_mixin.py:188} INFO - [2024-01-30T16:29:24.268+0000] {dag.py:3823} INFO - Setting next_dagrun for example_kubernetes_executor to None, run_after=None
[2024-01-30T16:29:24.287+0000] {processor.py:183} INFO - Processing /home/airflow/.local/lib/python3.8/site-packages/airflow/example_dags/example_kubernetes_executor.py took 0.085 seconds
[2024-01-30T16:29:54.864+0000] {processor.py:161} INFO - Started process (PID=436) to work on /home/airflow/.local/lib/python3.8/site-packages/airflow/example_dags/example_kubernetes_executor.py
[2024-01-30T16:29:54.865+0000] {processor.py:830} INFO - Processing file /home/airflow/.local/lib/python3.8/site-packages/airflow/example_dags/example_kubernetes_executor.py for tasks to queue
[2024-01-30T16:29:54.867+0000] {logging_mixin.py:188} INFO - [2024-01-30T16:29:54.867+0000] {dagbag.py:538} INFO - Filling up the DagBag from /home/airflow/.local/lib/python3.8/site-packages/airflow/example_dags/example_kubernetes_executor.py
[2024-01-30T16:29:54.881+0000] {processor.py:840} INFO - DAG(s) 'example_kubernetes_executor' retrieved from /home/airflow/.local/lib/python3.8/site-packages/airflow/example_dags/example_kubernetes_executor.py
[2024-01-30T16:29:54.919+0000] {logging_mixin.py:188} INFO - [2024-01-30T16:29:54.919+0000] {dag.py:3036} INFO - Sync 1 DAGs
[2024-01-30T16:29:54.934+0000] {logging_mixin.py:188} INFO - [2024-01-30T16:29:54.933+0000] {dag.py:3823} INFO - Setting next_dagrun for example_kubernetes_executor to None, run_after=None
[2024-01-30T16:29:54.954+0000] {processor.py:183} INFO - Processing /home/airflow/.local/lib/python3.8/site-packages/airflow/example_dags/example_kubernetes_executor.py took 0.093 seconds
[2024-01-30T16:30:25.698+0000] {processor.py:161} INFO - Started process (PID=491) to work on /home/airflow/.local/lib/python3.8/site-packages/airflow/example_dags/example_kubernetes_executor.py
[2024-01-30T16:30:25.699+0000] {processor.py:830} INFO - Processing file /home/airflow/.local/lib/python3.8/site-packages/airflow/example_dags/example_kubernetes_executor.py for tasks to queue
[2024-01-30T16:30:25.701+0000] {logging_mixin.py:188} INFO - [2024-01-30T16:30:25.701+0000] {dagbag.py:538} INFO - Filling up the DagBag from /home/airflow/.local/lib/python3.8/site-packages/airflow/example_dags/example_kubernetes_executor.py
[2024-01-30T16:30:25.714+0000] {processor.py:840} INFO - DAG(s) 'example_kubernetes_executor' retrieved from /home/airflow/.local/lib/python3.8/site-packages/airflow/example_dags/example_kubernetes_executor.py
[2024-01-30T16:30:25.751+0000] {logging_mixin.py:188} INFO - [2024-01-30T16:30:25.750+0000] {dag.py:3036} INFO - Sync 1 DAGs
[2024-01-30T16:30:25.762+0000] {logging_mixin.py:188} INFO - [2024-01-30T16:30:25.761+0000] {dag.py:3823} INFO - Setting next_dagrun for example_kubernetes_executor to None, run_after=None
[2024-01-30T16:30:25.783+0000] {processor.py:183} INFO - Processing /home/airflow/.local/lib/python3.8/site-packages/airflow/example_dags/example_kubernetes_executor.py took 0.087 seconds
[2024-01-30T16:30:55.937+0000] {processor.py:161} INFO - Started process (PID=546) to work on /home/airflow/.local/lib/python3.8/site-packages/airflow/example_dags/example_kubernetes_executor.py
[2024-01-30T16:30:55.938+0000] {processor.py:830} INFO - Processing file /home/airflow/.local/lib/python3.8/site-packages/airflow/example_dags/example_kubernetes_executor.py for tasks to queue
[2024-01-30T16:30:55.940+0000] {logging_mixin.py:188} INFO - [2024-01-30T16:30:55.940+0000] {dagbag.py:538} INFO - Filling up the DagBag from /home/airflow/.local/lib/python3.8/site-packages/airflow/example_dags/example_kubernetes_executor.py
[2024-01-30T16:30:55.959+0000] {processor.py:840} INFO - DAG(s) 'example_kubernetes_executor' retrieved from /home/airflow/.local/lib/python3.8/site-packages/airflow/example_dags/example_kubernetes_executor.py
[2024-01-30T16:30:56.011+0000] {logging_mixin.py:188} INFO - [2024-01-30T16:30:56.011+0000] {dag.py:3036} INFO - Sync 1 DAGs
[2024-01-30T16:30:56.028+0000] {logging_mixin.py:188} INFO - [2024-01-30T16:30:56.027+0000] {dag.py:3823} INFO - Setting next_dagrun for example_kubernetes_executor to None, run_after=None
[2024-01-30T16:30:56.060+0000] {processor.py:183} INFO - Processing /home/airflow/.local/lib/python3.8/site-packages/airflow/example_dags/example_kubernetes_executor.py took 0.128 seconds
[2024-01-30T16:31:26.353+0000] {processor.py:161} INFO - Started process (PID=601) to work on /home/airflow/.local/lib/python3.8/site-packages/airflow/example_dags/example_kubernetes_executor.py
[2024-01-30T16:31:26.354+0000] {processor.py:830} INFO - Processing file /home/airflow/.local/lib/python3.8/site-packages/airflow/example_dags/example_kubernetes_executor.py for tasks to queue
[2024-01-30T16:31:26.356+0000] {logging_mixin.py:188} INFO - [2024-01-30T16:31:26.356+0000] {dagbag.py:538} INFO - Filling up the DagBag from /home/airflow/.local/lib/python3.8/site-packages/airflow/example_dags/example_kubernetes_executor.py
[2024-01-30T16:31:26.371+0000] {processor.py:840} INFO - DAG(s) 'example_kubernetes_executor' retrieved from /home/airflow/.local/lib/python3.8/site-packages/airflow/example_dags/example_kubernetes_executor.py
[2024-01-30T16:31:26.409+0000] {logging_mixin.py:188} INFO - [2024-01-30T16:31:26.409+0000] {dag.py:3036} INFO - Sync 1 DAGs
[2024-01-30T16:31:26.420+0000] {logging_mixin.py:188} INFO - [2024-01-30T16:31:26.420+0000] {dag.py:3823} INFO - Setting next_dagrun for example_kubernetes_executor to None, run_after=None
[2024-01-30T16:31:26.439+0000] {processor.py:183} INFO - Processing /home/airflow/.local/lib/python3.8/site-packages/airflow/example_dags/example_kubernetes_executor.py took 0.089 seconds
[2024-01-30T16:31:56.675+0000] {processor.py:161} INFO - Started process (PID=656) to work on /home/airflow/.local/lib/python3.8/site-packages/airflow/example_dags/example_kubernetes_executor.py
[2024-01-30T16:31:56.676+0000] {processor.py:830} INFO - Processing file /home/airflow/.local/lib/python3.8/site-packages/airflow/example_dags/example_kubernetes_executor.py for tasks to queue
[2024-01-30T16:31:56.678+0000] {logging_mixin.py:188} INFO - [2024-01-30T16:31:56.677+0000] {dagbag.py:538} INFO - Filling up the DagBag from /home/airflow/.local/lib/python3.8/site-packages/airflow/example_dags/example_kubernetes_executor.py
[2024-01-30T16:31:56.690+0000] {processor.py:840} INFO - DAG(s) 'example_kubernetes_executor' retrieved from /home/airflow/.local/lib/python3.8/site-packages/airflow/example_dags/example_kubernetes_executor.py
[2024-01-30T16:31:56.727+0000] {logging_mixin.py:188} INFO - [2024-01-30T16:31:56.726+0000] {dag.py:3036} INFO - Sync 1 DAGs
[2024-01-30T16:31:56.738+0000] {logging_mixin.py:188} INFO - [2024-01-30T16:31:56.737+0000] {dag.py:3823} INFO - Setting next_dagrun for example_kubernetes_executor to None, run_after=None
[2024-01-30T16:31:56.756+0000] {processor.py:183} INFO - Processing /home/airflow/.local/lib/python3.8/site-packages/airflow/example_dags/example_kubernetes_executor.py took 0.084 seconds
[2024-01-30T16:32:26.870+0000] {processor.py:161} INFO - Started process (PID=711) to work on /home/airflow/.local/lib/python3.8/site-packages/airflow/example_dags/example_kubernetes_executor.py
[2024-01-30T16:32:26.871+0000] {processor.py:830} INFO - Processing file /home/airflow/.local/lib/python3.8/site-packages/airflow/example_dags/example_kubernetes_executor.py for tasks to queue
[2024-01-30T16:32:26.873+0000] {logging_mixin.py:188} INFO - [2024-01-30T16:32:26.873+0000] {dagbag.py:538} INFO - Filling up the DagBag from /home/airflow/.local/lib/python3.8/site-packages/airflow/example_dags/example_kubernetes_executor.py
[2024-01-30T16:32:26.886+0000] {processor.py:840} INFO - DAG(s) 'example_kubernetes_executor' retrieved from /home/airflow/.local/lib/python3.8/site-packages/airflow/example_dags/example_kubernetes_executor.py
[2024-01-30T16:32:26.921+0000] {logging_mixin.py:188} INFO - [2024-01-30T16:32:26.921+0000] {dag.py:3036} INFO - Sync 1 DAGs
[2024-01-30T16:32:26.932+0000] {logging_mixin.py:188} INFO - [2024-01-30T16:32:26.932+0000] {dag.py:3823} INFO - Setting next_dagrun for example_kubernetes_executor to None, run_after=None
[2024-01-30T16:32:26.950+0000] {processor.py:183} INFO - Processing /home/airflow/.local/lib/python3.8/site-packages/airflow/example_dags/example_kubernetes_executor.py took 0.083 seconds
[2024-01-30T16:32:57.183+0000] {processor.py:161} INFO - Started process (PID=766) to work on /home/airflow/.local/lib/python3.8/site-packages/airflow/example_dags/example_kubernetes_executor.py
[2024-01-30T16:32:57.184+0000] {processor.py:830} INFO - Processing file /home/airflow/.local/lib/python3.8/site-packages/airflow/example_dags/example_kubernetes_executor.py for tasks to queue
[2024-01-30T16:32:57.186+0000] {logging_mixin.py:188} INFO - [2024-01-30T16:32:57.186+0000] {dagbag.py:538} INFO - Filling up the DagBag from /home/airflow/.local/lib/python3.8/site-packages/airflow/example_dags/example_kubernetes_executor.py
[2024-01-30T16:32:57.200+0000] {processor.py:840} INFO - DAG(s) 'example_kubernetes_executor' retrieved from /home/airflow/.local/lib/python3.8/site-packages/airflow/example_dags/example_kubernetes_executor.py
[2024-01-30T16:32:57.236+0000] {logging_mixin.py:188} INFO - [2024-01-30T16:32:57.236+0000] {dag.py:3036} INFO - Sync 1 DAGs
[2024-01-30T16:32:57.247+0000] {logging_mixin.py:188} INFO - [2024-01-30T16:32:57.247+0000] {dag.py:3823} INFO - Setting next_dagrun for example_kubernetes_executor to None, run_after=None
[2024-01-30T16:32:57.268+0000] {processor.py:183} INFO - Processing /home/airflow/.local/lib/python3.8/site-packages/airflow/example_dags/example_kubernetes_executor.py took 0.087 seconds
[2024-01-30T16:33:27.508+0000] {processor.py:161} INFO - Started process (PID=821) to work on /home/airflow/.local/lib/python3.8/site-packages/airflow/example_dags/example_kubernetes_executor.py
[2024-01-30T16:33:27.509+0000] {processor.py:830} INFO - Processing file /home/airflow/.local/lib/python3.8/site-packages/airflow/example_dags/example_kubernetes_executor.py for tasks to queue
[2024-01-30T16:33:27.511+0000] {logging_mixin.py:188} INFO - [2024-01-30T16:33:27.511+0000] {dagbag.py:538} INFO - Filling up the DagBag from /home/airflow/.local/lib/python3.8/site-packages/airflow/example_dags/example_kubernetes_executor.py
[2024-01-30T16:33:27.525+0000] {processor.py:840} INFO - DAG(s) 'example_kubernetes_executor' retrieved from /home/airflow/.local/lib/python3.8/site-packages/airflow/example_dags/example_kubernetes_executor.py
[2024-01-30T16:33:27.562+0000] {logging_mixin.py:188} INFO - [2024-01-30T16:33:27.562+0000] {dag.py:3036} INFO - Sync 1 DAGs
[2024-01-30T16:33:27.574+0000] {logging_mixin.py:188} INFO - [2024-01-30T16:33:27.574+0000] {dag.py:3823} INFO - Setting next_dagrun for example_kubernetes_executor to None, run_after=None
[2024-01-30T16:33:27.593+0000] {processor.py:183} INFO - Processing /home/airflow/.local/lib/python3.8/site-packages/airflow/example_dags/example_kubernetes_executor.py took 0.087 seconds
[2024-01-30T16:33:57.894+0000] {processor.py:161} INFO - Started process (PID=876) to work on /home/airflow/.local/lib/python3.8/site-packages/airflow/example_dags/example_kubernetes_executor.py
[2024-01-30T16:33:57.895+0000] {processor.py:830} INFO - Processing file /home/airflow/.local/lib/python3.8/site-packages/airflow/example_dags/example_kubernetes_executor.py for tasks to queue
[2024-01-30T16:33:57.896+0000] {logging_mixin.py:188} INFO - [2024-01-30T16:33:57.896+0000] {dagbag.py:538} INFO - Filling up the DagBag from /home/airflow/.local/lib/python3.8/site-packages/airflow/example_dags/example_kubernetes_executor.py
[2024-01-30T16:33:57.909+0000] {processor.py:840} INFO - DAG(s) 'example_kubernetes_executor' retrieved from /home/airflow/.local/lib/python3.8/site-packages/airflow/example_dags/example_kubernetes_executor.py
[2024-01-30T16:33:57.945+0000] {logging_mixin.py:188} INFO - [2024-01-30T16:33:57.944+0000] {dag.py:3036} INFO - Sync 1 DAGs
[2024-01-30T16:33:57.956+0000] {logging_mixin.py:188} INFO - [2024-01-30T16:33:57.955+0000] {dag.py:3823} INFO - Setting next_dagrun for example_kubernetes_executor to None, run_after=None
[2024-01-30T16:33:57.973+0000] {processor.py:183} INFO - Processing /home/airflow/.local/lib/python3.8/site-packages/airflow/example_dags/example_kubernetes_executor.py took 0.083 seconds
[2024-01-30T16:34:28.257+0000] {processor.py:161} INFO - Started process (PID=931) to work on /home/airflow/.local/lib/python3.8/site-packages/airflow/example_dags/example_kubernetes_executor.py
[2024-01-30T16:34:28.258+0000] {processor.py:830} INFO - Processing file /home/airflow/.local/lib/python3.8/site-packages/airflow/example_dags/example_kubernetes_executor.py for tasks to queue
[2024-01-30T16:34:28.261+0000] {logging_mixin.py:188} INFO - [2024-01-30T16:34:28.260+0000] {dagbag.py:538} INFO - Filling up the DagBag from /home/airflow/.local/lib/python3.8/site-packages/airflow/example_dags/example_kubernetes_executor.py
[2024-01-30T16:34:28.276+0000] {processor.py:840} INFO - DAG(s) 'example_kubernetes_executor' retrieved from /home/airflow/.local/lib/python3.8/site-packages/airflow/example_dags/example_kubernetes_executor.py
[2024-01-30T16:34:28.321+0000] {logging_mixin.py:188} INFO - [2024-01-30T16:34:28.320+0000] {dag.py:3036} INFO - Sync 1 DAGs
[2024-01-30T16:34:28.334+0000] {logging_mixin.py:188} INFO - [2024-01-30T16:34:28.334+0000] {dag.py:3823} INFO - Setting next_dagrun for example_kubernetes_executor to None, run_after=None
[2024-01-30T16:34:28.357+0000] {processor.py:183} INFO - Processing /home/airflow/.local/lib/python3.8/site-packages/airflow/example_dags/example_kubernetes_executor.py took 0.103 seconds
[2024-01-30T16:34:58.616+0000] {processor.py:161} INFO - Started process (PID=986) to work on /home/airflow/.local/lib/python3.8/site-packages/airflow/example_dags/example_kubernetes_executor.py
[2024-01-30T16:34:58.617+0000] {processor.py:830} INFO - Processing file /home/airflow/.local/lib/python3.8/site-packages/airflow/example_dags/example_kubernetes_executor.py for tasks to queue
[2024-01-30T16:34:58.619+0000] {logging_mixin.py:188} INFO - [2024-01-30T16:34:58.618+0000] {dagbag.py:538} INFO - Filling up the DagBag from /home/airflow/.local/lib/python3.8/site-packages/airflow/example_dags/example_kubernetes_executor.py
[2024-01-30T16:34:58.631+0000] {processor.py:840} INFO - DAG(s) 'example_kubernetes_executor' retrieved from /home/airflow/.local/lib/python3.8/site-packages/airflow/example_dags/example_kubernetes_executor.py
[2024-01-30T16:34:58.667+0000] {logging_mixin.py:188} INFO - [2024-01-30T16:34:58.667+0000] {dag.py:3036} INFO - Sync 1 DAGs
[2024-01-30T16:34:58.678+0000] {logging_mixin.py:188} INFO - [2024-01-30T16:34:58.678+0000] {dag.py:3823} INFO - Setting next_dagrun for example_kubernetes_executor to None, run_after=None
[2024-01-30T16:34:58.696+0000] {processor.py:183} INFO - Processing /home/airflow/.local/lib/python3.8/site-packages/airflow/example_dags/example_kubernetes_executor.py took 0.083 seconds
[2024-01-30T16:35:28.796+0000] {processor.py:161} INFO - Started process (PID=1041) to work on /home/airflow/.local/lib/python3.8/site-packages/airflow/example_dags/example_kubernetes_executor.py
[2024-01-30T16:35:28.797+0000] {processor.py:830} INFO - Processing file /home/airflow/.local/lib/python3.8/site-packages/airflow/example_dags/example_kubernetes_executor.py for tasks to queue
[2024-01-30T16:35:28.799+0000] {logging_mixin.py:188} INFO - [2024-01-30T16:35:28.799+0000] {dagbag.py:538} INFO - Filling up the DagBag from /home/airflow/.local/lib/python3.8/site-packages/airflow/example_dags/example_kubernetes_executor.py
[2024-01-30T16:35:28.812+0000] {processor.py:840} INFO - DAG(s) 'example_kubernetes_executor' retrieved from /home/airflow/.local/lib/python3.8/site-packages/airflow/example_dags/example_kubernetes_executor.py
[2024-01-30T16:35:28.848+0000] {logging_mixin.py:188} INFO - [2024-01-30T16:35:28.847+0000] {dag.py:3036} INFO - Sync 1 DAGs
[2024-01-30T16:35:28.858+0000] {logging_mixin.py:188} INFO - [2024-01-30T16:35:28.858+0000] {dag.py:3823} INFO - Setting next_dagrun for example_kubernetes_executor to None, run_after=None
[2024-01-30T16:35:28.876+0000] {processor.py:183} INFO - Processing /home/airflow/.local/lib/python3.8/site-packages/airflow/example_dags/example_kubernetes_executor.py took 0.082 seconds
[2024-01-30T16:35:58.957+0000] {processor.py:161} INFO - Started process (PID=1096) to work on /home/airflow/.local/lib/python3.8/site-packages/airflow/example_dags/example_kubernetes_executor.py
[2024-01-30T16:35:58.958+0000] {processor.py:830} INFO - Processing file /home/airflow/.local/lib/python3.8/site-packages/airflow/example_dags/example_kubernetes_executor.py for tasks to queue
[2024-01-30T16:35:58.960+0000] {logging_mixin.py:188} INFO - [2024-01-30T16:35:58.959+0000] {dagbag.py:538} INFO - Filling up the DagBag from /home/airflow/.local/lib/python3.8/site-packages/airflow/example_dags/example_kubernetes_executor.py
[2024-01-30T16:35:58.973+0000] {processor.py:840} INFO - DAG(s) 'example_kubernetes_executor' retrieved from /home/airflow/.local/lib/python3.8/site-packages/airflow/example_dags/example_kubernetes_executor.py
[2024-01-30T16:35:59.010+0000] {logging_mixin.py:188} INFO - [2024-01-30T16:35:59.010+0000] {dag.py:3036} INFO - Sync 1 DAGs
[2024-01-30T16:35:59.020+0000] {logging_mixin.py:188} INFO - [2024-01-30T16:35:59.020+0000] {dag.py:3823} INFO - Setting next_dagrun for example_kubernetes_executor to None, run_after=None
[2024-01-30T16:35:59.040+0000] {processor.py:183} INFO - Processing /home/airflow/.local/lib/python3.8/site-packages/airflow/example_dags/example_kubernetes_executor.py took 0.086 seconds
[2024-01-30T16:36:29.918+0000] {processor.py:161} INFO - Started process (PID=1151) to work on /home/airflow/.local/lib/python3.8/site-packages/airflow/example_dags/example_kubernetes_executor.py
[2024-01-30T16:36:29.919+0000] {processor.py:830} INFO - Processing file /home/airflow/.local/lib/python3.8/site-packages/airflow/example_dags/example_kubernetes_executor.py for tasks to queue
[2024-01-30T16:36:29.920+0000] {logging_mixin.py:188} INFO - [2024-01-30T16:36:29.920+0000] {dagbag.py:538} INFO - Filling up the DagBag from /home/airflow/.local/lib/python3.8/site-packages/airflow/example_dags/example_kubernetes_executor.py
[2024-01-30T16:36:29.934+0000] {processor.py:840} INFO - DAG(s) 'example_kubernetes_executor' retrieved from /home/airflow/.local/lib/python3.8/site-packages/airflow/example_dags/example_kubernetes_executor.py
[2024-01-30T16:36:29.972+0000] {logging_mixin.py:188} INFO - [2024-01-30T16:36:29.972+0000] {dag.py:3036} INFO - Sync 1 DAGs
[2024-01-30T16:36:29.983+0000] {logging_mixin.py:188} INFO - [2024-01-30T16:36:29.983+0000] {dag.py:3823} INFO - Setting next_dagrun for example_kubernetes_executor to None, run_after=None
[2024-01-30T16:36:30.003+0000] {processor.py:183} INFO - Processing /home/airflow/.local/lib/python3.8/site-packages/airflow/example_dags/example_kubernetes_executor.py took 0.088 seconds
[2024-01-30T16:37:00.064+0000] {processor.py:161} INFO - Started process (PID=1206) to work on /home/airflow/.local/lib/python3.8/site-packages/airflow/example_dags/example_kubernetes_executor.py
[2024-01-30T16:37:00.065+0000] {processor.py:830} INFO - Processing file /home/airflow/.local/lib/python3.8/site-packages/airflow/example_dags/example_kubernetes_executor.py for tasks to queue
[2024-01-30T16:37:00.067+0000] {logging_mixin.py:188} INFO - [2024-01-30T16:37:00.066+0000] {dagbag.py:538} INFO - Filling up the DagBag from /home/airflow/.local/lib/python3.8/site-packages/airflow/example_dags/example_kubernetes_executor.py
[2024-01-30T16:37:00.080+0000] {processor.py:840} INFO - DAG(s) 'example_kubernetes_executor' retrieved from /home/airflow/.local/lib/python3.8/site-packages/airflow/example_dags/example_kubernetes_executor.py
[2024-01-30T16:37:00.117+0000] {logging_mixin.py:188} INFO - [2024-01-30T16:37:00.116+0000] {dag.py:3036} INFO - Sync 1 DAGs
[2024-01-30T16:37:00.128+0000] {logging_mixin.py:188} INFO - [2024-01-30T16:37:00.128+0000] {dag.py:3823} INFO - Setting next_dagrun for example_kubernetes_executor to None, run_after=None
[2024-01-30T16:37:00.148+0000] {processor.py:183} INFO - Processing /home/airflow/.local/lib/python3.8/site-packages/airflow/example_dags/example_kubernetes_executor.py took 0.087 seconds
[2024-01-30T16:37:30.919+0000] {processor.py:161} INFO - Started process (PID=1261) to work on /home/airflow/.local/lib/python3.8/site-packages/airflow/example_dags/example_kubernetes_executor.py
[2024-01-30T16:37:30.920+0000] {processor.py:830} INFO - Processing file /home/airflow/.local/lib/python3.8/site-packages/airflow/example_dags/example_kubernetes_executor.py for tasks to queue
[2024-01-30T16:37:30.922+0000] {logging_mixin.py:188} INFO - [2024-01-30T16:37:30.922+0000] {dagbag.py:538} INFO - Filling up the DagBag from /home/airflow/.local/lib/python3.8/site-packages/airflow/example_dags/example_kubernetes_executor.py
[2024-01-30T16:37:30.937+0000] {processor.py:840} INFO - DAG(s) 'example_kubernetes_executor' retrieved from /home/airflow/.local/lib/python3.8/site-packages/airflow/example_dags/example_kubernetes_executor.py
[2024-01-30T16:37:30.976+0000] {logging_mixin.py:188} INFO - [2024-01-30T16:37:30.975+0000] {dag.py:3036} INFO - Sync 1 DAGs
[2024-01-30T16:37:30.989+0000] {logging_mixin.py:188} INFO - [2024-01-30T16:37:30.989+0000] {dag.py:3823} INFO - Setting next_dagrun for example_kubernetes_executor to None, run_after=None
[2024-01-30T16:37:31.009+0000] {processor.py:183} INFO - Processing /home/airflow/.local/lib/python3.8/site-packages/airflow/example_dags/example_kubernetes_executor.py took 0.093 seconds
