[2024-01-30T16:16:26.019+0000] {processor.py:161} INFO - Started process (PID=63) to work on /home/airflow/.local/lib/python3.8/site-packages/airflow/example_dags/example_branch_python_dop_operator_3.py
[2024-01-30T16:16:26.021+0000] {processor.py:830} INFO - Processing file /home/airflow/.local/lib/python3.8/site-packages/airflow/example_dags/example_branch_python_dop_operator_3.py for tasks to queue
[2024-01-30T16:16:26.023+0000] {logging_mixin.py:188} INFO - [2024-01-30T16:16:26.022+0000] {dagbag.py:538} INFO - Filling up the DagBag from /home/airflow/.local/lib/python3.8/site-packages/airflow/example_dags/example_branch_python_dop_operator_3.py
[2024-01-30T16:16:26.034+0000] {processor.py:840} INFO - DAG(s) 'example_branch_dop_operator_v3' retrieved from /home/airflow/.local/lib/python3.8/site-packages/airflow/example_dags/example_branch_python_dop_operator_3.py
[2024-01-30T16:16:26.048+0000] {logging_mixin.py:188} INFO - [2024-01-30T16:16:26.047+0000] {dag.py:3036} INFO - Sync 1 DAGs
[2024-01-30T16:16:26.081+0000] {logging_mixin.py:188} INFO - [2024-01-30T16:16:26.081+0000] {dag.py:3823} INFO - Setting next_dagrun for example_branch_dop_operator_v3 to 2024-01-30 16:15:00+00:00, run_after=2024-01-30 16:16:00+00:00
[2024-01-30T16:16:26.103+0000] {processor.py:183} INFO - Processing /home/airflow/.local/lib/python3.8/site-packages/airflow/example_dags/example_branch_python_dop_operator_3.py took 0.087 seconds
[2024-01-30T16:16:57.727+0000] {processor.py:161} INFO - Started process (PID=118) to work on /home/airflow/.local/lib/python3.8/site-packages/airflow/example_dags/example_branch_python_dop_operator_3.py
[2024-01-30T16:16:57.728+0000] {processor.py:830} INFO - Processing file /home/airflow/.local/lib/python3.8/site-packages/airflow/example_dags/example_branch_python_dop_operator_3.py for tasks to queue
[2024-01-30T16:16:57.729+0000] {logging_mixin.py:188} INFO - [2024-01-30T16:16:57.729+0000] {dagbag.py:538} INFO - Filling up the DagBag from /home/airflow/.local/lib/python3.8/site-packages/airflow/example_dags/example_branch_python_dop_operator_3.py
[2024-01-30T16:16:57.738+0000] {processor.py:840} INFO - DAG(s) 'example_branch_dop_operator_v3' retrieved from /home/airflow/.local/lib/python3.8/site-packages/airflow/example_dags/example_branch_python_dop_operator_3.py
[2024-01-30T16:16:57.832+0000] {logging_mixin.py:188} INFO - [2024-01-30T16:16:57.832+0000] {dag.py:3036} INFO - Sync 1 DAGs
[2024-01-30T16:16:57.858+0000] {logging_mixin.py:188} INFO - [2024-01-30T16:16:57.858+0000] {dag.py:3823} INFO - Setting next_dagrun for example_branch_dop_operator_v3 to 2024-01-30 16:15:00+00:00, run_after=2024-01-30 16:16:00+00:00
[2024-01-30T16:16:57.878+0000] {processor.py:183} INFO - Processing /home/airflow/.local/lib/python3.8/site-packages/airflow/example_dags/example_branch_python_dop_operator_3.py took 0.154 seconds
[2024-01-30T16:17:28.263+0000] {processor.py:161} INFO - Started process (PID=173) to work on /home/airflow/.local/lib/python3.8/site-packages/airflow/example_dags/example_branch_python_dop_operator_3.py
[2024-01-30T16:17:28.264+0000] {processor.py:830} INFO - Processing file /home/airflow/.local/lib/python3.8/site-packages/airflow/example_dags/example_branch_python_dop_operator_3.py for tasks to queue
[2024-01-30T16:17:28.266+0000] {logging_mixin.py:188} INFO - [2024-01-30T16:17:28.266+0000] {dagbag.py:538} INFO - Filling up the DagBag from /home/airflow/.local/lib/python3.8/site-packages/airflow/example_dags/example_branch_python_dop_operator_3.py
[2024-01-30T16:17:28.274+0000] {processor.py:840} INFO - DAG(s) 'example_branch_dop_operator_v3' retrieved from /home/airflow/.local/lib/python3.8/site-packages/airflow/example_dags/example_branch_python_dop_operator_3.py
[2024-01-30T16:17:28.291+0000] {logging_mixin.py:188} INFO - [2024-01-30T16:17:28.291+0000] {dag.py:3036} INFO - Sync 1 DAGs
[2024-01-30T16:17:28.315+0000] {logging_mixin.py:188} INFO - [2024-01-30T16:17:28.314+0000] {dag.py:3823} INFO - Setting next_dagrun for example_branch_dop_operator_v3 to 2024-01-30 16:16:00+00:00, run_after=2024-01-30 16:17:00+00:00
[2024-01-30T16:17:28.333+0000] {processor.py:183} INFO - Processing /home/airflow/.local/lib/python3.8/site-packages/airflow/example_dags/example_branch_python_dop_operator_3.py took 0.072 seconds
[2024-01-30T16:17:59.242+0000] {processor.py:161} INFO - Started process (PID=228) to work on /home/airflow/.local/lib/python3.8/site-packages/airflow/example_dags/example_branch_python_dop_operator_3.py
[2024-01-30T16:17:59.243+0000] {processor.py:830} INFO - Processing file /home/airflow/.local/lib/python3.8/site-packages/airflow/example_dags/example_branch_python_dop_operator_3.py for tasks to queue
[2024-01-30T16:17:59.245+0000] {logging_mixin.py:188} INFO - [2024-01-30T16:17:59.245+0000] {dagbag.py:538} INFO - Filling up the DagBag from /home/airflow/.local/lib/python3.8/site-packages/airflow/example_dags/example_branch_python_dop_operator_3.py
[2024-01-30T16:17:59.253+0000] {processor.py:840} INFO - DAG(s) 'example_branch_dop_operator_v3' retrieved from /home/airflow/.local/lib/python3.8/site-packages/airflow/example_dags/example_branch_python_dop_operator_3.py
[2024-01-30T16:17:59.271+0000] {logging_mixin.py:188} INFO - [2024-01-30T16:17:59.270+0000] {dag.py:3036} INFO - Sync 1 DAGs
[2024-01-30T16:17:59.295+0000] {logging_mixin.py:188} INFO - [2024-01-30T16:17:59.295+0000] {dag.py:3823} INFO - Setting next_dagrun for example_branch_dop_operator_v3 to 2024-01-30 16:16:00+00:00, run_after=2024-01-30 16:17:00+00:00
[2024-01-30T16:17:59.314+0000] {processor.py:183} INFO - Processing /home/airflow/.local/lib/python3.8/site-packages/airflow/example_dags/example_branch_python_dop_operator_3.py took 0.074 seconds
[2024-01-30T16:18:29.421+0000] {processor.py:161} INFO - Started process (PID=283) to work on /home/airflow/.local/lib/python3.8/site-packages/airflow/example_dags/example_branch_python_dop_operator_3.py
[2024-01-30T16:18:29.422+0000] {processor.py:830} INFO - Processing file /home/airflow/.local/lib/python3.8/site-packages/airflow/example_dags/example_branch_python_dop_operator_3.py for tasks to queue
[2024-01-30T16:18:29.423+0000] {logging_mixin.py:188} INFO - [2024-01-30T16:18:29.423+0000] {dagbag.py:538} INFO - Filling up the DagBag from /home/airflow/.local/lib/python3.8/site-packages/airflow/example_dags/example_branch_python_dop_operator_3.py
[2024-01-30T16:18:29.432+0000] {processor.py:840} INFO - DAG(s) 'example_branch_dop_operator_v3' retrieved from /home/airflow/.local/lib/python3.8/site-packages/airflow/example_dags/example_branch_python_dop_operator_3.py
[2024-01-30T16:18:29.449+0000] {logging_mixin.py:188} INFO - [2024-01-30T16:18:29.449+0000] {dag.py:3036} INFO - Sync 1 DAGs
[2024-01-30T16:18:29.474+0000] {logging_mixin.py:188} INFO - [2024-01-30T16:18:29.474+0000] {dag.py:3823} INFO - Setting next_dagrun for example_branch_dop_operator_v3 to 2024-01-30 16:17:00+00:00, run_after=2024-01-30 16:18:00+00:00
[2024-01-30T16:18:29.492+0000] {processor.py:183} INFO - Processing /home/airflow/.local/lib/python3.8/site-packages/airflow/example_dags/example_branch_python_dop_operator_3.py took 0.074 seconds
[2024-01-30T16:19:00.088+0000] {processor.py:161} INFO - Started process (PID=338) to work on /home/airflow/.local/lib/python3.8/site-packages/airflow/example_dags/example_branch_python_dop_operator_3.py
[2024-01-30T16:19:00.089+0000] {processor.py:830} INFO - Processing file /home/airflow/.local/lib/python3.8/site-packages/airflow/example_dags/example_branch_python_dop_operator_3.py for tasks to queue
[2024-01-30T16:19:00.090+0000] {logging_mixin.py:188} INFO - [2024-01-30T16:19:00.090+0000] {dagbag.py:538} INFO - Filling up the DagBag from /home/airflow/.local/lib/python3.8/site-packages/airflow/example_dags/example_branch_python_dop_operator_3.py
[2024-01-30T16:19:00.098+0000] {processor.py:840} INFO - DAG(s) 'example_branch_dop_operator_v3' retrieved from /home/airflow/.local/lib/python3.8/site-packages/airflow/example_dags/example_branch_python_dop_operator_3.py
[2024-01-30T16:19:00.115+0000] {logging_mixin.py:188} INFO - [2024-01-30T16:19:00.115+0000] {dag.py:3036} INFO - Sync 1 DAGs
[2024-01-30T16:19:00.138+0000] {logging_mixin.py:188} INFO - [2024-01-30T16:19:00.138+0000] {dag.py:3823} INFO - Setting next_dagrun for example_branch_dop_operator_v3 to 2024-01-30 16:18:00+00:00, run_after=2024-01-30 16:19:00+00:00
[2024-01-30T16:19:00.155+0000] {processor.py:183} INFO - Processing /home/airflow/.local/lib/python3.8/site-packages/airflow/example_dags/example_branch_python_dop_operator_3.py took 0.070 seconds
[2024-01-30T16:19:30.711+0000] {processor.py:161} INFO - Started process (PID=393) to work on /home/airflow/.local/lib/python3.8/site-packages/airflow/example_dags/example_branch_python_dop_operator_3.py
[2024-01-30T16:19:30.712+0000] {processor.py:830} INFO - Processing file /home/airflow/.local/lib/python3.8/site-packages/airflow/example_dags/example_branch_python_dop_operator_3.py for tasks to queue
[2024-01-30T16:19:30.714+0000] {logging_mixin.py:188} INFO - [2024-01-30T16:19:30.714+0000] {dagbag.py:538} INFO - Filling up the DagBag from /home/airflow/.local/lib/python3.8/site-packages/airflow/example_dags/example_branch_python_dop_operator_3.py
[2024-01-30T16:19:30.722+0000] {processor.py:840} INFO - DAG(s) 'example_branch_dop_operator_v3' retrieved from /home/airflow/.local/lib/python3.8/site-packages/airflow/example_dags/example_branch_python_dop_operator_3.py
[2024-01-30T16:19:30.739+0000] {logging_mixin.py:188} INFO - [2024-01-30T16:19:30.739+0000] {dag.py:3036} INFO - Sync 1 DAGs
[2024-01-30T16:19:30.763+0000] {logging_mixin.py:188} INFO - [2024-01-30T16:19:30.763+0000] {dag.py:3823} INFO - Setting next_dagrun for example_branch_dop_operator_v3 to 2024-01-30 16:18:00+00:00, run_after=2024-01-30 16:19:00+00:00
[2024-01-30T16:19:30.780+0000] {processor.py:183} INFO - Processing /home/airflow/.local/lib/python3.8/site-packages/airflow/example_dags/example_branch_python_dop_operator_3.py took 0.071 seconds
[2024-01-30T16:20:01.434+0000] {processor.py:161} INFO - Started process (PID=448) to work on /home/airflow/.local/lib/python3.8/site-packages/airflow/example_dags/example_branch_python_dop_operator_3.py
[2024-01-30T16:20:01.435+0000] {processor.py:830} INFO - Processing file /home/airflow/.local/lib/python3.8/site-packages/airflow/example_dags/example_branch_python_dop_operator_3.py for tasks to queue
[2024-01-30T16:20:01.437+0000] {logging_mixin.py:188} INFO - [2024-01-30T16:20:01.436+0000] {dagbag.py:538} INFO - Filling up the DagBag from /home/airflow/.local/lib/python3.8/site-packages/airflow/example_dags/example_branch_python_dop_operator_3.py
[2024-01-30T16:20:01.445+0000] {processor.py:840} INFO - DAG(s) 'example_branch_dop_operator_v3' retrieved from /home/airflow/.local/lib/python3.8/site-packages/airflow/example_dags/example_branch_python_dop_operator_3.py
[2024-01-30T16:20:01.462+0000] {logging_mixin.py:188} INFO - [2024-01-30T16:20:01.462+0000] {dag.py:3036} INFO - Sync 1 DAGs
[2024-01-30T16:20:01.486+0000] {logging_mixin.py:188} INFO - [2024-01-30T16:20:01.486+0000] {dag.py:3823} INFO - Setting next_dagrun for example_branch_dop_operator_v3 to 2024-01-30 16:19:00+00:00, run_after=2024-01-30 16:20:00+00:00
[2024-01-30T16:20:01.504+0000] {processor.py:183} INFO - Processing /home/airflow/.local/lib/python3.8/site-packages/airflow/example_dags/example_branch_python_dop_operator_3.py took 0.073 seconds
[2024-01-30T16:20:32.067+0000] {processor.py:161} INFO - Started process (PID=503) to work on /home/airflow/.local/lib/python3.8/site-packages/airflow/example_dags/example_branch_python_dop_operator_3.py
[2024-01-30T16:20:32.068+0000] {processor.py:830} INFO - Processing file /home/airflow/.local/lib/python3.8/site-packages/airflow/example_dags/example_branch_python_dop_operator_3.py for tasks to queue
[2024-01-30T16:20:32.069+0000] {logging_mixin.py:188} INFO - [2024-01-30T16:20:32.069+0000] {dagbag.py:538} INFO - Filling up the DagBag from /home/airflow/.local/lib/python3.8/site-packages/airflow/example_dags/example_branch_python_dop_operator_3.py
[2024-01-30T16:20:32.078+0000] {processor.py:840} INFO - DAG(s) 'example_branch_dop_operator_v3' retrieved from /home/airflow/.local/lib/python3.8/site-packages/airflow/example_dags/example_branch_python_dop_operator_3.py
[2024-01-30T16:20:32.100+0000] {logging_mixin.py:188} INFO - [2024-01-30T16:20:32.100+0000] {dag.py:3036} INFO - Sync 1 DAGs
[2024-01-30T16:20:32.125+0000] {logging_mixin.py:188} INFO - [2024-01-30T16:20:32.125+0000] {dag.py:3823} INFO - Setting next_dagrun for example_branch_dop_operator_v3 to 2024-01-30 16:19:00+00:00, run_after=2024-01-30 16:20:00+00:00
[2024-01-30T16:20:32.143+0000] {processor.py:183} INFO - Processing /home/airflow/.local/lib/python3.8/site-packages/airflow/example_dags/example_branch_python_dop_operator_3.py took 0.079 seconds
[2024-01-30T16:21:02.828+0000] {processor.py:161} INFO - Started process (PID=558) to work on /home/airflow/.local/lib/python3.8/site-packages/airflow/example_dags/example_branch_python_dop_operator_3.py
[2024-01-30T16:21:02.829+0000] {processor.py:830} INFO - Processing file /home/airflow/.local/lib/python3.8/site-packages/airflow/example_dags/example_branch_python_dop_operator_3.py for tasks to queue
[2024-01-30T16:21:02.831+0000] {logging_mixin.py:188} INFO - [2024-01-30T16:21:02.831+0000] {dagbag.py:538} INFO - Filling up the DagBag from /home/airflow/.local/lib/python3.8/site-packages/airflow/example_dags/example_branch_python_dop_operator_3.py
[2024-01-30T16:21:02.840+0000] {processor.py:840} INFO - DAG(s) 'example_branch_dop_operator_v3' retrieved from /home/airflow/.local/lib/python3.8/site-packages/airflow/example_dags/example_branch_python_dop_operator_3.py
[2024-01-30T16:21:02.860+0000] {logging_mixin.py:188} INFO - [2024-01-30T16:21:02.860+0000] {dag.py:3036} INFO - Sync 1 DAGs
[2024-01-30T16:21:02.889+0000] {logging_mixin.py:188} INFO - [2024-01-30T16:21:02.889+0000] {dag.py:3823} INFO - Setting next_dagrun for example_branch_dop_operator_v3 to 2024-01-30 16:20:00+00:00, run_after=2024-01-30 16:21:00+00:00
[2024-01-30T16:21:02.914+0000] {processor.py:183} INFO - Processing /home/airflow/.local/lib/python3.8/site-packages/airflow/example_dags/example_branch_python_dop_operator_3.py took 0.089 seconds
[2024-01-30T16:21:33.048+0000] {processor.py:161} INFO - Started process (PID=613) to work on /home/airflow/.local/lib/python3.8/site-packages/airflow/example_dags/example_branch_python_dop_operator_3.py
[2024-01-30T16:21:33.049+0000] {processor.py:830} INFO - Processing file /home/airflow/.local/lib/python3.8/site-packages/airflow/example_dags/example_branch_python_dop_operator_3.py for tasks to queue
[2024-01-30T16:21:33.051+0000] {logging_mixin.py:188} INFO - [2024-01-30T16:21:33.051+0000] {dagbag.py:538} INFO - Filling up the DagBag from /home/airflow/.local/lib/python3.8/site-packages/airflow/example_dags/example_branch_python_dop_operator_3.py
[2024-01-30T16:21:33.059+0000] {processor.py:840} INFO - DAG(s) 'example_branch_dop_operator_v3' retrieved from /home/airflow/.local/lib/python3.8/site-packages/airflow/example_dags/example_branch_python_dop_operator_3.py
[2024-01-30T16:21:33.078+0000] {logging_mixin.py:188} INFO - [2024-01-30T16:21:33.077+0000] {dag.py:3036} INFO - Sync 1 DAGs
[2024-01-30T16:21:33.103+0000] {logging_mixin.py:188} INFO - [2024-01-30T16:21:33.102+0000] {dag.py:3823} INFO - Setting next_dagrun for example_branch_dop_operator_v3 to 2024-01-30 16:20:00+00:00, run_after=2024-01-30 16:21:00+00:00
[2024-01-30T16:21:33.121+0000] {processor.py:183} INFO - Processing /home/airflow/.local/lib/python3.8/site-packages/airflow/example_dags/example_branch_python_dop_operator_3.py took 0.076 seconds
[2024-01-30T16:22:03.228+0000] {processor.py:161} INFO - Started process (PID=668) to work on /home/airflow/.local/lib/python3.8/site-packages/airflow/example_dags/example_branch_python_dop_operator_3.py
[2024-01-30T16:22:03.229+0000] {processor.py:830} INFO - Processing file /home/airflow/.local/lib/python3.8/site-packages/airflow/example_dags/example_branch_python_dop_operator_3.py for tasks to queue
[2024-01-30T16:22:03.231+0000] {logging_mixin.py:188} INFO - [2024-01-30T16:22:03.230+0000] {dagbag.py:538} INFO - Filling up the DagBag from /home/airflow/.local/lib/python3.8/site-packages/airflow/example_dags/example_branch_python_dop_operator_3.py
[2024-01-30T16:22:03.239+0000] {processor.py:840} INFO - DAG(s) 'example_branch_dop_operator_v3' retrieved from /home/airflow/.local/lib/python3.8/site-packages/airflow/example_dags/example_branch_python_dop_operator_3.py
[2024-01-30T16:22:03.257+0000] {logging_mixin.py:188} INFO - [2024-01-30T16:22:03.257+0000] {dag.py:3036} INFO - Sync 1 DAGs
[2024-01-30T16:22:03.282+0000] {logging_mixin.py:188} INFO - [2024-01-30T16:22:03.282+0000] {dag.py:3823} INFO - Setting next_dagrun for example_branch_dop_operator_v3 to 2024-01-30 16:21:00+00:00, run_after=2024-01-30 16:22:00+00:00
[2024-01-30T16:22:03.300+0000] {processor.py:183} INFO - Processing /home/airflow/.local/lib/python3.8/site-packages/airflow/example_dags/example_branch_python_dop_operator_3.py took 0.076 seconds
[2024-01-30T16:22:33.435+0000] {processor.py:161} INFO - Started process (PID=723) to work on /home/airflow/.local/lib/python3.8/site-packages/airflow/example_dags/example_branch_python_dop_operator_3.py
[2024-01-30T16:22:33.436+0000] {processor.py:830} INFO - Processing file /home/airflow/.local/lib/python3.8/site-packages/airflow/example_dags/example_branch_python_dop_operator_3.py for tasks to queue
[2024-01-30T16:22:33.438+0000] {logging_mixin.py:188} INFO - [2024-01-30T16:22:33.438+0000] {dagbag.py:538} INFO - Filling up the DagBag from /home/airflow/.local/lib/python3.8/site-packages/airflow/example_dags/example_branch_python_dop_operator_3.py
[2024-01-30T16:22:33.446+0000] {processor.py:840} INFO - DAG(s) 'example_branch_dop_operator_v3' retrieved from /home/airflow/.local/lib/python3.8/site-packages/airflow/example_dags/example_branch_python_dop_operator_3.py
[2024-01-30T16:22:33.463+0000] {logging_mixin.py:188} INFO - [2024-01-30T16:22:33.463+0000] {dag.py:3036} INFO - Sync 1 DAGs
[2024-01-30T16:22:33.487+0000] {logging_mixin.py:188} INFO - [2024-01-30T16:22:33.486+0000] {dag.py:3823} INFO - Setting next_dagrun for example_branch_dop_operator_v3 to 2024-01-30 16:21:00+00:00, run_after=2024-01-30 16:22:00+00:00
[2024-01-30T16:22:33.503+0000] {processor.py:183} INFO - Processing /home/airflow/.local/lib/python3.8/site-packages/airflow/example_dags/example_branch_python_dop_operator_3.py took 0.071 seconds
[2024-01-30T16:23:03.651+0000] {processor.py:161} INFO - Started process (PID=778) to work on /home/airflow/.local/lib/python3.8/site-packages/airflow/example_dags/example_branch_python_dop_operator_3.py
[2024-01-30T16:23:03.652+0000] {processor.py:830} INFO - Processing file /home/airflow/.local/lib/python3.8/site-packages/airflow/example_dags/example_branch_python_dop_operator_3.py for tasks to queue
[2024-01-30T16:23:03.653+0000] {logging_mixin.py:188} INFO - [2024-01-30T16:23:03.653+0000] {dagbag.py:538} INFO - Filling up the DagBag from /home/airflow/.local/lib/python3.8/site-packages/airflow/example_dags/example_branch_python_dop_operator_3.py
[2024-01-30T16:23:03.662+0000] {processor.py:840} INFO - DAG(s) 'example_branch_dop_operator_v3' retrieved from /home/airflow/.local/lib/python3.8/site-packages/airflow/example_dags/example_branch_python_dop_operator_3.py
[2024-01-30T16:23:03.679+0000] {logging_mixin.py:188} INFO - [2024-01-30T16:23:03.679+0000] {dag.py:3036} INFO - Sync 1 DAGs
[2024-01-30T16:23:03.703+0000] {logging_mixin.py:188} INFO - [2024-01-30T16:23:03.703+0000] {dag.py:3823} INFO - Setting next_dagrun for example_branch_dop_operator_v3 to 2024-01-30 16:22:00+00:00, run_after=2024-01-30 16:23:00+00:00
[2024-01-30T16:23:03.720+0000] {processor.py:183} INFO - Processing /home/airflow/.local/lib/python3.8/site-packages/airflow/example_dags/example_branch_python_dop_operator_3.py took 0.074 seconds
[2024-01-30T16:23:34.360+0000] {processor.py:161} INFO - Started process (PID=833) to work on /home/airflow/.local/lib/python3.8/site-packages/airflow/example_dags/example_branch_python_dop_operator_3.py
[2024-01-30T16:23:34.361+0000] {processor.py:830} INFO - Processing file /home/airflow/.local/lib/python3.8/site-packages/airflow/example_dags/example_branch_python_dop_operator_3.py for tasks to queue
[2024-01-30T16:23:34.363+0000] {logging_mixin.py:188} INFO - [2024-01-30T16:23:34.363+0000] {dagbag.py:538} INFO - Filling up the DagBag from /home/airflow/.local/lib/python3.8/site-packages/airflow/example_dags/example_branch_python_dop_operator_3.py
[2024-01-30T16:23:34.372+0000] {processor.py:840} INFO - DAG(s) 'example_branch_dop_operator_v3' retrieved from /home/airflow/.local/lib/python3.8/site-packages/airflow/example_dags/example_branch_python_dop_operator_3.py
[2024-01-30T16:23:34.390+0000] {logging_mixin.py:188} INFO - [2024-01-30T16:23:34.390+0000] {dag.py:3036} INFO - Sync 1 DAGs
[2024-01-30T16:23:34.416+0000] {logging_mixin.py:188} INFO - [2024-01-30T16:23:34.416+0000] {dag.py:3823} INFO - Setting next_dagrun for example_branch_dop_operator_v3 to 2024-01-30 16:22:00+00:00, run_after=2024-01-30 16:23:00+00:00
[2024-01-30T16:23:34.435+0000] {processor.py:183} INFO - Processing /home/airflow/.local/lib/python3.8/site-packages/airflow/example_dags/example_branch_python_dop_operator_3.py took 0.078 seconds
[2024-01-30T16:24:42.638+0000] {processor.py:161} INFO - Started process (PID=63) to work on /home/airflow/.local/lib/python3.8/site-packages/airflow/example_dags/example_branch_python_dop_operator_3.py
[2024-01-30T16:24:42.640+0000] {processor.py:830} INFO - Processing file /home/airflow/.local/lib/python3.8/site-packages/airflow/example_dags/example_branch_python_dop_operator_3.py for tasks to queue
[2024-01-30T16:24:42.642+0000] {logging_mixin.py:188} INFO - [2024-01-30T16:24:42.642+0000] {dagbag.py:538} INFO - Filling up the DagBag from /home/airflow/.local/lib/python3.8/site-packages/airflow/example_dags/example_branch_python_dop_operator_3.py
[2024-01-30T16:24:42.653+0000] {processor.py:840} INFO - DAG(s) 'example_branch_dop_operator_v3' retrieved from /home/airflow/.local/lib/python3.8/site-packages/airflow/example_dags/example_branch_python_dop_operator_3.py
[2024-01-30T16:24:42.666+0000] {logging_mixin.py:188} INFO - [2024-01-30T16:24:42.665+0000] {dag.py:3036} INFO - Sync 1 DAGs
[2024-01-30T16:24:42.696+0000] {logging_mixin.py:188} INFO - [2024-01-30T16:24:42.696+0000] {dag.py:3823} INFO - Setting next_dagrun for example_branch_dop_operator_v3 to 2024-01-30 16:23:00+00:00, run_after=2024-01-30 16:24:00+00:00
[2024-01-30T16:24:42.719+0000] {processor.py:183} INFO - Processing /home/airflow/.local/lib/python3.8/site-packages/airflow/example_dags/example_branch_python_dop_operator_3.py took 0.084 seconds
[2024-01-30T16:25:14.129+0000] {processor.py:161} INFO - Started process (PID=118) to work on /home/airflow/.local/lib/python3.8/site-packages/airflow/example_dags/example_branch_python_dop_operator_3.py
[2024-01-30T16:25:14.129+0000] {processor.py:830} INFO - Processing file /home/airflow/.local/lib/python3.8/site-packages/airflow/example_dags/example_branch_python_dop_operator_3.py for tasks to queue
[2024-01-30T16:25:14.131+0000] {logging_mixin.py:188} INFO - [2024-01-30T16:25:14.131+0000] {dagbag.py:538} INFO - Filling up the DagBag from /home/airflow/.local/lib/python3.8/site-packages/airflow/example_dags/example_branch_python_dop_operator_3.py
[2024-01-30T16:25:14.139+0000] {processor.py:840} INFO - DAG(s) 'example_branch_dop_operator_v3' retrieved from /home/airflow/.local/lib/python3.8/site-packages/airflow/example_dags/example_branch_python_dop_operator_3.py
[2024-01-30T16:25:14.236+0000] {logging_mixin.py:188} INFO - [2024-01-30T16:25:14.235+0000] {dag.py:3036} INFO - Sync 1 DAGs
[2024-01-30T16:25:14.259+0000] {logging_mixin.py:188} INFO - [2024-01-30T16:25:14.258+0000] {dag.py:3823} INFO - Setting next_dagrun for example_branch_dop_operator_v3 to 2024-01-30 16:24:00+00:00, run_after=2024-01-30 16:25:00+00:00
[2024-01-30T16:25:14.277+0000] {processor.py:183} INFO - Processing /home/airflow/.local/lib/python3.8/site-packages/airflow/example_dags/example_branch_python_dop_operator_3.py took 0.151 seconds
[2024-01-30T16:26:21.399+0000] {processor.py:161} INFO - Started process (PID=63) to work on /home/airflow/.local/lib/python3.8/site-packages/airflow/example_dags/example_branch_python_dop_operator_3.py
[2024-01-30T16:26:21.401+0000] {processor.py:830} INFO - Processing file /home/airflow/.local/lib/python3.8/site-packages/airflow/example_dags/example_branch_python_dop_operator_3.py for tasks to queue
[2024-01-30T16:26:21.404+0000] {logging_mixin.py:188} INFO - [2024-01-30T16:26:21.403+0000] {dagbag.py:538} INFO - Filling up the DagBag from /home/airflow/.local/lib/python3.8/site-packages/airflow/example_dags/example_branch_python_dop_operator_3.py
[2024-01-30T16:26:21.420+0000] {processor.py:840} INFO - DAG(s) 'example_branch_dop_operator_v3' retrieved from /home/airflow/.local/lib/python3.8/site-packages/airflow/example_dags/example_branch_python_dop_operator_3.py
[2024-01-30T16:26:21.431+0000] {logging_mixin.py:188} INFO - [2024-01-30T16:26:21.431+0000] {dag.py:3036} INFO - Sync 1 DAGs
[2024-01-30T16:26:21.463+0000] {logging_mixin.py:188} INFO - [2024-01-30T16:26:21.463+0000] {dag.py:3823} INFO - Setting next_dagrun for example_branch_dop_operator_v3 to 2024-01-30 16:25:00+00:00, run_after=2024-01-30 16:26:00+00:00
[2024-01-30T16:26:21.485+0000] {processor.py:183} INFO - Processing /home/airflow/.local/lib/python3.8/site-packages/airflow/example_dags/example_branch_python_dop_operator_3.py took 0.090 seconds
[2024-01-30T16:26:52.764+0000] {processor.py:161} INFO - Started process (PID=118) to work on /home/airflow/.local/lib/python3.8/site-packages/airflow/example_dags/example_branch_python_dop_operator_3.py
[2024-01-30T16:26:52.765+0000] {processor.py:830} INFO - Processing file /home/airflow/.local/lib/python3.8/site-packages/airflow/example_dags/example_branch_python_dop_operator_3.py for tasks to queue
[2024-01-30T16:26:52.766+0000] {logging_mixin.py:188} INFO - [2024-01-30T16:26:52.766+0000] {dagbag.py:538} INFO - Filling up the DagBag from /home/airflow/.local/lib/python3.8/site-packages/airflow/example_dags/example_branch_python_dop_operator_3.py
[2024-01-30T16:26:52.775+0000] {processor.py:840} INFO - DAG(s) 'example_branch_dop_operator_v3' retrieved from /home/airflow/.local/lib/python3.8/site-packages/airflow/example_dags/example_branch_python_dop_operator_3.py
[2024-01-30T16:26:52.863+0000] {logging_mixin.py:188} INFO - [2024-01-30T16:26:52.863+0000] {dag.py:3036} INFO - Sync 1 DAGs
[2024-01-30T16:26:52.886+0000] {logging_mixin.py:188} INFO - [2024-01-30T16:26:52.886+0000] {dag.py:3823} INFO - Setting next_dagrun for example_branch_dop_operator_v3 to 2024-01-30 16:25:00+00:00, run_after=2024-01-30 16:26:00+00:00
[2024-01-30T16:26:52.903+0000] {processor.py:183} INFO - Processing /home/airflow/.local/lib/python3.8/site-packages/airflow/example_dags/example_branch_python_dop_operator_3.py took 0.142 seconds
[2024-01-30T16:27:23.900+0000] {processor.py:161} INFO - Started process (PID=173) to work on /home/airflow/.local/lib/python3.8/site-packages/airflow/example_dags/example_branch_python_dop_operator_3.py
[2024-01-30T16:27:23.901+0000] {processor.py:830} INFO - Processing file /home/airflow/.local/lib/python3.8/site-packages/airflow/example_dags/example_branch_python_dop_operator_3.py for tasks to queue
[2024-01-30T16:27:23.902+0000] {logging_mixin.py:188} INFO - [2024-01-30T16:27:23.902+0000] {dagbag.py:538} INFO - Filling up the DagBag from /home/airflow/.local/lib/python3.8/site-packages/airflow/example_dags/example_branch_python_dop_operator_3.py
[2024-01-30T16:27:23.910+0000] {processor.py:840} INFO - DAG(s) 'example_branch_dop_operator_v3' retrieved from /home/airflow/.local/lib/python3.8/site-packages/airflow/example_dags/example_branch_python_dop_operator_3.py
[2024-01-30T16:27:23.927+0000] {logging_mixin.py:188} INFO - [2024-01-30T16:27:23.927+0000] {dag.py:3036} INFO - Sync 1 DAGs
[2024-01-30T16:27:23.950+0000] {logging_mixin.py:188} INFO - [2024-01-30T16:27:23.950+0000] {dag.py:3823} INFO - Setting next_dagrun for example_branch_dop_operator_v3 to 2024-01-30 16:26:00+00:00, run_after=2024-01-30 16:27:00+00:00
[2024-01-30T16:27:23.967+0000] {processor.py:183} INFO - Processing /home/airflow/.local/lib/python3.8/site-packages/airflow/example_dags/example_branch_python_dop_operator_3.py took 0.070 seconds
[2024-01-30T16:27:54.863+0000] {processor.py:161} INFO - Started process (PID=228) to work on /home/airflow/.local/lib/python3.8/site-packages/airflow/example_dags/example_branch_python_dop_operator_3.py
[2024-01-30T16:27:54.864+0000] {processor.py:830} INFO - Processing file /home/airflow/.local/lib/python3.8/site-packages/airflow/example_dags/example_branch_python_dop_operator_3.py for tasks to queue
[2024-01-30T16:27:54.866+0000] {logging_mixin.py:188} INFO - [2024-01-30T16:27:54.866+0000] {dagbag.py:538} INFO - Filling up the DagBag from /home/airflow/.local/lib/python3.8/site-packages/airflow/example_dags/example_branch_python_dop_operator_3.py
[2024-01-30T16:27:54.874+0000] {processor.py:840} INFO - DAG(s) 'example_branch_dop_operator_v3' retrieved from /home/airflow/.local/lib/python3.8/site-packages/airflow/example_dags/example_branch_python_dop_operator_3.py
[2024-01-30T16:27:54.892+0000] {logging_mixin.py:188} INFO - [2024-01-30T16:27:54.892+0000] {dag.py:3036} INFO - Sync 1 DAGs
[2024-01-30T16:27:54.916+0000] {logging_mixin.py:188} INFO - [2024-01-30T16:27:54.916+0000] {dag.py:3823} INFO - Setting next_dagrun for example_branch_dop_operator_v3 to 2024-01-30 16:26:00+00:00, run_after=2024-01-30 16:27:00+00:00
[2024-01-30T16:27:54.933+0000] {processor.py:183} INFO - Processing /home/airflow/.local/lib/python3.8/site-packages/airflow/example_dags/example_branch_python_dop_operator_3.py took 0.073 seconds
[2024-01-30T16:28:25.468+0000] {processor.py:161} INFO - Started process (PID=283) to work on /home/airflow/.local/lib/python3.8/site-packages/airflow/example_dags/example_branch_python_dop_operator_3.py
[2024-01-30T16:28:25.469+0000] {processor.py:830} INFO - Processing file /home/airflow/.local/lib/python3.8/site-packages/airflow/example_dags/example_branch_python_dop_operator_3.py for tasks to queue
[2024-01-30T16:28:25.470+0000] {logging_mixin.py:188} INFO - [2024-01-30T16:28:25.470+0000] {dagbag.py:538} INFO - Filling up the DagBag from /home/airflow/.local/lib/python3.8/site-packages/airflow/example_dags/example_branch_python_dop_operator_3.py
[2024-01-30T16:28:25.478+0000] {processor.py:840} INFO - DAG(s) 'example_branch_dop_operator_v3' retrieved from /home/airflow/.local/lib/python3.8/site-packages/airflow/example_dags/example_branch_python_dop_operator_3.py
[2024-01-30T16:28:25.495+0000] {logging_mixin.py:188} INFO - [2024-01-30T16:28:25.495+0000] {dag.py:3036} INFO - Sync 1 DAGs
[2024-01-30T16:28:25.520+0000] {logging_mixin.py:188} INFO - [2024-01-30T16:28:25.519+0000] {dag.py:3823} INFO - Setting next_dagrun for example_branch_dop_operator_v3 to 2024-01-30 16:27:00+00:00, run_after=2024-01-30 16:28:00+00:00
[2024-01-30T16:28:25.537+0000] {processor.py:183} INFO - Processing /home/airflow/.local/lib/python3.8/site-packages/airflow/example_dags/example_branch_python_dop_operator_3.py took 0.072 seconds
[2024-01-30T16:28:56.200+0000] {processor.py:161} INFO - Started process (PID=338) to work on /home/airflow/.local/lib/python3.8/site-packages/airflow/example_dags/example_branch_python_dop_operator_3.py
[2024-01-30T16:28:56.201+0000] {processor.py:830} INFO - Processing file /home/airflow/.local/lib/python3.8/site-packages/airflow/example_dags/example_branch_python_dop_operator_3.py for tasks to queue
[2024-01-30T16:28:56.203+0000] {logging_mixin.py:188} INFO - [2024-01-30T16:28:56.203+0000] {dagbag.py:538} INFO - Filling up the DagBag from /home/airflow/.local/lib/python3.8/site-packages/airflow/example_dags/example_branch_python_dop_operator_3.py
[2024-01-30T16:28:56.212+0000] {processor.py:840} INFO - DAG(s) 'example_branch_dop_operator_v3' retrieved from /home/airflow/.local/lib/python3.8/site-packages/airflow/example_dags/example_branch_python_dop_operator_3.py
[2024-01-30T16:28:56.231+0000] {logging_mixin.py:188} INFO - [2024-01-30T16:28:56.230+0000] {dag.py:3036} INFO - Sync 1 DAGs
[2024-01-30T16:28:56.258+0000] {logging_mixin.py:188} INFO - [2024-01-30T16:28:56.258+0000] {dag.py:3823} INFO - Setting next_dagrun for example_branch_dop_operator_v3 to 2024-01-30 16:27:00+00:00, run_after=2024-01-30 16:28:00+00:00
[2024-01-30T16:28:56.278+0000] {processor.py:183} INFO - Processing /home/airflow/.local/lib/python3.8/site-packages/airflow/example_dags/example_branch_python_dop_operator_3.py took 0.081 seconds
[2024-01-30T16:29:26.874+0000] {processor.py:161} INFO - Started process (PID=393) to work on /home/airflow/.local/lib/python3.8/site-packages/airflow/example_dags/example_branch_python_dop_operator_3.py
[2024-01-30T16:29:26.875+0000] {processor.py:830} INFO - Processing file /home/airflow/.local/lib/python3.8/site-packages/airflow/example_dags/example_branch_python_dop_operator_3.py for tasks to queue
[2024-01-30T16:29:26.877+0000] {logging_mixin.py:188} INFO - [2024-01-30T16:29:26.876+0000] {dagbag.py:538} INFO - Filling up the DagBag from /home/airflow/.local/lib/python3.8/site-packages/airflow/example_dags/example_branch_python_dop_operator_3.py
[2024-01-30T16:29:26.885+0000] {processor.py:840} INFO - DAG(s) 'example_branch_dop_operator_v3' retrieved from /home/airflow/.local/lib/python3.8/site-packages/airflow/example_dags/example_branch_python_dop_operator_3.py
[2024-01-30T16:29:26.902+0000] {logging_mixin.py:188} INFO - [2024-01-30T16:29:26.902+0000] {dag.py:3036} INFO - Sync 1 DAGs
[2024-01-30T16:29:26.926+0000] {logging_mixin.py:188} INFO - [2024-01-30T16:29:26.925+0000] {dag.py:3823} INFO - Setting next_dagrun for example_branch_dop_operator_v3 to 2024-01-30 16:28:00+00:00, run_after=2024-01-30 16:29:00+00:00
[2024-01-30T16:29:26.943+0000] {processor.py:183} INFO - Processing /home/airflow/.local/lib/python3.8/site-packages/airflow/example_dags/example_branch_python_dop_operator_3.py took 0.072 seconds
[2024-01-30T16:29:57.560+0000] {processor.py:161} INFO - Started process (PID=448) to work on /home/airflow/.local/lib/python3.8/site-packages/airflow/example_dags/example_branch_python_dop_operator_3.py
[2024-01-30T16:29:57.561+0000] {processor.py:830} INFO - Processing file /home/airflow/.local/lib/python3.8/site-packages/airflow/example_dags/example_branch_python_dop_operator_3.py for tasks to queue
[2024-01-30T16:29:57.563+0000] {logging_mixin.py:188} INFO - [2024-01-30T16:29:57.563+0000] {dagbag.py:538} INFO - Filling up the DagBag from /home/airflow/.local/lib/python3.8/site-packages/airflow/example_dags/example_branch_python_dop_operator_3.py
[2024-01-30T16:29:57.571+0000] {processor.py:840} INFO - DAG(s) 'example_branch_dop_operator_v3' retrieved from /home/airflow/.local/lib/python3.8/site-packages/airflow/example_dags/example_branch_python_dop_operator_3.py
[2024-01-30T16:29:57.591+0000] {logging_mixin.py:188} INFO - [2024-01-30T16:29:57.591+0000] {dag.py:3036} INFO - Sync 1 DAGs
[2024-01-30T16:29:57.616+0000] {logging_mixin.py:188} INFO - [2024-01-30T16:29:57.615+0000] {dag.py:3823} INFO - Setting next_dagrun for example_branch_dop_operator_v3 to 2024-01-30 16:28:00+00:00, run_after=2024-01-30 16:29:00+00:00
[2024-01-30T16:29:57.633+0000] {processor.py:183} INFO - Processing /home/airflow/.local/lib/python3.8/site-packages/airflow/example_dags/example_branch_python_dop_operator_3.py took 0.076 seconds
[2024-01-30T16:30:28.372+0000] {processor.py:161} INFO - Started process (PID=503) to work on /home/airflow/.local/lib/python3.8/site-packages/airflow/example_dags/example_branch_python_dop_operator_3.py
[2024-01-30T16:30:28.373+0000] {processor.py:830} INFO - Processing file /home/airflow/.local/lib/python3.8/site-packages/airflow/example_dags/example_branch_python_dop_operator_3.py for tasks to queue
[2024-01-30T16:30:28.375+0000] {logging_mixin.py:188} INFO - [2024-01-30T16:30:28.375+0000] {dagbag.py:538} INFO - Filling up the DagBag from /home/airflow/.local/lib/python3.8/site-packages/airflow/example_dags/example_branch_python_dop_operator_3.py
[2024-01-30T16:30:28.383+0000] {processor.py:840} INFO - DAG(s) 'example_branch_dop_operator_v3' retrieved from /home/airflow/.local/lib/python3.8/site-packages/airflow/example_dags/example_branch_python_dop_operator_3.py
[2024-01-30T16:30:28.401+0000] {logging_mixin.py:188} INFO - [2024-01-30T16:30:28.401+0000] {dag.py:3036} INFO - Sync 1 DAGs
[2024-01-30T16:30:28.426+0000] {logging_mixin.py:188} INFO - [2024-01-30T16:30:28.426+0000] {dag.py:3823} INFO - Setting next_dagrun for example_branch_dop_operator_v3 to 2024-01-30 16:29:00+00:00, run_after=2024-01-30 16:30:00+00:00
[2024-01-30T16:30:28.445+0000] {processor.py:183} INFO - Processing /home/airflow/.local/lib/python3.8/site-packages/airflow/example_dags/example_branch_python_dop_operator_3.py took 0.076 seconds
[2024-01-30T16:30:58.752+0000] {processor.py:161} INFO - Started process (PID=558) to work on /home/airflow/.local/lib/python3.8/site-packages/airflow/example_dags/example_branch_python_dop_operator_3.py
[2024-01-30T16:30:58.756+0000] {processor.py:830} INFO - Processing file /home/airflow/.local/lib/python3.8/site-packages/airflow/example_dags/example_branch_python_dop_operator_3.py for tasks to queue
[2024-01-30T16:30:58.761+0000] {logging_mixin.py:188} INFO - [2024-01-30T16:30:58.759+0000] {dagbag.py:538} INFO - Filling up the DagBag from /home/airflow/.local/lib/python3.8/site-packages/airflow/example_dags/example_branch_python_dop_operator_3.py
[2024-01-30T16:30:58.783+0000] {processor.py:840} INFO - DAG(s) 'example_branch_dop_operator_v3' retrieved from /home/airflow/.local/lib/python3.8/site-packages/airflow/example_dags/example_branch_python_dop_operator_3.py
[2024-01-30T16:30:58.826+0000] {logging_mixin.py:188} INFO - [2024-01-30T16:30:58.826+0000] {dag.py:3036} INFO - Sync 1 DAGs
[2024-01-30T16:30:58.866+0000] {logging_mixin.py:188} INFO - [2024-01-30T16:30:58.866+0000] {dag.py:3823} INFO - Setting next_dagrun for example_branch_dop_operator_v3 to 2024-01-30 16:29:00+00:00, run_after=2024-01-30 16:30:00+00:00
[2024-01-30T16:30:58.915+0000] {processor.py:183} INFO - Processing /home/airflow/.local/lib/python3.8/site-packages/airflow/example_dags/example_branch_python_dop_operator_3.py took 0.170 seconds
[2024-01-30T16:31:29.018+0000] {processor.py:161} INFO - Started process (PID=613) to work on /home/airflow/.local/lib/python3.8/site-packages/airflow/example_dags/example_branch_python_dop_operator_3.py
[2024-01-30T16:31:29.019+0000] {processor.py:830} INFO - Processing file /home/airflow/.local/lib/python3.8/site-packages/airflow/example_dags/example_branch_python_dop_operator_3.py for tasks to queue
[2024-01-30T16:31:29.020+0000] {logging_mixin.py:188} INFO - [2024-01-30T16:31:29.020+0000] {dagbag.py:538} INFO - Filling up the DagBag from /home/airflow/.local/lib/python3.8/site-packages/airflow/example_dags/example_branch_python_dop_operator_3.py
[2024-01-30T16:31:29.028+0000] {processor.py:840} INFO - DAG(s) 'example_branch_dop_operator_v3' retrieved from /home/airflow/.local/lib/python3.8/site-packages/airflow/example_dags/example_branch_python_dop_operator_3.py
[2024-01-30T16:31:29.046+0000] {logging_mixin.py:188} INFO - [2024-01-30T16:31:29.046+0000] {dag.py:3036} INFO - Sync 1 DAGs
[2024-01-30T16:31:29.078+0000] {logging_mixin.py:188} INFO - [2024-01-30T16:31:29.078+0000] {dag.py:3823} INFO - Setting next_dagrun for example_branch_dop_operator_v3 to 2024-01-30 16:30:00+00:00, run_after=2024-01-30 16:31:00+00:00
[2024-01-30T16:31:29.103+0000] {processor.py:183} INFO - Processing /home/airflow/.local/lib/python3.8/site-packages/airflow/example_dags/example_branch_python_dop_operator_3.py took 0.088 seconds
[2024-01-30T16:31:59.352+0000] {processor.py:161} INFO - Started process (PID=668) to work on /home/airflow/.local/lib/python3.8/site-packages/airflow/example_dags/example_branch_python_dop_operator_3.py
[2024-01-30T16:31:59.353+0000] {processor.py:830} INFO - Processing file /home/airflow/.local/lib/python3.8/site-packages/airflow/example_dags/example_branch_python_dop_operator_3.py for tasks to queue
[2024-01-30T16:31:59.354+0000] {logging_mixin.py:188} INFO - [2024-01-30T16:31:59.354+0000] {dagbag.py:538} INFO - Filling up the DagBag from /home/airflow/.local/lib/python3.8/site-packages/airflow/example_dags/example_branch_python_dop_operator_3.py
[2024-01-30T16:31:59.363+0000] {processor.py:840} INFO - DAG(s) 'example_branch_dop_operator_v3' retrieved from /home/airflow/.local/lib/python3.8/site-packages/airflow/example_dags/example_branch_python_dop_operator_3.py
[2024-01-30T16:31:59.380+0000] {logging_mixin.py:188} INFO - [2024-01-30T16:31:59.380+0000] {dag.py:3036} INFO - Sync 1 DAGs
[2024-01-30T16:31:59.404+0000] {logging_mixin.py:188} INFO - [2024-01-30T16:31:59.404+0000] {dag.py:3823} INFO - Setting next_dagrun for example_branch_dop_operator_v3 to 2024-01-30 16:30:00+00:00, run_after=2024-01-30 16:31:00+00:00
[2024-01-30T16:31:59.423+0000] {processor.py:183} INFO - Processing /home/airflow/.local/lib/python3.8/site-packages/airflow/example_dags/example_branch_python_dop_operator_3.py took 0.074 seconds
[2024-01-30T16:32:29.529+0000] {processor.py:161} INFO - Started process (PID=723) to work on /home/airflow/.local/lib/python3.8/site-packages/airflow/example_dags/example_branch_python_dop_operator_3.py
[2024-01-30T16:32:29.530+0000] {processor.py:830} INFO - Processing file /home/airflow/.local/lib/python3.8/site-packages/airflow/example_dags/example_branch_python_dop_operator_3.py for tasks to queue
[2024-01-30T16:32:29.532+0000] {logging_mixin.py:188} INFO - [2024-01-30T16:32:29.532+0000] {dagbag.py:538} INFO - Filling up the DagBag from /home/airflow/.local/lib/python3.8/site-packages/airflow/example_dags/example_branch_python_dop_operator_3.py
[2024-01-30T16:32:29.540+0000] {processor.py:840} INFO - DAG(s) 'example_branch_dop_operator_v3' retrieved from /home/airflow/.local/lib/python3.8/site-packages/airflow/example_dags/example_branch_python_dop_operator_3.py
[2024-01-30T16:32:29.557+0000] {logging_mixin.py:188} INFO - [2024-01-30T16:32:29.557+0000] {dag.py:3036} INFO - Sync 1 DAGs
[2024-01-30T16:32:29.580+0000] {logging_mixin.py:188} INFO - [2024-01-30T16:32:29.579+0000] {dag.py:3823} INFO - Setting next_dagrun for example_branch_dop_operator_v3 to 2024-01-30 16:31:00+00:00, run_after=2024-01-30 16:32:00+00:00
[2024-01-30T16:32:29.598+0000] {processor.py:183} INFO - Processing /home/airflow/.local/lib/python3.8/site-packages/airflow/example_dags/example_branch_python_dop_operator_3.py took 0.072 seconds
[2024-01-30T16:32:59.834+0000] {processor.py:161} INFO - Started process (PID=778) to work on /home/airflow/.local/lib/python3.8/site-packages/airflow/example_dags/example_branch_python_dop_operator_3.py
[2024-01-30T16:32:59.836+0000] {processor.py:830} INFO - Processing file /home/airflow/.local/lib/python3.8/site-packages/airflow/example_dags/example_branch_python_dop_operator_3.py for tasks to queue
[2024-01-30T16:32:59.837+0000] {logging_mixin.py:188} INFO - [2024-01-30T16:32:59.837+0000] {dagbag.py:538} INFO - Filling up the DagBag from /home/airflow/.local/lib/python3.8/site-packages/airflow/example_dags/example_branch_python_dop_operator_3.py
[2024-01-30T16:32:59.846+0000] {processor.py:840} INFO - DAG(s) 'example_branch_dop_operator_v3' retrieved from /home/airflow/.local/lib/python3.8/site-packages/airflow/example_dags/example_branch_python_dop_operator_3.py
[2024-01-30T16:32:59.865+0000] {logging_mixin.py:188} INFO - [2024-01-30T16:32:59.864+0000] {dag.py:3036} INFO - Sync 1 DAGs
[2024-01-30T16:32:59.890+0000] {logging_mixin.py:188} INFO - [2024-01-30T16:32:59.890+0000] {dag.py:3823} INFO - Setting next_dagrun for example_branch_dop_operator_v3 to 2024-01-30 16:31:00+00:00, run_after=2024-01-30 16:32:00+00:00
[2024-01-30T16:32:59.910+0000] {processor.py:183} INFO - Processing /home/airflow/.local/lib/python3.8/site-packages/airflow/example_dags/example_branch_python_dop_operator_3.py took 0.078 seconds
[2024-01-30T16:33:30.219+0000] {processor.py:161} INFO - Started process (PID=833) to work on /home/airflow/.local/lib/python3.8/site-packages/airflow/example_dags/example_branch_python_dop_operator_3.py
[2024-01-30T16:33:30.220+0000] {processor.py:830} INFO - Processing file /home/airflow/.local/lib/python3.8/site-packages/airflow/example_dags/example_branch_python_dop_operator_3.py for tasks to queue
[2024-01-30T16:33:30.222+0000] {logging_mixin.py:188} INFO - [2024-01-30T16:33:30.222+0000] {dagbag.py:538} INFO - Filling up the DagBag from /home/airflow/.local/lib/python3.8/site-packages/airflow/example_dags/example_branch_python_dop_operator_3.py
[2024-01-30T16:33:30.231+0000] {processor.py:840} INFO - DAG(s) 'example_branch_dop_operator_v3' retrieved from /home/airflow/.local/lib/python3.8/site-packages/airflow/example_dags/example_branch_python_dop_operator_3.py
[2024-01-30T16:33:30.250+0000] {logging_mixin.py:188} INFO - [2024-01-30T16:33:30.249+0000] {dag.py:3036} INFO - Sync 1 DAGs
[2024-01-30T16:33:30.275+0000] {logging_mixin.py:188} INFO - [2024-01-30T16:33:30.275+0000] {dag.py:3823} INFO - Setting next_dagrun for example_branch_dop_operator_v3 to 2024-01-30 16:32:00+00:00, run_after=2024-01-30 16:33:00+00:00
[2024-01-30T16:33:30.296+0000] {processor.py:183} INFO - Processing /home/airflow/.local/lib/python3.8/site-packages/airflow/example_dags/example_branch_python_dop_operator_3.py took 0.080 seconds
[2024-01-30T16:34:00.494+0000] {processor.py:161} INFO - Started process (PID=888) to work on /home/airflow/.local/lib/python3.8/site-packages/airflow/example_dags/example_branch_python_dop_operator_3.py
[2024-01-30T16:34:00.494+0000] {processor.py:830} INFO - Processing file /home/airflow/.local/lib/python3.8/site-packages/airflow/example_dags/example_branch_python_dop_operator_3.py for tasks to queue
[2024-01-30T16:34:00.496+0000] {logging_mixin.py:188} INFO - [2024-01-30T16:34:00.496+0000] {dagbag.py:538} INFO - Filling up the DagBag from /home/airflow/.local/lib/python3.8/site-packages/airflow/example_dags/example_branch_python_dop_operator_3.py
[2024-01-30T16:34:00.504+0000] {processor.py:840} INFO - DAG(s) 'example_branch_dop_operator_v3' retrieved from /home/airflow/.local/lib/python3.8/site-packages/airflow/example_dags/example_branch_python_dop_operator_3.py
[2024-01-30T16:34:00.523+0000] {logging_mixin.py:188} INFO - [2024-01-30T16:34:00.523+0000] {dag.py:3036} INFO - Sync 1 DAGs
[2024-01-30T16:34:00.548+0000] {logging_mixin.py:188} INFO - [2024-01-30T16:34:00.548+0000] {dag.py:3823} INFO - Setting next_dagrun for example_branch_dop_operator_v3 to 2024-01-30 16:33:00+00:00, run_after=2024-01-30 16:34:00+00:00
[2024-01-30T16:34:00.567+0000] {processor.py:183} INFO - Processing /home/airflow/.local/lib/python3.8/site-packages/airflow/example_dags/example_branch_python_dop_operator_3.py took 0.076 seconds
[2024-01-30T16:34:30.952+0000] {processor.py:161} INFO - Started process (PID=943) to work on /home/airflow/.local/lib/python3.8/site-packages/airflow/example_dags/example_branch_python_dop_operator_3.py
[2024-01-30T16:34:30.953+0000] {processor.py:830} INFO - Processing file /home/airflow/.local/lib/python3.8/site-packages/airflow/example_dags/example_branch_python_dop_operator_3.py for tasks to queue
[2024-01-30T16:34:30.955+0000] {logging_mixin.py:188} INFO - [2024-01-30T16:34:30.955+0000] {dagbag.py:538} INFO - Filling up the DagBag from /home/airflow/.local/lib/python3.8/site-packages/airflow/example_dags/example_branch_python_dop_operator_3.py
[2024-01-30T16:34:30.963+0000] {processor.py:840} INFO - DAG(s) 'example_branch_dop_operator_v3' retrieved from /home/airflow/.local/lib/python3.8/site-packages/airflow/example_dags/example_branch_python_dop_operator_3.py
[2024-01-30T16:34:30.982+0000] {logging_mixin.py:188} INFO - [2024-01-30T16:34:30.981+0000] {dag.py:3036} INFO - Sync 1 DAGs
[2024-01-30T16:34:31.007+0000] {logging_mixin.py:188} INFO - [2024-01-30T16:34:31.007+0000] {dag.py:3823} INFO - Setting next_dagrun for example_branch_dop_operator_v3 to 2024-01-30 16:33:00+00:00, run_after=2024-01-30 16:34:00+00:00
[2024-01-30T16:34:31.026+0000] {processor.py:183} INFO - Processing /home/airflow/.local/lib/python3.8/site-packages/airflow/example_dags/example_branch_python_dop_operator_3.py took 0.079 seconds
[2024-01-30T16:35:01.308+0000] {processor.py:161} INFO - Started process (PID=998) to work on /home/airflow/.local/lib/python3.8/site-packages/airflow/example_dags/example_branch_python_dop_operator_3.py
[2024-01-30T16:35:01.309+0000] {processor.py:830} INFO - Processing file /home/airflow/.local/lib/python3.8/site-packages/airflow/example_dags/example_branch_python_dop_operator_3.py for tasks to queue
[2024-01-30T16:35:01.311+0000] {logging_mixin.py:188} INFO - [2024-01-30T16:35:01.311+0000] {dagbag.py:538} INFO - Filling up the DagBag from /home/airflow/.local/lib/python3.8/site-packages/airflow/example_dags/example_branch_python_dop_operator_3.py
[2024-01-30T16:35:01.319+0000] {processor.py:840} INFO - DAG(s) 'example_branch_dop_operator_v3' retrieved from /home/airflow/.local/lib/python3.8/site-packages/airflow/example_dags/example_branch_python_dop_operator_3.py
[2024-01-30T16:35:01.337+0000] {logging_mixin.py:188} INFO - [2024-01-30T16:35:01.337+0000] {dag.py:3036} INFO - Sync 1 DAGs
[2024-01-30T16:35:01.361+0000] {logging_mixin.py:188} INFO - [2024-01-30T16:35:01.361+0000] {dag.py:3823} INFO - Setting next_dagrun for example_branch_dop_operator_v3 to 2024-01-30 16:34:00+00:00, run_after=2024-01-30 16:35:00+00:00
[2024-01-30T16:35:01.380+0000] {processor.py:183} INFO - Processing /home/airflow/.local/lib/python3.8/site-packages/airflow/example_dags/example_branch_python_dop_operator_3.py took 0.075 seconds
[2024-01-30T16:35:31.474+0000] {processor.py:161} INFO - Started process (PID=1053) to work on /home/airflow/.local/lib/python3.8/site-packages/airflow/example_dags/example_branch_python_dop_operator_3.py
[2024-01-30T16:35:31.475+0000] {processor.py:830} INFO - Processing file /home/airflow/.local/lib/python3.8/site-packages/airflow/example_dags/example_branch_python_dop_operator_3.py for tasks to queue
[2024-01-30T16:35:31.477+0000] {logging_mixin.py:188} INFO - [2024-01-30T16:35:31.477+0000] {dagbag.py:538} INFO - Filling up the DagBag from /home/airflow/.local/lib/python3.8/site-packages/airflow/example_dags/example_branch_python_dop_operator_3.py
[2024-01-30T16:35:31.485+0000] {processor.py:840} INFO - DAG(s) 'example_branch_dop_operator_v3' retrieved from /home/airflow/.local/lib/python3.8/site-packages/airflow/example_dags/example_branch_python_dop_operator_3.py
[2024-01-30T16:35:31.503+0000] {logging_mixin.py:188} INFO - [2024-01-30T16:35:31.503+0000] {dag.py:3036} INFO - Sync 1 DAGs
[2024-01-30T16:35:31.528+0000] {logging_mixin.py:188} INFO - [2024-01-30T16:35:31.528+0000] {dag.py:3823} INFO - Setting next_dagrun for example_branch_dop_operator_v3 to 2024-01-30 16:34:00+00:00, run_after=2024-01-30 16:35:00+00:00
[2024-01-30T16:35:31.547+0000] {processor.py:183} INFO - Processing /home/airflow/.local/lib/python3.8/site-packages/airflow/example_dags/example_branch_python_dop_operator_3.py took 0.076 seconds
[2024-01-30T16:36:01.613+0000] {processor.py:161} INFO - Started process (PID=1108) to work on /home/airflow/.local/lib/python3.8/site-packages/airflow/example_dags/example_branch_python_dop_operator_3.py
[2024-01-30T16:36:01.614+0000] {processor.py:830} INFO - Processing file /home/airflow/.local/lib/python3.8/site-packages/airflow/example_dags/example_branch_python_dop_operator_3.py for tasks to queue
[2024-01-30T16:36:01.615+0000] {logging_mixin.py:188} INFO - [2024-01-30T16:36:01.615+0000] {dagbag.py:538} INFO - Filling up the DagBag from /home/airflow/.local/lib/python3.8/site-packages/airflow/example_dags/example_branch_python_dop_operator_3.py
[2024-01-30T16:36:01.623+0000] {processor.py:840} INFO - DAG(s) 'example_branch_dop_operator_v3' retrieved from /home/airflow/.local/lib/python3.8/site-packages/airflow/example_dags/example_branch_python_dop_operator_3.py
[2024-01-30T16:36:01.641+0000] {logging_mixin.py:188} INFO - [2024-01-30T16:36:01.640+0000] {dag.py:3036} INFO - Sync 1 DAGs
[2024-01-30T16:36:01.665+0000] {logging_mixin.py:188} INFO - [2024-01-30T16:36:01.665+0000] {dag.py:3823} INFO - Setting next_dagrun for example_branch_dop_operator_v3 to 2024-01-30 16:35:00+00:00, run_after=2024-01-30 16:36:00+00:00
[2024-01-30T16:36:01.683+0000] {processor.py:183} INFO - Processing /home/airflow/.local/lib/python3.8/site-packages/airflow/example_dags/example_branch_python_dop_operator_3.py took 0.073 seconds
[2024-01-30T16:36:32.611+0000] {processor.py:161} INFO - Started process (PID=1163) to work on /home/airflow/.local/lib/python3.8/site-packages/airflow/example_dags/example_branch_python_dop_operator_3.py
[2024-01-30T16:36:32.612+0000] {processor.py:830} INFO - Processing file /home/airflow/.local/lib/python3.8/site-packages/airflow/example_dags/example_branch_python_dop_operator_3.py for tasks to queue
[2024-01-30T16:36:32.615+0000] {logging_mixin.py:188} INFO - [2024-01-30T16:36:32.614+0000] {dagbag.py:538} INFO - Filling up the DagBag from /home/airflow/.local/lib/python3.8/site-packages/airflow/example_dags/example_branch_python_dop_operator_3.py
[2024-01-30T16:36:32.624+0000] {processor.py:840} INFO - DAG(s) 'example_branch_dop_operator_v3' retrieved from /home/airflow/.local/lib/python3.8/site-packages/airflow/example_dags/example_branch_python_dop_operator_3.py
[2024-01-30T16:36:32.644+0000] {logging_mixin.py:188} INFO - [2024-01-30T16:36:32.644+0000] {dag.py:3036} INFO - Sync 1 DAGs
[2024-01-30T16:36:32.672+0000] {logging_mixin.py:188} INFO - [2024-01-30T16:36:32.672+0000] {dag.py:3823} INFO - Setting next_dagrun for example_branch_dop_operator_v3 to 2024-01-30 16:35:00+00:00, run_after=2024-01-30 16:36:00+00:00
[2024-01-30T16:36:32.695+0000] {processor.py:183} INFO - Processing /home/airflow/.local/lib/python3.8/site-packages/airflow/example_dags/example_branch_python_dop_operator_3.py took 0.087 seconds
[2024-01-30T16:37:02.761+0000] {processor.py:161} INFO - Started process (PID=1218) to work on /home/airflow/.local/lib/python3.8/site-packages/airflow/example_dags/example_branch_python_dop_operator_3.py
[2024-01-30T16:37:02.763+0000] {processor.py:830} INFO - Processing file /home/airflow/.local/lib/python3.8/site-packages/airflow/example_dags/example_branch_python_dop_operator_3.py for tasks to queue
[2024-01-30T16:37:02.765+0000] {logging_mixin.py:188} INFO - [2024-01-30T16:37:02.764+0000] {dagbag.py:538} INFO - Filling up the DagBag from /home/airflow/.local/lib/python3.8/site-packages/airflow/example_dags/example_branch_python_dop_operator_3.py
[2024-01-30T16:37:02.774+0000] {processor.py:840} INFO - DAG(s) 'example_branch_dop_operator_v3' retrieved from /home/airflow/.local/lib/python3.8/site-packages/airflow/example_dags/example_branch_python_dop_operator_3.py
[2024-01-30T16:37:02.792+0000] {logging_mixin.py:188} INFO - [2024-01-30T16:37:02.792+0000] {dag.py:3036} INFO - Sync 1 DAGs
[2024-01-30T16:37:02.821+0000] {logging_mixin.py:188} INFO - [2024-01-30T16:37:02.821+0000] {dag.py:3823} INFO - Setting next_dagrun for example_branch_dop_operator_v3 to 2024-01-30 16:36:00+00:00, run_after=2024-01-30 16:37:00+00:00
[2024-01-30T16:37:02.840+0000] {processor.py:183} INFO - Processing /home/airflow/.local/lib/python3.8/site-packages/airflow/example_dags/example_branch_python_dop_operator_3.py took 0.082 seconds
[2024-01-30T16:37:33.615+0000] {processor.py:161} INFO - Started process (PID=1273) to work on /home/airflow/.local/lib/python3.8/site-packages/airflow/example_dags/example_branch_python_dop_operator_3.py
[2024-01-30T16:37:33.616+0000] {processor.py:830} INFO - Processing file /home/airflow/.local/lib/python3.8/site-packages/airflow/example_dags/example_branch_python_dop_operator_3.py for tasks to queue
[2024-01-30T16:37:33.618+0000] {logging_mixin.py:188} INFO - [2024-01-30T16:37:33.618+0000] {dagbag.py:538} INFO - Filling up the DagBag from /home/airflow/.local/lib/python3.8/site-packages/airflow/example_dags/example_branch_python_dop_operator_3.py
[2024-01-30T16:37:33.626+0000] {processor.py:840} INFO - DAG(s) 'example_branch_dop_operator_v3' retrieved from /home/airflow/.local/lib/python3.8/site-packages/airflow/example_dags/example_branch_python_dop_operator_3.py
[2024-01-30T16:37:33.643+0000] {logging_mixin.py:188} INFO - [2024-01-30T16:37:33.643+0000] {dag.py:3036} INFO - Sync 1 DAGs
[2024-01-30T16:37:33.668+0000] {logging_mixin.py:188} INFO - [2024-01-30T16:37:33.668+0000] {dag.py:3823} INFO - Setting next_dagrun for example_branch_dop_operator_v3 to 2024-01-30 16:36:00+00:00, run_after=2024-01-30 16:37:00+00:00
[2024-01-30T16:37:33.685+0000] {processor.py:183} INFO - Processing /home/airflow/.local/lib/python3.8/site-packages/airflow/example_dags/example_branch_python_dop_operator_3.py took 0.073 seconds
