[2024-01-30T16:16:26.795+0000] {processor.py:161} INFO - Started process (PID=77) to work on /home/airflow/.local/lib/python3.8/site-packages/airflow/example_dags/example_latest_only.py
[2024-01-30T16:16:26.796+0000] {processor.py:830} INFO - Processing file /home/airflow/.local/lib/python3.8/site-packages/airflow/example_dags/example_latest_only.py for tasks to queue
[2024-01-30T16:16:26.798+0000] {logging_mixin.py:188} INFO - [2024-01-30T16:16:26.798+0000] {dagbag.py:538} INFO - Filling up the DagBag from /home/airflow/.local/lib/python3.8/site-packages/airflow/example_dags/example_latest_only.py
[2024-01-30T16:16:26.806+0000] {processor.py:840} INFO - DAG(s) 'latest_only' retrieved from /home/airflow/.local/lib/python3.8/site-packages/airflow/example_dags/example_latest_only.py
[2024-01-30T16:16:26.819+0000] {logging_mixin.py:188} INFO - [2024-01-30T16:16:26.819+0000] {dag.py:3036} INFO - Sync 1 DAGs
[2024-01-30T16:16:26.842+0000] {logging_mixin.py:188} INFO - [2024-01-30T16:16:26.842+0000] {dag.py:3823} INFO - Setting next_dagrun for latest_only to 2024-01-30 12:00:00+00:00, run_after=2024-01-30 16:00:00+00:00
[2024-01-30T16:16:26.864+0000] {processor.py:183} INFO - Processing /home/airflow/.local/lib/python3.8/site-packages/airflow/example_dags/example_latest_only.py took 0.074 seconds
[2024-01-30T16:16:59.154+0000] {processor.py:161} INFO - Started process (PID=132) to work on /home/airflow/.local/lib/python3.8/site-packages/airflow/example_dags/example_latest_only.py
[2024-01-30T16:16:59.155+0000] {processor.py:830} INFO - Processing file /home/airflow/.local/lib/python3.8/site-packages/airflow/example_dags/example_latest_only.py for tasks to queue
[2024-01-30T16:16:59.156+0000] {logging_mixin.py:188} INFO - [2024-01-30T16:16:59.156+0000] {dagbag.py:538} INFO - Filling up the DagBag from /home/airflow/.local/lib/python3.8/site-packages/airflow/example_dags/example_latest_only.py
[2024-01-30T16:16:59.161+0000] {processor.py:840} INFO - DAG(s) 'latest_only' retrieved from /home/airflow/.local/lib/python3.8/site-packages/airflow/example_dags/example_latest_only.py
[2024-01-30T16:16:59.254+0000] {logging_mixin.py:188} INFO - [2024-01-30T16:16:59.254+0000] {dag.py:3036} INFO - Sync 1 DAGs
[2024-01-30T16:16:59.273+0000] {logging_mixin.py:188} INFO - [2024-01-30T16:16:59.273+0000] {dag.py:3823} INFO - Setting next_dagrun for latest_only to 2024-01-30 12:00:00+00:00, run_after=2024-01-30 16:00:00+00:00
[2024-01-30T16:16:59.292+0000] {processor.py:183} INFO - Processing /home/airflow/.local/lib/python3.8/site-packages/airflow/example_dags/example_latest_only.py took 0.141 seconds
[2024-01-30T16:17:30.000+0000] {processor.py:161} INFO - Started process (PID=187) to work on /home/airflow/.local/lib/python3.8/site-packages/airflow/example_dags/example_latest_only.py
[2024-01-30T16:17:30.000+0000] {processor.py:830} INFO - Processing file /home/airflow/.local/lib/python3.8/site-packages/airflow/example_dags/example_latest_only.py for tasks to queue
[2024-01-30T16:17:30.002+0000] {logging_mixin.py:188} INFO - [2024-01-30T16:17:30.002+0000] {dagbag.py:538} INFO - Filling up the DagBag from /home/airflow/.local/lib/python3.8/site-packages/airflow/example_dags/example_latest_only.py
[2024-01-30T16:17:30.006+0000] {processor.py:840} INFO - DAG(s) 'latest_only' retrieved from /home/airflow/.local/lib/python3.8/site-packages/airflow/example_dags/example_latest_only.py
[2024-01-30T16:17:30.024+0000] {logging_mixin.py:188} INFO - [2024-01-30T16:17:30.023+0000] {dag.py:3036} INFO - Sync 1 DAGs
[2024-01-30T16:17:30.043+0000] {logging_mixin.py:188} INFO - [2024-01-30T16:17:30.042+0000] {dag.py:3823} INFO - Setting next_dagrun for latest_only to 2024-01-30 12:00:00+00:00, run_after=2024-01-30 16:00:00+00:00
[2024-01-30T16:17:30.061+0000] {processor.py:183} INFO - Processing /home/airflow/.local/lib/python3.8/site-packages/airflow/example_dags/example_latest_only.py took 0.064 seconds
[2024-01-30T16:18:00.216+0000] {processor.py:161} INFO - Started process (PID=242) to work on /home/airflow/.local/lib/python3.8/site-packages/airflow/example_dags/example_latest_only.py
[2024-01-30T16:18:00.217+0000] {processor.py:830} INFO - Processing file /home/airflow/.local/lib/python3.8/site-packages/airflow/example_dags/example_latest_only.py for tasks to queue
[2024-01-30T16:18:00.218+0000] {logging_mixin.py:188} INFO - [2024-01-30T16:18:00.218+0000] {dagbag.py:538} INFO - Filling up the DagBag from /home/airflow/.local/lib/python3.8/site-packages/airflow/example_dags/example_latest_only.py
[2024-01-30T16:18:00.223+0000] {processor.py:840} INFO - DAG(s) 'latest_only' retrieved from /home/airflow/.local/lib/python3.8/site-packages/airflow/example_dags/example_latest_only.py
[2024-01-30T16:18:00.241+0000] {logging_mixin.py:188} INFO - [2024-01-30T16:18:00.240+0000] {dag.py:3036} INFO - Sync 1 DAGs
[2024-01-30T16:18:00.260+0000] {logging_mixin.py:188} INFO - [2024-01-30T16:18:00.260+0000] {dag.py:3823} INFO - Setting next_dagrun for latest_only to 2024-01-30 12:00:00+00:00, run_after=2024-01-30 16:00:00+00:00
[2024-01-30T16:18:00.279+0000] {processor.py:183} INFO - Processing /home/airflow/.local/lib/python3.8/site-packages/airflow/example_dags/example_latest_only.py took 0.066 seconds
[2024-01-30T16:18:31.153+0000] {processor.py:161} INFO - Started process (PID=297) to work on /home/airflow/.local/lib/python3.8/site-packages/airflow/example_dags/example_latest_only.py
[2024-01-30T16:18:31.154+0000] {processor.py:830} INFO - Processing file /home/airflow/.local/lib/python3.8/site-packages/airflow/example_dags/example_latest_only.py for tasks to queue
[2024-01-30T16:18:31.156+0000] {logging_mixin.py:188} INFO - [2024-01-30T16:18:31.155+0000] {dagbag.py:538} INFO - Filling up the DagBag from /home/airflow/.local/lib/python3.8/site-packages/airflow/example_dags/example_latest_only.py
[2024-01-30T16:18:31.160+0000] {processor.py:840} INFO - DAG(s) 'latest_only' retrieved from /home/airflow/.local/lib/python3.8/site-packages/airflow/example_dags/example_latest_only.py
[2024-01-30T16:18:31.178+0000] {logging_mixin.py:188} INFO - [2024-01-30T16:18:31.178+0000] {dag.py:3036} INFO - Sync 1 DAGs
[2024-01-30T16:18:31.202+0000] {logging_mixin.py:188} INFO - [2024-01-30T16:18:31.201+0000] {dag.py:3823} INFO - Setting next_dagrun for latest_only to 2024-01-30 12:00:00+00:00, run_after=2024-01-30 16:00:00+00:00
[2024-01-30T16:18:31.220+0000] {processor.py:183} INFO - Processing /home/airflow/.local/lib/python3.8/site-packages/airflow/example_dags/example_latest_only.py took 0.071 seconds
[2024-01-30T16:19:01.870+0000] {processor.py:161} INFO - Started process (PID=352) to work on /home/airflow/.local/lib/python3.8/site-packages/airflow/example_dags/example_latest_only.py
[2024-01-30T16:19:01.871+0000] {processor.py:830} INFO - Processing file /home/airflow/.local/lib/python3.8/site-packages/airflow/example_dags/example_latest_only.py for tasks to queue
[2024-01-30T16:19:01.872+0000] {logging_mixin.py:188} INFO - [2024-01-30T16:19:01.872+0000] {dagbag.py:538} INFO - Filling up the DagBag from /home/airflow/.local/lib/python3.8/site-packages/airflow/example_dags/example_latest_only.py
[2024-01-30T16:19:01.877+0000] {processor.py:840} INFO - DAG(s) 'latest_only' retrieved from /home/airflow/.local/lib/python3.8/site-packages/airflow/example_dags/example_latest_only.py
[2024-01-30T16:19:01.894+0000] {logging_mixin.py:188} INFO - [2024-01-30T16:19:01.894+0000] {dag.py:3036} INFO - Sync 1 DAGs
[2024-01-30T16:19:01.913+0000] {logging_mixin.py:188} INFO - [2024-01-30T16:19:01.913+0000] {dag.py:3823} INFO - Setting next_dagrun for latest_only to 2024-01-30 12:00:00+00:00, run_after=2024-01-30 16:00:00+00:00
[2024-01-30T16:19:01.931+0000] {processor.py:183} INFO - Processing /home/airflow/.local/lib/python3.8/site-packages/airflow/example_dags/example_latest_only.py took 0.064 seconds
[2024-01-30T16:19:32.423+0000] {processor.py:161} INFO - Started process (PID=407) to work on /home/airflow/.local/lib/python3.8/site-packages/airflow/example_dags/example_latest_only.py
[2024-01-30T16:19:32.424+0000] {processor.py:830} INFO - Processing file /home/airflow/.local/lib/python3.8/site-packages/airflow/example_dags/example_latest_only.py for tasks to queue
[2024-01-30T16:19:32.425+0000] {logging_mixin.py:188} INFO - [2024-01-30T16:19:32.425+0000] {dagbag.py:538} INFO - Filling up the DagBag from /home/airflow/.local/lib/python3.8/site-packages/airflow/example_dags/example_latest_only.py
[2024-01-30T16:19:32.430+0000] {processor.py:840} INFO - DAG(s) 'latest_only' retrieved from /home/airflow/.local/lib/python3.8/site-packages/airflow/example_dags/example_latest_only.py
[2024-01-30T16:19:32.449+0000] {logging_mixin.py:188} INFO - [2024-01-30T16:19:32.449+0000] {dag.py:3036} INFO - Sync 1 DAGs
[2024-01-30T16:19:32.468+0000] {logging_mixin.py:188} INFO - [2024-01-30T16:19:32.468+0000] {dag.py:3823} INFO - Setting next_dagrun for latest_only to 2024-01-30 12:00:00+00:00, run_after=2024-01-30 16:00:00+00:00
[2024-01-30T16:19:32.486+0000] {processor.py:183} INFO - Processing /home/airflow/.local/lib/python3.8/site-packages/airflow/example_dags/example_latest_only.py took 0.066 seconds
[2024-01-30T16:20:03.169+0000] {processor.py:161} INFO - Started process (PID=462) to work on /home/airflow/.local/lib/python3.8/site-packages/airflow/example_dags/example_latest_only.py
[2024-01-30T16:20:03.170+0000] {processor.py:830} INFO - Processing file /home/airflow/.local/lib/python3.8/site-packages/airflow/example_dags/example_latest_only.py for tasks to queue
[2024-01-30T16:20:03.172+0000] {logging_mixin.py:188} INFO - [2024-01-30T16:20:03.172+0000] {dagbag.py:538} INFO - Filling up the DagBag from /home/airflow/.local/lib/python3.8/site-packages/airflow/example_dags/example_latest_only.py
[2024-01-30T16:20:03.177+0000] {processor.py:840} INFO - DAG(s) 'latest_only' retrieved from /home/airflow/.local/lib/python3.8/site-packages/airflow/example_dags/example_latest_only.py
[2024-01-30T16:20:03.196+0000] {logging_mixin.py:188} INFO - [2024-01-30T16:20:03.195+0000] {dag.py:3036} INFO - Sync 1 DAGs
[2024-01-30T16:20:03.215+0000] {logging_mixin.py:188} INFO - [2024-01-30T16:20:03.214+0000] {dag.py:3823} INFO - Setting next_dagrun for latest_only to 2024-01-30 12:00:00+00:00, run_after=2024-01-30 16:00:00+00:00
[2024-01-30T16:20:03.233+0000] {processor.py:183} INFO - Processing /home/airflow/.local/lib/python3.8/site-packages/airflow/example_dags/example_latest_only.py took 0.067 seconds
[2024-01-30T16:20:33.862+0000] {processor.py:161} INFO - Started process (PID=517) to work on /home/airflow/.local/lib/python3.8/site-packages/airflow/example_dags/example_latest_only.py
[2024-01-30T16:20:33.863+0000] {processor.py:830} INFO - Processing file /home/airflow/.local/lib/python3.8/site-packages/airflow/example_dags/example_latest_only.py for tasks to queue
[2024-01-30T16:20:33.865+0000] {logging_mixin.py:188} INFO - [2024-01-30T16:20:33.864+0000] {dagbag.py:538} INFO - Filling up the DagBag from /home/airflow/.local/lib/python3.8/site-packages/airflow/example_dags/example_latest_only.py
[2024-01-30T16:20:33.869+0000] {processor.py:840} INFO - DAG(s) 'latest_only' retrieved from /home/airflow/.local/lib/python3.8/site-packages/airflow/example_dags/example_latest_only.py
[2024-01-30T16:20:33.886+0000] {logging_mixin.py:188} INFO - [2024-01-30T16:20:33.886+0000] {dag.py:3036} INFO - Sync 1 DAGs
[2024-01-30T16:20:33.906+0000] {logging_mixin.py:188} INFO - [2024-01-30T16:20:33.906+0000] {dag.py:3823} INFO - Setting next_dagrun for latest_only to 2024-01-30 12:00:00+00:00, run_after=2024-01-30 16:00:00+00:00
[2024-01-30T16:20:33.926+0000] {processor.py:183} INFO - Processing /home/airflow/.local/lib/python3.8/site-packages/airflow/example_dags/example_latest_only.py took 0.067 seconds
[2024-01-30T16:21:04.705+0000] {processor.py:161} INFO - Started process (PID=572) to work on /home/airflow/.local/lib/python3.8/site-packages/airflow/example_dags/example_latest_only.py
[2024-01-30T16:21:04.706+0000] {processor.py:830} INFO - Processing file /home/airflow/.local/lib/python3.8/site-packages/airflow/example_dags/example_latest_only.py for tasks to queue
[2024-01-30T16:21:04.708+0000] {logging_mixin.py:188} INFO - [2024-01-30T16:21:04.708+0000] {dagbag.py:538} INFO - Filling up the DagBag from /home/airflow/.local/lib/python3.8/site-packages/airflow/example_dags/example_latest_only.py
[2024-01-30T16:21:04.713+0000] {processor.py:840} INFO - DAG(s) 'latest_only' retrieved from /home/airflow/.local/lib/python3.8/site-packages/airflow/example_dags/example_latest_only.py
[2024-01-30T16:21:04.732+0000] {logging_mixin.py:188} INFO - [2024-01-30T16:21:04.731+0000] {dag.py:3036} INFO - Sync 1 DAGs
[2024-01-30T16:21:04.752+0000] {logging_mixin.py:188} INFO - [2024-01-30T16:21:04.752+0000] {dag.py:3823} INFO - Setting next_dagrun for latest_only to 2024-01-30 12:00:00+00:00, run_after=2024-01-30 16:00:00+00:00
[2024-01-30T16:21:04.770+0000] {processor.py:183} INFO - Processing /home/airflow/.local/lib/python3.8/site-packages/airflow/example_dags/example_latest_only.py took 0.069 seconds
[2024-01-30T16:21:34.973+0000] {processor.py:161} INFO - Started process (PID=627) to work on /home/airflow/.local/lib/python3.8/site-packages/airflow/example_dags/example_latest_only.py
[2024-01-30T16:21:34.974+0000] {processor.py:830} INFO - Processing file /home/airflow/.local/lib/python3.8/site-packages/airflow/example_dags/example_latest_only.py for tasks to queue
[2024-01-30T16:21:34.975+0000] {logging_mixin.py:188} INFO - [2024-01-30T16:21:34.975+0000] {dagbag.py:538} INFO - Filling up the DagBag from /home/airflow/.local/lib/python3.8/site-packages/airflow/example_dags/example_latest_only.py
[2024-01-30T16:21:34.981+0000] {processor.py:840} INFO - DAG(s) 'latest_only' retrieved from /home/airflow/.local/lib/python3.8/site-packages/airflow/example_dags/example_latest_only.py
[2024-01-30T16:21:35.000+0000] {logging_mixin.py:188} INFO - [2024-01-30T16:21:35.000+0000] {dag.py:3036} INFO - Sync 1 DAGs
[2024-01-30T16:21:35.021+0000] {logging_mixin.py:188} INFO - [2024-01-30T16:21:35.021+0000] {dag.py:3823} INFO - Setting next_dagrun for latest_only to 2024-01-30 12:00:00+00:00, run_after=2024-01-30 16:00:00+00:00
[2024-01-30T16:21:35.040+0000] {processor.py:183} INFO - Processing /home/airflow/.local/lib/python3.8/site-packages/airflow/example_dags/example_latest_only.py took 0.071 seconds
[2024-01-30T16:22:05.139+0000] {processor.py:161} INFO - Started process (PID=682) to work on /home/airflow/.local/lib/python3.8/site-packages/airflow/example_dags/example_latest_only.py
[2024-01-30T16:22:05.140+0000] {processor.py:830} INFO - Processing file /home/airflow/.local/lib/python3.8/site-packages/airflow/example_dags/example_latest_only.py for tasks to queue
[2024-01-30T16:22:05.142+0000] {logging_mixin.py:188} INFO - [2024-01-30T16:22:05.141+0000] {dagbag.py:538} INFO - Filling up the DagBag from /home/airflow/.local/lib/python3.8/site-packages/airflow/example_dags/example_latest_only.py
[2024-01-30T16:22:05.147+0000] {processor.py:840} INFO - DAG(s) 'latest_only' retrieved from /home/airflow/.local/lib/python3.8/site-packages/airflow/example_dags/example_latest_only.py
[2024-01-30T16:22:05.165+0000] {logging_mixin.py:188} INFO - [2024-01-30T16:22:05.165+0000] {dag.py:3036} INFO - Sync 1 DAGs
[2024-01-30T16:22:05.186+0000] {logging_mixin.py:188} INFO - [2024-01-30T16:22:05.186+0000] {dag.py:3823} INFO - Setting next_dagrun for latest_only to 2024-01-30 12:00:00+00:00, run_after=2024-01-30 16:00:00+00:00
[2024-01-30T16:22:05.206+0000] {processor.py:183} INFO - Processing /home/airflow/.local/lib/python3.8/site-packages/airflow/example_dags/example_latest_only.py took 0.071 seconds
[2024-01-30T16:22:35.240+0000] {processor.py:161} INFO - Started process (PID=736) to work on /home/airflow/.local/lib/python3.8/site-packages/airflow/example_dags/example_latest_only.py
[2024-01-30T16:22:35.241+0000] {processor.py:830} INFO - Processing file /home/airflow/.local/lib/python3.8/site-packages/airflow/example_dags/example_latest_only.py for tasks to queue
[2024-01-30T16:22:35.243+0000] {logging_mixin.py:188} INFO - [2024-01-30T16:22:35.243+0000] {dagbag.py:538} INFO - Filling up the DagBag from /home/airflow/.local/lib/python3.8/site-packages/airflow/example_dags/example_latest_only.py
[2024-01-30T16:22:35.247+0000] {processor.py:840} INFO - DAG(s) 'latest_only' retrieved from /home/airflow/.local/lib/python3.8/site-packages/airflow/example_dags/example_latest_only.py
[2024-01-30T16:22:35.265+0000] {logging_mixin.py:188} INFO - [2024-01-30T16:22:35.265+0000] {dag.py:3036} INFO - Sync 1 DAGs
[2024-01-30T16:22:35.284+0000] {logging_mixin.py:188} INFO - [2024-01-30T16:22:35.284+0000] {dag.py:3823} INFO - Setting next_dagrun for latest_only to 2024-01-30 12:00:00+00:00, run_after=2024-01-30 16:00:00+00:00
[2024-01-30T16:22:35.303+0000] {processor.py:183} INFO - Processing /home/airflow/.local/lib/python3.8/site-packages/airflow/example_dags/example_latest_only.py took 0.066 seconds
[2024-01-30T16:23:05.403+0000] {processor.py:161} INFO - Started process (PID=791) to work on /home/airflow/.local/lib/python3.8/site-packages/airflow/example_dags/example_latest_only.py
[2024-01-30T16:23:05.404+0000] {processor.py:830} INFO - Processing file /home/airflow/.local/lib/python3.8/site-packages/airflow/example_dags/example_latest_only.py for tasks to queue
[2024-01-30T16:23:05.406+0000] {logging_mixin.py:188} INFO - [2024-01-30T16:23:05.406+0000] {dagbag.py:538} INFO - Filling up the DagBag from /home/airflow/.local/lib/python3.8/site-packages/airflow/example_dags/example_latest_only.py
[2024-01-30T16:23:05.410+0000] {processor.py:840} INFO - DAG(s) 'latest_only' retrieved from /home/airflow/.local/lib/python3.8/site-packages/airflow/example_dags/example_latest_only.py
[2024-01-30T16:23:05.428+0000] {logging_mixin.py:188} INFO - [2024-01-30T16:23:05.428+0000] {dag.py:3036} INFO - Sync 1 DAGs
[2024-01-30T16:23:05.447+0000] {logging_mixin.py:188} INFO - [2024-01-30T16:23:05.447+0000] {dag.py:3823} INFO - Setting next_dagrun for latest_only to 2024-01-30 12:00:00+00:00, run_after=2024-01-30 16:00:00+00:00
[2024-01-30T16:23:05.465+0000] {processor.py:183} INFO - Processing /home/airflow/.local/lib/python3.8/site-packages/airflow/example_dags/example_latest_only.py took 0.064 seconds
[2024-01-30T16:23:36.219+0000] {processor.py:161} INFO - Started process (PID=846) to work on /home/airflow/.local/lib/python3.8/site-packages/airflow/example_dags/example_latest_only.py
[2024-01-30T16:23:36.220+0000] {processor.py:830} INFO - Processing file /home/airflow/.local/lib/python3.8/site-packages/airflow/example_dags/example_latest_only.py for tasks to queue
[2024-01-30T16:23:36.221+0000] {logging_mixin.py:188} INFO - [2024-01-30T16:23:36.221+0000] {dagbag.py:538} INFO - Filling up the DagBag from /home/airflow/.local/lib/python3.8/site-packages/airflow/example_dags/example_latest_only.py
[2024-01-30T16:23:36.226+0000] {processor.py:840} INFO - DAG(s) 'latest_only' retrieved from /home/airflow/.local/lib/python3.8/site-packages/airflow/example_dags/example_latest_only.py
[2024-01-30T16:23:36.244+0000] {logging_mixin.py:188} INFO - [2024-01-30T16:23:36.244+0000] {dag.py:3036} INFO - Sync 1 DAGs
[2024-01-30T16:23:36.265+0000] {logging_mixin.py:188} INFO - [2024-01-30T16:23:36.264+0000] {dag.py:3823} INFO - Setting next_dagrun for latest_only to 2024-01-30 12:00:00+00:00, run_after=2024-01-30 16:00:00+00:00
[2024-01-30T16:23:36.283+0000] {processor.py:183} INFO - Processing /home/airflow/.local/lib/python3.8/site-packages/airflow/example_dags/example_latest_only.py took 0.067 seconds
[2024-01-30T16:24:43.287+0000] {processor.py:161} INFO - Started process (PID=77) to work on /home/airflow/.local/lib/python3.8/site-packages/airflow/example_dags/example_latest_only.py
[2024-01-30T16:24:43.288+0000] {processor.py:830} INFO - Processing file /home/airflow/.local/lib/python3.8/site-packages/airflow/example_dags/example_latest_only.py for tasks to queue
[2024-01-30T16:24:43.290+0000] {logging_mixin.py:188} INFO - [2024-01-30T16:24:43.290+0000] {dagbag.py:538} INFO - Filling up the DagBag from /home/airflow/.local/lib/python3.8/site-packages/airflow/example_dags/example_latest_only.py
[2024-01-30T16:24:43.294+0000] {processor.py:840} INFO - DAG(s) 'latest_only' retrieved from /home/airflow/.local/lib/python3.8/site-packages/airflow/example_dags/example_latest_only.py
[2024-01-30T16:24:43.305+0000] {logging_mixin.py:188} INFO - [2024-01-30T16:24:43.304+0000] {dag.py:3036} INFO - Sync 1 DAGs
[2024-01-30T16:24:43.325+0000] {logging_mixin.py:188} INFO - [2024-01-30T16:24:43.325+0000] {dag.py:3823} INFO - Setting next_dagrun for latest_only to 2024-01-30 12:00:00+00:00, run_after=2024-01-30 16:00:00+00:00
[2024-01-30T16:24:43.344+0000] {processor.py:183} INFO - Processing /home/airflow/.local/lib/python3.8/site-packages/airflow/example_dags/example_latest_only.py took 0.059 seconds
[2024-01-30T16:25:15.354+0000] {processor.py:161} INFO - Started process (PID=132) to work on /home/airflow/.local/lib/python3.8/site-packages/airflow/example_dags/example_latest_only.py
[2024-01-30T16:25:15.355+0000] {processor.py:830} INFO - Processing file /home/airflow/.local/lib/python3.8/site-packages/airflow/example_dags/example_latest_only.py for tasks to queue
[2024-01-30T16:25:15.357+0000] {logging_mixin.py:188} INFO - [2024-01-30T16:25:15.356+0000] {dagbag.py:538} INFO - Filling up the DagBag from /home/airflow/.local/lib/python3.8/site-packages/airflow/example_dags/example_latest_only.py
[2024-01-30T16:25:15.361+0000] {processor.py:840} INFO - DAG(s) 'latest_only' retrieved from /home/airflow/.local/lib/python3.8/site-packages/airflow/example_dags/example_latest_only.py
[2024-01-30T16:25:15.451+0000] {logging_mixin.py:188} INFO - [2024-01-30T16:25:15.450+0000] {dag.py:3036} INFO - Sync 1 DAGs
[2024-01-30T16:25:15.468+0000] {logging_mixin.py:188} INFO - [2024-01-30T16:25:15.468+0000] {dag.py:3823} INFO - Setting next_dagrun for latest_only to 2024-01-30 12:00:00+00:00, run_after=2024-01-30 16:00:00+00:00
[2024-01-30T16:25:15.489+0000] {processor.py:183} INFO - Processing /home/airflow/.local/lib/python3.8/site-packages/airflow/example_dags/example_latest_only.py took 0.138 seconds
[2024-01-30T16:26:22.050+0000] {processor.py:161} INFO - Started process (PID=77) to work on /home/airflow/.local/lib/python3.8/site-packages/airflow/example_dags/example_latest_only.py
[2024-01-30T16:26:22.051+0000] {processor.py:830} INFO - Processing file /home/airflow/.local/lib/python3.8/site-packages/airflow/example_dags/example_latest_only.py for tasks to queue
[2024-01-30T16:26:22.053+0000] {logging_mixin.py:188} INFO - [2024-01-30T16:26:22.053+0000] {dagbag.py:538} INFO - Filling up the DagBag from /home/airflow/.local/lib/python3.8/site-packages/airflow/example_dags/example_latest_only.py
[2024-01-30T16:26:22.059+0000] {processor.py:840} INFO - DAG(s) 'latest_only' retrieved from /home/airflow/.local/lib/python3.8/site-packages/airflow/example_dags/example_latest_only.py
[2024-01-30T16:26:22.071+0000] {logging_mixin.py:188} INFO - [2024-01-30T16:26:22.070+0000] {dag.py:3036} INFO - Sync 1 DAGs
[2024-01-30T16:26:22.092+0000] {logging_mixin.py:188} INFO - [2024-01-30T16:26:22.092+0000] {dag.py:3823} INFO - Setting next_dagrun for latest_only to 2024-01-30 12:00:00+00:00, run_after=2024-01-30 16:00:00+00:00
[2024-01-30T16:26:22.111+0000] {processor.py:183} INFO - Processing /home/airflow/.local/lib/python3.8/site-packages/airflow/example_dags/example_latest_only.py took 0.065 seconds
[2024-01-30T16:26:54.106+0000] {processor.py:161} INFO - Started process (PID=132) to work on /home/airflow/.local/lib/python3.8/site-packages/airflow/example_dags/example_latest_only.py
[2024-01-30T16:26:54.107+0000] {processor.py:830} INFO - Processing file /home/airflow/.local/lib/python3.8/site-packages/airflow/example_dags/example_latest_only.py for tasks to queue
[2024-01-30T16:26:54.109+0000] {logging_mixin.py:188} INFO - [2024-01-30T16:26:54.109+0000] {dagbag.py:538} INFO - Filling up the DagBag from /home/airflow/.local/lib/python3.8/site-packages/airflow/example_dags/example_latest_only.py
[2024-01-30T16:26:54.113+0000] {processor.py:840} INFO - DAG(s) 'latest_only' retrieved from /home/airflow/.local/lib/python3.8/site-packages/airflow/example_dags/example_latest_only.py
[2024-01-30T16:26:54.204+0000] {logging_mixin.py:188} INFO - [2024-01-30T16:26:54.204+0000] {dag.py:3036} INFO - Sync 1 DAGs
[2024-01-30T16:26:54.222+0000] {logging_mixin.py:188} INFO - [2024-01-30T16:26:54.222+0000] {dag.py:3823} INFO - Setting next_dagrun for latest_only to 2024-01-30 12:00:00+00:00, run_after=2024-01-30 16:00:00+00:00
[2024-01-30T16:26:54.241+0000] {processor.py:183} INFO - Processing /home/airflow/.local/lib/python3.8/site-packages/airflow/example_dags/example_latest_only.py took 0.137 seconds
[2024-01-30T16:27:24.663+0000] {processor.py:161} INFO - Started process (PID=187) to work on /home/airflow/.local/lib/python3.8/site-packages/airflow/example_dags/example_latest_only.py
[2024-01-30T16:27:24.664+0000] {processor.py:830} INFO - Processing file /home/airflow/.local/lib/python3.8/site-packages/airflow/example_dags/example_latest_only.py for tasks to queue
[2024-01-30T16:27:24.666+0000] {logging_mixin.py:188} INFO - [2024-01-30T16:27:24.666+0000] {dagbag.py:538} INFO - Filling up the DagBag from /home/airflow/.local/lib/python3.8/site-packages/airflow/example_dags/example_latest_only.py
[2024-01-30T16:27:24.670+0000] {processor.py:840} INFO - DAG(s) 'latest_only' retrieved from /home/airflow/.local/lib/python3.8/site-packages/airflow/example_dags/example_latest_only.py
[2024-01-30T16:27:24.687+0000] {logging_mixin.py:188} INFO - [2024-01-30T16:27:24.687+0000] {dag.py:3036} INFO - Sync 1 DAGs
[2024-01-30T16:27:24.706+0000] {logging_mixin.py:188} INFO - [2024-01-30T16:27:24.706+0000] {dag.py:3823} INFO - Setting next_dagrun for latest_only to 2024-01-30 12:00:00+00:00, run_after=2024-01-30 16:00:00+00:00
[2024-01-30T16:27:24.724+0000] {processor.py:183} INFO - Processing /home/airflow/.local/lib/python3.8/site-packages/airflow/example_dags/example_latest_only.py took 0.064 seconds
[2024-01-30T16:27:55.617+0000] {processor.py:161} INFO - Started process (PID=242) to work on /home/airflow/.local/lib/python3.8/site-packages/airflow/example_dags/example_latest_only.py
[2024-01-30T16:27:55.618+0000] {processor.py:830} INFO - Processing file /home/airflow/.local/lib/python3.8/site-packages/airflow/example_dags/example_latest_only.py for tasks to queue
[2024-01-30T16:27:55.619+0000] {logging_mixin.py:188} INFO - [2024-01-30T16:27:55.619+0000] {dagbag.py:538} INFO - Filling up the DagBag from /home/airflow/.local/lib/python3.8/site-packages/airflow/example_dags/example_latest_only.py
[2024-01-30T16:27:55.624+0000] {processor.py:840} INFO - DAG(s) 'latest_only' retrieved from /home/airflow/.local/lib/python3.8/site-packages/airflow/example_dags/example_latest_only.py
[2024-01-30T16:27:55.641+0000] {logging_mixin.py:188} INFO - [2024-01-30T16:27:55.641+0000] {dag.py:3036} INFO - Sync 1 DAGs
[2024-01-30T16:27:55.661+0000] {logging_mixin.py:188} INFO - [2024-01-30T16:27:55.661+0000] {dag.py:3823} INFO - Setting next_dagrun for latest_only to 2024-01-30 12:00:00+00:00, run_after=2024-01-30 16:00:00+00:00
[2024-01-30T16:27:55.678+0000] {processor.py:183} INFO - Processing /home/airflow/.local/lib/python3.8/site-packages/airflow/example_dags/example_latest_only.py took 0.064 seconds
[2024-01-30T16:28:26.216+0000] {processor.py:161} INFO - Started process (PID=297) to work on /home/airflow/.local/lib/python3.8/site-packages/airflow/example_dags/example_latest_only.py
[2024-01-30T16:28:26.217+0000] {processor.py:830} INFO - Processing file /home/airflow/.local/lib/python3.8/site-packages/airflow/example_dags/example_latest_only.py for tasks to queue
[2024-01-30T16:28:26.218+0000] {logging_mixin.py:188} INFO - [2024-01-30T16:28:26.218+0000] {dagbag.py:538} INFO - Filling up the DagBag from /home/airflow/.local/lib/python3.8/site-packages/airflow/example_dags/example_latest_only.py
[2024-01-30T16:28:26.222+0000] {processor.py:840} INFO - DAG(s) 'latest_only' retrieved from /home/airflow/.local/lib/python3.8/site-packages/airflow/example_dags/example_latest_only.py
[2024-01-30T16:28:26.239+0000] {logging_mixin.py:188} INFO - [2024-01-30T16:28:26.239+0000] {dag.py:3036} INFO - Sync 1 DAGs
[2024-01-30T16:28:26.258+0000] {logging_mixin.py:188} INFO - [2024-01-30T16:28:26.258+0000] {dag.py:3823} INFO - Setting next_dagrun for latest_only to 2024-01-30 12:00:00+00:00, run_after=2024-01-30 16:00:00+00:00
[2024-01-30T16:28:26.275+0000] {processor.py:183} INFO - Processing /home/airflow/.local/lib/python3.8/site-packages/airflow/example_dags/example_latest_only.py took 0.063 seconds
[2024-01-30T16:28:56.974+0000] {processor.py:161} INFO - Started process (PID=352) to work on /home/airflow/.local/lib/python3.8/site-packages/airflow/example_dags/example_latest_only.py
[2024-01-30T16:28:56.975+0000] {processor.py:830} INFO - Processing file /home/airflow/.local/lib/python3.8/site-packages/airflow/example_dags/example_latest_only.py for tasks to queue
[2024-01-30T16:28:56.977+0000] {logging_mixin.py:188} INFO - [2024-01-30T16:28:56.976+0000] {dagbag.py:538} INFO - Filling up the DagBag from /home/airflow/.local/lib/python3.8/site-packages/airflow/example_dags/example_latest_only.py
[2024-01-30T16:28:56.981+0000] {processor.py:840} INFO - DAG(s) 'latest_only' retrieved from /home/airflow/.local/lib/python3.8/site-packages/airflow/example_dags/example_latest_only.py
[2024-01-30T16:28:57.004+0000] {logging_mixin.py:188} INFO - [2024-01-30T16:28:57.003+0000] {dag.py:3036} INFO - Sync 1 DAGs
[2024-01-30T16:28:57.029+0000] {logging_mixin.py:188} INFO - [2024-01-30T16:28:57.029+0000] {dag.py:3823} INFO - Setting next_dagrun for latest_only to 2024-01-30 12:00:00+00:00, run_after=2024-01-30 16:00:00+00:00
[2024-01-30T16:28:57.052+0000] {processor.py:183} INFO - Processing /home/airflow/.local/lib/python3.8/site-packages/airflow/example_dags/example_latest_only.py took 0.081 seconds
[2024-01-30T16:29:27.594+0000] {processor.py:161} INFO - Started process (PID=407) to work on /home/airflow/.local/lib/python3.8/site-packages/airflow/example_dags/example_latest_only.py
[2024-01-30T16:29:27.595+0000] {processor.py:830} INFO - Processing file /home/airflow/.local/lib/python3.8/site-packages/airflow/example_dags/example_latest_only.py for tasks to queue
[2024-01-30T16:29:27.597+0000] {logging_mixin.py:188} INFO - [2024-01-30T16:29:27.596+0000] {dagbag.py:538} INFO - Filling up the DagBag from /home/airflow/.local/lib/python3.8/site-packages/airflow/example_dags/example_latest_only.py
[2024-01-30T16:29:27.601+0000] {processor.py:840} INFO - DAG(s) 'latest_only' retrieved from /home/airflow/.local/lib/python3.8/site-packages/airflow/example_dags/example_latest_only.py
[2024-01-30T16:29:27.618+0000] {logging_mixin.py:188} INFO - [2024-01-30T16:29:27.618+0000] {dag.py:3036} INFO - Sync 1 DAGs
[2024-01-30T16:29:27.639+0000] {logging_mixin.py:188} INFO - [2024-01-30T16:29:27.639+0000] {dag.py:3823} INFO - Setting next_dagrun for latest_only to 2024-01-30 12:00:00+00:00, run_after=2024-01-30 16:00:00+00:00
[2024-01-30T16:29:27.659+0000] {processor.py:183} INFO - Processing /home/airflow/.local/lib/python3.8/site-packages/airflow/example_dags/example_latest_only.py took 0.068 seconds
[2024-01-30T16:29:58.359+0000] {processor.py:161} INFO - Started process (PID=462) to work on /home/airflow/.local/lib/python3.8/site-packages/airflow/example_dags/example_latest_only.py
[2024-01-30T16:29:58.360+0000] {processor.py:830} INFO - Processing file /home/airflow/.local/lib/python3.8/site-packages/airflow/example_dags/example_latest_only.py for tasks to queue
[2024-01-30T16:29:58.361+0000] {logging_mixin.py:188} INFO - [2024-01-30T16:29:58.361+0000] {dagbag.py:538} INFO - Filling up the DagBag from /home/airflow/.local/lib/python3.8/site-packages/airflow/example_dags/example_latest_only.py
[2024-01-30T16:29:58.366+0000] {processor.py:840} INFO - DAG(s) 'latest_only' retrieved from /home/airflow/.local/lib/python3.8/site-packages/airflow/example_dags/example_latest_only.py
[2024-01-30T16:29:58.384+0000] {logging_mixin.py:188} INFO - [2024-01-30T16:29:58.384+0000] {dag.py:3036} INFO - Sync 1 DAGs
[2024-01-30T16:29:58.404+0000] {logging_mixin.py:188} INFO - [2024-01-30T16:29:58.404+0000] {dag.py:3823} INFO - Setting next_dagrun for latest_only to 2024-01-30 12:00:00+00:00, run_after=2024-01-30 16:00:00+00:00
[2024-01-30T16:29:58.423+0000] {processor.py:183} INFO - Processing /home/airflow/.local/lib/python3.8/site-packages/airflow/example_dags/example_latest_only.py took 0.067 seconds
[2024-01-30T16:30:29.179+0000] {processor.py:161} INFO - Started process (PID=517) to work on /home/airflow/.local/lib/python3.8/site-packages/airflow/example_dags/example_latest_only.py
[2024-01-30T16:30:29.180+0000] {processor.py:830} INFO - Processing file /home/airflow/.local/lib/python3.8/site-packages/airflow/example_dags/example_latest_only.py for tasks to queue
[2024-01-30T16:30:29.182+0000] {logging_mixin.py:188} INFO - [2024-01-30T16:30:29.182+0000] {dagbag.py:538} INFO - Filling up the DagBag from /home/airflow/.local/lib/python3.8/site-packages/airflow/example_dags/example_latest_only.py
[2024-01-30T16:30:29.186+0000] {processor.py:840} INFO - DAG(s) 'latest_only' retrieved from /home/airflow/.local/lib/python3.8/site-packages/airflow/example_dags/example_latest_only.py
[2024-01-30T16:30:29.205+0000] {logging_mixin.py:188} INFO - [2024-01-30T16:30:29.204+0000] {dag.py:3036} INFO - Sync 1 DAGs
[2024-01-30T16:30:29.225+0000] {logging_mixin.py:188} INFO - [2024-01-30T16:30:29.225+0000] {dag.py:3823} INFO - Setting next_dagrun for latest_only to 2024-01-30 12:00:00+00:00, run_after=2024-01-30 16:00:00+00:00
[2024-01-30T16:30:29.244+0000] {processor.py:183} INFO - Processing /home/airflow/.local/lib/python3.8/site-packages/airflow/example_dags/example_latest_only.py took 0.068 seconds
[2024-01-30T16:31:00.147+0000] {processor.py:161} INFO - Started process (PID=572) to work on /home/airflow/.local/lib/python3.8/site-packages/airflow/example_dags/example_latest_only.py
[2024-01-30T16:31:00.148+0000] {processor.py:830} INFO - Processing file /home/airflow/.local/lib/python3.8/site-packages/airflow/example_dags/example_latest_only.py for tasks to queue
[2024-01-30T16:31:00.150+0000] {logging_mixin.py:188} INFO - [2024-01-30T16:31:00.150+0000] {dagbag.py:538} INFO - Filling up the DagBag from /home/airflow/.local/lib/python3.8/site-packages/airflow/example_dags/example_latest_only.py
[2024-01-30T16:31:00.156+0000] {processor.py:840} INFO - DAG(s) 'latest_only' retrieved from /home/airflow/.local/lib/python3.8/site-packages/airflow/example_dags/example_latest_only.py
[2024-01-30T16:31:00.176+0000] {logging_mixin.py:188} INFO - [2024-01-30T16:31:00.176+0000] {dag.py:3036} INFO - Sync 1 DAGs
[2024-01-30T16:31:00.196+0000] {logging_mixin.py:188} INFO - [2024-01-30T16:31:00.196+0000] {dag.py:3823} INFO - Setting next_dagrun for latest_only to 2024-01-30 12:00:00+00:00, run_after=2024-01-30 16:00:00+00:00
[2024-01-30T16:31:00.214+0000] {processor.py:183} INFO - Processing /home/airflow/.local/lib/python3.8/site-packages/airflow/example_dags/example_latest_only.py took 0.070 seconds
[2024-01-30T16:31:31.110+0000] {processor.py:161} INFO - Started process (PID=627) to work on /home/airflow/.local/lib/python3.8/site-packages/airflow/example_dags/example_latest_only.py
[2024-01-30T16:31:31.111+0000] {processor.py:830} INFO - Processing file /home/airflow/.local/lib/python3.8/site-packages/airflow/example_dags/example_latest_only.py for tasks to queue
[2024-01-30T16:31:31.113+0000] {logging_mixin.py:188} INFO - [2024-01-30T16:31:31.112+0000] {dagbag.py:538} INFO - Filling up the DagBag from /home/airflow/.local/lib/python3.8/site-packages/airflow/example_dags/example_latest_only.py
[2024-01-30T16:31:31.117+0000] {processor.py:840} INFO - DAG(s) 'latest_only' retrieved from /home/airflow/.local/lib/python3.8/site-packages/airflow/example_dags/example_latest_only.py
[2024-01-30T16:31:31.135+0000] {logging_mixin.py:188} INFO - [2024-01-30T16:31:31.135+0000] {dag.py:3036} INFO - Sync 1 DAGs
[2024-01-30T16:31:31.156+0000] {logging_mixin.py:188} INFO - [2024-01-30T16:31:31.156+0000] {dag.py:3823} INFO - Setting next_dagrun for latest_only to 2024-01-30 12:00:00+00:00, run_after=2024-01-30 16:00:00+00:00
[2024-01-30T16:31:31.175+0000] {processor.py:183} INFO - Processing /home/airflow/.local/lib/python3.8/site-packages/airflow/example_dags/example_latest_only.py took 0.069 seconds
[2024-01-30T16:32:01.255+0000] {processor.py:161} INFO - Started process (PID=682) to work on /home/airflow/.local/lib/python3.8/site-packages/airflow/example_dags/example_latest_only.py
[2024-01-30T16:32:01.256+0000] {processor.py:830} INFO - Processing file /home/airflow/.local/lib/python3.8/site-packages/airflow/example_dags/example_latest_only.py for tasks to queue
[2024-01-30T16:32:01.258+0000] {logging_mixin.py:188} INFO - [2024-01-30T16:32:01.257+0000] {dagbag.py:538} INFO - Filling up the DagBag from /home/airflow/.local/lib/python3.8/site-packages/airflow/example_dags/example_latest_only.py
[2024-01-30T16:32:01.262+0000] {processor.py:840} INFO - DAG(s) 'latest_only' retrieved from /home/airflow/.local/lib/python3.8/site-packages/airflow/example_dags/example_latest_only.py
[2024-01-30T16:32:01.279+0000] {logging_mixin.py:188} INFO - [2024-01-30T16:32:01.279+0000] {dag.py:3036} INFO - Sync 1 DAGs
[2024-01-30T16:32:01.299+0000] {logging_mixin.py:188} INFO - [2024-01-30T16:32:01.299+0000] {dag.py:3823} INFO - Setting next_dagrun for latest_only to 2024-01-30 12:00:00+00:00, run_after=2024-01-30 16:00:00+00:00
[2024-01-30T16:32:01.317+0000] {processor.py:183} INFO - Processing /home/airflow/.local/lib/python3.8/site-packages/airflow/example_dags/example_latest_only.py took 0.066 seconds
[2024-01-30T16:32:31.350+0000] {processor.py:161} INFO - Started process (PID=736) to work on /home/airflow/.local/lib/python3.8/site-packages/airflow/example_dags/example_latest_only.py
[2024-01-30T16:32:31.351+0000] {processor.py:830} INFO - Processing file /home/airflow/.local/lib/python3.8/site-packages/airflow/example_dags/example_latest_only.py for tasks to queue
[2024-01-30T16:32:31.353+0000] {logging_mixin.py:188} INFO - [2024-01-30T16:32:31.352+0000] {dagbag.py:538} INFO - Filling up the DagBag from /home/airflow/.local/lib/python3.8/site-packages/airflow/example_dags/example_latest_only.py
[2024-01-30T16:32:31.357+0000] {processor.py:840} INFO - DAG(s) 'latest_only' retrieved from /home/airflow/.local/lib/python3.8/site-packages/airflow/example_dags/example_latest_only.py
[2024-01-30T16:32:31.376+0000] {logging_mixin.py:188} INFO - [2024-01-30T16:32:31.376+0000] {dag.py:3036} INFO - Sync 1 DAGs
[2024-01-30T16:32:31.395+0000] {logging_mixin.py:188} INFO - [2024-01-30T16:32:31.395+0000] {dag.py:3823} INFO - Setting next_dagrun for latest_only to 2024-01-30 12:00:00+00:00, run_after=2024-01-30 16:00:00+00:00
[2024-01-30T16:32:31.414+0000] {processor.py:183} INFO - Processing /home/airflow/.local/lib/python3.8/site-packages/airflow/example_dags/example_latest_only.py took 0.067 seconds
[2024-01-30T16:33:01.634+0000] {processor.py:161} INFO - Started process (PID=791) to work on /home/airflow/.local/lib/python3.8/site-packages/airflow/example_dags/example_latest_only.py
[2024-01-30T16:33:01.635+0000] {processor.py:830} INFO - Processing file /home/airflow/.local/lib/python3.8/site-packages/airflow/example_dags/example_latest_only.py for tasks to queue
[2024-01-30T16:33:01.637+0000] {logging_mixin.py:188} INFO - [2024-01-30T16:33:01.637+0000] {dagbag.py:538} INFO - Filling up the DagBag from /home/airflow/.local/lib/python3.8/site-packages/airflow/example_dags/example_latest_only.py
[2024-01-30T16:33:01.641+0000] {processor.py:840} INFO - DAG(s) 'latest_only' retrieved from /home/airflow/.local/lib/python3.8/site-packages/airflow/example_dags/example_latest_only.py
[2024-01-30T16:33:01.660+0000] {logging_mixin.py:188} INFO - [2024-01-30T16:33:01.660+0000] {dag.py:3036} INFO - Sync 1 DAGs
[2024-01-30T16:33:01.679+0000] {logging_mixin.py:188} INFO - [2024-01-30T16:33:01.679+0000] {dag.py:3823} INFO - Setting next_dagrun for latest_only to 2024-01-30 12:00:00+00:00, run_after=2024-01-30 16:00:00+00:00
[2024-01-30T16:33:01.701+0000] {processor.py:183} INFO - Processing /home/airflow/.local/lib/python3.8/site-packages/airflow/example_dags/example_latest_only.py took 0.070 seconds
[2024-01-30T16:33:32.194+0000] {processor.py:161} INFO - Started process (PID=847) to work on /home/airflow/.local/lib/python3.8/site-packages/airflow/example_dags/example_latest_only.py
[2024-01-30T16:33:32.195+0000] {processor.py:830} INFO - Processing file /home/airflow/.local/lib/python3.8/site-packages/airflow/example_dags/example_latest_only.py for tasks to queue
[2024-01-30T16:33:32.197+0000] {logging_mixin.py:188} INFO - [2024-01-30T16:33:32.196+0000] {dagbag.py:538} INFO - Filling up the DagBag from /home/airflow/.local/lib/python3.8/site-packages/airflow/example_dags/example_latest_only.py
[2024-01-30T16:33:32.201+0000] {processor.py:840} INFO - DAG(s) 'latest_only' retrieved from /home/airflow/.local/lib/python3.8/site-packages/airflow/example_dags/example_latest_only.py
[2024-01-30T16:33:32.220+0000] {logging_mixin.py:188} INFO - [2024-01-30T16:33:32.219+0000] {dag.py:3036} INFO - Sync 1 DAGs
[2024-01-30T16:33:32.240+0000] {logging_mixin.py:188} INFO - [2024-01-30T16:33:32.240+0000] {dag.py:3823} INFO - Setting next_dagrun for latest_only to 2024-01-30 12:00:00+00:00, run_after=2024-01-30 16:00:00+00:00
[2024-01-30T16:33:32.259+0000] {processor.py:183} INFO - Processing /home/airflow/.local/lib/python3.8/site-packages/airflow/example_dags/example_latest_only.py took 0.068 seconds
[2024-01-30T16:34:02.406+0000] {processor.py:161} INFO - Started process (PID=901) to work on /home/airflow/.local/lib/python3.8/site-packages/airflow/example_dags/example_latest_only.py
[2024-01-30T16:34:02.408+0000] {processor.py:830} INFO - Processing file /home/airflow/.local/lib/python3.8/site-packages/airflow/example_dags/example_latest_only.py for tasks to queue
[2024-01-30T16:34:02.409+0000] {logging_mixin.py:188} INFO - [2024-01-30T16:34:02.409+0000] {dagbag.py:538} INFO - Filling up the DagBag from /home/airflow/.local/lib/python3.8/site-packages/airflow/example_dags/example_latest_only.py
[2024-01-30T16:34:02.414+0000] {processor.py:840} INFO - DAG(s) 'latest_only' retrieved from /home/airflow/.local/lib/python3.8/site-packages/airflow/example_dags/example_latest_only.py
[2024-01-30T16:34:02.434+0000] {logging_mixin.py:188} INFO - [2024-01-30T16:34:02.433+0000] {dag.py:3036} INFO - Sync 1 DAGs
[2024-01-30T16:34:02.455+0000] {logging_mixin.py:188} INFO - [2024-01-30T16:34:02.455+0000] {dag.py:3823} INFO - Setting next_dagrun for latest_only to 2024-01-30 12:00:00+00:00, run_after=2024-01-30 16:00:00+00:00
[2024-01-30T16:34:02.475+0000] {processor.py:183} INFO - Processing /home/airflow/.local/lib/python3.8/site-packages/airflow/example_dags/example_latest_only.py took 0.071 seconds
[2024-01-30T16:34:32.783+0000] {processor.py:161} INFO - Started process (PID=956) to work on /home/airflow/.local/lib/python3.8/site-packages/airflow/example_dags/example_latest_only.py
[2024-01-30T16:34:32.784+0000] {processor.py:830} INFO - Processing file /home/airflow/.local/lib/python3.8/site-packages/airflow/example_dags/example_latest_only.py for tasks to queue
[2024-01-30T16:34:32.785+0000] {logging_mixin.py:188} INFO - [2024-01-30T16:34:32.785+0000] {dagbag.py:538} INFO - Filling up the DagBag from /home/airflow/.local/lib/python3.8/site-packages/airflow/example_dags/example_latest_only.py
[2024-01-30T16:34:32.791+0000] {processor.py:840} INFO - DAG(s) 'latest_only' retrieved from /home/airflow/.local/lib/python3.8/site-packages/airflow/example_dags/example_latest_only.py
[2024-01-30T16:34:32.811+0000] {logging_mixin.py:188} INFO - [2024-01-30T16:34:32.810+0000] {dag.py:3036} INFO - Sync 1 DAGs
[2024-01-30T16:34:32.833+0000] {logging_mixin.py:188} INFO - [2024-01-30T16:34:32.833+0000] {dag.py:3823} INFO - Setting next_dagrun for latest_only to 2024-01-30 12:00:00+00:00, run_after=2024-01-30 16:00:00+00:00
[2024-01-30T16:34:32.857+0000] {processor.py:183} INFO - Processing /home/airflow/.local/lib/python3.8/site-packages/airflow/example_dags/example_latest_only.py took 0.077 seconds
[2024-01-30T16:35:03.090+0000] {processor.py:161} INFO - Started process (PID=1011) to work on /home/airflow/.local/lib/python3.8/site-packages/airflow/example_dags/example_latest_only.py
[2024-01-30T16:35:03.091+0000] {processor.py:830} INFO - Processing file /home/airflow/.local/lib/python3.8/site-packages/airflow/example_dags/example_latest_only.py for tasks to queue
[2024-01-30T16:35:03.093+0000] {logging_mixin.py:188} INFO - [2024-01-30T16:35:03.093+0000] {dagbag.py:538} INFO - Filling up the DagBag from /home/airflow/.local/lib/python3.8/site-packages/airflow/example_dags/example_latest_only.py
[2024-01-30T16:35:03.097+0000] {processor.py:840} INFO - DAG(s) 'latest_only' retrieved from /home/airflow/.local/lib/python3.8/site-packages/airflow/example_dags/example_latest_only.py
[2024-01-30T16:35:03.115+0000] {logging_mixin.py:188} INFO - [2024-01-30T16:35:03.115+0000] {dag.py:3036} INFO - Sync 1 DAGs
[2024-01-30T16:35:03.136+0000] {logging_mixin.py:188} INFO - [2024-01-30T16:35:03.136+0000] {dag.py:3823} INFO - Setting next_dagrun for latest_only to 2024-01-30 12:00:00+00:00, run_after=2024-01-30 16:00:00+00:00
[2024-01-30T16:35:03.154+0000] {processor.py:183} INFO - Processing /home/airflow/.local/lib/python3.8/site-packages/airflow/example_dags/example_latest_only.py took 0.067 seconds
[2024-01-30T16:35:33.272+0000] {processor.py:161} INFO - Started process (PID=1066) to work on /home/airflow/.local/lib/python3.8/site-packages/airflow/example_dags/example_latest_only.py
[2024-01-30T16:35:33.274+0000] {processor.py:830} INFO - Processing file /home/airflow/.local/lib/python3.8/site-packages/airflow/example_dags/example_latest_only.py for tasks to queue
[2024-01-30T16:35:33.275+0000] {logging_mixin.py:188} INFO - [2024-01-30T16:35:33.275+0000] {dagbag.py:538} INFO - Filling up the DagBag from /home/airflow/.local/lib/python3.8/site-packages/airflow/example_dags/example_latest_only.py
[2024-01-30T16:35:33.280+0000] {processor.py:840} INFO - DAG(s) 'latest_only' retrieved from /home/airflow/.local/lib/python3.8/site-packages/airflow/example_dags/example_latest_only.py
[2024-01-30T16:35:33.302+0000] {logging_mixin.py:188} INFO - [2024-01-30T16:35:33.301+0000] {dag.py:3036} INFO - Sync 1 DAGs
[2024-01-30T16:35:33.327+0000] {logging_mixin.py:188} INFO - [2024-01-30T16:35:33.326+0000] {dag.py:3823} INFO - Setting next_dagrun for latest_only to 2024-01-30 12:00:00+00:00, run_after=2024-01-30 16:00:00+00:00
[2024-01-30T16:35:33.346+0000] {processor.py:183} INFO - Processing /home/airflow/.local/lib/python3.8/site-packages/airflow/example_dags/example_latest_only.py took 0.077 seconds
[2024-01-30T16:36:03.415+0000] {processor.py:161} INFO - Started process (PID=1121) to work on /home/airflow/.local/lib/python3.8/site-packages/airflow/example_dags/example_latest_only.py
[2024-01-30T16:36:03.416+0000] {processor.py:830} INFO - Processing file /home/airflow/.local/lib/python3.8/site-packages/airflow/example_dags/example_latest_only.py for tasks to queue
[2024-01-30T16:36:03.418+0000] {logging_mixin.py:188} INFO - [2024-01-30T16:36:03.417+0000] {dagbag.py:538} INFO - Filling up the DagBag from /home/airflow/.local/lib/python3.8/site-packages/airflow/example_dags/example_latest_only.py
[2024-01-30T16:36:03.422+0000] {processor.py:840} INFO - DAG(s) 'latest_only' retrieved from /home/airflow/.local/lib/python3.8/site-packages/airflow/example_dags/example_latest_only.py
[2024-01-30T16:36:03.442+0000] {logging_mixin.py:188} INFO - [2024-01-30T16:36:03.442+0000] {dag.py:3036} INFO - Sync 1 DAGs
[2024-01-30T16:36:03.462+0000] {logging_mixin.py:188} INFO - [2024-01-30T16:36:03.462+0000] {dag.py:3823} INFO - Setting next_dagrun for latest_only to 2024-01-30 12:00:00+00:00, run_after=2024-01-30 16:00:00+00:00
[2024-01-30T16:36:03.480+0000] {processor.py:183} INFO - Processing /home/airflow/.local/lib/python3.8/site-packages/airflow/example_dags/example_latest_only.py took 0.069 seconds
[2024-01-30T16:36:34.456+0000] {processor.py:161} INFO - Started process (PID=1176) to work on /home/airflow/.local/lib/python3.8/site-packages/airflow/example_dags/example_latest_only.py
[2024-01-30T16:36:34.457+0000] {processor.py:830} INFO - Processing file /home/airflow/.local/lib/python3.8/site-packages/airflow/example_dags/example_latest_only.py for tasks to queue
[2024-01-30T16:36:34.459+0000] {logging_mixin.py:188} INFO - [2024-01-30T16:36:34.458+0000] {dagbag.py:538} INFO - Filling up the DagBag from /home/airflow/.local/lib/python3.8/site-packages/airflow/example_dags/example_latest_only.py
[2024-01-30T16:36:34.463+0000] {processor.py:840} INFO - DAG(s) 'latest_only' retrieved from /home/airflow/.local/lib/python3.8/site-packages/airflow/example_dags/example_latest_only.py
[2024-01-30T16:36:34.481+0000] {logging_mixin.py:188} INFO - [2024-01-30T16:36:34.481+0000] {dag.py:3036} INFO - Sync 1 DAGs
[2024-01-30T16:36:34.501+0000] {logging_mixin.py:188} INFO - [2024-01-30T16:36:34.500+0000] {dag.py:3823} INFO - Setting next_dagrun for latest_only to 2024-01-30 12:00:00+00:00, run_after=2024-01-30 16:00:00+00:00
[2024-01-30T16:36:34.519+0000] {processor.py:183} INFO - Processing /home/airflow/.local/lib/python3.8/site-packages/airflow/example_dags/example_latest_only.py took 0.066 seconds
[2024-01-30T16:37:05.583+0000] {processor.py:161} INFO - Started process (PID=1231) to work on /home/airflow/.local/lib/python3.8/site-packages/airflow/example_dags/example_latest_only.py
[2024-01-30T16:37:05.584+0000] {processor.py:830} INFO - Processing file /home/airflow/.local/lib/python3.8/site-packages/airflow/example_dags/example_latest_only.py for tasks to queue
[2024-01-30T16:37:05.586+0000] {logging_mixin.py:188} INFO - [2024-01-30T16:37:05.586+0000] {dagbag.py:538} INFO - Filling up the DagBag from /home/airflow/.local/lib/python3.8/site-packages/airflow/example_dags/example_latest_only.py
[2024-01-30T16:37:05.590+0000] {processor.py:840} INFO - DAG(s) 'latest_only' retrieved from /home/airflow/.local/lib/python3.8/site-packages/airflow/example_dags/example_latest_only.py
[2024-01-30T16:37:05.608+0000] {logging_mixin.py:188} INFO - [2024-01-30T16:37:05.608+0000] {dag.py:3036} INFO - Sync 1 DAGs
[2024-01-30T16:37:05.628+0000] {logging_mixin.py:188} INFO - [2024-01-30T16:37:05.627+0000] {dag.py:3823} INFO - Setting next_dagrun for latest_only to 2024-01-30 12:00:00+00:00, run_after=2024-01-30 16:00:00+00:00
[2024-01-30T16:37:05.645+0000] {processor.py:183} INFO - Processing /home/airflow/.local/lib/python3.8/site-packages/airflow/example_dags/example_latest_only.py took 0.065 seconds
[2024-01-30T16:37:36.402+0000] {processor.py:161} INFO - Started process (PID=1286) to work on /home/airflow/.local/lib/python3.8/site-packages/airflow/example_dags/example_latest_only.py
[2024-01-30T16:37:36.403+0000] {processor.py:830} INFO - Processing file /home/airflow/.local/lib/python3.8/site-packages/airflow/example_dags/example_latest_only.py for tasks to queue
[2024-01-30T16:37:36.405+0000] {logging_mixin.py:188} INFO - [2024-01-30T16:37:36.405+0000] {dagbag.py:538} INFO - Filling up the DagBag from /home/airflow/.local/lib/python3.8/site-packages/airflow/example_dags/example_latest_only.py
[2024-01-30T16:37:36.409+0000] {processor.py:840} INFO - DAG(s) 'latest_only' retrieved from /home/airflow/.local/lib/python3.8/site-packages/airflow/example_dags/example_latest_only.py
[2024-01-30T16:37:36.428+0000] {logging_mixin.py:188} INFO - [2024-01-30T16:37:36.428+0000] {dag.py:3036} INFO - Sync 1 DAGs
[2024-01-30T16:37:36.449+0000] {logging_mixin.py:188} INFO - [2024-01-30T16:37:36.449+0000] {dag.py:3823} INFO - Setting next_dagrun for latest_only to 2024-01-30 12:00:00+00:00, run_after=2024-01-30 16:00:00+00:00
[2024-01-30T16:37:36.467+0000] {processor.py:183} INFO - Processing /home/airflow/.local/lib/python3.8/site-packages/airflow/example_dags/example_latest_only.py took 0.068 seconds
