[2024-01-30T16:16:26.553+0000] {processor.py:161} INFO - Started process (PID=74) to work on /home/airflow/.local/lib/python3.8/site-packages/airflow/example_dags/example_dag_decorator.py
[2024-01-30T16:16:26.554+0000] {processor.py:830} INFO - Processing file /home/airflow/.local/lib/python3.8/site-packages/airflow/example_dags/example_dag_decorator.py for tasks to queue
[2024-01-30T16:16:26.556+0000] {logging_mixin.py:188} INFO - [2024-01-30T16:16:26.556+0000] {dagbag.py:538} INFO - Filling up the DagBag from /home/airflow/.local/lib/python3.8/site-packages/airflow/example_dags/example_dag_decorator.py
[2024-01-30T16:16:26.767+0000] {processor.py:840} INFO - DAG(s) 'example_dag_decorator' retrieved from /home/airflow/.local/lib/python3.8/site-packages/airflow/example_dags/example_dag_decorator.py
[2024-01-30T16:16:26.778+0000] {logging_mixin.py:188} INFO - [2024-01-30T16:16:26.778+0000] {dag.py:3036} INFO - Sync 1 DAGs
[2024-01-30T16:16:26.791+0000] {logging_mixin.py:188} INFO - [2024-01-30T16:16:26.791+0000] {dag.py:3823} INFO - Setting next_dagrun for example_dag_decorator to None, run_after=None
[2024-01-30T16:16:26.815+0000] {processor.py:183} INFO - Processing /home/airflow/.local/lib/python3.8/site-packages/airflow/example_dags/example_dag_decorator.py took 0.267 seconds
[2024-01-30T16:16:58.724+0000] {processor.py:161} INFO - Started process (PID=129) to work on /home/airflow/.local/lib/python3.8/site-packages/airflow/example_dags/example_dag_decorator.py
[2024-01-30T16:16:58.725+0000] {processor.py:830} INFO - Processing file /home/airflow/.local/lib/python3.8/site-packages/airflow/example_dags/example_dag_decorator.py for tasks to queue
[2024-01-30T16:16:58.727+0000] {logging_mixin.py:188} INFO - [2024-01-30T16:16:58.726+0000] {dagbag.py:538} INFO - Filling up the DagBag from /home/airflow/.local/lib/python3.8/site-packages/airflow/example_dags/example_dag_decorator.py
[2024-01-30T16:16:58.823+0000] {processor.py:840} INFO - DAG(s) 'example_dag_decorator' retrieved from /home/airflow/.local/lib/python3.8/site-packages/airflow/example_dags/example_dag_decorator.py
[2024-01-30T16:16:58.926+0000] {logging_mixin.py:188} INFO - [2024-01-30T16:16:58.925+0000] {dag.py:3036} INFO - Sync 1 DAGs
[2024-01-30T16:16:58.936+0000] {logging_mixin.py:188} INFO - [2024-01-30T16:16:58.936+0000] {dag.py:3823} INFO - Setting next_dagrun for example_dag_decorator to None, run_after=None
[2024-01-30T16:16:58.955+0000] {processor.py:183} INFO - Processing /home/airflow/.local/lib/python3.8/site-packages/airflow/example_dags/example_dag_decorator.py took 0.234 seconds
[2024-01-30T16:17:29.752+0000] {processor.py:161} INFO - Started process (PID=184) to work on /home/airflow/.local/lib/python3.8/site-packages/airflow/example_dags/example_dag_decorator.py
[2024-01-30T16:17:29.753+0000] {processor.py:830} INFO - Processing file /home/airflow/.local/lib/python3.8/site-packages/airflow/example_dags/example_dag_decorator.py for tasks to queue
[2024-01-30T16:17:29.754+0000] {logging_mixin.py:188} INFO - [2024-01-30T16:17:29.754+0000] {dagbag.py:538} INFO - Filling up the DagBag from /home/airflow/.local/lib/python3.8/site-packages/airflow/example_dags/example_dag_decorator.py
[2024-01-30T16:17:29.849+0000] {processor.py:840} INFO - DAG(s) 'example_dag_decorator' retrieved from /home/airflow/.local/lib/python3.8/site-packages/airflow/example_dags/example_dag_decorator.py
[2024-01-30T16:17:29.943+0000] {logging_mixin.py:188} INFO - [2024-01-30T16:17:29.943+0000] {dag.py:3036} INFO - Sync 1 DAGs
[2024-01-30T16:17:29.953+0000] {logging_mixin.py:188} INFO - [2024-01-30T16:17:29.953+0000] {dag.py:3823} INFO - Setting next_dagrun for example_dag_decorator to None, run_after=None
[2024-01-30T16:17:29.971+0000] {processor.py:183} INFO - Processing /home/airflow/.local/lib/python3.8/site-packages/airflow/example_dags/example_dag_decorator.py took 0.222 seconds
[2024-01-30T16:18:00.127+0000] {processor.py:161} INFO - Started process (PID=240) to work on /home/airflow/.local/lib/python3.8/site-packages/airflow/example_dags/example_dag_decorator.py
[2024-01-30T16:18:00.128+0000] {processor.py:830} INFO - Processing file /home/airflow/.local/lib/python3.8/site-packages/airflow/example_dags/example_dag_decorator.py for tasks to queue
[2024-01-30T16:18:00.129+0000] {logging_mixin.py:188} INFO - [2024-01-30T16:18:00.129+0000] {dagbag.py:538} INFO - Filling up the DagBag from /home/airflow/.local/lib/python3.8/site-packages/airflow/example_dags/example_dag_decorator.py
[2024-01-30T16:18:00.224+0000] {processor.py:840} INFO - DAG(s) 'example_dag_decorator' retrieved from /home/airflow/.local/lib/python3.8/site-packages/airflow/example_dags/example_dag_decorator.py
[2024-01-30T16:18:00.318+0000] {logging_mixin.py:188} INFO - [2024-01-30T16:18:00.318+0000] {dag.py:3036} INFO - Sync 1 DAGs
[2024-01-30T16:18:00.328+0000] {logging_mixin.py:188} INFO - [2024-01-30T16:18:00.328+0000] {dag.py:3823} INFO - Setting next_dagrun for example_dag_decorator to None, run_after=None
[2024-01-30T16:18:00.346+0000] {processor.py:183} INFO - Processing /home/airflow/.local/lib/python3.8/site-packages/airflow/example_dags/example_dag_decorator.py took 0.222 seconds
[2024-01-30T16:18:30.892+0000] {processor.py:161} INFO - Started process (PID=294) to work on /home/airflow/.local/lib/python3.8/site-packages/airflow/example_dags/example_dag_decorator.py
[2024-01-30T16:18:30.893+0000] {processor.py:830} INFO - Processing file /home/airflow/.local/lib/python3.8/site-packages/airflow/example_dags/example_dag_decorator.py for tasks to queue
[2024-01-30T16:18:30.895+0000] {logging_mixin.py:188} INFO - [2024-01-30T16:18:30.895+0000] {dagbag.py:538} INFO - Filling up the DagBag from /home/airflow/.local/lib/python3.8/site-packages/airflow/example_dags/example_dag_decorator.py
[2024-01-30T16:18:30.986+0000] {processor.py:840} INFO - DAG(s) 'example_dag_decorator' retrieved from /home/airflow/.local/lib/python3.8/site-packages/airflow/example_dags/example_dag_decorator.py
[2024-01-30T16:18:31.081+0000] {logging_mixin.py:188} INFO - [2024-01-30T16:18:31.081+0000] {dag.py:3036} INFO - Sync 1 DAGs
[2024-01-30T16:18:31.090+0000] {logging_mixin.py:188} INFO - [2024-01-30T16:18:31.090+0000] {dag.py:3823} INFO - Setting next_dagrun for example_dag_decorator to None, run_after=None
[2024-01-30T16:18:31.108+0000] {processor.py:183} INFO - Processing /home/airflow/.local/lib/python3.8/site-packages/airflow/example_dags/example_dag_decorator.py took 0.219 seconds
[2024-01-30T16:19:01.618+0000] {processor.py:161} INFO - Started process (PID=349) to work on /home/airflow/.local/lib/python3.8/site-packages/airflow/example_dags/example_dag_decorator.py
[2024-01-30T16:19:01.619+0000] {processor.py:830} INFO - Processing file /home/airflow/.local/lib/python3.8/site-packages/airflow/example_dags/example_dag_decorator.py for tasks to queue
[2024-01-30T16:19:01.621+0000] {logging_mixin.py:188} INFO - [2024-01-30T16:19:01.621+0000] {dagbag.py:538} INFO - Filling up the DagBag from /home/airflow/.local/lib/python3.8/site-packages/airflow/example_dags/example_dag_decorator.py
[2024-01-30T16:19:01.713+0000] {processor.py:840} INFO - DAG(s) 'example_dag_decorator' retrieved from /home/airflow/.local/lib/python3.8/site-packages/airflow/example_dags/example_dag_decorator.py
[2024-01-30T16:19:01.807+0000] {logging_mixin.py:188} INFO - [2024-01-30T16:19:01.807+0000] {dag.py:3036} INFO - Sync 1 DAGs
[2024-01-30T16:19:01.816+0000] {logging_mixin.py:188} INFO - [2024-01-30T16:19:01.816+0000] {dag.py:3823} INFO - Setting next_dagrun for example_dag_decorator to None, run_after=None
[2024-01-30T16:19:01.835+0000] {processor.py:183} INFO - Processing /home/airflow/.local/lib/python3.8/site-packages/airflow/example_dags/example_dag_decorator.py took 0.219 seconds
[2024-01-30T16:19:32.175+0000] {processor.py:161} INFO - Started process (PID=404) to work on /home/airflow/.local/lib/python3.8/site-packages/airflow/example_dags/example_dag_decorator.py
[2024-01-30T16:19:32.176+0000] {processor.py:830} INFO - Processing file /home/airflow/.local/lib/python3.8/site-packages/airflow/example_dags/example_dag_decorator.py for tasks to queue
[2024-01-30T16:19:32.177+0000] {logging_mixin.py:188} INFO - [2024-01-30T16:19:32.177+0000] {dagbag.py:538} INFO - Filling up the DagBag from /home/airflow/.local/lib/python3.8/site-packages/airflow/example_dags/example_dag_decorator.py
[2024-01-30T16:19:32.268+0000] {processor.py:840} INFO - DAG(s) 'example_dag_decorator' retrieved from /home/airflow/.local/lib/python3.8/site-packages/airflow/example_dags/example_dag_decorator.py
[2024-01-30T16:19:32.358+0000] {logging_mixin.py:188} INFO - [2024-01-30T16:19:32.358+0000] {dag.py:3036} INFO - Sync 1 DAGs
[2024-01-30T16:19:32.371+0000] {logging_mixin.py:188} INFO - [2024-01-30T16:19:32.371+0000] {dag.py:3823} INFO - Setting next_dagrun for example_dag_decorator to None, run_after=None
[2024-01-30T16:19:32.391+0000] {processor.py:183} INFO - Processing /home/airflow/.local/lib/python3.8/site-packages/airflow/example_dags/example_dag_decorator.py took 0.219 seconds
[2024-01-30T16:20:02.915+0000] {processor.py:161} INFO - Started process (PID=459) to work on /home/airflow/.local/lib/python3.8/site-packages/airflow/example_dags/example_dag_decorator.py
[2024-01-30T16:20:02.916+0000] {processor.py:830} INFO - Processing file /home/airflow/.local/lib/python3.8/site-packages/airflow/example_dags/example_dag_decorator.py for tasks to queue
[2024-01-30T16:20:02.918+0000] {logging_mixin.py:188} INFO - [2024-01-30T16:20:02.917+0000] {dagbag.py:538} INFO - Filling up the DagBag from /home/airflow/.local/lib/python3.8/site-packages/airflow/example_dags/example_dag_decorator.py
[2024-01-30T16:20:03.013+0000] {processor.py:840} INFO - DAG(s) 'example_dag_decorator' retrieved from /home/airflow/.local/lib/python3.8/site-packages/airflow/example_dags/example_dag_decorator.py
[2024-01-30T16:20:03.107+0000] {logging_mixin.py:188} INFO - [2024-01-30T16:20:03.106+0000] {dag.py:3036} INFO - Sync 1 DAGs
[2024-01-30T16:20:03.116+0000] {logging_mixin.py:188} INFO - [2024-01-30T16:20:03.116+0000] {dag.py:3823} INFO - Setting next_dagrun for example_dag_decorator to None, run_after=None
[2024-01-30T16:20:03.134+0000] {processor.py:183} INFO - Processing /home/airflow/.local/lib/python3.8/site-packages/airflow/example_dags/example_dag_decorator.py took 0.222 seconds
[2024-01-30T16:20:33.614+0000] {processor.py:161} INFO - Started process (PID=514) to work on /home/airflow/.local/lib/python3.8/site-packages/airflow/example_dags/example_dag_decorator.py
[2024-01-30T16:20:33.615+0000] {processor.py:830} INFO - Processing file /home/airflow/.local/lib/python3.8/site-packages/airflow/example_dags/example_dag_decorator.py for tasks to queue
[2024-01-30T16:20:33.617+0000] {logging_mixin.py:188} INFO - [2024-01-30T16:20:33.616+0000] {dagbag.py:538} INFO - Filling up the DagBag from /home/airflow/.local/lib/python3.8/site-packages/airflow/example_dags/example_dag_decorator.py
[2024-01-30T16:20:33.707+0000] {processor.py:840} INFO - DAG(s) 'example_dag_decorator' retrieved from /home/airflow/.local/lib/python3.8/site-packages/airflow/example_dags/example_dag_decorator.py
[2024-01-30T16:20:33.800+0000] {logging_mixin.py:188} INFO - [2024-01-30T16:20:33.800+0000] {dag.py:3036} INFO - Sync 1 DAGs
[2024-01-30T16:20:33.809+0000] {logging_mixin.py:188} INFO - [2024-01-30T16:20:33.809+0000] {dag.py:3823} INFO - Setting next_dagrun for example_dag_decorator to None, run_after=None
[2024-01-30T16:20:33.829+0000] {processor.py:183} INFO - Processing /home/airflow/.local/lib/python3.8/site-packages/airflow/example_dags/example_dag_decorator.py took 0.218 seconds
[2024-01-30T16:21:04.445+0000] {processor.py:161} INFO - Started process (PID=569) to work on /home/airflow/.local/lib/python3.8/site-packages/airflow/example_dags/example_dag_decorator.py
[2024-01-30T16:21:04.446+0000] {processor.py:830} INFO - Processing file /home/airflow/.local/lib/python3.8/site-packages/airflow/example_dags/example_dag_decorator.py for tasks to queue
[2024-01-30T16:21:04.448+0000] {logging_mixin.py:188} INFO - [2024-01-30T16:21:04.448+0000] {dagbag.py:538} INFO - Filling up the DagBag from /home/airflow/.local/lib/python3.8/site-packages/airflow/example_dags/example_dag_decorator.py
[2024-01-30T16:21:04.540+0000] {processor.py:840} INFO - DAG(s) 'example_dag_decorator' retrieved from /home/airflow/.local/lib/python3.8/site-packages/airflow/example_dags/example_dag_decorator.py
[2024-01-30T16:21:04.631+0000] {logging_mixin.py:188} INFO - [2024-01-30T16:21:04.631+0000] {dag.py:3036} INFO - Sync 1 DAGs
[2024-01-30T16:21:04.641+0000] {logging_mixin.py:188} INFO - [2024-01-30T16:21:04.641+0000] {dag.py:3823} INFO - Setting next_dagrun for example_dag_decorator to None, run_after=None
[2024-01-30T16:21:04.659+0000] {processor.py:183} INFO - Processing /home/airflow/.local/lib/python3.8/site-packages/airflow/example_dags/example_dag_decorator.py took 0.217 seconds
[2024-01-30T16:21:34.745+0000] {processor.py:161} INFO - Started process (PID=624) to work on /home/airflow/.local/lib/python3.8/site-packages/airflow/example_dags/example_dag_decorator.py
[2024-01-30T16:21:34.746+0000] {processor.py:830} INFO - Processing file /home/airflow/.local/lib/python3.8/site-packages/airflow/example_dags/example_dag_decorator.py for tasks to queue
[2024-01-30T16:21:34.748+0000] {logging_mixin.py:188} INFO - [2024-01-30T16:21:34.748+0000] {dagbag.py:538} INFO - Filling up the DagBag from /home/airflow/.local/lib/python3.8/site-packages/airflow/example_dags/example_dag_decorator.py
[2024-01-30T16:21:34.853+0000] {processor.py:840} INFO - DAG(s) 'example_dag_decorator' retrieved from /home/airflow/.local/lib/python3.8/site-packages/airflow/example_dags/example_dag_decorator.py
[2024-01-30T16:21:34.952+0000] {logging_mixin.py:188} INFO - [2024-01-30T16:21:34.952+0000] {dag.py:3036} INFO - Sync 1 DAGs
[2024-01-30T16:21:34.963+0000] {logging_mixin.py:188} INFO - [2024-01-30T16:21:34.963+0000] {dag.py:3823} INFO - Setting next_dagrun for example_dag_decorator to None, run_after=None
[2024-01-30T16:21:34.984+0000] {processor.py:183} INFO - Processing /home/airflow/.local/lib/python3.8/site-packages/airflow/example_dags/example_dag_decorator.py took 0.242 seconds
[2024-01-30T16:22:05.042+0000] {processor.py:161} INFO - Started process (PID=680) to work on /home/airflow/.local/lib/python3.8/site-packages/airflow/example_dags/example_dag_decorator.py
[2024-01-30T16:22:05.043+0000] {processor.py:830} INFO - Processing file /home/airflow/.local/lib/python3.8/site-packages/airflow/example_dags/example_dag_decorator.py for tasks to queue
[2024-01-30T16:22:05.045+0000] {logging_mixin.py:188} INFO - [2024-01-30T16:22:05.045+0000] {dagbag.py:538} INFO - Filling up the DagBag from /home/airflow/.local/lib/python3.8/site-packages/airflow/example_dags/example_dag_decorator.py
[2024-01-30T16:22:05.163+0000] {processor.py:840} INFO - DAG(s) 'example_dag_decorator' retrieved from /home/airflow/.local/lib/python3.8/site-packages/airflow/example_dags/example_dag_decorator.py
[2024-01-30T16:22:05.267+0000] {logging_mixin.py:188} INFO - [2024-01-30T16:22:05.266+0000] {dag.py:3036} INFO - Sync 1 DAGs
[2024-01-30T16:22:05.278+0000] {logging_mixin.py:188} INFO - [2024-01-30T16:22:05.277+0000] {dag.py:3823} INFO - Setting next_dagrun for example_dag_decorator to None, run_after=None
[2024-01-30T16:22:05.297+0000] {processor.py:183} INFO - Processing /home/airflow/.local/lib/python3.8/site-packages/airflow/example_dags/example_dag_decorator.py took 0.258 seconds
[2024-01-30T16:22:35.338+0000] {processor.py:161} INFO - Started process (PID=737) to work on /home/airflow/.local/lib/python3.8/site-packages/airflow/example_dags/example_dag_decorator.py
[2024-01-30T16:22:35.339+0000] {processor.py:830} INFO - Processing file /home/airflow/.local/lib/python3.8/site-packages/airflow/example_dags/example_dag_decorator.py for tasks to queue
[2024-01-30T16:22:35.340+0000] {logging_mixin.py:188} INFO - [2024-01-30T16:22:35.340+0000] {dagbag.py:538} INFO - Filling up the DagBag from /home/airflow/.local/lib/python3.8/site-packages/airflow/example_dags/example_dag_decorator.py
[2024-01-30T16:22:35.432+0000] {processor.py:840} INFO - DAG(s) 'example_dag_decorator' retrieved from /home/airflow/.local/lib/python3.8/site-packages/airflow/example_dags/example_dag_decorator.py
[2024-01-30T16:22:35.539+0000] {logging_mixin.py:188} INFO - [2024-01-30T16:22:35.539+0000] {dag.py:3036} INFO - Sync 1 DAGs
[2024-01-30T16:22:35.549+0000] {logging_mixin.py:188} INFO - [2024-01-30T16:22:35.549+0000] {dag.py:3823} INFO - Setting next_dagrun for example_dag_decorator to None, run_after=None
[2024-01-30T16:22:35.572+0000] {processor.py:183} INFO - Processing /home/airflow/.local/lib/python3.8/site-packages/airflow/example_dags/example_dag_decorator.py took 0.237 seconds
[2024-01-30T16:23:06.444+0000] {processor.py:161} INFO - Started process (PID=792) to work on /home/airflow/.local/lib/python3.8/site-packages/airflow/example_dags/example_dag_decorator.py
[2024-01-30T16:23:06.445+0000] {processor.py:830} INFO - Processing file /home/airflow/.local/lib/python3.8/site-packages/airflow/example_dags/example_dag_decorator.py for tasks to queue
[2024-01-30T16:23:06.447+0000] {logging_mixin.py:188} INFO - [2024-01-30T16:23:06.446+0000] {dagbag.py:538} INFO - Filling up the DagBag from /home/airflow/.local/lib/python3.8/site-packages/airflow/example_dags/example_dag_decorator.py
[2024-01-30T16:23:06.543+0000] {processor.py:840} INFO - DAG(s) 'example_dag_decorator' retrieved from /home/airflow/.local/lib/python3.8/site-packages/airflow/example_dags/example_dag_decorator.py
[2024-01-30T16:23:06.637+0000] {logging_mixin.py:188} INFO - [2024-01-30T16:23:06.637+0000] {dag.py:3036} INFO - Sync 1 DAGs
[2024-01-30T16:23:06.647+0000] {logging_mixin.py:188} INFO - [2024-01-30T16:23:06.647+0000] {dag.py:3823} INFO - Setting next_dagrun for example_dag_decorator to None, run_after=None
[2024-01-30T16:23:06.665+0000] {processor.py:183} INFO - Processing /home/airflow/.local/lib/python3.8/site-packages/airflow/example_dags/example_dag_decorator.py took 0.224 seconds
[2024-01-30T16:23:37.226+0000] {processor.py:161} INFO - Started process (PID=847) to work on /home/airflow/.local/lib/python3.8/site-packages/airflow/example_dags/example_dag_decorator.py
[2024-01-30T16:23:37.228+0000] {processor.py:830} INFO - Processing file /home/airflow/.local/lib/python3.8/site-packages/airflow/example_dags/example_dag_decorator.py for tasks to queue
[2024-01-30T16:23:37.229+0000] {logging_mixin.py:188} INFO - [2024-01-30T16:23:37.229+0000] {dagbag.py:538} INFO - Filling up the DagBag from /home/airflow/.local/lib/python3.8/site-packages/airflow/example_dags/example_dag_decorator.py
[2024-01-30T16:23:37.336+0000] {processor.py:840} INFO - DAG(s) 'example_dag_decorator' retrieved from /home/airflow/.local/lib/python3.8/site-packages/airflow/example_dags/example_dag_decorator.py
[2024-01-30T16:23:37.467+0000] {logging_mixin.py:188} INFO - [2024-01-30T16:23:37.466+0000] {dag.py:3036} INFO - Sync 1 DAGs
[2024-01-30T16:23:37.479+0000] {logging_mixin.py:188} INFO - [2024-01-30T16:23:37.479+0000] {dag.py:3823} INFO - Setting next_dagrun for example_dag_decorator to None, run_after=None
[2024-01-30T16:23:37.502+0000] {processor.py:183} INFO - Processing /home/airflow/.local/lib/python3.8/site-packages/airflow/example_dags/example_dag_decorator.py took 0.278 seconds
[2024-01-30T16:24:43.122+0000] {processor.py:161} INFO - Started process (PID=74) to work on /home/airflow/.local/lib/python3.8/site-packages/airflow/example_dags/example_dag_decorator.py
[2024-01-30T16:24:43.123+0000] {processor.py:830} INFO - Processing file /home/airflow/.local/lib/python3.8/site-packages/airflow/example_dags/example_dag_decorator.py for tasks to queue
[2024-01-30T16:24:43.125+0000] {logging_mixin.py:188} INFO - [2024-01-30T16:24:43.124+0000] {dagbag.py:538} INFO - Filling up the DagBag from /home/airflow/.local/lib/python3.8/site-packages/airflow/example_dags/example_dag_decorator.py
[2024-01-30T16:24:43.223+0000] {processor.py:840} INFO - DAG(s) 'example_dag_decorator' retrieved from /home/airflow/.local/lib/python3.8/site-packages/airflow/example_dags/example_dag_decorator.py
[2024-01-30T16:24:43.233+0000] {logging_mixin.py:188} INFO - [2024-01-30T16:24:43.233+0000] {dag.py:3036} INFO - Sync 1 DAGs
[2024-01-30T16:24:43.247+0000] {logging_mixin.py:188} INFO - [2024-01-30T16:24:43.246+0000] {dag.py:3823} INFO - Setting next_dagrun for example_dag_decorator to None, run_after=None
[2024-01-30T16:24:43.266+0000] {processor.py:183} INFO - Processing /home/airflow/.local/lib/python3.8/site-packages/airflow/example_dags/example_dag_decorator.py took 0.147 seconds
[2024-01-30T16:25:15.075+0000] {processor.py:161} INFO - Started process (PID=129) to work on /home/airflow/.local/lib/python3.8/site-packages/airflow/example_dags/example_dag_decorator.py
[2024-01-30T16:25:15.076+0000] {processor.py:830} INFO - Processing file /home/airflow/.local/lib/python3.8/site-packages/airflow/example_dags/example_dag_decorator.py for tasks to queue
[2024-01-30T16:25:15.078+0000] {logging_mixin.py:188} INFO - [2024-01-30T16:25:15.077+0000] {dagbag.py:538} INFO - Filling up the DagBag from /home/airflow/.local/lib/python3.8/site-packages/airflow/example_dags/example_dag_decorator.py
[2024-01-30T16:25:15.174+0000] {processor.py:840} INFO - DAG(s) 'example_dag_decorator' retrieved from /home/airflow/.local/lib/python3.8/site-packages/airflow/example_dags/example_dag_decorator.py
[2024-01-30T16:25:15.274+0000] {logging_mixin.py:188} INFO - [2024-01-30T16:25:15.273+0000] {dag.py:3036} INFO - Sync 1 DAGs
[2024-01-30T16:25:15.283+0000] {logging_mixin.py:188} INFO - [2024-01-30T16:25:15.283+0000] {dag.py:3823} INFO - Setting next_dagrun for example_dag_decorator to None, run_after=None
[2024-01-30T16:25:15.304+0000] {processor.py:183} INFO - Processing /home/airflow/.local/lib/python3.8/site-packages/airflow/example_dags/example_dag_decorator.py took 0.232 seconds
[2024-01-30T16:26:21.875+0000] {processor.py:161} INFO - Started process (PID=74) to work on /home/airflow/.local/lib/python3.8/site-packages/airflow/example_dags/example_dag_decorator.py
[2024-01-30T16:26:21.876+0000] {processor.py:830} INFO - Processing file /home/airflow/.local/lib/python3.8/site-packages/airflow/example_dags/example_dag_decorator.py for tasks to queue
[2024-01-30T16:26:21.878+0000] {logging_mixin.py:188} INFO - [2024-01-30T16:26:21.878+0000] {dagbag.py:538} INFO - Filling up the DagBag from /home/airflow/.local/lib/python3.8/site-packages/airflow/example_dags/example_dag_decorator.py
[2024-01-30T16:26:21.986+0000] {processor.py:840} INFO - DAG(s) 'example_dag_decorator' retrieved from /home/airflow/.local/lib/python3.8/site-packages/airflow/example_dags/example_dag_decorator.py
[2024-01-30T16:26:21.996+0000] {logging_mixin.py:188} INFO - [2024-01-30T16:26:21.995+0000] {dag.py:3036} INFO - Sync 1 DAGs
[2024-01-30T16:26:22.008+0000] {logging_mixin.py:188} INFO - [2024-01-30T16:26:22.008+0000] {dag.py:3823} INFO - Setting next_dagrun for example_dag_decorator to None, run_after=None
[2024-01-30T16:26:22.025+0000] {processor.py:183} INFO - Processing /home/airflow/.local/lib/python3.8/site-packages/airflow/example_dags/example_dag_decorator.py took 0.153 seconds
[2024-01-30T16:26:53.719+0000] {processor.py:161} INFO - Started process (PID=129) to work on /home/airflow/.local/lib/python3.8/site-packages/airflow/example_dags/example_dag_decorator.py
[2024-01-30T16:26:53.720+0000] {processor.py:830} INFO - Processing file /home/airflow/.local/lib/python3.8/site-packages/airflow/example_dags/example_dag_decorator.py for tasks to queue
[2024-01-30T16:26:53.721+0000] {logging_mixin.py:188} INFO - [2024-01-30T16:26:53.721+0000] {dagbag.py:538} INFO - Filling up the DagBag from /home/airflow/.local/lib/python3.8/site-packages/airflow/example_dags/example_dag_decorator.py
[2024-01-30T16:26:53.812+0000] {processor.py:840} INFO - DAG(s) 'example_dag_decorator' retrieved from /home/airflow/.local/lib/python3.8/site-packages/airflow/example_dags/example_dag_decorator.py
[2024-01-30T16:26:53.909+0000] {logging_mixin.py:188} INFO - [2024-01-30T16:26:53.908+0000] {dag.py:3036} INFO - Sync 1 DAGs
[2024-01-30T16:26:53.918+0000] {logging_mixin.py:188} INFO - [2024-01-30T16:26:53.918+0000] {dag.py:3823} INFO - Setting next_dagrun for example_dag_decorator to None, run_after=None
[2024-01-30T16:26:53.936+0000] {processor.py:183} INFO - Processing /home/airflow/.local/lib/python3.8/site-packages/airflow/example_dags/example_dag_decorator.py took 0.220 seconds
[2024-01-30T16:27:24.422+0000] {processor.py:161} INFO - Started process (PID=184) to work on /home/airflow/.local/lib/python3.8/site-packages/airflow/example_dags/example_dag_decorator.py
[2024-01-30T16:27:24.422+0000] {processor.py:830} INFO - Processing file /home/airflow/.local/lib/python3.8/site-packages/airflow/example_dags/example_dag_decorator.py for tasks to queue
[2024-01-30T16:27:24.424+0000] {logging_mixin.py:188} INFO - [2024-01-30T16:27:24.424+0000] {dagbag.py:538} INFO - Filling up the DagBag from /home/airflow/.local/lib/python3.8/site-packages/airflow/example_dags/example_dag_decorator.py
[2024-01-30T16:27:24.517+0000] {processor.py:840} INFO - DAG(s) 'example_dag_decorator' retrieved from /home/airflow/.local/lib/python3.8/site-packages/airflow/example_dags/example_dag_decorator.py
[2024-01-30T16:27:24.611+0000] {logging_mixin.py:188} INFO - [2024-01-30T16:27:24.610+0000] {dag.py:3036} INFO - Sync 1 DAGs
[2024-01-30T16:27:24.621+0000] {logging_mixin.py:188} INFO - [2024-01-30T16:27:24.621+0000] {dag.py:3823} INFO - Setting next_dagrun for example_dag_decorator to None, run_after=None
[2024-01-30T16:27:24.641+0000] {processor.py:183} INFO - Processing /home/airflow/.local/lib/python3.8/site-packages/airflow/example_dags/example_dag_decorator.py took 0.222 seconds
[2024-01-30T16:27:55.372+0000] {processor.py:161} INFO - Started process (PID=239) to work on /home/airflow/.local/lib/python3.8/site-packages/airflow/example_dags/example_dag_decorator.py
[2024-01-30T16:27:55.374+0000] {processor.py:830} INFO - Processing file /home/airflow/.local/lib/python3.8/site-packages/airflow/example_dags/example_dag_decorator.py for tasks to queue
[2024-01-30T16:27:55.375+0000] {logging_mixin.py:188} INFO - [2024-01-30T16:27:55.375+0000] {dagbag.py:538} INFO - Filling up the DagBag from /home/airflow/.local/lib/python3.8/site-packages/airflow/example_dags/example_dag_decorator.py
[2024-01-30T16:27:55.471+0000] {processor.py:840} INFO - DAG(s) 'example_dag_decorator' retrieved from /home/airflow/.local/lib/python3.8/site-packages/airflow/example_dags/example_dag_decorator.py
[2024-01-30T16:27:55.564+0000] {logging_mixin.py:188} INFO - [2024-01-30T16:27:55.564+0000] {dag.py:3036} INFO - Sync 1 DAGs
[2024-01-30T16:27:55.574+0000] {logging_mixin.py:188} INFO - [2024-01-30T16:27:55.574+0000] {dag.py:3823} INFO - Setting next_dagrun for example_dag_decorator to None, run_after=None
[2024-01-30T16:27:55.593+0000] {processor.py:183} INFO - Processing /home/airflow/.local/lib/python3.8/site-packages/airflow/example_dags/example_dag_decorator.py took 0.224 seconds
[2024-01-30T16:28:25.981+0000] {processor.py:161} INFO - Started process (PID=294) to work on /home/airflow/.local/lib/python3.8/site-packages/airflow/example_dags/example_dag_decorator.py
[2024-01-30T16:28:25.982+0000] {processor.py:830} INFO - Processing file /home/airflow/.local/lib/python3.8/site-packages/airflow/example_dags/example_dag_decorator.py for tasks to queue
[2024-01-30T16:28:25.984+0000] {logging_mixin.py:188} INFO - [2024-01-30T16:28:25.984+0000] {dagbag.py:538} INFO - Filling up the DagBag from /home/airflow/.local/lib/python3.8/site-packages/airflow/example_dags/example_dag_decorator.py
[2024-01-30T16:28:26.075+0000] {processor.py:840} INFO - DAG(s) 'example_dag_decorator' retrieved from /home/airflow/.local/lib/python3.8/site-packages/airflow/example_dags/example_dag_decorator.py
[2024-01-30T16:28:26.166+0000] {logging_mixin.py:188} INFO - [2024-01-30T16:28:26.166+0000] {dag.py:3036} INFO - Sync 1 DAGs
[2024-01-30T16:28:26.176+0000] {logging_mixin.py:188} INFO - [2024-01-30T16:28:26.176+0000] {dag.py:3823} INFO - Setting next_dagrun for example_dag_decorator to None, run_after=None
[2024-01-30T16:28:26.193+0000] {processor.py:183} INFO - Processing /home/airflow/.local/lib/python3.8/site-packages/airflow/example_dags/example_dag_decorator.py took 0.215 seconds
[2024-01-30T16:28:56.729+0000] {processor.py:161} INFO - Started process (PID=349) to work on /home/airflow/.local/lib/python3.8/site-packages/airflow/example_dags/example_dag_decorator.py
[2024-01-30T16:28:56.730+0000] {processor.py:830} INFO - Processing file /home/airflow/.local/lib/python3.8/site-packages/airflow/example_dags/example_dag_decorator.py for tasks to queue
[2024-01-30T16:28:56.732+0000] {logging_mixin.py:188} INFO - [2024-01-30T16:28:56.731+0000] {dagbag.py:538} INFO - Filling up the DagBag from /home/airflow/.local/lib/python3.8/site-packages/airflow/example_dags/example_dag_decorator.py
[2024-01-30T16:28:56.823+0000] {processor.py:840} INFO - DAG(s) 'example_dag_decorator' retrieved from /home/airflow/.local/lib/python3.8/site-packages/airflow/example_dags/example_dag_decorator.py
[2024-01-30T16:28:56.916+0000] {logging_mixin.py:188} INFO - [2024-01-30T16:28:56.916+0000] {dag.py:3036} INFO - Sync 1 DAGs
[2024-01-30T16:28:56.926+0000] {logging_mixin.py:188} INFO - [2024-01-30T16:28:56.925+0000] {dag.py:3823} INFO - Setting next_dagrun for example_dag_decorator to None, run_after=None
[2024-01-30T16:28:56.945+0000] {processor.py:183} INFO - Processing /home/airflow/.local/lib/python3.8/site-packages/airflow/example_dags/example_dag_decorator.py took 0.219 seconds
[2024-01-30T16:29:27.389+0000] {processor.py:161} INFO - Started process (PID=404) to work on /home/airflow/.local/lib/python3.8/site-packages/airflow/example_dags/example_dag_decorator.py
[2024-01-30T16:29:27.390+0000] {processor.py:830} INFO - Processing file /home/airflow/.local/lib/python3.8/site-packages/airflow/example_dags/example_dag_decorator.py for tasks to queue
[2024-01-30T16:29:27.392+0000] {logging_mixin.py:188} INFO - [2024-01-30T16:29:27.392+0000] {dagbag.py:538} INFO - Filling up the DagBag from /home/airflow/.local/lib/python3.8/site-packages/airflow/example_dags/example_dag_decorator.py
[2024-01-30T16:29:27.483+0000] {processor.py:840} INFO - DAG(s) 'example_dag_decorator' retrieved from /home/airflow/.local/lib/python3.8/site-packages/airflow/example_dags/example_dag_decorator.py
[2024-01-30T16:29:27.506+0000] {logging_mixin.py:188} INFO - [2024-01-30T16:29:27.506+0000] {dag.py:3036} INFO - Sync 1 DAGs
[2024-01-30T16:29:27.517+0000] {logging_mixin.py:188} INFO - [2024-01-30T16:29:27.516+0000] {dag.py:3823} INFO - Setting next_dagrun for example_dag_decorator to None, run_after=None
[2024-01-30T16:29:27.534+0000] {processor.py:183} INFO - Processing /home/airflow/.local/lib/python3.8/site-packages/airflow/example_dags/example_dag_decorator.py took 0.148 seconds
[2024-01-30T16:29:58.106+0000] {processor.py:161} INFO - Started process (PID=459) to work on /home/airflow/.local/lib/python3.8/site-packages/airflow/example_dags/example_dag_decorator.py
[2024-01-30T16:29:58.107+0000] {processor.py:830} INFO - Processing file /home/airflow/.local/lib/python3.8/site-packages/airflow/example_dags/example_dag_decorator.py for tasks to queue
[2024-01-30T16:29:58.108+0000] {logging_mixin.py:188} INFO - [2024-01-30T16:29:58.108+0000] {dagbag.py:538} INFO - Filling up the DagBag from /home/airflow/.local/lib/python3.8/site-packages/airflow/example_dags/example_dag_decorator.py
[2024-01-30T16:29:58.201+0000] {processor.py:840} INFO - DAG(s) 'example_dag_decorator' retrieved from /home/airflow/.local/lib/python3.8/site-packages/airflow/example_dags/example_dag_decorator.py
[2024-01-30T16:29:58.305+0000] {logging_mixin.py:188} INFO - [2024-01-30T16:29:58.305+0000] {dag.py:3036} INFO - Sync 1 DAGs
[2024-01-30T16:29:58.315+0000] {logging_mixin.py:188} INFO - [2024-01-30T16:29:58.315+0000] {dag.py:3823} INFO - Setting next_dagrun for example_dag_decorator to None, run_after=None
[2024-01-30T16:29:58.335+0000] {processor.py:183} INFO - Processing /home/airflow/.local/lib/python3.8/site-packages/airflow/example_dags/example_dag_decorator.py took 0.233 seconds
[2024-01-30T16:30:28.906+0000] {processor.py:161} INFO - Started process (PID=514) to work on /home/airflow/.local/lib/python3.8/site-packages/airflow/example_dags/example_dag_decorator.py
[2024-01-30T16:30:28.907+0000] {processor.py:830} INFO - Processing file /home/airflow/.local/lib/python3.8/site-packages/airflow/example_dags/example_dag_decorator.py for tasks to queue
[2024-01-30T16:30:28.909+0000] {logging_mixin.py:188} INFO - [2024-01-30T16:30:28.909+0000] {dagbag.py:538} INFO - Filling up the DagBag from /home/airflow/.local/lib/python3.8/site-packages/airflow/example_dags/example_dag_decorator.py
[2024-01-30T16:30:29.004+0000] {processor.py:840} INFO - DAG(s) 'example_dag_decorator' retrieved from /home/airflow/.local/lib/python3.8/site-packages/airflow/example_dags/example_dag_decorator.py
[2024-01-30T16:30:29.125+0000] {logging_mixin.py:188} INFO - [2024-01-30T16:30:29.125+0000] {dag.py:3036} INFO - Sync 1 DAGs
[2024-01-30T16:30:29.136+0000] {logging_mixin.py:188} INFO - [2024-01-30T16:30:29.136+0000] {dag.py:3823} INFO - Setting next_dagrun for example_dag_decorator to None, run_after=None
[2024-01-30T16:30:29.154+0000] {processor.py:183} INFO - Processing /home/airflow/.local/lib/python3.8/site-packages/airflow/example_dags/example_dag_decorator.py took 0.250 seconds
[2024-01-30T16:30:59.856+0000] {processor.py:161} INFO - Started process (PID=569) to work on /home/airflow/.local/lib/python3.8/site-packages/airflow/example_dags/example_dag_decorator.py
[2024-01-30T16:30:59.857+0000] {processor.py:830} INFO - Processing file /home/airflow/.local/lib/python3.8/site-packages/airflow/example_dags/example_dag_decorator.py for tasks to queue
[2024-01-30T16:30:59.859+0000] {logging_mixin.py:188} INFO - [2024-01-30T16:30:59.858+0000] {dagbag.py:538} INFO - Filling up the DagBag from /home/airflow/.local/lib/python3.8/site-packages/airflow/example_dags/example_dag_decorator.py
[2024-01-30T16:30:59.967+0000] {processor.py:840} INFO - DAG(s) 'example_dag_decorator' retrieved from /home/airflow/.local/lib/python3.8/site-packages/airflow/example_dags/example_dag_decorator.py
[2024-01-30T16:31:00.080+0000] {logging_mixin.py:188} INFO - [2024-01-30T16:31:00.080+0000] {dag.py:3036} INFO - Sync 1 DAGs
[2024-01-30T16:31:00.093+0000] {logging_mixin.py:188} INFO - [2024-01-30T16:31:00.093+0000] {dag.py:3823} INFO - Setting next_dagrun for example_dag_decorator to None, run_after=None
[2024-01-30T16:31:00.119+0000] {processor.py:183} INFO - Processing /home/airflow/.local/lib/python3.8/site-packages/airflow/example_dags/example_dag_decorator.py took 0.266 seconds
[2024-01-30T16:31:30.893+0000] {processor.py:161} INFO - Started process (PID=624) to work on /home/airflow/.local/lib/python3.8/site-packages/airflow/example_dags/example_dag_decorator.py
[2024-01-30T16:31:30.894+0000] {processor.py:830} INFO - Processing file /home/airflow/.local/lib/python3.8/site-packages/airflow/example_dags/example_dag_decorator.py for tasks to queue
[2024-01-30T16:31:30.895+0000] {logging_mixin.py:188} INFO - [2024-01-30T16:31:30.895+0000] {dagbag.py:538} INFO - Filling up the DagBag from /home/airflow/.local/lib/python3.8/site-packages/airflow/example_dags/example_dag_decorator.py
[2024-01-30T16:31:30.989+0000] {processor.py:840} INFO - DAG(s) 'example_dag_decorator' retrieved from /home/airflow/.local/lib/python3.8/site-packages/airflow/example_dags/example_dag_decorator.py
[2024-01-30T16:31:31.093+0000] {logging_mixin.py:188} INFO - [2024-01-30T16:31:31.093+0000] {dag.py:3036} INFO - Sync 1 DAGs
[2024-01-30T16:31:31.104+0000] {logging_mixin.py:188} INFO - [2024-01-30T16:31:31.104+0000] {dag.py:3823} INFO - Setting next_dagrun for example_dag_decorator to None, run_after=None
[2024-01-30T16:31:31.123+0000] {processor.py:183} INFO - Processing /home/airflow/.local/lib/python3.8/site-packages/airflow/example_dags/example_dag_decorator.py took 0.233 seconds
[2024-01-30T16:32:01.164+0000] {processor.py:161} INFO - Started process (PID=680) to work on /home/airflow/.local/lib/python3.8/site-packages/airflow/example_dags/example_dag_decorator.py
[2024-01-30T16:32:01.165+0000] {processor.py:830} INFO - Processing file /home/airflow/.local/lib/python3.8/site-packages/airflow/example_dags/example_dag_decorator.py for tasks to queue
[2024-01-30T16:32:01.167+0000] {logging_mixin.py:188} INFO - [2024-01-30T16:32:01.166+0000] {dagbag.py:538} INFO - Filling up the DagBag from /home/airflow/.local/lib/python3.8/site-packages/airflow/example_dags/example_dag_decorator.py
[2024-01-30T16:32:01.261+0000] {processor.py:840} INFO - DAG(s) 'example_dag_decorator' retrieved from /home/airflow/.local/lib/python3.8/site-packages/airflow/example_dags/example_dag_decorator.py
[2024-01-30T16:32:01.360+0000] {logging_mixin.py:188} INFO - [2024-01-30T16:32:01.360+0000] {dag.py:3036} INFO - Sync 1 DAGs
[2024-01-30T16:32:01.371+0000] {logging_mixin.py:188} INFO - [2024-01-30T16:32:01.371+0000] {dag.py:3823} INFO - Setting next_dagrun for example_dag_decorator to None, run_after=None
[2024-01-30T16:32:01.390+0000] {processor.py:183} INFO - Processing /home/airflow/.local/lib/python3.8/site-packages/airflow/example_dags/example_dag_decorator.py took 0.229 seconds
[2024-01-30T16:32:31.442+0000] {processor.py:161} INFO - Started process (PID=737) to work on /home/airflow/.local/lib/python3.8/site-packages/airflow/example_dags/example_dag_decorator.py
[2024-01-30T16:32:31.443+0000] {processor.py:830} INFO - Processing file /home/airflow/.local/lib/python3.8/site-packages/airflow/example_dags/example_dag_decorator.py for tasks to queue
[2024-01-30T16:32:31.444+0000] {logging_mixin.py:188} INFO - [2024-01-30T16:32:31.444+0000] {dagbag.py:538} INFO - Filling up the DagBag from /home/airflow/.local/lib/python3.8/site-packages/airflow/example_dags/example_dag_decorator.py
[2024-01-30T16:32:31.533+0000] {processor.py:840} INFO - DAG(s) 'example_dag_decorator' retrieved from /home/airflow/.local/lib/python3.8/site-packages/airflow/example_dags/example_dag_decorator.py
[2024-01-30T16:32:31.622+0000] {logging_mixin.py:188} INFO - [2024-01-30T16:32:31.621+0000] {dag.py:3036} INFO - Sync 1 DAGs
[2024-01-30T16:32:31.631+0000] {logging_mixin.py:188} INFO - [2024-01-30T16:32:31.631+0000] {dag.py:3823} INFO - Setting next_dagrun for example_dag_decorator to None, run_after=None
[2024-01-30T16:32:31.649+0000] {processor.py:183} INFO - Processing /home/airflow/.local/lib/python3.8/site-packages/airflow/example_dags/example_dag_decorator.py took 0.210 seconds
[2024-01-30T16:33:01.733+0000] {processor.py:161} INFO - Started process (PID=792) to work on /home/airflow/.local/lib/python3.8/site-packages/airflow/example_dags/example_dag_decorator.py
[2024-01-30T16:33:01.734+0000] {processor.py:830} INFO - Processing file /home/airflow/.local/lib/python3.8/site-packages/airflow/example_dags/example_dag_decorator.py for tasks to queue
[2024-01-30T16:33:01.736+0000] {logging_mixin.py:188} INFO - [2024-01-30T16:33:01.736+0000] {dagbag.py:538} INFO - Filling up the DagBag from /home/airflow/.local/lib/python3.8/site-packages/airflow/example_dags/example_dag_decorator.py
[2024-01-30T16:33:01.835+0000] {processor.py:840} INFO - DAG(s) 'example_dag_decorator' retrieved from /home/airflow/.local/lib/python3.8/site-packages/airflow/example_dags/example_dag_decorator.py
[2024-01-30T16:33:01.929+0000] {logging_mixin.py:188} INFO - [2024-01-30T16:33:01.929+0000] {dag.py:3036} INFO - Sync 1 DAGs
[2024-01-30T16:33:01.940+0000] {logging_mixin.py:188} INFO - [2024-01-30T16:33:01.939+0000] {dag.py:3823} INFO - Setting next_dagrun for example_dag_decorator to None, run_after=None
[2024-01-30T16:33:01.960+0000] {processor.py:183} INFO - Processing /home/airflow/.local/lib/python3.8/site-packages/airflow/example_dags/example_dag_decorator.py took 0.231 seconds
[2024-01-30T16:33:32.099+0000] {processor.py:161} INFO - Started process (PID=845) to work on /home/airflow/.local/lib/python3.8/site-packages/airflow/example_dags/example_dag_decorator.py
[2024-01-30T16:33:32.100+0000] {processor.py:830} INFO - Processing file /home/airflow/.local/lib/python3.8/site-packages/airflow/example_dags/example_dag_decorator.py for tasks to queue
[2024-01-30T16:33:32.102+0000] {logging_mixin.py:188} INFO - [2024-01-30T16:33:32.102+0000] {dagbag.py:538} INFO - Filling up the DagBag from /home/airflow/.local/lib/python3.8/site-packages/airflow/example_dags/example_dag_decorator.py
[2024-01-30T16:33:32.198+0000] {processor.py:840} INFO - DAG(s) 'example_dag_decorator' retrieved from /home/airflow/.local/lib/python3.8/site-packages/airflow/example_dags/example_dag_decorator.py
[2024-01-30T16:33:32.300+0000] {logging_mixin.py:188} INFO - [2024-01-30T16:33:32.300+0000] {dag.py:3036} INFO - Sync 1 DAGs
[2024-01-30T16:33:32.311+0000] {logging_mixin.py:188} INFO - [2024-01-30T16:33:32.310+0000] {dag.py:3823} INFO - Setting next_dagrun for example_dag_decorator to None, run_after=None
[2024-01-30T16:33:32.330+0000] {processor.py:183} INFO - Processing /home/airflow/.local/lib/python3.8/site-packages/airflow/example_dags/example_dag_decorator.py took 0.233 seconds
[2024-01-30T16:34:02.444+0000] {processor.py:161} INFO - Started process (PID=902) to work on /home/airflow/.local/lib/python3.8/site-packages/airflow/example_dags/example_dag_decorator.py
[2024-01-30T16:34:02.445+0000] {processor.py:830} INFO - Processing file /home/airflow/.local/lib/python3.8/site-packages/airflow/example_dags/example_dag_decorator.py for tasks to queue
[2024-01-30T16:34:02.447+0000] {logging_mixin.py:188} INFO - [2024-01-30T16:34:02.446+0000] {dagbag.py:538} INFO - Filling up the DagBag from /home/airflow/.local/lib/python3.8/site-packages/airflow/example_dags/example_dag_decorator.py
[2024-01-30T16:34:02.544+0000] {processor.py:840} INFO - DAG(s) 'example_dag_decorator' retrieved from /home/airflow/.local/lib/python3.8/site-packages/airflow/example_dags/example_dag_decorator.py
[2024-01-30T16:34:02.642+0000] {logging_mixin.py:188} INFO - [2024-01-30T16:34:02.642+0000] {dag.py:3036} INFO - Sync 1 DAGs
[2024-01-30T16:34:02.654+0000] {logging_mixin.py:188} INFO - [2024-01-30T16:34:02.653+0000] {dag.py:3823} INFO - Setting next_dagrun for example_dag_decorator to None, run_after=None
[2024-01-30T16:34:02.782+0000] {processor.py:183} INFO - Processing /home/airflow/.local/lib/python3.8/site-packages/airflow/example_dags/example_dag_decorator.py took 0.342 seconds
[2024-01-30T16:34:32.812+0000] {processor.py:161} INFO - Started process (PID=957) to work on /home/airflow/.local/lib/python3.8/site-packages/airflow/example_dags/example_dag_decorator.py
[2024-01-30T16:34:32.813+0000] {processor.py:830} INFO - Processing file /home/airflow/.local/lib/python3.8/site-packages/airflow/example_dags/example_dag_decorator.py for tasks to queue
[2024-01-30T16:34:32.816+0000] {logging_mixin.py:188} INFO - [2024-01-30T16:34:32.815+0000] {dagbag.py:538} INFO - Filling up the DagBag from /home/airflow/.local/lib/python3.8/site-packages/airflow/example_dags/example_dag_decorator.py
[2024-01-30T16:34:32.921+0000] {processor.py:840} INFO - DAG(s) 'example_dag_decorator' retrieved from /home/airflow/.local/lib/python3.8/site-packages/airflow/example_dags/example_dag_decorator.py
[2024-01-30T16:34:33.025+0000] {logging_mixin.py:188} INFO - [2024-01-30T16:34:33.025+0000] {dag.py:3036} INFO - Sync 1 DAGs
[2024-01-30T16:34:33.037+0000] {logging_mixin.py:188} INFO - [2024-01-30T16:34:33.036+0000] {dag.py:3823} INFO - Setting next_dagrun for example_dag_decorator to None, run_after=None
[2024-01-30T16:34:33.157+0000] {processor.py:183} INFO - Processing /home/airflow/.local/lib/python3.8/site-packages/airflow/example_dags/example_dag_decorator.py took 0.347 seconds
[2024-01-30T16:35:03.224+0000] {processor.py:161} INFO - Started process (PID=1014) to work on /home/airflow/.local/lib/python3.8/site-packages/airflow/example_dags/example_dag_decorator.py
[2024-01-30T16:35:03.225+0000] {processor.py:830} INFO - Processing file /home/airflow/.local/lib/python3.8/site-packages/airflow/example_dags/example_dag_decorator.py for tasks to queue
[2024-01-30T16:35:03.226+0000] {logging_mixin.py:188} INFO - [2024-01-30T16:35:03.226+0000] {dagbag.py:538} INFO - Filling up the DagBag from /home/airflow/.local/lib/python3.8/site-packages/airflow/example_dags/example_dag_decorator.py
[2024-01-30T16:35:03.320+0000] {processor.py:840} INFO - DAG(s) 'example_dag_decorator' retrieved from /home/airflow/.local/lib/python3.8/site-packages/airflow/example_dags/example_dag_decorator.py
[2024-01-30T16:35:03.417+0000] {logging_mixin.py:188} INFO - [2024-01-30T16:35:03.417+0000] {dag.py:3036} INFO - Sync 1 DAGs
[2024-01-30T16:35:03.427+0000] {logging_mixin.py:188} INFO - [2024-01-30T16:35:03.427+0000] {dag.py:3823} INFO - Setting next_dagrun for example_dag_decorator to None, run_after=None
[2024-01-30T16:35:03.448+0000] {processor.py:183} INFO - Processing /home/airflow/.local/lib/python3.8/site-packages/airflow/example_dags/example_dag_decorator.py took 0.227 seconds
[2024-01-30T16:35:33.511+0000] {processor.py:161} INFO - Started process (PID=1071) to work on /home/airflow/.local/lib/python3.8/site-packages/airflow/example_dags/example_dag_decorator.py
[2024-01-30T16:35:33.512+0000] {processor.py:830} INFO - Processing file /home/airflow/.local/lib/python3.8/site-packages/airflow/example_dags/example_dag_decorator.py for tasks to queue
[2024-01-30T16:35:33.514+0000] {logging_mixin.py:188} INFO - [2024-01-30T16:35:33.513+0000] {dagbag.py:538} INFO - Filling up the DagBag from /home/airflow/.local/lib/python3.8/site-packages/airflow/example_dags/example_dag_decorator.py
[2024-01-30T16:35:33.630+0000] {processor.py:840} INFO - DAG(s) 'example_dag_decorator' retrieved from /home/airflow/.local/lib/python3.8/site-packages/airflow/example_dags/example_dag_decorator.py
[2024-01-30T16:35:33.723+0000] {logging_mixin.py:188} INFO - [2024-01-30T16:35:33.723+0000] {dag.py:3036} INFO - Sync 1 DAGs
[2024-01-30T16:35:33.733+0000] {logging_mixin.py:188} INFO - [2024-01-30T16:35:33.733+0000] {dag.py:3823} INFO - Setting next_dagrun for example_dag_decorator to None, run_after=None
[2024-01-30T16:35:33.762+0000] {processor.py:183} INFO - Processing /home/airflow/.local/lib/python3.8/site-packages/airflow/example_dags/example_dag_decorator.py took 0.254 seconds
[2024-01-30T16:36:04.774+0000] {processor.py:161} INFO - Started process (PID=1129) to work on /home/airflow/.local/lib/python3.8/site-packages/airflow/example_dags/example_dag_decorator.py
[2024-01-30T16:36:04.775+0000] {processor.py:830} INFO - Processing file /home/airflow/.local/lib/python3.8/site-packages/airflow/example_dags/example_dag_decorator.py for tasks to queue
[2024-01-30T16:36:04.777+0000] {logging_mixin.py:188} INFO - [2024-01-30T16:36:04.776+0000] {dagbag.py:538} INFO - Filling up the DagBag from /home/airflow/.local/lib/python3.8/site-packages/airflow/example_dags/example_dag_decorator.py
[2024-01-30T16:36:04.872+0000] {processor.py:840} INFO - DAG(s) 'example_dag_decorator' retrieved from /home/airflow/.local/lib/python3.8/site-packages/airflow/example_dags/example_dag_decorator.py
[2024-01-30T16:36:04.967+0000] {logging_mixin.py:188} INFO - [2024-01-30T16:36:04.967+0000] {dag.py:3036} INFO - Sync 1 DAGs
[2024-01-30T16:36:04.978+0000] {logging_mixin.py:188} INFO - [2024-01-30T16:36:04.977+0000] {dag.py:3823} INFO - Setting next_dagrun for example_dag_decorator to None, run_after=None
[2024-01-30T16:36:04.997+0000] {processor.py:183} INFO - Processing /home/airflow/.local/lib/python3.8/site-packages/airflow/example_dags/example_dag_decorator.py took 0.226 seconds
[2024-01-30T16:36:35.765+0000] {processor.py:161} INFO - Started process (PID=1184) to work on /home/airflow/.local/lib/python3.8/site-packages/airflow/example_dags/example_dag_decorator.py
[2024-01-30T16:36:35.766+0000] {processor.py:830} INFO - Processing file /home/airflow/.local/lib/python3.8/site-packages/airflow/example_dags/example_dag_decorator.py for tasks to queue
[2024-01-30T16:36:35.768+0000] {logging_mixin.py:188} INFO - [2024-01-30T16:36:35.768+0000] {dagbag.py:538} INFO - Filling up the DagBag from /home/airflow/.local/lib/python3.8/site-packages/airflow/example_dags/example_dag_decorator.py
[2024-01-30T16:36:35.862+0000] {processor.py:840} INFO - DAG(s) 'example_dag_decorator' retrieved from /home/airflow/.local/lib/python3.8/site-packages/airflow/example_dags/example_dag_decorator.py
[2024-01-30T16:36:35.956+0000] {logging_mixin.py:188} INFO - [2024-01-30T16:36:35.956+0000] {dag.py:3036} INFO - Sync 1 DAGs
[2024-01-30T16:36:35.966+0000] {logging_mixin.py:188} INFO - [2024-01-30T16:36:35.965+0000] {dag.py:3823} INFO - Setting next_dagrun for example_dag_decorator to None, run_after=None
[2024-01-30T16:36:35.997+0000] {processor.py:183} INFO - Processing /home/airflow/.local/lib/python3.8/site-packages/airflow/example_dags/example_dag_decorator.py took 0.234 seconds
[2024-01-30T16:37:06.869+0000] {processor.py:161} INFO - Started process (PID=1239) to work on /home/airflow/.local/lib/python3.8/site-packages/airflow/example_dags/example_dag_decorator.py
[2024-01-30T16:37:06.870+0000] {processor.py:830} INFO - Processing file /home/airflow/.local/lib/python3.8/site-packages/airflow/example_dags/example_dag_decorator.py for tasks to queue
[2024-01-30T16:37:06.872+0000] {logging_mixin.py:188} INFO - [2024-01-30T16:37:06.872+0000] {dagbag.py:538} INFO - Filling up the DagBag from /home/airflow/.local/lib/python3.8/site-packages/airflow/example_dags/example_dag_decorator.py
[2024-01-30T16:37:06.962+0000] {processor.py:840} INFO - DAG(s) 'example_dag_decorator' retrieved from /home/airflow/.local/lib/python3.8/site-packages/airflow/example_dags/example_dag_decorator.py
[2024-01-30T16:37:07.051+0000] {logging_mixin.py:188} INFO - [2024-01-30T16:37:07.051+0000] {dag.py:3036} INFO - Sync 1 DAGs
[2024-01-30T16:37:07.060+0000] {logging_mixin.py:188} INFO - [2024-01-30T16:37:07.060+0000] {dag.py:3823} INFO - Setting next_dagrun for example_dag_decorator to None, run_after=None
[2024-01-30T16:37:07.077+0000] {processor.py:183} INFO - Processing /home/airflow/.local/lib/python3.8/site-packages/airflow/example_dags/example_dag_decorator.py took 0.211 seconds
[2024-01-30T16:37:37.709+0000] {processor.py:161} INFO - Started process (PID=1294) to work on /home/airflow/.local/lib/python3.8/site-packages/airflow/example_dags/example_dag_decorator.py
[2024-01-30T16:37:37.710+0000] {processor.py:830} INFO - Processing file /home/airflow/.local/lib/python3.8/site-packages/airflow/example_dags/example_dag_decorator.py for tasks to queue
[2024-01-30T16:37:37.713+0000] {logging_mixin.py:188} INFO - [2024-01-30T16:37:37.712+0000] {dagbag.py:538} INFO - Filling up the DagBag from /home/airflow/.local/lib/python3.8/site-packages/airflow/example_dags/example_dag_decorator.py
[2024-01-30T16:37:37.841+0000] {processor.py:840} INFO - DAG(s) 'example_dag_decorator' retrieved from /home/airflow/.local/lib/python3.8/site-packages/airflow/example_dags/example_dag_decorator.py
[2024-01-30T16:37:38.059+0000] {logging_mixin.py:188} INFO - [2024-01-30T16:37:38.059+0000] {dag.py:3036} INFO - Sync 1 DAGs
[2024-01-30T16:37:38.070+0000] {logging_mixin.py:188} INFO - [2024-01-30T16:37:38.070+0000] {dag.py:3823} INFO - Setting next_dagrun for example_dag_decorator to None, run_after=None
[2024-01-30T16:37:38.090+0000] {processor.py:183} INFO - Processing /home/airflow/.local/lib/python3.8/site-packages/airflow/example_dags/example_dag_decorator.py took 0.385 seconds
