[2024-01-30T16:16:24.421+0000] {processor.py:161} INFO - Started process (PID=38) to work on /home/airflow/.local/lib/python3.8/site-packages/airflow/example_dags/example_task_group.py
[2024-01-30T16:16:24.423+0000] {processor.py:830} INFO - Processing file /home/airflow/.local/lib/python3.8/site-packages/airflow/example_dags/example_task_group.py for tasks to queue
[2024-01-30T16:16:24.425+0000] {logging_mixin.py:188} INFO - [2024-01-30T16:16:24.425+0000] {dagbag.py:538} INFO - Filling up the DagBag from /home/airflow/.local/lib/python3.8/site-packages/airflow/example_dags/example_task_group.py
[2024-01-30T16:16:24.446+0000] {processor.py:840} INFO - DAG(s) 'example_task_group' retrieved from /home/airflow/.local/lib/python3.8/site-packages/airflow/example_dags/example_task_group.py
[2024-01-30T16:16:24.474+0000] {logging_mixin.py:188} INFO - [2024-01-30T16:16:24.474+0000] {dag.py:3036} INFO - Sync 1 DAGs
[2024-01-30T16:16:24.501+0000] {logging_mixin.py:188} INFO - [2024-01-30T16:16:24.501+0000] {dag.py:3823} INFO - Setting next_dagrun for example_task_group to 2024-01-29 00:00:00+00:00, run_after=2024-01-30 00:00:00+00:00
[2024-01-30T16:16:24.522+0000] {processor.py:183} INFO - Processing /home/airflow/.local/lib/python3.8/site-packages/airflow/example_dags/example_task_group.py took 0.105 seconds
[2024-01-30T16:16:55.345+0000] {processor.py:161} INFO - Started process (PID=93) to work on /home/airflow/.local/lib/python3.8/site-packages/airflow/example_dags/example_task_group.py
[2024-01-30T16:16:55.347+0000] {processor.py:830} INFO - Processing file /home/airflow/.local/lib/python3.8/site-packages/airflow/example_dags/example_task_group.py for tasks to queue
[2024-01-30T16:16:55.349+0000] {logging_mixin.py:188} INFO - [2024-01-30T16:16:55.348+0000] {dagbag.py:538} INFO - Filling up the DagBag from /home/airflow/.local/lib/python3.8/site-packages/airflow/example_dags/example_task_group.py
[2024-01-30T16:16:55.356+0000] {processor.py:840} INFO - DAG(s) 'example_task_group' retrieved from /home/airflow/.local/lib/python3.8/site-packages/airflow/example_dags/example_task_group.py
[2024-01-30T16:16:55.538+0000] {logging_mixin.py:188} INFO - [2024-01-30T16:16:55.538+0000] {dag.py:3036} INFO - Sync 1 DAGs
[2024-01-30T16:16:55.557+0000] {logging_mixin.py:188} INFO - [2024-01-30T16:16:55.557+0000] {dag.py:3823} INFO - Setting next_dagrun for example_task_group to 2024-01-29 00:00:00+00:00, run_after=2024-01-30 00:00:00+00:00
[2024-01-30T16:16:55.580+0000] {processor.py:183} INFO - Processing /home/airflow/.local/lib/python3.8/site-packages/airflow/example_dags/example_task_group.py took 0.238 seconds
[2024-01-30T16:17:25.920+0000] {processor.py:161} INFO - Started process (PID=148) to work on /home/airflow/.local/lib/python3.8/site-packages/airflow/example_dags/example_task_group.py
[2024-01-30T16:17:25.921+0000] {processor.py:830} INFO - Processing file /home/airflow/.local/lib/python3.8/site-packages/airflow/example_dags/example_task_group.py for tasks to queue
[2024-01-30T16:17:25.922+0000] {logging_mixin.py:188} INFO - [2024-01-30T16:17:25.922+0000] {dagbag.py:538} INFO - Filling up the DagBag from /home/airflow/.local/lib/python3.8/site-packages/airflow/example_dags/example_task_group.py
[2024-01-30T16:17:25.929+0000] {processor.py:840} INFO - DAG(s) 'example_task_group' retrieved from /home/airflow/.local/lib/python3.8/site-packages/airflow/example_dags/example_task_group.py
[2024-01-30T16:17:25.949+0000] {logging_mixin.py:188} INFO - [2024-01-30T16:17:25.949+0000] {dag.py:3036} INFO - Sync 1 DAGs
[2024-01-30T16:17:25.968+0000] {logging_mixin.py:188} INFO - [2024-01-30T16:17:25.967+0000] {dag.py:3823} INFO - Setting next_dagrun for example_task_group to 2024-01-29 00:00:00+00:00, run_after=2024-01-30 00:00:00+00:00
[2024-01-30T16:17:25.986+0000] {processor.py:183} INFO - Processing /home/airflow/.local/lib/python3.8/site-packages/airflow/example_dags/example_task_group.py took 0.069 seconds
[2024-01-30T16:17:56.983+0000] {processor.py:161} INFO - Started process (PID=203) to work on /home/airflow/.local/lib/python3.8/site-packages/airflow/example_dags/example_task_group.py
[2024-01-30T16:17:56.984+0000] {processor.py:830} INFO - Processing file /home/airflow/.local/lib/python3.8/site-packages/airflow/example_dags/example_task_group.py for tasks to queue
[2024-01-30T16:17:56.986+0000] {logging_mixin.py:188} INFO - [2024-01-30T16:17:56.985+0000] {dagbag.py:538} INFO - Filling up the DagBag from /home/airflow/.local/lib/python3.8/site-packages/airflow/example_dags/example_task_group.py
[2024-01-30T16:17:56.992+0000] {processor.py:840} INFO - DAG(s) 'example_task_group' retrieved from /home/airflow/.local/lib/python3.8/site-packages/airflow/example_dags/example_task_group.py
[2024-01-30T16:17:57.013+0000] {logging_mixin.py:188} INFO - [2024-01-30T16:17:57.013+0000] {dag.py:3036} INFO - Sync 1 DAGs
[2024-01-30T16:17:57.031+0000] {logging_mixin.py:188} INFO - [2024-01-30T16:17:57.031+0000] {dag.py:3823} INFO - Setting next_dagrun for example_task_group to 2024-01-29 00:00:00+00:00, run_after=2024-01-30 00:00:00+00:00
[2024-01-30T16:17:57.050+0000] {processor.py:183} INFO - Processing /home/airflow/.local/lib/python3.8/site-packages/airflow/example_dags/example_task_group.py took 0.070 seconds
[2024-01-30T16:18:27.168+0000] {processor.py:161} INFO - Started process (PID=258) to work on /home/airflow/.local/lib/python3.8/site-packages/airflow/example_dags/example_task_group.py
[2024-01-30T16:18:27.169+0000] {processor.py:830} INFO - Processing file /home/airflow/.local/lib/python3.8/site-packages/airflow/example_dags/example_task_group.py for tasks to queue
[2024-01-30T16:18:27.171+0000] {logging_mixin.py:188} INFO - [2024-01-30T16:18:27.170+0000] {dagbag.py:538} INFO - Filling up the DagBag from /home/airflow/.local/lib/python3.8/site-packages/airflow/example_dags/example_task_group.py
[2024-01-30T16:18:27.177+0000] {processor.py:840} INFO - DAG(s) 'example_task_group' retrieved from /home/airflow/.local/lib/python3.8/site-packages/airflow/example_dags/example_task_group.py
[2024-01-30T16:18:27.197+0000] {logging_mixin.py:188} INFO - [2024-01-30T16:18:27.197+0000] {dag.py:3036} INFO - Sync 1 DAGs
[2024-01-30T16:18:27.217+0000] {logging_mixin.py:188} INFO - [2024-01-30T16:18:27.216+0000] {dag.py:3823} INFO - Setting next_dagrun for example_task_group to 2024-01-29 00:00:00+00:00, run_after=2024-01-30 00:00:00+00:00
[2024-01-30T16:18:27.234+0000] {processor.py:183} INFO - Processing /home/airflow/.local/lib/python3.8/site-packages/airflow/example_dags/example_task_group.py took 0.069 seconds
[2024-01-30T16:18:57.820+0000] {processor.py:161} INFO - Started process (PID=313) to work on /home/airflow/.local/lib/python3.8/site-packages/airflow/example_dags/example_task_group.py
[2024-01-30T16:18:57.821+0000] {processor.py:830} INFO - Processing file /home/airflow/.local/lib/python3.8/site-packages/airflow/example_dags/example_task_group.py for tasks to queue
[2024-01-30T16:18:57.823+0000] {logging_mixin.py:188} INFO - [2024-01-30T16:18:57.823+0000] {dagbag.py:538} INFO - Filling up the DagBag from /home/airflow/.local/lib/python3.8/site-packages/airflow/example_dags/example_task_group.py
[2024-01-30T16:18:57.829+0000] {processor.py:840} INFO - DAG(s) 'example_task_group' retrieved from /home/airflow/.local/lib/python3.8/site-packages/airflow/example_dags/example_task_group.py
[2024-01-30T16:18:57.849+0000] {logging_mixin.py:188} INFO - [2024-01-30T16:18:57.849+0000] {dag.py:3036} INFO - Sync 1 DAGs
[2024-01-30T16:18:57.868+0000] {logging_mixin.py:188} INFO - [2024-01-30T16:18:57.867+0000] {dag.py:3823} INFO - Setting next_dagrun for example_task_group to 2024-01-29 00:00:00+00:00, run_after=2024-01-30 00:00:00+00:00
[2024-01-30T16:18:57.892+0000] {processor.py:183} INFO - Processing /home/airflow/.local/lib/python3.8/site-packages/airflow/example_dags/example_task_group.py took 0.074 seconds
[2024-01-30T16:19:28.439+0000] {processor.py:161} INFO - Started process (PID=368) to work on /home/airflow/.local/lib/python3.8/site-packages/airflow/example_dags/example_task_group.py
[2024-01-30T16:19:28.440+0000] {processor.py:830} INFO - Processing file /home/airflow/.local/lib/python3.8/site-packages/airflow/example_dags/example_task_group.py for tasks to queue
[2024-01-30T16:19:28.441+0000] {logging_mixin.py:188} INFO - [2024-01-30T16:19:28.441+0000] {dagbag.py:538} INFO - Filling up the DagBag from /home/airflow/.local/lib/python3.8/site-packages/airflow/example_dags/example_task_group.py
[2024-01-30T16:19:28.448+0000] {processor.py:840} INFO - DAG(s) 'example_task_group' retrieved from /home/airflow/.local/lib/python3.8/site-packages/airflow/example_dags/example_task_group.py
[2024-01-30T16:19:28.468+0000] {logging_mixin.py:188} INFO - [2024-01-30T16:19:28.468+0000] {dag.py:3036} INFO - Sync 1 DAGs
[2024-01-30T16:19:28.487+0000] {logging_mixin.py:188} INFO - [2024-01-30T16:19:28.486+0000] {dag.py:3823} INFO - Setting next_dagrun for example_task_group to 2024-01-29 00:00:00+00:00, run_after=2024-01-30 00:00:00+00:00
[2024-01-30T16:19:28.505+0000] {processor.py:183} INFO - Processing /home/airflow/.local/lib/python3.8/site-packages/airflow/example_dags/example_task_group.py took 0.069 seconds
[2024-01-30T16:19:59.039+0000] {processor.py:161} INFO - Started process (PID=423) to work on /home/airflow/.local/lib/python3.8/site-packages/airflow/example_dags/example_task_group.py
[2024-01-30T16:19:59.040+0000] {processor.py:830} INFO - Processing file /home/airflow/.local/lib/python3.8/site-packages/airflow/example_dags/example_task_group.py for tasks to queue
[2024-01-30T16:19:59.041+0000] {logging_mixin.py:188} INFO - [2024-01-30T16:19:59.041+0000] {dagbag.py:538} INFO - Filling up the DagBag from /home/airflow/.local/lib/python3.8/site-packages/airflow/example_dags/example_task_group.py
[2024-01-30T16:19:59.048+0000] {processor.py:840} INFO - DAG(s) 'example_task_group' retrieved from /home/airflow/.local/lib/python3.8/site-packages/airflow/example_dags/example_task_group.py
[2024-01-30T16:19:59.069+0000] {logging_mixin.py:188} INFO - [2024-01-30T16:19:59.069+0000] {dag.py:3036} INFO - Sync 1 DAGs
[2024-01-30T16:19:59.088+0000] {logging_mixin.py:188} INFO - [2024-01-30T16:19:59.088+0000] {dag.py:3823} INFO - Setting next_dagrun for example_task_group to 2024-01-29 00:00:00+00:00, run_after=2024-01-30 00:00:00+00:00
[2024-01-30T16:19:59.112+0000] {processor.py:183} INFO - Processing /home/airflow/.local/lib/python3.8/site-packages/airflow/example_dags/example_task_group.py took 0.076 seconds
[2024-01-30T16:20:29.804+0000] {processor.py:161} INFO - Started process (PID=478) to work on /home/airflow/.local/lib/python3.8/site-packages/airflow/example_dags/example_task_group.py
[2024-01-30T16:20:29.805+0000] {processor.py:830} INFO - Processing file /home/airflow/.local/lib/python3.8/site-packages/airflow/example_dags/example_task_group.py for tasks to queue
[2024-01-30T16:20:29.807+0000] {logging_mixin.py:188} INFO - [2024-01-30T16:20:29.806+0000] {dagbag.py:538} INFO - Filling up the DagBag from /home/airflow/.local/lib/python3.8/site-packages/airflow/example_dags/example_task_group.py
[2024-01-30T16:20:29.813+0000] {processor.py:840} INFO - DAG(s) 'example_task_group' retrieved from /home/airflow/.local/lib/python3.8/site-packages/airflow/example_dags/example_task_group.py
[2024-01-30T16:20:29.833+0000] {logging_mixin.py:188} INFO - [2024-01-30T16:20:29.833+0000] {dag.py:3036} INFO - Sync 1 DAGs
[2024-01-30T16:20:29.852+0000] {logging_mixin.py:188} INFO - [2024-01-30T16:20:29.852+0000] {dag.py:3823} INFO - Setting next_dagrun for example_task_group to 2024-01-29 00:00:00+00:00, run_after=2024-01-30 00:00:00+00:00
[2024-01-30T16:20:29.871+0000] {processor.py:183} INFO - Processing /home/airflow/.local/lib/python3.8/site-packages/airflow/example_dags/example_task_group.py took 0.070 seconds
[2024-01-30T16:21:00.473+0000] {processor.py:161} INFO - Started process (PID=533) to work on /home/airflow/.local/lib/python3.8/site-packages/airflow/example_dags/example_task_group.py
[2024-01-30T16:21:00.474+0000] {processor.py:830} INFO - Processing file /home/airflow/.local/lib/python3.8/site-packages/airflow/example_dags/example_task_group.py for tasks to queue
[2024-01-30T16:21:00.476+0000] {logging_mixin.py:188} INFO - [2024-01-30T16:21:00.476+0000] {dagbag.py:538} INFO - Filling up the DagBag from /home/airflow/.local/lib/python3.8/site-packages/airflow/example_dags/example_task_group.py
[2024-01-30T16:21:00.483+0000] {processor.py:840} INFO - DAG(s) 'example_task_group' retrieved from /home/airflow/.local/lib/python3.8/site-packages/airflow/example_dags/example_task_group.py
[2024-01-30T16:21:00.504+0000] {logging_mixin.py:188} INFO - [2024-01-30T16:21:00.503+0000] {dag.py:3036} INFO - Sync 1 DAGs
[2024-01-30T16:21:00.523+0000] {logging_mixin.py:188} INFO - [2024-01-30T16:21:00.523+0000] {dag.py:3823} INFO - Setting next_dagrun for example_task_group to 2024-01-29 00:00:00+00:00, run_after=2024-01-30 00:00:00+00:00
[2024-01-30T16:21:00.541+0000] {processor.py:183} INFO - Processing /home/airflow/.local/lib/python3.8/site-packages/airflow/example_dags/example_task_group.py took 0.072 seconds
[2024-01-30T16:21:30.754+0000] {processor.py:161} INFO - Started process (PID=588) to work on /home/airflow/.local/lib/python3.8/site-packages/airflow/example_dags/example_task_group.py
[2024-01-30T16:21:30.756+0000] {processor.py:830} INFO - Processing file /home/airflow/.local/lib/python3.8/site-packages/airflow/example_dags/example_task_group.py for tasks to queue
[2024-01-30T16:21:30.757+0000] {logging_mixin.py:188} INFO - [2024-01-30T16:21:30.757+0000] {dagbag.py:538} INFO - Filling up the DagBag from /home/airflow/.local/lib/python3.8/site-packages/airflow/example_dags/example_task_group.py
[2024-01-30T16:21:30.764+0000] {processor.py:840} INFO - DAG(s) 'example_task_group' retrieved from /home/airflow/.local/lib/python3.8/site-packages/airflow/example_dags/example_task_group.py
[2024-01-30T16:21:30.786+0000] {logging_mixin.py:188} INFO - [2024-01-30T16:21:30.785+0000] {dag.py:3036} INFO - Sync 1 DAGs
[2024-01-30T16:21:30.806+0000] {logging_mixin.py:188} INFO - [2024-01-30T16:21:30.806+0000] {dag.py:3823} INFO - Setting next_dagrun for example_task_group to 2024-01-29 00:00:00+00:00, run_after=2024-01-30 00:00:00+00:00
[2024-01-30T16:21:30.824+0000] {processor.py:183} INFO - Processing /home/airflow/.local/lib/python3.8/site-packages/airflow/example_dags/example_task_group.py took 0.073 seconds
[2024-01-30T16:22:00.917+0000] {processor.py:161} INFO - Started process (PID=643) to work on /home/airflow/.local/lib/python3.8/site-packages/airflow/example_dags/example_task_group.py
[2024-01-30T16:22:00.918+0000] {processor.py:830} INFO - Processing file /home/airflow/.local/lib/python3.8/site-packages/airflow/example_dags/example_task_group.py for tasks to queue
[2024-01-30T16:22:00.920+0000] {logging_mixin.py:188} INFO - [2024-01-30T16:22:00.920+0000] {dagbag.py:538} INFO - Filling up the DagBag from /home/airflow/.local/lib/python3.8/site-packages/airflow/example_dags/example_task_group.py
[2024-01-30T16:22:00.926+0000] {processor.py:840} INFO - DAG(s) 'example_task_group' retrieved from /home/airflow/.local/lib/python3.8/site-packages/airflow/example_dags/example_task_group.py
[2024-01-30T16:22:00.947+0000] {logging_mixin.py:188} INFO - [2024-01-30T16:22:00.946+0000] {dag.py:3036} INFO - Sync 1 DAGs
[2024-01-30T16:22:00.966+0000] {logging_mixin.py:188} INFO - [2024-01-30T16:22:00.966+0000] {dag.py:3823} INFO - Setting next_dagrun for example_task_group to 2024-01-29 00:00:00+00:00, run_after=2024-01-30 00:00:00+00:00
[2024-01-30T16:22:00.991+0000] {processor.py:183} INFO - Processing /home/airflow/.local/lib/python3.8/site-packages/airflow/example_dags/example_task_group.py took 0.076 seconds
[2024-01-30T16:22:31.127+0000] {processor.py:161} INFO - Started process (PID=698) to work on /home/airflow/.local/lib/python3.8/site-packages/airflow/example_dags/example_task_group.py
[2024-01-30T16:22:31.128+0000] {processor.py:830} INFO - Processing file /home/airflow/.local/lib/python3.8/site-packages/airflow/example_dags/example_task_group.py for tasks to queue
[2024-01-30T16:22:31.130+0000] {logging_mixin.py:188} INFO - [2024-01-30T16:22:31.130+0000] {dagbag.py:538} INFO - Filling up the DagBag from /home/airflow/.local/lib/python3.8/site-packages/airflow/example_dags/example_task_group.py
[2024-01-30T16:22:31.137+0000] {processor.py:840} INFO - DAG(s) 'example_task_group' retrieved from /home/airflow/.local/lib/python3.8/site-packages/airflow/example_dags/example_task_group.py
[2024-01-30T16:22:31.160+0000] {logging_mixin.py:188} INFO - [2024-01-30T16:22:31.160+0000] {dag.py:3036} INFO - Sync 1 DAGs
[2024-01-30T16:22:31.179+0000] {logging_mixin.py:188} INFO - [2024-01-30T16:22:31.179+0000] {dag.py:3823} INFO - Setting next_dagrun for example_task_group to 2024-01-29 00:00:00+00:00, run_after=2024-01-30 00:00:00+00:00
[2024-01-30T16:22:31.205+0000] {processor.py:183} INFO - Processing /home/airflow/.local/lib/python3.8/site-packages/airflow/example_dags/example_task_group.py took 0.082 seconds
[2024-01-30T16:23:01.394+0000] {processor.py:161} INFO - Started process (PID=753) to work on /home/airflow/.local/lib/python3.8/site-packages/airflow/example_dags/example_task_group.py
[2024-01-30T16:23:01.395+0000] {processor.py:830} INFO - Processing file /home/airflow/.local/lib/python3.8/site-packages/airflow/example_dags/example_task_group.py for tasks to queue
[2024-01-30T16:23:01.397+0000] {logging_mixin.py:188} INFO - [2024-01-30T16:23:01.396+0000] {dagbag.py:538} INFO - Filling up the DagBag from /home/airflow/.local/lib/python3.8/site-packages/airflow/example_dags/example_task_group.py
[2024-01-30T16:23:01.403+0000] {processor.py:840} INFO - DAG(s) 'example_task_group' retrieved from /home/airflow/.local/lib/python3.8/site-packages/airflow/example_dags/example_task_group.py
[2024-01-30T16:23:01.424+0000] {logging_mixin.py:188} INFO - [2024-01-30T16:23:01.424+0000] {dag.py:3036} INFO - Sync 1 DAGs
[2024-01-30T16:23:01.443+0000] {logging_mixin.py:188} INFO - [2024-01-30T16:23:01.443+0000] {dag.py:3823} INFO - Setting next_dagrun for example_task_group to 2024-01-29 00:00:00+00:00, run_after=2024-01-30 00:00:00+00:00
[2024-01-30T16:23:01.468+0000] {processor.py:183} INFO - Processing /home/airflow/.local/lib/python3.8/site-packages/airflow/example_dags/example_task_group.py took 0.077 seconds
[2024-01-30T16:23:32.028+0000] {processor.py:161} INFO - Started process (PID=808) to work on /home/airflow/.local/lib/python3.8/site-packages/airflow/example_dags/example_task_group.py
[2024-01-30T16:23:32.030+0000] {processor.py:830} INFO - Processing file /home/airflow/.local/lib/python3.8/site-packages/airflow/example_dags/example_task_group.py for tasks to queue
[2024-01-30T16:23:32.031+0000] {logging_mixin.py:188} INFO - [2024-01-30T16:23:32.031+0000] {dagbag.py:538} INFO - Filling up the DagBag from /home/airflow/.local/lib/python3.8/site-packages/airflow/example_dags/example_task_group.py
[2024-01-30T16:23:32.038+0000] {processor.py:840} INFO - DAG(s) 'example_task_group' retrieved from /home/airflow/.local/lib/python3.8/site-packages/airflow/example_dags/example_task_group.py
[2024-01-30T16:23:32.058+0000] {logging_mixin.py:188} INFO - [2024-01-30T16:23:32.058+0000] {dag.py:3036} INFO - Sync 1 DAGs
[2024-01-30T16:23:32.077+0000] {logging_mixin.py:188} INFO - [2024-01-30T16:23:32.077+0000] {dag.py:3823} INFO - Setting next_dagrun for example_task_group to 2024-01-29 00:00:00+00:00, run_after=2024-01-30 00:00:00+00:00
[2024-01-30T16:23:32.096+0000] {processor.py:183} INFO - Processing /home/airflow/.local/lib/python3.8/site-packages/airflow/example_dags/example_task_group.py took 0.071 seconds
[2024-01-30T16:24:41.318+0000] {processor.py:161} INFO - Started process (PID=38) to work on /home/airflow/.local/lib/python3.8/site-packages/airflow/example_dags/example_task_group.py
[2024-01-30T16:24:41.319+0000] {processor.py:830} INFO - Processing file /home/airflow/.local/lib/python3.8/site-packages/airflow/example_dags/example_task_group.py for tasks to queue
[2024-01-30T16:24:41.320+0000] {logging_mixin.py:188} INFO - [2024-01-30T16:24:41.320+0000] {dagbag.py:538} INFO - Filling up the DagBag from /home/airflow/.local/lib/python3.8/site-packages/airflow/example_dags/example_task_group.py
[2024-01-30T16:24:41.330+0000] {processor.py:840} INFO - DAG(s) 'example_task_group' retrieved from /home/airflow/.local/lib/python3.8/site-packages/airflow/example_dags/example_task_group.py
[2024-01-30T16:24:41.354+0000] {logging_mixin.py:188} INFO - [2024-01-30T16:24:41.354+0000] {dag.py:3036} INFO - Sync 1 DAGs
[2024-01-30T16:24:41.378+0000] {logging_mixin.py:188} INFO - [2024-01-30T16:24:41.378+0000] {dag.py:3823} INFO - Setting next_dagrun for example_task_group to 2024-01-29 00:00:00+00:00, run_after=2024-01-30 00:00:00+00:00
[2024-01-30T16:24:41.396+0000] {processor.py:183} INFO - Processing /home/airflow/.local/lib/python3.8/site-packages/airflow/example_dags/example_task_group.py took 0.082 seconds
[2024-01-30T16:25:11.852+0000] {processor.py:161} INFO - Started process (PID=93) to work on /home/airflow/.local/lib/python3.8/site-packages/airflow/example_dags/example_task_group.py
[2024-01-30T16:25:11.853+0000] {processor.py:830} INFO - Processing file /home/airflow/.local/lib/python3.8/site-packages/airflow/example_dags/example_task_group.py for tasks to queue
[2024-01-30T16:25:11.855+0000] {logging_mixin.py:188} INFO - [2024-01-30T16:25:11.855+0000] {dagbag.py:538} INFO - Filling up the DagBag from /home/airflow/.local/lib/python3.8/site-packages/airflow/example_dags/example_task_group.py
[2024-01-30T16:25:11.863+0000] {processor.py:840} INFO - DAG(s) 'example_task_group' retrieved from /home/airflow/.local/lib/python3.8/site-packages/airflow/example_dags/example_task_group.py
[2024-01-30T16:25:11.961+0000] {logging_mixin.py:188} INFO - [2024-01-30T16:25:11.960+0000] {dag.py:3036} INFO - Sync 1 DAGs
[2024-01-30T16:25:11.979+0000] {logging_mixin.py:188} INFO - [2024-01-30T16:25:11.979+0000] {dag.py:3823} INFO - Setting next_dagrun for example_task_group to 2024-01-29 00:00:00+00:00, run_after=2024-01-30 00:00:00+00:00
[2024-01-30T16:25:12.016+0000] {processor.py:183} INFO - Processing /home/airflow/.local/lib/python3.8/site-packages/airflow/example_dags/example_task_group.py took 0.168 seconds
[2024-01-30T16:26:20.032+0000] {processor.py:161} INFO - Started process (PID=38) to work on /home/airflow/.local/lib/python3.8/site-packages/airflow/example_dags/example_task_group.py
[2024-01-30T16:26:20.033+0000] {processor.py:830} INFO - Processing file /home/airflow/.local/lib/python3.8/site-packages/airflow/example_dags/example_task_group.py for tasks to queue
[2024-01-30T16:26:20.035+0000] {logging_mixin.py:188} INFO - [2024-01-30T16:26:20.035+0000] {dagbag.py:538} INFO - Filling up the DagBag from /home/airflow/.local/lib/python3.8/site-packages/airflow/example_dags/example_task_group.py
[2024-01-30T16:26:20.044+0000] {processor.py:840} INFO - DAG(s) 'example_task_group' retrieved from /home/airflow/.local/lib/python3.8/site-packages/airflow/example_dags/example_task_group.py
[2024-01-30T16:26:20.068+0000] {logging_mixin.py:188} INFO - [2024-01-30T16:26:20.068+0000] {dag.py:3036} INFO - Sync 1 DAGs
[2024-01-30T16:26:20.091+0000] {logging_mixin.py:188} INFO - [2024-01-30T16:26:20.091+0000] {dag.py:3823} INFO - Setting next_dagrun for example_task_group to 2024-01-29 00:00:00+00:00, run_after=2024-01-30 00:00:00+00:00
[2024-01-30T16:26:20.111+0000] {processor.py:183} INFO - Processing /home/airflow/.local/lib/python3.8/site-packages/airflow/example_dags/example_task_group.py took 0.082 seconds
[2024-01-30T16:26:50.587+0000] {processor.py:161} INFO - Started process (PID=93) to work on /home/airflow/.local/lib/python3.8/site-packages/airflow/example_dags/example_task_group.py
[2024-01-30T16:26:50.588+0000] {processor.py:830} INFO - Processing file /home/airflow/.local/lib/python3.8/site-packages/airflow/example_dags/example_task_group.py for tasks to queue
[2024-01-30T16:26:50.589+0000] {logging_mixin.py:188} INFO - [2024-01-30T16:26:50.589+0000] {dagbag.py:538} INFO - Filling up the DagBag from /home/airflow/.local/lib/python3.8/site-packages/airflow/example_dags/example_task_group.py
[2024-01-30T16:26:50.596+0000] {processor.py:840} INFO - DAG(s) 'example_task_group' retrieved from /home/airflow/.local/lib/python3.8/site-packages/airflow/example_dags/example_task_group.py
[2024-01-30T16:26:50.689+0000] {logging_mixin.py:188} INFO - [2024-01-30T16:26:50.689+0000] {dag.py:3036} INFO - Sync 1 DAGs
[2024-01-30T16:26:50.706+0000] {logging_mixin.py:188} INFO - [2024-01-30T16:26:50.706+0000] {dag.py:3823} INFO - Setting next_dagrun for example_task_group to 2024-01-29 00:00:00+00:00, run_after=2024-01-30 00:00:00+00:00
[2024-01-30T16:26:50.725+0000] {processor.py:183} INFO - Processing /home/airflow/.local/lib/python3.8/site-packages/airflow/example_dags/example_task_group.py took 0.141 seconds
[2024-01-30T16:27:21.167+0000] {processor.py:161} INFO - Started process (PID=148) to work on /home/airflow/.local/lib/python3.8/site-packages/airflow/example_dags/example_task_group.py
[2024-01-30T16:27:21.168+0000] {processor.py:830} INFO - Processing file /home/airflow/.local/lib/python3.8/site-packages/airflow/example_dags/example_task_group.py for tasks to queue
[2024-01-30T16:27:21.170+0000] {logging_mixin.py:188} INFO - [2024-01-30T16:27:21.170+0000] {dagbag.py:538} INFO - Filling up the DagBag from /home/airflow/.local/lib/python3.8/site-packages/airflow/example_dags/example_task_group.py
[2024-01-30T16:27:21.177+0000] {processor.py:840} INFO - DAG(s) 'example_task_group' retrieved from /home/airflow/.local/lib/python3.8/site-packages/airflow/example_dags/example_task_group.py
[2024-01-30T16:27:21.198+0000] {logging_mixin.py:188} INFO - [2024-01-30T16:27:21.198+0000] {dag.py:3036} INFO - Sync 1 DAGs
[2024-01-30T16:27:21.222+0000] {logging_mixin.py:188} INFO - [2024-01-30T16:27:21.221+0000] {dag.py:3823} INFO - Setting next_dagrun for example_task_group to 2024-01-29 00:00:00+00:00, run_after=2024-01-30 00:00:00+00:00
[2024-01-30T16:27:21.243+0000] {processor.py:183} INFO - Processing /home/airflow/.local/lib/python3.8/site-packages/airflow/example_dags/example_task_group.py took 0.079 seconds
[2024-01-30T16:27:51.558+0000] {processor.py:161} INFO - Started process (PID=203) to work on /home/airflow/.local/lib/python3.8/site-packages/airflow/example_dags/example_task_group.py
[2024-01-30T16:27:51.560+0000] {processor.py:830} INFO - Processing file /home/airflow/.local/lib/python3.8/site-packages/airflow/example_dags/example_task_group.py for tasks to queue
[2024-01-30T16:27:51.562+0000] {logging_mixin.py:188} INFO - [2024-01-30T16:27:51.561+0000] {dagbag.py:538} INFO - Filling up the DagBag from /home/airflow/.local/lib/python3.8/site-packages/airflow/example_dags/example_task_group.py
[2024-01-30T16:27:51.570+0000] {processor.py:840} INFO - DAG(s) 'example_task_group' retrieved from /home/airflow/.local/lib/python3.8/site-packages/airflow/example_dags/example_task_group.py
[2024-01-30T16:27:51.593+0000] {logging_mixin.py:188} INFO - [2024-01-30T16:27:51.593+0000] {dag.py:3036} INFO - Sync 1 DAGs
[2024-01-30T16:27:51.612+0000] {logging_mixin.py:188} INFO - [2024-01-30T16:27:51.612+0000] {dag.py:3823} INFO - Setting next_dagrun for example_task_group to 2024-01-29 00:00:00+00:00, run_after=2024-01-30 00:00:00+00:00
[2024-01-30T16:27:51.643+0000] {processor.py:183} INFO - Processing /home/airflow/.local/lib/python3.8/site-packages/airflow/example_dags/example_task_group.py took 0.087 seconds
[2024-01-30T16:28:22.157+0000] {processor.py:161} INFO - Started process (PID=258) to work on /home/airflow/.local/lib/python3.8/site-packages/airflow/example_dags/example_task_group.py
[2024-01-30T16:28:22.158+0000] {processor.py:830} INFO - Processing file /home/airflow/.local/lib/python3.8/site-packages/airflow/example_dags/example_task_group.py for tasks to queue
[2024-01-30T16:28:22.160+0000] {logging_mixin.py:188} INFO - [2024-01-30T16:28:22.160+0000] {dagbag.py:538} INFO - Filling up the DagBag from /home/airflow/.local/lib/python3.8/site-packages/airflow/example_dags/example_task_group.py
[2024-01-30T16:28:22.167+0000] {processor.py:840} INFO - DAG(s) 'example_task_group' retrieved from /home/airflow/.local/lib/python3.8/site-packages/airflow/example_dags/example_task_group.py
[2024-01-30T16:28:22.188+0000] {logging_mixin.py:188} INFO - [2024-01-30T16:28:22.188+0000] {dag.py:3036} INFO - Sync 1 DAGs
[2024-01-30T16:28:22.207+0000] {logging_mixin.py:188} INFO - [2024-01-30T16:28:22.207+0000] {dag.py:3823} INFO - Setting next_dagrun for example_task_group to 2024-01-29 00:00:00+00:00, run_after=2024-01-30 00:00:00+00:00
[2024-01-30T16:28:22.236+0000] {processor.py:183} INFO - Processing /home/airflow/.local/lib/python3.8/site-packages/airflow/example_dags/example_task_group.py took 0.082 seconds
[2024-01-30T16:28:52.788+0000] {processor.py:161} INFO - Started process (PID=313) to work on /home/airflow/.local/lib/python3.8/site-packages/airflow/example_dags/example_task_group.py
[2024-01-30T16:28:52.789+0000] {processor.py:830} INFO - Processing file /home/airflow/.local/lib/python3.8/site-packages/airflow/example_dags/example_task_group.py for tasks to queue
[2024-01-30T16:28:52.791+0000] {logging_mixin.py:188} INFO - [2024-01-30T16:28:52.791+0000] {dagbag.py:538} INFO - Filling up the DagBag from /home/airflow/.local/lib/python3.8/site-packages/airflow/example_dags/example_task_group.py
[2024-01-30T16:28:52.799+0000] {processor.py:840} INFO - DAG(s) 'example_task_group' retrieved from /home/airflow/.local/lib/python3.8/site-packages/airflow/example_dags/example_task_group.py
[2024-01-30T16:28:52.823+0000] {logging_mixin.py:188} INFO - [2024-01-30T16:28:52.822+0000] {dag.py:3036} INFO - Sync 1 DAGs
[2024-01-30T16:28:52.853+0000] {logging_mixin.py:188} INFO - [2024-01-30T16:28:52.852+0000] {dag.py:3823} INFO - Setting next_dagrun for example_task_group to 2024-01-29 00:00:00+00:00, run_after=2024-01-30 00:00:00+00:00
[2024-01-30T16:28:52.881+0000] {processor.py:183} INFO - Processing /home/airflow/.local/lib/python3.8/site-packages/airflow/example_dags/example_task_group.py took 0.096 seconds
[2024-01-30T16:29:23.517+0000] {processor.py:161} INFO - Started process (PID=368) to work on /home/airflow/.local/lib/python3.8/site-packages/airflow/example_dags/example_task_group.py
[2024-01-30T16:29:23.518+0000] {processor.py:830} INFO - Processing file /home/airflow/.local/lib/python3.8/site-packages/airflow/example_dags/example_task_group.py for tasks to queue
[2024-01-30T16:29:23.520+0000] {logging_mixin.py:188} INFO - [2024-01-30T16:29:23.520+0000] {dagbag.py:538} INFO - Filling up the DagBag from /home/airflow/.local/lib/python3.8/site-packages/airflow/example_dags/example_task_group.py
[2024-01-30T16:29:23.527+0000] {processor.py:840} INFO - DAG(s) 'example_task_group' retrieved from /home/airflow/.local/lib/python3.8/site-packages/airflow/example_dags/example_task_group.py
[2024-01-30T16:29:23.550+0000] {logging_mixin.py:188} INFO - [2024-01-30T16:29:23.550+0000] {dag.py:3036} INFO - Sync 1 DAGs
[2024-01-30T16:29:23.572+0000] {logging_mixin.py:188} INFO - [2024-01-30T16:29:23.572+0000] {dag.py:3823} INFO - Setting next_dagrun for example_task_group to 2024-01-29 00:00:00+00:00, run_after=2024-01-30 00:00:00+00:00
[2024-01-30T16:29:23.597+0000] {processor.py:183} INFO - Processing /home/airflow/.local/lib/python3.8/site-packages/airflow/example_dags/example_task_group.py took 0.083 seconds
[2024-01-30T16:29:54.171+0000] {processor.py:161} INFO - Started process (PID=423) to work on /home/airflow/.local/lib/python3.8/site-packages/airflow/example_dags/example_task_group.py
[2024-01-30T16:29:54.172+0000] {processor.py:830} INFO - Processing file /home/airflow/.local/lib/python3.8/site-packages/airflow/example_dags/example_task_group.py for tasks to queue
[2024-01-30T16:29:54.174+0000] {logging_mixin.py:188} INFO - [2024-01-30T16:29:54.173+0000] {dagbag.py:538} INFO - Filling up the DagBag from /home/airflow/.local/lib/python3.8/site-packages/airflow/example_dags/example_task_group.py
[2024-01-30T16:29:54.180+0000] {processor.py:840} INFO - DAG(s) 'example_task_group' retrieved from /home/airflow/.local/lib/python3.8/site-packages/airflow/example_dags/example_task_group.py
[2024-01-30T16:29:54.206+0000] {logging_mixin.py:188} INFO - [2024-01-30T16:29:54.205+0000] {dag.py:3036} INFO - Sync 1 DAGs
[2024-01-30T16:29:54.232+0000] {logging_mixin.py:188} INFO - [2024-01-30T16:29:54.232+0000] {dag.py:3823} INFO - Setting next_dagrun for example_task_group to 2024-01-29 00:00:00+00:00, run_after=2024-01-30 00:00:00+00:00
[2024-01-30T16:29:54.256+0000] {processor.py:183} INFO - Processing /home/airflow/.local/lib/python3.8/site-packages/airflow/example_dags/example_task_group.py took 0.088 seconds
[2024-01-30T16:30:24.930+0000] {processor.py:161} INFO - Started process (PID=478) to work on /home/airflow/.local/lib/python3.8/site-packages/airflow/example_dags/example_task_group.py
[2024-01-30T16:30:24.932+0000] {processor.py:830} INFO - Processing file /home/airflow/.local/lib/python3.8/site-packages/airflow/example_dags/example_task_group.py for tasks to queue
[2024-01-30T16:30:24.933+0000] {logging_mixin.py:188} INFO - [2024-01-30T16:30:24.933+0000] {dagbag.py:538} INFO - Filling up the DagBag from /home/airflow/.local/lib/python3.8/site-packages/airflow/example_dags/example_task_group.py
[2024-01-30T16:30:24.939+0000] {processor.py:840} INFO - DAG(s) 'example_task_group' retrieved from /home/airflow/.local/lib/python3.8/site-packages/airflow/example_dags/example_task_group.py
[2024-01-30T16:30:24.960+0000] {logging_mixin.py:188} INFO - [2024-01-30T16:30:24.959+0000] {dag.py:3036} INFO - Sync 1 DAGs
[2024-01-30T16:30:24.978+0000] {logging_mixin.py:188} INFO - [2024-01-30T16:30:24.977+0000] {dag.py:3823} INFO - Setting next_dagrun for example_task_group to 2024-01-29 00:00:00+00:00, run_after=2024-01-30 00:00:00+00:00
[2024-01-30T16:30:24.997+0000] {processor.py:183} INFO - Processing /home/airflow/.local/lib/python3.8/site-packages/airflow/example_dags/example_task_group.py took 0.069 seconds
[2024-01-30T16:30:55.105+0000] {processor.py:161} INFO - Started process (PID=533) to work on /home/airflow/.local/lib/python3.8/site-packages/airflow/example_dags/example_task_group.py
[2024-01-30T16:30:55.106+0000] {processor.py:830} INFO - Processing file /home/airflow/.local/lib/python3.8/site-packages/airflow/example_dags/example_task_group.py for tasks to queue
[2024-01-30T16:30:55.108+0000] {logging_mixin.py:188} INFO - [2024-01-30T16:30:55.108+0000] {dagbag.py:538} INFO - Filling up the DagBag from /home/airflow/.local/lib/python3.8/site-packages/airflow/example_dags/example_task_group.py
[2024-01-30T16:30:55.116+0000] {processor.py:840} INFO - DAG(s) 'example_task_group' retrieved from /home/airflow/.local/lib/python3.8/site-packages/airflow/example_dags/example_task_group.py
[2024-01-30T16:30:55.144+0000] {logging_mixin.py:188} INFO - [2024-01-30T16:30:55.144+0000] {dag.py:3036} INFO - Sync 1 DAGs
[2024-01-30T16:30:55.170+0000] {logging_mixin.py:188} INFO - [2024-01-30T16:30:55.170+0000] {dag.py:3823} INFO - Setting next_dagrun for example_task_group to 2024-01-29 00:00:00+00:00, run_after=2024-01-30 00:00:00+00:00
[2024-01-30T16:30:55.197+0000] {processor.py:183} INFO - Processing /home/airflow/.local/lib/python3.8/site-packages/airflow/example_dags/example_task_group.py took 0.096 seconds
[2024-01-30T16:31:25.666+0000] {processor.py:161} INFO - Started process (PID=588) to work on /home/airflow/.local/lib/python3.8/site-packages/airflow/example_dags/example_task_group.py
[2024-01-30T16:31:25.667+0000] {processor.py:830} INFO - Processing file /home/airflow/.local/lib/python3.8/site-packages/airflow/example_dags/example_task_group.py for tasks to queue
[2024-01-30T16:31:25.669+0000] {logging_mixin.py:188} INFO - [2024-01-30T16:31:25.668+0000] {dagbag.py:538} INFO - Filling up the DagBag from /home/airflow/.local/lib/python3.8/site-packages/airflow/example_dags/example_task_group.py
[2024-01-30T16:31:25.676+0000] {processor.py:840} INFO - DAG(s) 'example_task_group' retrieved from /home/airflow/.local/lib/python3.8/site-packages/airflow/example_dags/example_task_group.py
[2024-01-30T16:31:25.696+0000] {logging_mixin.py:188} INFO - [2024-01-30T16:31:25.696+0000] {dag.py:3036} INFO - Sync 1 DAGs
[2024-01-30T16:31:25.715+0000] {logging_mixin.py:188} INFO - [2024-01-30T16:31:25.714+0000] {dag.py:3823} INFO - Setting next_dagrun for example_task_group to 2024-01-29 00:00:00+00:00, run_after=2024-01-30 00:00:00+00:00
[2024-01-30T16:31:25.739+0000] {processor.py:183} INFO - Processing /home/airflow/.local/lib/python3.8/site-packages/airflow/example_dags/example_task_group.py took 0.076 seconds
[2024-01-30T16:31:56.021+0000] {processor.py:161} INFO - Started process (PID=643) to work on /home/airflow/.local/lib/python3.8/site-packages/airflow/example_dags/example_task_group.py
[2024-01-30T16:31:56.022+0000] {processor.py:830} INFO - Processing file /home/airflow/.local/lib/python3.8/site-packages/airflow/example_dags/example_task_group.py for tasks to queue
[2024-01-30T16:31:56.023+0000] {logging_mixin.py:188} INFO - [2024-01-30T16:31:56.023+0000] {dagbag.py:538} INFO - Filling up the DagBag from /home/airflow/.local/lib/python3.8/site-packages/airflow/example_dags/example_task_group.py
[2024-01-30T16:31:56.029+0000] {processor.py:840} INFO - DAG(s) 'example_task_group' retrieved from /home/airflow/.local/lib/python3.8/site-packages/airflow/example_dags/example_task_group.py
[2024-01-30T16:31:56.050+0000] {logging_mixin.py:188} INFO - [2024-01-30T16:31:56.050+0000] {dag.py:3036} INFO - Sync 1 DAGs
[2024-01-30T16:31:56.068+0000] {logging_mixin.py:188} INFO - [2024-01-30T16:31:56.068+0000] {dag.py:3823} INFO - Setting next_dagrun for example_task_group to 2024-01-29 00:00:00+00:00, run_after=2024-01-30 00:00:00+00:00
[2024-01-30T16:31:56.093+0000] {processor.py:183} INFO - Processing /home/airflow/.local/lib/python3.8/site-packages/airflow/example_dags/example_task_group.py took 0.075 seconds
[2024-01-30T16:32:26.227+0000] {processor.py:161} INFO - Started process (PID=698) to work on /home/airflow/.local/lib/python3.8/site-packages/airflow/example_dags/example_task_group.py
[2024-01-30T16:32:26.228+0000] {processor.py:830} INFO - Processing file /home/airflow/.local/lib/python3.8/site-packages/airflow/example_dags/example_task_group.py for tasks to queue
[2024-01-30T16:32:26.229+0000] {logging_mixin.py:188} INFO - [2024-01-30T16:32:26.229+0000] {dagbag.py:538} INFO - Filling up the DagBag from /home/airflow/.local/lib/python3.8/site-packages/airflow/example_dags/example_task_group.py
[2024-01-30T16:32:26.235+0000] {processor.py:840} INFO - DAG(s) 'example_task_group' retrieved from /home/airflow/.local/lib/python3.8/site-packages/airflow/example_dags/example_task_group.py
[2024-01-30T16:32:26.256+0000] {logging_mixin.py:188} INFO - [2024-01-30T16:32:26.256+0000] {dag.py:3036} INFO - Sync 1 DAGs
[2024-01-30T16:32:26.274+0000] {logging_mixin.py:188} INFO - [2024-01-30T16:32:26.274+0000] {dag.py:3823} INFO - Setting next_dagrun for example_task_group to 2024-01-29 00:00:00+00:00, run_after=2024-01-30 00:00:00+00:00
[2024-01-30T16:32:26.299+0000] {processor.py:183} INFO - Processing /home/airflow/.local/lib/python3.8/site-packages/airflow/example_dags/example_task_group.py took 0.076 seconds
[2024-01-30T16:32:56.495+0000] {processor.py:161} INFO - Started process (PID=753) to work on /home/airflow/.local/lib/python3.8/site-packages/airflow/example_dags/example_task_group.py
[2024-01-30T16:32:56.496+0000] {processor.py:830} INFO - Processing file /home/airflow/.local/lib/python3.8/site-packages/airflow/example_dags/example_task_group.py for tasks to queue
[2024-01-30T16:32:56.498+0000] {logging_mixin.py:188} INFO - [2024-01-30T16:32:56.498+0000] {dagbag.py:538} INFO - Filling up the DagBag from /home/airflow/.local/lib/python3.8/site-packages/airflow/example_dags/example_task_group.py
[2024-01-30T16:32:56.505+0000] {processor.py:840} INFO - DAG(s) 'example_task_group' retrieved from /home/airflow/.local/lib/python3.8/site-packages/airflow/example_dags/example_task_group.py
[2024-01-30T16:32:56.527+0000] {logging_mixin.py:188} INFO - [2024-01-30T16:32:56.527+0000] {dag.py:3036} INFO - Sync 1 DAGs
[2024-01-30T16:32:56.550+0000] {logging_mixin.py:188} INFO - [2024-01-30T16:32:56.550+0000] {dag.py:3823} INFO - Setting next_dagrun for example_task_group to 2024-01-29 00:00:00+00:00, run_after=2024-01-30 00:00:00+00:00
[2024-01-30T16:32:56.576+0000] {processor.py:183} INFO - Processing /home/airflow/.local/lib/python3.8/site-packages/airflow/example_dags/example_task_group.py took 0.084 seconds
[2024-01-30T16:33:26.773+0000] {processor.py:161} INFO - Started process (PID=808) to work on /home/airflow/.local/lib/python3.8/site-packages/airflow/example_dags/example_task_group.py
[2024-01-30T16:33:26.774+0000] {processor.py:830} INFO - Processing file /home/airflow/.local/lib/python3.8/site-packages/airflow/example_dags/example_task_group.py for tasks to queue
[2024-01-30T16:33:26.776+0000] {logging_mixin.py:188} INFO - [2024-01-30T16:33:26.775+0000] {dagbag.py:538} INFO - Filling up the DagBag from /home/airflow/.local/lib/python3.8/site-packages/airflow/example_dags/example_task_group.py
[2024-01-30T16:33:26.782+0000] {processor.py:840} INFO - DAG(s) 'example_task_group' retrieved from /home/airflow/.local/lib/python3.8/site-packages/airflow/example_dags/example_task_group.py
[2024-01-30T16:33:26.802+0000] {logging_mixin.py:188} INFO - [2024-01-30T16:33:26.802+0000] {dag.py:3036} INFO - Sync 1 DAGs
[2024-01-30T16:33:26.820+0000] {logging_mixin.py:188} INFO - [2024-01-30T16:33:26.820+0000] {dag.py:3823} INFO - Setting next_dagrun for example_task_group to 2024-01-29 00:00:00+00:00, run_after=2024-01-30 00:00:00+00:00
[2024-01-30T16:33:26.845+0000] {processor.py:183} INFO - Processing /home/airflow/.local/lib/python3.8/site-packages/airflow/example_dags/example_task_group.py took 0.075 seconds
[2024-01-30T16:33:57.244+0000] {processor.py:161} INFO - Started process (PID=863) to work on /home/airflow/.local/lib/python3.8/site-packages/airflow/example_dags/example_task_group.py
[2024-01-30T16:33:57.245+0000] {processor.py:830} INFO - Processing file /home/airflow/.local/lib/python3.8/site-packages/airflow/example_dags/example_task_group.py for tasks to queue
[2024-01-30T16:33:57.247+0000] {logging_mixin.py:188} INFO - [2024-01-30T16:33:57.246+0000] {dagbag.py:538} INFO - Filling up the DagBag from /home/airflow/.local/lib/python3.8/site-packages/airflow/example_dags/example_task_group.py
[2024-01-30T16:33:57.253+0000] {processor.py:840} INFO - DAG(s) 'example_task_group' retrieved from /home/airflow/.local/lib/python3.8/site-packages/airflow/example_dags/example_task_group.py
[2024-01-30T16:33:57.273+0000] {logging_mixin.py:188} INFO - [2024-01-30T16:33:57.273+0000] {dag.py:3036} INFO - Sync 1 DAGs
[2024-01-30T16:33:57.292+0000] {logging_mixin.py:188} INFO - [2024-01-30T16:33:57.292+0000] {dag.py:3823} INFO - Setting next_dagrun for example_task_group to 2024-01-29 00:00:00+00:00, run_after=2024-01-30 00:00:00+00:00
[2024-01-30T16:33:57.317+0000] {processor.py:183} INFO - Processing /home/airflow/.local/lib/python3.8/site-packages/airflow/example_dags/example_task_group.py took 0.076 seconds
[2024-01-30T16:34:27.570+0000] {processor.py:161} INFO - Started process (PID=918) to work on /home/airflow/.local/lib/python3.8/site-packages/airflow/example_dags/example_task_group.py
[2024-01-30T16:34:27.571+0000] {processor.py:830} INFO - Processing file /home/airflow/.local/lib/python3.8/site-packages/airflow/example_dags/example_task_group.py for tasks to queue
[2024-01-30T16:34:27.573+0000] {logging_mixin.py:188} INFO - [2024-01-30T16:34:27.573+0000] {dagbag.py:538} INFO - Filling up the DagBag from /home/airflow/.local/lib/python3.8/site-packages/airflow/example_dags/example_task_group.py
[2024-01-30T16:34:27.579+0000] {processor.py:840} INFO - DAG(s) 'example_task_group' retrieved from /home/airflow/.local/lib/python3.8/site-packages/airflow/example_dags/example_task_group.py
[2024-01-30T16:34:27.600+0000] {logging_mixin.py:188} INFO - [2024-01-30T16:34:27.600+0000] {dag.py:3036} INFO - Sync 1 DAGs
[2024-01-30T16:34:27.619+0000] {logging_mixin.py:188} INFO - [2024-01-30T16:34:27.619+0000] {dag.py:3823} INFO - Setting next_dagrun for example_task_group to 2024-01-29 00:00:00+00:00, run_after=2024-01-30 00:00:00+00:00
[2024-01-30T16:34:27.638+0000] {processor.py:183} INFO - Processing /home/airflow/.local/lib/python3.8/site-packages/airflow/example_dags/example_task_group.py took 0.071 seconds
[2024-01-30T16:34:57.953+0000] {processor.py:161} INFO - Started process (PID=973) to work on /home/airflow/.local/lib/python3.8/site-packages/airflow/example_dags/example_task_group.py
[2024-01-30T16:34:57.954+0000] {processor.py:830} INFO - Processing file /home/airflow/.local/lib/python3.8/site-packages/airflow/example_dags/example_task_group.py for tasks to queue
[2024-01-30T16:34:57.956+0000] {logging_mixin.py:188} INFO - [2024-01-30T16:34:57.955+0000] {dagbag.py:538} INFO - Filling up the DagBag from /home/airflow/.local/lib/python3.8/site-packages/airflow/example_dags/example_task_group.py
[2024-01-30T16:34:57.962+0000] {processor.py:840} INFO - DAG(s) 'example_task_group' retrieved from /home/airflow/.local/lib/python3.8/site-packages/airflow/example_dags/example_task_group.py
[2024-01-30T16:34:57.984+0000] {logging_mixin.py:188} INFO - [2024-01-30T16:34:57.984+0000] {dag.py:3036} INFO - Sync 1 DAGs
[2024-01-30T16:34:58.002+0000] {logging_mixin.py:188} INFO - [2024-01-30T16:34:58.002+0000] {dag.py:3823} INFO - Setting next_dagrun for example_task_group to 2024-01-29 00:00:00+00:00, run_after=2024-01-30 00:00:00+00:00
[2024-01-30T16:34:58.027+0000] {processor.py:183} INFO - Processing /home/airflow/.local/lib/python3.8/site-packages/airflow/example_dags/example_task_group.py took 0.076 seconds
[2024-01-30T16:35:28.120+0000] {processor.py:161} INFO - Started process (PID=1028) to work on /home/airflow/.local/lib/python3.8/site-packages/airflow/example_dags/example_task_group.py
[2024-01-30T16:35:28.122+0000] {processor.py:830} INFO - Processing file /home/airflow/.local/lib/python3.8/site-packages/airflow/example_dags/example_task_group.py for tasks to queue
[2024-01-30T16:35:28.123+0000] {logging_mixin.py:188} INFO - [2024-01-30T16:35:28.123+0000] {dagbag.py:538} INFO - Filling up the DagBag from /home/airflow/.local/lib/python3.8/site-packages/airflow/example_dags/example_task_group.py
[2024-01-30T16:35:28.130+0000] {processor.py:840} INFO - DAG(s) 'example_task_group' retrieved from /home/airflow/.local/lib/python3.8/site-packages/airflow/example_dags/example_task_group.py
[2024-01-30T16:35:28.151+0000] {logging_mixin.py:188} INFO - [2024-01-30T16:35:28.151+0000] {dag.py:3036} INFO - Sync 1 DAGs
[2024-01-30T16:35:28.171+0000] {logging_mixin.py:188} INFO - [2024-01-30T16:35:28.171+0000] {dag.py:3823} INFO - Setting next_dagrun for example_task_group to 2024-01-29 00:00:00+00:00, run_after=2024-01-30 00:00:00+00:00
[2024-01-30T16:35:28.191+0000] {processor.py:183} INFO - Processing /home/airflow/.local/lib/python3.8/site-packages/airflow/example_dags/example_task_group.py took 0.074 seconds
[2024-01-30T16:35:58.280+0000] {processor.py:161} INFO - Started process (PID=1083) to work on /home/airflow/.local/lib/python3.8/site-packages/airflow/example_dags/example_task_group.py
[2024-01-30T16:35:58.282+0000] {processor.py:830} INFO - Processing file /home/airflow/.local/lib/python3.8/site-packages/airflow/example_dags/example_task_group.py for tasks to queue
[2024-01-30T16:35:58.283+0000] {logging_mixin.py:188} INFO - [2024-01-30T16:35:58.283+0000] {dagbag.py:538} INFO - Filling up the DagBag from /home/airflow/.local/lib/python3.8/site-packages/airflow/example_dags/example_task_group.py
[2024-01-30T16:35:58.291+0000] {processor.py:840} INFO - DAG(s) 'example_task_group' retrieved from /home/airflow/.local/lib/python3.8/site-packages/airflow/example_dags/example_task_group.py
[2024-01-30T16:35:58.312+0000] {logging_mixin.py:188} INFO - [2024-01-30T16:35:58.312+0000] {dag.py:3036} INFO - Sync 1 DAGs
[2024-01-30T16:35:58.333+0000] {logging_mixin.py:188} INFO - [2024-01-30T16:35:58.333+0000] {dag.py:3823} INFO - Setting next_dagrun for example_task_group to 2024-01-29 00:00:00+00:00, run_after=2024-01-30 00:00:00+00:00
[2024-01-30T16:35:58.357+0000] {processor.py:183} INFO - Processing /home/airflow/.local/lib/python3.8/site-packages/airflow/example_dags/example_task_group.py took 0.080 seconds
[2024-01-30T16:36:29.225+0000] {processor.py:161} INFO - Started process (PID=1138) to work on /home/airflow/.local/lib/python3.8/site-packages/airflow/example_dags/example_task_group.py
[2024-01-30T16:36:29.226+0000] {processor.py:830} INFO - Processing file /home/airflow/.local/lib/python3.8/site-packages/airflow/example_dags/example_task_group.py for tasks to queue
[2024-01-30T16:36:29.228+0000] {logging_mixin.py:188} INFO - [2024-01-30T16:36:29.228+0000] {dagbag.py:538} INFO - Filling up the DagBag from /home/airflow/.local/lib/python3.8/site-packages/airflow/example_dags/example_task_group.py
[2024-01-30T16:36:29.235+0000] {processor.py:840} INFO - DAG(s) 'example_task_group' retrieved from /home/airflow/.local/lib/python3.8/site-packages/airflow/example_dags/example_task_group.py
[2024-01-30T16:36:29.256+0000] {logging_mixin.py:188} INFO - [2024-01-30T16:36:29.256+0000] {dag.py:3036} INFO - Sync 1 DAGs
[2024-01-30T16:36:29.276+0000] {logging_mixin.py:188} INFO - [2024-01-30T16:36:29.276+0000] {dag.py:3823} INFO - Setting next_dagrun for example_task_group to 2024-01-29 00:00:00+00:00, run_after=2024-01-30 00:00:00+00:00
[2024-01-30T16:36:29.302+0000] {processor.py:183} INFO - Processing /home/airflow/.local/lib/python3.8/site-packages/airflow/example_dags/example_task_group.py took 0.080 seconds
[2024-01-30T16:36:59.357+0000] {processor.py:161} INFO - Started process (PID=1193) to work on /home/airflow/.local/lib/python3.8/site-packages/airflow/example_dags/example_task_group.py
[2024-01-30T16:36:59.358+0000] {processor.py:830} INFO - Processing file /home/airflow/.local/lib/python3.8/site-packages/airflow/example_dags/example_task_group.py for tasks to queue
[2024-01-30T16:36:59.361+0000] {logging_mixin.py:188} INFO - [2024-01-30T16:36:59.361+0000] {dagbag.py:538} INFO - Filling up the DagBag from /home/airflow/.local/lib/python3.8/site-packages/airflow/example_dags/example_task_group.py
[2024-01-30T16:36:59.369+0000] {processor.py:840} INFO - DAG(s) 'example_task_group' retrieved from /home/airflow/.local/lib/python3.8/site-packages/airflow/example_dags/example_task_group.py
[2024-01-30T16:36:59.394+0000] {logging_mixin.py:188} INFO - [2024-01-30T16:36:59.393+0000] {dag.py:3036} INFO - Sync 1 DAGs
[2024-01-30T16:36:59.414+0000] {logging_mixin.py:188} INFO - [2024-01-30T16:36:59.414+0000] {dag.py:3823} INFO - Setting next_dagrun for example_task_group to 2024-01-29 00:00:00+00:00, run_after=2024-01-30 00:00:00+00:00
[2024-01-30T16:36:59.434+0000] {processor.py:183} INFO - Processing /home/airflow/.local/lib/python3.8/site-packages/airflow/example_dags/example_task_group.py took 0.080 seconds
[2024-01-30T16:37:30.237+0000] {processor.py:161} INFO - Started process (PID=1248) to work on /home/airflow/.local/lib/python3.8/site-packages/airflow/example_dags/example_task_group.py
[2024-01-30T16:37:30.239+0000] {processor.py:830} INFO - Processing file /home/airflow/.local/lib/python3.8/site-packages/airflow/example_dags/example_task_group.py for tasks to queue
[2024-01-30T16:37:30.241+0000] {logging_mixin.py:188} INFO - [2024-01-30T16:37:30.240+0000] {dagbag.py:538} INFO - Filling up the DagBag from /home/airflow/.local/lib/python3.8/site-packages/airflow/example_dags/example_task_group.py
[2024-01-30T16:37:30.248+0000] {processor.py:840} INFO - DAG(s) 'example_task_group' retrieved from /home/airflow/.local/lib/python3.8/site-packages/airflow/example_dags/example_task_group.py
[2024-01-30T16:37:30.271+0000] {logging_mixin.py:188} INFO - [2024-01-30T16:37:30.271+0000] {dag.py:3036} INFO - Sync 1 DAGs
[2024-01-30T16:37:30.292+0000] {logging_mixin.py:188} INFO - [2024-01-30T16:37:30.292+0000] {dag.py:3823} INFO - Setting next_dagrun for example_task_group to 2024-01-29 00:00:00+00:00, run_after=2024-01-30 00:00:00+00:00
[2024-01-30T16:37:30.314+0000] {processor.py:183} INFO - Processing /home/airflow/.local/lib/python3.8/site-packages/airflow/example_dags/example_task_group.py took 0.080 seconds
