[2024-01-30T16:16:25.985+0000] {processor.py:161} INFO - Started process (PID=62) to work on /home/airflow/.local/lib/python3.8/site-packages/airflow/example_dags/example_latest_only_with_trigger.py
[2024-01-30T16:16:25.986+0000] {processor.py:830} INFO - Processing file /home/airflow/.local/lib/python3.8/site-packages/airflow/example_dags/example_latest_only_with_trigger.py for tasks to queue
[2024-01-30T16:16:25.989+0000] {logging_mixin.py:188} INFO - [2024-01-30T16:16:25.988+0000] {dagbag.py:538} INFO - Filling up the DagBag from /home/airflow/.local/lib/python3.8/site-packages/airflow/example_dags/example_latest_only_with_trigger.py
[2024-01-30T16:16:25.996+0000] {processor.py:840} INFO - DAG(s) 'latest_only_with_trigger' retrieved from /home/airflow/.local/lib/python3.8/site-packages/airflow/example_dags/example_latest_only_with_trigger.py
[2024-01-30T16:16:26.008+0000] {logging_mixin.py:188} INFO - [2024-01-30T16:16:26.007+0000] {dag.py:3036} INFO - Sync 1 DAGs
[2024-01-30T16:16:26.032+0000] {logging_mixin.py:188} INFO - [2024-01-30T16:16:26.032+0000] {dag.py:3823} INFO - Setting next_dagrun for latest_only_with_trigger to 2024-01-30 12:00:00+00:00, run_after=2024-01-30 16:00:00+00:00
[2024-01-30T16:16:26.054+0000] {processor.py:183} INFO - Processing /home/airflow/.local/lib/python3.8/site-packages/airflow/example_dags/example_latest_only_with_trigger.py took 0.072 seconds
[2024-01-30T16:16:57.671+0000] {processor.py:161} INFO - Started process (PID=117) to work on /home/airflow/.local/lib/python3.8/site-packages/airflow/example_dags/example_latest_only_with_trigger.py
[2024-01-30T16:16:57.672+0000] {processor.py:830} INFO - Processing file /home/airflow/.local/lib/python3.8/site-packages/airflow/example_dags/example_latest_only_with_trigger.py for tasks to queue
[2024-01-30T16:16:57.674+0000] {logging_mixin.py:188} INFO - [2024-01-30T16:16:57.674+0000] {dagbag.py:538} INFO - Filling up the DagBag from /home/airflow/.local/lib/python3.8/site-packages/airflow/example_dags/example_latest_only_with_trigger.py
[2024-01-30T16:16:57.679+0000] {processor.py:840} INFO - DAG(s) 'latest_only_with_trigger' retrieved from /home/airflow/.local/lib/python3.8/site-packages/airflow/example_dags/example_latest_only_with_trigger.py
[2024-01-30T16:16:57.775+0000] {logging_mixin.py:188} INFO - [2024-01-30T16:16:57.775+0000] {dag.py:3036} INFO - Sync 1 DAGs
[2024-01-30T16:16:57.795+0000] {logging_mixin.py:188} INFO - [2024-01-30T16:16:57.794+0000] {dag.py:3823} INFO - Setting next_dagrun for latest_only_with_trigger to 2024-01-30 12:00:00+00:00, run_after=2024-01-30 16:00:00+00:00
[2024-01-30T16:16:57.815+0000] {processor.py:183} INFO - Processing /home/airflow/.local/lib/python3.8/site-packages/airflow/example_dags/example_latest_only_with_trigger.py took 0.146 seconds
[2024-01-30T16:17:28.192+0000] {processor.py:161} INFO - Started process (PID=172) to work on /home/airflow/.local/lib/python3.8/site-packages/airflow/example_dags/example_latest_only_with_trigger.py
[2024-01-30T16:17:28.193+0000] {processor.py:830} INFO - Processing file /home/airflow/.local/lib/python3.8/site-packages/airflow/example_dags/example_latest_only_with_trigger.py for tasks to queue
[2024-01-30T16:17:28.195+0000] {logging_mixin.py:188} INFO - [2024-01-30T16:17:28.194+0000] {dagbag.py:538} INFO - Filling up the DagBag from /home/airflow/.local/lib/python3.8/site-packages/airflow/example_dags/example_latest_only_with_trigger.py
[2024-01-30T16:17:28.200+0000] {processor.py:840} INFO - DAG(s) 'latest_only_with_trigger' retrieved from /home/airflow/.local/lib/python3.8/site-packages/airflow/example_dags/example_latest_only_with_trigger.py
[2024-01-30T16:17:28.219+0000] {logging_mixin.py:188} INFO - [2024-01-30T16:17:28.219+0000] {dag.py:3036} INFO - Sync 1 DAGs
[2024-01-30T16:17:28.238+0000] {logging_mixin.py:188} INFO - [2024-01-30T16:17:28.238+0000] {dag.py:3823} INFO - Setting next_dagrun for latest_only_with_trigger to 2024-01-30 12:00:00+00:00, run_after=2024-01-30 16:00:00+00:00
[2024-01-30T16:17:28.256+0000] {processor.py:183} INFO - Processing /home/airflow/.local/lib/python3.8/site-packages/airflow/example_dags/example_latest_only_with_trigger.py took 0.067 seconds
[2024-01-30T16:17:59.228+0000] {processor.py:161} INFO - Started process (PID=227) to work on /home/airflow/.local/lib/python3.8/site-packages/airflow/example_dags/example_latest_only_with_trigger.py
[2024-01-30T16:17:59.229+0000] {processor.py:830} INFO - Processing file /home/airflow/.local/lib/python3.8/site-packages/airflow/example_dags/example_latest_only_with_trigger.py for tasks to queue
[2024-01-30T16:17:59.231+0000] {logging_mixin.py:188} INFO - [2024-01-30T16:17:59.231+0000] {dagbag.py:538} INFO - Filling up the DagBag from /home/airflow/.local/lib/python3.8/site-packages/airflow/example_dags/example_latest_only_with_trigger.py
[2024-01-30T16:17:59.236+0000] {processor.py:840} INFO - DAG(s) 'latest_only_with_trigger' retrieved from /home/airflow/.local/lib/python3.8/site-packages/airflow/example_dags/example_latest_only_with_trigger.py
[2024-01-30T16:17:59.254+0000] {logging_mixin.py:188} INFO - [2024-01-30T16:17:59.253+0000] {dag.py:3036} INFO - Sync 1 DAGs
[2024-01-30T16:17:59.273+0000] {logging_mixin.py:188} INFO - [2024-01-30T16:17:59.272+0000] {dag.py:3823} INFO - Setting next_dagrun for latest_only_with_trigger to 2024-01-30 12:00:00+00:00, run_after=2024-01-30 16:00:00+00:00
[2024-01-30T16:17:59.292+0000] {processor.py:183} INFO - Processing /home/airflow/.local/lib/python3.8/site-packages/airflow/example_dags/example_latest_only_with_trigger.py took 0.066 seconds
[2024-01-30T16:18:29.385+0000] {processor.py:161} INFO - Started process (PID=282) to work on /home/airflow/.local/lib/python3.8/site-packages/airflow/example_dags/example_latest_only_with_trigger.py
[2024-01-30T16:18:29.386+0000] {processor.py:830} INFO - Processing file /home/airflow/.local/lib/python3.8/site-packages/airflow/example_dags/example_latest_only_with_trigger.py for tasks to queue
[2024-01-30T16:18:29.388+0000] {logging_mixin.py:188} INFO - [2024-01-30T16:18:29.388+0000] {dagbag.py:538} INFO - Filling up the DagBag from /home/airflow/.local/lib/python3.8/site-packages/airflow/example_dags/example_latest_only_with_trigger.py
[2024-01-30T16:18:29.393+0000] {processor.py:840} INFO - DAG(s) 'latest_only_with_trigger' retrieved from /home/airflow/.local/lib/python3.8/site-packages/airflow/example_dags/example_latest_only_with_trigger.py
[2024-01-30T16:18:29.413+0000] {logging_mixin.py:188} INFO - [2024-01-30T16:18:29.413+0000] {dag.py:3036} INFO - Sync 1 DAGs
[2024-01-30T16:18:29.432+0000] {logging_mixin.py:188} INFO - [2024-01-30T16:18:29.432+0000] {dag.py:3823} INFO - Setting next_dagrun for latest_only_with_trigger to 2024-01-30 12:00:00+00:00, run_after=2024-01-30 16:00:00+00:00
[2024-01-30T16:18:29.449+0000] {processor.py:183} INFO - Processing /home/airflow/.local/lib/python3.8/site-packages/airflow/example_dags/example_latest_only_with_trigger.py took 0.067 seconds
[2024-01-30T16:19:00.070+0000] {processor.py:161} INFO - Started process (PID=337) to work on /home/airflow/.local/lib/python3.8/site-packages/airflow/example_dags/example_latest_only_with_trigger.py
[2024-01-30T16:19:00.071+0000] {processor.py:830} INFO - Processing file /home/airflow/.local/lib/python3.8/site-packages/airflow/example_dags/example_latest_only_with_trigger.py for tasks to queue
[2024-01-30T16:19:00.072+0000] {logging_mixin.py:188} INFO - [2024-01-30T16:19:00.072+0000] {dagbag.py:538} INFO - Filling up the DagBag from /home/airflow/.local/lib/python3.8/site-packages/airflow/example_dags/example_latest_only_with_trigger.py
[2024-01-30T16:19:00.077+0000] {processor.py:840} INFO - DAG(s) 'latest_only_with_trigger' retrieved from /home/airflow/.local/lib/python3.8/site-packages/airflow/example_dags/example_latest_only_with_trigger.py
[2024-01-30T16:19:00.096+0000] {logging_mixin.py:188} INFO - [2024-01-30T16:19:00.096+0000] {dag.py:3036} INFO - Sync 1 DAGs
[2024-01-30T16:19:00.115+0000] {logging_mixin.py:188} INFO - [2024-01-30T16:19:00.115+0000] {dag.py:3823} INFO - Setting next_dagrun for latest_only_with_trigger to 2024-01-30 12:00:00+00:00, run_after=2024-01-30 16:00:00+00:00
[2024-01-30T16:19:00.133+0000] {processor.py:183} INFO - Processing /home/airflow/.local/lib/python3.8/site-packages/airflow/example_dags/example_latest_only_with_trigger.py took 0.066 seconds
[2024-01-30T16:19:30.655+0000] {processor.py:161} INFO - Started process (PID=392) to work on /home/airflow/.local/lib/python3.8/site-packages/airflow/example_dags/example_latest_only_with_trigger.py
[2024-01-30T16:19:30.656+0000] {processor.py:830} INFO - Processing file /home/airflow/.local/lib/python3.8/site-packages/airflow/example_dags/example_latest_only_with_trigger.py for tasks to queue
[2024-01-30T16:19:30.658+0000] {logging_mixin.py:188} INFO - [2024-01-30T16:19:30.657+0000] {dagbag.py:538} INFO - Filling up the DagBag from /home/airflow/.local/lib/python3.8/site-packages/airflow/example_dags/example_latest_only_with_trigger.py
[2024-01-30T16:19:30.663+0000] {processor.py:840} INFO - DAG(s) 'latest_only_with_trigger' retrieved from /home/airflow/.local/lib/python3.8/site-packages/airflow/example_dags/example_latest_only_with_trigger.py
[2024-01-30T16:19:30.681+0000] {logging_mixin.py:188} INFO - [2024-01-30T16:19:30.681+0000] {dag.py:3036} INFO - Sync 1 DAGs
[2024-01-30T16:19:30.701+0000] {logging_mixin.py:188} INFO - [2024-01-30T16:19:30.701+0000] {dag.py:3823} INFO - Setting next_dagrun for latest_only_with_trigger to 2024-01-30 12:00:00+00:00, run_after=2024-01-30 16:00:00+00:00
[2024-01-30T16:19:30.719+0000] {processor.py:183} INFO - Processing /home/airflow/.local/lib/python3.8/site-packages/airflow/example_dags/example_latest_only_with_trigger.py took 0.066 seconds
[2024-01-30T16:20:01.342+0000] {processor.py:161} INFO - Started process (PID=447) to work on /home/airflow/.local/lib/python3.8/site-packages/airflow/example_dags/example_latest_only_with_trigger.py
[2024-01-30T16:20:01.342+0000] {processor.py:830} INFO - Processing file /home/airflow/.local/lib/python3.8/site-packages/airflow/example_dags/example_latest_only_with_trigger.py for tasks to queue
[2024-01-30T16:20:01.344+0000] {logging_mixin.py:188} INFO - [2024-01-30T16:20:01.344+0000] {dagbag.py:538} INFO - Filling up the DagBag from /home/airflow/.local/lib/python3.8/site-packages/airflow/example_dags/example_latest_only_with_trigger.py
[2024-01-30T16:20:01.349+0000] {processor.py:840} INFO - DAG(s) 'latest_only_with_trigger' retrieved from /home/airflow/.local/lib/python3.8/site-packages/airflow/example_dags/example_latest_only_with_trigger.py
[2024-01-30T16:20:01.369+0000] {logging_mixin.py:188} INFO - [2024-01-30T16:20:01.369+0000] {dag.py:3036} INFO - Sync 1 DAGs
[2024-01-30T16:20:01.389+0000] {logging_mixin.py:188} INFO - [2024-01-30T16:20:01.389+0000] {dag.py:3823} INFO - Setting next_dagrun for latest_only_with_trigger to 2024-01-30 12:00:00+00:00, run_after=2024-01-30 16:00:00+00:00
[2024-01-30T16:20:01.408+0000] {processor.py:183} INFO - Processing /home/airflow/.local/lib/python3.8/site-packages/airflow/example_dags/example_latest_only_with_trigger.py took 0.069 seconds
[2024-01-30T16:20:32.046+0000] {processor.py:161} INFO - Started process (PID=502) to work on /home/airflow/.local/lib/python3.8/site-packages/airflow/example_dags/example_latest_only_with_trigger.py
[2024-01-30T16:20:32.047+0000] {processor.py:830} INFO - Processing file /home/airflow/.local/lib/python3.8/site-packages/airflow/example_dags/example_latest_only_with_trigger.py for tasks to queue
[2024-01-30T16:20:32.049+0000] {logging_mixin.py:188} INFO - [2024-01-30T16:20:32.049+0000] {dagbag.py:538} INFO - Filling up the DagBag from /home/airflow/.local/lib/python3.8/site-packages/airflow/example_dags/example_latest_only_with_trigger.py
[2024-01-30T16:20:32.054+0000] {processor.py:840} INFO - DAG(s) 'latest_only_with_trigger' retrieved from /home/airflow/.local/lib/python3.8/site-packages/airflow/example_dags/example_latest_only_with_trigger.py
[2024-01-30T16:20:32.073+0000] {logging_mixin.py:188} INFO - [2024-01-30T16:20:32.073+0000] {dag.py:3036} INFO - Sync 1 DAGs
[2024-01-30T16:20:32.097+0000] {logging_mixin.py:188} INFO - [2024-01-30T16:20:32.097+0000] {dag.py:3823} INFO - Setting next_dagrun for latest_only_with_trigger to 2024-01-30 12:00:00+00:00, run_after=2024-01-30 16:00:00+00:00
[2024-01-30T16:20:32.115+0000] {processor.py:183} INFO - Processing /home/airflow/.local/lib/python3.8/site-packages/airflow/example_dags/example_latest_only_with_trigger.py took 0.073 seconds
[2024-01-30T16:21:02.808+0000] {processor.py:161} INFO - Started process (PID=557) to work on /home/airflow/.local/lib/python3.8/site-packages/airflow/example_dags/example_latest_only_with_trigger.py
[2024-01-30T16:21:02.809+0000] {processor.py:830} INFO - Processing file /home/airflow/.local/lib/python3.8/site-packages/airflow/example_dags/example_latest_only_with_trigger.py for tasks to queue
[2024-01-30T16:21:02.811+0000] {logging_mixin.py:188} INFO - [2024-01-30T16:21:02.811+0000] {dagbag.py:538} INFO - Filling up the DagBag from /home/airflow/.local/lib/python3.8/site-packages/airflow/example_dags/example_latest_only_with_trigger.py
[2024-01-30T16:21:02.817+0000] {processor.py:840} INFO - DAG(s) 'latest_only_with_trigger' retrieved from /home/airflow/.local/lib/python3.8/site-packages/airflow/example_dags/example_latest_only_with_trigger.py
[2024-01-30T16:21:02.837+0000] {logging_mixin.py:188} INFO - [2024-01-30T16:21:02.837+0000] {dag.py:3036} INFO - Sync 1 DAGs
[2024-01-30T16:21:02.859+0000] {logging_mixin.py:188} INFO - [2024-01-30T16:21:02.859+0000] {dag.py:3823} INFO - Setting next_dagrun for latest_only_with_trigger to 2024-01-30 12:00:00+00:00, run_after=2024-01-30 16:00:00+00:00
[2024-01-30T16:21:02.880+0000] {processor.py:183} INFO - Processing /home/airflow/.local/lib/python3.8/site-packages/airflow/example_dags/example_latest_only_with_trigger.py took 0.075 seconds
[2024-01-30T16:21:33.028+0000] {processor.py:161} INFO - Started process (PID=612) to work on /home/airflow/.local/lib/python3.8/site-packages/airflow/example_dags/example_latest_only_with_trigger.py
[2024-01-30T16:21:33.029+0000] {processor.py:830} INFO - Processing file /home/airflow/.local/lib/python3.8/site-packages/airflow/example_dags/example_latest_only_with_trigger.py for tasks to queue
[2024-01-30T16:21:33.030+0000] {logging_mixin.py:188} INFO - [2024-01-30T16:21:33.030+0000] {dagbag.py:538} INFO - Filling up the DagBag from /home/airflow/.local/lib/python3.8/site-packages/airflow/example_dags/example_latest_only_with_trigger.py
[2024-01-30T16:21:33.035+0000] {processor.py:840} INFO - DAG(s) 'latest_only_with_trigger' retrieved from /home/airflow/.local/lib/python3.8/site-packages/airflow/example_dags/example_latest_only_with_trigger.py
[2024-01-30T16:21:33.054+0000] {logging_mixin.py:188} INFO - [2024-01-30T16:21:33.053+0000] {dag.py:3036} INFO - Sync 1 DAGs
[2024-01-30T16:21:33.073+0000] {logging_mixin.py:188} INFO - [2024-01-30T16:21:33.073+0000] {dag.py:3823} INFO - Setting next_dagrun for latest_only_with_trigger to 2024-01-30 12:00:00+00:00, run_after=2024-01-30 16:00:00+00:00
[2024-01-30T16:21:33.090+0000] {processor.py:183} INFO - Processing /home/airflow/.local/lib/python3.8/site-packages/airflow/example_dags/example_latest_only_with_trigger.py took 0.066 seconds
[2024-01-30T16:22:03.217+0000] {processor.py:161} INFO - Started process (PID=667) to work on /home/airflow/.local/lib/python3.8/site-packages/airflow/example_dags/example_latest_only_with_trigger.py
[2024-01-30T16:22:03.218+0000] {processor.py:830} INFO - Processing file /home/airflow/.local/lib/python3.8/site-packages/airflow/example_dags/example_latest_only_with_trigger.py for tasks to queue
[2024-01-30T16:22:03.219+0000] {logging_mixin.py:188} INFO - [2024-01-30T16:22:03.219+0000] {dagbag.py:538} INFO - Filling up the DagBag from /home/airflow/.local/lib/python3.8/site-packages/airflow/example_dags/example_latest_only_with_trigger.py
[2024-01-30T16:22:03.224+0000] {processor.py:840} INFO - DAG(s) 'latest_only_with_trigger' retrieved from /home/airflow/.local/lib/python3.8/site-packages/airflow/example_dags/example_latest_only_with_trigger.py
[2024-01-30T16:22:03.243+0000] {logging_mixin.py:188} INFO - [2024-01-30T16:22:03.243+0000] {dag.py:3036} INFO - Sync 1 DAGs
[2024-01-30T16:22:03.263+0000] {logging_mixin.py:188} INFO - [2024-01-30T16:22:03.263+0000] {dag.py:3823} INFO - Setting next_dagrun for latest_only_with_trigger to 2024-01-30 12:00:00+00:00, run_after=2024-01-30 16:00:00+00:00
[2024-01-30T16:22:03.281+0000] {processor.py:183} INFO - Processing /home/airflow/.local/lib/python3.8/site-packages/airflow/example_dags/example_latest_only_with_trigger.py took 0.067 seconds
[2024-01-30T16:22:33.433+0000] {processor.py:161} INFO - Started process (PID=722) to work on /home/airflow/.local/lib/python3.8/site-packages/airflow/example_dags/example_latest_only_with_trigger.py
[2024-01-30T16:22:33.433+0000] {processor.py:830} INFO - Processing file /home/airflow/.local/lib/python3.8/site-packages/airflow/example_dags/example_latest_only_with_trigger.py for tasks to queue
[2024-01-30T16:22:33.435+0000] {logging_mixin.py:188} INFO - [2024-01-30T16:22:33.435+0000] {dagbag.py:538} INFO - Filling up the DagBag from /home/airflow/.local/lib/python3.8/site-packages/airflow/example_dags/example_latest_only_with_trigger.py
[2024-01-30T16:22:33.440+0000] {processor.py:840} INFO - DAG(s) 'latest_only_with_trigger' retrieved from /home/airflow/.local/lib/python3.8/site-packages/airflow/example_dags/example_latest_only_with_trigger.py
[2024-01-30T16:22:33.458+0000] {logging_mixin.py:188} INFO - [2024-01-30T16:22:33.458+0000] {dag.py:3036} INFO - Sync 1 DAGs
[2024-01-30T16:22:33.478+0000] {logging_mixin.py:188} INFO - [2024-01-30T16:22:33.477+0000] {dag.py:3823} INFO - Setting next_dagrun for latest_only_with_trigger to 2024-01-30 12:00:00+00:00, run_after=2024-01-30 16:00:00+00:00
[2024-01-30T16:22:33.495+0000] {processor.py:183} INFO - Processing /home/airflow/.local/lib/python3.8/site-packages/airflow/example_dags/example_latest_only_with_trigger.py took 0.065 seconds
[2024-01-30T16:23:03.633+0000] {processor.py:161} INFO - Started process (PID=777) to work on /home/airflow/.local/lib/python3.8/site-packages/airflow/example_dags/example_latest_only_with_trigger.py
[2024-01-30T16:23:03.634+0000] {processor.py:830} INFO - Processing file /home/airflow/.local/lib/python3.8/site-packages/airflow/example_dags/example_latest_only_with_trigger.py for tasks to queue
[2024-01-30T16:23:03.635+0000] {logging_mixin.py:188} INFO - [2024-01-30T16:23:03.635+0000] {dagbag.py:538} INFO - Filling up the DagBag from /home/airflow/.local/lib/python3.8/site-packages/airflow/example_dags/example_latest_only_with_trigger.py
[2024-01-30T16:23:03.640+0000] {processor.py:840} INFO - DAG(s) 'latest_only_with_trigger' retrieved from /home/airflow/.local/lib/python3.8/site-packages/airflow/example_dags/example_latest_only_with_trigger.py
[2024-01-30T16:23:03.660+0000] {logging_mixin.py:188} INFO - [2024-01-30T16:23:03.659+0000] {dag.py:3036} INFO - Sync 1 DAGs
[2024-01-30T16:23:03.679+0000] {logging_mixin.py:188} INFO - [2024-01-30T16:23:03.679+0000] {dag.py:3823} INFO - Setting next_dagrun for latest_only_with_trigger to 2024-01-30 12:00:00+00:00, run_after=2024-01-30 16:00:00+00:00
[2024-01-30T16:23:03.697+0000] {processor.py:183} INFO - Processing /home/airflow/.local/lib/python3.8/site-packages/airflow/example_dags/example_latest_only_with_trigger.py took 0.067 seconds
[2024-01-30T16:23:34.356+0000] {processor.py:161} INFO - Started process (PID=832) to work on /home/airflow/.local/lib/python3.8/site-packages/airflow/example_dags/example_latest_only_with_trigger.py
[2024-01-30T16:23:34.356+0000] {processor.py:830} INFO - Processing file /home/airflow/.local/lib/python3.8/site-packages/airflow/example_dags/example_latest_only_with_trigger.py for tasks to queue
[2024-01-30T16:23:34.358+0000] {logging_mixin.py:188} INFO - [2024-01-30T16:23:34.358+0000] {dagbag.py:538} INFO - Filling up the DagBag from /home/airflow/.local/lib/python3.8/site-packages/airflow/example_dags/example_latest_only_with_trigger.py
[2024-01-30T16:23:34.363+0000] {processor.py:840} INFO - DAG(s) 'latest_only_with_trigger' retrieved from /home/airflow/.local/lib/python3.8/site-packages/airflow/example_dags/example_latest_only_with_trigger.py
[2024-01-30T16:23:34.382+0000] {logging_mixin.py:188} INFO - [2024-01-30T16:23:34.382+0000] {dag.py:3036} INFO - Sync 1 DAGs
[2024-01-30T16:23:34.403+0000] {logging_mixin.py:188} INFO - [2024-01-30T16:23:34.402+0000] {dag.py:3823} INFO - Setting next_dagrun for latest_only_with_trigger to 2024-01-30 12:00:00+00:00, run_after=2024-01-30 16:00:00+00:00
[2024-01-30T16:23:34.422+0000] {processor.py:183} INFO - Processing /home/airflow/.local/lib/python3.8/site-packages/airflow/example_dags/example_latest_only_with_trigger.py took 0.069 seconds
[2024-01-30T16:24:42.607+0000] {processor.py:161} INFO - Started process (PID=62) to work on /home/airflow/.local/lib/python3.8/site-packages/airflow/example_dags/example_latest_only_with_trigger.py
[2024-01-30T16:24:42.608+0000] {processor.py:830} INFO - Processing file /home/airflow/.local/lib/python3.8/site-packages/airflow/example_dags/example_latest_only_with_trigger.py for tasks to queue
[2024-01-30T16:24:42.610+0000] {logging_mixin.py:188} INFO - [2024-01-30T16:24:42.610+0000] {dagbag.py:538} INFO - Filling up the DagBag from /home/airflow/.local/lib/python3.8/site-packages/airflow/example_dags/example_latest_only_with_trigger.py
[2024-01-30T16:24:42.616+0000] {processor.py:840} INFO - DAG(s) 'latest_only_with_trigger' retrieved from /home/airflow/.local/lib/python3.8/site-packages/airflow/example_dags/example_latest_only_with_trigger.py
[2024-01-30T16:24:42.626+0000] {logging_mixin.py:188} INFO - [2024-01-30T16:24:42.626+0000] {dag.py:3036} INFO - Sync 1 DAGs
[2024-01-30T16:24:42.654+0000] {logging_mixin.py:188} INFO - [2024-01-30T16:24:42.653+0000] {dag.py:3823} INFO - Setting next_dagrun for latest_only_with_trigger to 2024-01-30 12:00:00+00:00, run_after=2024-01-30 16:00:00+00:00
[2024-01-30T16:24:42.674+0000] {processor.py:183} INFO - Processing /home/airflow/.local/lib/python3.8/site-packages/airflow/example_dags/example_latest_only_with_trigger.py took 0.069 seconds
[2024-01-30T16:25:14.051+0000] {processor.py:161} INFO - Started process (PID=117) to work on /home/airflow/.local/lib/python3.8/site-packages/airflow/example_dags/example_latest_only_with_trigger.py
[2024-01-30T16:25:14.052+0000] {processor.py:830} INFO - Processing file /home/airflow/.local/lib/python3.8/site-packages/airflow/example_dags/example_latest_only_with_trigger.py for tasks to queue
[2024-01-30T16:25:14.054+0000] {logging_mixin.py:188} INFO - [2024-01-30T16:25:14.054+0000] {dagbag.py:538} INFO - Filling up the DagBag from /home/airflow/.local/lib/python3.8/site-packages/airflow/example_dags/example_latest_only_with_trigger.py
[2024-01-30T16:25:14.059+0000] {processor.py:840} INFO - DAG(s) 'latest_only_with_trigger' retrieved from /home/airflow/.local/lib/python3.8/site-packages/airflow/example_dags/example_latest_only_with_trigger.py
[2024-01-30T16:25:14.152+0000] {logging_mixin.py:188} INFO - [2024-01-30T16:25:14.152+0000] {dag.py:3036} INFO - Sync 1 DAGs
[2024-01-30T16:25:14.169+0000] {logging_mixin.py:188} INFO - [2024-01-30T16:25:14.169+0000] {dag.py:3823} INFO - Setting next_dagrun for latest_only_with_trigger to 2024-01-30 12:00:00+00:00, run_after=2024-01-30 16:00:00+00:00
[2024-01-30T16:25:14.187+0000] {processor.py:183} INFO - Processing /home/airflow/.local/lib/python3.8/site-packages/airflow/example_dags/example_latest_only_with_trigger.py took 0.139 seconds
[2024-01-30T16:26:21.363+0000] {processor.py:161} INFO - Started process (PID=62) to work on /home/airflow/.local/lib/python3.8/site-packages/airflow/example_dags/example_latest_only_with_trigger.py
[2024-01-30T16:26:21.364+0000] {processor.py:830} INFO - Processing file /home/airflow/.local/lib/python3.8/site-packages/airflow/example_dags/example_latest_only_with_trigger.py for tasks to queue
[2024-01-30T16:26:21.366+0000] {logging_mixin.py:188} INFO - [2024-01-30T16:26:21.366+0000] {dagbag.py:538} INFO - Filling up the DagBag from /home/airflow/.local/lib/python3.8/site-packages/airflow/example_dags/example_latest_only_with_trigger.py
[2024-01-30T16:26:21.372+0000] {processor.py:840} INFO - DAG(s) 'latest_only_with_trigger' retrieved from /home/airflow/.local/lib/python3.8/site-packages/airflow/example_dags/example_latest_only_with_trigger.py
[2024-01-30T16:26:21.385+0000] {logging_mixin.py:188} INFO - [2024-01-30T16:26:21.385+0000] {dag.py:3036} INFO - Sync 1 DAGs
[2024-01-30T16:26:21.410+0000] {logging_mixin.py:188} INFO - [2024-01-30T16:26:21.410+0000] {dag.py:3823} INFO - Setting next_dagrun for latest_only_with_trigger to 2024-01-30 12:00:00+00:00, run_after=2024-01-30 16:00:00+00:00
[2024-01-30T16:26:21.431+0000] {processor.py:183} INFO - Processing /home/airflow/.local/lib/python3.8/site-packages/airflow/example_dags/example_latest_only_with_trigger.py took 0.071 seconds
[2024-01-30T16:26:52.715+0000] {processor.py:161} INFO - Started process (PID=117) to work on /home/airflow/.local/lib/python3.8/site-packages/airflow/example_dags/example_latest_only_with_trigger.py
[2024-01-30T16:26:52.716+0000] {processor.py:830} INFO - Processing file /home/airflow/.local/lib/python3.8/site-packages/airflow/example_dags/example_latest_only_with_trigger.py for tasks to queue
[2024-01-30T16:26:52.717+0000] {logging_mixin.py:188} INFO - [2024-01-30T16:26:52.717+0000] {dagbag.py:538} INFO - Filling up the DagBag from /home/airflow/.local/lib/python3.8/site-packages/airflow/example_dags/example_latest_only_with_trigger.py
[2024-01-30T16:26:52.722+0000] {processor.py:840} INFO - DAG(s) 'latest_only_with_trigger' retrieved from /home/airflow/.local/lib/python3.8/site-packages/airflow/example_dags/example_latest_only_with_trigger.py
[2024-01-30T16:26:52.816+0000] {logging_mixin.py:188} INFO - [2024-01-30T16:26:52.816+0000] {dag.py:3036} INFO - Sync 1 DAGs
[2024-01-30T16:26:52.833+0000] {logging_mixin.py:188} INFO - [2024-01-30T16:26:52.833+0000] {dag.py:3823} INFO - Setting next_dagrun for latest_only_with_trigger to 2024-01-30 12:00:00+00:00, run_after=2024-01-30 16:00:00+00:00
[2024-01-30T16:26:52.853+0000] {processor.py:183} INFO - Processing /home/airflow/.local/lib/python3.8/site-packages/airflow/example_dags/example_latest_only_with_trigger.py took 0.141 seconds
[2024-01-30T16:27:23.813+0000] {processor.py:161} INFO - Started process (PID=172) to work on /home/airflow/.local/lib/python3.8/site-packages/airflow/example_dags/example_latest_only_with_trigger.py
[2024-01-30T16:27:23.813+0000] {processor.py:830} INFO - Processing file /home/airflow/.local/lib/python3.8/site-packages/airflow/example_dags/example_latest_only_with_trigger.py for tasks to queue
[2024-01-30T16:27:23.815+0000] {logging_mixin.py:188} INFO - [2024-01-30T16:27:23.815+0000] {dagbag.py:538} INFO - Filling up the DagBag from /home/airflow/.local/lib/python3.8/site-packages/airflow/example_dags/example_latest_only_with_trigger.py
[2024-01-30T16:27:23.820+0000] {processor.py:840} INFO - DAG(s) 'latest_only_with_trigger' retrieved from /home/airflow/.local/lib/python3.8/site-packages/airflow/example_dags/example_latest_only_with_trigger.py
[2024-01-30T16:27:23.838+0000] {logging_mixin.py:188} INFO - [2024-01-30T16:27:23.837+0000] {dag.py:3036} INFO - Sync 1 DAGs
[2024-01-30T16:27:23.856+0000] {logging_mixin.py:188} INFO - [2024-01-30T16:27:23.856+0000] {dag.py:3823} INFO - Setting next_dagrun for latest_only_with_trigger to 2024-01-30 12:00:00+00:00, run_after=2024-01-30 16:00:00+00:00
[2024-01-30T16:27:23.873+0000] {processor.py:183} INFO - Processing /home/airflow/.local/lib/python3.8/site-packages/airflow/example_dags/example_latest_only_with_trigger.py took 0.063 seconds
[2024-01-30T16:27:54.774+0000] {processor.py:161} INFO - Started process (PID=227) to work on /home/airflow/.local/lib/python3.8/site-packages/airflow/example_dags/example_latest_only_with_trigger.py
[2024-01-30T16:27:54.775+0000] {processor.py:830} INFO - Processing file /home/airflow/.local/lib/python3.8/site-packages/airflow/example_dags/example_latest_only_with_trigger.py for tasks to queue
[2024-01-30T16:27:54.777+0000] {logging_mixin.py:188} INFO - [2024-01-30T16:27:54.777+0000] {dagbag.py:538} INFO - Filling up the DagBag from /home/airflow/.local/lib/python3.8/site-packages/airflow/example_dags/example_latest_only_with_trigger.py
[2024-01-30T16:27:54.782+0000] {processor.py:840} INFO - DAG(s) 'latest_only_with_trigger' retrieved from /home/airflow/.local/lib/python3.8/site-packages/airflow/example_dags/example_latest_only_with_trigger.py
[2024-01-30T16:27:54.799+0000] {logging_mixin.py:188} INFO - [2024-01-30T16:27:54.799+0000] {dag.py:3036} INFO - Sync 1 DAGs
[2024-01-30T16:27:54.818+0000] {logging_mixin.py:188} INFO - [2024-01-30T16:27:54.818+0000] {dag.py:3823} INFO - Setting next_dagrun for latest_only_with_trigger to 2024-01-30 12:00:00+00:00, run_after=2024-01-30 16:00:00+00:00
[2024-01-30T16:27:54.836+0000] {processor.py:183} INFO - Processing /home/airflow/.local/lib/python3.8/site-packages/airflow/example_dags/example_latest_only_with_trigger.py took 0.066 seconds
[2024-01-30T16:28:25.376+0000] {processor.py:161} INFO - Started process (PID=282) to work on /home/airflow/.local/lib/python3.8/site-packages/airflow/example_dags/example_latest_only_with_trigger.py
[2024-01-30T16:28:25.377+0000] {processor.py:830} INFO - Processing file /home/airflow/.local/lib/python3.8/site-packages/airflow/example_dags/example_latest_only_with_trigger.py for tasks to queue
[2024-01-30T16:28:25.378+0000] {logging_mixin.py:188} INFO - [2024-01-30T16:28:25.378+0000] {dagbag.py:538} INFO - Filling up the DagBag from /home/airflow/.local/lib/python3.8/site-packages/airflow/example_dags/example_latest_only_with_trigger.py
[2024-01-30T16:28:25.383+0000] {processor.py:840} INFO - DAG(s) 'latest_only_with_trigger' retrieved from /home/airflow/.local/lib/python3.8/site-packages/airflow/example_dags/example_latest_only_with_trigger.py
[2024-01-30T16:28:25.402+0000] {logging_mixin.py:188} INFO - [2024-01-30T16:28:25.402+0000] {dag.py:3036} INFO - Sync 1 DAGs
[2024-01-30T16:28:25.421+0000] {logging_mixin.py:188} INFO - [2024-01-30T16:28:25.421+0000] {dag.py:3823} INFO - Setting next_dagrun for latest_only_with_trigger to 2024-01-30 12:00:00+00:00, run_after=2024-01-30 16:00:00+00:00
[2024-01-30T16:28:25.439+0000] {processor.py:183} INFO - Processing /home/airflow/.local/lib/python3.8/site-packages/airflow/example_dags/example_latest_only_with_trigger.py took 0.066 seconds
[2024-01-30T16:28:56.101+0000] {processor.py:161} INFO - Started process (PID=337) to work on /home/airflow/.local/lib/python3.8/site-packages/airflow/example_dags/example_latest_only_with_trigger.py
[2024-01-30T16:28:56.102+0000] {processor.py:830} INFO - Processing file /home/airflow/.local/lib/python3.8/site-packages/airflow/example_dags/example_latest_only_with_trigger.py for tasks to queue
[2024-01-30T16:28:56.104+0000] {logging_mixin.py:188} INFO - [2024-01-30T16:28:56.104+0000] {dagbag.py:538} INFO - Filling up the DagBag from /home/airflow/.local/lib/python3.8/site-packages/airflow/example_dags/example_latest_only_with_trigger.py
[2024-01-30T16:28:56.109+0000] {processor.py:840} INFO - DAG(s) 'latest_only_with_trigger' retrieved from /home/airflow/.local/lib/python3.8/site-packages/airflow/example_dags/example_latest_only_with_trigger.py
[2024-01-30T16:28:56.130+0000] {logging_mixin.py:188} INFO - [2024-01-30T16:28:56.130+0000] {dag.py:3036} INFO - Sync 1 DAGs
[2024-01-30T16:28:56.150+0000] {logging_mixin.py:188} INFO - [2024-01-30T16:28:56.150+0000] {dag.py:3823} INFO - Setting next_dagrun for latest_only_with_trigger to 2024-01-30 12:00:00+00:00, run_after=2024-01-30 16:00:00+00:00
[2024-01-30T16:28:56.170+0000] {processor.py:183} INFO - Processing /home/airflow/.local/lib/python3.8/site-packages/airflow/example_dags/example_latest_only_with_trigger.py took 0.072 seconds
[2024-01-30T16:29:26.782+0000] {processor.py:161} INFO - Started process (PID=392) to work on /home/airflow/.local/lib/python3.8/site-packages/airflow/example_dags/example_latest_only_with_trigger.py
[2024-01-30T16:29:26.782+0000] {processor.py:830} INFO - Processing file /home/airflow/.local/lib/python3.8/site-packages/airflow/example_dags/example_latest_only_with_trigger.py for tasks to queue
[2024-01-30T16:29:26.784+0000] {logging_mixin.py:188} INFO - [2024-01-30T16:29:26.784+0000] {dagbag.py:538} INFO - Filling up the DagBag from /home/airflow/.local/lib/python3.8/site-packages/airflow/example_dags/example_latest_only_with_trigger.py
[2024-01-30T16:29:26.789+0000] {processor.py:840} INFO - DAG(s) 'latest_only_with_trigger' retrieved from /home/airflow/.local/lib/python3.8/site-packages/airflow/example_dags/example_latest_only_with_trigger.py
[2024-01-30T16:29:26.808+0000] {logging_mixin.py:188} INFO - [2024-01-30T16:29:26.808+0000] {dag.py:3036} INFO - Sync 1 DAGs
[2024-01-30T16:29:26.827+0000] {logging_mixin.py:188} INFO - [2024-01-30T16:29:26.827+0000] {dag.py:3823} INFO - Setting next_dagrun for latest_only_with_trigger to 2024-01-30 12:00:00+00:00, run_after=2024-01-30 16:00:00+00:00
[2024-01-30T16:29:26.846+0000] {processor.py:183} INFO - Processing /home/airflow/.local/lib/python3.8/site-packages/airflow/example_dags/example_latest_only_with_trigger.py took 0.067 seconds
[2024-01-30T16:29:57.468+0000] {processor.py:161} INFO - Started process (PID=447) to work on /home/airflow/.local/lib/python3.8/site-packages/airflow/example_dags/example_latest_only_with_trigger.py
[2024-01-30T16:29:57.470+0000] {processor.py:830} INFO - Processing file /home/airflow/.local/lib/python3.8/site-packages/airflow/example_dags/example_latest_only_with_trigger.py for tasks to queue
[2024-01-30T16:29:57.471+0000] {logging_mixin.py:188} INFO - [2024-01-30T16:29:57.471+0000] {dagbag.py:538} INFO - Filling up the DagBag from /home/airflow/.local/lib/python3.8/site-packages/airflow/example_dags/example_latest_only_with_trigger.py
[2024-01-30T16:29:57.476+0000] {processor.py:840} INFO - DAG(s) 'latest_only_with_trigger' retrieved from /home/airflow/.local/lib/python3.8/site-packages/airflow/example_dags/example_latest_only_with_trigger.py
[2024-01-30T16:29:57.495+0000] {logging_mixin.py:188} INFO - [2024-01-30T16:29:57.495+0000] {dag.py:3036} INFO - Sync 1 DAGs
[2024-01-30T16:29:57.514+0000] {logging_mixin.py:188} INFO - [2024-01-30T16:29:57.513+0000] {dag.py:3823} INFO - Setting next_dagrun for latest_only_with_trigger to 2024-01-30 12:00:00+00:00, run_after=2024-01-30 16:00:00+00:00
[2024-01-30T16:29:57.532+0000] {processor.py:183} INFO - Processing /home/airflow/.local/lib/python3.8/site-packages/airflow/example_dags/example_latest_only_with_trigger.py took 0.066 seconds
[2024-01-30T16:30:28.279+0000] {processor.py:161} INFO - Started process (PID=502) to work on /home/airflow/.local/lib/python3.8/site-packages/airflow/example_dags/example_latest_only_with_trigger.py
[2024-01-30T16:30:28.280+0000] {processor.py:830} INFO - Processing file /home/airflow/.local/lib/python3.8/site-packages/airflow/example_dags/example_latest_only_with_trigger.py for tasks to queue
[2024-01-30T16:30:28.281+0000] {logging_mixin.py:188} INFO - [2024-01-30T16:30:28.281+0000] {dagbag.py:538} INFO - Filling up the DagBag from /home/airflow/.local/lib/python3.8/site-packages/airflow/example_dags/example_latest_only_with_trigger.py
[2024-01-30T16:30:28.286+0000] {processor.py:840} INFO - DAG(s) 'latest_only_with_trigger' retrieved from /home/airflow/.local/lib/python3.8/site-packages/airflow/example_dags/example_latest_only_with_trigger.py
[2024-01-30T16:30:28.306+0000] {logging_mixin.py:188} INFO - [2024-01-30T16:30:28.305+0000] {dag.py:3036} INFO - Sync 1 DAGs
[2024-01-30T16:30:28.325+0000] {logging_mixin.py:188} INFO - [2024-01-30T16:30:28.325+0000] {dag.py:3823} INFO - Setting next_dagrun for latest_only_with_trigger to 2024-01-30 12:00:00+00:00, run_after=2024-01-30 16:00:00+00:00
[2024-01-30T16:30:28.344+0000] {processor.py:183} INFO - Processing /home/airflow/.local/lib/python3.8/site-packages/airflow/example_dags/example_latest_only_with_trigger.py took 0.068 seconds
[2024-01-30T16:30:58.745+0000] {processor.py:161} INFO - Started process (PID=557) to work on /home/airflow/.local/lib/python3.8/site-packages/airflow/example_dags/example_latest_only_with_trigger.py
[2024-01-30T16:30:58.748+0000] {processor.py:830} INFO - Processing file /home/airflow/.local/lib/python3.8/site-packages/airflow/example_dags/example_latest_only_with_trigger.py for tasks to queue
[2024-01-30T16:30:58.753+0000] {logging_mixin.py:188} INFO - [2024-01-30T16:30:58.752+0000] {dagbag.py:538} INFO - Filling up the DagBag from /home/airflow/.local/lib/python3.8/site-packages/airflow/example_dags/example_latest_only_with_trigger.py
[2024-01-30T16:30:58.767+0000] {processor.py:840} INFO - DAG(s) 'latest_only_with_trigger' retrieved from /home/airflow/.local/lib/python3.8/site-packages/airflow/example_dags/example_latest_only_with_trigger.py
[2024-01-30T16:30:58.810+0000] {logging_mixin.py:188} INFO - [2024-01-30T16:30:58.809+0000] {dag.py:3036} INFO - Sync 1 DAGs
[2024-01-30T16:30:58.843+0000] {logging_mixin.py:188} INFO - [2024-01-30T16:30:58.843+0000] {dag.py:3823} INFO - Setting next_dagrun for latest_only_with_trigger to 2024-01-30 12:00:00+00:00, run_after=2024-01-30 16:00:00+00:00
[2024-01-30T16:30:58.874+0000] {processor.py:183} INFO - Processing /home/airflow/.local/lib/python3.8/site-packages/airflow/example_dags/example_latest_only_with_trigger.py took 0.137 seconds
[2024-01-30T16:31:28.924+0000] {processor.py:161} INFO - Started process (PID=612) to work on /home/airflow/.local/lib/python3.8/site-packages/airflow/example_dags/example_latest_only_with_trigger.py
[2024-01-30T16:31:28.925+0000] {processor.py:830} INFO - Processing file /home/airflow/.local/lib/python3.8/site-packages/airflow/example_dags/example_latest_only_with_trigger.py for tasks to queue
[2024-01-30T16:31:28.927+0000] {logging_mixin.py:188} INFO - [2024-01-30T16:31:28.926+0000] {dagbag.py:538} INFO - Filling up the DagBag from /home/airflow/.local/lib/python3.8/site-packages/airflow/example_dags/example_latest_only_with_trigger.py
[2024-01-30T16:31:28.932+0000] {processor.py:840} INFO - DAG(s) 'latest_only_with_trigger' retrieved from /home/airflow/.local/lib/python3.8/site-packages/airflow/example_dags/example_latest_only_with_trigger.py
[2024-01-30T16:31:28.950+0000] {logging_mixin.py:188} INFO - [2024-01-30T16:31:28.950+0000] {dag.py:3036} INFO - Sync 1 DAGs
[2024-01-30T16:31:28.969+0000] {logging_mixin.py:188} INFO - [2024-01-30T16:31:28.969+0000] {dag.py:3823} INFO - Setting next_dagrun for latest_only_with_trigger to 2024-01-30 12:00:00+00:00, run_after=2024-01-30 16:00:00+00:00
[2024-01-30T16:31:28.989+0000] {processor.py:183} INFO - Processing /home/airflow/.local/lib/python3.8/site-packages/airflow/example_dags/example_latest_only_with_trigger.py took 0.068 seconds
[2024-01-30T16:31:59.258+0000] {processor.py:161} INFO - Started process (PID=667) to work on /home/airflow/.local/lib/python3.8/site-packages/airflow/example_dags/example_latest_only_with_trigger.py
[2024-01-30T16:31:59.259+0000] {processor.py:830} INFO - Processing file /home/airflow/.local/lib/python3.8/site-packages/airflow/example_dags/example_latest_only_with_trigger.py for tasks to queue
[2024-01-30T16:31:59.260+0000] {logging_mixin.py:188} INFO - [2024-01-30T16:31:59.260+0000] {dagbag.py:538} INFO - Filling up the DagBag from /home/airflow/.local/lib/python3.8/site-packages/airflow/example_dags/example_latest_only_with_trigger.py
[2024-01-30T16:31:59.265+0000] {processor.py:840} INFO - DAG(s) 'latest_only_with_trigger' retrieved from /home/airflow/.local/lib/python3.8/site-packages/airflow/example_dags/example_latest_only_with_trigger.py
[2024-01-30T16:31:59.284+0000] {logging_mixin.py:188} INFO - [2024-01-30T16:31:59.284+0000] {dag.py:3036} INFO - Sync 1 DAGs
[2024-01-30T16:31:59.304+0000] {logging_mixin.py:188} INFO - [2024-01-30T16:31:59.304+0000] {dag.py:3823} INFO - Setting next_dagrun for latest_only_with_trigger to 2024-01-30 12:00:00+00:00, run_after=2024-01-30 16:00:00+00:00
[2024-01-30T16:31:59.324+0000] {processor.py:183} INFO - Processing /home/airflow/.local/lib/python3.8/site-packages/airflow/example_dags/example_latest_only_with_trigger.py took 0.069 seconds
[2024-01-30T16:32:29.434+0000] {processor.py:161} INFO - Started process (PID=722) to work on /home/airflow/.local/lib/python3.8/site-packages/airflow/example_dags/example_latest_only_with_trigger.py
[2024-01-30T16:32:29.435+0000] {processor.py:830} INFO - Processing file /home/airflow/.local/lib/python3.8/site-packages/airflow/example_dags/example_latest_only_with_trigger.py for tasks to queue
[2024-01-30T16:32:29.436+0000] {logging_mixin.py:188} INFO - [2024-01-30T16:32:29.436+0000] {dagbag.py:538} INFO - Filling up the DagBag from /home/airflow/.local/lib/python3.8/site-packages/airflow/example_dags/example_latest_only_with_trigger.py
[2024-01-30T16:32:29.441+0000] {processor.py:840} INFO - DAG(s) 'latest_only_with_trigger' retrieved from /home/airflow/.local/lib/python3.8/site-packages/airflow/example_dags/example_latest_only_with_trigger.py
[2024-01-30T16:32:29.460+0000] {logging_mixin.py:188} INFO - [2024-01-30T16:32:29.459+0000] {dag.py:3036} INFO - Sync 1 DAGs
[2024-01-30T16:32:29.478+0000] {logging_mixin.py:188} INFO - [2024-01-30T16:32:29.478+0000] {dag.py:3823} INFO - Setting next_dagrun for latest_only_with_trigger to 2024-01-30 12:00:00+00:00, run_after=2024-01-30 16:00:00+00:00
[2024-01-30T16:32:29.497+0000] {processor.py:183} INFO - Processing /home/airflow/.local/lib/python3.8/site-packages/airflow/example_dags/example_latest_only_with_trigger.py took 0.066 seconds
[2024-01-30T16:32:59.821+0000] {processor.py:161} INFO - Started process (PID=777) to work on /home/airflow/.local/lib/python3.8/site-packages/airflow/example_dags/example_latest_only_with_trigger.py
[2024-01-30T16:32:59.822+0000] {processor.py:830} INFO - Processing file /home/airflow/.local/lib/python3.8/site-packages/airflow/example_dags/example_latest_only_with_trigger.py for tasks to queue
[2024-01-30T16:32:59.824+0000] {logging_mixin.py:188} INFO - [2024-01-30T16:32:59.824+0000] {dagbag.py:538} INFO - Filling up the DagBag from /home/airflow/.local/lib/python3.8/site-packages/airflow/example_dags/example_latest_only_with_trigger.py
[2024-01-30T16:32:59.829+0000] {processor.py:840} INFO - DAG(s) 'latest_only_with_trigger' retrieved from /home/airflow/.local/lib/python3.8/site-packages/airflow/example_dags/example_latest_only_with_trigger.py
[2024-01-30T16:32:59.848+0000] {logging_mixin.py:188} INFO - [2024-01-30T16:32:59.848+0000] {dag.py:3036} INFO - Sync 1 DAGs
[2024-01-30T16:32:59.869+0000] {logging_mixin.py:188} INFO - [2024-01-30T16:32:59.868+0000] {dag.py:3823} INFO - Setting next_dagrun for latest_only_with_trigger to 2024-01-30 12:00:00+00:00, run_after=2024-01-30 16:00:00+00:00
[2024-01-30T16:32:59.888+0000] {processor.py:183} INFO - Processing /home/airflow/.local/lib/python3.8/site-packages/airflow/example_dags/example_latest_only_with_trigger.py took 0.069 seconds
[2024-01-30T16:33:30.112+0000] {processor.py:161} INFO - Started process (PID=832) to work on /home/airflow/.local/lib/python3.8/site-packages/airflow/example_dags/example_latest_only_with_trigger.py
[2024-01-30T16:33:30.114+0000] {processor.py:830} INFO - Processing file /home/airflow/.local/lib/python3.8/site-packages/airflow/example_dags/example_latest_only_with_trigger.py for tasks to queue
[2024-01-30T16:33:30.115+0000] {logging_mixin.py:188} INFO - [2024-01-30T16:33:30.115+0000] {dagbag.py:538} INFO - Filling up the DagBag from /home/airflow/.local/lib/python3.8/site-packages/airflow/example_dags/example_latest_only_with_trigger.py
[2024-01-30T16:33:30.121+0000] {processor.py:840} INFO - DAG(s) 'latest_only_with_trigger' retrieved from /home/airflow/.local/lib/python3.8/site-packages/airflow/example_dags/example_latest_only_with_trigger.py
[2024-01-30T16:33:30.140+0000] {logging_mixin.py:188} INFO - [2024-01-30T16:33:30.140+0000] {dag.py:3036} INFO - Sync 1 DAGs
[2024-01-30T16:33:30.160+0000] {logging_mixin.py:188} INFO - [2024-01-30T16:33:30.159+0000] {dag.py:3823} INFO - Setting next_dagrun for latest_only_with_trigger to 2024-01-30 12:00:00+00:00, run_after=2024-01-30 16:00:00+00:00
[2024-01-30T16:33:30.186+0000] {processor.py:183} INFO - Processing /home/airflow/.local/lib/python3.8/site-packages/airflow/example_dags/example_latest_only_with_trigger.py took 0.076 seconds
[2024-01-30T16:34:00.484+0000] {processor.py:161} INFO - Started process (PID=887) to work on /home/airflow/.local/lib/python3.8/site-packages/airflow/example_dags/example_latest_only_with_trigger.py
[2024-01-30T16:34:00.485+0000] {processor.py:830} INFO - Processing file /home/airflow/.local/lib/python3.8/site-packages/airflow/example_dags/example_latest_only_with_trigger.py for tasks to queue
[2024-01-30T16:34:00.487+0000] {logging_mixin.py:188} INFO - [2024-01-30T16:34:00.487+0000] {dagbag.py:538} INFO - Filling up the DagBag from /home/airflow/.local/lib/python3.8/site-packages/airflow/example_dags/example_latest_only_with_trigger.py
[2024-01-30T16:34:00.492+0000] {processor.py:840} INFO - DAG(s) 'latest_only_with_trigger' retrieved from /home/airflow/.local/lib/python3.8/site-packages/airflow/example_dags/example_latest_only_with_trigger.py
[2024-01-30T16:34:00.510+0000] {logging_mixin.py:188} INFO - [2024-01-30T16:34:00.510+0000] {dag.py:3036} INFO - Sync 1 DAGs
[2024-01-30T16:34:00.529+0000] {logging_mixin.py:188} INFO - [2024-01-30T16:34:00.529+0000] {dag.py:3823} INFO - Setting next_dagrun for latest_only_with_trigger to 2024-01-30 12:00:00+00:00, run_after=2024-01-30 16:00:00+00:00
[2024-01-30T16:34:00.548+0000] {processor.py:183} INFO - Processing /home/airflow/.local/lib/python3.8/site-packages/airflow/example_dags/example_latest_only_with_trigger.py took 0.066 seconds
[2024-01-30T16:34:30.847+0000] {processor.py:161} INFO - Started process (PID=942) to work on /home/airflow/.local/lib/python3.8/site-packages/airflow/example_dags/example_latest_only_with_trigger.py
[2024-01-30T16:34:30.848+0000] {processor.py:830} INFO - Processing file /home/airflow/.local/lib/python3.8/site-packages/airflow/example_dags/example_latest_only_with_trigger.py for tasks to queue
[2024-01-30T16:34:30.850+0000] {logging_mixin.py:188} INFO - [2024-01-30T16:34:30.849+0000] {dagbag.py:538} INFO - Filling up the DagBag from /home/airflow/.local/lib/python3.8/site-packages/airflow/example_dags/example_latest_only_with_trigger.py
[2024-01-30T16:34:30.855+0000] {processor.py:840} INFO - DAG(s) 'latest_only_with_trigger' retrieved from /home/airflow/.local/lib/python3.8/site-packages/airflow/example_dags/example_latest_only_with_trigger.py
[2024-01-30T16:34:30.874+0000] {logging_mixin.py:188} INFO - [2024-01-30T16:34:30.874+0000] {dag.py:3036} INFO - Sync 1 DAGs
[2024-01-30T16:34:30.900+0000] {logging_mixin.py:188} INFO - [2024-01-30T16:34:30.900+0000] {dag.py:3823} INFO - Setting next_dagrun for latest_only_with_trigger to 2024-01-30 12:00:00+00:00, run_after=2024-01-30 16:00:00+00:00
[2024-01-30T16:34:30.921+0000] {processor.py:183} INFO - Processing /home/airflow/.local/lib/python3.8/site-packages/airflow/example_dags/example_latest_only_with_trigger.py took 0.077 seconds
[2024-01-30T16:35:01.219+0000] {processor.py:161} INFO - Started process (PID=997) to work on /home/airflow/.local/lib/python3.8/site-packages/airflow/example_dags/example_latest_only_with_trigger.py
[2024-01-30T16:35:01.219+0000] {processor.py:830} INFO - Processing file /home/airflow/.local/lib/python3.8/site-packages/airflow/example_dags/example_latest_only_with_trigger.py for tasks to queue
[2024-01-30T16:35:01.221+0000] {logging_mixin.py:188} INFO - [2024-01-30T16:35:01.221+0000] {dagbag.py:538} INFO - Filling up the DagBag from /home/airflow/.local/lib/python3.8/site-packages/airflow/example_dags/example_latest_only_with_trigger.py
[2024-01-30T16:35:01.226+0000] {processor.py:840} INFO - DAG(s) 'latest_only_with_trigger' retrieved from /home/airflow/.local/lib/python3.8/site-packages/airflow/example_dags/example_latest_only_with_trigger.py
[2024-01-30T16:35:01.245+0000] {logging_mixin.py:188} INFO - [2024-01-30T16:35:01.245+0000] {dag.py:3036} INFO - Sync 1 DAGs
[2024-01-30T16:35:01.264+0000] {logging_mixin.py:188} INFO - [2024-01-30T16:35:01.264+0000] {dag.py:3823} INFO - Setting next_dagrun for latest_only_with_trigger to 2024-01-30 12:00:00+00:00, run_after=2024-01-30 16:00:00+00:00
[2024-01-30T16:35:01.282+0000] {processor.py:183} INFO - Processing /home/airflow/.local/lib/python3.8/site-packages/airflow/example_dags/example_latest_only_with_trigger.py took 0.067 seconds
[2024-01-30T16:35:31.380+0000] {processor.py:161} INFO - Started process (PID=1052) to work on /home/airflow/.local/lib/python3.8/site-packages/airflow/example_dags/example_latest_only_with_trigger.py
[2024-01-30T16:35:31.381+0000] {processor.py:830} INFO - Processing file /home/airflow/.local/lib/python3.8/site-packages/airflow/example_dags/example_latest_only_with_trigger.py for tasks to queue
[2024-01-30T16:35:31.382+0000] {logging_mixin.py:188} INFO - [2024-01-30T16:35:31.382+0000] {dagbag.py:538} INFO - Filling up the DagBag from /home/airflow/.local/lib/python3.8/site-packages/airflow/example_dags/example_latest_only_with_trigger.py
[2024-01-30T16:35:31.388+0000] {processor.py:840} INFO - DAG(s) 'latest_only_with_trigger' retrieved from /home/airflow/.local/lib/python3.8/site-packages/airflow/example_dags/example_latest_only_with_trigger.py
[2024-01-30T16:35:31.406+0000] {logging_mixin.py:188} INFO - [2024-01-30T16:35:31.406+0000] {dag.py:3036} INFO - Sync 1 DAGs
[2024-01-30T16:35:31.426+0000] {logging_mixin.py:188} INFO - [2024-01-30T16:35:31.426+0000] {dag.py:3823} INFO - Setting next_dagrun for latest_only_with_trigger to 2024-01-30 12:00:00+00:00, run_after=2024-01-30 16:00:00+00:00
[2024-01-30T16:35:31.445+0000] {processor.py:183} INFO - Processing /home/airflow/.local/lib/python3.8/site-packages/airflow/example_dags/example_latest_only_with_trigger.py took 0.069 seconds
[2024-01-30T16:36:01.508+0000] {processor.py:161} INFO - Started process (PID=1107) to work on /home/airflow/.local/lib/python3.8/site-packages/airflow/example_dags/example_latest_only_with_trigger.py
[2024-01-30T16:36:01.509+0000] {processor.py:830} INFO - Processing file /home/airflow/.local/lib/python3.8/site-packages/airflow/example_dags/example_latest_only_with_trigger.py for tasks to queue
[2024-01-30T16:36:01.511+0000] {logging_mixin.py:188} INFO - [2024-01-30T16:36:01.510+0000] {dagbag.py:538} INFO - Filling up the DagBag from /home/airflow/.local/lib/python3.8/site-packages/airflow/example_dags/example_latest_only_with_trigger.py
[2024-01-30T16:36:01.515+0000] {processor.py:840} INFO - DAG(s) 'latest_only_with_trigger' retrieved from /home/airflow/.local/lib/python3.8/site-packages/airflow/example_dags/example_latest_only_with_trigger.py
[2024-01-30T16:36:01.540+0000] {logging_mixin.py:188} INFO - [2024-01-30T16:36:01.539+0000] {dag.py:3036} INFO - Sync 1 DAGs
[2024-01-30T16:36:01.565+0000] {logging_mixin.py:188} INFO - [2024-01-30T16:36:01.565+0000] {dag.py:3823} INFO - Setting next_dagrun for latest_only_with_trigger to 2024-01-30 12:00:00+00:00, run_after=2024-01-30 16:00:00+00:00
[2024-01-30T16:36:01.584+0000] {processor.py:183} INFO - Processing /home/airflow/.local/lib/python3.8/site-packages/airflow/example_dags/example_latest_only_with_trigger.py took 0.079 seconds
[2024-01-30T16:36:32.505+0000] {processor.py:161} INFO - Started process (PID=1162) to work on /home/airflow/.local/lib/python3.8/site-packages/airflow/example_dags/example_latest_only_with_trigger.py
[2024-01-30T16:36:32.506+0000] {processor.py:830} INFO - Processing file /home/airflow/.local/lib/python3.8/site-packages/airflow/example_dags/example_latest_only_with_trigger.py for tasks to queue
[2024-01-30T16:36:32.507+0000] {logging_mixin.py:188} INFO - [2024-01-30T16:36:32.507+0000] {dagbag.py:538} INFO - Filling up the DagBag from /home/airflow/.local/lib/python3.8/site-packages/airflow/example_dags/example_latest_only_with_trigger.py
[2024-01-30T16:36:32.513+0000] {processor.py:840} INFO - DAG(s) 'latest_only_with_trigger' retrieved from /home/airflow/.local/lib/python3.8/site-packages/airflow/example_dags/example_latest_only_with_trigger.py
[2024-01-30T16:36:32.535+0000] {logging_mixin.py:188} INFO - [2024-01-30T16:36:32.535+0000] {dag.py:3036} INFO - Sync 1 DAGs
[2024-01-30T16:36:32.560+0000] {logging_mixin.py:188} INFO - [2024-01-30T16:36:32.560+0000] {dag.py:3823} INFO - Setting next_dagrun for latest_only_with_trigger to 2024-01-30 12:00:00+00:00, run_after=2024-01-30 16:00:00+00:00
[2024-01-30T16:36:32.583+0000] {processor.py:183} INFO - Processing /home/airflow/.local/lib/python3.8/site-packages/airflow/example_dags/example_latest_only_with_trigger.py took 0.081 seconds
[2024-01-30T16:37:02.649+0000] {processor.py:161} INFO - Started process (PID=1217) to work on /home/airflow/.local/lib/python3.8/site-packages/airflow/example_dags/example_latest_only_with_trigger.py
[2024-01-30T16:37:02.650+0000] {processor.py:830} INFO - Processing file /home/airflow/.local/lib/python3.8/site-packages/airflow/example_dags/example_latest_only_with_trigger.py for tasks to queue
[2024-01-30T16:37:02.652+0000] {logging_mixin.py:188} INFO - [2024-01-30T16:37:02.651+0000] {dagbag.py:538} INFO - Filling up the DagBag from /home/airflow/.local/lib/python3.8/site-packages/airflow/example_dags/example_latest_only_with_trigger.py
[2024-01-30T16:37:02.657+0000] {processor.py:840} INFO - DAG(s) 'latest_only_with_trigger' retrieved from /home/airflow/.local/lib/python3.8/site-packages/airflow/example_dags/example_latest_only_with_trigger.py
[2024-01-30T16:37:02.680+0000] {logging_mixin.py:188} INFO - [2024-01-30T16:37:02.680+0000] {dag.py:3036} INFO - Sync 1 DAGs
[2024-01-30T16:37:02.709+0000] {logging_mixin.py:188} INFO - [2024-01-30T16:37:02.708+0000] {dag.py:3823} INFO - Setting next_dagrun for latest_only_with_trigger to 2024-01-30 12:00:00+00:00, run_after=2024-01-30 16:00:00+00:00
[2024-01-30T16:37:02.733+0000] {processor.py:183} INFO - Processing /home/airflow/.local/lib/python3.8/site-packages/airflow/example_dags/example_latest_only_with_trigger.py took 0.089 seconds
[2024-01-30T16:37:33.524+0000] {processor.py:161} INFO - Started process (PID=1272) to work on /home/airflow/.local/lib/python3.8/site-packages/airflow/example_dags/example_latest_only_with_trigger.py
[2024-01-30T16:37:33.525+0000] {processor.py:830} INFO - Processing file /home/airflow/.local/lib/python3.8/site-packages/airflow/example_dags/example_latest_only_with_trigger.py for tasks to queue
[2024-01-30T16:37:33.527+0000] {logging_mixin.py:188} INFO - [2024-01-30T16:37:33.527+0000] {dagbag.py:538} INFO - Filling up the DagBag from /home/airflow/.local/lib/python3.8/site-packages/airflow/example_dags/example_latest_only_with_trigger.py
[2024-01-30T16:37:33.532+0000] {processor.py:840} INFO - DAG(s) 'latest_only_with_trigger' retrieved from /home/airflow/.local/lib/python3.8/site-packages/airflow/example_dags/example_latest_only_with_trigger.py
[2024-01-30T16:37:33.551+0000] {logging_mixin.py:188} INFO - [2024-01-30T16:37:33.551+0000] {dag.py:3036} INFO - Sync 1 DAGs
[2024-01-30T16:37:33.571+0000] {logging_mixin.py:188} INFO - [2024-01-30T16:37:33.570+0000] {dag.py:3823} INFO - Setting next_dagrun for latest_only_with_trigger to 2024-01-30 12:00:00+00:00, run_after=2024-01-30 16:00:00+00:00
[2024-01-30T16:37:33.589+0000] {processor.py:183} INFO - Processing /home/airflow/.local/lib/python3.8/site-packages/airflow/example_dags/example_latest_only_with_trigger.py took 0.067 seconds
