[2024-01-30T16:16:26.595+0000] {processor.py:161} INFO - Started process (PID=75) to work on /home/airflow/.local/lib/python3.8/site-packages/airflow/example_dags/example_params_trigger_ui.py
[2024-01-30T16:16:26.596+0000] {processor.py:830} INFO - Processing file /home/airflow/.local/lib/python3.8/site-packages/airflow/example_dags/example_params_trigger_ui.py for tasks to queue
[2024-01-30T16:16:26.598+0000] {logging_mixin.py:188} INFO - [2024-01-30T16:16:26.598+0000] {dagbag.py:538} INFO - Filling up the DagBag from /home/airflow/.local/lib/python3.8/site-packages/airflow/example_dags/example_params_trigger_ui.py
[2024-01-30T16:16:26.615+0000] {processor.py:840} INFO - DAG(s) 'example_params_trigger_ui' retrieved from /home/airflow/.local/lib/python3.8/site-packages/airflow/example_dags/example_params_trigger_ui.py
[2024-01-30T16:16:26.628+0000] {logging_mixin.py:188} INFO - [2024-01-30T16:16:26.627+0000] {dag.py:3036} INFO - Sync 1 DAGs
[2024-01-30T16:16:26.640+0000] {logging_mixin.py:188} INFO - [2024-01-30T16:16:26.640+0000] {dag.py:3823} INFO - Setting next_dagrun for example_params_trigger_ui to None, run_after=None
[2024-01-30T16:16:26.662+0000] {processor.py:183} INFO - Processing /home/airflow/.local/lib/python3.8/site-packages/airflow/example_dags/example_params_trigger_ui.py took 0.071 seconds
[2024-01-30T16:16:58.785+0000] {processor.py:161} INFO - Started process (PID=130) to work on /home/airflow/.local/lib/python3.8/site-packages/airflow/example_dags/example_params_trigger_ui.py
[2024-01-30T16:16:58.786+0000] {processor.py:830} INFO - Processing file /home/airflow/.local/lib/python3.8/site-packages/airflow/example_dags/example_params_trigger_ui.py for tasks to queue
[2024-01-30T16:16:58.787+0000] {logging_mixin.py:188} INFO - [2024-01-30T16:16:58.787+0000] {dagbag.py:538} INFO - Filling up the DagBag from /home/airflow/.local/lib/python3.8/site-packages/airflow/example_dags/example_params_trigger_ui.py
[2024-01-30T16:16:58.800+0000] {processor.py:840} INFO - DAG(s) 'example_params_trigger_ui' retrieved from /home/airflow/.local/lib/python3.8/site-packages/airflow/example_dags/example_params_trigger_ui.py
[2024-01-30T16:16:58.933+0000] {logging_mixin.py:188} INFO - [2024-01-30T16:16:58.933+0000] {dag.py:3036} INFO - Sync 1 DAGs
[2024-01-30T16:16:58.944+0000] {logging_mixin.py:188} INFO - [2024-01-30T16:16:58.944+0000] {dag.py:3823} INFO - Setting next_dagrun for example_params_trigger_ui to None, run_after=None
[2024-01-30T16:16:58.962+0000] {processor.py:183} INFO - Processing /home/airflow/.local/lib/python3.8/site-packages/airflow/example_dags/example_params_trigger_ui.py took 0.180 seconds
[2024-01-30T16:17:29.788+0000] {processor.py:161} INFO - Started process (PID=185) to work on /home/airflow/.local/lib/python3.8/site-packages/airflow/example_dags/example_params_trigger_ui.py
[2024-01-30T16:17:29.789+0000] {processor.py:830} INFO - Processing file /home/airflow/.local/lib/python3.8/site-packages/airflow/example_dags/example_params_trigger_ui.py for tasks to queue
[2024-01-30T16:17:29.791+0000] {logging_mixin.py:188} INFO - [2024-01-30T16:17:29.791+0000] {dagbag.py:538} INFO - Filling up the DagBag from /home/airflow/.local/lib/python3.8/site-packages/airflow/example_dags/example_params_trigger_ui.py
[2024-01-30T16:17:29.803+0000] {processor.py:840} INFO - DAG(s) 'example_params_trigger_ui' retrieved from /home/airflow/.local/lib/python3.8/site-packages/airflow/example_dags/example_params_trigger_ui.py
[2024-01-30T16:17:29.857+0000] {logging_mixin.py:188} INFO - [2024-01-30T16:17:29.857+0000] {dag.py:3036} INFO - Sync 1 DAGs
[2024-01-30T16:17:29.868+0000] {logging_mixin.py:188} INFO - [2024-01-30T16:17:29.867+0000] {dag.py:3823} INFO - Setting next_dagrun for example_params_trigger_ui to None, run_after=None
[2024-01-30T16:17:29.886+0000] {processor.py:183} INFO - Processing /home/airflow/.local/lib/python3.8/site-packages/airflow/example_dags/example_params_trigger_ui.py took 0.100 seconds
[2024-01-30T16:17:59.997+0000] {processor.py:161} INFO - Started process (PID=239) to work on /home/airflow/.local/lib/python3.8/site-packages/airflow/example_dags/example_params_trigger_ui.py
[2024-01-30T16:17:59.998+0000] {processor.py:830} INFO - Processing file /home/airflow/.local/lib/python3.8/site-packages/airflow/example_dags/example_params_trigger_ui.py for tasks to queue
[2024-01-30T16:18:00.000+0000] {logging_mixin.py:188} INFO - [2024-01-30T16:18:00.000+0000] {dagbag.py:538} INFO - Filling up the DagBag from /home/airflow/.local/lib/python3.8/site-packages/airflow/example_dags/example_params_trigger_ui.py
[2024-01-30T16:18:00.013+0000] {processor.py:840} INFO - DAG(s) 'example_params_trigger_ui' retrieved from /home/airflow/.local/lib/python3.8/site-packages/airflow/example_dags/example_params_trigger_ui.py
[2024-01-30T16:18:00.067+0000] {logging_mixin.py:188} INFO - [2024-01-30T16:18:00.067+0000] {dag.py:3036} INFO - Sync 1 DAGs
[2024-01-30T16:18:00.078+0000] {logging_mixin.py:188} INFO - [2024-01-30T16:18:00.077+0000] {dag.py:3823} INFO - Setting next_dagrun for example_params_trigger_ui to None, run_after=None
[2024-01-30T16:18:00.097+0000] {processor.py:183} INFO - Processing /home/airflow/.local/lib/python3.8/site-packages/airflow/example_dags/example_params_trigger_ui.py took 0.102 seconds
[2024-01-30T16:18:31.024+0000] {processor.py:161} INFO - Started process (PID=295) to work on /home/airflow/.local/lib/python3.8/site-packages/airflow/example_dags/example_params_trigger_ui.py
[2024-01-30T16:18:31.025+0000] {processor.py:830} INFO - Processing file /home/airflow/.local/lib/python3.8/site-packages/airflow/example_dags/example_params_trigger_ui.py for tasks to queue
[2024-01-30T16:18:31.027+0000] {logging_mixin.py:188} INFO - [2024-01-30T16:18:31.027+0000] {dagbag.py:538} INFO - Filling up the DagBag from /home/airflow/.local/lib/python3.8/site-packages/airflow/example_dags/example_params_trigger_ui.py
[2024-01-30T16:18:31.039+0000] {processor.py:840} INFO - DAG(s) 'example_params_trigger_ui' retrieved from /home/airflow/.local/lib/python3.8/site-packages/airflow/example_dags/example_params_trigger_ui.py
[2024-01-30T16:18:31.092+0000] {logging_mixin.py:188} INFO - [2024-01-30T16:18:31.091+0000] {dag.py:3036} INFO - Sync 1 DAGs
[2024-01-30T16:18:31.102+0000] {logging_mixin.py:188} INFO - [2024-01-30T16:18:31.102+0000] {dag.py:3823} INFO - Setting next_dagrun for example_params_trigger_ui to None, run_after=None
[2024-01-30T16:18:31.121+0000] {processor.py:183} INFO - Processing /home/airflow/.local/lib/python3.8/site-packages/airflow/example_dags/example_params_trigger_ui.py took 0.100 seconds
[2024-01-30T16:19:01.746+0000] {processor.py:161} INFO - Started process (PID=350) to work on /home/airflow/.local/lib/python3.8/site-packages/airflow/example_dags/example_params_trigger_ui.py
[2024-01-30T16:19:01.747+0000] {processor.py:830} INFO - Processing file /home/airflow/.local/lib/python3.8/site-packages/airflow/example_dags/example_params_trigger_ui.py for tasks to queue
[2024-01-30T16:19:01.749+0000] {logging_mixin.py:188} INFO - [2024-01-30T16:19:01.749+0000] {dagbag.py:538} INFO - Filling up the DagBag from /home/airflow/.local/lib/python3.8/site-packages/airflow/example_dags/example_params_trigger_ui.py
[2024-01-30T16:19:01.761+0000] {processor.py:840} INFO - DAG(s) 'example_params_trigger_ui' retrieved from /home/airflow/.local/lib/python3.8/site-packages/airflow/example_dags/example_params_trigger_ui.py
[2024-01-30T16:19:01.815+0000] {logging_mixin.py:188} INFO - [2024-01-30T16:19:01.815+0000] {dag.py:3036} INFO - Sync 1 DAGs
[2024-01-30T16:19:01.825+0000] {logging_mixin.py:188} INFO - [2024-01-30T16:19:01.825+0000] {dag.py:3823} INFO - Setting next_dagrun for example_params_trigger_ui to None, run_after=None
[2024-01-30T16:19:01.844+0000] {processor.py:183} INFO - Processing /home/airflow/.local/lib/python3.8/site-packages/airflow/example_dags/example_params_trigger_ui.py took 0.100 seconds
[2024-01-30T16:19:32.301+0000] {processor.py:161} INFO - Started process (PID=405) to work on /home/airflow/.local/lib/python3.8/site-packages/airflow/example_dags/example_params_trigger_ui.py
[2024-01-30T16:19:32.302+0000] {processor.py:830} INFO - Processing file /home/airflow/.local/lib/python3.8/site-packages/airflow/example_dags/example_params_trigger_ui.py for tasks to queue
[2024-01-30T16:19:32.304+0000] {logging_mixin.py:188} INFO - [2024-01-30T16:19:32.304+0000] {dagbag.py:538} INFO - Filling up the DagBag from /home/airflow/.local/lib/python3.8/site-packages/airflow/example_dags/example_params_trigger_ui.py
[2024-01-30T16:19:32.316+0000] {processor.py:840} INFO - DAG(s) 'example_params_trigger_ui' retrieved from /home/airflow/.local/lib/python3.8/site-packages/airflow/example_dags/example_params_trigger_ui.py
[2024-01-30T16:19:32.370+0000] {logging_mixin.py:188} INFO - [2024-01-30T16:19:32.370+0000] {dag.py:3036} INFO - Sync 1 DAGs
[2024-01-30T16:19:32.382+0000] {logging_mixin.py:188} INFO - [2024-01-30T16:19:32.382+0000] {dag.py:3823} INFO - Setting next_dagrun for example_params_trigger_ui to None, run_after=None
[2024-01-30T16:19:32.401+0000] {processor.py:183} INFO - Processing /home/airflow/.local/lib/python3.8/site-packages/airflow/example_dags/example_params_trigger_ui.py took 0.102 seconds
[2024-01-30T16:20:03.046+0000] {processor.py:161} INFO - Started process (PID=460) to work on /home/airflow/.local/lib/python3.8/site-packages/airflow/example_dags/example_params_trigger_ui.py
[2024-01-30T16:20:03.047+0000] {processor.py:830} INFO - Processing file /home/airflow/.local/lib/python3.8/site-packages/airflow/example_dags/example_params_trigger_ui.py for tasks to queue
[2024-01-30T16:20:03.049+0000] {logging_mixin.py:188} INFO - [2024-01-30T16:20:03.048+0000] {dagbag.py:538} INFO - Filling up the DagBag from /home/airflow/.local/lib/python3.8/site-packages/airflow/example_dags/example_params_trigger_ui.py
[2024-01-30T16:20:03.061+0000] {processor.py:840} INFO - DAG(s) 'example_params_trigger_ui' retrieved from /home/airflow/.local/lib/python3.8/site-packages/airflow/example_dags/example_params_trigger_ui.py
[2024-01-30T16:20:03.115+0000] {logging_mixin.py:188} INFO - [2024-01-30T16:20:03.115+0000] {dag.py:3036} INFO - Sync 1 DAGs
[2024-01-30T16:20:03.126+0000] {logging_mixin.py:188} INFO - [2024-01-30T16:20:03.125+0000] {dag.py:3823} INFO - Setting next_dagrun for example_params_trigger_ui to None, run_after=None
[2024-01-30T16:20:03.144+0000] {processor.py:183} INFO - Processing /home/airflow/.local/lib/python3.8/site-packages/airflow/example_dags/example_params_trigger_ui.py took 0.101 seconds
[2024-01-30T16:20:33.739+0000] {processor.py:161} INFO - Started process (PID=515) to work on /home/airflow/.local/lib/python3.8/site-packages/airflow/example_dags/example_params_trigger_ui.py
[2024-01-30T16:20:33.740+0000] {processor.py:830} INFO - Processing file /home/airflow/.local/lib/python3.8/site-packages/airflow/example_dags/example_params_trigger_ui.py for tasks to queue
[2024-01-30T16:20:33.742+0000] {logging_mixin.py:188} INFO - [2024-01-30T16:20:33.742+0000] {dagbag.py:538} INFO - Filling up the DagBag from /home/airflow/.local/lib/python3.8/site-packages/airflow/example_dags/example_params_trigger_ui.py
[2024-01-30T16:20:33.754+0000] {processor.py:840} INFO - DAG(s) 'example_params_trigger_ui' retrieved from /home/airflow/.local/lib/python3.8/site-packages/airflow/example_dags/example_params_trigger_ui.py
[2024-01-30T16:20:33.807+0000] {logging_mixin.py:188} INFO - [2024-01-30T16:20:33.807+0000] {dag.py:3036} INFO - Sync 1 DAGs
[2024-01-30T16:20:33.818+0000] {logging_mixin.py:188} INFO - [2024-01-30T16:20:33.817+0000] {dag.py:3823} INFO - Setting next_dagrun for example_params_trigger_ui to None, run_after=None
[2024-01-30T16:20:33.837+0000] {processor.py:183} INFO - Processing /home/airflow/.local/lib/python3.8/site-packages/airflow/example_dags/example_params_trigger_ui.py took 0.101 seconds
[2024-01-30T16:21:04.576+0000] {processor.py:161} INFO - Started process (PID=570) to work on /home/airflow/.local/lib/python3.8/site-packages/airflow/example_dags/example_params_trigger_ui.py
[2024-01-30T16:21:04.577+0000] {processor.py:830} INFO - Processing file /home/airflow/.local/lib/python3.8/site-packages/airflow/example_dags/example_params_trigger_ui.py for tasks to queue
[2024-01-30T16:21:04.578+0000] {logging_mixin.py:188} INFO - [2024-01-30T16:21:04.578+0000] {dagbag.py:538} INFO - Filling up the DagBag from /home/airflow/.local/lib/python3.8/site-packages/airflow/example_dags/example_params_trigger_ui.py
[2024-01-30T16:21:04.590+0000] {processor.py:840} INFO - DAG(s) 'example_params_trigger_ui' retrieved from /home/airflow/.local/lib/python3.8/site-packages/airflow/example_dags/example_params_trigger_ui.py
[2024-01-30T16:21:04.644+0000] {logging_mixin.py:188} INFO - [2024-01-30T16:21:04.644+0000] {dag.py:3036} INFO - Sync 1 DAGs
[2024-01-30T16:21:04.655+0000] {logging_mixin.py:188} INFO - [2024-01-30T16:21:04.654+0000] {dag.py:3823} INFO - Setting next_dagrun for example_params_trigger_ui to None, run_after=None
[2024-01-30T16:21:04.676+0000] {processor.py:183} INFO - Processing /home/airflow/.local/lib/python3.8/site-packages/airflow/example_dags/example_params_trigger_ui.py took 0.103 seconds
[2024-01-30T16:21:34.745+0000] {processor.py:161} INFO - Started process (PID=625) to work on /home/airflow/.local/lib/python3.8/site-packages/airflow/example_dags/example_params_trigger_ui.py
[2024-01-30T16:21:34.746+0000] {processor.py:830} INFO - Processing file /home/airflow/.local/lib/python3.8/site-packages/airflow/example_dags/example_params_trigger_ui.py for tasks to queue
[2024-01-30T16:21:34.748+0000] {logging_mixin.py:188} INFO - [2024-01-30T16:21:34.748+0000] {dagbag.py:538} INFO - Filling up the DagBag from /home/airflow/.local/lib/python3.8/site-packages/airflow/example_dags/example_params_trigger_ui.py
[2024-01-30T16:21:34.764+0000] {processor.py:840} INFO - DAG(s) 'example_params_trigger_ui' retrieved from /home/airflow/.local/lib/python3.8/site-packages/airflow/example_dags/example_params_trigger_ui.py
[2024-01-30T16:21:34.821+0000] {logging_mixin.py:188} INFO - [2024-01-30T16:21:34.821+0000] {dag.py:3036} INFO - Sync 1 DAGs
[2024-01-30T16:21:34.833+0000] {logging_mixin.py:188} INFO - [2024-01-30T16:21:34.832+0000] {dag.py:3823} INFO - Setting next_dagrun for example_params_trigger_ui to None, run_after=None
[2024-01-30T16:21:34.852+0000] {processor.py:183} INFO - Processing /home/airflow/.local/lib/python3.8/site-packages/airflow/example_dags/example_params_trigger_ui.py took 0.110 seconds
[2024-01-30T16:22:04.907+0000] {processor.py:161} INFO - Started process (PID=679) to work on /home/airflow/.local/lib/python3.8/site-packages/airflow/example_dags/example_params_trigger_ui.py
[2024-01-30T16:22:04.908+0000] {processor.py:830} INFO - Processing file /home/airflow/.local/lib/python3.8/site-packages/airflow/example_dags/example_params_trigger_ui.py for tasks to queue
[2024-01-30T16:22:04.910+0000] {logging_mixin.py:188} INFO - [2024-01-30T16:22:04.909+0000] {dagbag.py:538} INFO - Filling up the DagBag from /home/airflow/.local/lib/python3.8/site-packages/airflow/example_dags/example_params_trigger_ui.py
[2024-01-30T16:22:04.922+0000] {processor.py:840} INFO - DAG(s) 'example_params_trigger_ui' retrieved from /home/airflow/.local/lib/python3.8/site-packages/airflow/example_dags/example_params_trigger_ui.py
[2024-01-30T16:22:04.979+0000] {logging_mixin.py:188} INFO - [2024-01-30T16:22:04.979+0000] {dag.py:3036} INFO - Sync 1 DAGs
[2024-01-30T16:22:04.992+0000] {logging_mixin.py:188} INFO - [2024-01-30T16:22:04.991+0000] {dag.py:3823} INFO - Setting next_dagrun for example_params_trigger_ui to None, run_after=None
[2024-01-30T16:22:05.013+0000] {processor.py:183} INFO - Processing /home/airflow/.local/lib/python3.8/site-packages/airflow/example_dags/example_params_trigger_ui.py took 0.109 seconds
[2024-01-30T16:22:35.082+0000] {processor.py:161} INFO - Started process (PID=734) to work on /home/airflow/.local/lib/python3.8/site-packages/airflow/example_dags/example_params_trigger_ui.py
[2024-01-30T16:22:35.083+0000] {processor.py:830} INFO - Processing file /home/airflow/.local/lib/python3.8/site-packages/airflow/example_dags/example_params_trigger_ui.py for tasks to queue
[2024-01-30T16:22:35.085+0000] {logging_mixin.py:188} INFO - [2024-01-30T16:22:35.085+0000] {dagbag.py:538} INFO - Filling up the DagBag from /home/airflow/.local/lib/python3.8/site-packages/airflow/example_dags/example_params_trigger_ui.py
[2024-01-30T16:22:35.097+0000] {processor.py:840} INFO - DAG(s) 'example_params_trigger_ui' retrieved from /home/airflow/.local/lib/python3.8/site-packages/airflow/example_dags/example_params_trigger_ui.py
[2024-01-30T16:22:35.153+0000] {logging_mixin.py:188} INFO - [2024-01-30T16:22:35.153+0000] {dag.py:3036} INFO - Sync 1 DAGs
[2024-01-30T16:22:35.164+0000] {logging_mixin.py:188} INFO - [2024-01-30T16:22:35.164+0000] {dag.py:3823} INFO - Setting next_dagrun for example_params_trigger_ui to None, run_after=None
[2024-01-30T16:22:35.183+0000] {processor.py:183} INFO - Processing /home/airflow/.local/lib/python3.8/site-packages/airflow/example_dags/example_params_trigger_ui.py took 0.104 seconds
[2024-01-30T16:23:05.315+0000] {processor.py:161} INFO - Started process (PID=789) to work on /home/airflow/.local/lib/python3.8/site-packages/airflow/example_dags/example_params_trigger_ui.py
[2024-01-30T16:23:05.316+0000] {processor.py:830} INFO - Processing file /home/airflow/.local/lib/python3.8/site-packages/airflow/example_dags/example_params_trigger_ui.py for tasks to queue
[2024-01-30T16:23:05.317+0000] {logging_mixin.py:188} INFO - [2024-01-30T16:23:05.317+0000] {dagbag.py:538} INFO - Filling up the DagBag from /home/airflow/.local/lib/python3.8/site-packages/airflow/example_dags/example_params_trigger_ui.py
[2024-01-30T16:23:05.330+0000] {processor.py:840} INFO - DAG(s) 'example_params_trigger_ui' retrieved from /home/airflow/.local/lib/python3.8/site-packages/airflow/example_dags/example_params_trigger_ui.py
[2024-01-30T16:23:05.384+0000] {logging_mixin.py:188} INFO - [2024-01-30T16:23:05.384+0000] {dag.py:3036} INFO - Sync 1 DAGs
[2024-01-30T16:23:05.395+0000] {logging_mixin.py:188} INFO - [2024-01-30T16:23:05.395+0000] {dag.py:3823} INFO - Setting next_dagrun for example_params_trigger_ui to None, run_after=None
[2024-01-30T16:23:05.412+0000] {processor.py:183} INFO - Processing /home/airflow/.local/lib/python3.8/site-packages/airflow/example_dags/example_params_trigger_ui.py took 0.101 seconds
[2024-01-30T16:23:35.979+0000] {processor.py:161} INFO - Started process (PID=844) to work on /home/airflow/.local/lib/python3.8/site-packages/airflow/example_dags/example_params_trigger_ui.py
[2024-01-30T16:23:35.980+0000] {processor.py:830} INFO - Processing file /home/airflow/.local/lib/python3.8/site-packages/airflow/example_dags/example_params_trigger_ui.py for tasks to queue
[2024-01-30T16:23:35.982+0000] {logging_mixin.py:188} INFO - [2024-01-30T16:23:35.982+0000] {dagbag.py:538} INFO - Filling up the DagBag from /home/airflow/.local/lib/python3.8/site-packages/airflow/example_dags/example_params_trigger_ui.py
[2024-01-30T16:23:35.995+0000] {processor.py:840} INFO - DAG(s) 'example_params_trigger_ui' retrieved from /home/airflow/.local/lib/python3.8/site-packages/airflow/example_dags/example_params_trigger_ui.py
[2024-01-30T16:23:36.052+0000] {logging_mixin.py:188} INFO - [2024-01-30T16:23:36.052+0000] {dag.py:3036} INFO - Sync 1 DAGs
[2024-01-30T16:23:36.063+0000] {logging_mixin.py:188} INFO - [2024-01-30T16:23:36.063+0000] {dag.py:3823} INFO - Setting next_dagrun for example_params_trigger_ui to None, run_after=None
[2024-01-30T16:23:36.089+0000] {processor.py:183} INFO - Processing /home/airflow/.local/lib/python3.8/site-packages/airflow/example_dags/example_params_trigger_ui.py took 0.113 seconds
[2024-01-30T16:24:43.150+0000] {processor.py:161} INFO - Started process (PID=75) to work on /home/airflow/.local/lib/python3.8/site-packages/airflow/example_dags/example_params_trigger_ui.py
[2024-01-30T16:24:43.151+0000] {processor.py:830} INFO - Processing file /home/airflow/.local/lib/python3.8/site-packages/airflow/example_dags/example_params_trigger_ui.py for tasks to queue
[2024-01-30T16:24:43.153+0000] {logging_mixin.py:188} INFO - [2024-01-30T16:24:43.152+0000] {dagbag.py:538} INFO - Filling up the DagBag from /home/airflow/.local/lib/python3.8/site-packages/airflow/example_dags/example_params_trigger_ui.py
[2024-01-30T16:24:43.165+0000] {processor.py:840} INFO - DAG(s) 'example_params_trigger_ui' retrieved from /home/airflow/.local/lib/python3.8/site-packages/airflow/example_dags/example_params_trigger_ui.py
[2024-01-30T16:24:43.176+0000] {logging_mixin.py:188} INFO - [2024-01-30T16:24:43.176+0000] {dag.py:3036} INFO - Sync 1 DAGs
[2024-01-30T16:24:43.188+0000] {logging_mixin.py:188} INFO - [2024-01-30T16:24:43.187+0000] {dag.py:3823} INFO - Setting next_dagrun for example_params_trigger_ui to None, run_after=None
[2024-01-30T16:24:43.207+0000] {processor.py:183} INFO - Processing /home/airflow/.local/lib/python3.8/site-packages/airflow/example_dags/example_params_trigger_ui.py took 0.060 seconds
[2024-01-30T16:25:15.152+0000] {processor.py:161} INFO - Started process (PID=130) to work on /home/airflow/.local/lib/python3.8/site-packages/airflow/example_dags/example_params_trigger_ui.py
[2024-01-30T16:25:15.153+0000] {processor.py:830} INFO - Processing file /home/airflow/.local/lib/python3.8/site-packages/airflow/example_dags/example_params_trigger_ui.py for tasks to queue
[2024-01-30T16:25:15.155+0000] {logging_mixin.py:188} INFO - [2024-01-30T16:25:15.154+0000] {dagbag.py:538} INFO - Filling up the DagBag from /home/airflow/.local/lib/python3.8/site-packages/airflow/example_dags/example_params_trigger_ui.py
[2024-01-30T16:25:15.167+0000] {processor.py:840} INFO - DAG(s) 'example_params_trigger_ui' retrieved from /home/airflow/.local/lib/python3.8/site-packages/airflow/example_dags/example_params_trigger_ui.py
[2024-01-30T16:25:15.299+0000] {logging_mixin.py:188} INFO - [2024-01-30T16:25:15.299+0000] {dag.py:3036} INFO - Sync 1 DAGs
[2024-01-30T16:25:15.310+0000] {logging_mixin.py:188} INFO - [2024-01-30T16:25:15.309+0000] {dag.py:3823} INFO - Setting next_dagrun for example_params_trigger_ui to None, run_after=None
[2024-01-30T16:25:15.330+0000] {processor.py:183} INFO - Processing /home/airflow/.local/lib/python3.8/site-packages/airflow/example_dags/example_params_trigger_ui.py took 0.181 seconds
[2024-01-30T16:26:21.918+0000] {processor.py:161} INFO - Started process (PID=75) to work on /home/airflow/.local/lib/python3.8/site-packages/airflow/example_dags/example_params_trigger_ui.py
[2024-01-30T16:26:21.919+0000] {processor.py:830} INFO - Processing file /home/airflow/.local/lib/python3.8/site-packages/airflow/example_dags/example_params_trigger_ui.py for tasks to queue
[2024-01-30T16:26:21.921+0000] {logging_mixin.py:188} INFO - [2024-01-30T16:26:21.920+0000] {dagbag.py:538} INFO - Filling up the DagBag from /home/airflow/.local/lib/python3.8/site-packages/airflow/example_dags/example_params_trigger_ui.py
[2024-01-30T16:26:21.932+0000] {processor.py:840} INFO - DAG(s) 'example_params_trigger_ui' retrieved from /home/airflow/.local/lib/python3.8/site-packages/airflow/example_dags/example_params_trigger_ui.py
[2024-01-30T16:26:21.943+0000] {logging_mixin.py:188} INFO - [2024-01-30T16:26:21.943+0000] {dag.py:3036} INFO - Sync 1 DAGs
[2024-01-30T16:26:21.955+0000] {logging_mixin.py:188} INFO - [2024-01-30T16:26:21.955+0000] {dag.py:3823} INFO - Setting next_dagrun for example_params_trigger_ui to None, run_after=None
[2024-01-30T16:26:21.974+0000] {processor.py:183} INFO - Processing /home/airflow/.local/lib/python3.8/site-packages/airflow/example_dags/example_params_trigger_ui.py took 0.059 seconds
[2024-01-30T16:26:53.906+0000] {processor.py:161} INFO - Started process (PID=130) to work on /home/airflow/.local/lib/python3.8/site-packages/airflow/example_dags/example_params_trigger_ui.py
[2024-01-30T16:26:53.907+0000] {processor.py:830} INFO - Processing file /home/airflow/.local/lib/python3.8/site-packages/airflow/example_dags/example_params_trigger_ui.py for tasks to queue
[2024-01-30T16:26:53.909+0000] {logging_mixin.py:188} INFO - [2024-01-30T16:26:53.909+0000] {dagbag.py:538} INFO - Filling up the DagBag from /home/airflow/.local/lib/python3.8/site-packages/airflow/example_dags/example_params_trigger_ui.py
[2024-01-30T16:26:53.921+0000] {processor.py:840} INFO - DAG(s) 'example_params_trigger_ui' retrieved from /home/airflow/.local/lib/python3.8/site-packages/airflow/example_dags/example_params_trigger_ui.py
[2024-01-30T16:26:54.055+0000] {logging_mixin.py:188} INFO - [2024-01-30T16:26:54.055+0000] {dag.py:3036} INFO - Sync 1 DAGs
[2024-01-30T16:26:54.065+0000] {logging_mixin.py:188} INFO - [2024-01-30T16:26:54.064+0000] {dag.py:3823} INFO - Setting next_dagrun for example_params_trigger_ui to None, run_after=None
[2024-01-30T16:26:54.083+0000] {processor.py:183} INFO - Processing /home/airflow/.local/lib/python3.8/site-packages/airflow/example_dags/example_params_trigger_ui.py took 0.180 seconds
[2024-01-30T16:27:24.501+0000] {processor.py:161} INFO - Started process (PID=185) to work on /home/airflow/.local/lib/python3.8/site-packages/airflow/example_dags/example_params_trigger_ui.py
[2024-01-30T16:27:24.502+0000] {processor.py:830} INFO - Processing file /home/airflow/.local/lib/python3.8/site-packages/airflow/example_dags/example_params_trigger_ui.py for tasks to queue
[2024-01-30T16:27:24.503+0000] {logging_mixin.py:188} INFO - [2024-01-30T16:27:24.503+0000] {dagbag.py:538} INFO - Filling up the DagBag from /home/airflow/.local/lib/python3.8/site-packages/airflow/example_dags/example_params_trigger_ui.py
[2024-01-30T16:27:24.515+0000] {processor.py:840} INFO - DAG(s) 'example_params_trigger_ui' retrieved from /home/airflow/.local/lib/python3.8/site-packages/airflow/example_dags/example_params_trigger_ui.py
[2024-01-30T16:27:24.567+0000] {logging_mixin.py:188} INFO - [2024-01-30T16:27:24.567+0000] {dag.py:3036} INFO - Sync 1 DAGs
[2024-01-30T16:27:24.578+0000] {logging_mixin.py:188} INFO - [2024-01-30T16:27:24.578+0000] {dag.py:3823} INFO - Setting next_dagrun for example_params_trigger_ui to None, run_after=None
[2024-01-30T16:27:24.596+0000] {processor.py:183} INFO - Processing /home/airflow/.local/lib/python3.8/site-packages/airflow/example_dags/example_params_trigger_ui.py took 0.098 seconds
[2024-01-30T16:27:55.455+0000] {processor.py:161} INFO - Started process (PID=240) to work on /home/airflow/.local/lib/python3.8/site-packages/airflow/example_dags/example_params_trigger_ui.py
[2024-01-30T16:27:55.456+0000] {processor.py:830} INFO - Processing file /home/airflow/.local/lib/python3.8/site-packages/airflow/example_dags/example_params_trigger_ui.py for tasks to queue
[2024-01-30T16:27:55.458+0000] {logging_mixin.py:188} INFO - [2024-01-30T16:27:55.458+0000] {dagbag.py:538} INFO - Filling up the DagBag from /home/airflow/.local/lib/python3.8/site-packages/airflow/example_dags/example_params_trigger_ui.py
[2024-01-30T16:27:55.470+0000] {processor.py:840} INFO - DAG(s) 'example_params_trigger_ui' retrieved from /home/airflow/.local/lib/python3.8/site-packages/airflow/example_dags/example_params_trigger_ui.py
[2024-01-30T16:27:55.522+0000] {logging_mixin.py:188} INFO - [2024-01-30T16:27:55.522+0000] {dag.py:3036} INFO - Sync 1 DAGs
[2024-01-30T16:27:55.533+0000] {logging_mixin.py:188} INFO - [2024-01-30T16:27:55.533+0000] {dag.py:3823} INFO - Setting next_dagrun for example_params_trigger_ui to None, run_after=None
[2024-01-30T16:27:55.551+0000] {processor.py:183} INFO - Processing /home/airflow/.local/lib/python3.8/site-packages/airflow/example_dags/example_params_trigger_ui.py took 0.098 seconds
[2024-01-30T16:28:26.054+0000] {processor.py:161} INFO - Started process (PID=295) to work on /home/airflow/.local/lib/python3.8/site-packages/airflow/example_dags/example_params_trigger_ui.py
[2024-01-30T16:28:26.055+0000] {processor.py:830} INFO - Processing file /home/airflow/.local/lib/python3.8/site-packages/airflow/example_dags/example_params_trigger_ui.py for tasks to queue
[2024-01-30T16:28:26.057+0000] {logging_mixin.py:188} INFO - [2024-01-30T16:28:26.056+0000] {dagbag.py:538} INFO - Filling up the DagBag from /home/airflow/.local/lib/python3.8/site-packages/airflow/example_dags/example_params_trigger_ui.py
[2024-01-30T16:28:26.068+0000] {processor.py:840} INFO - DAG(s) 'example_params_trigger_ui' retrieved from /home/airflow/.local/lib/python3.8/site-packages/airflow/example_dags/example_params_trigger_ui.py
[2024-01-30T16:28:26.122+0000] {logging_mixin.py:188} INFO - [2024-01-30T16:28:26.122+0000] {dag.py:3036} INFO - Sync 1 DAGs
[2024-01-30T16:28:26.133+0000] {logging_mixin.py:188} INFO - [2024-01-30T16:28:26.133+0000] {dag.py:3823} INFO - Setting next_dagrun for example_params_trigger_ui to None, run_after=None
[2024-01-30T16:28:26.151+0000] {processor.py:183} INFO - Processing /home/airflow/.local/lib/python3.8/site-packages/airflow/example_dags/example_params_trigger_ui.py took 0.100 seconds
[2024-01-30T16:28:56.810+0000] {processor.py:161} INFO - Started process (PID=350) to work on /home/airflow/.local/lib/python3.8/site-packages/airflow/example_dags/example_params_trigger_ui.py
[2024-01-30T16:28:56.811+0000] {processor.py:830} INFO - Processing file /home/airflow/.local/lib/python3.8/site-packages/airflow/example_dags/example_params_trigger_ui.py for tasks to queue
[2024-01-30T16:28:56.813+0000] {logging_mixin.py:188} INFO - [2024-01-30T16:28:56.813+0000] {dagbag.py:538} INFO - Filling up the DagBag from /home/airflow/.local/lib/python3.8/site-packages/airflow/example_dags/example_params_trigger_ui.py
[2024-01-30T16:28:56.825+0000] {processor.py:840} INFO - DAG(s) 'example_params_trigger_ui' retrieved from /home/airflow/.local/lib/python3.8/site-packages/airflow/example_dags/example_params_trigger_ui.py
[2024-01-30T16:28:56.878+0000] {logging_mixin.py:188} INFO - [2024-01-30T16:28:56.878+0000] {dag.py:3036} INFO - Sync 1 DAGs
[2024-01-30T16:28:56.889+0000] {logging_mixin.py:188} INFO - [2024-01-30T16:28:56.889+0000] {dag.py:3823} INFO - Setting next_dagrun for example_params_trigger_ui to None, run_after=None
[2024-01-30T16:28:56.908+0000] {processor.py:183} INFO - Processing /home/airflow/.local/lib/python3.8/site-packages/airflow/example_dags/example_params_trigger_ui.py took 0.100 seconds
[2024-01-30T16:29:27.473+0000] {processor.py:161} INFO - Started process (PID=405) to work on /home/airflow/.local/lib/python3.8/site-packages/airflow/example_dags/example_params_trigger_ui.py
[2024-01-30T16:29:27.474+0000] {processor.py:830} INFO - Processing file /home/airflow/.local/lib/python3.8/site-packages/airflow/example_dags/example_params_trigger_ui.py for tasks to queue
[2024-01-30T16:29:27.476+0000] {logging_mixin.py:188} INFO - [2024-01-30T16:29:27.475+0000] {dagbag.py:538} INFO - Filling up the DagBag from /home/airflow/.local/lib/python3.8/site-packages/airflow/example_dags/example_params_trigger_ui.py
[2024-01-30T16:29:27.488+0000] {processor.py:840} INFO - DAG(s) 'example_params_trigger_ui' retrieved from /home/airflow/.local/lib/python3.8/site-packages/airflow/example_dags/example_params_trigger_ui.py
[2024-01-30T16:29:27.541+0000] {logging_mixin.py:188} INFO - [2024-01-30T16:29:27.541+0000] {dag.py:3036} INFO - Sync 1 DAGs
[2024-01-30T16:29:27.553+0000] {logging_mixin.py:188} INFO - [2024-01-30T16:29:27.553+0000] {dag.py:3823} INFO - Setting next_dagrun for example_params_trigger_ui to None, run_after=None
[2024-01-30T16:29:27.571+0000] {processor.py:183} INFO - Processing /home/airflow/.local/lib/python3.8/site-packages/airflow/example_dags/example_params_trigger_ui.py took 0.101 seconds
[2024-01-30T16:29:58.178+0000] {processor.py:161} INFO - Started process (PID=460) to work on /home/airflow/.local/lib/python3.8/site-packages/airflow/example_dags/example_params_trigger_ui.py
[2024-01-30T16:29:58.179+0000] {processor.py:830} INFO - Processing file /home/airflow/.local/lib/python3.8/site-packages/airflow/example_dags/example_params_trigger_ui.py for tasks to queue
[2024-01-30T16:29:58.181+0000] {logging_mixin.py:188} INFO - [2024-01-30T16:29:58.180+0000] {dagbag.py:538} INFO - Filling up the DagBag from /home/airflow/.local/lib/python3.8/site-packages/airflow/example_dags/example_params_trigger_ui.py
[2024-01-30T16:29:58.193+0000] {processor.py:840} INFO - DAG(s) 'example_params_trigger_ui' retrieved from /home/airflow/.local/lib/python3.8/site-packages/airflow/example_dags/example_params_trigger_ui.py
[2024-01-30T16:29:58.256+0000] {logging_mixin.py:188} INFO - [2024-01-30T16:29:58.255+0000] {dag.py:3036} INFO - Sync 1 DAGs
[2024-01-30T16:29:58.266+0000] {logging_mixin.py:188} INFO - [2024-01-30T16:29:58.266+0000] {dag.py:3823} INFO - Setting next_dagrun for example_params_trigger_ui to None, run_after=None
[2024-01-30T16:29:58.285+0000] {processor.py:183} INFO - Processing /home/airflow/.local/lib/python3.8/site-packages/airflow/example_dags/example_params_trigger_ui.py took 0.110 seconds
[2024-01-30T16:30:28.988+0000] {processor.py:161} INFO - Started process (PID=515) to work on /home/airflow/.local/lib/python3.8/site-packages/airflow/example_dags/example_params_trigger_ui.py
[2024-01-30T16:30:28.989+0000] {processor.py:830} INFO - Processing file /home/airflow/.local/lib/python3.8/site-packages/airflow/example_dags/example_params_trigger_ui.py for tasks to queue
[2024-01-30T16:30:28.991+0000] {logging_mixin.py:188} INFO - [2024-01-30T16:30:28.990+0000] {dagbag.py:538} INFO - Filling up the DagBag from /home/airflow/.local/lib/python3.8/site-packages/airflow/example_dags/example_params_trigger_ui.py
[2024-01-30T16:30:29.003+0000] {processor.py:840} INFO - DAG(s) 'example_params_trigger_ui' retrieved from /home/airflow/.local/lib/python3.8/site-packages/airflow/example_dags/example_params_trigger_ui.py
[2024-01-30T16:30:29.079+0000] {logging_mixin.py:188} INFO - [2024-01-30T16:30:29.079+0000] {dag.py:3036} INFO - Sync 1 DAGs
[2024-01-30T16:30:29.090+0000] {logging_mixin.py:188} INFO - [2024-01-30T16:30:29.090+0000] {dag.py:3823} INFO - Setting next_dagrun for example_params_trigger_ui to None, run_after=None
[2024-01-30T16:30:29.108+0000] {processor.py:183} INFO - Processing /home/airflow/.local/lib/python3.8/site-packages/airflow/example_dags/example_params_trigger_ui.py took 0.124 seconds
[2024-01-30T16:30:59.924+0000] {processor.py:161} INFO - Started process (PID=570) to work on /home/airflow/.local/lib/python3.8/site-packages/airflow/example_dags/example_params_trigger_ui.py
[2024-01-30T16:30:59.924+0000] {processor.py:830} INFO - Processing file /home/airflow/.local/lib/python3.8/site-packages/airflow/example_dags/example_params_trigger_ui.py for tasks to queue
[2024-01-30T16:30:59.926+0000] {logging_mixin.py:188} INFO - [2024-01-30T16:30:59.926+0000] {dagbag.py:538} INFO - Filling up the DagBag from /home/airflow/.local/lib/python3.8/site-packages/airflow/example_dags/example_params_trigger_ui.py
[2024-01-30T16:30:59.941+0000] {processor.py:840} INFO - DAG(s) 'example_params_trigger_ui' retrieved from /home/airflow/.local/lib/python3.8/site-packages/airflow/example_dags/example_params_trigger_ui.py
[2024-01-30T16:31:00.009+0000] {logging_mixin.py:188} INFO - [2024-01-30T16:31:00.009+0000] {dag.py:3036} INFO - Sync 1 DAGs
[2024-01-30T16:31:00.023+0000] {logging_mixin.py:188} INFO - [2024-01-30T16:31:00.023+0000] {dag.py:3823} INFO - Setting next_dagrun for example_params_trigger_ui to None, run_after=None
[2024-01-30T16:31:00.044+0000] {processor.py:183} INFO - Processing /home/airflow/.local/lib/python3.8/site-packages/airflow/example_dags/example_params_trigger_ui.py took 0.124 seconds
[2024-01-30T16:31:30.895+0000] {processor.py:161} INFO - Started process (PID=625) to work on /home/airflow/.local/lib/python3.8/site-packages/airflow/example_dags/example_params_trigger_ui.py
[2024-01-30T16:31:30.896+0000] {processor.py:830} INFO - Processing file /home/airflow/.local/lib/python3.8/site-packages/airflow/example_dags/example_params_trigger_ui.py for tasks to queue
[2024-01-30T16:31:30.897+0000] {logging_mixin.py:188} INFO - [2024-01-30T16:31:30.897+0000] {dagbag.py:538} INFO - Filling up the DagBag from /home/airflow/.local/lib/python3.8/site-packages/airflow/example_dags/example_params_trigger_ui.py
[2024-01-30T16:31:30.909+0000] {processor.py:840} INFO - DAG(s) 'example_params_trigger_ui' retrieved from /home/airflow/.local/lib/python3.8/site-packages/airflow/example_dags/example_params_trigger_ui.py
[2024-01-30T16:31:30.965+0000] {logging_mixin.py:188} INFO - [2024-01-30T16:31:30.965+0000] {dag.py:3036} INFO - Sync 1 DAGs
[2024-01-30T16:31:30.977+0000] {logging_mixin.py:188} INFO - [2024-01-30T16:31:30.977+0000] {dag.py:3823} INFO - Setting next_dagrun for example_params_trigger_ui to None, run_after=None
[2024-01-30T16:31:30.997+0000] {processor.py:183} INFO - Processing /home/airflow/.local/lib/python3.8/site-packages/airflow/example_dags/example_params_trigger_ui.py took 0.105 seconds
[2024-01-30T16:32:01.034+0000] {processor.py:161} INFO - Started process (PID=679) to work on /home/airflow/.local/lib/python3.8/site-packages/airflow/example_dags/example_params_trigger_ui.py
[2024-01-30T16:32:01.035+0000] {processor.py:830} INFO - Processing file /home/airflow/.local/lib/python3.8/site-packages/airflow/example_dags/example_params_trigger_ui.py for tasks to queue
[2024-01-30T16:32:01.037+0000] {logging_mixin.py:188} INFO - [2024-01-30T16:32:01.036+0000] {dagbag.py:538} INFO - Filling up the DagBag from /home/airflow/.local/lib/python3.8/site-packages/airflow/example_dags/example_params_trigger_ui.py
[2024-01-30T16:32:01.050+0000] {processor.py:840} INFO - DAG(s) 'example_params_trigger_ui' retrieved from /home/airflow/.local/lib/python3.8/site-packages/airflow/example_dags/example_params_trigger_ui.py
[2024-01-30T16:32:01.103+0000] {logging_mixin.py:188} INFO - [2024-01-30T16:32:01.103+0000] {dag.py:3036} INFO - Sync 1 DAGs
[2024-01-30T16:32:01.114+0000] {logging_mixin.py:188} INFO - [2024-01-30T16:32:01.114+0000] {dag.py:3823} INFO - Setting next_dagrun for example_params_trigger_ui to None, run_after=None
[2024-01-30T16:32:01.133+0000] {processor.py:183} INFO - Processing /home/airflow/.local/lib/python3.8/site-packages/airflow/example_dags/example_params_trigger_ui.py took 0.102 seconds
[2024-01-30T16:32:31.227+0000] {processor.py:161} INFO - Started process (PID=734) to work on /home/airflow/.local/lib/python3.8/site-packages/airflow/example_dags/example_params_trigger_ui.py
[2024-01-30T16:32:31.228+0000] {processor.py:830} INFO - Processing file /home/airflow/.local/lib/python3.8/site-packages/airflow/example_dags/example_params_trigger_ui.py for tasks to queue
[2024-01-30T16:32:31.230+0000] {logging_mixin.py:188} INFO - [2024-01-30T16:32:31.229+0000] {dagbag.py:538} INFO - Filling up the DagBag from /home/airflow/.local/lib/python3.8/site-packages/airflow/example_dags/example_params_trigger_ui.py
[2024-01-30T16:32:31.241+0000] {processor.py:840} INFO - DAG(s) 'example_params_trigger_ui' retrieved from /home/airflow/.local/lib/python3.8/site-packages/airflow/example_dags/example_params_trigger_ui.py
[2024-01-30T16:32:31.293+0000] {logging_mixin.py:188} INFO - [2024-01-30T16:32:31.293+0000] {dag.py:3036} INFO - Sync 1 DAGs
[2024-01-30T16:32:31.303+0000] {logging_mixin.py:188} INFO - [2024-01-30T16:32:31.303+0000] {dag.py:3823} INFO - Setting next_dagrun for example_params_trigger_ui to None, run_after=None
[2024-01-30T16:32:31.323+0000] {processor.py:183} INFO - Processing /home/airflow/.local/lib/python3.8/site-packages/airflow/example_dags/example_params_trigger_ui.py took 0.099 seconds
[2024-01-30T16:33:01.392+0000] {processor.py:161} INFO - Started process (PID=789) to work on /home/airflow/.local/lib/python3.8/site-packages/airflow/example_dags/example_params_trigger_ui.py
[2024-01-30T16:33:01.393+0000] {processor.py:830} INFO - Processing file /home/airflow/.local/lib/python3.8/site-packages/airflow/example_dags/example_params_trigger_ui.py for tasks to queue
[2024-01-30T16:33:01.394+0000] {logging_mixin.py:188} INFO - [2024-01-30T16:33:01.394+0000] {dagbag.py:538} INFO - Filling up the DagBag from /home/airflow/.local/lib/python3.8/site-packages/airflow/example_dags/example_params_trigger_ui.py
[2024-01-30T16:33:01.407+0000] {processor.py:840} INFO - DAG(s) 'example_params_trigger_ui' retrieved from /home/airflow/.local/lib/python3.8/site-packages/airflow/example_dags/example_params_trigger_ui.py
[2024-01-30T16:33:01.465+0000] {logging_mixin.py:188} INFO - [2024-01-30T16:33:01.465+0000] {dag.py:3036} INFO - Sync 1 DAGs
[2024-01-30T16:33:01.477+0000] {logging_mixin.py:188} INFO - [2024-01-30T16:33:01.477+0000] {dag.py:3823} INFO - Setting next_dagrun for example_params_trigger_ui to None, run_after=None
[2024-01-30T16:33:01.505+0000] {processor.py:183} INFO - Processing /home/airflow/.local/lib/python3.8/site-packages/airflow/example_dags/example_params_trigger_ui.py took 0.117 seconds
[2024-01-30T16:33:31.970+0000] {processor.py:161} INFO - Started process (PID=844) to work on /home/airflow/.local/lib/python3.8/site-packages/airflow/example_dags/example_params_trigger_ui.py
[2024-01-30T16:33:31.971+0000] {processor.py:830} INFO - Processing file /home/airflow/.local/lib/python3.8/site-packages/airflow/example_dags/example_params_trigger_ui.py for tasks to queue
[2024-01-30T16:33:31.973+0000] {logging_mixin.py:188} INFO - [2024-01-30T16:33:31.973+0000] {dagbag.py:538} INFO - Filling up the DagBag from /home/airflow/.local/lib/python3.8/site-packages/airflow/example_dags/example_params_trigger_ui.py
[2024-01-30T16:33:31.985+0000] {processor.py:840} INFO - DAG(s) 'example_params_trigger_ui' retrieved from /home/airflow/.local/lib/python3.8/site-packages/airflow/example_dags/example_params_trigger_ui.py
[2024-01-30T16:33:32.040+0000] {logging_mixin.py:188} INFO - [2024-01-30T16:33:32.039+0000] {dag.py:3036} INFO - Sync 1 DAGs
[2024-01-30T16:33:32.051+0000] {logging_mixin.py:188} INFO - [2024-01-30T16:33:32.051+0000] {dag.py:3823} INFO - Setting next_dagrun for example_params_trigger_ui to None, run_after=None
[2024-01-30T16:33:32.071+0000] {processor.py:183} INFO - Processing /home/airflow/.local/lib/python3.8/site-packages/airflow/example_dags/example_params_trigger_ui.py took 0.104 seconds
[2024-01-30T16:34:02.301+0000] {processor.py:161} INFO - Started process (PID=899) to work on /home/airflow/.local/lib/python3.8/site-packages/airflow/example_dags/example_params_trigger_ui.py
[2024-01-30T16:34:02.302+0000] {processor.py:830} INFO - Processing file /home/airflow/.local/lib/python3.8/site-packages/airflow/example_dags/example_params_trigger_ui.py for tasks to queue
[2024-01-30T16:34:02.304+0000] {logging_mixin.py:188} INFO - [2024-01-30T16:34:02.304+0000] {dagbag.py:538} INFO - Filling up the DagBag from /home/airflow/.local/lib/python3.8/site-packages/airflow/example_dags/example_params_trigger_ui.py
[2024-01-30T16:34:02.319+0000] {processor.py:840} INFO - DAG(s) 'example_params_trigger_ui' retrieved from /home/airflow/.local/lib/python3.8/site-packages/airflow/example_dags/example_params_trigger_ui.py
[2024-01-30T16:34:02.383+0000] {logging_mixin.py:188} INFO - [2024-01-30T16:34:02.383+0000] {dag.py:3036} INFO - Sync 1 DAGs
[2024-01-30T16:34:02.395+0000] {logging_mixin.py:188} INFO - [2024-01-30T16:34:02.395+0000] {dag.py:3823} INFO - Setting next_dagrun for example_params_trigger_ui to None, run_after=None
[2024-01-30T16:34:02.417+0000] {processor.py:183} INFO - Processing /home/airflow/.local/lib/python3.8/site-packages/airflow/example_dags/example_params_trigger_ui.py took 0.119 seconds
[2024-01-30T16:34:32.673+0000] {processor.py:161} INFO - Started process (PID=954) to work on /home/airflow/.local/lib/python3.8/site-packages/airflow/example_dags/example_params_trigger_ui.py
[2024-01-30T16:34:32.674+0000] {processor.py:830} INFO - Processing file /home/airflow/.local/lib/python3.8/site-packages/airflow/example_dags/example_params_trigger_ui.py for tasks to queue
[2024-01-30T16:34:32.676+0000] {logging_mixin.py:188} INFO - [2024-01-30T16:34:32.675+0000] {dagbag.py:538} INFO - Filling up the DagBag from /home/airflow/.local/lib/python3.8/site-packages/airflow/example_dags/example_params_trigger_ui.py
[2024-01-30T16:34:32.691+0000] {processor.py:840} INFO - DAG(s) 'example_params_trigger_ui' retrieved from /home/airflow/.local/lib/python3.8/site-packages/airflow/example_dags/example_params_trigger_ui.py
[2024-01-30T16:34:32.755+0000] {logging_mixin.py:188} INFO - [2024-01-30T16:34:32.754+0000] {dag.py:3036} INFO - Sync 1 DAGs
[2024-01-30T16:34:32.767+0000] {logging_mixin.py:188} INFO - [2024-01-30T16:34:32.766+0000] {dag.py:3823} INFO - Setting next_dagrun for example_params_trigger_ui to None, run_after=None
[2024-01-30T16:34:32.788+0000] {processor.py:183} INFO - Processing /home/airflow/.local/lib/python3.8/site-packages/airflow/example_dags/example_params_trigger_ui.py took 0.119 seconds
[2024-01-30T16:35:02.996+0000] {processor.py:161} INFO - Started process (PID=1009) to work on /home/airflow/.local/lib/python3.8/site-packages/airflow/example_dags/example_params_trigger_ui.py
[2024-01-30T16:35:02.998+0000] {processor.py:830} INFO - Processing file /home/airflow/.local/lib/python3.8/site-packages/airflow/example_dags/example_params_trigger_ui.py for tasks to queue
[2024-01-30T16:35:02.999+0000] {logging_mixin.py:188} INFO - [2024-01-30T16:35:02.999+0000] {dagbag.py:538} INFO - Filling up the DagBag from /home/airflow/.local/lib/python3.8/site-packages/airflow/example_dags/example_params_trigger_ui.py
[2024-01-30T16:35:03.011+0000] {processor.py:840} INFO - DAG(s) 'example_params_trigger_ui' retrieved from /home/airflow/.local/lib/python3.8/site-packages/airflow/example_dags/example_params_trigger_ui.py
[2024-01-30T16:35:03.070+0000] {logging_mixin.py:188} INFO - [2024-01-30T16:35:03.070+0000] {dag.py:3036} INFO - Sync 1 DAGs
[2024-01-30T16:35:03.082+0000] {logging_mixin.py:188} INFO - [2024-01-30T16:35:03.081+0000] {dag.py:3823} INFO - Setting next_dagrun for example_params_trigger_ui to None, run_after=None
[2024-01-30T16:35:03.101+0000] {processor.py:183} INFO - Processing /home/airflow/.local/lib/python3.8/site-packages/airflow/example_dags/example_params_trigger_ui.py took 0.107 seconds
[2024-01-30T16:35:33.179+0000] {processor.py:161} INFO - Started process (PID=1064) to work on /home/airflow/.local/lib/python3.8/site-packages/airflow/example_dags/example_params_trigger_ui.py
[2024-01-30T16:35:33.180+0000] {processor.py:830} INFO - Processing file /home/airflow/.local/lib/python3.8/site-packages/airflow/example_dags/example_params_trigger_ui.py for tasks to queue
[2024-01-30T16:35:33.182+0000] {logging_mixin.py:188} INFO - [2024-01-30T16:35:33.181+0000] {dagbag.py:538} INFO - Filling up the DagBag from /home/airflow/.local/lib/python3.8/site-packages/airflow/example_dags/example_params_trigger_ui.py
[2024-01-30T16:35:33.195+0000] {processor.py:840} INFO - DAG(s) 'example_params_trigger_ui' retrieved from /home/airflow/.local/lib/python3.8/site-packages/airflow/example_dags/example_params_trigger_ui.py
[2024-01-30T16:35:33.252+0000] {logging_mixin.py:188} INFO - [2024-01-30T16:35:33.252+0000] {dag.py:3036} INFO - Sync 1 DAGs
[2024-01-30T16:35:33.264+0000] {logging_mixin.py:188} INFO - [2024-01-30T16:35:33.264+0000] {dag.py:3823} INFO - Setting next_dagrun for example_params_trigger_ui to None, run_after=None
[2024-01-30T16:35:33.284+0000] {processor.py:183} INFO - Processing /home/airflow/.local/lib/python3.8/site-packages/airflow/example_dags/example_params_trigger_ui.py took 0.109 seconds
[2024-01-30T16:36:03.321+0000] {processor.py:161} INFO - Started process (PID=1119) to work on /home/airflow/.local/lib/python3.8/site-packages/airflow/example_dags/example_params_trigger_ui.py
[2024-01-30T16:36:03.322+0000] {processor.py:830} INFO - Processing file /home/airflow/.local/lib/python3.8/site-packages/airflow/example_dags/example_params_trigger_ui.py for tasks to queue
[2024-01-30T16:36:03.324+0000] {logging_mixin.py:188} INFO - [2024-01-30T16:36:03.324+0000] {dagbag.py:538} INFO - Filling up the DagBag from /home/airflow/.local/lib/python3.8/site-packages/airflow/example_dags/example_params_trigger_ui.py
[2024-01-30T16:36:03.336+0000] {processor.py:840} INFO - DAG(s) 'example_params_trigger_ui' retrieved from /home/airflow/.local/lib/python3.8/site-packages/airflow/example_dags/example_params_trigger_ui.py
[2024-01-30T16:36:03.394+0000] {logging_mixin.py:188} INFO - [2024-01-30T16:36:03.394+0000] {dag.py:3036} INFO - Sync 1 DAGs
[2024-01-30T16:36:03.406+0000] {logging_mixin.py:188} INFO - [2024-01-30T16:36:03.406+0000] {dag.py:3823} INFO - Setting next_dagrun for example_params_trigger_ui to None, run_after=None
[2024-01-30T16:36:03.427+0000] {processor.py:183} INFO - Processing /home/airflow/.local/lib/python3.8/site-packages/airflow/example_dags/example_params_trigger_ui.py took 0.108 seconds
[2024-01-30T16:36:34.362+0000] {processor.py:161} INFO - Started process (PID=1174) to work on /home/airflow/.local/lib/python3.8/site-packages/airflow/example_dags/example_params_trigger_ui.py
[2024-01-30T16:36:34.364+0000] {processor.py:830} INFO - Processing file /home/airflow/.local/lib/python3.8/site-packages/airflow/example_dags/example_params_trigger_ui.py for tasks to queue
[2024-01-30T16:36:34.365+0000] {logging_mixin.py:188} INFO - [2024-01-30T16:36:34.365+0000] {dagbag.py:538} INFO - Filling up the DagBag from /home/airflow/.local/lib/python3.8/site-packages/airflow/example_dags/example_params_trigger_ui.py
[2024-01-30T16:36:34.378+0000] {processor.py:840} INFO - DAG(s) 'example_params_trigger_ui' retrieved from /home/airflow/.local/lib/python3.8/site-packages/airflow/example_dags/example_params_trigger_ui.py
[2024-01-30T16:36:34.434+0000] {logging_mixin.py:188} INFO - [2024-01-30T16:36:34.434+0000] {dag.py:3036} INFO - Sync 1 DAGs
[2024-01-30T16:36:34.446+0000] {logging_mixin.py:188} INFO - [2024-01-30T16:36:34.446+0000] {dag.py:3823} INFO - Setting next_dagrun for example_params_trigger_ui to None, run_after=None
[2024-01-30T16:36:34.465+0000] {processor.py:183} INFO - Processing /home/airflow/.local/lib/python3.8/site-packages/airflow/example_dags/example_params_trigger_ui.py took 0.106 seconds
[2024-01-30T16:37:05.358+0000] {processor.py:161} INFO - Started process (PID=1229) to work on /home/airflow/.local/lib/python3.8/site-packages/airflow/example_dags/example_params_trigger_ui.py
[2024-01-30T16:37:05.359+0000] {processor.py:830} INFO - Processing file /home/airflow/.local/lib/python3.8/site-packages/airflow/example_dags/example_params_trigger_ui.py for tasks to queue
[2024-01-30T16:37:05.360+0000] {logging_mixin.py:188} INFO - [2024-01-30T16:37:05.360+0000] {dagbag.py:538} INFO - Filling up the DagBag from /home/airflow/.local/lib/python3.8/site-packages/airflow/example_dags/example_params_trigger_ui.py
[2024-01-30T16:37:05.373+0000] {processor.py:840} INFO - DAG(s) 'example_params_trigger_ui' retrieved from /home/airflow/.local/lib/python3.8/site-packages/airflow/example_dags/example_params_trigger_ui.py
[2024-01-30T16:37:05.427+0000] {logging_mixin.py:188} INFO - [2024-01-30T16:37:05.427+0000] {dag.py:3036} INFO - Sync 1 DAGs
[2024-01-30T16:37:05.439+0000] {logging_mixin.py:188} INFO - [2024-01-30T16:37:05.438+0000] {dag.py:3823} INFO - Setting next_dagrun for example_params_trigger_ui to None, run_after=None
[2024-01-30T16:37:05.464+0000] {processor.py:183} INFO - Processing /home/airflow/.local/lib/python3.8/site-packages/airflow/example_dags/example_params_trigger_ui.py took 0.109 seconds
[2024-01-30T16:37:36.171+0000] {processor.py:161} INFO - Started process (PID=1284) to work on /home/airflow/.local/lib/python3.8/site-packages/airflow/example_dags/example_params_trigger_ui.py
[2024-01-30T16:37:36.172+0000] {processor.py:830} INFO - Processing file /home/airflow/.local/lib/python3.8/site-packages/airflow/example_dags/example_params_trigger_ui.py for tasks to queue
[2024-01-30T16:37:36.174+0000] {logging_mixin.py:188} INFO - [2024-01-30T16:37:36.174+0000] {dagbag.py:538} INFO - Filling up the DagBag from /home/airflow/.local/lib/python3.8/site-packages/airflow/example_dags/example_params_trigger_ui.py
[2024-01-30T16:37:36.186+0000] {processor.py:840} INFO - DAG(s) 'example_params_trigger_ui' retrieved from /home/airflow/.local/lib/python3.8/site-packages/airflow/example_dags/example_params_trigger_ui.py
[2024-01-30T16:37:36.246+0000] {logging_mixin.py:188} INFO - [2024-01-30T16:37:36.246+0000] {dag.py:3036} INFO - Sync 1 DAGs
[2024-01-30T16:37:36.257+0000] {logging_mixin.py:188} INFO - [2024-01-30T16:37:36.257+0000] {dag.py:3823} INFO - Setting next_dagrun for example_params_trigger_ui to None, run_after=None
[2024-01-30T16:37:36.278+0000] {processor.py:183} INFO - Processing /home/airflow/.local/lib/python3.8/site-packages/airflow/example_dags/example_params_trigger_ui.py took 0.109 seconds
