[2024-01-30T16:16:25.341+0000] {processor.py:161} INFO - Started process (PID=50) to work on /home/airflow/.local/lib/python3.8/site-packages/airflow/example_dags/example_datasets.py
[2024-01-30T16:16:25.342+0000] {processor.py:830} INFO - Processing file /home/airflow/.local/lib/python3.8/site-packages/airflow/example_dags/example_datasets.py for tasks to queue
[2024-01-30T16:16:25.344+0000] {logging_mixin.py:188} INFO - [2024-01-30T16:16:25.344+0000] {dagbag.py:538} INFO - Filling up the DagBag from /home/airflow/.local/lib/python3.8/site-packages/airflow/example_dags/example_datasets.py
[2024-01-30T16:16:25.361+0000] {processor.py:840} INFO - DAG(s) 'dataset_consumes_1_never_scheduled', 'dataset_consumes_unknown_never_scheduled', 'dataset_produces_2', 'dataset_consumes_1_and_2', 'dataset_produces_1', 'dataset_consumes_1' retrieved from /home/airflow/.local/lib/python3.8/site-packages/airflow/example_dags/example_datasets.py
[2024-01-30T16:16:25.377+0000] {logging_mixin.py:188} INFO - [2024-01-30T16:16:25.377+0000] {dag.py:3036} INFO - Sync 6 DAGs
[2024-01-30T16:16:25.402+0000] {logging_mixin.py:188} INFO - [2024-01-30T16:16:25.402+0000] {dag.py:3823} INFO - Setting next_dagrun for dataset_consumes_1 to None, run_after=None
[2024-01-30T16:16:25.405+0000] {logging_mixin.py:188} INFO - [2024-01-30T16:16:25.405+0000] {dag.py:3823} INFO - Setting next_dagrun for dataset_consumes_1_and_2 to None, run_after=None
[2024-01-30T16:16:25.407+0000] {logging_mixin.py:188} INFO - [2024-01-30T16:16:25.407+0000] {dag.py:3823} INFO - Setting next_dagrun for dataset_consumes_1_never_scheduled to None, run_after=None
[2024-01-30T16:16:25.409+0000] {logging_mixin.py:188} INFO - [2024-01-30T16:16:25.409+0000] {dag.py:3823} INFO - Setting next_dagrun for dataset_consumes_unknown_never_scheduled to None, run_after=None
[2024-01-30T16:16:25.412+0000] {logging_mixin.py:188} INFO - [2024-01-30T16:16:25.412+0000] {dag.py:3823} INFO - Setting next_dagrun for dataset_produces_1 to 2024-01-29 00:00:00+00:00, run_after=2024-01-30 00:00:00+00:00
[2024-01-30T16:16:25.414+0000] {logging_mixin.py:188} INFO - [2024-01-30T16:16:25.413+0000] {dag.py:3823} INFO - Setting next_dagrun for dataset_produces_2 to None, run_after=None
[2024-01-30T16:16:25.445+0000] {processor.py:183} INFO - Processing /home/airflow/.local/lib/python3.8/site-packages/airflow/example_dags/example_datasets.py took 0.107 seconds
[2024-01-30T16:16:56.490+0000] {processor.py:161} INFO - Started process (PID=105) to work on /home/airflow/.local/lib/python3.8/site-packages/airflow/example_dags/example_datasets.py
[2024-01-30T16:16:56.491+0000] {processor.py:830} INFO - Processing file /home/airflow/.local/lib/python3.8/site-packages/airflow/example_dags/example_datasets.py for tasks to queue
[2024-01-30T16:16:56.493+0000] {logging_mixin.py:188} INFO - [2024-01-30T16:16:56.493+0000] {dagbag.py:538} INFO - Filling up the DagBag from /home/airflow/.local/lib/python3.8/site-packages/airflow/example_dags/example_datasets.py
[2024-01-30T16:16:56.502+0000] {processor.py:840} INFO - DAG(s) 'dataset_produces_1', 'dataset_consumes_1', 'dataset_consumes_unknown_never_scheduled', 'dataset_produces_2', 'dataset_consumes_1_and_2', 'dataset_consumes_1_never_scheduled' retrieved from /home/airflow/.local/lib/python3.8/site-packages/airflow/example_dags/example_datasets.py
[2024-01-30T16:16:56.647+0000] {logging_mixin.py:188} INFO - [2024-01-30T16:16:56.647+0000] {dag.py:3036} INFO - Sync 6 DAGs
[2024-01-30T16:16:56.666+0000] {logging_mixin.py:188} INFO - [2024-01-30T16:16:56.666+0000] {dag.py:3823} INFO - Setting next_dagrun for dataset_consumes_1 to None, run_after=None
[2024-01-30T16:16:56.669+0000] {logging_mixin.py:188} INFO - [2024-01-30T16:16:56.669+0000] {dag.py:3823} INFO - Setting next_dagrun for dataset_consumes_1_and_2 to None, run_after=None
[2024-01-30T16:16:56.670+0000] {logging_mixin.py:188} INFO - [2024-01-30T16:16:56.670+0000] {dag.py:3823} INFO - Setting next_dagrun for dataset_consumes_1_never_scheduled to None, run_after=None
[2024-01-30T16:16:56.671+0000] {logging_mixin.py:188} INFO - [2024-01-30T16:16:56.671+0000] {dag.py:3823} INFO - Setting next_dagrun for dataset_consumes_unknown_never_scheduled to None, run_after=None
[2024-01-30T16:16:56.674+0000] {logging_mixin.py:188} INFO - [2024-01-30T16:16:56.674+0000] {dag.py:3823} INFO - Setting next_dagrun for dataset_produces_1 to 2024-01-29 00:00:00+00:00, run_after=2024-01-30 00:00:00+00:00
[2024-01-30T16:16:56.675+0000] {logging_mixin.py:188} INFO - [2024-01-30T16:16:56.675+0000] {dag.py:3823} INFO - Setting next_dagrun for dataset_produces_2 to None, run_after=None
[2024-01-30T16:16:56.705+0000] {processor.py:183} INFO - Processing /home/airflow/.local/lib/python3.8/site-packages/airflow/example_dags/example_datasets.py took 0.217 seconds
[2024-01-30T16:17:27.592+0000] {processor.py:161} INFO - Started process (PID=160) to work on /home/airflow/.local/lib/python3.8/site-packages/airflow/example_dags/example_datasets.py
[2024-01-30T16:17:27.592+0000] {processor.py:830} INFO - Processing file /home/airflow/.local/lib/python3.8/site-packages/airflow/example_dags/example_datasets.py for tasks to queue
[2024-01-30T16:17:27.594+0000] {logging_mixin.py:188} INFO - [2024-01-30T16:17:27.594+0000] {dagbag.py:538} INFO - Filling up the DagBag from /home/airflow/.local/lib/python3.8/site-packages/airflow/example_dags/example_datasets.py
[2024-01-30T16:17:27.603+0000] {processor.py:840} INFO - DAG(s) 'dataset_consumes_1', 'dataset_consumes_1_and_2', 'dataset_consumes_unknown_never_scheduled', 'dataset_produces_1', 'dataset_produces_2', 'dataset_consumes_1_never_scheduled' retrieved from /home/airflow/.local/lib/python3.8/site-packages/airflow/example_dags/example_datasets.py
[2024-01-30T16:17:27.637+0000] {logging_mixin.py:188} INFO - [2024-01-30T16:17:27.636+0000] {dag.py:3036} INFO - Sync 6 DAGs
[2024-01-30T16:17:27.657+0000] {logging_mixin.py:188} INFO - [2024-01-30T16:17:27.656+0000] {dag.py:3823} INFO - Setting next_dagrun for dataset_consumes_1 to None, run_after=None
[2024-01-30T16:17:27.660+0000] {logging_mixin.py:188} INFO - [2024-01-30T16:17:27.660+0000] {dag.py:3823} INFO - Setting next_dagrun for dataset_consumes_1_and_2 to None, run_after=None
[2024-01-30T16:17:27.661+0000] {logging_mixin.py:188} INFO - [2024-01-30T16:17:27.661+0000] {dag.py:3823} INFO - Setting next_dagrun for dataset_consumes_1_never_scheduled to None, run_after=None
[2024-01-30T16:17:27.663+0000] {logging_mixin.py:188} INFO - [2024-01-30T16:17:27.663+0000] {dag.py:3823} INFO - Setting next_dagrun for dataset_consumes_unknown_never_scheduled to None, run_after=None
[2024-01-30T16:17:27.666+0000] {logging_mixin.py:188} INFO - [2024-01-30T16:17:27.666+0000] {dag.py:3823} INFO - Setting next_dagrun for dataset_produces_1 to 2024-01-29 00:00:00+00:00, run_after=2024-01-30 00:00:00+00:00
[2024-01-30T16:17:27.667+0000] {logging_mixin.py:188} INFO - [2024-01-30T16:17:27.667+0000] {dag.py:3823} INFO - Setting next_dagrun for dataset_produces_2 to None, run_after=None
[2024-01-30T16:17:27.697+0000] {processor.py:183} INFO - Processing /home/airflow/.local/lib/python3.8/site-packages/airflow/example_dags/example_datasets.py took 0.108 seconds
[2024-01-30T16:17:58.545+0000] {processor.py:161} INFO - Started process (PID=215) to work on /home/airflow/.local/lib/python3.8/site-packages/airflow/example_dags/example_datasets.py
[2024-01-30T16:17:58.546+0000] {processor.py:830} INFO - Processing file /home/airflow/.local/lib/python3.8/site-packages/airflow/example_dags/example_datasets.py for tasks to queue
[2024-01-30T16:17:58.548+0000] {logging_mixin.py:188} INFO - [2024-01-30T16:17:58.548+0000] {dagbag.py:538} INFO - Filling up the DagBag from /home/airflow/.local/lib/python3.8/site-packages/airflow/example_dags/example_datasets.py
[2024-01-30T16:17:58.557+0000] {processor.py:840} INFO - DAG(s) 'dataset_consumes_1', 'dataset_consumes_1_and_2', 'dataset_produces_1', 'dataset_consumes_1_never_scheduled', 'dataset_consumes_unknown_never_scheduled', 'dataset_produces_2' retrieved from /home/airflow/.local/lib/python3.8/site-packages/airflow/example_dags/example_datasets.py
[2024-01-30T16:17:58.589+0000] {logging_mixin.py:188} INFO - [2024-01-30T16:17:58.589+0000] {dag.py:3036} INFO - Sync 6 DAGs
[2024-01-30T16:17:58.609+0000] {logging_mixin.py:188} INFO - [2024-01-30T16:17:58.609+0000] {dag.py:3823} INFO - Setting next_dagrun for dataset_consumes_1 to None, run_after=None
[2024-01-30T16:17:58.612+0000] {logging_mixin.py:188} INFO - [2024-01-30T16:17:58.612+0000] {dag.py:3823} INFO - Setting next_dagrun for dataset_consumes_1_and_2 to None, run_after=None
[2024-01-30T16:17:58.614+0000] {logging_mixin.py:188} INFO - [2024-01-30T16:17:58.614+0000] {dag.py:3823} INFO - Setting next_dagrun for dataset_consumes_1_never_scheduled to None, run_after=None
[2024-01-30T16:17:58.616+0000] {logging_mixin.py:188} INFO - [2024-01-30T16:17:58.615+0000] {dag.py:3823} INFO - Setting next_dagrun for dataset_consumes_unknown_never_scheduled to None, run_after=None
[2024-01-30T16:17:58.618+0000] {logging_mixin.py:188} INFO - [2024-01-30T16:17:58.618+0000] {dag.py:3823} INFO - Setting next_dagrun for dataset_produces_1 to 2024-01-29 00:00:00+00:00, run_after=2024-01-30 00:00:00+00:00
[2024-01-30T16:17:58.620+0000] {logging_mixin.py:188} INFO - [2024-01-30T16:17:58.620+0000] {dag.py:3823} INFO - Setting next_dagrun for dataset_produces_2 to None, run_after=None
[2024-01-30T16:17:58.649+0000] {processor.py:183} INFO - Processing /home/airflow/.local/lib/python3.8/site-packages/airflow/example_dags/example_datasets.py took 0.107 seconds
[2024-01-30T16:18:28.776+0000] {processor.py:161} INFO - Started process (PID=270) to work on /home/airflow/.local/lib/python3.8/site-packages/airflow/example_dags/example_datasets.py
[2024-01-30T16:18:28.777+0000] {processor.py:830} INFO - Processing file /home/airflow/.local/lib/python3.8/site-packages/airflow/example_dags/example_datasets.py for tasks to queue
[2024-01-30T16:18:28.779+0000] {logging_mixin.py:188} INFO - [2024-01-30T16:18:28.779+0000] {dagbag.py:538} INFO - Filling up the DagBag from /home/airflow/.local/lib/python3.8/site-packages/airflow/example_dags/example_datasets.py
[2024-01-30T16:18:28.787+0000] {processor.py:840} INFO - DAG(s) 'dataset_consumes_1_never_scheduled', 'dataset_consumes_1', 'dataset_produces_1', 'dataset_produces_2', 'dataset_consumes_1_and_2', 'dataset_consumes_unknown_never_scheduled' retrieved from /home/airflow/.local/lib/python3.8/site-packages/airflow/example_dags/example_datasets.py
[2024-01-30T16:18:28.819+0000] {logging_mixin.py:188} INFO - [2024-01-30T16:18:28.819+0000] {dag.py:3036} INFO - Sync 6 DAGs
[2024-01-30T16:18:28.840+0000] {logging_mixin.py:188} INFO - [2024-01-30T16:18:28.840+0000] {dag.py:3823} INFO - Setting next_dagrun for dataset_consumes_1 to None, run_after=None
[2024-01-30T16:18:28.843+0000] {logging_mixin.py:188} INFO - [2024-01-30T16:18:28.843+0000] {dag.py:3823} INFO - Setting next_dagrun for dataset_consumes_1_and_2 to None, run_after=None
[2024-01-30T16:18:28.845+0000] {logging_mixin.py:188} INFO - [2024-01-30T16:18:28.845+0000] {dag.py:3823} INFO - Setting next_dagrun for dataset_consumes_1_never_scheduled to None, run_after=None
[2024-01-30T16:18:28.846+0000] {logging_mixin.py:188} INFO - [2024-01-30T16:18:28.846+0000] {dag.py:3823} INFO - Setting next_dagrun for dataset_consumes_unknown_never_scheduled to None, run_after=None
[2024-01-30T16:18:28.849+0000] {logging_mixin.py:188} INFO - [2024-01-30T16:18:28.849+0000] {dag.py:3823} INFO - Setting next_dagrun for dataset_produces_1 to 2024-01-29 00:00:00+00:00, run_after=2024-01-30 00:00:00+00:00
[2024-01-30T16:18:28.851+0000] {logging_mixin.py:188} INFO - [2024-01-30T16:18:28.851+0000] {dag.py:3823} INFO - Setting next_dagrun for dataset_produces_2 to None, run_after=None
[2024-01-30T16:18:28.880+0000] {processor.py:183} INFO - Processing /home/airflow/.local/lib/python3.8/site-packages/airflow/example_dags/example_datasets.py took 0.107 seconds
[2024-01-30T16:18:59.399+0000] {processor.py:161} INFO - Started process (PID=325) to work on /home/airflow/.local/lib/python3.8/site-packages/airflow/example_dags/example_datasets.py
[2024-01-30T16:18:59.400+0000] {processor.py:830} INFO - Processing file /home/airflow/.local/lib/python3.8/site-packages/airflow/example_dags/example_datasets.py for tasks to queue
[2024-01-30T16:18:59.402+0000] {logging_mixin.py:188} INFO - [2024-01-30T16:18:59.401+0000] {dagbag.py:538} INFO - Filling up the DagBag from /home/airflow/.local/lib/python3.8/site-packages/airflow/example_dags/example_datasets.py
[2024-01-30T16:18:59.410+0000] {processor.py:840} INFO - DAG(s) 'dataset_produces_2', 'dataset_consumes_unknown_never_scheduled', 'dataset_produces_1', 'dataset_consumes_1_and_2', 'dataset_consumes_1_never_scheduled', 'dataset_consumes_1' retrieved from /home/airflow/.local/lib/python3.8/site-packages/airflow/example_dags/example_datasets.py
[2024-01-30T16:18:59.442+0000] {logging_mixin.py:188} INFO - [2024-01-30T16:18:59.442+0000] {dag.py:3036} INFO - Sync 6 DAGs
[2024-01-30T16:18:59.462+0000] {logging_mixin.py:188} INFO - [2024-01-30T16:18:59.461+0000] {dag.py:3823} INFO - Setting next_dagrun for dataset_consumes_1 to None, run_after=None
[2024-01-30T16:18:59.465+0000] {logging_mixin.py:188} INFO - [2024-01-30T16:18:59.465+0000] {dag.py:3823} INFO - Setting next_dagrun for dataset_consumes_1_and_2 to None, run_after=None
[2024-01-30T16:18:59.466+0000] {logging_mixin.py:188} INFO - [2024-01-30T16:18:59.466+0000] {dag.py:3823} INFO - Setting next_dagrun for dataset_consumes_1_never_scheduled to None, run_after=None
[2024-01-30T16:18:59.468+0000] {logging_mixin.py:188} INFO - [2024-01-30T16:18:59.467+0000] {dag.py:3823} INFO - Setting next_dagrun for dataset_consumes_unknown_never_scheduled to None, run_after=None
[2024-01-30T16:18:59.470+0000] {logging_mixin.py:188} INFO - [2024-01-30T16:18:59.470+0000] {dag.py:3823} INFO - Setting next_dagrun for dataset_produces_1 to 2024-01-29 00:00:00+00:00, run_after=2024-01-30 00:00:00+00:00
[2024-01-30T16:18:59.472+0000] {logging_mixin.py:188} INFO - [2024-01-30T16:18:59.472+0000] {dag.py:3823} INFO - Setting next_dagrun for dataset_produces_2 to None, run_after=None
[2024-01-30T16:18:59.499+0000] {processor.py:183} INFO - Processing /home/airflow/.local/lib/python3.8/site-packages/airflow/example_dags/example_datasets.py took 0.103 seconds
[2024-01-30T16:19:30.104+0000] {processor.py:161} INFO - Started process (PID=380) to work on /home/airflow/.local/lib/python3.8/site-packages/airflow/example_dags/example_datasets.py
[2024-01-30T16:19:30.105+0000] {processor.py:830} INFO - Processing file /home/airflow/.local/lib/python3.8/site-packages/airflow/example_dags/example_datasets.py for tasks to queue
[2024-01-30T16:19:30.106+0000] {logging_mixin.py:188} INFO - [2024-01-30T16:19:30.106+0000] {dagbag.py:538} INFO - Filling up the DagBag from /home/airflow/.local/lib/python3.8/site-packages/airflow/example_dags/example_datasets.py
[2024-01-30T16:19:30.115+0000] {processor.py:840} INFO - DAG(s) 'dataset_consumes_1_never_scheduled', 'dataset_produces_1', 'dataset_produces_2', 'dataset_consumes_1', 'dataset_consumes_unknown_never_scheduled', 'dataset_consumes_1_and_2' retrieved from /home/airflow/.local/lib/python3.8/site-packages/airflow/example_dags/example_datasets.py
[2024-01-30T16:19:30.147+0000] {logging_mixin.py:188} INFO - [2024-01-30T16:19:30.147+0000] {dag.py:3036} INFO - Sync 6 DAGs
[2024-01-30T16:19:30.166+0000] {logging_mixin.py:188} INFO - [2024-01-30T16:19:30.166+0000] {dag.py:3823} INFO - Setting next_dagrun for dataset_consumes_1 to None, run_after=None
[2024-01-30T16:19:30.169+0000] {logging_mixin.py:188} INFO - [2024-01-30T16:19:30.169+0000] {dag.py:3823} INFO - Setting next_dagrun for dataset_consumes_1_and_2 to None, run_after=None
[2024-01-30T16:19:30.171+0000] {logging_mixin.py:188} INFO - [2024-01-30T16:19:30.171+0000] {dag.py:3823} INFO - Setting next_dagrun for dataset_consumes_1_never_scheduled to None, run_after=None
[2024-01-30T16:19:30.172+0000] {logging_mixin.py:188} INFO - [2024-01-30T16:19:30.172+0000] {dag.py:3823} INFO - Setting next_dagrun for dataset_consumes_unknown_never_scheduled to None, run_after=None
[2024-01-30T16:19:30.175+0000] {logging_mixin.py:188} INFO - [2024-01-30T16:19:30.175+0000] {dag.py:3823} INFO - Setting next_dagrun for dataset_produces_1 to 2024-01-29 00:00:00+00:00, run_after=2024-01-30 00:00:00+00:00
[2024-01-30T16:19:30.177+0000] {logging_mixin.py:188} INFO - [2024-01-30T16:19:30.176+0000] {dag.py:3823} INFO - Setting next_dagrun for dataset_produces_2 to None, run_after=None
[2024-01-30T16:19:30.206+0000] {processor.py:183} INFO - Processing /home/airflow/.local/lib/python3.8/site-packages/airflow/example_dags/example_datasets.py took 0.105 seconds
[2024-01-30T16:20:00.699+0000] {processor.py:161} INFO - Started process (PID=435) to work on /home/airflow/.local/lib/python3.8/site-packages/airflow/example_dags/example_datasets.py
[2024-01-30T16:20:00.700+0000] {processor.py:830} INFO - Processing file /home/airflow/.local/lib/python3.8/site-packages/airflow/example_dags/example_datasets.py for tasks to queue
[2024-01-30T16:20:00.701+0000] {logging_mixin.py:188} INFO - [2024-01-30T16:20:00.701+0000] {dagbag.py:538} INFO - Filling up the DagBag from /home/airflow/.local/lib/python3.8/site-packages/airflow/example_dags/example_datasets.py
[2024-01-30T16:20:00.710+0000] {processor.py:840} INFO - DAG(s) 'dataset_consumes_1_never_scheduled', 'dataset_produces_1', 'dataset_produces_2', 'dataset_consumes_unknown_never_scheduled', 'dataset_consumes_1', 'dataset_consumes_1_and_2' retrieved from /home/airflow/.local/lib/python3.8/site-packages/airflow/example_dags/example_datasets.py
[2024-01-30T16:20:00.743+0000] {logging_mixin.py:188} INFO - [2024-01-30T16:20:00.742+0000] {dag.py:3036} INFO - Sync 6 DAGs
[2024-01-30T16:20:00.762+0000] {logging_mixin.py:188} INFO - [2024-01-30T16:20:00.762+0000] {dag.py:3823} INFO - Setting next_dagrun for dataset_consumes_1 to None, run_after=None
[2024-01-30T16:20:00.766+0000] {logging_mixin.py:188} INFO - [2024-01-30T16:20:00.766+0000] {dag.py:3823} INFO - Setting next_dagrun for dataset_consumes_1_and_2 to None, run_after=None
[2024-01-30T16:20:00.767+0000] {logging_mixin.py:188} INFO - [2024-01-30T16:20:00.767+0000] {dag.py:3823} INFO - Setting next_dagrun for dataset_consumes_1_never_scheduled to None, run_after=None
[2024-01-30T16:20:00.769+0000] {logging_mixin.py:188} INFO - [2024-01-30T16:20:00.769+0000] {dag.py:3823} INFO - Setting next_dagrun for dataset_consumes_unknown_never_scheduled to None, run_after=None
[2024-01-30T16:20:00.772+0000] {logging_mixin.py:188} INFO - [2024-01-30T16:20:00.771+0000] {dag.py:3823} INFO - Setting next_dagrun for dataset_produces_1 to 2024-01-29 00:00:00+00:00, run_after=2024-01-30 00:00:00+00:00
[2024-01-30T16:20:00.773+0000] {logging_mixin.py:188} INFO - [2024-01-30T16:20:00.773+0000] {dag.py:3823} INFO - Setting next_dagrun for dataset_produces_2 to None, run_after=None
[2024-01-30T16:20:00.803+0000] {processor.py:183} INFO - Processing /home/airflow/.local/lib/python3.8/site-packages/airflow/example_dags/example_datasets.py took 0.107 seconds
[2024-01-30T16:20:31.373+0000] {processor.py:161} INFO - Started process (PID=490) to work on /home/airflow/.local/lib/python3.8/site-packages/airflow/example_dags/example_datasets.py
[2024-01-30T16:20:31.374+0000] {processor.py:830} INFO - Processing file /home/airflow/.local/lib/python3.8/site-packages/airflow/example_dags/example_datasets.py for tasks to queue
[2024-01-30T16:20:31.376+0000] {logging_mixin.py:188} INFO - [2024-01-30T16:20:31.375+0000] {dagbag.py:538} INFO - Filling up the DagBag from /home/airflow/.local/lib/python3.8/site-packages/airflow/example_dags/example_datasets.py
[2024-01-30T16:20:31.384+0000] {processor.py:840} INFO - DAG(s) 'dataset_produces_2', 'dataset_consumes_1_never_scheduled', 'dataset_consumes_unknown_never_scheduled', 'dataset_consumes_1', 'dataset_consumes_1_and_2', 'dataset_produces_1' retrieved from /home/airflow/.local/lib/python3.8/site-packages/airflow/example_dags/example_datasets.py
[2024-01-30T16:20:31.417+0000] {logging_mixin.py:188} INFO - [2024-01-30T16:20:31.417+0000] {dag.py:3036} INFO - Sync 6 DAGs
[2024-01-30T16:20:31.438+0000] {logging_mixin.py:188} INFO - [2024-01-30T16:20:31.437+0000] {dag.py:3823} INFO - Setting next_dagrun for dataset_consumes_1 to None, run_after=None
[2024-01-30T16:20:31.441+0000] {logging_mixin.py:188} INFO - [2024-01-30T16:20:31.441+0000] {dag.py:3823} INFO - Setting next_dagrun for dataset_consumes_1_and_2 to None, run_after=None
[2024-01-30T16:20:31.442+0000] {logging_mixin.py:188} INFO - [2024-01-30T16:20:31.442+0000] {dag.py:3823} INFO - Setting next_dagrun for dataset_consumes_1_never_scheduled to None, run_after=None
[2024-01-30T16:20:31.444+0000] {logging_mixin.py:188} INFO - [2024-01-30T16:20:31.444+0000] {dag.py:3823} INFO - Setting next_dagrun for dataset_consumes_unknown_never_scheduled to None, run_after=None
[2024-01-30T16:20:31.447+0000] {logging_mixin.py:188} INFO - [2024-01-30T16:20:31.447+0000] {dag.py:3823} INFO - Setting next_dagrun for dataset_produces_1 to 2024-01-29 00:00:00+00:00, run_after=2024-01-30 00:00:00+00:00
[2024-01-30T16:20:31.448+0000] {logging_mixin.py:188} INFO - [2024-01-30T16:20:31.448+0000] {dag.py:3823} INFO - Setting next_dagrun for dataset_produces_2 to None, run_after=None
[2024-01-30T16:20:31.477+0000] {processor.py:183} INFO - Processing /home/airflow/.local/lib/python3.8/site-packages/airflow/example_dags/example_datasets.py took 0.107 seconds
[2024-01-30T16:21:02.060+0000] {processor.py:161} INFO - Started process (PID=545) to work on /home/airflow/.local/lib/python3.8/site-packages/airflow/example_dags/example_datasets.py
[2024-01-30T16:21:02.061+0000] {processor.py:830} INFO - Processing file /home/airflow/.local/lib/python3.8/site-packages/airflow/example_dags/example_datasets.py for tasks to queue
[2024-01-30T16:21:02.063+0000] {logging_mixin.py:188} INFO - [2024-01-30T16:21:02.063+0000] {dagbag.py:538} INFO - Filling up the DagBag from /home/airflow/.local/lib/python3.8/site-packages/airflow/example_dags/example_datasets.py
[2024-01-30T16:21:02.073+0000] {processor.py:840} INFO - DAG(s) 'dataset_consumes_1_never_scheduled', 'dataset_produces_1', 'dataset_consumes_1_and_2', 'dataset_consumes_unknown_never_scheduled', 'dataset_produces_2', 'dataset_consumes_1' retrieved from /home/airflow/.local/lib/python3.8/site-packages/airflow/example_dags/example_datasets.py
[2024-01-30T16:21:02.109+0000] {logging_mixin.py:188} INFO - [2024-01-30T16:21:02.108+0000] {dag.py:3036} INFO - Sync 6 DAGs
[2024-01-30T16:21:02.130+0000] {logging_mixin.py:188} INFO - [2024-01-30T16:21:02.130+0000] {dag.py:3823} INFO - Setting next_dagrun for dataset_consumes_1 to None, run_after=None
[2024-01-30T16:21:02.135+0000] {logging_mixin.py:188} INFO - [2024-01-30T16:21:02.134+0000] {dag.py:3823} INFO - Setting next_dagrun for dataset_consumes_1_and_2 to None, run_after=None
[2024-01-30T16:21:02.136+0000] {logging_mixin.py:188} INFO - [2024-01-30T16:21:02.136+0000] {dag.py:3823} INFO - Setting next_dagrun for dataset_consumes_1_never_scheduled to None, run_after=None
[2024-01-30T16:21:02.138+0000] {logging_mixin.py:188} INFO - [2024-01-30T16:21:02.138+0000] {dag.py:3823} INFO - Setting next_dagrun for dataset_consumes_unknown_never_scheduled to None, run_after=None
[2024-01-30T16:21:02.141+0000] {logging_mixin.py:188} INFO - [2024-01-30T16:21:02.141+0000] {dag.py:3823} INFO - Setting next_dagrun for dataset_produces_1 to 2024-01-29 00:00:00+00:00, run_after=2024-01-30 00:00:00+00:00
[2024-01-30T16:21:02.143+0000] {logging_mixin.py:188} INFO - [2024-01-30T16:21:02.143+0000] {dag.py:3823} INFO - Setting next_dagrun for dataset_produces_2 to None, run_after=None
[2024-01-30T16:21:02.175+0000] {processor.py:183} INFO - Processing /home/airflow/.local/lib/python3.8/site-packages/airflow/example_dags/example_datasets.py took 0.118 seconds
[2024-01-30T16:21:32.334+0000] {processor.py:161} INFO - Started process (PID=600) to work on /home/airflow/.local/lib/python3.8/site-packages/airflow/example_dags/example_datasets.py
[2024-01-30T16:21:32.335+0000] {processor.py:830} INFO - Processing file /home/airflow/.local/lib/python3.8/site-packages/airflow/example_dags/example_datasets.py for tasks to queue
[2024-01-30T16:21:32.337+0000] {logging_mixin.py:188} INFO - [2024-01-30T16:21:32.337+0000] {dagbag.py:538} INFO - Filling up the DagBag from /home/airflow/.local/lib/python3.8/site-packages/airflow/example_dags/example_datasets.py
[2024-01-30T16:21:32.346+0000] {processor.py:840} INFO - DAG(s) 'dataset_consumes_1', 'dataset_consumes_1_and_2', 'dataset_consumes_unknown_never_scheduled', 'dataset_produces_1', 'dataset_produces_2', 'dataset_consumes_1_never_scheduled' retrieved from /home/airflow/.local/lib/python3.8/site-packages/airflow/example_dags/example_datasets.py
[2024-01-30T16:21:32.385+0000] {logging_mixin.py:188} INFO - [2024-01-30T16:21:32.385+0000] {dag.py:3036} INFO - Sync 6 DAGs
[2024-01-30T16:21:32.411+0000] {logging_mixin.py:188} INFO - [2024-01-30T16:21:32.411+0000] {dag.py:3823} INFO - Setting next_dagrun for dataset_consumes_1 to None, run_after=None
[2024-01-30T16:21:32.415+0000] {logging_mixin.py:188} INFO - [2024-01-30T16:21:32.415+0000] {dag.py:3823} INFO - Setting next_dagrun for dataset_consumes_1_and_2 to None, run_after=None
[2024-01-30T16:21:32.417+0000] {logging_mixin.py:188} INFO - [2024-01-30T16:21:32.417+0000] {dag.py:3823} INFO - Setting next_dagrun for dataset_consumes_1_never_scheduled to None, run_after=None
[2024-01-30T16:21:32.419+0000] {logging_mixin.py:188} INFO - [2024-01-30T16:21:32.418+0000] {dag.py:3823} INFO - Setting next_dagrun for dataset_consumes_unknown_never_scheduled to None, run_after=None
[2024-01-30T16:21:32.422+0000] {logging_mixin.py:188} INFO - [2024-01-30T16:21:32.422+0000] {dag.py:3823} INFO - Setting next_dagrun for dataset_produces_1 to 2024-01-29 00:00:00+00:00, run_after=2024-01-30 00:00:00+00:00
[2024-01-30T16:21:32.424+0000] {logging_mixin.py:188} INFO - [2024-01-30T16:21:32.423+0000] {dag.py:3823} INFO - Setting next_dagrun for dataset_produces_2 to None, run_after=None
[2024-01-30T16:21:32.458+0000] {processor.py:183} INFO - Processing /home/airflow/.local/lib/python3.8/site-packages/airflow/example_dags/example_datasets.py took 0.128 seconds
[2024-01-30T16:22:02.593+0000] {processor.py:161} INFO - Started process (PID=655) to work on /home/airflow/.local/lib/python3.8/site-packages/airflow/example_dags/example_datasets.py
[2024-01-30T16:22:02.595+0000] {processor.py:830} INFO - Processing file /home/airflow/.local/lib/python3.8/site-packages/airflow/example_dags/example_datasets.py for tasks to queue
[2024-01-30T16:22:02.598+0000] {logging_mixin.py:188} INFO - [2024-01-30T16:22:02.597+0000] {dagbag.py:538} INFO - Filling up the DagBag from /home/airflow/.local/lib/python3.8/site-packages/airflow/example_dags/example_datasets.py
[2024-01-30T16:22:02.610+0000] {processor.py:840} INFO - DAG(s) 'dataset_consumes_1', 'dataset_consumes_1_never_scheduled', 'dataset_produces_2', 'dataset_consumes_1_and_2', 'dataset_produces_1', 'dataset_consumes_unknown_never_scheduled' retrieved from /home/airflow/.local/lib/python3.8/site-packages/airflow/example_dags/example_datasets.py
[2024-01-30T16:22:02.649+0000] {logging_mixin.py:188} INFO - [2024-01-30T16:22:02.649+0000] {dag.py:3036} INFO - Sync 6 DAGs
[2024-01-30T16:22:02.675+0000] {logging_mixin.py:188} INFO - [2024-01-30T16:22:02.675+0000] {dag.py:3823} INFO - Setting next_dagrun for dataset_consumes_1 to None, run_after=None
[2024-01-30T16:22:02.678+0000] {logging_mixin.py:188} INFO - [2024-01-30T16:22:02.678+0000] {dag.py:3823} INFO - Setting next_dagrun for dataset_consumes_1_and_2 to None, run_after=None
[2024-01-30T16:22:02.680+0000] {logging_mixin.py:188} INFO - [2024-01-30T16:22:02.680+0000] {dag.py:3823} INFO - Setting next_dagrun for dataset_consumes_1_never_scheduled to None, run_after=None
[2024-01-30T16:22:02.681+0000] {logging_mixin.py:188} INFO - [2024-01-30T16:22:02.681+0000] {dag.py:3823} INFO - Setting next_dagrun for dataset_consumes_unknown_never_scheduled to None, run_after=None
[2024-01-30T16:22:02.684+0000] {logging_mixin.py:188} INFO - [2024-01-30T16:22:02.684+0000] {dag.py:3823} INFO - Setting next_dagrun for dataset_produces_1 to 2024-01-29 00:00:00+00:00, run_after=2024-01-30 00:00:00+00:00
[2024-01-30T16:22:02.686+0000] {logging_mixin.py:188} INFO - [2024-01-30T16:22:02.686+0000] {dag.py:3823} INFO - Setting next_dagrun for dataset_produces_2 to None, run_after=None
[2024-01-30T16:22:02.717+0000] {processor.py:183} INFO - Processing /home/airflow/.local/lib/python3.8/site-packages/airflow/example_dags/example_datasets.py took 0.128 seconds
[2024-01-30T16:22:32.802+0000] {processor.py:161} INFO - Started process (PID=711) to work on /home/airflow/.local/lib/python3.8/site-packages/airflow/example_dags/example_datasets.py
[2024-01-30T16:22:32.803+0000] {processor.py:830} INFO - Processing file /home/airflow/.local/lib/python3.8/site-packages/airflow/example_dags/example_datasets.py for tasks to queue
[2024-01-30T16:22:32.805+0000] {logging_mixin.py:188} INFO - [2024-01-30T16:22:32.805+0000] {dagbag.py:538} INFO - Filling up the DagBag from /home/airflow/.local/lib/python3.8/site-packages/airflow/example_dags/example_datasets.py
[2024-01-30T16:22:32.821+0000] {processor.py:840} INFO - DAG(s) 'dataset_produces_2', 'dataset_produces_1', 'dataset_consumes_1', 'dataset_consumes_1_and_2', 'dataset_consumes_1_never_scheduled', 'dataset_consumes_unknown_never_scheduled' retrieved from /home/airflow/.local/lib/python3.8/site-packages/airflow/example_dags/example_datasets.py
[2024-01-30T16:22:32.859+0000] {logging_mixin.py:188} INFO - [2024-01-30T16:22:32.859+0000] {dag.py:3036} INFO - Sync 6 DAGs
[2024-01-30T16:22:32.888+0000] {logging_mixin.py:188} INFO - [2024-01-30T16:22:32.888+0000] {dag.py:3823} INFO - Setting next_dagrun for dataset_consumes_1 to None, run_after=None
[2024-01-30T16:22:32.892+0000] {logging_mixin.py:188} INFO - [2024-01-30T16:22:32.892+0000] {dag.py:3823} INFO - Setting next_dagrun for dataset_consumes_1_and_2 to None, run_after=None
[2024-01-30T16:22:32.893+0000] {logging_mixin.py:188} INFO - [2024-01-30T16:22:32.893+0000] {dag.py:3823} INFO - Setting next_dagrun for dataset_consumes_1_never_scheduled to None, run_after=None
[2024-01-30T16:22:32.895+0000] {logging_mixin.py:188} INFO - [2024-01-30T16:22:32.895+0000] {dag.py:3823} INFO - Setting next_dagrun for dataset_consumes_unknown_never_scheduled to None, run_after=None
[2024-01-30T16:22:32.898+0000] {logging_mixin.py:188} INFO - [2024-01-30T16:22:32.897+0000] {dag.py:3823} INFO - Setting next_dagrun for dataset_produces_1 to 2024-01-29 00:00:00+00:00, run_after=2024-01-30 00:00:00+00:00
[2024-01-30T16:22:32.899+0000] {logging_mixin.py:188} INFO - [2024-01-30T16:22:32.899+0000] {dag.py:3823} INFO - Setting next_dagrun for dataset_produces_2 to None, run_after=None
[2024-01-30T16:22:32.929+0000] {processor.py:183} INFO - Processing /home/airflow/.local/lib/python3.8/site-packages/airflow/example_dags/example_datasets.py took 0.129 seconds
[2024-01-30T16:23:03.052+0000] {processor.py:161} INFO - Started process (PID=766) to work on /home/airflow/.local/lib/python3.8/site-packages/airflow/example_dags/example_datasets.py
[2024-01-30T16:23:03.053+0000] {processor.py:830} INFO - Processing file /home/airflow/.local/lib/python3.8/site-packages/airflow/example_dags/example_datasets.py for tasks to queue
[2024-01-30T16:23:03.055+0000] {logging_mixin.py:188} INFO - [2024-01-30T16:23:03.055+0000] {dagbag.py:538} INFO - Filling up the DagBag from /home/airflow/.local/lib/python3.8/site-packages/airflow/example_dags/example_datasets.py
[2024-01-30T16:23:03.064+0000] {processor.py:840} INFO - DAG(s) 'dataset_consumes_1', 'dataset_produces_1', 'dataset_consumes_1_never_scheduled', 'dataset_consumes_unknown_never_scheduled', 'dataset_consumes_1_and_2', 'dataset_produces_2' retrieved from /home/airflow/.local/lib/python3.8/site-packages/airflow/example_dags/example_datasets.py
[2024-01-30T16:23:03.101+0000] {logging_mixin.py:188} INFO - [2024-01-30T16:23:03.101+0000] {dag.py:3036} INFO - Sync 6 DAGs
[2024-01-30T16:23:03.122+0000] {logging_mixin.py:188} INFO - [2024-01-30T16:23:03.121+0000] {dag.py:3823} INFO - Setting next_dagrun for dataset_consumes_1 to None, run_after=None
[2024-01-30T16:23:03.125+0000] {logging_mixin.py:188} INFO - [2024-01-30T16:23:03.125+0000] {dag.py:3823} INFO - Setting next_dagrun for dataset_consumes_1_and_2 to None, run_after=None
[2024-01-30T16:23:03.127+0000] {logging_mixin.py:188} INFO - [2024-01-30T16:23:03.126+0000] {dag.py:3823} INFO - Setting next_dagrun for dataset_consumes_1_never_scheduled to None, run_after=None
[2024-01-30T16:23:03.128+0000] {logging_mixin.py:188} INFO - [2024-01-30T16:23:03.128+0000] {dag.py:3823} INFO - Setting next_dagrun for dataset_consumes_unknown_never_scheduled to None, run_after=None
[2024-01-30T16:23:03.131+0000] {logging_mixin.py:188} INFO - [2024-01-30T16:23:03.131+0000] {dag.py:3823} INFO - Setting next_dagrun for dataset_produces_1 to 2024-01-29 00:00:00+00:00, run_after=2024-01-30 00:00:00+00:00
[2024-01-30T16:23:03.133+0000] {logging_mixin.py:188} INFO - [2024-01-30T16:23:03.133+0000] {dag.py:3823} INFO - Setting next_dagrun for dataset_produces_2 to None, run_after=None
[2024-01-30T16:23:03.163+0000] {processor.py:183} INFO - Processing /home/airflow/.local/lib/python3.8/site-packages/airflow/example_dags/example_datasets.py took 0.114 seconds
[2024-01-30T16:23:33.723+0000] {processor.py:161} INFO - Started process (PID=820) to work on /home/airflow/.local/lib/python3.8/site-packages/airflow/example_dags/example_datasets.py
[2024-01-30T16:23:33.724+0000] {processor.py:830} INFO - Processing file /home/airflow/.local/lib/python3.8/site-packages/airflow/example_dags/example_datasets.py for tasks to queue
[2024-01-30T16:23:33.728+0000] {logging_mixin.py:188} INFO - [2024-01-30T16:23:33.727+0000] {dagbag.py:538} INFO - Filling up the DagBag from /home/airflow/.local/lib/python3.8/site-packages/airflow/example_dags/example_datasets.py
[2024-01-30T16:23:33.743+0000] {processor.py:840} INFO - DAG(s) 'dataset_consumes_1_and_2', 'dataset_consumes_1', 'dataset_produces_1', 'dataset_produces_2', 'dataset_consumes_unknown_never_scheduled', 'dataset_consumes_1_never_scheduled' retrieved from /home/airflow/.local/lib/python3.8/site-packages/airflow/example_dags/example_datasets.py
[2024-01-30T16:23:33.785+0000] {logging_mixin.py:188} INFO - [2024-01-30T16:23:33.785+0000] {dag.py:3036} INFO - Sync 6 DAGs
[2024-01-30T16:23:33.808+0000] {logging_mixin.py:188} INFO - [2024-01-30T16:23:33.808+0000] {dag.py:3823} INFO - Setting next_dagrun for dataset_consumes_1 to None, run_after=None
[2024-01-30T16:23:33.812+0000] {logging_mixin.py:188} INFO - [2024-01-30T16:23:33.811+0000] {dag.py:3823} INFO - Setting next_dagrun for dataset_consumes_1_and_2 to None, run_after=None
[2024-01-30T16:23:33.813+0000] {logging_mixin.py:188} INFO - [2024-01-30T16:23:33.813+0000] {dag.py:3823} INFO - Setting next_dagrun for dataset_consumes_1_never_scheduled to None, run_after=None
[2024-01-30T16:23:33.815+0000] {logging_mixin.py:188} INFO - [2024-01-30T16:23:33.815+0000] {dag.py:3823} INFO - Setting next_dagrun for dataset_consumes_unknown_never_scheduled to None, run_after=None
[2024-01-30T16:23:33.818+0000] {logging_mixin.py:188} INFO - [2024-01-30T16:23:33.818+0000] {dag.py:3823} INFO - Setting next_dagrun for dataset_produces_1 to 2024-01-29 00:00:00+00:00, run_after=2024-01-30 00:00:00+00:00
[2024-01-30T16:23:33.820+0000] {logging_mixin.py:188} INFO - [2024-01-30T16:23:33.820+0000] {dag.py:3823} INFO - Setting next_dagrun for dataset_produces_2 to None, run_after=None
[2024-01-30T16:23:33.854+0000] {processor.py:183} INFO - Processing /home/airflow/.local/lib/python3.8/site-packages/airflow/example_dags/example_datasets.py took 0.136 seconds
[2024-01-30T16:24:42.028+0000] {processor.py:161} INFO - Started process (PID=50) to work on /home/airflow/.local/lib/python3.8/site-packages/airflow/example_dags/example_datasets.py
[2024-01-30T16:24:42.029+0000] {processor.py:830} INFO - Processing file /home/airflow/.local/lib/python3.8/site-packages/airflow/example_dags/example_datasets.py for tasks to queue
[2024-01-30T16:24:42.031+0000] {logging_mixin.py:188} INFO - [2024-01-30T16:24:42.031+0000] {dagbag.py:538} INFO - Filling up the DagBag from /home/airflow/.local/lib/python3.8/site-packages/airflow/example_dags/example_datasets.py
[2024-01-30T16:24:42.043+0000] {processor.py:840} INFO - DAG(s) 'dataset_consumes_1_and_2', 'dataset_produces_1', 'dataset_produces_2', 'dataset_consumes_1_never_scheduled', 'dataset_consumes_1', 'dataset_consumes_unknown_never_scheduled' retrieved from /home/airflow/.local/lib/python3.8/site-packages/airflow/example_dags/example_datasets.py
[2024-01-30T16:24:42.058+0000] {logging_mixin.py:188} INFO - [2024-01-30T16:24:42.058+0000] {dag.py:3036} INFO - Sync 6 DAGs
[2024-01-30T16:24:42.082+0000] {logging_mixin.py:188} INFO - [2024-01-30T16:24:42.082+0000] {dag.py:3823} INFO - Setting next_dagrun for dataset_consumes_1 to None, run_after=None
[2024-01-30T16:24:42.086+0000] {logging_mixin.py:188} INFO - [2024-01-30T16:24:42.085+0000] {dag.py:3823} INFO - Setting next_dagrun for dataset_consumes_1_and_2 to None, run_after=None
[2024-01-30T16:24:42.087+0000] {logging_mixin.py:188} INFO - [2024-01-30T16:24:42.087+0000] {dag.py:3823} INFO - Setting next_dagrun for dataset_consumes_1_never_scheduled to None, run_after=None
[2024-01-30T16:24:42.089+0000] {logging_mixin.py:188} INFO - [2024-01-30T16:24:42.089+0000] {dag.py:3823} INFO - Setting next_dagrun for dataset_consumes_unknown_never_scheduled to None, run_after=None
[2024-01-30T16:24:42.092+0000] {logging_mixin.py:188} INFO - [2024-01-30T16:24:42.092+0000] {dag.py:3823} INFO - Setting next_dagrun for dataset_produces_1 to 2024-01-29 00:00:00+00:00, run_after=2024-01-30 00:00:00+00:00
[2024-01-30T16:24:42.094+0000] {logging_mixin.py:188} INFO - [2024-01-30T16:24:42.094+0000] {dag.py:3823} INFO - Setting next_dagrun for dataset_produces_2 to None, run_after=None
[2024-01-30T16:24:42.126+0000] {processor.py:183} INFO - Processing /home/airflow/.local/lib/python3.8/site-packages/airflow/example_dags/example_datasets.py took 0.102 seconds
[2024-01-30T16:25:12.936+0000] {processor.py:161} INFO - Started process (PID=105) to work on /home/airflow/.local/lib/python3.8/site-packages/airflow/example_dags/example_datasets.py
[2024-01-30T16:25:12.937+0000] {processor.py:830} INFO - Processing file /home/airflow/.local/lib/python3.8/site-packages/airflow/example_dags/example_datasets.py for tasks to queue
[2024-01-30T16:25:12.939+0000] {logging_mixin.py:188} INFO - [2024-01-30T16:25:12.938+0000] {dagbag.py:538} INFO - Filling up the DagBag from /home/airflow/.local/lib/python3.8/site-packages/airflow/example_dags/example_datasets.py
[2024-01-30T16:25:12.948+0000] {processor.py:840} INFO - DAG(s) 'dataset_produces_1', 'dataset_produces_2', 'dataset_consumes_1_and_2', 'dataset_consumes_unknown_never_scheduled', 'dataset_consumes_1', 'dataset_consumes_1_never_scheduled' retrieved from /home/airflow/.local/lib/python3.8/site-packages/airflow/example_dags/example_datasets.py
[2024-01-30T16:25:13.104+0000] {logging_mixin.py:188} INFO - [2024-01-30T16:25:13.103+0000] {dag.py:3036} INFO - Sync 6 DAGs
[2024-01-30T16:25:13.122+0000] {logging_mixin.py:188} INFO - [2024-01-30T16:25:13.122+0000] {dag.py:3823} INFO - Setting next_dagrun for dataset_consumes_1 to None, run_after=None
[2024-01-30T16:25:13.125+0000] {logging_mixin.py:188} INFO - [2024-01-30T16:25:13.125+0000] {dag.py:3823} INFO - Setting next_dagrun for dataset_consumes_1_and_2 to None, run_after=None
[2024-01-30T16:25:13.126+0000] {logging_mixin.py:188} INFO - [2024-01-30T16:25:13.126+0000] {dag.py:3823} INFO - Setting next_dagrun for dataset_consumes_1_never_scheduled to None, run_after=None
[2024-01-30T16:25:13.128+0000] {logging_mixin.py:188} INFO - [2024-01-30T16:25:13.128+0000] {dag.py:3823} INFO - Setting next_dagrun for dataset_consumes_unknown_never_scheduled to None, run_after=None
[2024-01-30T16:25:13.131+0000] {logging_mixin.py:188} INFO - [2024-01-30T16:25:13.131+0000] {dag.py:3823} INFO - Setting next_dagrun for dataset_produces_1 to 2024-01-29 00:00:00+00:00, run_after=2024-01-30 00:00:00+00:00
[2024-01-30T16:25:13.132+0000] {logging_mixin.py:188} INFO - [2024-01-30T16:25:13.132+0000] {dag.py:3823} INFO - Setting next_dagrun for dataset_produces_2 to None, run_after=None
[2024-01-30T16:25:13.165+0000] {processor.py:183} INFO - Processing /home/airflow/.local/lib/python3.8/site-packages/airflow/example_dags/example_datasets.py took 0.232 seconds
[2024-01-30T16:26:20.753+0000] {processor.py:161} INFO - Started process (PID=50) to work on /home/airflow/.local/lib/python3.8/site-packages/airflow/example_dags/example_datasets.py
[2024-01-30T16:26:20.754+0000] {processor.py:830} INFO - Processing file /home/airflow/.local/lib/python3.8/site-packages/airflow/example_dags/example_datasets.py for tasks to queue
[2024-01-30T16:26:20.755+0000] {logging_mixin.py:188} INFO - [2024-01-30T16:26:20.755+0000] {dagbag.py:538} INFO - Filling up the DagBag from /home/airflow/.local/lib/python3.8/site-packages/airflow/example_dags/example_datasets.py
[2024-01-30T16:26:20.768+0000] {processor.py:840} INFO - DAG(s) 'dataset_consumes_unknown_never_scheduled', 'dataset_consumes_1', 'dataset_produces_1', 'dataset_produces_2', 'dataset_consumes_1_and_2', 'dataset_consumes_1_never_scheduled' retrieved from /home/airflow/.local/lib/python3.8/site-packages/airflow/example_dags/example_datasets.py
[2024-01-30T16:26:20.784+0000] {logging_mixin.py:188} INFO - [2024-01-30T16:26:20.783+0000] {dag.py:3036} INFO - Sync 6 DAGs
[2024-01-30T16:26:20.808+0000] {logging_mixin.py:188} INFO - [2024-01-30T16:26:20.808+0000] {dag.py:3823} INFO - Setting next_dagrun for dataset_consumes_1 to None, run_after=None
[2024-01-30T16:26:20.812+0000] {logging_mixin.py:188} INFO - [2024-01-30T16:26:20.812+0000] {dag.py:3823} INFO - Setting next_dagrun for dataset_consumes_1_and_2 to None, run_after=None
[2024-01-30T16:26:20.814+0000] {logging_mixin.py:188} INFO - [2024-01-30T16:26:20.814+0000] {dag.py:3823} INFO - Setting next_dagrun for dataset_consumes_1_never_scheduled to None, run_after=None
[2024-01-30T16:26:20.816+0000] {logging_mixin.py:188} INFO - [2024-01-30T16:26:20.816+0000] {dag.py:3823} INFO - Setting next_dagrun for dataset_consumes_unknown_never_scheduled to None, run_after=None
[2024-01-30T16:26:20.819+0000] {logging_mixin.py:188} INFO - [2024-01-30T16:26:20.819+0000] {dag.py:3823} INFO - Setting next_dagrun for dataset_produces_1 to 2024-01-29 00:00:00+00:00, run_after=2024-01-30 00:00:00+00:00
[2024-01-30T16:26:20.821+0000] {logging_mixin.py:188} INFO - [2024-01-30T16:26:20.821+0000] {dag.py:3823} INFO - Setting next_dagrun for dataset_produces_2 to None, run_after=None
[2024-01-30T16:26:20.855+0000] {processor.py:183} INFO - Processing /home/airflow/.local/lib/python3.8/site-packages/airflow/example_dags/example_datasets.py took 0.105 seconds
[2024-01-30T16:26:51.642+0000] {processor.py:161} INFO - Started process (PID=105) to work on /home/airflow/.local/lib/python3.8/site-packages/airflow/example_dags/example_datasets.py
[2024-01-30T16:26:51.643+0000] {processor.py:830} INFO - Processing file /home/airflow/.local/lib/python3.8/site-packages/airflow/example_dags/example_datasets.py for tasks to queue
[2024-01-30T16:26:51.644+0000] {logging_mixin.py:188} INFO - [2024-01-30T16:26:51.644+0000] {dagbag.py:538} INFO - Filling up the DagBag from /home/airflow/.local/lib/python3.8/site-packages/airflow/example_dags/example_datasets.py
[2024-01-30T16:26:51.653+0000] {processor.py:840} INFO - DAG(s) 'dataset_produces_2', 'dataset_consumes_1', 'dataset_consumes_unknown_never_scheduled', 'dataset_produces_1', 'dataset_consumes_1_never_scheduled', 'dataset_consumes_1_and_2' retrieved from /home/airflow/.local/lib/python3.8/site-packages/airflow/example_dags/example_datasets.py
[2024-01-30T16:26:51.799+0000] {logging_mixin.py:188} INFO - [2024-01-30T16:26:51.799+0000] {dag.py:3036} INFO - Sync 6 DAGs
[2024-01-30T16:26:51.817+0000] {logging_mixin.py:188} INFO - [2024-01-30T16:26:51.817+0000] {dag.py:3823} INFO - Setting next_dagrun for dataset_consumes_1 to None, run_after=None
[2024-01-30T16:26:51.820+0000] {logging_mixin.py:188} INFO - [2024-01-30T16:26:51.820+0000] {dag.py:3823} INFO - Setting next_dagrun for dataset_consumes_1_and_2 to None, run_after=None
[2024-01-30T16:26:51.821+0000] {logging_mixin.py:188} INFO - [2024-01-30T16:26:51.821+0000] {dag.py:3823} INFO - Setting next_dagrun for dataset_consumes_1_never_scheduled to None, run_after=None
[2024-01-30T16:26:51.823+0000] {logging_mixin.py:188} INFO - [2024-01-30T16:26:51.823+0000] {dag.py:3823} INFO - Setting next_dagrun for dataset_consumes_unknown_never_scheduled to None, run_after=None
[2024-01-30T16:26:51.826+0000] {logging_mixin.py:188} INFO - [2024-01-30T16:26:51.826+0000] {dag.py:3823} INFO - Setting next_dagrun for dataset_produces_1 to 2024-01-29 00:00:00+00:00, run_after=2024-01-30 00:00:00+00:00
[2024-01-30T16:26:51.827+0000] {logging_mixin.py:188} INFO - [2024-01-30T16:26:51.827+0000] {dag.py:3823} INFO - Setting next_dagrun for dataset_produces_2 to None, run_after=None
[2024-01-30T16:26:51.857+0000] {processor.py:183} INFO - Processing /home/airflow/.local/lib/python3.8/site-packages/airflow/example_dags/example_datasets.py took 0.218 seconds
[2024-01-30T16:27:21.897+0000] {processor.py:161} INFO - Started process (PID=160) to work on /home/airflow/.local/lib/python3.8/site-packages/airflow/example_dags/example_datasets.py
[2024-01-30T16:27:21.898+0000] {processor.py:830} INFO - Processing file /home/airflow/.local/lib/python3.8/site-packages/airflow/example_dags/example_datasets.py for tasks to queue
[2024-01-30T16:27:21.900+0000] {logging_mixin.py:188} INFO - [2024-01-30T16:27:21.900+0000] {dagbag.py:538} INFO - Filling up the DagBag from /home/airflow/.local/lib/python3.8/site-packages/airflow/example_dags/example_datasets.py
[2024-01-30T16:27:21.908+0000] {processor.py:840} INFO - DAG(s) 'dataset_consumes_unknown_never_scheduled', 'dataset_produces_1', 'dataset_produces_2', 'dataset_consumes_1_and_2', 'dataset_consumes_1', 'dataset_consumes_1_never_scheduled' retrieved from /home/airflow/.local/lib/python3.8/site-packages/airflow/example_dags/example_datasets.py
[2024-01-30T16:27:21.941+0000] {logging_mixin.py:188} INFO - [2024-01-30T16:27:21.941+0000] {dag.py:3036} INFO - Sync 6 DAGs
[2024-01-30T16:27:21.960+0000] {logging_mixin.py:188} INFO - [2024-01-30T16:27:21.960+0000] {dag.py:3823} INFO - Setting next_dagrun for dataset_consumes_1 to None, run_after=None
[2024-01-30T16:27:21.963+0000] {logging_mixin.py:188} INFO - [2024-01-30T16:27:21.963+0000] {dag.py:3823} INFO - Setting next_dagrun for dataset_consumes_1_and_2 to None, run_after=None
[2024-01-30T16:27:21.964+0000] {logging_mixin.py:188} INFO - [2024-01-30T16:27:21.964+0000] {dag.py:3823} INFO - Setting next_dagrun for dataset_consumes_1_never_scheduled to None, run_after=None
[2024-01-30T16:27:21.966+0000] {logging_mixin.py:188} INFO - [2024-01-30T16:27:21.965+0000] {dag.py:3823} INFO - Setting next_dagrun for dataset_consumes_unknown_never_scheduled to None, run_after=None
[2024-01-30T16:27:21.968+0000] {logging_mixin.py:188} INFO - [2024-01-30T16:27:21.968+0000] {dag.py:3823} INFO - Setting next_dagrun for dataset_produces_1 to 2024-01-29 00:00:00+00:00, run_after=2024-01-30 00:00:00+00:00
[2024-01-30T16:27:21.970+0000] {logging_mixin.py:188} INFO - [2024-01-30T16:27:21.969+0000] {dag.py:3823} INFO - Setting next_dagrun for dataset_produces_2 to None, run_after=None
[2024-01-30T16:27:21.999+0000] {processor.py:183} INFO - Processing /home/airflow/.local/lib/python3.8/site-packages/airflow/example_dags/example_datasets.py took 0.104 seconds
[2024-01-30T16:27:52.152+0000] {processor.py:161} INFO - Started process (PID=215) to work on /home/airflow/.local/lib/python3.8/site-packages/airflow/example_dags/example_datasets.py
[2024-01-30T16:27:52.153+0000] {processor.py:830} INFO - Processing file /home/airflow/.local/lib/python3.8/site-packages/airflow/example_dags/example_datasets.py for tasks to queue
[2024-01-30T16:27:52.154+0000] {logging_mixin.py:188} INFO - [2024-01-30T16:27:52.154+0000] {dagbag.py:538} INFO - Filling up the DagBag from /home/airflow/.local/lib/python3.8/site-packages/airflow/example_dags/example_datasets.py
[2024-01-30T16:27:52.163+0000] {processor.py:840} INFO - DAG(s) 'dataset_consumes_1_never_scheduled', 'dataset_consumes_unknown_never_scheduled', 'dataset_consumes_1_and_2', 'dataset_produces_2', 'dataset_consumes_1', 'dataset_produces_1' retrieved from /home/airflow/.local/lib/python3.8/site-packages/airflow/example_dags/example_datasets.py
[2024-01-30T16:27:52.196+0000] {logging_mixin.py:188} INFO - [2024-01-30T16:27:52.195+0000] {dag.py:3036} INFO - Sync 6 DAGs
[2024-01-30T16:27:52.218+0000] {logging_mixin.py:188} INFO - [2024-01-30T16:27:52.218+0000] {dag.py:3823} INFO - Setting next_dagrun for dataset_consumes_1 to None, run_after=None
[2024-01-30T16:27:52.221+0000] {logging_mixin.py:188} INFO - [2024-01-30T16:27:52.221+0000] {dag.py:3823} INFO - Setting next_dagrun for dataset_consumes_1_and_2 to None, run_after=None
[2024-01-30T16:27:52.223+0000] {logging_mixin.py:188} INFO - [2024-01-30T16:27:52.223+0000] {dag.py:3823} INFO - Setting next_dagrun for dataset_consumes_1_never_scheduled to None, run_after=None
[2024-01-30T16:27:52.224+0000] {logging_mixin.py:188} INFO - [2024-01-30T16:27:52.224+0000] {dag.py:3823} INFO - Setting next_dagrun for dataset_consumes_unknown_never_scheduled to None, run_after=None
[2024-01-30T16:27:52.227+0000] {logging_mixin.py:188} INFO - [2024-01-30T16:27:52.227+0000] {dag.py:3823} INFO - Setting next_dagrun for dataset_produces_1 to 2024-01-29 00:00:00+00:00, run_after=2024-01-30 00:00:00+00:00
[2024-01-30T16:27:52.228+0000] {logging_mixin.py:188} INFO - [2024-01-30T16:27:52.228+0000] {dag.py:3823} INFO - Setting next_dagrun for dataset_produces_2 to None, run_after=None
[2024-01-30T16:27:52.259+0000] {processor.py:183} INFO - Processing /home/airflow/.local/lib/python3.8/site-packages/airflow/example_dags/example_datasets.py took 0.110 seconds
[2024-01-30T16:28:22.776+0000] {processor.py:161} INFO - Started process (PID=270) to work on /home/airflow/.local/lib/python3.8/site-packages/airflow/example_dags/example_datasets.py
[2024-01-30T16:28:22.777+0000] {processor.py:830} INFO - Processing file /home/airflow/.local/lib/python3.8/site-packages/airflow/example_dags/example_datasets.py for tasks to queue
[2024-01-30T16:28:22.780+0000] {logging_mixin.py:188} INFO - [2024-01-30T16:28:22.780+0000] {dagbag.py:538} INFO - Filling up the DagBag from /home/airflow/.local/lib/python3.8/site-packages/airflow/example_dags/example_datasets.py
[2024-01-30T16:28:22.788+0000] {processor.py:840} INFO - DAG(s) 'dataset_produces_2', 'dataset_consumes_1_and_2', 'dataset_consumes_1', 'dataset_consumes_unknown_never_scheduled', 'dataset_consumes_1_never_scheduled', 'dataset_produces_1' retrieved from /home/airflow/.local/lib/python3.8/site-packages/airflow/example_dags/example_datasets.py
[2024-01-30T16:28:22.821+0000] {logging_mixin.py:188} INFO - [2024-01-30T16:28:22.821+0000] {dag.py:3036} INFO - Sync 6 DAGs
[2024-01-30T16:28:22.842+0000] {logging_mixin.py:188} INFO - [2024-01-30T16:28:22.841+0000] {dag.py:3823} INFO - Setting next_dagrun for dataset_consumes_1 to None, run_after=None
[2024-01-30T16:28:22.845+0000] {logging_mixin.py:188} INFO - [2024-01-30T16:28:22.845+0000] {dag.py:3823} INFO - Setting next_dagrun for dataset_consumes_1_and_2 to None, run_after=None
[2024-01-30T16:28:22.846+0000] {logging_mixin.py:188} INFO - [2024-01-30T16:28:22.846+0000] {dag.py:3823} INFO - Setting next_dagrun for dataset_consumes_1_never_scheduled to None, run_after=None
[2024-01-30T16:28:22.848+0000] {logging_mixin.py:188} INFO - [2024-01-30T16:28:22.847+0000] {dag.py:3823} INFO - Setting next_dagrun for dataset_consumes_unknown_never_scheduled to None, run_after=None
[2024-01-30T16:28:22.850+0000] {logging_mixin.py:188} INFO - [2024-01-30T16:28:22.850+0000] {dag.py:3823} INFO - Setting next_dagrun for dataset_produces_1 to 2024-01-29 00:00:00+00:00, run_after=2024-01-30 00:00:00+00:00
[2024-01-30T16:28:22.852+0000] {logging_mixin.py:188} INFO - [2024-01-30T16:28:22.852+0000] {dag.py:3823} INFO - Setting next_dagrun for dataset_produces_2 to None, run_after=None
[2024-01-30T16:28:22.881+0000] {processor.py:183} INFO - Processing /home/airflow/.local/lib/python3.8/site-packages/airflow/example_dags/example_datasets.py took 0.107 seconds
[2024-01-30T16:28:53.447+0000] {processor.py:161} INFO - Started process (PID=325) to work on /home/airflow/.local/lib/python3.8/site-packages/airflow/example_dags/example_datasets.py
[2024-01-30T16:28:53.449+0000] {processor.py:830} INFO - Processing file /home/airflow/.local/lib/python3.8/site-packages/airflow/example_dags/example_datasets.py for tasks to queue
[2024-01-30T16:28:53.451+0000] {logging_mixin.py:188} INFO - [2024-01-30T16:28:53.451+0000] {dagbag.py:538} INFO - Filling up the DagBag from /home/airflow/.local/lib/python3.8/site-packages/airflow/example_dags/example_datasets.py
[2024-01-30T16:28:53.460+0000] {processor.py:840} INFO - DAG(s) 'dataset_consumes_unknown_never_scheduled', 'dataset_consumes_1_and_2', 'dataset_produces_2', 'dataset_consumes_1_never_scheduled', 'dataset_consumes_1', 'dataset_produces_1' retrieved from /home/airflow/.local/lib/python3.8/site-packages/airflow/example_dags/example_datasets.py
[2024-01-30T16:28:53.496+0000] {logging_mixin.py:188} INFO - [2024-01-30T16:28:53.495+0000] {dag.py:3036} INFO - Sync 6 DAGs
[2024-01-30T16:28:53.519+0000] {logging_mixin.py:188} INFO - [2024-01-30T16:28:53.519+0000] {dag.py:3823} INFO - Setting next_dagrun for dataset_consumes_1 to None, run_after=None
[2024-01-30T16:28:53.523+0000] {logging_mixin.py:188} INFO - [2024-01-30T16:28:53.523+0000] {dag.py:3823} INFO - Setting next_dagrun for dataset_consumes_1_and_2 to None, run_after=None
[2024-01-30T16:28:53.524+0000] {logging_mixin.py:188} INFO - [2024-01-30T16:28:53.524+0000] {dag.py:3823} INFO - Setting next_dagrun for dataset_consumes_1_never_scheduled to None, run_after=None
[2024-01-30T16:28:53.526+0000] {logging_mixin.py:188} INFO - [2024-01-30T16:28:53.526+0000] {dag.py:3823} INFO - Setting next_dagrun for dataset_consumes_unknown_never_scheduled to None, run_after=None
[2024-01-30T16:28:53.529+0000] {logging_mixin.py:188} INFO - [2024-01-30T16:28:53.529+0000] {dag.py:3823} INFO - Setting next_dagrun for dataset_produces_1 to 2024-01-29 00:00:00+00:00, run_after=2024-01-30 00:00:00+00:00
[2024-01-30T16:28:53.531+0000] {logging_mixin.py:188} INFO - [2024-01-30T16:28:53.531+0000] {dag.py:3823} INFO - Setting next_dagrun for dataset_produces_2 to None, run_after=None
[2024-01-30T16:28:53.566+0000] {processor.py:183} INFO - Processing /home/airflow/.local/lib/python3.8/site-packages/airflow/example_dags/example_datasets.py took 0.122 seconds
[2024-01-30T16:29:24.151+0000] {processor.py:161} INFO - Started process (PID=380) to work on /home/airflow/.local/lib/python3.8/site-packages/airflow/example_dags/example_datasets.py
[2024-01-30T16:29:24.152+0000] {processor.py:830} INFO - Processing file /home/airflow/.local/lib/python3.8/site-packages/airflow/example_dags/example_datasets.py for tasks to queue
[2024-01-30T16:29:24.154+0000] {logging_mixin.py:188} INFO - [2024-01-30T16:29:24.154+0000] {dagbag.py:538} INFO - Filling up the DagBag from /home/airflow/.local/lib/python3.8/site-packages/airflow/example_dags/example_datasets.py
[2024-01-30T16:29:24.162+0000] {processor.py:840} INFO - DAG(s) 'dataset_consumes_1', 'dataset_consumes_unknown_never_scheduled', 'dataset_produces_2', 'dataset_produces_1', 'dataset_consumes_1_never_scheduled', 'dataset_consumes_1_and_2' retrieved from /home/airflow/.local/lib/python3.8/site-packages/airflow/example_dags/example_datasets.py
[2024-01-30T16:29:24.197+0000] {logging_mixin.py:188} INFO - [2024-01-30T16:29:24.197+0000] {dag.py:3036} INFO - Sync 6 DAGs
[2024-01-30T16:29:24.218+0000] {logging_mixin.py:188} INFO - [2024-01-30T16:29:24.218+0000] {dag.py:3823} INFO - Setting next_dagrun for dataset_consumes_1 to None, run_after=None
[2024-01-30T16:29:24.222+0000] {logging_mixin.py:188} INFO - [2024-01-30T16:29:24.222+0000] {dag.py:3823} INFO - Setting next_dagrun for dataset_consumes_1_and_2 to None, run_after=None
[2024-01-30T16:29:24.224+0000] {logging_mixin.py:188} INFO - [2024-01-30T16:29:24.224+0000] {dag.py:3823} INFO - Setting next_dagrun for dataset_consumes_1_never_scheduled to None, run_after=None
[2024-01-30T16:29:24.225+0000] {logging_mixin.py:188} INFO - [2024-01-30T16:29:24.225+0000] {dag.py:3823} INFO - Setting next_dagrun for dataset_consumes_unknown_never_scheduled to None, run_after=None
[2024-01-30T16:29:24.228+0000] {logging_mixin.py:188} INFO - [2024-01-30T16:29:24.228+0000] {dag.py:3823} INFO - Setting next_dagrun for dataset_produces_1 to 2024-01-29 00:00:00+00:00, run_after=2024-01-30 00:00:00+00:00
[2024-01-30T16:29:24.230+0000] {logging_mixin.py:188} INFO - [2024-01-30T16:29:24.230+0000] {dag.py:3823} INFO - Setting next_dagrun for dataset_produces_2 to None, run_after=None
[2024-01-30T16:29:24.260+0000] {processor.py:183} INFO - Processing /home/airflow/.local/lib/python3.8/site-packages/airflow/example_dags/example_datasets.py took 0.112 seconds
[2024-01-30T16:29:54.821+0000] {processor.py:161} INFO - Started process (PID=435) to work on /home/airflow/.local/lib/python3.8/site-packages/airflow/example_dags/example_datasets.py
[2024-01-30T16:29:54.822+0000] {processor.py:830} INFO - Processing file /home/airflow/.local/lib/python3.8/site-packages/airflow/example_dags/example_datasets.py for tasks to queue
[2024-01-30T16:29:54.824+0000] {logging_mixin.py:188} INFO - [2024-01-30T16:29:54.824+0000] {dagbag.py:538} INFO - Filling up the DagBag from /home/airflow/.local/lib/python3.8/site-packages/airflow/example_dags/example_datasets.py
[2024-01-30T16:29:54.834+0000] {processor.py:840} INFO - DAG(s) 'dataset_consumes_unknown_never_scheduled', 'dataset_consumes_1', 'dataset_produces_2', 'dataset_consumes_1_and_2', 'dataset_produces_1', 'dataset_consumes_1_never_scheduled' retrieved from /home/airflow/.local/lib/python3.8/site-packages/airflow/example_dags/example_datasets.py
[2024-01-30T16:29:54.873+0000] {logging_mixin.py:188} INFO - [2024-01-30T16:29:54.873+0000] {dag.py:3036} INFO - Sync 6 DAGs
[2024-01-30T16:29:54.895+0000] {logging_mixin.py:188} INFO - [2024-01-30T16:29:54.895+0000] {dag.py:3823} INFO - Setting next_dagrun for dataset_consumes_1 to None, run_after=None
[2024-01-30T16:29:54.899+0000] {logging_mixin.py:188} INFO - [2024-01-30T16:29:54.899+0000] {dag.py:3823} INFO - Setting next_dagrun for dataset_consumes_1_and_2 to None, run_after=None
[2024-01-30T16:29:54.901+0000] {logging_mixin.py:188} INFO - [2024-01-30T16:29:54.901+0000] {dag.py:3823} INFO - Setting next_dagrun for dataset_consumes_1_never_scheduled to None, run_after=None
[2024-01-30T16:29:54.902+0000] {logging_mixin.py:188} INFO - [2024-01-30T16:29:54.902+0000] {dag.py:3823} INFO - Setting next_dagrun for dataset_consumes_unknown_never_scheduled to None, run_after=None
[2024-01-30T16:29:54.905+0000] {logging_mixin.py:188} INFO - [2024-01-30T16:29:54.905+0000] {dag.py:3823} INFO - Setting next_dagrun for dataset_produces_1 to 2024-01-29 00:00:00+00:00, run_after=2024-01-30 00:00:00+00:00
[2024-01-30T16:29:54.907+0000] {logging_mixin.py:188} INFO - [2024-01-30T16:29:54.907+0000] {dag.py:3823} INFO - Setting next_dagrun for dataset_produces_2 to None, run_after=None
[2024-01-30T16:29:54.943+0000] {processor.py:183} INFO - Processing /home/airflow/.local/lib/python3.8/site-packages/airflow/example_dags/example_datasets.py took 0.125 seconds
[2024-01-30T16:30:25.653+0000] {processor.py:161} INFO - Started process (PID=490) to work on /home/airflow/.local/lib/python3.8/site-packages/airflow/example_dags/example_datasets.py
[2024-01-30T16:30:25.654+0000] {processor.py:830} INFO - Processing file /home/airflow/.local/lib/python3.8/site-packages/airflow/example_dags/example_datasets.py for tasks to queue
[2024-01-30T16:30:25.655+0000] {logging_mixin.py:188} INFO - [2024-01-30T16:30:25.655+0000] {dagbag.py:538} INFO - Filling up the DagBag from /home/airflow/.local/lib/python3.8/site-packages/airflow/example_dags/example_datasets.py
[2024-01-30T16:30:25.665+0000] {processor.py:840} INFO - DAG(s) 'dataset_consumes_1', 'dataset_consumes_1_never_scheduled', 'dataset_produces_2', 'dataset_consumes_unknown_never_scheduled', 'dataset_consumes_1_and_2', 'dataset_produces_1' retrieved from /home/airflow/.local/lib/python3.8/site-packages/airflow/example_dags/example_datasets.py
[2024-01-30T16:30:25.700+0000] {logging_mixin.py:188} INFO - [2024-01-30T16:30:25.700+0000] {dag.py:3036} INFO - Sync 6 DAGs
[2024-01-30T16:30:25.721+0000] {logging_mixin.py:188} INFO - [2024-01-30T16:30:25.721+0000] {dag.py:3823} INFO - Setting next_dagrun for dataset_consumes_1 to None, run_after=None
[2024-01-30T16:30:25.724+0000] {logging_mixin.py:188} INFO - [2024-01-30T16:30:25.724+0000] {dag.py:3823} INFO - Setting next_dagrun for dataset_consumes_1_and_2 to None, run_after=None
[2024-01-30T16:30:25.726+0000] {logging_mixin.py:188} INFO - [2024-01-30T16:30:25.726+0000] {dag.py:3823} INFO - Setting next_dagrun for dataset_consumes_1_never_scheduled to None, run_after=None
[2024-01-30T16:30:25.727+0000] {logging_mixin.py:188} INFO - [2024-01-30T16:30:25.727+0000] {dag.py:3823} INFO - Setting next_dagrun for dataset_consumes_unknown_never_scheduled to None, run_after=None
[2024-01-30T16:30:25.730+0000] {logging_mixin.py:188} INFO - [2024-01-30T16:30:25.730+0000] {dag.py:3823} INFO - Setting next_dagrun for dataset_produces_1 to 2024-01-29 00:00:00+00:00, run_after=2024-01-30 00:00:00+00:00
[2024-01-30T16:30:25.732+0000] {logging_mixin.py:188} INFO - [2024-01-30T16:30:25.731+0000] {dag.py:3823} INFO - Setting next_dagrun for dataset_produces_2 to None, run_after=None
[2024-01-30T16:30:25.763+0000] {processor.py:183} INFO - Processing /home/airflow/.local/lib/python3.8/site-packages/airflow/example_dags/example_datasets.py took 0.113 seconds
[2024-01-30T16:30:55.872+0000] {processor.py:161} INFO - Started process (PID=545) to work on /home/airflow/.local/lib/python3.8/site-packages/airflow/example_dags/example_datasets.py
[2024-01-30T16:30:55.873+0000] {processor.py:830} INFO - Processing file /home/airflow/.local/lib/python3.8/site-packages/airflow/example_dags/example_datasets.py for tasks to queue
[2024-01-30T16:30:55.876+0000] {logging_mixin.py:188} INFO - [2024-01-30T16:30:55.875+0000] {dagbag.py:538} INFO - Filling up the DagBag from /home/airflow/.local/lib/python3.8/site-packages/airflow/example_dags/example_datasets.py
[2024-01-30T16:30:55.886+0000] {processor.py:840} INFO - DAG(s) 'dataset_produces_1', 'dataset_consumes_1_and_2', 'dataset_consumes_1', 'dataset_consumes_1_never_scheduled', 'dataset_consumes_unknown_never_scheduled', 'dataset_produces_2' retrieved from /home/airflow/.local/lib/python3.8/site-packages/airflow/example_dags/example_datasets.py
[2024-01-30T16:30:55.938+0000] {logging_mixin.py:188} INFO - [2024-01-30T16:30:55.937+0000] {dag.py:3036} INFO - Sync 6 DAGs
[2024-01-30T16:30:55.968+0000] {logging_mixin.py:188} INFO - [2024-01-30T16:30:55.968+0000] {dag.py:3823} INFO - Setting next_dagrun for dataset_consumes_1 to None, run_after=None
[2024-01-30T16:30:55.975+0000] {logging_mixin.py:188} INFO - [2024-01-30T16:30:55.974+0000] {dag.py:3823} INFO - Setting next_dagrun for dataset_consumes_1_and_2 to None, run_after=None
[2024-01-30T16:30:55.978+0000] {logging_mixin.py:188} INFO - [2024-01-30T16:30:55.977+0000] {dag.py:3823} INFO - Setting next_dagrun for dataset_consumes_1_never_scheduled to None, run_after=None
[2024-01-30T16:30:55.980+0000] {logging_mixin.py:188} INFO - [2024-01-30T16:30:55.980+0000] {dag.py:3823} INFO - Setting next_dagrun for dataset_consumes_unknown_never_scheduled to None, run_after=None
[2024-01-30T16:30:55.984+0000] {logging_mixin.py:188} INFO - [2024-01-30T16:30:55.983+0000] {dag.py:3823} INFO - Setting next_dagrun for dataset_produces_1 to 2024-01-29 00:00:00+00:00, run_after=2024-01-30 00:00:00+00:00
[2024-01-30T16:30:55.987+0000] {logging_mixin.py:188} INFO - [2024-01-30T16:30:55.987+0000] {dag.py:3823} INFO - Setting next_dagrun for dataset_produces_2 to None, run_after=None
[2024-01-30T16:30:56.035+0000] {processor.py:183} INFO - Processing /home/airflow/.local/lib/python3.8/site-packages/airflow/example_dags/example_datasets.py took 0.166 seconds
[2024-01-30T16:31:26.309+0000] {processor.py:161} INFO - Started process (PID=600) to work on /home/airflow/.local/lib/python3.8/site-packages/airflow/example_dags/example_datasets.py
[2024-01-30T16:31:26.310+0000] {processor.py:830} INFO - Processing file /home/airflow/.local/lib/python3.8/site-packages/airflow/example_dags/example_datasets.py for tasks to queue
[2024-01-30T16:31:26.312+0000] {logging_mixin.py:188} INFO - [2024-01-30T16:31:26.312+0000] {dagbag.py:538} INFO - Filling up the DagBag from /home/airflow/.local/lib/python3.8/site-packages/airflow/example_dags/example_datasets.py
[2024-01-30T16:31:26.321+0000] {processor.py:840} INFO - DAG(s) 'dataset_consumes_1_and_2', 'dataset_consumes_1_never_scheduled', 'dataset_produces_2', 'dataset_produces_1', 'dataset_consumes_unknown_never_scheduled', 'dataset_consumes_1' retrieved from /home/airflow/.local/lib/python3.8/site-packages/airflow/example_dags/example_datasets.py
[2024-01-30T16:31:26.358+0000] {logging_mixin.py:188} INFO - [2024-01-30T16:31:26.358+0000] {dag.py:3036} INFO - Sync 6 DAGs
[2024-01-30T16:31:26.381+0000] {logging_mixin.py:188} INFO - [2024-01-30T16:31:26.381+0000] {dag.py:3823} INFO - Setting next_dagrun for dataset_consumes_1 to None, run_after=None
[2024-01-30T16:31:26.385+0000] {logging_mixin.py:188} INFO - [2024-01-30T16:31:26.384+0000] {dag.py:3823} INFO - Setting next_dagrun for dataset_consumes_1_and_2 to None, run_after=None
[2024-01-30T16:31:26.386+0000] {logging_mixin.py:188} INFO - [2024-01-30T16:31:26.386+0000] {dag.py:3823} INFO - Setting next_dagrun for dataset_consumes_1_never_scheduled to None, run_after=None
[2024-01-30T16:31:26.388+0000] {logging_mixin.py:188} INFO - [2024-01-30T16:31:26.388+0000] {dag.py:3823} INFO - Setting next_dagrun for dataset_consumes_unknown_never_scheduled to None, run_after=None
[2024-01-30T16:31:26.391+0000] {logging_mixin.py:188} INFO - [2024-01-30T16:31:26.391+0000] {dag.py:3823} INFO - Setting next_dagrun for dataset_produces_1 to 2024-01-29 00:00:00+00:00, run_after=2024-01-30 00:00:00+00:00
[2024-01-30T16:31:26.393+0000] {logging_mixin.py:188} INFO - [2024-01-30T16:31:26.393+0000] {dag.py:3823} INFO - Setting next_dagrun for dataset_produces_2 to None, run_after=None
[2024-01-30T16:31:26.425+0000] {processor.py:183} INFO - Processing /home/airflow/.local/lib/python3.8/site-packages/airflow/example_dags/example_datasets.py took 0.119 seconds
[2024-01-30T16:31:56.618+0000] {processor.py:161} INFO - Started process (PID=655) to work on /home/airflow/.local/lib/python3.8/site-packages/airflow/example_dags/example_datasets.py
[2024-01-30T16:31:56.619+0000] {processor.py:830} INFO - Processing file /home/airflow/.local/lib/python3.8/site-packages/airflow/example_dags/example_datasets.py for tasks to queue
[2024-01-30T16:31:56.620+0000] {logging_mixin.py:188} INFO - [2024-01-30T16:31:56.620+0000] {dagbag.py:538} INFO - Filling up the DagBag from /home/airflow/.local/lib/python3.8/site-packages/airflow/example_dags/example_datasets.py
[2024-01-30T16:31:56.629+0000] {processor.py:840} INFO - DAG(s) 'dataset_consumes_1', 'dataset_consumes_unknown_never_scheduled', 'dataset_produces_1', 'dataset_consumes_1_never_scheduled', 'dataset_produces_2', 'dataset_consumes_1_and_2' retrieved from /home/airflow/.local/lib/python3.8/site-packages/airflow/example_dags/example_datasets.py
[2024-01-30T16:31:56.661+0000] {logging_mixin.py:188} INFO - [2024-01-30T16:31:56.661+0000] {dag.py:3036} INFO - Sync 6 DAGs
[2024-01-30T16:31:56.682+0000] {logging_mixin.py:188} INFO - [2024-01-30T16:31:56.681+0000] {dag.py:3823} INFO - Setting next_dagrun for dataset_consumes_1 to None, run_after=None
[2024-01-30T16:31:56.685+0000] {logging_mixin.py:188} INFO - [2024-01-30T16:31:56.685+0000] {dag.py:3823} INFO - Setting next_dagrun for dataset_consumes_1_and_2 to None, run_after=None
[2024-01-30T16:31:56.686+0000] {logging_mixin.py:188} INFO - [2024-01-30T16:31:56.686+0000] {dag.py:3823} INFO - Setting next_dagrun for dataset_consumes_1_never_scheduled to None, run_after=None
[2024-01-30T16:31:56.688+0000] {logging_mixin.py:188} INFO - [2024-01-30T16:31:56.688+0000] {dag.py:3823} INFO - Setting next_dagrun for dataset_consumes_unknown_never_scheduled to None, run_after=None
[2024-01-30T16:31:56.691+0000] {logging_mixin.py:188} INFO - [2024-01-30T16:31:56.691+0000] {dag.py:3823} INFO - Setting next_dagrun for dataset_produces_1 to 2024-01-29 00:00:00+00:00, run_after=2024-01-30 00:00:00+00:00
[2024-01-30T16:31:56.692+0000] {logging_mixin.py:188} INFO - [2024-01-30T16:31:56.692+0000] {dag.py:3823} INFO - Setting next_dagrun for dataset_produces_2 to None, run_after=None
[2024-01-30T16:31:56.723+0000] {processor.py:183} INFO - Processing /home/airflow/.local/lib/python3.8/site-packages/airflow/example_dags/example_datasets.py took 0.108 seconds
[2024-01-30T16:32:26.824+0000] {processor.py:161} INFO - Started process (PID=710) to work on /home/airflow/.local/lib/python3.8/site-packages/airflow/example_dags/example_datasets.py
[2024-01-30T16:32:26.825+0000] {processor.py:830} INFO - Processing file /home/airflow/.local/lib/python3.8/site-packages/airflow/example_dags/example_datasets.py for tasks to queue
[2024-01-30T16:32:26.826+0000] {logging_mixin.py:188} INFO - [2024-01-30T16:32:26.826+0000] {dagbag.py:538} INFO - Filling up the DagBag from /home/airflow/.local/lib/python3.8/site-packages/airflow/example_dags/example_datasets.py
[2024-01-30T16:32:26.835+0000] {processor.py:840} INFO - DAG(s) 'dataset_produces_1', 'dataset_consumes_1', 'dataset_consumes_unknown_never_scheduled', 'dataset_produces_2', 'dataset_consumes_1_never_scheduled', 'dataset_consumes_1_and_2' retrieved from /home/airflow/.local/lib/python3.8/site-packages/airflow/example_dags/example_datasets.py
[2024-01-30T16:32:26.872+0000] {logging_mixin.py:188} INFO - [2024-01-30T16:32:26.871+0000] {dag.py:3036} INFO - Sync 6 DAGs
[2024-01-30T16:32:26.892+0000] {logging_mixin.py:188} INFO - [2024-01-30T16:32:26.891+0000] {dag.py:3823} INFO - Setting next_dagrun for dataset_consumes_1 to None, run_after=None
[2024-01-30T16:32:26.895+0000] {logging_mixin.py:188} INFO - [2024-01-30T16:32:26.895+0000] {dag.py:3823} INFO - Setting next_dagrun for dataset_consumes_1_and_2 to None, run_after=None
[2024-01-30T16:32:26.896+0000] {logging_mixin.py:188} INFO - [2024-01-30T16:32:26.896+0000] {dag.py:3823} INFO - Setting next_dagrun for dataset_consumes_1_never_scheduled to None, run_after=None
[2024-01-30T16:32:26.898+0000] {logging_mixin.py:188} INFO - [2024-01-30T16:32:26.898+0000] {dag.py:3823} INFO - Setting next_dagrun for dataset_consumes_unknown_never_scheduled to None, run_after=None
[2024-01-30T16:32:26.901+0000] {logging_mixin.py:188} INFO - [2024-01-30T16:32:26.901+0000] {dag.py:3823} INFO - Setting next_dagrun for dataset_produces_1 to 2024-01-29 00:00:00+00:00, run_after=2024-01-30 00:00:00+00:00
[2024-01-30T16:32:26.902+0000] {logging_mixin.py:188} INFO - [2024-01-30T16:32:26.902+0000] {dag.py:3823} INFO - Setting next_dagrun for dataset_produces_2 to None, run_after=None
[2024-01-30T16:32:26.931+0000] {processor.py:183} INFO - Processing /home/airflow/.local/lib/python3.8/site-packages/airflow/example_dags/example_datasets.py took 0.110 seconds
[2024-01-30T16:32:57.125+0000] {processor.py:161} INFO - Started process (PID=765) to work on /home/airflow/.local/lib/python3.8/site-packages/airflow/example_dags/example_datasets.py
[2024-01-30T16:32:57.126+0000] {processor.py:830} INFO - Processing file /home/airflow/.local/lib/python3.8/site-packages/airflow/example_dags/example_datasets.py for tasks to queue
[2024-01-30T16:32:57.128+0000] {logging_mixin.py:188} INFO - [2024-01-30T16:32:57.128+0000] {dagbag.py:538} INFO - Filling up the DagBag from /home/airflow/.local/lib/python3.8/site-packages/airflow/example_dags/example_datasets.py
[2024-01-30T16:32:57.137+0000] {processor.py:840} INFO - DAG(s) 'dataset_consumes_1_and_2', 'dataset_consumes_1', 'dataset_consumes_unknown_never_scheduled', 'dataset_consumes_1_never_scheduled', 'dataset_produces_2', 'dataset_produces_1' retrieved from /home/airflow/.local/lib/python3.8/site-packages/airflow/example_dags/example_datasets.py
[2024-01-30T16:32:57.172+0000] {logging_mixin.py:188} INFO - [2024-01-30T16:32:57.172+0000] {dag.py:3036} INFO - Sync 6 DAGs
[2024-01-30T16:32:57.193+0000] {logging_mixin.py:188} INFO - [2024-01-30T16:32:57.193+0000] {dag.py:3823} INFO - Setting next_dagrun for dataset_consumes_1 to None, run_after=None
[2024-01-30T16:32:57.197+0000] {logging_mixin.py:188} INFO - [2024-01-30T16:32:57.197+0000] {dag.py:3823} INFO - Setting next_dagrun for dataset_consumes_1_and_2 to None, run_after=None
[2024-01-30T16:32:57.198+0000] {logging_mixin.py:188} INFO - [2024-01-30T16:32:57.198+0000] {dag.py:3823} INFO - Setting next_dagrun for dataset_consumes_1_never_scheduled to None, run_after=None
[2024-01-30T16:32:57.200+0000] {logging_mixin.py:188} INFO - [2024-01-30T16:32:57.200+0000] {dag.py:3823} INFO - Setting next_dagrun for dataset_consumes_unknown_never_scheduled to None, run_after=None
[2024-01-30T16:32:57.203+0000] {logging_mixin.py:188} INFO - [2024-01-30T16:32:57.203+0000] {dag.py:3823} INFO - Setting next_dagrun for dataset_produces_1 to 2024-01-29 00:00:00+00:00, run_after=2024-01-30 00:00:00+00:00
[2024-01-30T16:32:57.204+0000] {logging_mixin.py:188} INFO - [2024-01-30T16:32:57.204+0000] {dag.py:3823} INFO - Setting next_dagrun for dataset_produces_2 to None, run_after=None
[2024-01-30T16:32:57.234+0000] {processor.py:183} INFO - Processing /home/airflow/.local/lib/python3.8/site-packages/airflow/example_dags/example_datasets.py took 0.112 seconds
[2024-01-30T16:33:27.455+0000] {processor.py:161} INFO - Started process (PID=820) to work on /home/airflow/.local/lib/python3.8/site-packages/airflow/example_dags/example_datasets.py
[2024-01-30T16:33:27.456+0000] {processor.py:830} INFO - Processing file /home/airflow/.local/lib/python3.8/site-packages/airflow/example_dags/example_datasets.py for tasks to queue
[2024-01-30T16:33:27.458+0000] {logging_mixin.py:188} INFO - [2024-01-30T16:33:27.458+0000] {dagbag.py:538} INFO - Filling up the DagBag from /home/airflow/.local/lib/python3.8/site-packages/airflow/example_dags/example_datasets.py
[2024-01-30T16:33:27.467+0000] {processor.py:840} INFO - DAG(s) 'dataset_consumes_1_and_2', 'dataset_produces_2', 'dataset_consumes_1_never_scheduled', 'dataset_consumes_unknown_never_scheduled', 'dataset_consumes_1', 'dataset_produces_1' retrieved from /home/airflow/.local/lib/python3.8/site-packages/airflow/example_dags/example_datasets.py
[2024-01-30T16:33:27.504+0000] {logging_mixin.py:188} INFO - [2024-01-30T16:33:27.504+0000] {dag.py:3036} INFO - Sync 6 DAGs
[2024-01-30T16:33:27.525+0000] {logging_mixin.py:188} INFO - [2024-01-30T16:33:27.525+0000] {dag.py:3823} INFO - Setting next_dagrun for dataset_consumes_1 to None, run_after=None
[2024-01-30T16:33:27.529+0000] {logging_mixin.py:188} INFO - [2024-01-30T16:33:27.529+0000] {dag.py:3823} INFO - Setting next_dagrun for dataset_consumes_1_and_2 to None, run_after=None
[2024-01-30T16:33:27.531+0000] {logging_mixin.py:188} INFO - [2024-01-30T16:33:27.531+0000] {dag.py:3823} INFO - Setting next_dagrun for dataset_consumes_1_never_scheduled to None, run_after=None
[2024-01-30T16:33:27.532+0000] {logging_mixin.py:188} INFO - [2024-01-30T16:33:27.532+0000] {dag.py:3823} INFO - Setting next_dagrun for dataset_consumes_unknown_never_scheduled to None, run_after=None
[2024-01-30T16:33:27.536+0000] {logging_mixin.py:188} INFO - [2024-01-30T16:33:27.535+0000] {dag.py:3823} INFO - Setting next_dagrun for dataset_produces_1 to 2024-01-29 00:00:00+00:00, run_after=2024-01-30 00:00:00+00:00
[2024-01-30T16:33:27.537+0000] {logging_mixin.py:188} INFO - [2024-01-30T16:33:27.537+0000] {dag.py:3823} INFO - Setting next_dagrun for dataset_produces_2 to None, run_after=None
[2024-01-30T16:33:27.569+0000] {processor.py:183} INFO - Processing /home/airflow/.local/lib/python3.8/site-packages/airflow/example_dags/example_datasets.py took 0.117 seconds
[2024-01-30T16:33:57.844+0000] {processor.py:161} INFO - Started process (PID=875) to work on /home/airflow/.local/lib/python3.8/site-packages/airflow/example_dags/example_datasets.py
[2024-01-30T16:33:57.845+0000] {processor.py:830} INFO - Processing file /home/airflow/.local/lib/python3.8/site-packages/airflow/example_dags/example_datasets.py for tasks to queue
[2024-01-30T16:33:57.847+0000] {logging_mixin.py:188} INFO - [2024-01-30T16:33:57.847+0000] {dagbag.py:538} INFO - Filling up the DagBag from /home/airflow/.local/lib/python3.8/site-packages/airflow/example_dags/example_datasets.py
[2024-01-30T16:33:57.856+0000] {processor.py:840} INFO - DAG(s) 'dataset_consumes_unknown_never_scheduled', 'dataset_consumes_1_never_scheduled', 'dataset_consumes_1_and_2', 'dataset_consumes_1', 'dataset_produces_2', 'dataset_produces_1' retrieved from /home/airflow/.local/lib/python3.8/site-packages/airflow/example_dags/example_datasets.py
[2024-01-30T16:33:57.890+0000] {logging_mixin.py:188} INFO - [2024-01-30T16:33:57.890+0000] {dag.py:3036} INFO - Sync 6 DAGs
[2024-01-30T16:33:57.910+0000] {logging_mixin.py:188} INFO - [2024-01-30T16:33:57.910+0000] {dag.py:3823} INFO - Setting next_dagrun for dataset_consumes_1 to None, run_after=None
[2024-01-30T16:33:57.913+0000] {logging_mixin.py:188} INFO - [2024-01-30T16:33:57.913+0000] {dag.py:3823} INFO - Setting next_dagrun for dataset_consumes_1_and_2 to None, run_after=None
[2024-01-30T16:33:57.915+0000] {logging_mixin.py:188} INFO - [2024-01-30T16:33:57.915+0000] {dag.py:3823} INFO - Setting next_dagrun for dataset_consumes_1_never_scheduled to None, run_after=None
[2024-01-30T16:33:57.916+0000] {logging_mixin.py:188} INFO - [2024-01-30T16:33:57.916+0000] {dag.py:3823} INFO - Setting next_dagrun for dataset_consumes_unknown_never_scheduled to None, run_after=None
[2024-01-30T16:33:57.919+0000] {logging_mixin.py:188} INFO - [2024-01-30T16:33:57.919+0000] {dag.py:3823} INFO - Setting next_dagrun for dataset_produces_1 to 2024-01-29 00:00:00+00:00, run_after=2024-01-30 00:00:00+00:00
[2024-01-30T16:33:57.920+0000] {logging_mixin.py:188} INFO - [2024-01-30T16:33:57.920+0000] {dag.py:3823} INFO - Setting next_dagrun for dataset_produces_2 to None, run_after=None
[2024-01-30T16:33:57.949+0000] {processor.py:183} INFO - Processing /home/airflow/.local/lib/python3.8/site-packages/airflow/example_dags/example_datasets.py took 0.107 seconds
[2024-01-30T16:34:28.192+0000] {processor.py:161} INFO - Started process (PID=930) to work on /home/airflow/.local/lib/python3.8/site-packages/airflow/example_dags/example_datasets.py
[2024-01-30T16:34:28.193+0000] {processor.py:830} INFO - Processing file /home/airflow/.local/lib/python3.8/site-packages/airflow/example_dags/example_datasets.py for tasks to queue
[2024-01-30T16:34:28.195+0000] {logging_mixin.py:188} INFO - [2024-01-30T16:34:28.195+0000] {dagbag.py:538} INFO - Filling up the DagBag from /home/airflow/.local/lib/python3.8/site-packages/airflow/example_dags/example_datasets.py
[2024-01-30T16:34:28.205+0000] {processor.py:840} INFO - DAG(s) 'dataset_produces_2', 'dataset_produces_1', 'dataset_consumes_unknown_never_scheduled', 'dataset_consumes_1', 'dataset_consumes_1_and_2', 'dataset_consumes_1_never_scheduled' retrieved from /home/airflow/.local/lib/python3.8/site-packages/airflow/example_dags/example_datasets.py
[2024-01-30T16:34:28.248+0000] {logging_mixin.py:188} INFO - [2024-01-30T16:34:28.248+0000] {dag.py:3036} INFO - Sync 6 DAGs
[2024-01-30T16:34:28.273+0000] {logging_mixin.py:188} INFO - [2024-01-30T16:34:28.273+0000] {dag.py:3823} INFO - Setting next_dagrun for dataset_consumes_1 to None, run_after=None
[2024-01-30T16:34:28.278+0000] {logging_mixin.py:188} INFO - [2024-01-30T16:34:28.277+0000] {dag.py:3823} INFO - Setting next_dagrun for dataset_consumes_1_and_2 to None, run_after=None
[2024-01-30T16:34:28.280+0000] {logging_mixin.py:188} INFO - [2024-01-30T16:34:28.279+0000] {dag.py:3823} INFO - Setting next_dagrun for dataset_consumes_1_never_scheduled to None, run_after=None
[2024-01-30T16:34:28.282+0000] {logging_mixin.py:188} INFO - [2024-01-30T16:34:28.282+0000] {dag.py:3823} INFO - Setting next_dagrun for dataset_consumes_unknown_never_scheduled to None, run_after=None
[2024-01-30T16:34:28.286+0000] {logging_mixin.py:188} INFO - [2024-01-30T16:34:28.286+0000] {dag.py:3823} INFO - Setting next_dagrun for dataset_produces_1 to 2024-01-29 00:00:00+00:00, run_after=2024-01-30 00:00:00+00:00
[2024-01-30T16:34:28.289+0000] {logging_mixin.py:188} INFO - [2024-01-30T16:34:28.288+0000] {dag.py:3823} INFO - Setting next_dagrun for dataset_produces_2 to None, run_after=None
[2024-01-30T16:34:28.331+0000] {processor.py:183} INFO - Processing /home/airflow/.local/lib/python3.8/site-packages/airflow/example_dags/example_datasets.py took 0.142 seconds
[2024-01-30T16:34:58.566+0000] {processor.py:161} INFO - Started process (PID=985) to work on /home/airflow/.local/lib/python3.8/site-packages/airflow/example_dags/example_datasets.py
[2024-01-30T16:34:58.567+0000] {processor.py:830} INFO - Processing file /home/airflow/.local/lib/python3.8/site-packages/airflow/example_dags/example_datasets.py for tasks to queue
[2024-01-30T16:34:58.569+0000] {logging_mixin.py:188} INFO - [2024-01-30T16:34:58.568+0000] {dagbag.py:538} INFO - Filling up the DagBag from /home/airflow/.local/lib/python3.8/site-packages/airflow/example_dags/example_datasets.py
[2024-01-30T16:34:58.577+0000] {processor.py:840} INFO - DAG(s) 'dataset_consumes_1_never_scheduled', 'dataset_consumes_unknown_never_scheduled', 'dataset_consumes_1', 'dataset_produces_1', 'dataset_produces_2', 'dataset_consumes_1_and_2' retrieved from /home/airflow/.local/lib/python3.8/site-packages/airflow/example_dags/example_datasets.py
[2024-01-30T16:34:58.611+0000] {logging_mixin.py:188} INFO - [2024-01-30T16:34:58.611+0000] {dag.py:3036} INFO - Sync 6 DAGs
[2024-01-30T16:34:58.631+0000] {logging_mixin.py:188} INFO - [2024-01-30T16:34:58.631+0000] {dag.py:3823} INFO - Setting next_dagrun for dataset_consumes_1 to None, run_after=None
[2024-01-30T16:34:58.635+0000] {logging_mixin.py:188} INFO - [2024-01-30T16:34:58.634+0000] {dag.py:3823} INFO - Setting next_dagrun for dataset_consumes_1_and_2 to None, run_after=None
[2024-01-30T16:34:58.636+0000] {logging_mixin.py:188} INFO - [2024-01-30T16:34:58.636+0000] {dag.py:3823} INFO - Setting next_dagrun for dataset_consumes_1_never_scheduled to None, run_after=None
[2024-01-30T16:34:58.637+0000] {logging_mixin.py:188} INFO - [2024-01-30T16:34:58.637+0000] {dag.py:3823} INFO - Setting next_dagrun for dataset_consumes_unknown_never_scheduled to None, run_after=None
[2024-01-30T16:34:58.640+0000] {logging_mixin.py:188} INFO - [2024-01-30T16:34:58.640+0000] {dag.py:3823} INFO - Setting next_dagrun for dataset_produces_1 to 2024-01-29 00:00:00+00:00, run_after=2024-01-30 00:00:00+00:00
[2024-01-30T16:34:58.642+0000] {logging_mixin.py:188} INFO - [2024-01-30T16:34:58.642+0000] {dag.py:3823} INFO - Setting next_dagrun for dataset_produces_2 to None, run_after=None
[2024-01-30T16:34:58.672+0000] {processor.py:183} INFO - Processing /home/airflow/.local/lib/python3.8/site-packages/airflow/example_dags/example_datasets.py took 0.109 seconds
[2024-01-30T16:35:28.742+0000] {processor.py:161} INFO - Started process (PID=1040) to work on /home/airflow/.local/lib/python3.8/site-packages/airflow/example_dags/example_datasets.py
[2024-01-30T16:35:28.743+0000] {processor.py:830} INFO - Processing file /home/airflow/.local/lib/python3.8/site-packages/airflow/example_dags/example_datasets.py for tasks to queue
[2024-01-30T16:35:28.745+0000] {logging_mixin.py:188} INFO - [2024-01-30T16:35:28.745+0000] {dagbag.py:538} INFO - Filling up the DagBag from /home/airflow/.local/lib/python3.8/site-packages/airflow/example_dags/example_datasets.py
[2024-01-30T16:35:28.753+0000] {processor.py:840} INFO - DAG(s) 'dataset_consumes_unknown_never_scheduled', 'dataset_produces_2', 'dataset_produces_1', 'dataset_consumes_1', 'dataset_consumes_1_and_2', 'dataset_consumes_1_never_scheduled' retrieved from /home/airflow/.local/lib/python3.8/site-packages/airflow/example_dags/example_datasets.py
[2024-01-30T16:35:28.787+0000] {logging_mixin.py:188} INFO - [2024-01-30T16:35:28.786+0000] {dag.py:3036} INFO - Sync 6 DAGs
[2024-01-30T16:35:28.808+0000] {logging_mixin.py:188} INFO - [2024-01-30T16:35:28.808+0000] {dag.py:3823} INFO - Setting next_dagrun for dataset_consumes_1 to None, run_after=None
[2024-01-30T16:35:28.811+0000] {logging_mixin.py:188} INFO - [2024-01-30T16:35:28.811+0000] {dag.py:3823} INFO - Setting next_dagrun for dataset_consumes_1_and_2 to None, run_after=None
[2024-01-30T16:35:28.813+0000] {logging_mixin.py:188} INFO - [2024-01-30T16:35:28.812+0000] {dag.py:3823} INFO - Setting next_dagrun for dataset_consumes_1_never_scheduled to None, run_after=None
[2024-01-30T16:35:28.814+0000] {logging_mixin.py:188} INFO - [2024-01-30T16:35:28.814+0000] {dag.py:3823} INFO - Setting next_dagrun for dataset_consumes_unknown_never_scheduled to None, run_after=None
[2024-01-30T16:35:28.817+0000] {logging_mixin.py:188} INFO - [2024-01-30T16:35:28.817+0000] {dag.py:3823} INFO - Setting next_dagrun for dataset_produces_1 to 2024-01-29 00:00:00+00:00, run_after=2024-01-30 00:00:00+00:00
[2024-01-30T16:35:28.819+0000] {logging_mixin.py:188} INFO - [2024-01-30T16:35:28.819+0000] {dag.py:3823} INFO - Setting next_dagrun for dataset_produces_2 to None, run_after=None
[2024-01-30T16:35:28.849+0000] {processor.py:183} INFO - Processing /home/airflow/.local/lib/python3.8/site-packages/airflow/example_dags/example_datasets.py took 0.109 seconds
[2024-01-30T16:35:58.892+0000] {processor.py:161} INFO - Started process (PID=1095) to work on /home/airflow/.local/lib/python3.8/site-packages/airflow/example_dags/example_datasets.py
[2024-01-30T16:35:58.893+0000] {processor.py:830} INFO - Processing file /home/airflow/.local/lib/python3.8/site-packages/airflow/example_dags/example_datasets.py for tasks to queue
[2024-01-30T16:35:58.895+0000] {logging_mixin.py:188} INFO - [2024-01-30T16:35:58.894+0000] {dagbag.py:538} INFO - Filling up the DagBag from /home/airflow/.local/lib/python3.8/site-packages/airflow/example_dags/example_datasets.py
[2024-01-30T16:35:58.903+0000] {processor.py:840} INFO - DAG(s) 'dataset_produces_1', 'dataset_consumes_unknown_never_scheduled', 'dataset_consumes_1', 'dataset_consumes_1_and_2', 'dataset_consumes_1_never_scheduled', 'dataset_produces_2' retrieved from /home/airflow/.local/lib/python3.8/site-packages/airflow/example_dags/example_datasets.py
[2024-01-30T16:35:58.936+0000] {logging_mixin.py:188} INFO - [2024-01-30T16:35:58.936+0000] {dag.py:3036} INFO - Sync 6 DAGs
[2024-01-30T16:35:58.957+0000] {logging_mixin.py:188} INFO - [2024-01-30T16:35:58.956+0000] {dag.py:3823} INFO - Setting next_dagrun for dataset_consumes_1 to None, run_after=None
[2024-01-30T16:35:58.960+0000] {logging_mixin.py:188} INFO - [2024-01-30T16:35:58.960+0000] {dag.py:3823} INFO - Setting next_dagrun for dataset_consumes_1_and_2 to None, run_after=None
[2024-01-30T16:35:58.961+0000] {logging_mixin.py:188} INFO - [2024-01-30T16:35:58.961+0000] {dag.py:3823} INFO - Setting next_dagrun for dataset_consumes_1_never_scheduled to None, run_after=None
[2024-01-30T16:35:58.962+0000] {logging_mixin.py:188} INFO - [2024-01-30T16:35:58.962+0000] {dag.py:3823} INFO - Setting next_dagrun for dataset_consumes_unknown_never_scheduled to None, run_after=None
[2024-01-30T16:35:58.965+0000] {logging_mixin.py:188} INFO - [2024-01-30T16:35:58.965+0000] {dag.py:3823} INFO - Setting next_dagrun for dataset_produces_1 to 2024-01-29 00:00:00+00:00, run_after=2024-01-30 00:00:00+00:00
[2024-01-30T16:35:58.967+0000] {logging_mixin.py:188} INFO - [2024-01-30T16:35:58.966+0000] {dag.py:3823} INFO - Setting next_dagrun for dataset_produces_2 to None, run_after=None
[2024-01-30T16:35:58.996+0000] {processor.py:183} INFO - Processing /home/airflow/.local/lib/python3.8/site-packages/airflow/example_dags/example_datasets.py took 0.107 seconds
[2024-01-30T16:36:29.861+0000] {processor.py:161} INFO - Started process (PID=1150) to work on /home/airflow/.local/lib/python3.8/site-packages/airflow/example_dags/example_datasets.py
[2024-01-30T16:36:29.862+0000] {processor.py:830} INFO - Processing file /home/airflow/.local/lib/python3.8/site-packages/airflow/example_dags/example_datasets.py for tasks to queue
[2024-01-30T16:36:29.864+0000] {logging_mixin.py:188} INFO - [2024-01-30T16:36:29.863+0000] {dagbag.py:538} INFO - Filling up the DagBag from /home/airflow/.local/lib/python3.8/site-packages/airflow/example_dags/example_datasets.py
[2024-01-30T16:36:29.872+0000] {processor.py:840} INFO - DAG(s) 'dataset_produces_1', 'dataset_consumes_1_never_scheduled', 'dataset_consumes_1', 'dataset_produces_2', 'dataset_consumes_1_and_2', 'dataset_consumes_unknown_never_scheduled' retrieved from /home/airflow/.local/lib/python3.8/site-packages/airflow/example_dags/example_datasets.py
[2024-01-30T16:36:29.908+0000] {logging_mixin.py:188} INFO - [2024-01-30T16:36:29.907+0000] {dag.py:3036} INFO - Sync 6 DAGs
[2024-01-30T16:36:29.930+0000] {logging_mixin.py:188} INFO - [2024-01-30T16:36:29.929+0000] {dag.py:3823} INFO - Setting next_dagrun for dataset_consumes_1 to None, run_after=None
[2024-01-30T16:36:29.933+0000] {logging_mixin.py:188} INFO - [2024-01-30T16:36:29.933+0000] {dag.py:3823} INFO - Setting next_dagrun for dataset_consumes_1_and_2 to None, run_after=None
[2024-01-30T16:36:29.935+0000] {logging_mixin.py:188} INFO - [2024-01-30T16:36:29.935+0000] {dag.py:3823} INFO - Setting next_dagrun for dataset_consumes_1_never_scheduled to None, run_after=None
[2024-01-30T16:36:29.936+0000] {logging_mixin.py:188} INFO - [2024-01-30T16:36:29.936+0000] {dag.py:3823} INFO - Setting next_dagrun for dataset_consumes_unknown_never_scheduled to None, run_after=None
[2024-01-30T16:36:29.939+0000] {logging_mixin.py:188} INFO - [2024-01-30T16:36:29.939+0000] {dag.py:3823} INFO - Setting next_dagrun for dataset_produces_1 to 2024-01-29 00:00:00+00:00, run_after=2024-01-30 00:00:00+00:00
[2024-01-30T16:36:29.941+0000] {logging_mixin.py:188} INFO - [2024-01-30T16:36:29.941+0000] {dag.py:3823} INFO - Setting next_dagrun for dataset_produces_2 to None, run_after=None
[2024-01-30T16:36:29.973+0000] {processor.py:183} INFO - Processing /home/airflow/.local/lib/python3.8/site-packages/airflow/example_dags/example_datasets.py took 0.115 seconds
[2024-01-30T16:37:00.008+0000] {processor.py:161} INFO - Started process (PID=1205) to work on /home/airflow/.local/lib/python3.8/site-packages/airflow/example_dags/example_datasets.py
[2024-01-30T16:37:00.009+0000] {processor.py:830} INFO - Processing file /home/airflow/.local/lib/python3.8/site-packages/airflow/example_dags/example_datasets.py for tasks to queue
[2024-01-30T16:37:00.011+0000] {logging_mixin.py:188} INFO - [2024-01-30T16:37:00.011+0000] {dagbag.py:538} INFO - Filling up the DagBag from /home/airflow/.local/lib/python3.8/site-packages/airflow/example_dags/example_datasets.py
[2024-01-30T16:37:00.020+0000] {processor.py:840} INFO - DAG(s) 'dataset_consumes_unknown_never_scheduled', 'dataset_consumes_1', 'dataset_consumes_1_never_scheduled', 'dataset_consumes_1_and_2', 'dataset_produces_1', 'dataset_produces_2' retrieved from /home/airflow/.local/lib/python3.8/site-packages/airflow/example_dags/example_datasets.py
[2024-01-30T16:37:00.056+0000] {logging_mixin.py:188} INFO - [2024-01-30T16:37:00.056+0000] {dag.py:3036} INFO - Sync 6 DAGs
[2024-01-30T16:37:00.077+0000] {logging_mixin.py:188} INFO - [2024-01-30T16:37:00.077+0000] {dag.py:3823} INFO - Setting next_dagrun for dataset_consumes_1 to None, run_after=None
[2024-01-30T16:37:00.081+0000] {logging_mixin.py:188} INFO - [2024-01-30T16:37:00.081+0000] {dag.py:3823} INFO - Setting next_dagrun for dataset_consumes_1_and_2 to None, run_after=None
[2024-01-30T16:37:00.083+0000] {logging_mixin.py:188} INFO - [2024-01-30T16:37:00.083+0000] {dag.py:3823} INFO - Setting next_dagrun for dataset_consumes_1_never_scheduled to None, run_after=None
[2024-01-30T16:37:00.084+0000] {logging_mixin.py:188} INFO - [2024-01-30T16:37:00.084+0000] {dag.py:3823} INFO - Setting next_dagrun for dataset_consumes_unknown_never_scheduled to None, run_after=None
[2024-01-30T16:37:00.087+0000] {logging_mixin.py:188} INFO - [2024-01-30T16:37:00.087+0000] {dag.py:3823} INFO - Setting next_dagrun for dataset_produces_1 to 2024-01-29 00:00:00+00:00, run_after=2024-01-30 00:00:00+00:00
[2024-01-30T16:37:00.088+0000] {logging_mixin.py:188} INFO - [2024-01-30T16:37:00.088+0000] {dag.py:3823} INFO - Setting next_dagrun for dataset_produces_2 to None, run_after=None
[2024-01-30T16:37:00.119+0000] {processor.py:183} INFO - Processing /home/airflow/.local/lib/python3.8/site-packages/airflow/example_dags/example_datasets.py took 0.115 seconds
[2024-01-30T16:37:30.865+0000] {processor.py:161} INFO - Started process (PID=1260) to work on /home/airflow/.local/lib/python3.8/site-packages/airflow/example_dags/example_datasets.py
[2024-01-30T16:37:30.866+0000] {processor.py:830} INFO - Processing file /home/airflow/.local/lib/python3.8/site-packages/airflow/example_dags/example_datasets.py for tasks to queue
[2024-01-30T16:37:30.868+0000] {logging_mixin.py:188} INFO - [2024-01-30T16:37:30.867+0000] {dagbag.py:538} INFO - Filling up the DagBag from /home/airflow/.local/lib/python3.8/site-packages/airflow/example_dags/example_datasets.py
[2024-01-30T16:37:30.877+0000] {processor.py:840} INFO - DAG(s) 'dataset_produces_2', 'dataset_consumes_unknown_never_scheduled', 'dataset_consumes_1_and_2', 'dataset_consumes_1_never_scheduled', 'dataset_produces_1', 'dataset_consumes_1' retrieved from /home/airflow/.local/lib/python3.8/site-packages/airflow/example_dags/example_datasets.py
[2024-01-30T16:37:30.913+0000] {logging_mixin.py:188} INFO - [2024-01-30T16:37:30.913+0000] {dag.py:3036} INFO - Sync 6 DAGs
[2024-01-30T16:37:30.935+0000] {logging_mixin.py:188} INFO - [2024-01-30T16:37:30.935+0000] {dag.py:3823} INFO - Setting next_dagrun for dataset_consumes_1 to None, run_after=None
[2024-01-30T16:37:30.940+0000] {logging_mixin.py:188} INFO - [2024-01-30T16:37:30.940+0000] {dag.py:3823} INFO - Setting next_dagrun for dataset_consumes_1_and_2 to None, run_after=None
[2024-01-30T16:37:30.942+0000] {logging_mixin.py:188} INFO - [2024-01-30T16:37:30.942+0000] {dag.py:3823} INFO - Setting next_dagrun for dataset_consumes_1_never_scheduled to None, run_after=None
[2024-01-30T16:37:30.943+0000] {logging_mixin.py:188} INFO - [2024-01-30T16:37:30.943+0000] {dag.py:3823} INFO - Setting next_dagrun for dataset_consumes_unknown_never_scheduled to None, run_after=None
[2024-01-30T16:37:30.946+0000] {logging_mixin.py:188} INFO - [2024-01-30T16:37:30.946+0000] {dag.py:3823} INFO - Setting next_dagrun for dataset_produces_1 to 2024-01-29 00:00:00+00:00, run_after=2024-01-30 00:00:00+00:00
[2024-01-30T16:37:30.948+0000] {logging_mixin.py:188} INFO - [2024-01-30T16:37:30.948+0000] {dag.py:3823} INFO - Setting next_dagrun for dataset_produces_2 to None, run_after=None
[2024-01-30T16:37:30.981+0000] {processor.py:183} INFO - Processing /home/airflow/.local/lib/python3.8/site-packages/airflow/example_dags/example_datasets.py took 0.119 seconds
