[2024-01-30T16:16:25.895+0000] {processor.py:161} INFO - Started process (PID=60) to work on /home/airflow/.local/lib/python3.8/site-packages/airflow/example_dags/example_complex.py
[2024-01-30T16:16:25.896+0000] {processor.py:830} INFO - Processing file /home/airflow/.local/lib/python3.8/site-packages/airflow/example_dags/example_complex.py for tasks to queue
[2024-01-30T16:16:25.898+0000] {logging_mixin.py:188} INFO - [2024-01-30T16:16:25.898+0000] {dagbag.py:538} INFO - Filling up the DagBag from /home/airflow/.local/lib/python3.8/site-packages/airflow/example_dags/example_complex.py
[2024-01-30T16:16:25.911+0000] {processor.py:840} INFO - DAG(s) 'example_complex' retrieved from /home/airflow/.local/lib/python3.8/site-packages/airflow/example_dags/example_complex.py
[2024-01-30T16:16:25.923+0000] {logging_mixin.py:188} INFO - [2024-01-30T16:16:25.923+0000] {dag.py:3036} INFO - Sync 1 DAGs
[2024-01-30T16:16:25.937+0000] {logging_mixin.py:188} INFO - [2024-01-30T16:16:25.937+0000] {dag.py:3823} INFO - Setting next_dagrun for example_complex to None, run_after=None
[2024-01-30T16:16:25.958+0000] {processor.py:183} INFO - Processing /home/airflow/.local/lib/python3.8/site-packages/airflow/example_dags/example_complex.py took 0.067 seconds
[2024-01-30T16:16:57.499+0000] {processor.py:161} INFO - Started process (PID=115) to work on /home/airflow/.local/lib/python3.8/site-packages/airflow/example_dags/example_complex.py
[2024-01-30T16:16:57.500+0000] {processor.py:830} INFO - Processing file /home/airflow/.local/lib/python3.8/site-packages/airflow/example_dags/example_complex.py for tasks to queue
[2024-01-30T16:16:57.502+0000] {logging_mixin.py:188} INFO - [2024-01-30T16:16:57.502+0000] {dagbag.py:538} INFO - Filling up the DagBag from /home/airflow/.local/lib/python3.8/site-packages/airflow/example_dags/example_complex.py
[2024-01-30T16:16:57.514+0000] {processor.py:840} INFO - DAG(s) 'example_complex' retrieved from /home/airflow/.local/lib/python3.8/site-packages/airflow/example_dags/example_complex.py
[2024-01-30T16:16:57.619+0000] {logging_mixin.py:188} INFO - [2024-01-30T16:16:57.619+0000] {dag.py:3036} INFO - Sync 1 DAGs
[2024-01-30T16:16:57.629+0000] {logging_mixin.py:188} INFO - [2024-01-30T16:16:57.629+0000] {dag.py:3823} INFO - Setting next_dagrun for example_complex to None, run_after=None
[2024-01-30T16:16:57.648+0000] {processor.py:183} INFO - Processing /home/airflow/.local/lib/python3.8/site-packages/airflow/example_dags/example_complex.py took 0.152 seconds
[2024-01-30T16:17:28.091+0000] {processor.py:161} INFO - Started process (PID=170) to work on /home/airflow/.local/lib/python3.8/site-packages/airflow/example_dags/example_complex.py
[2024-01-30T16:17:28.092+0000] {processor.py:830} INFO - Processing file /home/airflow/.local/lib/python3.8/site-packages/airflow/example_dags/example_complex.py for tasks to queue
[2024-01-30T16:17:28.094+0000] {logging_mixin.py:188} INFO - [2024-01-30T16:17:28.094+0000] {dagbag.py:538} INFO - Filling up the DagBag from /home/airflow/.local/lib/python3.8/site-packages/airflow/example_dags/example_complex.py
[2024-01-30T16:17:28.106+0000] {processor.py:840} INFO - DAG(s) 'example_complex' retrieved from /home/airflow/.local/lib/python3.8/site-packages/airflow/example_dags/example_complex.py
[2024-01-30T16:17:28.137+0000] {logging_mixin.py:188} INFO - [2024-01-30T16:17:28.137+0000] {dag.py:3036} INFO - Sync 1 DAGs
[2024-01-30T16:17:28.148+0000] {logging_mixin.py:188} INFO - [2024-01-30T16:17:28.148+0000] {dag.py:3823} INFO - Setting next_dagrun for example_complex to None, run_after=None
[2024-01-30T16:17:28.167+0000] {processor.py:183} INFO - Processing /home/airflow/.local/lib/python3.8/site-packages/airflow/example_dags/example_complex.py took 0.079 seconds
[2024-01-30T16:17:59.129+0000] {processor.py:161} INFO - Started process (PID=225) to work on /home/airflow/.local/lib/python3.8/site-packages/airflow/example_dags/example_complex.py
[2024-01-30T16:17:59.130+0000] {processor.py:830} INFO - Processing file /home/airflow/.local/lib/python3.8/site-packages/airflow/example_dags/example_complex.py for tasks to queue
[2024-01-30T16:17:59.132+0000] {logging_mixin.py:188} INFO - [2024-01-30T16:17:59.132+0000] {dagbag.py:538} INFO - Filling up the DagBag from /home/airflow/.local/lib/python3.8/site-packages/airflow/example_dags/example_complex.py
[2024-01-30T16:17:59.143+0000] {processor.py:840} INFO - DAG(s) 'example_complex' retrieved from /home/airflow/.local/lib/python3.8/site-packages/airflow/example_dags/example_complex.py
[2024-01-30T16:17:59.174+0000] {logging_mixin.py:188} INFO - [2024-01-30T16:17:59.174+0000] {dag.py:3036} INFO - Sync 1 DAGs
[2024-01-30T16:17:59.185+0000] {logging_mixin.py:188} INFO - [2024-01-30T16:17:59.185+0000] {dag.py:3823} INFO - Setting next_dagrun for example_complex to None, run_after=None
[2024-01-30T16:17:59.203+0000] {processor.py:183} INFO - Processing /home/airflow/.local/lib/python3.8/site-packages/airflow/example_dags/example_complex.py took 0.077 seconds
[2024-01-30T16:18:29.287+0000] {processor.py:161} INFO - Started process (PID=280) to work on /home/airflow/.local/lib/python3.8/site-packages/airflow/example_dags/example_complex.py
[2024-01-30T16:18:29.288+0000] {processor.py:830} INFO - Processing file /home/airflow/.local/lib/python3.8/site-packages/airflow/example_dags/example_complex.py for tasks to queue
[2024-01-30T16:18:29.290+0000] {logging_mixin.py:188} INFO - [2024-01-30T16:18:29.290+0000] {dagbag.py:538} INFO - Filling up the DagBag from /home/airflow/.local/lib/python3.8/site-packages/airflow/example_dags/example_complex.py
[2024-01-30T16:18:29.302+0000] {processor.py:840} INFO - DAG(s) 'example_complex' retrieved from /home/airflow/.local/lib/python3.8/site-packages/airflow/example_dags/example_complex.py
[2024-01-30T16:18:29.333+0000] {logging_mixin.py:188} INFO - [2024-01-30T16:18:29.333+0000] {dag.py:3036} INFO - Sync 1 DAGs
[2024-01-30T16:18:29.344+0000] {logging_mixin.py:188} INFO - [2024-01-30T16:18:29.343+0000] {dag.py:3823} INFO - Setting next_dagrun for example_complex to None, run_after=None
[2024-01-30T16:18:29.361+0000] {processor.py:183} INFO - Processing /home/airflow/.local/lib/python3.8/site-packages/airflow/example_dags/example_complex.py took 0.077 seconds
[2024-01-30T16:18:59.990+0000] {processor.py:161} INFO - Started process (PID=335) to work on /home/airflow/.local/lib/python3.8/site-packages/airflow/example_dags/example_complex.py
[2024-01-30T16:18:59.991+0000] {processor.py:830} INFO - Processing file /home/airflow/.local/lib/python3.8/site-packages/airflow/example_dags/example_complex.py for tasks to queue
[2024-01-30T16:18:59.993+0000] {logging_mixin.py:188} INFO - [2024-01-30T16:18:59.992+0000] {dagbag.py:538} INFO - Filling up the DagBag from /home/airflow/.local/lib/python3.8/site-packages/airflow/example_dags/example_complex.py
[2024-01-30T16:19:00.004+0000] {processor.py:840} INFO - DAG(s) 'example_complex' retrieved from /home/airflow/.local/lib/python3.8/site-packages/airflow/example_dags/example_complex.py
[2024-01-30T16:19:00.036+0000] {logging_mixin.py:188} INFO - [2024-01-30T16:19:00.036+0000] {dag.py:3036} INFO - Sync 1 DAGs
[2024-01-30T16:19:00.047+0000] {logging_mixin.py:188} INFO - [2024-01-30T16:19:00.046+0000] {dag.py:3823} INFO - Setting next_dagrun for example_complex to None, run_after=None
[2024-01-30T16:19:00.064+0000] {processor.py:183} INFO - Processing /home/airflow/.local/lib/python3.8/site-packages/airflow/example_dags/example_complex.py took 0.085 seconds
[2024-01-30T16:19:30.555+0000] {processor.py:161} INFO - Started process (PID=390) to work on /home/airflow/.local/lib/python3.8/site-packages/airflow/example_dags/example_complex.py
[2024-01-30T16:19:30.556+0000] {processor.py:830} INFO - Processing file /home/airflow/.local/lib/python3.8/site-packages/airflow/example_dags/example_complex.py for tasks to queue
[2024-01-30T16:19:30.557+0000] {logging_mixin.py:188} INFO - [2024-01-30T16:19:30.557+0000] {dagbag.py:538} INFO - Filling up the DagBag from /home/airflow/.local/lib/python3.8/site-packages/airflow/example_dags/example_complex.py
[2024-01-30T16:19:30.569+0000] {processor.py:840} INFO - DAG(s) 'example_complex' retrieved from /home/airflow/.local/lib/python3.8/site-packages/airflow/example_dags/example_complex.py
[2024-01-30T16:19:30.602+0000] {logging_mixin.py:188} INFO - [2024-01-30T16:19:30.601+0000] {dag.py:3036} INFO - Sync 1 DAGs
[2024-01-30T16:19:30.613+0000] {logging_mixin.py:188} INFO - [2024-01-30T16:19:30.613+0000] {dag.py:3823} INFO - Setting next_dagrun for example_complex to None, run_after=None
[2024-01-30T16:19:30.632+0000] {processor.py:183} INFO - Processing /home/airflow/.local/lib/python3.8/site-packages/airflow/example_dags/example_complex.py took 0.080 seconds
[2024-01-30T16:20:01.240+0000] {processor.py:161} INFO - Started process (PID=445) to work on /home/airflow/.local/lib/python3.8/site-packages/airflow/example_dags/example_complex.py
[2024-01-30T16:20:01.241+0000] {processor.py:830} INFO - Processing file /home/airflow/.local/lib/python3.8/site-packages/airflow/example_dags/example_complex.py for tasks to queue
[2024-01-30T16:20:01.242+0000] {logging_mixin.py:188} INFO - [2024-01-30T16:20:01.242+0000] {dagbag.py:538} INFO - Filling up the DagBag from /home/airflow/.local/lib/python3.8/site-packages/airflow/example_dags/example_complex.py
[2024-01-30T16:20:01.254+0000] {processor.py:840} INFO - DAG(s) 'example_complex' retrieved from /home/airflow/.local/lib/python3.8/site-packages/airflow/example_dags/example_complex.py
[2024-01-30T16:20:01.286+0000] {logging_mixin.py:188} INFO - [2024-01-30T16:20:01.285+0000] {dag.py:3036} INFO - Sync 1 DAGs
[2024-01-30T16:20:01.296+0000] {logging_mixin.py:188} INFO - [2024-01-30T16:20:01.296+0000] {dag.py:3823} INFO - Setting next_dagrun for example_complex to None, run_after=None
[2024-01-30T16:20:01.314+0000] {processor.py:183} INFO - Processing /home/airflow/.local/lib/python3.8/site-packages/airflow/example_dags/example_complex.py took 0.078 seconds
[2024-01-30T16:20:31.933+0000] {processor.py:161} INFO - Started process (PID=500) to work on /home/airflow/.local/lib/python3.8/site-packages/airflow/example_dags/example_complex.py
[2024-01-30T16:20:31.934+0000] {processor.py:830} INFO - Processing file /home/airflow/.local/lib/python3.8/site-packages/airflow/example_dags/example_complex.py for tasks to queue
[2024-01-30T16:20:31.935+0000] {logging_mixin.py:188} INFO - [2024-01-30T16:20:31.935+0000] {dagbag.py:538} INFO - Filling up the DagBag from /home/airflow/.local/lib/python3.8/site-packages/airflow/example_dags/example_complex.py
[2024-01-30T16:20:31.947+0000] {processor.py:840} INFO - DAG(s) 'example_complex' retrieved from /home/airflow/.local/lib/python3.8/site-packages/airflow/example_dags/example_complex.py
[2024-01-30T16:20:31.988+0000] {logging_mixin.py:188} INFO - [2024-01-30T16:20:31.987+0000] {dag.py:3036} INFO - Sync 1 DAGs
[2024-01-30T16:20:31.999+0000] {logging_mixin.py:188} INFO - [2024-01-30T16:20:31.999+0000] {dag.py:3823} INFO - Setting next_dagrun for example_complex to None, run_after=None
[2024-01-30T16:20:32.018+0000] {processor.py:183} INFO - Processing /home/airflow/.local/lib/python3.8/site-packages/airflow/example_dags/example_complex.py took 0.088 seconds
[2024-01-30T16:21:02.701+0000] {processor.py:161} INFO - Started process (PID=555) to work on /home/airflow/.local/lib/python3.8/site-packages/airflow/example_dags/example_complex.py
[2024-01-30T16:21:02.702+0000] {processor.py:830} INFO - Processing file /home/airflow/.local/lib/python3.8/site-packages/airflow/example_dags/example_complex.py for tasks to queue
[2024-01-30T16:21:02.704+0000] {logging_mixin.py:188} INFO - [2024-01-30T16:21:02.704+0000] {dagbag.py:538} INFO - Filling up the DagBag from /home/airflow/.local/lib/python3.8/site-packages/airflow/example_dags/example_complex.py
[2024-01-30T16:21:02.717+0000] {processor.py:840} INFO - DAG(s) 'example_complex' retrieved from /home/airflow/.local/lib/python3.8/site-packages/airflow/example_dags/example_complex.py
[2024-01-30T16:21:02.750+0000] {logging_mixin.py:188} INFO - [2024-01-30T16:21:02.750+0000] {dag.py:3036} INFO - Sync 1 DAGs
[2024-01-30T16:21:02.762+0000] {logging_mixin.py:188} INFO - [2024-01-30T16:21:02.762+0000] {dag.py:3823} INFO - Setting next_dagrun for example_complex to None, run_after=None
[2024-01-30T16:21:02.783+0000] {processor.py:183} INFO - Processing /home/airflow/.local/lib/python3.8/site-packages/airflow/example_dags/example_complex.py took 0.086 seconds
[2024-01-30T16:21:32.929+0000] {processor.py:161} INFO - Started process (PID=610) to work on /home/airflow/.local/lib/python3.8/site-packages/airflow/example_dags/example_complex.py
[2024-01-30T16:21:32.930+0000] {processor.py:830} INFO - Processing file /home/airflow/.local/lib/python3.8/site-packages/airflow/example_dags/example_complex.py for tasks to queue
[2024-01-30T16:21:32.932+0000] {logging_mixin.py:188} INFO - [2024-01-30T16:21:32.931+0000] {dagbag.py:538} INFO - Filling up the DagBag from /home/airflow/.local/lib/python3.8/site-packages/airflow/example_dags/example_complex.py
[2024-01-30T16:21:32.944+0000] {processor.py:840} INFO - DAG(s) 'example_complex' retrieved from /home/airflow/.local/lib/python3.8/site-packages/airflow/example_dags/example_complex.py
[2024-01-30T16:21:32.976+0000] {logging_mixin.py:188} INFO - [2024-01-30T16:21:32.976+0000] {dag.py:3036} INFO - Sync 1 DAGs
[2024-01-30T16:21:32.987+0000] {logging_mixin.py:188} INFO - [2024-01-30T16:21:32.987+0000] {dag.py:3823} INFO - Setting next_dagrun for example_complex to None, run_after=None
[2024-01-30T16:21:33.005+0000] {processor.py:183} INFO - Processing /home/airflow/.local/lib/python3.8/site-packages/airflow/example_dags/example_complex.py took 0.079 seconds
[2024-01-30T16:22:03.117+0000] {processor.py:161} INFO - Started process (PID=665) to work on /home/airflow/.local/lib/python3.8/site-packages/airflow/example_dags/example_complex.py
[2024-01-30T16:22:03.118+0000] {processor.py:830} INFO - Processing file /home/airflow/.local/lib/python3.8/site-packages/airflow/example_dags/example_complex.py for tasks to queue
[2024-01-30T16:22:03.119+0000] {logging_mixin.py:188} INFO - [2024-01-30T16:22:03.119+0000] {dagbag.py:538} INFO - Filling up the DagBag from /home/airflow/.local/lib/python3.8/site-packages/airflow/example_dags/example_complex.py
[2024-01-30T16:22:03.132+0000] {processor.py:840} INFO - DAG(s) 'example_complex' retrieved from /home/airflow/.local/lib/python3.8/site-packages/airflow/example_dags/example_complex.py
[2024-01-30T16:22:03.163+0000] {logging_mixin.py:188} INFO - [2024-01-30T16:22:03.163+0000] {dag.py:3036} INFO - Sync 1 DAGs
[2024-01-30T16:22:03.174+0000] {logging_mixin.py:188} INFO - [2024-01-30T16:22:03.174+0000] {dag.py:3823} INFO - Setting next_dagrun for example_complex to None, run_after=None
[2024-01-30T16:22:03.193+0000] {processor.py:183} INFO - Processing /home/airflow/.local/lib/python3.8/site-packages/airflow/example_dags/example_complex.py took 0.079 seconds
[2024-01-30T16:22:33.329+0000] {processor.py:161} INFO - Started process (PID=720) to work on /home/airflow/.local/lib/python3.8/site-packages/airflow/example_dags/example_complex.py
[2024-01-30T16:22:33.330+0000] {processor.py:830} INFO - Processing file /home/airflow/.local/lib/python3.8/site-packages/airflow/example_dags/example_complex.py for tasks to queue
[2024-01-30T16:22:33.332+0000] {logging_mixin.py:188} INFO - [2024-01-30T16:22:33.331+0000] {dagbag.py:538} INFO - Filling up the DagBag from /home/airflow/.local/lib/python3.8/site-packages/airflow/example_dags/example_complex.py
[2024-01-30T16:22:33.344+0000] {processor.py:840} INFO - DAG(s) 'example_complex' retrieved from /home/airflow/.local/lib/python3.8/site-packages/airflow/example_dags/example_complex.py
[2024-01-30T16:22:33.375+0000] {logging_mixin.py:188} INFO - [2024-01-30T16:22:33.375+0000] {dag.py:3036} INFO - Sync 1 DAGs
[2024-01-30T16:22:33.386+0000] {logging_mixin.py:188} INFO - [2024-01-30T16:22:33.386+0000] {dag.py:3823} INFO - Setting next_dagrun for example_complex to None, run_after=None
[2024-01-30T16:22:33.404+0000] {processor.py:183} INFO - Processing /home/airflow/.local/lib/python3.8/site-packages/airflow/example_dags/example_complex.py took 0.078 seconds
[2024-01-30T16:23:03.536+0000] {processor.py:161} INFO - Started process (PID=775) to work on /home/airflow/.local/lib/python3.8/site-packages/airflow/example_dags/example_complex.py
[2024-01-30T16:23:03.537+0000] {processor.py:830} INFO - Processing file /home/airflow/.local/lib/python3.8/site-packages/airflow/example_dags/example_complex.py for tasks to queue
[2024-01-30T16:23:03.538+0000] {logging_mixin.py:188} INFO - [2024-01-30T16:23:03.538+0000] {dagbag.py:538} INFO - Filling up the DagBag from /home/airflow/.local/lib/python3.8/site-packages/airflow/example_dags/example_complex.py
[2024-01-30T16:23:03.550+0000] {processor.py:840} INFO - DAG(s) 'example_complex' retrieved from /home/airflow/.local/lib/python3.8/site-packages/airflow/example_dags/example_complex.py
[2024-01-30T16:23:03.580+0000] {logging_mixin.py:188} INFO - [2024-01-30T16:23:03.580+0000] {dag.py:3036} INFO - Sync 1 DAGs
[2024-01-30T16:23:03.591+0000] {logging_mixin.py:188} INFO - [2024-01-30T16:23:03.591+0000] {dag.py:3823} INFO - Setting next_dagrun for example_complex to None, run_after=None
[2024-01-30T16:23:03.609+0000] {processor.py:183} INFO - Processing /home/airflow/.local/lib/python3.8/site-packages/airflow/example_dags/example_complex.py took 0.076 seconds
[2024-01-30T16:23:34.248+0000] {processor.py:161} INFO - Started process (PID=830) to work on /home/airflow/.local/lib/python3.8/site-packages/airflow/example_dags/example_complex.py
[2024-01-30T16:23:34.249+0000] {processor.py:830} INFO - Processing file /home/airflow/.local/lib/python3.8/site-packages/airflow/example_dags/example_complex.py for tasks to queue
[2024-01-30T16:23:34.250+0000] {logging_mixin.py:188} INFO - [2024-01-30T16:23:34.250+0000] {dagbag.py:538} INFO - Filling up the DagBag from /home/airflow/.local/lib/python3.8/site-packages/airflow/example_dags/example_complex.py
[2024-01-30T16:23:34.262+0000] {processor.py:840} INFO - DAG(s) 'example_complex' retrieved from /home/airflow/.local/lib/python3.8/site-packages/airflow/example_dags/example_complex.py
[2024-01-30T16:23:34.295+0000] {logging_mixin.py:188} INFO - [2024-01-30T16:23:34.295+0000] {dag.py:3036} INFO - Sync 1 DAGs
[2024-01-30T16:23:34.307+0000] {logging_mixin.py:188} INFO - [2024-01-30T16:23:34.307+0000] {dag.py:3823} INFO - Setting next_dagrun for example_complex to None, run_after=None
[2024-01-30T16:23:34.328+0000] {processor.py:183} INFO - Processing /home/airflow/.local/lib/python3.8/site-packages/airflow/example_dags/example_complex.py took 0.083 seconds
[2024-01-30T16:24:42.524+0000] {processor.py:161} INFO - Started process (PID=60) to work on /home/airflow/.local/lib/python3.8/site-packages/airflow/example_dags/example_complex.py
[2024-01-30T16:24:42.525+0000] {processor.py:830} INFO - Processing file /home/airflow/.local/lib/python3.8/site-packages/airflow/example_dags/example_complex.py for tasks to queue
[2024-01-30T16:24:42.529+0000] {logging_mixin.py:188} INFO - [2024-01-30T16:24:42.528+0000] {dagbag.py:538} INFO - Filling up the DagBag from /home/airflow/.local/lib/python3.8/site-packages/airflow/example_dags/example_complex.py
[2024-01-30T16:24:42.540+0000] {processor.py:840} INFO - DAG(s) 'example_complex' retrieved from /home/airflow/.local/lib/python3.8/site-packages/airflow/example_dags/example_complex.py
[2024-01-30T16:24:42.551+0000] {logging_mixin.py:188} INFO - [2024-01-30T16:24:42.551+0000] {dag.py:3036} INFO - Sync 1 DAGs
[2024-01-30T16:24:42.564+0000] {logging_mixin.py:188} INFO - [2024-01-30T16:24:42.563+0000] {dag.py:3823} INFO - Setting next_dagrun for example_complex to None, run_after=None
[2024-01-30T16:24:42.583+0000] {processor.py:183} INFO - Processing /home/airflow/.local/lib/python3.8/site-packages/airflow/example_dags/example_complex.py took 0.062 seconds
[2024-01-30T16:25:13.873+0000] {processor.py:161} INFO - Started process (PID=115) to work on /home/airflow/.local/lib/python3.8/site-packages/airflow/example_dags/example_complex.py
[2024-01-30T16:25:13.874+0000] {processor.py:830} INFO - Processing file /home/airflow/.local/lib/python3.8/site-packages/airflow/example_dags/example_complex.py for tasks to queue
[2024-01-30T16:25:13.876+0000] {logging_mixin.py:188} INFO - [2024-01-30T16:25:13.876+0000] {dagbag.py:538} INFO - Filling up the DagBag from /home/airflow/.local/lib/python3.8/site-packages/airflow/example_dags/example_complex.py
[2024-01-30T16:25:13.888+0000] {processor.py:840} INFO - DAG(s) 'example_complex' retrieved from /home/airflow/.local/lib/python3.8/site-packages/airflow/example_dags/example_complex.py
[2024-01-30T16:25:13.997+0000] {logging_mixin.py:188} INFO - [2024-01-30T16:25:13.997+0000] {dag.py:3036} INFO - Sync 1 DAGs
[2024-01-30T16:25:14.007+0000] {logging_mixin.py:188} INFO - [2024-01-30T16:25:14.007+0000] {dag.py:3823} INFO - Setting next_dagrun for example_complex to None, run_after=None
[2024-01-30T16:25:14.027+0000] {processor.py:183} INFO - Processing /home/airflow/.local/lib/python3.8/site-packages/airflow/example_dags/example_complex.py took 0.157 seconds
[2024-01-30T16:26:21.277+0000] {processor.py:161} INFO - Started process (PID=60) to work on /home/airflow/.local/lib/python3.8/site-packages/airflow/example_dags/example_complex.py
[2024-01-30T16:26:21.279+0000] {processor.py:830} INFO - Processing file /home/airflow/.local/lib/python3.8/site-packages/airflow/example_dags/example_complex.py for tasks to queue
[2024-01-30T16:26:21.282+0000] {logging_mixin.py:188} INFO - [2024-01-30T16:26:21.281+0000] {dagbag.py:538} INFO - Filling up the DagBag from /home/airflow/.local/lib/python3.8/site-packages/airflow/example_dags/example_complex.py
[2024-01-30T16:26:21.294+0000] {processor.py:840} INFO - DAG(s) 'example_complex' retrieved from /home/airflow/.local/lib/python3.8/site-packages/airflow/example_dags/example_complex.py
[2024-01-30T16:26:21.305+0000] {logging_mixin.py:188} INFO - [2024-01-30T16:26:21.305+0000] {dag.py:3036} INFO - Sync 1 DAGs
[2024-01-30T16:26:21.318+0000] {logging_mixin.py:188} INFO - [2024-01-30T16:26:21.318+0000] {dag.py:3823} INFO - Setting next_dagrun for example_complex to None, run_after=None
[2024-01-30T16:26:21.339+0000] {processor.py:183} INFO - Processing /home/airflow/.local/lib/python3.8/site-packages/airflow/example_dags/example_complex.py took 0.067 seconds
[2024-01-30T16:26:52.547+0000] {processor.py:161} INFO - Started process (PID=115) to work on /home/airflow/.local/lib/python3.8/site-packages/airflow/example_dags/example_complex.py
[2024-01-30T16:26:52.548+0000] {processor.py:830} INFO - Processing file /home/airflow/.local/lib/python3.8/site-packages/airflow/example_dags/example_complex.py for tasks to queue
[2024-01-30T16:26:52.550+0000] {logging_mixin.py:188} INFO - [2024-01-30T16:26:52.550+0000] {dagbag.py:538} INFO - Filling up the DagBag from /home/airflow/.local/lib/python3.8/site-packages/airflow/example_dags/example_complex.py
[2024-01-30T16:26:52.561+0000] {processor.py:840} INFO - DAG(s) 'example_complex' retrieved from /home/airflow/.local/lib/python3.8/site-packages/airflow/example_dags/example_complex.py
[2024-01-30T16:26:52.666+0000] {logging_mixin.py:188} INFO - [2024-01-30T16:26:52.666+0000] {dag.py:3036} INFO - Sync 1 DAGs
[2024-01-30T16:26:52.675+0000] {logging_mixin.py:188} INFO - [2024-01-30T16:26:52.675+0000] {dag.py:3823} INFO - Setting next_dagrun for example_complex to None, run_after=None
[2024-01-30T16:26:52.694+0000] {processor.py:183} INFO - Processing /home/airflow/.local/lib/python3.8/site-packages/airflow/example_dags/example_complex.py took 0.150 seconds
[2024-01-30T16:27:23.714+0000] {processor.py:161} INFO - Started process (PID=170) to work on /home/airflow/.local/lib/python3.8/site-packages/airflow/example_dags/example_complex.py
[2024-01-30T16:27:23.715+0000] {processor.py:830} INFO - Processing file /home/airflow/.local/lib/python3.8/site-packages/airflow/example_dags/example_complex.py for tasks to queue
[2024-01-30T16:27:23.717+0000] {logging_mixin.py:188} INFO - [2024-01-30T16:27:23.717+0000] {dagbag.py:538} INFO - Filling up the DagBag from /home/airflow/.local/lib/python3.8/site-packages/airflow/example_dags/example_complex.py
[2024-01-30T16:27:23.728+0000] {processor.py:840} INFO - DAG(s) 'example_complex' retrieved from /home/airflow/.local/lib/python3.8/site-packages/airflow/example_dags/example_complex.py
[2024-01-30T16:27:23.761+0000] {logging_mixin.py:188} INFO - [2024-01-30T16:27:23.761+0000] {dag.py:3036} INFO - Sync 1 DAGs
[2024-01-30T16:27:23.773+0000] {logging_mixin.py:188} INFO - [2024-01-30T16:27:23.773+0000] {dag.py:3823} INFO - Setting next_dagrun for example_complex to None, run_after=None
[2024-01-30T16:27:23.791+0000] {processor.py:183} INFO - Processing /home/airflow/.local/lib/python3.8/site-packages/airflow/example_dags/example_complex.py took 0.080 seconds
[2024-01-30T16:27:54.674+0000] {processor.py:161} INFO - Started process (PID=225) to work on /home/airflow/.local/lib/python3.8/site-packages/airflow/example_dags/example_complex.py
[2024-01-30T16:27:54.675+0000] {processor.py:830} INFO - Processing file /home/airflow/.local/lib/python3.8/site-packages/airflow/example_dags/example_complex.py for tasks to queue
[2024-01-30T16:27:54.676+0000] {logging_mixin.py:188} INFO - [2024-01-30T16:27:54.676+0000] {dagbag.py:538} INFO - Filling up the DagBag from /home/airflow/.local/lib/python3.8/site-packages/airflow/example_dags/example_complex.py
[2024-01-30T16:27:54.687+0000] {processor.py:840} INFO - DAG(s) 'example_complex' retrieved from /home/airflow/.local/lib/python3.8/site-packages/airflow/example_dags/example_complex.py
[2024-01-30T16:27:54.717+0000] {logging_mixin.py:188} INFO - [2024-01-30T16:27:54.717+0000] {dag.py:3036} INFO - Sync 1 DAGs
[2024-01-30T16:27:54.728+0000] {logging_mixin.py:188} INFO - [2024-01-30T16:27:54.728+0000] {dag.py:3823} INFO - Setting next_dagrun for example_complex to None, run_after=None
[2024-01-30T16:27:54.754+0000] {processor.py:183} INFO - Processing /home/airflow/.local/lib/python3.8/site-packages/airflow/example_dags/example_complex.py took 0.083 seconds
[2024-01-30T16:28:25.274+0000] {processor.py:161} INFO - Started process (PID=280) to work on /home/airflow/.local/lib/python3.8/site-packages/airflow/example_dags/example_complex.py
[2024-01-30T16:28:25.275+0000] {processor.py:830} INFO - Processing file /home/airflow/.local/lib/python3.8/site-packages/airflow/example_dags/example_complex.py for tasks to queue
[2024-01-30T16:28:25.277+0000] {logging_mixin.py:188} INFO - [2024-01-30T16:28:25.276+0000] {dagbag.py:538} INFO - Filling up the DagBag from /home/airflow/.local/lib/python3.8/site-packages/airflow/example_dags/example_complex.py
[2024-01-30T16:28:25.288+0000] {processor.py:840} INFO - DAG(s) 'example_complex' retrieved from /home/airflow/.local/lib/python3.8/site-packages/airflow/example_dags/example_complex.py
[2024-01-30T16:28:25.320+0000] {logging_mixin.py:188} INFO - [2024-01-30T16:28:25.319+0000] {dag.py:3036} INFO - Sync 1 DAGs
[2024-01-30T16:28:25.330+0000] {logging_mixin.py:188} INFO - [2024-01-30T16:28:25.330+0000] {dag.py:3823} INFO - Setting next_dagrun for example_complex to None, run_after=None
[2024-01-30T16:28:25.357+0000] {processor.py:183} INFO - Processing /home/airflow/.local/lib/python3.8/site-packages/airflow/example_dags/example_complex.py took 0.086 seconds
[2024-01-30T16:28:55.981+0000] {processor.py:161} INFO - Started process (PID=335) to work on /home/airflow/.local/lib/python3.8/site-packages/airflow/example_dags/example_complex.py
[2024-01-30T16:28:55.982+0000] {processor.py:830} INFO - Processing file /home/airflow/.local/lib/python3.8/site-packages/airflow/example_dags/example_complex.py for tasks to queue
[2024-01-30T16:28:55.984+0000] {logging_mixin.py:188} INFO - [2024-01-30T16:28:55.984+0000] {dagbag.py:538} INFO - Filling up the DagBag from /home/airflow/.local/lib/python3.8/site-packages/airflow/example_dags/example_complex.py
[2024-01-30T16:28:55.997+0000] {processor.py:840} INFO - DAG(s) 'example_complex' retrieved from /home/airflow/.local/lib/python3.8/site-packages/airflow/example_dags/example_complex.py
[2024-01-30T16:28:56.032+0000] {logging_mixin.py:188} INFO - [2024-01-30T16:28:56.032+0000] {dag.py:3036} INFO - Sync 1 DAGs
[2024-01-30T16:28:56.045+0000] {logging_mixin.py:188} INFO - [2024-01-30T16:28:56.045+0000] {dag.py:3823} INFO - Setting next_dagrun for example_complex to None, run_after=None
[2024-01-30T16:28:56.076+0000] {processor.py:183} INFO - Processing /home/airflow/.local/lib/python3.8/site-packages/airflow/example_dags/example_complex.py took 0.097 seconds
[2024-01-30T16:29:26.671+0000] {processor.py:161} INFO - Started process (PID=390) to work on /home/airflow/.local/lib/python3.8/site-packages/airflow/example_dags/example_complex.py
[2024-01-30T16:29:26.672+0000] {processor.py:830} INFO - Processing file /home/airflow/.local/lib/python3.8/site-packages/airflow/example_dags/example_complex.py for tasks to queue
[2024-01-30T16:29:26.673+0000] {logging_mixin.py:188} INFO - [2024-01-30T16:29:26.673+0000] {dagbag.py:538} INFO - Filling up the DagBag from /home/airflow/.local/lib/python3.8/site-packages/airflow/example_dags/example_complex.py
[2024-01-30T16:29:26.686+0000] {processor.py:840} INFO - DAG(s) 'example_complex' retrieved from /home/airflow/.local/lib/python3.8/site-packages/airflow/example_dags/example_complex.py
[2024-01-30T16:29:26.720+0000] {logging_mixin.py:188} INFO - [2024-01-30T16:29:26.720+0000] {dag.py:3036} INFO - Sync 1 DAGs
[2024-01-30T16:29:26.732+0000] {logging_mixin.py:188} INFO - [2024-01-30T16:29:26.732+0000] {dag.py:3823} INFO - Setting next_dagrun for example_complex to None, run_after=None
[2024-01-30T16:29:26.762+0000] {processor.py:183} INFO - Processing /home/airflow/.local/lib/python3.8/site-packages/airflow/example_dags/example_complex.py took 0.095 seconds
[2024-01-30T16:29:57.359+0000] {processor.py:161} INFO - Started process (PID=445) to work on /home/airflow/.local/lib/python3.8/site-packages/airflow/example_dags/example_complex.py
[2024-01-30T16:29:57.360+0000] {processor.py:830} INFO - Processing file /home/airflow/.local/lib/python3.8/site-packages/airflow/example_dags/example_complex.py for tasks to queue
[2024-01-30T16:29:57.362+0000] {logging_mixin.py:188} INFO - [2024-01-30T16:29:57.361+0000] {dagbag.py:538} INFO - Filling up the DagBag from /home/airflow/.local/lib/python3.8/site-packages/airflow/example_dags/example_complex.py
[2024-01-30T16:29:57.373+0000] {processor.py:840} INFO - DAG(s) 'example_complex' retrieved from /home/airflow/.local/lib/python3.8/site-packages/airflow/example_dags/example_complex.py
[2024-01-30T16:29:57.406+0000] {logging_mixin.py:188} INFO - [2024-01-30T16:29:57.406+0000] {dag.py:3036} INFO - Sync 1 DAGs
[2024-01-30T16:29:57.417+0000] {logging_mixin.py:188} INFO - [2024-01-30T16:29:57.417+0000] {dag.py:3823} INFO - Setting next_dagrun for example_complex to None, run_after=None
[2024-01-30T16:29:57.446+0000] {processor.py:183} INFO - Processing /home/airflow/.local/lib/python3.8/site-packages/airflow/example_dags/example_complex.py took 0.089 seconds
[2024-01-30T16:30:28.180+0000] {processor.py:161} INFO - Started process (PID=500) to work on /home/airflow/.local/lib/python3.8/site-packages/airflow/example_dags/example_complex.py
[2024-01-30T16:30:28.181+0000] {processor.py:830} INFO - Processing file /home/airflow/.local/lib/python3.8/site-packages/airflow/example_dags/example_complex.py for tasks to queue
[2024-01-30T16:30:28.183+0000] {logging_mixin.py:188} INFO - [2024-01-30T16:30:28.182+0000] {dagbag.py:538} INFO - Filling up the DagBag from /home/airflow/.local/lib/python3.8/site-packages/airflow/example_dags/example_complex.py
[2024-01-30T16:30:28.195+0000] {processor.py:840} INFO - DAG(s) 'example_complex' retrieved from /home/airflow/.local/lib/python3.8/site-packages/airflow/example_dags/example_complex.py
[2024-01-30T16:30:28.226+0000] {logging_mixin.py:188} INFO - [2024-01-30T16:30:28.226+0000] {dag.py:3036} INFO - Sync 1 DAGs
[2024-01-30T16:30:28.237+0000] {logging_mixin.py:188} INFO - [2024-01-30T16:30:28.237+0000] {dag.py:3823} INFO - Setting next_dagrun for example_complex to None, run_after=None
[2024-01-30T16:30:28.256+0000] {processor.py:183} INFO - Processing /home/airflow/.local/lib/python3.8/site-packages/airflow/example_dags/example_complex.py took 0.079 seconds
[2024-01-30T16:30:58.537+0000] {processor.py:161} INFO - Started process (PID=555) to work on /home/airflow/.local/lib/python3.8/site-packages/airflow/example_dags/example_complex.py
[2024-01-30T16:30:58.538+0000] {processor.py:830} INFO - Processing file /home/airflow/.local/lib/python3.8/site-packages/airflow/example_dags/example_complex.py for tasks to queue
[2024-01-30T16:30:58.541+0000] {logging_mixin.py:188} INFO - [2024-01-30T16:30:58.541+0000] {dagbag.py:538} INFO - Filling up the DagBag from /home/airflow/.local/lib/python3.8/site-packages/airflow/example_dags/example_complex.py
[2024-01-30T16:30:58.558+0000] {processor.py:840} INFO - DAG(s) 'example_complex' retrieved from /home/airflow/.local/lib/python3.8/site-packages/airflow/example_dags/example_complex.py
[2024-01-30T16:30:58.625+0000] {logging_mixin.py:188} INFO - [2024-01-30T16:30:58.624+0000] {dag.py:3036} INFO - Sync 1 DAGs
[2024-01-30T16:30:58.650+0000] {logging_mixin.py:188} INFO - [2024-01-30T16:30:58.649+0000] {dag.py:3823} INFO - Setting next_dagrun for example_complex to None, run_after=None
[2024-01-30T16:30:58.697+0000] {processor.py:183} INFO - Processing /home/airflow/.local/lib/python3.8/site-packages/airflow/example_dags/example_complex.py took 0.163 seconds
[2024-01-30T16:31:28.823+0000] {processor.py:161} INFO - Started process (PID=610) to work on /home/airflow/.local/lib/python3.8/site-packages/airflow/example_dags/example_complex.py
[2024-01-30T16:31:28.824+0000] {processor.py:830} INFO - Processing file /home/airflow/.local/lib/python3.8/site-packages/airflow/example_dags/example_complex.py for tasks to queue
[2024-01-30T16:31:28.826+0000] {logging_mixin.py:188} INFO - [2024-01-30T16:31:28.825+0000] {dagbag.py:538} INFO - Filling up the DagBag from /home/airflow/.local/lib/python3.8/site-packages/airflow/example_dags/example_complex.py
[2024-01-30T16:31:28.838+0000] {processor.py:840} INFO - DAG(s) 'example_complex' retrieved from /home/airflow/.local/lib/python3.8/site-packages/airflow/example_dags/example_complex.py
[2024-01-30T16:31:28.869+0000] {logging_mixin.py:188} INFO - [2024-01-30T16:31:28.868+0000] {dag.py:3036} INFO - Sync 1 DAGs
[2024-01-30T16:31:28.879+0000] {logging_mixin.py:188} INFO - [2024-01-30T16:31:28.879+0000] {dag.py:3823} INFO - Setting next_dagrun for example_complex to None, run_after=None
[2024-01-30T16:31:28.897+0000] {processor.py:183} INFO - Processing /home/airflow/.local/lib/python3.8/site-packages/airflow/example_dags/example_complex.py took 0.077 seconds
[2024-01-30T16:31:59.145+0000] {processor.py:161} INFO - Started process (PID=665) to work on /home/airflow/.local/lib/python3.8/site-packages/airflow/example_dags/example_complex.py
[2024-01-30T16:31:59.146+0000] {processor.py:830} INFO - Processing file /home/airflow/.local/lib/python3.8/site-packages/airflow/example_dags/example_complex.py for tasks to queue
[2024-01-30T16:31:59.148+0000] {logging_mixin.py:188} INFO - [2024-01-30T16:31:59.148+0000] {dagbag.py:538} INFO - Filling up the DagBag from /home/airflow/.local/lib/python3.8/site-packages/airflow/example_dags/example_complex.py
[2024-01-30T16:31:59.160+0000] {processor.py:840} INFO - DAG(s) 'example_complex' retrieved from /home/airflow/.local/lib/python3.8/site-packages/airflow/example_dags/example_complex.py
[2024-01-30T16:31:59.191+0000] {logging_mixin.py:188} INFO - [2024-01-30T16:31:59.190+0000] {dag.py:3036} INFO - Sync 1 DAGs
[2024-01-30T16:31:59.202+0000] {logging_mixin.py:188} INFO - [2024-01-30T16:31:59.201+0000] {dag.py:3823} INFO - Setting next_dagrun for example_complex to None, run_after=None
[2024-01-30T16:31:59.228+0000] {processor.py:183} INFO - Processing /home/airflow/.local/lib/python3.8/site-packages/airflow/example_dags/example_complex.py took 0.085 seconds
[2024-01-30T16:32:29.324+0000] {processor.py:161} INFO - Started process (PID=720) to work on /home/airflow/.local/lib/python3.8/site-packages/airflow/example_dags/example_complex.py
[2024-01-30T16:32:29.325+0000] {processor.py:830} INFO - Processing file /home/airflow/.local/lib/python3.8/site-packages/airflow/example_dags/example_complex.py for tasks to queue
[2024-01-30T16:32:29.327+0000] {logging_mixin.py:188} INFO - [2024-01-30T16:32:29.327+0000] {dagbag.py:538} INFO - Filling up the DagBag from /home/airflow/.local/lib/python3.8/site-packages/airflow/example_dags/example_complex.py
[2024-01-30T16:32:29.338+0000] {processor.py:840} INFO - DAG(s) 'example_complex' retrieved from /home/airflow/.local/lib/python3.8/site-packages/airflow/example_dags/example_complex.py
[2024-01-30T16:32:29.368+0000] {logging_mixin.py:188} INFO - [2024-01-30T16:32:29.367+0000] {dag.py:3036} INFO - Sync 1 DAGs
[2024-01-30T16:32:29.378+0000] {logging_mixin.py:188} INFO - [2024-01-30T16:32:29.378+0000] {dag.py:3823} INFO - Setting next_dagrun for example_complex to None, run_after=None
[2024-01-30T16:32:29.405+0000] {processor.py:183} INFO - Processing /home/airflow/.local/lib/python3.8/site-packages/airflow/example_dags/example_complex.py took 0.083 seconds
[2024-01-30T16:32:59.725+0000] {processor.py:161} INFO - Started process (PID=775) to work on /home/airflow/.local/lib/python3.8/site-packages/airflow/example_dags/example_complex.py
[2024-01-30T16:32:59.726+0000] {processor.py:830} INFO - Processing file /home/airflow/.local/lib/python3.8/site-packages/airflow/example_dags/example_complex.py for tasks to queue
[2024-01-30T16:32:59.729+0000] {logging_mixin.py:188} INFO - [2024-01-30T16:32:59.728+0000] {dagbag.py:538} INFO - Filling up the DagBag from /home/airflow/.local/lib/python3.8/site-packages/airflow/example_dags/example_complex.py
[2024-01-30T16:32:59.740+0000] {processor.py:840} INFO - DAG(s) 'example_complex' retrieved from /home/airflow/.local/lib/python3.8/site-packages/airflow/example_dags/example_complex.py
[2024-01-30T16:32:59.776+0000] {logging_mixin.py:188} INFO - [2024-01-30T16:32:59.775+0000] {dag.py:3036} INFO - Sync 1 DAGs
[2024-01-30T16:32:59.788+0000] {logging_mixin.py:188} INFO - [2024-01-30T16:32:59.788+0000] {dag.py:3823} INFO - Setting next_dagrun for example_complex to None, run_after=None
[2024-01-30T16:32:59.809+0000] {processor.py:183} INFO - Processing /home/airflow/.local/lib/python3.8/site-packages/airflow/example_dags/example_complex.py took 0.086 seconds
[2024-01-30T16:33:29.999+0000] {processor.py:161} INFO - Started process (PID=830) to work on /home/airflow/.local/lib/python3.8/site-packages/airflow/example_dags/example_complex.py
[2024-01-30T16:33:30.000+0000] {processor.py:830} INFO - Processing file /home/airflow/.local/lib/python3.8/site-packages/airflow/example_dags/example_complex.py for tasks to queue
[2024-01-30T16:33:30.001+0000] {logging_mixin.py:188} INFO - [2024-01-30T16:33:30.001+0000] {dagbag.py:538} INFO - Filling up the DagBag from /home/airflow/.local/lib/python3.8/site-packages/airflow/example_dags/example_complex.py
[2024-01-30T16:33:30.012+0000] {processor.py:840} INFO - DAG(s) 'example_complex' retrieved from /home/airflow/.local/lib/python3.8/site-packages/airflow/example_dags/example_complex.py
[2024-01-30T16:33:30.050+0000] {logging_mixin.py:188} INFO - [2024-01-30T16:33:30.049+0000] {dag.py:3036} INFO - Sync 1 DAGs
[2024-01-30T16:33:30.064+0000] {logging_mixin.py:188} INFO - [2024-01-30T16:33:30.064+0000] {dag.py:3823} INFO - Setting next_dagrun for example_complex to None, run_after=None
[2024-01-30T16:33:30.092+0000] {processor.py:183} INFO - Processing /home/airflow/.local/lib/python3.8/site-packages/airflow/example_dags/example_complex.py took 0.097 seconds
[2024-01-30T16:34:00.383+0000] {processor.py:161} INFO - Started process (PID=885) to work on /home/airflow/.local/lib/python3.8/site-packages/airflow/example_dags/example_complex.py
[2024-01-30T16:34:00.384+0000] {processor.py:830} INFO - Processing file /home/airflow/.local/lib/python3.8/site-packages/airflow/example_dags/example_complex.py for tasks to queue
[2024-01-30T16:34:00.385+0000] {logging_mixin.py:188} INFO - [2024-01-30T16:34:00.385+0000] {dagbag.py:538} INFO - Filling up the DagBag from /home/airflow/.local/lib/python3.8/site-packages/airflow/example_dags/example_complex.py
[2024-01-30T16:34:00.396+0000] {processor.py:840} INFO - DAG(s) 'example_complex' retrieved from /home/airflow/.local/lib/python3.8/site-packages/airflow/example_dags/example_complex.py
[2024-01-30T16:34:00.427+0000] {logging_mixin.py:188} INFO - [2024-01-30T16:34:00.427+0000] {dag.py:3036} INFO - Sync 1 DAGs
[2024-01-30T16:34:00.439+0000] {logging_mixin.py:188} INFO - [2024-01-30T16:34:00.439+0000] {dag.py:3823} INFO - Setting next_dagrun for example_complex to None, run_after=None
[2024-01-30T16:34:00.469+0000] {processor.py:183} INFO - Processing /home/airflow/.local/lib/python3.8/site-packages/airflow/example_dags/example_complex.py took 0.089 seconds
[2024-01-30T16:34:30.738+0000] {processor.py:161} INFO - Started process (PID=940) to work on /home/airflow/.local/lib/python3.8/site-packages/airflow/example_dags/example_complex.py
[2024-01-30T16:34:30.739+0000] {processor.py:830} INFO - Processing file /home/airflow/.local/lib/python3.8/site-packages/airflow/example_dags/example_complex.py for tasks to queue
[2024-01-30T16:34:30.741+0000] {logging_mixin.py:188} INFO - [2024-01-30T16:34:30.740+0000] {dagbag.py:538} INFO - Filling up the DagBag from /home/airflow/.local/lib/python3.8/site-packages/airflow/example_dags/example_complex.py
[2024-01-30T16:34:30.753+0000] {processor.py:840} INFO - DAG(s) 'example_complex' retrieved from /home/airflow/.local/lib/python3.8/site-packages/airflow/example_dags/example_complex.py
[2024-01-30T16:34:30.785+0000] {logging_mixin.py:188} INFO - [2024-01-30T16:34:30.785+0000] {dag.py:3036} INFO - Sync 1 DAGs
[2024-01-30T16:34:30.796+0000] {logging_mixin.py:188} INFO - [2024-01-30T16:34:30.796+0000] {dag.py:3823} INFO - Setting next_dagrun for example_complex to None, run_after=None
[2024-01-30T16:34:30.824+0000] {processor.py:183} INFO - Processing /home/airflow/.local/lib/python3.8/site-packages/airflow/example_dags/example_complex.py took 0.089 seconds
[2024-01-30T16:35:01.094+0000] {processor.py:161} INFO - Started process (PID=995) to work on /home/airflow/.local/lib/python3.8/site-packages/airflow/example_dags/example_complex.py
[2024-01-30T16:35:01.096+0000] {processor.py:830} INFO - Processing file /home/airflow/.local/lib/python3.8/site-packages/airflow/example_dags/example_complex.py for tasks to queue
[2024-01-30T16:35:01.099+0000] {logging_mixin.py:188} INFO - [2024-01-30T16:35:01.099+0000] {dagbag.py:538} INFO - Filling up the DagBag from /home/airflow/.local/lib/python3.8/site-packages/airflow/example_dags/example_complex.py
[2024-01-30T16:35:01.123+0000] {processor.py:840} INFO - DAG(s) 'example_complex' retrieved from /home/airflow/.local/lib/python3.8/site-packages/airflow/example_dags/example_complex.py
[2024-01-30T16:35:01.160+0000] {logging_mixin.py:188} INFO - [2024-01-30T16:35:01.160+0000] {dag.py:3036} INFO - Sync 1 DAGs
[2024-01-30T16:35:01.177+0000] {logging_mixin.py:188} INFO - [2024-01-30T16:35:01.176+0000] {dag.py:3823} INFO - Setting next_dagrun for example_complex to None, run_after=None
[2024-01-30T16:35:01.196+0000] {processor.py:183} INFO - Processing /home/airflow/.local/lib/python3.8/site-packages/airflow/example_dags/example_complex.py took 0.104 seconds
[2024-01-30T16:35:31.262+0000] {processor.py:161} INFO - Started process (PID=1050) to work on /home/airflow/.local/lib/python3.8/site-packages/airflow/example_dags/example_complex.py
[2024-01-30T16:35:31.263+0000] {processor.py:830} INFO - Processing file /home/airflow/.local/lib/python3.8/site-packages/airflow/example_dags/example_complex.py for tasks to queue
[2024-01-30T16:35:31.265+0000] {logging_mixin.py:188} INFO - [2024-01-30T16:35:31.265+0000] {dagbag.py:538} INFO - Filling up the DagBag from /home/airflow/.local/lib/python3.8/site-packages/airflow/example_dags/example_complex.py
[2024-01-30T16:35:31.277+0000] {processor.py:840} INFO - DAG(s) 'example_complex' retrieved from /home/airflow/.local/lib/python3.8/site-packages/airflow/example_dags/example_complex.py
[2024-01-30T16:35:31.309+0000] {logging_mixin.py:188} INFO - [2024-01-30T16:35:31.309+0000] {dag.py:3036} INFO - Sync 1 DAGs
[2024-01-30T16:35:31.328+0000] {logging_mixin.py:188} INFO - [2024-01-30T16:35:31.328+0000] {dag.py:3823} INFO - Setting next_dagrun for example_complex to None, run_after=None
[2024-01-30T16:35:31.353+0000] {processor.py:183} INFO - Processing /home/airflow/.local/lib/python3.8/site-packages/airflow/example_dags/example_complex.py took 0.094 seconds
[2024-01-30T16:36:01.407+0000] {processor.py:161} INFO - Started process (PID=1105) to work on /home/airflow/.local/lib/python3.8/site-packages/airflow/example_dags/example_complex.py
[2024-01-30T16:36:01.407+0000] {processor.py:830} INFO - Processing file /home/airflow/.local/lib/python3.8/site-packages/airflow/example_dags/example_complex.py for tasks to queue
[2024-01-30T16:36:01.409+0000] {logging_mixin.py:188} INFO - [2024-01-30T16:36:01.409+0000] {dagbag.py:538} INFO - Filling up the DagBag from /home/airflow/.local/lib/python3.8/site-packages/airflow/example_dags/example_complex.py
[2024-01-30T16:36:01.420+0000] {processor.py:840} INFO - DAG(s) 'example_complex' retrieved from /home/airflow/.local/lib/python3.8/site-packages/airflow/example_dags/example_complex.py
[2024-01-30T16:36:01.450+0000] {logging_mixin.py:188} INFO - [2024-01-30T16:36:01.449+0000] {dag.py:3036} INFO - Sync 1 DAGs
[2024-01-30T16:36:01.460+0000] {logging_mixin.py:188} INFO - [2024-01-30T16:36:01.460+0000] {dag.py:3823} INFO - Setting next_dagrun for example_complex to None, run_after=None
[2024-01-30T16:36:01.486+0000] {processor.py:183} INFO - Processing /home/airflow/.local/lib/python3.8/site-packages/airflow/example_dags/example_complex.py took 0.082 seconds
[2024-01-30T16:36:32.395+0000] {processor.py:161} INFO - Started process (PID=1160) to work on /home/airflow/.local/lib/python3.8/site-packages/airflow/example_dags/example_complex.py
[2024-01-30T16:36:32.396+0000] {processor.py:830} INFO - Processing file /home/airflow/.local/lib/python3.8/site-packages/airflow/example_dags/example_complex.py for tasks to queue
[2024-01-30T16:36:32.397+0000] {logging_mixin.py:188} INFO - [2024-01-30T16:36:32.397+0000] {dagbag.py:538} INFO - Filling up the DagBag from /home/airflow/.local/lib/python3.8/site-packages/airflow/example_dags/example_complex.py
[2024-01-30T16:36:32.409+0000] {processor.py:840} INFO - DAG(s) 'example_complex' retrieved from /home/airflow/.local/lib/python3.8/site-packages/airflow/example_dags/example_complex.py
[2024-01-30T16:36:32.444+0000] {logging_mixin.py:188} INFO - [2024-01-30T16:36:32.444+0000] {dag.py:3036} INFO - Sync 1 DAGs
[2024-01-30T16:36:32.457+0000] {logging_mixin.py:188} INFO - [2024-01-30T16:36:32.456+0000] {dag.py:3823} INFO - Setting next_dagrun for example_complex to None, run_after=None
[2024-01-30T16:36:32.479+0000] {processor.py:183} INFO - Processing /home/airflow/.local/lib/python3.8/site-packages/airflow/example_dags/example_complex.py took 0.087 seconds
[2024-01-30T16:37:02.544+0000] {processor.py:161} INFO - Started process (PID=1215) to work on /home/airflow/.local/lib/python3.8/site-packages/airflow/example_dags/example_complex.py
[2024-01-30T16:37:02.545+0000] {processor.py:830} INFO - Processing file /home/airflow/.local/lib/python3.8/site-packages/airflow/example_dags/example_complex.py for tasks to queue
[2024-01-30T16:37:02.547+0000] {logging_mixin.py:188} INFO - [2024-01-30T16:37:02.547+0000] {dagbag.py:538} INFO - Filling up the DagBag from /home/airflow/.local/lib/python3.8/site-packages/airflow/example_dags/example_complex.py
[2024-01-30T16:37:02.559+0000] {processor.py:840} INFO - DAG(s) 'example_complex' retrieved from /home/airflow/.local/lib/python3.8/site-packages/airflow/example_dags/example_complex.py
[2024-01-30T16:37:02.593+0000] {logging_mixin.py:188} INFO - [2024-01-30T16:37:02.593+0000] {dag.py:3036} INFO - Sync 1 DAGs
[2024-01-30T16:37:02.606+0000] {logging_mixin.py:188} INFO - [2024-01-30T16:37:02.606+0000] {dag.py:3823} INFO - Setting next_dagrun for example_complex to None, run_after=None
[2024-01-30T16:37:02.626+0000] {processor.py:183} INFO - Processing /home/airflow/.local/lib/python3.8/site-packages/airflow/example_dags/example_complex.py took 0.086 seconds
[2024-01-30T16:37:33.422+0000] {processor.py:161} INFO - Started process (PID=1270) to work on /home/airflow/.local/lib/python3.8/site-packages/airflow/example_dags/example_complex.py
[2024-01-30T16:37:33.423+0000] {processor.py:830} INFO - Processing file /home/airflow/.local/lib/python3.8/site-packages/airflow/example_dags/example_complex.py for tasks to queue
[2024-01-30T16:37:33.425+0000] {logging_mixin.py:188} INFO - [2024-01-30T16:37:33.425+0000] {dagbag.py:538} INFO - Filling up the DagBag from /home/airflow/.local/lib/python3.8/site-packages/airflow/example_dags/example_complex.py
[2024-01-30T16:37:33.436+0000] {processor.py:840} INFO - DAG(s) 'example_complex' retrieved from /home/airflow/.local/lib/python3.8/site-packages/airflow/example_dags/example_complex.py
[2024-01-30T16:37:33.467+0000] {logging_mixin.py:188} INFO - [2024-01-30T16:37:33.467+0000] {dag.py:3036} INFO - Sync 1 DAGs
[2024-01-30T16:37:33.478+0000] {logging_mixin.py:188} INFO - [2024-01-30T16:37:33.478+0000] {dag.py:3823} INFO - Setting next_dagrun for example_complex to None, run_after=None
[2024-01-30T16:37:33.504+0000] {processor.py:183} INFO - Processing /home/airflow/.local/lib/python3.8/site-packages/airflow/example_dags/example_complex.py took 0.084 seconds
