[2024-01-30T16:16:26.888+0000] {processor.py:161} INFO - Started process (PID=79) to work on /home/airflow/.local/lib/python3.8/site-packages/airflow/example_dags/tutorial.py
[2024-01-30T16:16:26.889+0000] {processor.py:830} INFO - Processing file /home/airflow/.local/lib/python3.8/site-packages/airflow/example_dags/tutorial.py for tasks to queue
[2024-01-30T16:16:26.891+0000] {logging_mixin.py:188} INFO - [2024-01-30T16:16:26.891+0000] {dagbag.py:538} INFO - Filling up the DagBag from /home/airflow/.local/lib/python3.8/site-packages/airflow/example_dags/tutorial.py
[2024-01-30T16:16:26.898+0000] {processor.py:840} INFO - DAG(s) 'tutorial' retrieved from /home/airflow/.local/lib/python3.8/site-packages/airflow/example_dags/tutorial.py
[2024-01-30T16:16:26.909+0000] {logging_mixin.py:188} INFO - [2024-01-30T16:16:26.908+0000] {dag.py:3036} INFO - Sync 1 DAGs
[2024-01-30T16:16:26.931+0000] {logging_mixin.py:188} INFO - [2024-01-30T16:16:26.931+0000] {dag.py:3823} INFO - Setting next_dagrun for tutorial to 2024-01-29 00:00:00+00:00, run_after=2024-01-30 00:00:00+00:00
[2024-01-30T16:16:26.952+0000] {processor.py:183} INFO - Processing /home/airflow/.local/lib/python3.8/site-packages/airflow/example_dags/tutorial.py took 0.067 seconds
[2024-01-30T16:16:59.314+0000] {processor.py:161} INFO - Started process (PID=134) to work on /home/airflow/.local/lib/python3.8/site-packages/airflow/example_dags/tutorial.py
[2024-01-30T16:16:59.316+0000] {processor.py:830} INFO - Processing file /home/airflow/.local/lib/python3.8/site-packages/airflow/example_dags/tutorial.py for tasks to queue
[2024-01-30T16:16:59.317+0000] {logging_mixin.py:188} INFO - [2024-01-30T16:16:59.317+0000] {dagbag.py:538} INFO - Filling up the DagBag from /home/airflow/.local/lib/python3.8/site-packages/airflow/example_dags/tutorial.py
[2024-01-30T16:16:59.323+0000] {processor.py:840} INFO - DAG(s) 'tutorial' retrieved from /home/airflow/.local/lib/python3.8/site-packages/airflow/example_dags/tutorial.py
[2024-01-30T16:16:59.428+0000] {logging_mixin.py:188} INFO - [2024-01-30T16:16:59.428+0000] {dag.py:3036} INFO - Sync 1 DAGs
[2024-01-30T16:16:59.450+0000] {logging_mixin.py:188} INFO - [2024-01-30T16:16:59.450+0000] {dag.py:3823} INFO - Setting next_dagrun for tutorial to 2024-01-29 00:00:00+00:00, run_after=2024-01-30 00:00:00+00:00
[2024-01-30T16:16:59.470+0000] {processor.py:183} INFO - Processing /home/airflow/.local/lib/python3.8/site-packages/airflow/example_dags/tutorial.py took 0.158 seconds
[2024-01-30T16:17:30.089+0000] {processor.py:161} INFO - Started process (PID=189) to work on /home/airflow/.local/lib/python3.8/site-packages/airflow/example_dags/tutorial.py
[2024-01-30T16:17:30.091+0000] {processor.py:830} INFO - Processing file /home/airflow/.local/lib/python3.8/site-packages/airflow/example_dags/tutorial.py for tasks to queue
[2024-01-30T16:17:30.092+0000] {logging_mixin.py:188} INFO - [2024-01-30T16:17:30.092+0000] {dagbag.py:538} INFO - Filling up the DagBag from /home/airflow/.local/lib/python3.8/site-packages/airflow/example_dags/tutorial.py
[2024-01-30T16:17:30.097+0000] {processor.py:840} INFO - DAG(s) 'tutorial' retrieved from /home/airflow/.local/lib/python3.8/site-packages/airflow/example_dags/tutorial.py
[2024-01-30T16:17:30.116+0000] {logging_mixin.py:188} INFO - [2024-01-30T16:17:30.115+0000] {dag.py:3036} INFO - Sync 1 DAGs
[2024-01-30T16:17:30.135+0000] {logging_mixin.py:188} INFO - [2024-01-30T16:17:30.134+0000] {dag.py:3823} INFO - Setting next_dagrun for tutorial to 2024-01-29 00:00:00+00:00, run_after=2024-01-30 00:00:00+00:00
[2024-01-30T16:17:30.153+0000] {processor.py:183} INFO - Processing /home/airflow/.local/lib/python3.8/site-packages/airflow/example_dags/tutorial.py took 0.066 seconds
[2024-01-30T16:18:00.369+0000] {processor.py:161} INFO - Started process (PID=244) to work on /home/airflow/.local/lib/python3.8/site-packages/airflow/example_dags/tutorial.py
[2024-01-30T16:18:00.370+0000] {processor.py:830} INFO - Processing file /home/airflow/.local/lib/python3.8/site-packages/airflow/example_dags/tutorial.py for tasks to queue
[2024-01-30T16:18:00.371+0000] {logging_mixin.py:188} INFO - [2024-01-30T16:18:00.371+0000] {dagbag.py:538} INFO - Filling up the DagBag from /home/airflow/.local/lib/python3.8/site-packages/airflow/example_dags/tutorial.py
[2024-01-30T16:18:00.377+0000] {processor.py:840} INFO - DAG(s) 'tutorial' retrieved from /home/airflow/.local/lib/python3.8/site-packages/airflow/example_dags/tutorial.py
[2024-01-30T16:18:00.395+0000] {logging_mixin.py:188} INFO - [2024-01-30T16:18:00.395+0000] {dag.py:3036} INFO - Sync 1 DAGs
[2024-01-30T16:18:00.415+0000] {logging_mixin.py:188} INFO - [2024-01-30T16:18:00.415+0000] {dag.py:3823} INFO - Setting next_dagrun for tutorial to 2024-01-29 00:00:00+00:00, run_after=2024-01-30 00:00:00+00:00
[2024-01-30T16:18:00.433+0000] {processor.py:183} INFO - Processing /home/airflow/.local/lib/python3.8/site-packages/airflow/example_dags/tutorial.py took 0.067 seconds
[2024-01-30T16:18:31.243+0000] {processor.py:161} INFO - Started process (PID=299) to work on /home/airflow/.local/lib/python3.8/site-packages/airflow/example_dags/tutorial.py
[2024-01-30T16:18:31.244+0000] {processor.py:830} INFO - Processing file /home/airflow/.local/lib/python3.8/site-packages/airflow/example_dags/tutorial.py for tasks to queue
[2024-01-30T16:18:31.246+0000] {logging_mixin.py:188} INFO - [2024-01-30T16:18:31.245+0000] {dagbag.py:538} INFO - Filling up the DagBag from /home/airflow/.local/lib/python3.8/site-packages/airflow/example_dags/tutorial.py
[2024-01-30T16:18:31.251+0000] {processor.py:840} INFO - DAG(s) 'tutorial' retrieved from /home/airflow/.local/lib/python3.8/site-packages/airflow/example_dags/tutorial.py
[2024-01-30T16:18:31.269+0000] {logging_mixin.py:188} INFO - [2024-01-30T16:18:31.269+0000] {dag.py:3036} INFO - Sync 1 DAGs
[2024-01-30T16:18:31.288+0000] {logging_mixin.py:188} INFO - [2024-01-30T16:18:31.288+0000] {dag.py:3823} INFO - Setting next_dagrun for tutorial to 2024-01-29 00:00:00+00:00, run_after=2024-01-30 00:00:00+00:00
[2024-01-30T16:18:31.307+0000] {processor.py:183} INFO - Processing /home/airflow/.local/lib/python3.8/site-packages/airflow/example_dags/tutorial.py took 0.067 seconds
[2024-01-30T16:19:01.957+0000] {processor.py:161} INFO - Started process (PID=354) to work on /home/airflow/.local/lib/python3.8/site-packages/airflow/example_dags/tutorial.py
[2024-01-30T16:19:01.958+0000] {processor.py:830} INFO - Processing file /home/airflow/.local/lib/python3.8/site-packages/airflow/example_dags/tutorial.py for tasks to queue
[2024-01-30T16:19:01.959+0000] {logging_mixin.py:188} INFO - [2024-01-30T16:19:01.959+0000] {dagbag.py:538} INFO - Filling up the DagBag from /home/airflow/.local/lib/python3.8/site-packages/airflow/example_dags/tutorial.py
[2024-01-30T16:19:01.964+0000] {processor.py:840} INFO - DAG(s) 'tutorial' retrieved from /home/airflow/.local/lib/python3.8/site-packages/airflow/example_dags/tutorial.py
[2024-01-30T16:19:01.982+0000] {logging_mixin.py:188} INFO - [2024-01-30T16:19:01.982+0000] {dag.py:3036} INFO - Sync 1 DAGs
[2024-01-30T16:19:02.001+0000] {logging_mixin.py:188} INFO - [2024-01-30T16:19:02.000+0000] {dag.py:3823} INFO - Setting next_dagrun for tutorial to 2024-01-29 00:00:00+00:00, run_after=2024-01-30 00:00:00+00:00
[2024-01-30T16:19:02.018+0000] {processor.py:183} INFO - Processing /home/airflow/.local/lib/python3.8/site-packages/airflow/example_dags/tutorial.py took 0.064 seconds
[2024-01-30T16:19:32.612+0000] {processor.py:161} INFO - Started process (PID=409) to work on /home/airflow/.local/lib/python3.8/site-packages/airflow/example_dags/tutorial.py
[2024-01-30T16:19:32.612+0000] {processor.py:830} INFO - Processing file /home/airflow/.local/lib/python3.8/site-packages/airflow/example_dags/tutorial.py for tasks to queue
[2024-01-30T16:19:32.614+0000] {logging_mixin.py:188} INFO - [2024-01-30T16:19:32.614+0000] {dagbag.py:538} INFO - Filling up the DagBag from /home/airflow/.local/lib/python3.8/site-packages/airflow/example_dags/tutorial.py
[2024-01-30T16:19:32.619+0000] {processor.py:840} INFO - DAG(s) 'tutorial' retrieved from /home/airflow/.local/lib/python3.8/site-packages/airflow/example_dags/tutorial.py
[2024-01-30T16:19:32.638+0000] {logging_mixin.py:188} INFO - [2024-01-30T16:19:32.638+0000] {dag.py:3036} INFO - Sync 1 DAGs
[2024-01-30T16:19:32.657+0000] {logging_mixin.py:188} INFO - [2024-01-30T16:19:32.657+0000] {dag.py:3823} INFO - Setting next_dagrun for tutorial to 2024-01-29 00:00:00+00:00, run_after=2024-01-30 00:00:00+00:00
[2024-01-30T16:19:32.675+0000] {processor.py:183} INFO - Processing /home/airflow/.local/lib/python3.8/site-packages/airflow/example_dags/tutorial.py took 0.066 seconds
[2024-01-30T16:20:03.255+0000] {processor.py:161} INFO - Started process (PID=464) to work on /home/airflow/.local/lib/python3.8/site-packages/airflow/example_dags/tutorial.py
[2024-01-30T16:20:03.256+0000] {processor.py:830} INFO - Processing file /home/airflow/.local/lib/python3.8/site-packages/airflow/example_dags/tutorial.py for tasks to queue
[2024-01-30T16:20:03.258+0000] {logging_mixin.py:188} INFO - [2024-01-30T16:20:03.257+0000] {dagbag.py:538} INFO - Filling up the DagBag from /home/airflow/.local/lib/python3.8/site-packages/airflow/example_dags/tutorial.py
[2024-01-30T16:20:03.263+0000] {processor.py:840} INFO - DAG(s) 'tutorial' retrieved from /home/airflow/.local/lib/python3.8/site-packages/airflow/example_dags/tutorial.py
[2024-01-30T16:20:03.281+0000] {logging_mixin.py:188} INFO - [2024-01-30T16:20:03.280+0000] {dag.py:3036} INFO - Sync 1 DAGs
[2024-01-30T16:20:03.300+0000] {logging_mixin.py:188} INFO - [2024-01-30T16:20:03.300+0000] {dag.py:3823} INFO - Setting next_dagrun for tutorial to 2024-01-29 00:00:00+00:00, run_after=2024-01-30 00:00:00+00:00
[2024-01-30T16:20:03.319+0000] {processor.py:183} INFO - Processing /home/airflow/.local/lib/python3.8/site-packages/airflow/example_dags/tutorial.py took 0.067 seconds
[2024-01-30T16:20:34.057+0000] {processor.py:161} INFO - Started process (PID=519) to work on /home/airflow/.local/lib/python3.8/site-packages/airflow/example_dags/tutorial.py
[2024-01-30T16:20:34.058+0000] {processor.py:830} INFO - Processing file /home/airflow/.local/lib/python3.8/site-packages/airflow/example_dags/tutorial.py for tasks to queue
[2024-01-30T16:20:34.060+0000] {logging_mixin.py:188} INFO - [2024-01-30T16:20:34.060+0000] {dagbag.py:538} INFO - Filling up the DagBag from /home/airflow/.local/lib/python3.8/site-packages/airflow/example_dags/tutorial.py
[2024-01-30T16:20:34.065+0000] {processor.py:840} INFO - DAG(s) 'tutorial' retrieved from /home/airflow/.local/lib/python3.8/site-packages/airflow/example_dags/tutorial.py
[2024-01-30T16:20:34.083+0000] {logging_mixin.py:188} INFO - [2024-01-30T16:20:34.083+0000] {dag.py:3036} INFO - Sync 1 DAGs
[2024-01-30T16:20:34.102+0000] {logging_mixin.py:188} INFO - [2024-01-30T16:20:34.102+0000] {dag.py:3823} INFO - Setting next_dagrun for tutorial to 2024-01-29 00:00:00+00:00, run_after=2024-01-30 00:00:00+00:00
[2024-01-30T16:20:34.121+0000] {processor.py:183} INFO - Processing /home/airflow/.local/lib/python3.8/site-packages/airflow/example_dags/tutorial.py took 0.066 seconds
[2024-01-30T16:21:04.794+0000] {processor.py:161} INFO - Started process (PID=574) to work on /home/airflow/.local/lib/python3.8/site-packages/airflow/example_dags/tutorial.py
[2024-01-30T16:21:04.795+0000] {processor.py:830} INFO - Processing file /home/airflow/.local/lib/python3.8/site-packages/airflow/example_dags/tutorial.py for tasks to queue
[2024-01-30T16:21:04.796+0000] {logging_mixin.py:188} INFO - [2024-01-30T16:21:04.796+0000] {dagbag.py:538} INFO - Filling up the DagBag from /home/airflow/.local/lib/python3.8/site-packages/airflow/example_dags/tutorial.py
[2024-01-30T16:21:04.801+0000] {processor.py:840} INFO - DAG(s) 'tutorial' retrieved from /home/airflow/.local/lib/python3.8/site-packages/airflow/example_dags/tutorial.py
[2024-01-30T16:21:04.819+0000] {logging_mixin.py:188} INFO - [2024-01-30T16:21:04.819+0000] {dag.py:3036} INFO - Sync 1 DAGs
[2024-01-30T16:21:04.838+0000] {logging_mixin.py:188} INFO - [2024-01-30T16:21:04.838+0000] {dag.py:3823} INFO - Setting next_dagrun for tutorial to 2024-01-29 00:00:00+00:00, run_after=2024-01-30 00:00:00+00:00
[2024-01-30T16:21:04.857+0000] {processor.py:183} INFO - Processing /home/airflow/.local/lib/python3.8/site-packages/airflow/example_dags/tutorial.py took 0.066 seconds
[2024-01-30T16:21:35.064+0000] {processor.py:161} INFO - Started process (PID=629) to work on /home/airflow/.local/lib/python3.8/site-packages/airflow/example_dags/tutorial.py
[2024-01-30T16:21:35.065+0000] {processor.py:830} INFO - Processing file /home/airflow/.local/lib/python3.8/site-packages/airflow/example_dags/tutorial.py for tasks to queue
[2024-01-30T16:21:35.067+0000] {logging_mixin.py:188} INFO - [2024-01-30T16:21:35.066+0000] {dagbag.py:538} INFO - Filling up the DagBag from /home/airflow/.local/lib/python3.8/site-packages/airflow/example_dags/tutorial.py
[2024-01-30T16:21:35.072+0000] {processor.py:840} INFO - DAG(s) 'tutorial' retrieved from /home/airflow/.local/lib/python3.8/site-packages/airflow/example_dags/tutorial.py
[2024-01-30T16:21:35.090+0000] {logging_mixin.py:188} INFO - [2024-01-30T16:21:35.090+0000] {dag.py:3036} INFO - Sync 1 DAGs
[2024-01-30T16:21:35.111+0000] {logging_mixin.py:188} INFO - [2024-01-30T16:21:35.110+0000] {dag.py:3823} INFO - Setting next_dagrun for tutorial to 2024-01-29 00:00:00+00:00, run_after=2024-01-30 00:00:00+00:00
[2024-01-30T16:21:35.130+0000] {processor.py:183} INFO - Processing /home/airflow/.local/lib/python3.8/site-packages/airflow/example_dags/tutorial.py took 0.070 seconds
[2024-01-30T16:22:05.323+0000] {processor.py:161} INFO - Started process (PID=684) to work on /home/airflow/.local/lib/python3.8/site-packages/airflow/example_dags/tutorial.py
[2024-01-30T16:22:05.324+0000] {processor.py:830} INFO - Processing file /home/airflow/.local/lib/python3.8/site-packages/airflow/example_dags/tutorial.py for tasks to queue
[2024-01-30T16:22:05.326+0000] {logging_mixin.py:188} INFO - [2024-01-30T16:22:05.326+0000] {dagbag.py:538} INFO - Filling up the DagBag from /home/airflow/.local/lib/python3.8/site-packages/airflow/example_dags/tutorial.py
[2024-01-30T16:22:05.332+0000] {processor.py:840} INFO - DAG(s) 'tutorial' retrieved from /home/airflow/.local/lib/python3.8/site-packages/airflow/example_dags/tutorial.py
[2024-01-30T16:22:05.351+0000] {logging_mixin.py:188} INFO - [2024-01-30T16:22:05.350+0000] {dag.py:3036} INFO - Sync 1 DAGs
[2024-01-30T16:22:05.374+0000] {logging_mixin.py:188} INFO - [2024-01-30T16:22:05.374+0000] {dag.py:3823} INFO - Setting next_dagrun for tutorial to 2024-01-29 00:00:00+00:00, run_after=2024-01-30 00:00:00+00:00
[2024-01-30T16:22:05.395+0000] {processor.py:183} INFO - Processing /home/airflow/.local/lib/python3.8/site-packages/airflow/example_dags/tutorial.py took 0.074 seconds
[2024-01-30T16:22:35.603+0000] {processor.py:161} INFO - Started process (PID=739) to work on /home/airflow/.local/lib/python3.8/site-packages/airflow/example_dags/tutorial.py
[2024-01-30T16:22:35.604+0000] {processor.py:830} INFO - Processing file /home/airflow/.local/lib/python3.8/site-packages/airflow/example_dags/tutorial.py for tasks to queue
[2024-01-30T16:22:35.606+0000] {logging_mixin.py:188} INFO - [2024-01-30T16:22:35.606+0000] {dagbag.py:538} INFO - Filling up the DagBag from /home/airflow/.local/lib/python3.8/site-packages/airflow/example_dags/tutorial.py
[2024-01-30T16:22:35.611+0000] {processor.py:840} INFO - DAG(s) 'tutorial' retrieved from /home/airflow/.local/lib/python3.8/site-packages/airflow/example_dags/tutorial.py
[2024-01-30T16:22:35.632+0000] {logging_mixin.py:188} INFO - [2024-01-30T16:22:35.632+0000] {dag.py:3036} INFO - Sync 1 DAGs
[2024-01-30T16:22:35.654+0000] {logging_mixin.py:188} INFO - [2024-01-30T16:22:35.654+0000] {dag.py:3823} INFO - Setting next_dagrun for tutorial to 2024-01-29 00:00:00+00:00, run_after=2024-01-30 00:00:00+00:00
[2024-01-30T16:22:35.674+0000] {processor.py:183} INFO - Processing /home/airflow/.local/lib/python3.8/site-packages/airflow/example_dags/tutorial.py took 0.074 seconds
[2024-01-30T16:23:06.544+0000] {processor.py:161} INFO - Started process (PID=794) to work on /home/airflow/.local/lib/python3.8/site-packages/airflow/example_dags/tutorial.py
[2024-01-30T16:23:06.545+0000] {processor.py:830} INFO - Processing file /home/airflow/.local/lib/python3.8/site-packages/airflow/example_dags/tutorial.py for tasks to queue
[2024-01-30T16:23:06.547+0000] {logging_mixin.py:188} INFO - [2024-01-30T16:23:06.547+0000] {dagbag.py:538} INFO - Filling up the DagBag from /home/airflow/.local/lib/python3.8/site-packages/airflow/example_dags/tutorial.py
[2024-01-30T16:23:06.552+0000] {processor.py:840} INFO - DAG(s) 'tutorial' retrieved from /home/airflow/.local/lib/python3.8/site-packages/airflow/example_dags/tutorial.py
[2024-01-30T16:23:06.571+0000] {logging_mixin.py:188} INFO - [2024-01-30T16:23:06.570+0000] {dag.py:3036} INFO - Sync 1 DAGs
[2024-01-30T16:23:06.590+0000] {logging_mixin.py:188} INFO - [2024-01-30T16:23:06.590+0000] {dag.py:3823} INFO - Setting next_dagrun for tutorial to 2024-01-29 00:00:00+00:00, run_after=2024-01-30 00:00:00+00:00
[2024-01-30T16:23:06.608+0000] {processor.py:183} INFO - Processing /home/airflow/.local/lib/python3.8/site-packages/airflow/example_dags/tutorial.py took 0.067 seconds
[2024-01-30T16:23:37.342+0000] {processor.py:161} INFO - Started process (PID=849) to work on /home/airflow/.local/lib/python3.8/site-packages/airflow/example_dags/tutorial.py
[2024-01-30T16:23:37.343+0000] {processor.py:830} INFO - Processing file /home/airflow/.local/lib/python3.8/site-packages/airflow/example_dags/tutorial.py for tasks to queue
[2024-01-30T16:23:37.346+0000] {logging_mixin.py:188} INFO - [2024-01-30T16:23:37.345+0000] {dagbag.py:538} INFO - Filling up the DagBag from /home/airflow/.local/lib/python3.8/site-packages/airflow/example_dags/tutorial.py
[2024-01-30T16:23:37.353+0000] {processor.py:840} INFO - DAG(s) 'tutorial' retrieved from /home/airflow/.local/lib/python3.8/site-packages/airflow/example_dags/tutorial.py
[2024-01-30T16:23:37.377+0000] {logging_mixin.py:188} INFO - [2024-01-30T16:23:37.377+0000] {dag.py:3036} INFO - Sync 1 DAGs
[2024-01-30T16:23:37.406+0000] {logging_mixin.py:188} INFO - [2024-01-30T16:23:37.406+0000] {dag.py:3823} INFO - Setting next_dagrun for tutorial to 2024-01-29 00:00:00+00:00, run_after=2024-01-30 00:00:00+00:00
[2024-01-30T16:23:37.429+0000] {processor.py:183} INFO - Processing /home/airflow/.local/lib/python3.8/site-packages/airflow/example_dags/tutorial.py took 0.090 seconds
[2024-01-30T16:24:43.367+0000] {processor.py:161} INFO - Started process (PID=79) to work on /home/airflow/.local/lib/python3.8/site-packages/airflow/example_dags/tutorial.py
[2024-01-30T16:24:43.368+0000] {processor.py:830} INFO - Processing file /home/airflow/.local/lib/python3.8/site-packages/airflow/example_dags/tutorial.py for tasks to queue
[2024-01-30T16:24:43.369+0000] {logging_mixin.py:188} INFO - [2024-01-30T16:24:43.369+0000] {dagbag.py:538} INFO - Filling up the DagBag from /home/airflow/.local/lib/python3.8/site-packages/airflow/example_dags/tutorial.py
[2024-01-30T16:24:43.375+0000] {processor.py:840} INFO - DAG(s) 'tutorial' retrieved from /home/airflow/.local/lib/python3.8/site-packages/airflow/example_dags/tutorial.py
[2024-01-30T16:24:43.385+0000] {logging_mixin.py:188} INFO - [2024-01-30T16:24:43.385+0000] {dag.py:3036} INFO - Sync 1 DAGs
[2024-01-30T16:24:43.406+0000] {logging_mixin.py:188} INFO - [2024-01-30T16:24:43.405+0000] {dag.py:3823} INFO - Setting next_dagrun for tutorial to 2024-01-29 00:00:00+00:00, run_after=2024-01-30 00:00:00+00:00
[2024-01-30T16:24:43.424+0000] {processor.py:183} INFO - Processing /home/airflow/.local/lib/python3.8/site-packages/airflow/example_dags/tutorial.py took 0.060 seconds
[2024-01-30T16:25:15.517+0000] {processor.py:161} INFO - Started process (PID=134) to work on /home/airflow/.local/lib/python3.8/site-packages/airflow/example_dags/tutorial.py
[2024-01-30T16:25:15.518+0000] {processor.py:830} INFO - Processing file /home/airflow/.local/lib/python3.8/site-packages/airflow/example_dags/tutorial.py for tasks to queue
[2024-01-30T16:25:15.519+0000] {logging_mixin.py:188} INFO - [2024-01-30T16:25:15.519+0000] {dagbag.py:538} INFO - Filling up the DagBag from /home/airflow/.local/lib/python3.8/site-packages/airflow/example_dags/tutorial.py
[2024-01-30T16:25:15.525+0000] {processor.py:840} INFO - DAG(s) 'tutorial' retrieved from /home/airflow/.local/lib/python3.8/site-packages/airflow/example_dags/tutorial.py
[2024-01-30T16:25:15.619+0000] {logging_mixin.py:188} INFO - [2024-01-30T16:25:15.619+0000] {dag.py:3036} INFO - Sync 1 DAGs
[2024-01-30T16:25:15.638+0000] {logging_mixin.py:188} INFO - [2024-01-30T16:25:15.638+0000] {dag.py:3823} INFO - Setting next_dagrun for tutorial to 2024-01-29 00:00:00+00:00, run_after=2024-01-30 00:00:00+00:00
[2024-01-30T16:25:15.658+0000] {processor.py:183} INFO - Processing /home/airflow/.local/lib/python3.8/site-packages/airflow/example_dags/tutorial.py took 0.144 seconds
[2024-01-30T16:26:22.132+0000] {processor.py:161} INFO - Started process (PID=79) to work on /home/airflow/.local/lib/python3.8/site-packages/airflow/example_dags/tutorial.py
[2024-01-30T16:26:22.133+0000] {processor.py:830} INFO - Processing file /home/airflow/.local/lib/python3.8/site-packages/airflow/example_dags/tutorial.py for tasks to queue
[2024-01-30T16:26:22.135+0000] {logging_mixin.py:188} INFO - [2024-01-30T16:26:22.135+0000] {dagbag.py:538} INFO - Filling up the DagBag from /home/airflow/.local/lib/python3.8/site-packages/airflow/example_dags/tutorial.py
[2024-01-30T16:26:22.141+0000] {processor.py:840} INFO - DAG(s) 'tutorial' retrieved from /home/airflow/.local/lib/python3.8/site-packages/airflow/example_dags/tutorial.py
[2024-01-30T16:26:22.153+0000] {logging_mixin.py:188} INFO - [2024-01-30T16:26:22.153+0000] {dag.py:3036} INFO - Sync 1 DAGs
[2024-01-30T16:26:22.175+0000] {logging_mixin.py:188} INFO - [2024-01-30T16:26:22.174+0000] {dag.py:3823} INFO - Setting next_dagrun for tutorial to 2024-01-29 00:00:00+00:00, run_after=2024-01-30 00:00:00+00:00
[2024-01-30T16:26:22.197+0000] {processor.py:183} INFO - Processing /home/airflow/.local/lib/python3.8/site-packages/airflow/example_dags/tutorial.py took 0.067 seconds
[2024-01-30T16:26:54.264+0000] {processor.py:161} INFO - Started process (PID=134) to work on /home/airflow/.local/lib/python3.8/site-packages/airflow/example_dags/tutorial.py
[2024-01-30T16:26:54.265+0000] {processor.py:830} INFO - Processing file /home/airflow/.local/lib/python3.8/site-packages/airflow/example_dags/tutorial.py for tasks to queue
[2024-01-30T16:26:54.266+0000] {logging_mixin.py:188} INFO - [2024-01-30T16:26:54.266+0000] {dagbag.py:538} INFO - Filling up the DagBag from /home/airflow/.local/lib/python3.8/site-packages/airflow/example_dags/tutorial.py
[2024-01-30T16:26:54.271+0000] {processor.py:840} INFO - DAG(s) 'tutorial' retrieved from /home/airflow/.local/lib/python3.8/site-packages/airflow/example_dags/tutorial.py
[2024-01-30T16:26:54.364+0000] {logging_mixin.py:188} INFO - [2024-01-30T16:26:54.364+0000] {dag.py:3036} INFO - Sync 1 DAGs
[2024-01-30T16:26:54.382+0000] {logging_mixin.py:188} INFO - [2024-01-30T16:26:54.382+0000] {dag.py:3823} INFO - Setting next_dagrun for tutorial to 2024-01-29 00:00:00+00:00, run_after=2024-01-30 00:00:00+00:00
[2024-01-30T16:26:54.401+0000] {processor.py:183} INFO - Processing /home/airflow/.local/lib/python3.8/site-packages/airflow/example_dags/tutorial.py took 0.140 seconds
[2024-01-30T16:27:24.747+0000] {processor.py:161} INFO - Started process (PID=189) to work on /home/airflow/.local/lib/python3.8/site-packages/airflow/example_dags/tutorial.py
[2024-01-30T16:27:24.748+0000] {processor.py:830} INFO - Processing file /home/airflow/.local/lib/python3.8/site-packages/airflow/example_dags/tutorial.py for tasks to queue
[2024-01-30T16:27:24.750+0000] {logging_mixin.py:188} INFO - [2024-01-30T16:27:24.749+0000] {dagbag.py:538} INFO - Filling up the DagBag from /home/airflow/.local/lib/python3.8/site-packages/airflow/example_dags/tutorial.py
[2024-01-30T16:27:24.755+0000] {processor.py:840} INFO - DAG(s) 'tutorial' retrieved from /home/airflow/.local/lib/python3.8/site-packages/airflow/example_dags/tutorial.py
[2024-01-30T16:27:24.773+0000] {logging_mixin.py:188} INFO - [2024-01-30T16:27:24.773+0000] {dag.py:3036} INFO - Sync 1 DAGs
[2024-01-30T16:27:24.792+0000] {logging_mixin.py:188} INFO - [2024-01-30T16:27:24.792+0000] {dag.py:3823} INFO - Setting next_dagrun for tutorial to 2024-01-29 00:00:00+00:00, run_after=2024-01-30 00:00:00+00:00
[2024-01-30T16:27:24.810+0000] {processor.py:183} INFO - Processing /home/airflow/.local/lib/python3.8/site-packages/airflow/example_dags/tutorial.py took 0.066 seconds
[2024-01-30T16:27:55.702+0000] {processor.py:161} INFO - Started process (PID=244) to work on /home/airflow/.local/lib/python3.8/site-packages/airflow/example_dags/tutorial.py
[2024-01-30T16:27:55.704+0000] {processor.py:830} INFO - Processing file /home/airflow/.local/lib/python3.8/site-packages/airflow/example_dags/tutorial.py for tasks to queue
[2024-01-30T16:27:55.705+0000] {logging_mixin.py:188} INFO - [2024-01-30T16:27:55.705+0000] {dagbag.py:538} INFO - Filling up the DagBag from /home/airflow/.local/lib/python3.8/site-packages/airflow/example_dags/tutorial.py
[2024-01-30T16:27:55.710+0000] {processor.py:840} INFO - DAG(s) 'tutorial' retrieved from /home/airflow/.local/lib/python3.8/site-packages/airflow/example_dags/tutorial.py
[2024-01-30T16:27:55.728+0000] {logging_mixin.py:188} INFO - [2024-01-30T16:27:55.728+0000] {dag.py:3036} INFO - Sync 1 DAGs
[2024-01-30T16:27:55.747+0000] {logging_mixin.py:188} INFO - [2024-01-30T16:27:55.747+0000] {dag.py:3823} INFO - Setting next_dagrun for tutorial to 2024-01-29 00:00:00+00:00, run_after=2024-01-30 00:00:00+00:00
[2024-01-30T16:27:55.763+0000] {processor.py:183} INFO - Processing /home/airflow/.local/lib/python3.8/site-packages/airflow/example_dags/tutorial.py took 0.064 seconds
[2024-01-30T16:28:26.300+0000] {processor.py:161} INFO - Started process (PID=299) to work on /home/airflow/.local/lib/python3.8/site-packages/airflow/example_dags/tutorial.py
[2024-01-30T16:28:26.301+0000] {processor.py:830} INFO - Processing file /home/airflow/.local/lib/python3.8/site-packages/airflow/example_dags/tutorial.py for tasks to queue
[2024-01-30T16:28:26.303+0000] {logging_mixin.py:188} INFO - [2024-01-30T16:28:26.302+0000] {dagbag.py:538} INFO - Filling up the DagBag from /home/airflow/.local/lib/python3.8/site-packages/airflow/example_dags/tutorial.py
[2024-01-30T16:28:26.308+0000] {processor.py:840} INFO - DAG(s) 'tutorial' retrieved from /home/airflow/.local/lib/python3.8/site-packages/airflow/example_dags/tutorial.py
[2024-01-30T16:28:26.326+0000] {logging_mixin.py:188} INFO - [2024-01-30T16:28:26.326+0000] {dag.py:3036} INFO - Sync 1 DAGs
[2024-01-30T16:28:26.345+0000] {logging_mixin.py:188} INFO - [2024-01-30T16:28:26.345+0000] {dag.py:3823} INFO - Setting next_dagrun for tutorial to 2024-01-29 00:00:00+00:00, run_after=2024-01-30 00:00:00+00:00
[2024-01-30T16:28:26.363+0000] {processor.py:183} INFO - Processing /home/airflow/.local/lib/python3.8/site-packages/airflow/example_dags/tutorial.py took 0.066 seconds
[2024-01-30T16:28:57.078+0000] {processor.py:161} INFO - Started process (PID=354) to work on /home/airflow/.local/lib/python3.8/site-packages/airflow/example_dags/tutorial.py
[2024-01-30T16:28:57.079+0000] {processor.py:830} INFO - Processing file /home/airflow/.local/lib/python3.8/site-packages/airflow/example_dags/tutorial.py for tasks to queue
[2024-01-30T16:28:57.081+0000] {logging_mixin.py:188} INFO - [2024-01-30T16:28:57.080+0000] {dagbag.py:538} INFO - Filling up the DagBag from /home/airflow/.local/lib/python3.8/site-packages/airflow/example_dags/tutorial.py
[2024-01-30T16:28:57.086+0000] {processor.py:840} INFO - DAG(s) 'tutorial' retrieved from /home/airflow/.local/lib/python3.8/site-packages/airflow/example_dags/tutorial.py
[2024-01-30T16:28:57.105+0000] {logging_mixin.py:188} INFO - [2024-01-30T16:28:57.104+0000] {dag.py:3036} INFO - Sync 1 DAGs
[2024-01-30T16:28:57.125+0000] {logging_mixin.py:188} INFO - [2024-01-30T16:28:57.125+0000] {dag.py:3823} INFO - Setting next_dagrun for tutorial to 2024-01-29 00:00:00+00:00, run_after=2024-01-30 00:00:00+00:00
[2024-01-30T16:28:57.143+0000] {processor.py:183} INFO - Processing /home/airflow/.local/lib/python3.8/site-packages/airflow/example_dags/tutorial.py took 0.068 seconds
[2024-01-30T16:29:27.686+0000] {processor.py:161} INFO - Started process (PID=409) to work on /home/airflow/.local/lib/python3.8/site-packages/airflow/example_dags/tutorial.py
[2024-01-30T16:29:27.687+0000] {processor.py:830} INFO - Processing file /home/airflow/.local/lib/python3.8/site-packages/airflow/example_dags/tutorial.py for tasks to queue
[2024-01-30T16:29:27.689+0000] {logging_mixin.py:188} INFO - [2024-01-30T16:29:27.689+0000] {dagbag.py:538} INFO - Filling up the DagBag from /home/airflow/.local/lib/python3.8/site-packages/airflow/example_dags/tutorial.py
[2024-01-30T16:29:27.695+0000] {processor.py:840} INFO - DAG(s) 'tutorial' retrieved from /home/airflow/.local/lib/python3.8/site-packages/airflow/example_dags/tutorial.py
[2024-01-30T16:29:27.715+0000] {logging_mixin.py:188} INFO - [2024-01-30T16:29:27.715+0000] {dag.py:3036} INFO - Sync 1 DAGs
[2024-01-30T16:29:27.737+0000] {logging_mixin.py:188} INFO - [2024-01-30T16:29:27.737+0000] {dag.py:3823} INFO - Setting next_dagrun for tutorial to 2024-01-29 00:00:00+00:00, run_after=2024-01-30 00:00:00+00:00
[2024-01-30T16:29:27.758+0000] {processor.py:183} INFO - Processing /home/airflow/.local/lib/python3.8/site-packages/airflow/example_dags/tutorial.py took 0.075 seconds
[2024-01-30T16:29:58.446+0000] {processor.py:161} INFO - Started process (PID=464) to work on /home/airflow/.local/lib/python3.8/site-packages/airflow/example_dags/tutorial.py
[2024-01-30T16:29:58.447+0000] {processor.py:830} INFO - Processing file /home/airflow/.local/lib/python3.8/site-packages/airflow/example_dags/tutorial.py for tasks to queue
[2024-01-30T16:29:58.449+0000] {logging_mixin.py:188} INFO - [2024-01-30T16:29:58.449+0000] {dagbag.py:538} INFO - Filling up the DagBag from /home/airflow/.local/lib/python3.8/site-packages/airflow/example_dags/tutorial.py
[2024-01-30T16:29:58.454+0000] {processor.py:840} INFO - DAG(s) 'tutorial' retrieved from /home/airflow/.local/lib/python3.8/site-packages/airflow/example_dags/tutorial.py
[2024-01-30T16:29:58.473+0000] {logging_mixin.py:188} INFO - [2024-01-30T16:29:58.473+0000] {dag.py:3036} INFO - Sync 1 DAGs
[2024-01-30T16:29:58.493+0000] {logging_mixin.py:188} INFO - [2024-01-30T16:29:58.493+0000] {dag.py:3823} INFO - Setting next_dagrun for tutorial to 2024-01-29 00:00:00+00:00, run_after=2024-01-30 00:00:00+00:00
[2024-01-30T16:29:58.511+0000] {processor.py:183} INFO - Processing /home/airflow/.local/lib/python3.8/site-packages/airflow/example_dags/tutorial.py took 0.068 seconds
[2024-01-30T16:30:29.268+0000] {processor.py:161} INFO - Started process (PID=519) to work on /home/airflow/.local/lib/python3.8/site-packages/airflow/example_dags/tutorial.py
[2024-01-30T16:30:29.269+0000] {processor.py:830} INFO - Processing file /home/airflow/.local/lib/python3.8/site-packages/airflow/example_dags/tutorial.py for tasks to queue
[2024-01-30T16:30:29.271+0000] {logging_mixin.py:188} INFO - [2024-01-30T16:30:29.271+0000] {dagbag.py:538} INFO - Filling up the DagBag from /home/airflow/.local/lib/python3.8/site-packages/airflow/example_dags/tutorial.py
[2024-01-30T16:30:29.276+0000] {processor.py:840} INFO - DAG(s) 'tutorial' retrieved from /home/airflow/.local/lib/python3.8/site-packages/airflow/example_dags/tutorial.py
[2024-01-30T16:30:29.294+0000] {logging_mixin.py:188} INFO - [2024-01-30T16:30:29.294+0000] {dag.py:3036} INFO - Sync 1 DAGs
[2024-01-30T16:30:29.314+0000] {logging_mixin.py:188} INFO - [2024-01-30T16:30:29.313+0000] {dag.py:3823} INFO - Setting next_dagrun for tutorial to 2024-01-29 00:00:00+00:00, run_after=2024-01-30 00:00:00+00:00
[2024-01-30T16:30:29.331+0000] {processor.py:183} INFO - Processing /home/airflow/.local/lib/python3.8/site-packages/airflow/example_dags/tutorial.py took 0.066 seconds
[2024-01-30T16:31:00.235+0000] {processor.py:161} INFO - Started process (PID=574) to work on /home/airflow/.local/lib/python3.8/site-packages/airflow/example_dags/tutorial.py
[2024-01-30T16:31:00.236+0000] {processor.py:830} INFO - Processing file /home/airflow/.local/lib/python3.8/site-packages/airflow/example_dags/tutorial.py for tasks to queue
[2024-01-30T16:31:00.237+0000] {logging_mixin.py:188} INFO - [2024-01-30T16:31:00.237+0000] {dagbag.py:538} INFO - Filling up the DagBag from /home/airflow/.local/lib/python3.8/site-packages/airflow/example_dags/tutorial.py
[2024-01-30T16:31:00.242+0000] {processor.py:840} INFO - DAG(s) 'tutorial' retrieved from /home/airflow/.local/lib/python3.8/site-packages/airflow/example_dags/tutorial.py
[2024-01-30T16:31:00.261+0000] {logging_mixin.py:188} INFO - [2024-01-30T16:31:00.261+0000] {dag.py:3036} INFO - Sync 1 DAGs
[2024-01-30T16:31:00.286+0000] {logging_mixin.py:188} INFO - [2024-01-30T16:31:00.285+0000] {dag.py:3823} INFO - Setting next_dagrun for tutorial to 2024-01-29 00:00:00+00:00, run_after=2024-01-30 00:00:00+00:00
[2024-01-30T16:31:00.304+0000] {processor.py:183} INFO - Processing /home/airflow/.local/lib/python3.8/site-packages/airflow/example_dags/tutorial.py took 0.072 seconds
[2024-01-30T16:31:31.200+0000] {processor.py:161} INFO - Started process (PID=629) to work on /home/airflow/.local/lib/python3.8/site-packages/airflow/example_dags/tutorial.py
[2024-01-30T16:31:31.201+0000] {processor.py:830} INFO - Processing file /home/airflow/.local/lib/python3.8/site-packages/airflow/example_dags/tutorial.py for tasks to queue
[2024-01-30T16:31:31.203+0000] {logging_mixin.py:188} INFO - [2024-01-30T16:31:31.203+0000] {dagbag.py:538} INFO - Filling up the DagBag from /home/airflow/.local/lib/python3.8/site-packages/airflow/example_dags/tutorial.py
[2024-01-30T16:31:31.208+0000] {processor.py:840} INFO - DAG(s) 'tutorial' retrieved from /home/airflow/.local/lib/python3.8/site-packages/airflow/example_dags/tutorial.py
[2024-01-30T16:31:31.228+0000] {logging_mixin.py:188} INFO - [2024-01-30T16:31:31.228+0000] {dag.py:3036} INFO - Sync 1 DAGs
[2024-01-30T16:31:31.249+0000] {logging_mixin.py:188} INFO - [2024-01-30T16:31:31.249+0000] {dag.py:3823} INFO - Setting next_dagrun for tutorial to 2024-01-29 00:00:00+00:00, run_after=2024-01-30 00:00:00+00:00
[2024-01-30T16:31:31.269+0000] {processor.py:183} INFO - Processing /home/airflow/.local/lib/python3.8/site-packages/airflow/example_dags/tutorial.py took 0.071 seconds
[2024-01-30T16:32:01.416+0000] {processor.py:161} INFO - Started process (PID=684) to work on /home/airflow/.local/lib/python3.8/site-packages/airflow/example_dags/tutorial.py
[2024-01-30T16:32:01.417+0000] {processor.py:830} INFO - Processing file /home/airflow/.local/lib/python3.8/site-packages/airflow/example_dags/tutorial.py for tasks to queue
[2024-01-30T16:32:01.419+0000] {logging_mixin.py:188} INFO - [2024-01-30T16:32:01.419+0000] {dagbag.py:538} INFO - Filling up the DagBag from /home/airflow/.local/lib/python3.8/site-packages/airflow/example_dags/tutorial.py
[2024-01-30T16:32:01.424+0000] {processor.py:840} INFO - DAG(s) 'tutorial' retrieved from /home/airflow/.local/lib/python3.8/site-packages/airflow/example_dags/tutorial.py
[2024-01-30T16:32:01.443+0000] {logging_mixin.py:188} INFO - [2024-01-30T16:32:01.442+0000] {dag.py:3036} INFO - Sync 1 DAGs
[2024-01-30T16:32:01.462+0000] {logging_mixin.py:188} INFO - [2024-01-30T16:32:01.462+0000] {dag.py:3823} INFO - Setting next_dagrun for tutorial to 2024-01-29 00:00:00+00:00, run_after=2024-01-30 00:00:00+00:00
[2024-01-30T16:32:01.481+0000] {processor.py:183} INFO - Processing /home/airflow/.local/lib/python3.8/site-packages/airflow/example_dags/tutorial.py took 0.067 seconds
[2024-01-30T16:32:31.781+0000] {processor.py:161} INFO - Started process (PID=739) to work on /home/airflow/.local/lib/python3.8/site-packages/airflow/example_dags/tutorial.py
[2024-01-30T16:32:31.782+0000] {processor.py:830} INFO - Processing file /home/airflow/.local/lib/python3.8/site-packages/airflow/example_dags/tutorial.py for tasks to queue
[2024-01-30T16:32:31.784+0000] {logging_mixin.py:188} INFO - [2024-01-30T16:32:31.784+0000] {dagbag.py:538} INFO - Filling up the DagBag from /home/airflow/.local/lib/python3.8/site-packages/airflow/example_dags/tutorial.py
[2024-01-30T16:32:31.789+0000] {processor.py:840} INFO - DAG(s) 'tutorial' retrieved from /home/airflow/.local/lib/python3.8/site-packages/airflow/example_dags/tutorial.py
[2024-01-30T16:32:31.808+0000] {logging_mixin.py:188} INFO - [2024-01-30T16:32:31.808+0000] {dag.py:3036} INFO - Sync 1 DAGs
[2024-01-30T16:32:31.828+0000] {logging_mixin.py:188} INFO - [2024-01-30T16:32:31.827+0000] {dag.py:3823} INFO - Setting next_dagrun for tutorial to 2024-01-29 00:00:00+00:00, run_after=2024-01-30 00:00:00+00:00
[2024-01-30T16:32:31.848+0000] {processor.py:183} INFO - Processing /home/airflow/.local/lib/python3.8/site-packages/airflow/example_dags/tutorial.py took 0.070 seconds
[2024-01-30T16:33:01.989+0000] {processor.py:161} INFO - Started process (PID=794) to work on /home/airflow/.local/lib/python3.8/site-packages/airflow/example_dags/tutorial.py
[2024-01-30T16:33:01.991+0000] {processor.py:830} INFO - Processing file /home/airflow/.local/lib/python3.8/site-packages/airflow/example_dags/tutorial.py for tasks to queue
[2024-01-30T16:33:01.993+0000] {logging_mixin.py:188} INFO - [2024-01-30T16:33:01.993+0000] {dagbag.py:538} INFO - Filling up the DagBag from /home/airflow/.local/lib/python3.8/site-packages/airflow/example_dags/tutorial.py
[2024-01-30T16:33:01.999+0000] {processor.py:840} INFO - DAG(s) 'tutorial' retrieved from /home/airflow/.local/lib/python3.8/site-packages/airflow/example_dags/tutorial.py
[2024-01-30T16:33:02.017+0000] {logging_mixin.py:188} INFO - [2024-01-30T16:33:02.017+0000] {dag.py:3036} INFO - Sync 1 DAGs
[2024-01-30T16:33:02.037+0000] {logging_mixin.py:188} INFO - [2024-01-30T16:33:02.037+0000] {dag.py:3823} INFO - Setting next_dagrun for tutorial to 2024-01-29 00:00:00+00:00, run_after=2024-01-30 00:00:00+00:00
[2024-01-30T16:33:02.057+0000] {processor.py:183} INFO - Processing /home/airflow/.local/lib/python3.8/site-packages/airflow/example_dags/tutorial.py took 0.070 seconds
[2024-01-30T16:33:32.354+0000] {processor.py:161} INFO - Started process (PID=849) to work on /home/airflow/.local/lib/python3.8/site-packages/airflow/example_dags/tutorial.py
[2024-01-30T16:33:32.355+0000] {processor.py:830} INFO - Processing file /home/airflow/.local/lib/python3.8/site-packages/airflow/example_dags/tutorial.py for tasks to queue
[2024-01-30T16:33:32.357+0000] {logging_mixin.py:188} INFO - [2024-01-30T16:33:32.356+0000] {dagbag.py:538} INFO - Filling up the DagBag from /home/airflow/.local/lib/python3.8/site-packages/airflow/example_dags/tutorial.py
[2024-01-30T16:33:32.362+0000] {processor.py:840} INFO - DAG(s) 'tutorial' retrieved from /home/airflow/.local/lib/python3.8/site-packages/airflow/example_dags/tutorial.py
[2024-01-30T16:33:32.383+0000] {logging_mixin.py:188} INFO - [2024-01-30T16:33:32.383+0000] {dag.py:3036} INFO - Sync 1 DAGs
[2024-01-30T16:33:32.405+0000] {logging_mixin.py:188} INFO - [2024-01-30T16:33:32.405+0000] {dag.py:3823} INFO - Setting next_dagrun for tutorial to 2024-01-29 00:00:00+00:00, run_after=2024-01-30 00:00:00+00:00
[2024-01-30T16:33:32.424+0000] {processor.py:183} INFO - Processing /home/airflow/.local/lib/python3.8/site-packages/airflow/example_dags/tutorial.py took 0.073 seconds
[2024-01-30T16:34:02.603+0000] {processor.py:161} INFO - Started process (PID=904) to work on /home/airflow/.local/lib/python3.8/site-packages/airflow/example_dags/tutorial.py
[2024-01-30T16:34:02.604+0000] {processor.py:830} INFO - Processing file /home/airflow/.local/lib/python3.8/site-packages/airflow/example_dags/tutorial.py for tasks to queue
[2024-01-30T16:34:02.606+0000] {logging_mixin.py:188} INFO - [2024-01-30T16:34:02.606+0000] {dagbag.py:538} INFO - Filling up the DagBag from /home/airflow/.local/lib/python3.8/site-packages/airflow/example_dags/tutorial.py
[2024-01-30T16:34:02.612+0000] {processor.py:840} INFO - DAG(s) 'tutorial' retrieved from /home/airflow/.local/lib/python3.8/site-packages/airflow/example_dags/tutorial.py
[2024-01-30T16:34:02.631+0000] {logging_mixin.py:188} INFO - [2024-01-30T16:34:02.631+0000] {dag.py:3036} INFO - Sync 1 DAGs
[2024-01-30T16:34:02.652+0000] {logging_mixin.py:188} INFO - [2024-01-30T16:34:02.652+0000] {dag.py:3823} INFO - Setting next_dagrun for tutorial to 2024-01-29 00:00:00+00:00, run_after=2024-01-30 00:00:00+00:00
[2024-01-30T16:34:02.672+0000] {processor.py:183} INFO - Processing /home/airflow/.local/lib/python3.8/site-packages/airflow/example_dags/tutorial.py took 0.072 seconds
[2024-01-30T16:34:32.988+0000] {processor.py:161} INFO - Started process (PID=959) to work on /home/airflow/.local/lib/python3.8/site-packages/airflow/example_dags/tutorial.py
[2024-01-30T16:34:32.989+0000] {processor.py:830} INFO - Processing file /home/airflow/.local/lib/python3.8/site-packages/airflow/example_dags/tutorial.py for tasks to queue
[2024-01-30T16:34:32.991+0000] {logging_mixin.py:188} INFO - [2024-01-30T16:34:32.991+0000] {dagbag.py:538} INFO - Filling up the DagBag from /home/airflow/.local/lib/python3.8/site-packages/airflow/example_dags/tutorial.py
[2024-01-30T16:34:32.996+0000] {processor.py:840} INFO - DAG(s) 'tutorial' retrieved from /home/airflow/.local/lib/python3.8/site-packages/airflow/example_dags/tutorial.py
[2024-01-30T16:34:33.014+0000] {logging_mixin.py:188} INFO - [2024-01-30T16:34:33.014+0000] {dag.py:3036} INFO - Sync 1 DAGs
[2024-01-30T16:34:33.034+0000] {logging_mixin.py:188} INFO - [2024-01-30T16:34:33.034+0000] {dag.py:3823} INFO - Setting next_dagrun for tutorial to 2024-01-29 00:00:00+00:00, run_after=2024-01-30 00:00:00+00:00
[2024-01-30T16:34:33.053+0000] {processor.py:183} INFO - Processing /home/airflow/.local/lib/python3.8/site-packages/airflow/example_dags/tutorial.py took 0.068 seconds
[2024-01-30T16:35:03.178+0000] {processor.py:161} INFO - Started process (PID=1013) to work on /home/airflow/.local/lib/python3.8/site-packages/airflow/example_dags/tutorial.py
[2024-01-30T16:35:03.179+0000] {processor.py:830} INFO - Processing file /home/airflow/.local/lib/python3.8/site-packages/airflow/example_dags/tutorial.py for tasks to queue
[2024-01-30T16:35:03.181+0000] {logging_mixin.py:188} INFO - [2024-01-30T16:35:03.180+0000] {dagbag.py:538} INFO - Filling up the DagBag from /home/airflow/.local/lib/python3.8/site-packages/airflow/example_dags/tutorial.py
[2024-01-30T16:35:03.186+0000] {processor.py:840} INFO - DAG(s) 'tutorial' retrieved from /home/airflow/.local/lib/python3.8/site-packages/airflow/example_dags/tutorial.py
[2024-01-30T16:35:03.204+0000] {logging_mixin.py:188} INFO - [2024-01-30T16:35:03.203+0000] {dag.py:3036} INFO - Sync 1 DAGs
[2024-01-30T16:35:03.223+0000] {logging_mixin.py:188} INFO - [2024-01-30T16:35:03.223+0000] {dag.py:3823} INFO - Setting next_dagrun for tutorial to 2024-01-29 00:00:00+00:00, run_after=2024-01-30 00:00:00+00:00
[2024-01-30T16:35:03.243+0000] {processor.py:183} INFO - Processing /home/airflow/.local/lib/python3.8/site-packages/airflow/example_dags/tutorial.py took 0.067 seconds
[2024-01-30T16:35:33.370+0000] {processor.py:161} INFO - Started process (PID=1068) to work on /home/airflow/.local/lib/python3.8/site-packages/airflow/example_dags/tutorial.py
[2024-01-30T16:35:33.372+0000] {processor.py:830} INFO - Processing file /home/airflow/.local/lib/python3.8/site-packages/airflow/example_dags/tutorial.py for tasks to queue
[2024-01-30T16:35:33.374+0000] {logging_mixin.py:188} INFO - [2024-01-30T16:35:33.373+0000] {dagbag.py:538} INFO - Filling up the DagBag from /home/airflow/.local/lib/python3.8/site-packages/airflow/example_dags/tutorial.py
[2024-01-30T16:35:33.379+0000] {processor.py:840} INFO - DAG(s) 'tutorial' retrieved from /home/airflow/.local/lib/python3.8/site-packages/airflow/example_dags/tutorial.py
[2024-01-30T16:35:33.398+0000] {logging_mixin.py:188} INFO - [2024-01-30T16:35:33.398+0000] {dag.py:3036} INFO - Sync 1 DAGs
[2024-01-30T16:35:33.421+0000] {logging_mixin.py:188} INFO - [2024-01-30T16:35:33.421+0000] {dag.py:3823} INFO - Setting next_dagrun for tutorial to 2024-01-29 00:00:00+00:00, run_after=2024-01-30 00:00:00+00:00
[2024-01-30T16:35:33.441+0000] {processor.py:183} INFO - Processing /home/airflow/.local/lib/python3.8/site-packages/airflow/example_dags/tutorial.py took 0.074 seconds
[2024-01-30T16:36:03.507+0000] {processor.py:161} INFO - Started process (PID=1123) to work on /home/airflow/.local/lib/python3.8/site-packages/airflow/example_dags/tutorial.py
[2024-01-30T16:36:03.508+0000] {processor.py:830} INFO - Processing file /home/airflow/.local/lib/python3.8/site-packages/airflow/example_dags/tutorial.py for tasks to queue
[2024-01-30T16:36:03.509+0000] {logging_mixin.py:188} INFO - [2024-01-30T16:36:03.509+0000] {dagbag.py:538} INFO - Filling up the DagBag from /home/airflow/.local/lib/python3.8/site-packages/airflow/example_dags/tutorial.py
[2024-01-30T16:36:03.514+0000] {processor.py:840} INFO - DAG(s) 'tutorial' retrieved from /home/airflow/.local/lib/python3.8/site-packages/airflow/example_dags/tutorial.py
[2024-01-30T16:36:03.535+0000] {logging_mixin.py:188} INFO - [2024-01-30T16:36:03.534+0000] {dag.py:3036} INFO - Sync 1 DAGs
[2024-01-30T16:36:03.555+0000] {logging_mixin.py:188} INFO - [2024-01-30T16:36:03.554+0000] {dag.py:3823} INFO - Setting next_dagrun for tutorial to 2024-01-29 00:00:00+00:00, run_after=2024-01-30 00:00:00+00:00
[2024-01-30T16:36:03.575+0000] {processor.py:183} INFO - Processing /home/airflow/.local/lib/python3.8/site-packages/airflow/example_dags/tutorial.py took 0.071 seconds
[2024-01-30T16:36:34.544+0000] {processor.py:161} INFO - Started process (PID=1178) to work on /home/airflow/.local/lib/python3.8/site-packages/airflow/example_dags/tutorial.py
[2024-01-30T16:36:34.545+0000] {processor.py:830} INFO - Processing file /home/airflow/.local/lib/python3.8/site-packages/airflow/example_dags/tutorial.py for tasks to queue
[2024-01-30T16:36:34.547+0000] {logging_mixin.py:188} INFO - [2024-01-30T16:36:34.546+0000] {dagbag.py:538} INFO - Filling up the DagBag from /home/airflow/.local/lib/python3.8/site-packages/airflow/example_dags/tutorial.py
[2024-01-30T16:36:34.552+0000] {processor.py:840} INFO - DAG(s) 'tutorial' retrieved from /home/airflow/.local/lib/python3.8/site-packages/airflow/example_dags/tutorial.py
[2024-01-30T16:36:34.570+0000] {logging_mixin.py:188} INFO - [2024-01-30T16:36:34.570+0000] {dag.py:3036} INFO - Sync 1 DAGs
[2024-01-30T16:36:34.589+0000] {logging_mixin.py:188} INFO - [2024-01-30T16:36:34.589+0000] {dag.py:3823} INFO - Setting next_dagrun for tutorial to 2024-01-29 00:00:00+00:00, run_after=2024-01-30 00:00:00+00:00
[2024-01-30T16:36:34.607+0000] {processor.py:183} INFO - Processing /home/airflow/.local/lib/python3.8/site-packages/airflow/example_dags/tutorial.py took 0.066 seconds
[2024-01-30T16:37:05.668+0000] {processor.py:161} INFO - Started process (PID=1233) to work on /home/airflow/.local/lib/python3.8/site-packages/airflow/example_dags/tutorial.py
[2024-01-30T16:37:05.669+0000] {processor.py:830} INFO - Processing file /home/airflow/.local/lib/python3.8/site-packages/airflow/example_dags/tutorial.py for tasks to queue
[2024-01-30T16:37:05.671+0000] {logging_mixin.py:188} INFO - [2024-01-30T16:37:05.671+0000] {dagbag.py:538} INFO - Filling up the DagBag from /home/airflow/.local/lib/python3.8/site-packages/airflow/example_dags/tutorial.py
[2024-01-30T16:37:05.675+0000] {processor.py:840} INFO - DAG(s) 'tutorial' retrieved from /home/airflow/.local/lib/python3.8/site-packages/airflow/example_dags/tutorial.py
[2024-01-30T16:37:05.693+0000] {logging_mixin.py:188} INFO - [2024-01-30T16:37:05.693+0000] {dag.py:3036} INFO - Sync 1 DAGs
[2024-01-30T16:37:05.712+0000] {logging_mixin.py:188} INFO - [2024-01-30T16:37:05.712+0000] {dag.py:3823} INFO - Setting next_dagrun for tutorial to 2024-01-29 00:00:00+00:00, run_after=2024-01-30 00:00:00+00:00
[2024-01-30T16:37:05.730+0000] {processor.py:183} INFO - Processing /home/airflow/.local/lib/python3.8/site-packages/airflow/example_dags/tutorial.py took 0.065 seconds
[2024-01-30T16:37:36.491+0000] {processor.py:161} INFO - Started process (PID=1288) to work on /home/airflow/.local/lib/python3.8/site-packages/airflow/example_dags/tutorial.py
[2024-01-30T16:37:36.492+0000] {processor.py:830} INFO - Processing file /home/airflow/.local/lib/python3.8/site-packages/airflow/example_dags/tutorial.py for tasks to queue
[2024-01-30T16:37:36.494+0000] {logging_mixin.py:188} INFO - [2024-01-30T16:37:36.494+0000] {dagbag.py:538} INFO - Filling up the DagBag from /home/airflow/.local/lib/python3.8/site-packages/airflow/example_dags/tutorial.py
[2024-01-30T16:37:36.499+0000] {processor.py:840} INFO - DAG(s) 'tutorial' retrieved from /home/airflow/.local/lib/python3.8/site-packages/airflow/example_dags/tutorial.py
[2024-01-30T16:37:36.518+0000] {logging_mixin.py:188} INFO - [2024-01-30T16:37:36.517+0000] {dag.py:3036} INFO - Sync 1 DAGs
[2024-01-30T16:37:36.539+0000] {logging_mixin.py:188} INFO - [2024-01-30T16:37:36.539+0000] {dag.py:3823} INFO - Setting next_dagrun for tutorial to 2024-01-29 00:00:00+00:00, run_after=2024-01-30 00:00:00+00:00
[2024-01-30T16:37:36.559+0000] {processor.py:183} INFO - Processing /home/airflow/.local/lib/python3.8/site-packages/airflow/example_dags/tutorial.py took 0.070 seconds
