[2024-01-31T08:22:18.773+0000] {processor.py:161} INFO - Started process (PID=58) to work on /home/airflow/.local/lib/python3.8/site-packages/airflow/example_dags/example_trigger_controller_dag.py
[2024-01-31T08:22:18.776+0000] {processor.py:830} INFO - Processing file /home/airflow/.local/lib/python3.8/site-packages/airflow/example_dags/example_trigger_controller_dag.py for tasks to queue
[2024-01-31T08:22:18.782+0000] {logging_mixin.py:188} INFO - [2024-01-31T08:22:18.781+0000] {dagbag.py:538} INFO - Filling up the DagBag from /home/airflow/.local/lib/python3.8/site-packages/airflow/example_dags/example_trigger_controller_dag.py
[2024-01-31T08:22:18.799+0000] {processor.py:840} INFO - DAG(s) 'example_trigger_controller_dag' retrieved from /home/airflow/.local/lib/python3.8/site-packages/airflow/example_dags/example_trigger_controller_dag.py
[2024-01-31T08:22:19.091+0000] {logging_mixin.py:188} INFO - [2024-01-31T08:22:19.089+0000] {dag.py:3036} INFO - Sync 1 DAGs
[2024-01-31T08:22:19.160+0000] {logging_mixin.py:188} INFO - [2024-01-31T08:22:19.160+0000] {dag.py:3823} INFO - Setting next_dagrun for example_trigger_controller_dag to 2021-01-01 00:00:00+00:00, run_after=2021-01-01 00:00:00+00:00
[2024-01-31T08:22:19.215+0000] {processor.py:183} INFO - Processing /home/airflow/.local/lib/python3.8/site-packages/airflow/example_dags/example_trigger_controller_dag.py took 0.449 seconds
[2024-01-31T08:22:49.567+0000] {processor.py:161} INFO - Started process (PID=113) to work on /home/airflow/.local/lib/python3.8/site-packages/airflow/example_dags/example_trigger_controller_dag.py
[2024-01-31T08:22:49.571+0000] {processor.py:830} INFO - Processing file /home/airflow/.local/lib/python3.8/site-packages/airflow/example_dags/example_trigger_controller_dag.py for tasks to queue
[2024-01-31T08:22:49.579+0000] {logging_mixin.py:188} INFO - [2024-01-31T08:22:49.577+0000] {dagbag.py:538} INFO - Filling up the DagBag from /home/airflow/.local/lib/python3.8/site-packages/airflow/example_dags/example_trigger_controller_dag.py
[2024-01-31T08:22:49.597+0000] {processor.py:840} INFO - DAG(s) 'example_trigger_controller_dag' retrieved from /home/airflow/.local/lib/python3.8/site-packages/airflow/example_dags/example_trigger_controller_dag.py
[2024-01-31T08:22:49.671+0000] {logging_mixin.py:188} INFO - [2024-01-31T08:22:49.670+0000] {dag.py:3036} INFO - Sync 1 DAGs
[2024-01-31T08:22:49.756+0000] {logging_mixin.py:188} INFO - [2024-01-31T08:22:49.756+0000] {dag.py:3823} INFO - Setting next_dagrun for example_trigger_controller_dag to 2021-01-01 00:00:00+00:00, run_after=2021-01-01 00:00:00+00:00
[2024-01-31T08:22:49.809+0000] {processor.py:183} INFO - Processing /home/airflow/.local/lib/python3.8/site-packages/airflow/example_dags/example_trigger_controller_dag.py took 0.255 seconds
[2024-01-31T08:23:20.407+0000] {processor.py:161} INFO - Started process (PID=168) to work on /home/airflow/.local/lib/python3.8/site-packages/airflow/example_dags/example_trigger_controller_dag.py
[2024-01-31T08:23:20.409+0000] {processor.py:830} INFO - Processing file /home/airflow/.local/lib/python3.8/site-packages/airflow/example_dags/example_trigger_controller_dag.py for tasks to queue
[2024-01-31T08:23:20.411+0000] {logging_mixin.py:188} INFO - [2024-01-31T08:23:20.411+0000] {dagbag.py:538} INFO - Filling up the DagBag from /home/airflow/.local/lib/python3.8/site-packages/airflow/example_dags/example_trigger_controller_dag.py
[2024-01-31T08:23:20.419+0000] {processor.py:840} INFO - DAG(s) 'example_trigger_controller_dag' retrieved from /home/airflow/.local/lib/python3.8/site-packages/airflow/example_dags/example_trigger_controller_dag.py
[2024-01-31T08:23:20.451+0000] {logging_mixin.py:188} INFO - [2024-01-31T08:23:20.451+0000] {dag.py:3036} INFO - Sync 1 DAGs
[2024-01-31T08:23:20.490+0000] {logging_mixin.py:188} INFO - [2024-01-31T08:23:20.490+0000] {dag.py:3823} INFO - Setting next_dagrun for example_trigger_controller_dag to 2021-01-01 00:00:00+00:00, run_after=2021-01-01 00:00:00+00:00
[2024-01-31T08:23:20.528+0000] {processor.py:183} INFO - Processing /home/airflow/.local/lib/python3.8/site-packages/airflow/example_dags/example_trigger_controller_dag.py took 0.125 seconds
[2024-01-31T08:23:51.055+0000] {processor.py:161} INFO - Started process (PID=223) to work on /home/airflow/.local/lib/python3.8/site-packages/airflow/example_dags/example_trigger_controller_dag.py
[2024-01-31T08:23:51.059+0000] {processor.py:830} INFO - Processing file /home/airflow/.local/lib/python3.8/site-packages/airflow/example_dags/example_trigger_controller_dag.py for tasks to queue
[2024-01-31T08:23:51.069+0000] {logging_mixin.py:188} INFO - [2024-01-31T08:23:51.067+0000] {dagbag.py:538} INFO - Filling up the DagBag from /home/airflow/.local/lib/python3.8/site-packages/airflow/example_dags/example_trigger_controller_dag.py
[2024-01-31T08:23:51.093+0000] {processor.py:840} INFO - DAG(s) 'example_trigger_controller_dag' retrieved from /home/airflow/.local/lib/python3.8/site-packages/airflow/example_dags/example_trigger_controller_dag.py
[2024-01-31T08:23:51.190+0000] {logging_mixin.py:188} INFO - [2024-01-31T08:23:51.189+0000] {dag.py:3036} INFO - Sync 1 DAGs
[2024-01-31T08:23:51.300+0000] {logging_mixin.py:188} INFO - [2024-01-31T08:23:51.299+0000] {dag.py:3823} INFO - Setting next_dagrun for example_trigger_controller_dag to 2021-01-01 00:00:00+00:00, run_after=2021-01-01 00:00:00+00:00
[2024-01-31T08:23:51.389+0000] {processor.py:183} INFO - Processing /home/airflow/.local/lib/python3.8/site-packages/airflow/example_dags/example_trigger_controller_dag.py took 0.349 seconds
[2024-01-31T08:24:21.567+0000] {processor.py:161} INFO - Started process (PID=277) to work on /home/airflow/.local/lib/python3.8/site-packages/airflow/example_dags/example_trigger_controller_dag.py
[2024-01-31T08:24:21.571+0000] {processor.py:830} INFO - Processing file /home/airflow/.local/lib/python3.8/site-packages/airflow/example_dags/example_trigger_controller_dag.py for tasks to queue
[2024-01-31T08:24:21.579+0000] {logging_mixin.py:188} INFO - [2024-01-31T08:24:21.577+0000] {dagbag.py:538} INFO - Filling up the DagBag from /home/airflow/.local/lib/python3.8/site-packages/airflow/example_dags/example_trigger_controller_dag.py
[2024-01-31T08:24:21.596+0000] {processor.py:840} INFO - DAG(s) 'example_trigger_controller_dag' retrieved from /home/airflow/.local/lib/python3.8/site-packages/airflow/example_dags/example_trigger_controller_dag.py
[2024-01-31T08:24:21.669+0000] {logging_mixin.py:188} INFO - [2024-01-31T08:24:21.669+0000] {dag.py:3036} INFO - Sync 1 DAGs
[2024-01-31T08:24:21.754+0000] {logging_mixin.py:188} INFO - [2024-01-31T08:24:21.753+0000] {dag.py:3823} INFO - Setting next_dagrun for example_trigger_controller_dag to 2021-01-01 00:00:00+00:00, run_after=2021-01-01 00:00:00+00:00
[2024-01-31T08:24:21.821+0000] {processor.py:183} INFO - Processing /home/airflow/.local/lib/python3.8/site-packages/airflow/example_dags/example_trigger_controller_dag.py took 0.268 seconds
[2024-01-31T08:24:52.352+0000] {processor.py:161} INFO - Started process (PID=333) to work on /home/airflow/.local/lib/python3.8/site-packages/airflow/example_dags/example_trigger_controller_dag.py
[2024-01-31T08:24:52.357+0000] {processor.py:830} INFO - Processing file /home/airflow/.local/lib/python3.8/site-packages/airflow/example_dags/example_trigger_controller_dag.py for tasks to queue
[2024-01-31T08:24:52.364+0000] {logging_mixin.py:188} INFO - [2024-01-31T08:24:52.363+0000] {dagbag.py:538} INFO - Filling up the DagBag from /home/airflow/.local/lib/python3.8/site-packages/airflow/example_dags/example_trigger_controller_dag.py
[2024-01-31T08:24:52.380+0000] {processor.py:840} INFO - DAG(s) 'example_trigger_controller_dag' retrieved from /home/airflow/.local/lib/python3.8/site-packages/airflow/example_dags/example_trigger_controller_dag.py
[2024-01-31T08:24:52.453+0000] {logging_mixin.py:188} INFO - [2024-01-31T08:24:52.452+0000] {dag.py:3036} INFO - Sync 1 DAGs
[2024-01-31T08:24:52.511+0000] {logging_mixin.py:188} INFO - [2024-01-31T08:24:52.511+0000] {dag.py:3823} INFO - Setting next_dagrun for example_trigger_controller_dag to 2021-01-01 00:00:00+00:00, run_after=2021-01-01 00:00:00+00:00
[2024-01-31T08:24:52.555+0000] {processor.py:183} INFO - Processing /home/airflow/.local/lib/python3.8/site-packages/airflow/example_dags/example_trigger_controller_dag.py took 0.216 seconds
[2024-01-31T08:25:23.073+0000] {processor.py:161} INFO - Started process (PID=388) to work on /home/airflow/.local/lib/python3.8/site-packages/airflow/example_dags/example_trigger_controller_dag.py
[2024-01-31T08:25:23.077+0000] {processor.py:830} INFO - Processing file /home/airflow/.local/lib/python3.8/site-packages/airflow/example_dags/example_trigger_controller_dag.py for tasks to queue
[2024-01-31T08:25:23.084+0000] {logging_mixin.py:188} INFO - [2024-01-31T08:25:23.083+0000] {dagbag.py:538} INFO - Filling up the DagBag from /home/airflow/.local/lib/python3.8/site-packages/airflow/example_dags/example_trigger_controller_dag.py
[2024-01-31T08:25:23.101+0000] {processor.py:840} INFO - DAG(s) 'example_trigger_controller_dag' retrieved from /home/airflow/.local/lib/python3.8/site-packages/airflow/example_dags/example_trigger_controller_dag.py
[2024-01-31T08:25:23.178+0000] {logging_mixin.py:188} INFO - [2024-01-31T08:25:23.177+0000] {dag.py:3036} INFO - Sync 1 DAGs
[2024-01-31T08:25:23.260+0000] {logging_mixin.py:188} INFO - [2024-01-31T08:25:23.260+0000] {dag.py:3823} INFO - Setting next_dagrun for example_trigger_controller_dag to 2021-01-01 00:00:00+00:00, run_after=2021-01-01 00:00:00+00:00
[2024-01-31T08:25:23.297+0000] {processor.py:183} INFO - Processing /home/airflow/.local/lib/python3.8/site-packages/airflow/example_dags/example_trigger_controller_dag.py took 0.236 seconds
[2024-01-31T08:25:53.518+0000] {processor.py:161} INFO - Started process (PID=443) to work on /home/airflow/.local/lib/python3.8/site-packages/airflow/example_dags/example_trigger_controller_dag.py
[2024-01-31T08:25:53.520+0000] {processor.py:830} INFO - Processing file /home/airflow/.local/lib/python3.8/site-packages/airflow/example_dags/example_trigger_controller_dag.py for tasks to queue
[2024-01-31T08:25:53.523+0000] {logging_mixin.py:188} INFO - [2024-01-31T08:25:53.523+0000] {dagbag.py:538} INFO - Filling up the DagBag from /home/airflow/.local/lib/python3.8/site-packages/airflow/example_dags/example_trigger_controller_dag.py
[2024-01-31T08:25:53.530+0000] {processor.py:840} INFO - DAG(s) 'example_trigger_controller_dag' retrieved from /home/airflow/.local/lib/python3.8/site-packages/airflow/example_dags/example_trigger_controller_dag.py
[2024-01-31T08:25:53.561+0000] {logging_mixin.py:188} INFO - [2024-01-31T08:25:53.560+0000] {dag.py:3036} INFO - Sync 1 DAGs
[2024-01-31T08:25:53.612+0000] {logging_mixin.py:188} INFO - [2024-01-31T08:25:53.612+0000] {dag.py:3823} INFO - Setting next_dagrun for example_trigger_controller_dag to 2021-01-01 00:00:00+00:00, run_after=2021-01-01 00:00:00+00:00
[2024-01-31T08:25:53.652+0000] {processor.py:183} INFO - Processing /home/airflow/.local/lib/python3.8/site-packages/airflow/example_dags/example_trigger_controller_dag.py took 0.139 seconds
