[2024-01-31T08:22:22.246+0000] {processor.py:161} INFO - Started process (PID=74) to work on /home/airflow/.local/lib/python3.8/site-packages/airflow/example_dags/example_python_operator.py
[2024-01-31T08:22:22.248+0000] {processor.py:830} INFO - Processing file /home/airflow/.local/lib/python3.8/site-packages/airflow/example_dags/example_python_operator.py for tasks to queue
[2024-01-31T08:22:22.252+0000] {logging_mixin.py:188} INFO - [2024-01-31T08:22:22.251+0000] {dagbag.py:538} INFO - Filling up the DagBag from /home/airflow/.local/lib/python3.8/site-packages/airflow/example_dags/example_python_operator.py
[2024-01-31T08:22:22.288+0000] {processor.py:840} INFO - DAG(s) 'example_python_operator' retrieved from /home/airflow/.local/lib/python3.8/site-packages/airflow/example_dags/example_python_operator.py
[2024-01-31T08:22:22.492+0000] {logging_mixin.py:188} INFO - [2024-01-31T08:22:22.491+0000] {dag.py:3036} INFO - Sync 1 DAGs
[2024-01-31T08:22:22.506+0000] {logging_mixin.py:188} INFO - [2024-01-31T08:22:22.506+0000] {dag.py:3823} INFO - Setting next_dagrun for example_python_operator to None, run_after=None
[2024-01-31T08:22:22.544+0000] {processor.py:183} INFO - Processing /home/airflow/.local/lib/python3.8/site-packages/airflow/example_dags/example_python_operator.py took 0.306 seconds
[2024-01-31T08:22:53.555+0000] {processor.py:161} INFO - Started process (PID=129) to work on /home/airflow/.local/lib/python3.8/site-packages/airflow/example_dags/example_python_operator.py
[2024-01-31T08:22:53.557+0000] {processor.py:830} INFO - Processing file /home/airflow/.local/lib/python3.8/site-packages/airflow/example_dags/example_python_operator.py for tasks to queue
[2024-01-31T08:22:53.561+0000] {logging_mixin.py:188} INFO - [2024-01-31T08:22:53.561+0000] {dagbag.py:538} INFO - Filling up the DagBag from /home/airflow/.local/lib/python3.8/site-packages/airflow/example_dags/example_python_operator.py
[2024-01-31T08:22:53.587+0000] {processor.py:840} INFO - DAG(s) 'example_python_operator' retrieved from /home/airflow/.local/lib/python3.8/site-packages/airflow/example_dags/example_python_operator.py
[2024-01-31T08:22:53.625+0000] {logging_mixin.py:188} INFO - [2024-01-31T08:22:53.625+0000] {dag.py:3036} INFO - Sync 1 DAGs
[2024-01-31T08:22:53.644+0000] {logging_mixin.py:188} INFO - [2024-01-31T08:22:53.644+0000] {dag.py:3823} INFO - Setting next_dagrun for example_python_operator to None, run_after=None
[2024-01-31T08:22:53.687+0000] {processor.py:183} INFO - Processing /home/airflow/.local/lib/python3.8/site-packages/airflow/example_dags/example_python_operator.py took 0.140 seconds
[2024-01-31T08:23:24.001+0000] {processor.py:161} INFO - Started process (PID=184) to work on /home/airflow/.local/lib/python3.8/site-packages/airflow/example_dags/example_python_operator.py
[2024-01-31T08:23:24.004+0000] {processor.py:830} INFO - Processing file /home/airflow/.local/lib/python3.8/site-packages/airflow/example_dags/example_python_operator.py for tasks to queue
[2024-01-31T08:23:24.009+0000] {logging_mixin.py:188} INFO - [2024-01-31T08:23:24.009+0000] {dagbag.py:538} INFO - Filling up the DagBag from /home/airflow/.local/lib/python3.8/site-packages/airflow/example_dags/example_python_operator.py
[2024-01-31T08:23:24.041+0000] {processor.py:840} INFO - DAG(s) 'example_python_operator' retrieved from /home/airflow/.local/lib/python3.8/site-packages/airflow/example_dags/example_python_operator.py
[2024-01-31T08:23:24.108+0000] {logging_mixin.py:188} INFO - [2024-01-31T08:23:24.108+0000] {dag.py:3036} INFO - Sync 1 DAGs
[2024-01-31T08:23:24.149+0000] {logging_mixin.py:188} INFO - [2024-01-31T08:23:24.148+0000] {dag.py:3823} INFO - Setting next_dagrun for example_python_operator to None, run_after=None
[2024-01-31T08:23:24.195+0000] {processor.py:183} INFO - Processing /home/airflow/.local/lib/python3.8/site-packages/airflow/example_dags/example_python_operator.py took 0.202 seconds
[2024-01-31T08:23:54.740+0000] {processor.py:161} INFO - Started process (PID=239) to work on /home/airflow/.local/lib/python3.8/site-packages/airflow/example_dags/example_python_operator.py
[2024-01-31T08:23:54.744+0000] {processor.py:830} INFO - Processing file /home/airflow/.local/lib/python3.8/site-packages/airflow/example_dags/example_python_operator.py for tasks to queue
[2024-01-31T08:23:54.752+0000] {logging_mixin.py:188} INFO - [2024-01-31T08:23:54.750+0000] {dagbag.py:538} INFO - Filling up the DagBag from /home/airflow/.local/lib/python3.8/site-packages/airflow/example_dags/example_python_operator.py
[2024-01-31T08:23:54.792+0000] {processor.py:840} INFO - DAG(s) 'example_python_operator' retrieved from /home/airflow/.local/lib/python3.8/site-packages/airflow/example_dags/example_python_operator.py
[2024-01-31T08:23:54.882+0000] {logging_mixin.py:188} INFO - [2024-01-31T08:23:54.881+0000] {dag.py:3036} INFO - Sync 1 DAGs
[2024-01-31T08:23:54.934+0000] {logging_mixin.py:188} INFO - [2024-01-31T08:23:54.933+0000] {dag.py:3823} INFO - Setting next_dagrun for example_python_operator to None, run_after=None
[2024-01-31T08:23:55.008+0000] {processor.py:183} INFO - Processing /home/airflow/.local/lib/python3.8/site-packages/airflow/example_dags/example_python_operator.py took 0.282 seconds
[2024-01-31T08:24:25.339+0000] {processor.py:161} INFO - Started process (PID=294) to work on /home/airflow/.local/lib/python3.8/site-packages/airflow/example_dags/example_python_operator.py
[2024-01-31T08:24:25.342+0000] {processor.py:830} INFO - Processing file /home/airflow/.local/lib/python3.8/site-packages/airflow/example_dags/example_python_operator.py for tasks to queue
[2024-01-31T08:24:25.349+0000] {logging_mixin.py:188} INFO - [2024-01-31T08:24:25.348+0000] {dagbag.py:538} INFO - Filling up the DagBag from /home/airflow/.local/lib/python3.8/site-packages/airflow/example_dags/example_python_operator.py
[2024-01-31T08:24:25.390+0000] {processor.py:840} INFO - DAG(s) 'example_python_operator' retrieved from /home/airflow/.local/lib/python3.8/site-packages/airflow/example_dags/example_python_operator.py
[2024-01-31T08:24:25.458+0000] {logging_mixin.py:188} INFO - [2024-01-31T08:24:25.457+0000] {dag.py:3036} INFO - Sync 1 DAGs
[2024-01-31T08:24:25.495+0000] {logging_mixin.py:188} INFO - [2024-01-31T08:24:25.494+0000] {dag.py:3823} INFO - Setting next_dagrun for example_python_operator to None, run_after=None
[2024-01-31T08:24:25.550+0000] {processor.py:183} INFO - Processing /home/airflow/.local/lib/python3.8/site-packages/airflow/example_dags/example_python_operator.py took 0.227 seconds
[2024-01-31T08:24:55.752+0000] {processor.py:161} INFO - Started process (PID=349) to work on /home/airflow/.local/lib/python3.8/site-packages/airflow/example_dags/example_python_operator.py
[2024-01-31T08:24:55.755+0000] {processor.py:830} INFO - Processing file /home/airflow/.local/lib/python3.8/site-packages/airflow/example_dags/example_python_operator.py for tasks to queue
[2024-01-31T08:24:55.759+0000] {logging_mixin.py:188} INFO - [2024-01-31T08:24:55.759+0000] {dagbag.py:538} INFO - Filling up the DagBag from /home/airflow/.local/lib/python3.8/site-packages/airflow/example_dags/example_python_operator.py
[2024-01-31T08:24:55.784+0000] {processor.py:840} INFO - DAG(s) 'example_python_operator' retrieved from /home/airflow/.local/lib/python3.8/site-packages/airflow/example_dags/example_python_operator.py
[2024-01-31T08:24:55.841+0000] {logging_mixin.py:188} INFO - [2024-01-31T08:24:55.841+0000] {dag.py:3036} INFO - Sync 1 DAGs
[2024-01-31T08:24:55.871+0000] {logging_mixin.py:188} INFO - [2024-01-31T08:24:55.870+0000] {dag.py:3823} INFO - Setting next_dagrun for example_python_operator to None, run_after=None
[2024-01-31T08:24:55.915+0000] {processor.py:183} INFO - Processing /home/airflow/.local/lib/python3.8/site-packages/airflow/example_dags/example_python_operator.py took 0.171 seconds
[2024-01-31T08:25:27.577+0000] {processor.py:161} INFO - Started process (PID=404) to work on /home/airflow/.local/lib/python3.8/site-packages/airflow/example_dags/example_python_operator.py
[2024-01-31T08:25:27.579+0000] {processor.py:830} INFO - Processing file /home/airflow/.local/lib/python3.8/site-packages/airflow/example_dags/example_python_operator.py for tasks to queue
[2024-01-31T08:25:27.582+0000] {logging_mixin.py:188} INFO - [2024-01-31T08:25:27.582+0000] {dagbag.py:538} INFO - Filling up the DagBag from /home/airflow/.local/lib/python3.8/site-packages/airflow/example_dags/example_python_operator.py
[2024-01-31T08:25:27.600+0000] {processor.py:840} INFO - DAG(s) 'example_python_operator' retrieved from /home/airflow/.local/lib/python3.8/site-packages/airflow/example_dags/example_python_operator.py
[2024-01-31T08:25:27.647+0000] {logging_mixin.py:188} INFO - [2024-01-31T08:25:27.646+0000] {dag.py:3036} INFO - Sync 1 DAGs
[2024-01-31T08:25:27.668+0000] {logging_mixin.py:188} INFO - [2024-01-31T08:25:27.667+0000] {dag.py:3823} INFO - Setting next_dagrun for example_python_operator to None, run_after=None
[2024-01-31T08:25:27.717+0000] {processor.py:183} INFO - Processing /home/airflow/.local/lib/python3.8/site-packages/airflow/example_dags/example_python_operator.py took 0.145 seconds
