[2024-01-31T08:22:21.388+0000] {processor.py:161} INFO - Started process (PID=69) to work on /home/airflow/.local/lib/python3.8/site-packages/airflow/example_dags/example_branch_python_dop_operator_3.py
[2024-01-31T08:22:21.389+0000] {processor.py:830} INFO - Processing file /home/airflow/.local/lib/python3.8/site-packages/airflow/example_dags/example_branch_python_dop_operator_3.py for tasks to queue
[2024-01-31T08:22:21.392+0000] {logging_mixin.py:188} INFO - [2024-01-31T08:22:21.392+0000] {dagbag.py:538} INFO - Filling up the DagBag from /home/airflow/.local/lib/python3.8/site-packages/airflow/example_dags/example_branch_python_dop_operator_3.py
[2024-01-31T08:22:21.408+0000] {processor.py:840} INFO - DAG(s) 'example_branch_dop_operator_v3' retrieved from /home/airflow/.local/lib/python3.8/site-packages/airflow/example_dags/example_branch_python_dop_operator_3.py
[2024-01-31T08:22:21.614+0000] {logging_mixin.py:188} INFO - [2024-01-31T08:22:21.613+0000] {dag.py:3036} INFO - Sync 1 DAGs
[2024-01-31T08:22:21.673+0000] {logging_mixin.py:188} INFO - [2024-01-31T08:22:21.673+0000] {dag.py:3823} INFO - Setting next_dagrun for example_branch_dop_operator_v3 to 2024-01-31 08:21:00+00:00, run_after=2024-01-31 08:22:00+00:00
[2024-01-31T08:22:21.708+0000] {processor.py:183} INFO - Processing /home/airflow/.local/lib/python3.8/site-packages/airflow/example_dags/example_branch_python_dop_operator_3.py took 0.326 seconds
[2024-01-31T08:22:52.125+0000] {processor.py:161} INFO - Started process (PID=124) to work on /home/airflow/.local/lib/python3.8/site-packages/airflow/example_dags/example_branch_python_dop_operator_3.py
[2024-01-31T08:22:52.126+0000] {processor.py:830} INFO - Processing file /home/airflow/.local/lib/python3.8/site-packages/airflow/example_dags/example_branch_python_dop_operator_3.py for tasks to queue
[2024-01-31T08:22:52.129+0000] {logging_mixin.py:188} INFO - [2024-01-31T08:22:52.128+0000] {dagbag.py:538} INFO - Filling up the DagBag from /home/airflow/.local/lib/python3.8/site-packages/airflow/example_dags/example_branch_python_dop_operator_3.py
[2024-01-31T08:22:52.141+0000] {processor.py:840} INFO - DAG(s) 'example_branch_dop_operator_v3' retrieved from /home/airflow/.local/lib/python3.8/site-packages/airflow/example_dags/example_branch_python_dop_operator_3.py
[2024-01-31T08:22:52.171+0000] {logging_mixin.py:188} INFO - [2024-01-31T08:22:52.171+0000] {dag.py:3036} INFO - Sync 1 DAGs
[2024-01-31T08:22:52.214+0000] {logging_mixin.py:188} INFO - [2024-01-31T08:22:52.213+0000] {dag.py:3823} INFO - Setting next_dagrun for example_branch_dop_operator_v3 to 2024-01-31 08:21:00+00:00, run_after=2024-01-31 08:22:00+00:00
[2024-01-31T08:22:52.241+0000] {processor.py:183} INFO - Processing /home/airflow/.local/lib/python3.8/site-packages/airflow/example_dags/example_branch_python_dop_operator_3.py took 0.121 seconds
[2024-01-31T08:23:23.176+0000] {processor.py:161} INFO - Started process (PID=179) to work on /home/airflow/.local/lib/python3.8/site-packages/airflow/example_dags/example_branch_python_dop_operator_3.py
[2024-01-31T08:23:23.177+0000] {processor.py:830} INFO - Processing file /home/airflow/.local/lib/python3.8/site-packages/airflow/example_dags/example_branch_python_dop_operator_3.py for tasks to queue
[2024-01-31T08:23:23.180+0000] {logging_mixin.py:188} INFO - [2024-01-31T08:23:23.179+0000] {dagbag.py:538} INFO - Filling up the DagBag from /home/airflow/.local/lib/python3.8/site-packages/airflow/example_dags/example_branch_python_dop_operator_3.py
[2024-01-31T08:23:23.194+0000] {processor.py:840} INFO - DAG(s) 'example_branch_dop_operator_v3' retrieved from /home/airflow/.local/lib/python3.8/site-packages/airflow/example_dags/example_branch_python_dop_operator_3.py
[2024-01-31T08:23:23.231+0000] {logging_mixin.py:188} INFO - [2024-01-31T08:23:23.230+0000] {dag.py:3036} INFO - Sync 1 DAGs
[2024-01-31T08:23:23.320+0000] {logging_mixin.py:188} INFO - [2024-01-31T08:23:23.319+0000] {dag.py:3823} INFO - Setting next_dagrun for example_branch_dop_operator_v3 to 2024-01-31 08:22:00+00:00, run_after=2024-01-31 08:23:00+00:00
[2024-01-31T08:23:23.413+0000] {processor.py:183} INFO - Processing /home/airflow/.local/lib/python3.8/site-packages/airflow/example_dags/example_branch_python_dop_operator_3.py took 0.242 seconds
[2024-01-31T08:23:53.506+0000] {processor.py:161} INFO - Started process (PID=234) to work on /home/airflow/.local/lib/python3.8/site-packages/airflow/example_dags/example_branch_python_dop_operator_3.py
[2024-01-31T08:23:53.508+0000] {processor.py:830} INFO - Processing file /home/airflow/.local/lib/python3.8/site-packages/airflow/example_dags/example_branch_python_dop_operator_3.py for tasks to queue
[2024-01-31T08:23:53.511+0000] {logging_mixin.py:188} INFO - [2024-01-31T08:23:53.511+0000] {dagbag.py:538} INFO - Filling up the DagBag from /home/airflow/.local/lib/python3.8/site-packages/airflow/example_dags/example_branch_python_dop_operator_3.py
[2024-01-31T08:23:53.526+0000] {processor.py:840} INFO - DAG(s) 'example_branch_dop_operator_v3' retrieved from /home/airflow/.local/lib/python3.8/site-packages/airflow/example_dags/example_branch_python_dop_operator_3.py
[2024-01-31T08:23:53.557+0000] {logging_mixin.py:188} INFO - [2024-01-31T08:23:53.556+0000] {dag.py:3036} INFO - Sync 1 DAGs
[2024-01-31T08:23:53.605+0000] {logging_mixin.py:188} INFO - [2024-01-31T08:23:53.604+0000] {dag.py:3823} INFO - Setting next_dagrun for example_branch_dop_operator_v3 to 2024-01-31 08:22:00+00:00, run_after=2024-01-31 08:23:00+00:00
[2024-01-31T08:23:53.644+0000] {processor.py:183} INFO - Processing /home/airflow/.local/lib/python3.8/site-packages/airflow/example_dags/example_branch_python_dop_operator_3.py took 0.143 seconds
[2024-01-31T08:24:24.282+0000] {processor.py:161} INFO - Started process (PID=289) to work on /home/airflow/.local/lib/python3.8/site-packages/airflow/example_dags/example_branch_python_dop_operator_3.py
[2024-01-31T08:24:24.285+0000] {processor.py:830} INFO - Processing file /home/airflow/.local/lib/python3.8/site-packages/airflow/example_dags/example_branch_python_dop_operator_3.py for tasks to queue
[2024-01-31T08:24:24.289+0000] {logging_mixin.py:188} INFO - [2024-01-31T08:24:24.288+0000] {dagbag.py:538} INFO - Filling up the DagBag from /home/airflow/.local/lib/python3.8/site-packages/airflow/example_dags/example_branch_python_dop_operator_3.py
[2024-01-31T08:24:24.313+0000] {processor.py:840} INFO - DAG(s) 'example_branch_dop_operator_v3' retrieved from /home/airflow/.local/lib/python3.8/site-packages/airflow/example_dags/example_branch_python_dop_operator_3.py
[2024-01-31T08:24:24.359+0000] {logging_mixin.py:188} INFO - [2024-01-31T08:24:24.359+0000] {dag.py:3036} INFO - Sync 1 DAGs
[2024-01-31T08:24:24.427+0000] {logging_mixin.py:188} INFO - [2024-01-31T08:24:24.426+0000] {dag.py:3823} INFO - Setting next_dagrun for example_branch_dop_operator_v3 to 2024-01-31 08:23:00+00:00, run_after=2024-01-31 08:24:00+00:00
[2024-01-31T08:24:24.475+0000] {processor.py:183} INFO - Processing /home/airflow/.local/lib/python3.8/site-packages/airflow/example_dags/example_branch_python_dop_operator_3.py took 0.200 seconds
[2024-01-31T08:24:54.713+0000] {processor.py:161} INFO - Started process (PID=344) to work on /home/airflow/.local/lib/python3.8/site-packages/airflow/example_dags/example_branch_python_dop_operator_3.py
[2024-01-31T08:24:54.715+0000] {processor.py:830} INFO - Processing file /home/airflow/.local/lib/python3.8/site-packages/airflow/example_dags/example_branch_python_dop_operator_3.py for tasks to queue
[2024-01-31T08:24:54.718+0000] {logging_mixin.py:188} INFO - [2024-01-31T08:24:54.717+0000] {dagbag.py:538} INFO - Filling up the DagBag from /home/airflow/.local/lib/python3.8/site-packages/airflow/example_dags/example_branch_python_dop_operator_3.py
[2024-01-31T08:24:54.732+0000] {processor.py:840} INFO - DAG(s) 'example_branch_dop_operator_v3' retrieved from /home/airflow/.local/lib/python3.8/site-packages/airflow/example_dags/example_branch_python_dop_operator_3.py
[2024-01-31T08:24:54.761+0000] {logging_mixin.py:188} INFO - [2024-01-31T08:24:54.761+0000] {dag.py:3036} INFO - Sync 1 DAGs
[2024-01-31T08:24:54.803+0000] {logging_mixin.py:188} INFO - [2024-01-31T08:24:54.803+0000] {dag.py:3823} INFO - Setting next_dagrun for example_branch_dop_operator_v3 to 2024-01-31 08:23:00+00:00, run_after=2024-01-31 08:24:00+00:00
[2024-01-31T08:24:54.835+0000] {processor.py:183} INFO - Processing /home/airflow/.local/lib/python3.8/site-packages/airflow/example_dags/example_branch_python_dop_operator_3.py took 0.126 seconds
[2024-01-31T08:25:26.438+0000] {processor.py:161} INFO - Started process (PID=399) to work on /home/airflow/.local/lib/python3.8/site-packages/airflow/example_dags/example_branch_python_dop_operator_3.py
[2024-01-31T08:25:26.442+0000] {processor.py:830} INFO - Processing file /home/airflow/.local/lib/python3.8/site-packages/airflow/example_dags/example_branch_python_dop_operator_3.py for tasks to queue
[2024-01-31T08:25:26.450+0000] {logging_mixin.py:188} INFO - [2024-01-31T08:25:26.449+0000] {dagbag.py:538} INFO - Filling up the DagBag from /home/airflow/.local/lib/python3.8/site-packages/airflow/example_dags/example_branch_python_dop_operator_3.py
[2024-01-31T08:25:26.491+0000] {processor.py:840} INFO - DAG(s) 'example_branch_dop_operator_v3' retrieved from /home/airflow/.local/lib/python3.8/site-packages/airflow/example_dags/example_branch_python_dop_operator_3.py
[2024-01-31T08:25:26.571+0000] {logging_mixin.py:188} INFO - [2024-01-31T08:25:26.570+0000] {dag.py:3036} INFO - Sync 1 DAGs
[2024-01-31T08:25:26.686+0000] {logging_mixin.py:188} INFO - [2024-01-31T08:25:26.686+0000] {dag.py:3823} INFO - Setting next_dagrun for example_branch_dop_operator_v3 to 2024-01-31 08:24:00+00:00, run_after=2024-01-31 08:25:00+00:00
[2024-01-31T08:25:26.762+0000] {processor.py:183} INFO - Processing /home/airflow/.local/lib/python3.8/site-packages/airflow/example_dags/example_branch_python_dop_operator_3.py took 0.337 seconds
