[2024-01-31T08:22:16.478+0000] {processor.py:161} INFO - Started process (PID=54) to work on /home/airflow/.local/lib/python3.8/site-packages/airflow/example_dags/example_skip_dag.py
[2024-01-31T08:22:16.480+0000] {processor.py:830} INFO - Processing file /home/airflow/.local/lib/python3.8/site-packages/airflow/example_dags/example_skip_dag.py for tasks to queue
[2024-01-31T08:22:16.484+0000] {logging_mixin.py:188} INFO - [2024-01-31T08:22:16.483+0000] {dagbag.py:538} INFO - Filling up the DagBag from /home/airflow/.local/lib/python3.8/site-packages/airflow/example_dags/example_skip_dag.py
[2024-01-31T08:22:16.531+0000] {processor.py:840} INFO - DAG(s) 'example_skip_dag' retrieved from /home/airflow/.local/lib/python3.8/site-packages/airflow/example_dags/example_skip_dag.py
[2024-01-31T08:22:16.931+0000] {logging_mixin.py:188} INFO - [2024-01-31T08:22:16.930+0000] {dag.py:3036} INFO - Sync 1 DAGs
[2024-01-31T08:22:17.002+0000] {logging_mixin.py:188} INFO - [2024-01-31T08:22:17.001+0000] {dag.py:3823} INFO - Setting next_dagrun for example_skip_dag to 2024-01-30 00:00:00+00:00, run_after=2024-01-31 00:00:00+00:00
[2024-01-31T08:22:17.078+0000] {processor.py:183} INFO - Processing /home/airflow/.local/lib/python3.8/site-packages/airflow/example_dags/example_skip_dag.py took 0.607 seconds
[2024-01-31T08:22:47.165+0000] {processor.py:161} INFO - Started process (PID=109) to work on /home/airflow/.local/lib/python3.8/site-packages/airflow/example_dags/example_skip_dag.py
[2024-01-31T08:22:47.168+0000] {processor.py:830} INFO - Processing file /home/airflow/.local/lib/python3.8/site-packages/airflow/example_dags/example_skip_dag.py for tasks to queue
[2024-01-31T08:22:47.174+0000] {logging_mixin.py:188} INFO - [2024-01-31T08:22:47.173+0000] {dagbag.py:538} INFO - Filling up the DagBag from /home/airflow/.local/lib/python3.8/site-packages/airflow/example_dags/example_skip_dag.py
[2024-01-31T08:22:47.197+0000] {processor.py:840} INFO - DAG(s) 'example_skip_dag' retrieved from /home/airflow/.local/lib/python3.8/site-packages/airflow/example_dags/example_skip_dag.py
[2024-01-31T08:22:47.269+0000] {logging_mixin.py:188} INFO - [2024-01-31T08:22:47.269+0000] {dag.py:3036} INFO - Sync 1 DAGs
[2024-01-31T08:22:47.340+0000] {logging_mixin.py:188} INFO - [2024-01-31T08:22:47.340+0000] {dag.py:3823} INFO - Setting next_dagrun for example_skip_dag to 2024-01-30 00:00:00+00:00, run_after=2024-01-31 00:00:00+00:00
[2024-01-31T08:22:47.407+0000] {processor.py:183} INFO - Processing /home/airflow/.local/lib/python3.8/site-packages/airflow/example_dags/example_skip_dag.py took 0.248 seconds
[2024-01-31T08:23:17.969+0000] {processor.py:161} INFO - Started process (PID=164) to work on /home/airflow/.local/lib/python3.8/site-packages/airflow/example_dags/example_skip_dag.py
[2024-01-31T08:23:17.971+0000] {processor.py:830} INFO - Processing file /home/airflow/.local/lib/python3.8/site-packages/airflow/example_dags/example_skip_dag.py for tasks to queue
[2024-01-31T08:23:17.974+0000] {logging_mixin.py:188} INFO - [2024-01-31T08:23:17.973+0000] {dagbag.py:538} INFO - Filling up the DagBag from /home/airflow/.local/lib/python3.8/site-packages/airflow/example_dags/example_skip_dag.py
[2024-01-31T08:23:17.984+0000] {processor.py:840} INFO - DAG(s) 'example_skip_dag' retrieved from /home/airflow/.local/lib/python3.8/site-packages/airflow/example_dags/example_skip_dag.py
[2024-01-31T08:23:18.026+0000] {logging_mixin.py:188} INFO - [2024-01-31T08:23:18.025+0000] {dag.py:3036} INFO - Sync 1 DAGs
[2024-01-31T08:23:18.064+0000] {logging_mixin.py:188} INFO - [2024-01-31T08:23:18.064+0000] {dag.py:3823} INFO - Setting next_dagrun for example_skip_dag to 2024-01-30 00:00:00+00:00, run_after=2024-01-31 00:00:00+00:00
[2024-01-31T08:23:18.103+0000] {processor.py:183} INFO - Processing /home/airflow/.local/lib/python3.8/site-packages/airflow/example_dags/example_skip_dag.py took 0.139 seconds
[2024-01-31T08:23:48.290+0000] {processor.py:161} INFO - Started process (PID=219) to work on /home/airflow/.local/lib/python3.8/site-packages/airflow/example_dags/example_skip_dag.py
[2024-01-31T08:23:48.295+0000] {processor.py:830} INFO - Processing file /home/airflow/.local/lib/python3.8/site-packages/airflow/example_dags/example_skip_dag.py for tasks to queue
[2024-01-31T08:23:48.303+0000] {logging_mixin.py:188} INFO - [2024-01-31T08:23:48.302+0000] {dagbag.py:538} INFO - Filling up the DagBag from /home/airflow/.local/lib/python3.8/site-packages/airflow/example_dags/example_skip_dag.py
[2024-01-31T08:23:48.332+0000] {processor.py:840} INFO - DAG(s) 'example_skip_dag' retrieved from /home/airflow/.local/lib/python3.8/site-packages/airflow/example_dags/example_skip_dag.py
[2024-01-31T08:23:48.427+0000] {logging_mixin.py:188} INFO - [2024-01-31T08:23:48.426+0000] {dag.py:3036} INFO - Sync 1 DAGs
[2024-01-31T08:23:48.520+0000] {logging_mixin.py:188} INFO - [2024-01-31T08:23:48.519+0000] {dag.py:3823} INFO - Setting next_dagrun for example_skip_dag to 2024-01-30 00:00:00+00:00, run_after=2024-01-31 00:00:00+00:00
[2024-01-31T08:23:48.617+0000] {processor.py:183} INFO - Processing /home/airflow/.local/lib/python3.8/site-packages/airflow/example_dags/example_skip_dag.py took 0.342 seconds
[2024-01-31T08:24:19.062+0000] {processor.py:161} INFO - Started process (PID=274) to work on /home/airflow/.local/lib/python3.8/site-packages/airflow/example_dags/example_skip_dag.py
[2024-01-31T08:24:19.065+0000] {processor.py:830} INFO - Processing file /home/airflow/.local/lib/python3.8/site-packages/airflow/example_dags/example_skip_dag.py for tasks to queue
[2024-01-31T08:24:19.073+0000] {logging_mixin.py:188} INFO - [2024-01-31T08:24:19.072+0000] {dagbag.py:538} INFO - Filling up the DagBag from /home/airflow/.local/lib/python3.8/site-packages/airflow/example_dags/example_skip_dag.py
[2024-01-31T08:24:19.098+0000] {processor.py:840} INFO - DAG(s) 'example_skip_dag' retrieved from /home/airflow/.local/lib/python3.8/site-packages/airflow/example_dags/example_skip_dag.py
[2024-01-31T08:24:19.181+0000] {logging_mixin.py:188} INFO - [2024-01-31T08:24:19.180+0000] {dag.py:3036} INFO - Sync 1 DAGs
[2024-01-31T08:24:19.268+0000] {logging_mixin.py:188} INFO - [2024-01-31T08:24:19.267+0000] {dag.py:3823} INFO - Setting next_dagrun for example_skip_dag to 2024-01-30 00:00:00+00:00, run_after=2024-01-31 00:00:00+00:00
[2024-01-31T08:24:19.345+0000] {processor.py:183} INFO - Processing /home/airflow/.local/lib/python3.8/site-packages/airflow/example_dags/example_skip_dag.py took 0.294 seconds
[2024-01-31T08:24:50.006+0000] {processor.py:161} INFO - Started process (PID=329) to work on /home/airflow/.local/lib/python3.8/site-packages/airflow/example_dags/example_skip_dag.py
[2024-01-31T08:24:50.010+0000] {processor.py:830} INFO - Processing file /home/airflow/.local/lib/python3.8/site-packages/airflow/example_dags/example_skip_dag.py for tasks to queue
[2024-01-31T08:24:50.016+0000] {logging_mixin.py:188} INFO - [2024-01-31T08:24:50.015+0000] {dagbag.py:538} INFO - Filling up the DagBag from /home/airflow/.local/lib/python3.8/site-packages/airflow/example_dags/example_skip_dag.py
[2024-01-31T08:24:50.040+0000] {processor.py:840} INFO - DAG(s) 'example_skip_dag' retrieved from /home/airflow/.local/lib/python3.8/site-packages/airflow/example_dags/example_skip_dag.py
[2024-01-31T08:24:50.115+0000] {logging_mixin.py:188} INFO - [2024-01-31T08:24:50.114+0000] {dag.py:3036} INFO - Sync 1 DAGs
[2024-01-31T08:24:50.165+0000] {logging_mixin.py:188} INFO - [2024-01-31T08:24:50.164+0000] {dag.py:3823} INFO - Setting next_dagrun for example_skip_dag to 2024-01-30 00:00:00+00:00, run_after=2024-01-31 00:00:00+00:00
[2024-01-31T08:24:50.202+0000] {processor.py:183} INFO - Processing /home/airflow/.local/lib/python3.8/site-packages/airflow/example_dags/example_skip_dag.py took 0.207 seconds
[2024-01-31T08:25:20.697+0000] {processor.py:161} INFO - Started process (PID=384) to work on /home/airflow/.local/lib/python3.8/site-packages/airflow/example_dags/example_skip_dag.py
[2024-01-31T08:25:20.701+0000] {processor.py:830} INFO - Processing file /home/airflow/.local/lib/python3.8/site-packages/airflow/example_dags/example_skip_dag.py for tasks to queue
[2024-01-31T08:25:20.707+0000] {logging_mixin.py:188} INFO - [2024-01-31T08:25:20.706+0000] {dagbag.py:538} INFO - Filling up the DagBag from /home/airflow/.local/lib/python3.8/site-packages/airflow/example_dags/example_skip_dag.py
[2024-01-31T08:25:20.732+0000] {processor.py:840} INFO - DAG(s) 'example_skip_dag' retrieved from /home/airflow/.local/lib/python3.8/site-packages/airflow/example_dags/example_skip_dag.py
[2024-01-31T08:25:20.809+0000] {logging_mixin.py:188} INFO - [2024-01-31T08:25:20.808+0000] {dag.py:3036} INFO - Sync 1 DAGs
[2024-01-31T08:25:20.886+0000] {logging_mixin.py:188} INFO - [2024-01-31T08:25:20.886+0000] {dag.py:3823} INFO - Setting next_dagrun for example_skip_dag to 2024-01-30 00:00:00+00:00, run_after=2024-01-31 00:00:00+00:00
[2024-01-31T08:25:20.951+0000] {processor.py:183} INFO - Processing /home/airflow/.local/lib/python3.8/site-packages/airflow/example_dags/example_skip_dag.py took 0.265 seconds
[2024-01-31T08:25:51.041+0000] {processor.py:161} INFO - Started process (PID=439) to work on /home/airflow/.local/lib/python3.8/site-packages/airflow/example_dags/example_skip_dag.py
[2024-01-31T08:25:51.044+0000] {processor.py:830} INFO - Processing file /home/airflow/.local/lib/python3.8/site-packages/airflow/example_dags/example_skip_dag.py for tasks to queue
[2024-01-31T08:25:51.049+0000] {logging_mixin.py:188} INFO - [2024-01-31T08:25:51.048+0000] {dagbag.py:538} INFO - Filling up the DagBag from /home/airflow/.local/lib/python3.8/site-packages/airflow/example_dags/example_skip_dag.py
[2024-01-31T08:25:51.066+0000] {processor.py:840} INFO - DAG(s) 'example_skip_dag' retrieved from /home/airflow/.local/lib/python3.8/site-packages/airflow/example_dags/example_skip_dag.py
[2024-01-31T08:25:51.122+0000] {logging_mixin.py:188} INFO - [2024-01-31T08:25:51.121+0000] {dag.py:3036} INFO - Sync 1 DAGs
[2024-01-31T08:25:51.179+0000] {logging_mixin.py:188} INFO - [2024-01-31T08:25:51.178+0000] {dag.py:3823} INFO - Setting next_dagrun for example_skip_dag to 2024-01-30 00:00:00+00:00, run_after=2024-01-31 00:00:00+00:00
[2024-01-31T08:25:51.225+0000] {processor.py:183} INFO - Processing /home/airflow/.local/lib/python3.8/site-packages/airflow/example_dags/example_skip_dag.py took 0.191 seconds
