[2024-01-31T08:22:21.188+0000] {processor.py:161} INFO - Started process (PID=68) to work on /home/airflow/.local/lib/python3.8/site-packages/airflow/example_dags/example_latest_only_with_trigger.py
[2024-01-31T08:22:21.190+0000] {processor.py:830} INFO - Processing file /home/airflow/.local/lib/python3.8/site-packages/airflow/example_dags/example_latest_only_with_trigger.py for tasks to queue
[2024-01-31T08:22:21.194+0000] {logging_mixin.py:188} INFO - [2024-01-31T08:22:21.193+0000] {dagbag.py:538} INFO - Filling up the DagBag from /home/airflow/.local/lib/python3.8/site-packages/airflow/example_dags/example_latest_only_with_trigger.py
[2024-01-31T08:22:21.209+0000] {processor.py:840} INFO - DAG(s) 'latest_only_with_trigger' retrieved from /home/airflow/.local/lib/python3.8/site-packages/airflow/example_dags/example_latest_only_with_trigger.py
[2024-01-31T08:22:21.409+0000] {logging_mixin.py:188} INFO - [2024-01-31T08:22:21.409+0000] {dag.py:3036} INFO - Sync 1 DAGs
[2024-01-31T08:22:21.445+0000] {logging_mixin.py:188} INFO - [2024-01-31T08:22:21.445+0000] {dag.py:3823} INFO - Setting next_dagrun for latest_only_with_trigger to 2024-01-31 04:00:00+00:00, run_after=2024-01-31 08:00:00+00:00
[2024-01-31T08:22:21.481+0000] {processor.py:183} INFO - Processing /home/airflow/.local/lib/python3.8/site-packages/airflow/example_dags/example_latest_only_with_trigger.py took 0.300 seconds
[2024-01-31T08:22:52.054+0000] {processor.py:161} INFO - Started process (PID=123) to work on /home/airflow/.local/lib/python3.8/site-packages/airflow/example_dags/example_latest_only_with_trigger.py
[2024-01-31T08:22:52.056+0000] {processor.py:830} INFO - Processing file /home/airflow/.local/lib/python3.8/site-packages/airflow/example_dags/example_latest_only_with_trigger.py for tasks to queue
[2024-01-31T08:22:52.058+0000] {logging_mixin.py:188} INFO - [2024-01-31T08:22:52.058+0000] {dagbag.py:538} INFO - Filling up the DagBag from /home/airflow/.local/lib/python3.8/site-packages/airflow/example_dags/example_latest_only_with_trigger.py
[2024-01-31T08:22:52.066+0000] {processor.py:840} INFO - DAG(s) 'latest_only_with_trigger' retrieved from /home/airflow/.local/lib/python3.8/site-packages/airflow/example_dags/example_latest_only_with_trigger.py
[2024-01-31T08:22:52.095+0000] {logging_mixin.py:188} INFO - [2024-01-31T08:22:52.095+0000] {dag.py:3036} INFO - Sync 1 DAGs
[2024-01-31T08:22:52.128+0000] {logging_mixin.py:188} INFO - [2024-01-31T08:22:52.127+0000] {dag.py:3823} INFO - Setting next_dagrun for latest_only_with_trigger to 2024-01-31 04:00:00+00:00, run_after=2024-01-31 08:00:00+00:00
[2024-01-31T08:22:52.155+0000] {processor.py:183} INFO - Processing /home/airflow/.local/lib/python3.8/site-packages/airflow/example_dags/example_latest_only_with_trigger.py took 0.105 seconds
[2024-01-31T08:23:23.027+0000] {processor.py:161} INFO - Started process (PID=178) to work on /home/airflow/.local/lib/python3.8/site-packages/airflow/example_dags/example_latest_only_with_trigger.py
[2024-01-31T08:23:23.031+0000] {processor.py:830} INFO - Processing file /home/airflow/.local/lib/python3.8/site-packages/airflow/example_dags/example_latest_only_with_trigger.py for tasks to queue
[2024-01-31T08:23:23.039+0000] {logging_mixin.py:188} INFO - [2024-01-31T08:23:23.038+0000] {dagbag.py:538} INFO - Filling up the DagBag from /home/airflow/.local/lib/python3.8/site-packages/airflow/example_dags/example_latest_only_with_trigger.py
[2024-01-31T08:23:23.065+0000] {processor.py:840} INFO - DAG(s) 'latest_only_with_trigger' retrieved from /home/airflow/.local/lib/python3.8/site-packages/airflow/example_dags/example_latest_only_with_trigger.py
[2024-01-31T08:23:23.165+0000] {logging_mixin.py:188} INFO - [2024-01-31T08:23:23.164+0000] {dag.py:3036} INFO - Sync 1 DAGs
[2024-01-31T08:23:23.202+0000] {logging_mixin.py:188} INFO - [2024-01-31T08:23:23.201+0000] {dag.py:3823} INFO - Setting next_dagrun for latest_only_with_trigger to 2024-01-31 04:00:00+00:00, run_after=2024-01-31 08:00:00+00:00
[2024-01-31T08:23:23.244+0000] {processor.py:183} INFO - Processing /home/airflow/.local/lib/python3.8/site-packages/airflow/example_dags/example_latest_only_with_trigger.py took 0.232 seconds
[2024-01-31T08:23:53.410+0000] {processor.py:161} INFO - Started process (PID=233) to work on /home/airflow/.local/lib/python3.8/site-packages/airflow/example_dags/example_latest_only_with_trigger.py
[2024-01-31T08:23:53.413+0000] {processor.py:830} INFO - Processing file /home/airflow/.local/lib/python3.8/site-packages/airflow/example_dags/example_latest_only_with_trigger.py for tasks to queue
[2024-01-31T08:23:53.417+0000] {logging_mixin.py:188} INFO - [2024-01-31T08:23:53.417+0000] {dagbag.py:538} INFO - Filling up the DagBag from /home/airflow/.local/lib/python3.8/site-packages/airflow/example_dags/example_latest_only_with_trigger.py
[2024-01-31T08:23:53.434+0000] {processor.py:840} INFO - DAG(s) 'latest_only_with_trigger' retrieved from /home/airflow/.local/lib/python3.8/site-packages/airflow/example_dags/example_latest_only_with_trigger.py
[2024-01-31T08:23:53.476+0000] {logging_mixin.py:188} INFO - [2024-01-31T08:23:53.475+0000] {dag.py:3036} INFO - Sync 1 DAGs
[2024-01-31T08:23:53.516+0000] {logging_mixin.py:188} INFO - [2024-01-31T08:23:53.516+0000] {dag.py:3823} INFO - Setting next_dagrun for latest_only_with_trigger to 2024-01-31 04:00:00+00:00, run_after=2024-01-31 08:00:00+00:00
[2024-01-31T08:23:53.548+0000] {processor.py:183} INFO - Processing /home/airflow/.local/lib/python3.8/site-packages/airflow/example_dags/example_latest_only_with_trigger.py took 0.145 seconds
[2024-01-31T08:24:24.186+0000] {processor.py:161} INFO - Started process (PID=288) to work on /home/airflow/.local/lib/python3.8/site-packages/airflow/example_dags/example_latest_only_with_trigger.py
[2024-01-31T08:24:24.188+0000] {processor.py:830} INFO - Processing file /home/airflow/.local/lib/python3.8/site-packages/airflow/example_dags/example_latest_only_with_trigger.py for tasks to queue
[2024-01-31T08:24:24.191+0000] {logging_mixin.py:188} INFO - [2024-01-31T08:24:24.191+0000] {dagbag.py:538} INFO - Filling up the DagBag from /home/airflow/.local/lib/python3.8/site-packages/airflow/example_dags/example_latest_only_with_trigger.py
[2024-01-31T08:24:24.202+0000] {processor.py:840} INFO - DAG(s) 'latest_only_with_trigger' retrieved from /home/airflow/.local/lib/python3.8/site-packages/airflow/example_dags/example_latest_only_with_trigger.py
[2024-01-31T08:24:24.248+0000] {logging_mixin.py:188} INFO - [2024-01-31T08:24:24.248+0000] {dag.py:3036} INFO - Sync 1 DAGs
[2024-01-31T08:24:24.302+0000] {logging_mixin.py:188} INFO - [2024-01-31T08:24:24.302+0000] {dag.py:3823} INFO - Setting next_dagrun for latest_only_with_trigger to 2024-01-31 04:00:00+00:00, run_after=2024-01-31 08:00:00+00:00
[2024-01-31T08:24:24.348+0000] {processor.py:183} INFO - Processing /home/airflow/.local/lib/python3.8/site-packages/airflow/example_dags/example_latest_only_with_trigger.py took 0.169 seconds
[2024-01-31T08:24:54.664+0000] {processor.py:161} INFO - Started process (PID=343) to work on /home/airflow/.local/lib/python3.8/site-packages/airflow/example_dags/example_latest_only_with_trigger.py
[2024-01-31T08:24:54.666+0000] {processor.py:830} INFO - Processing file /home/airflow/.local/lib/python3.8/site-packages/airflow/example_dags/example_latest_only_with_trigger.py for tasks to queue
[2024-01-31T08:24:54.668+0000] {logging_mixin.py:188} INFO - [2024-01-31T08:24:54.668+0000] {dagbag.py:538} INFO - Filling up the DagBag from /home/airflow/.local/lib/python3.8/site-packages/airflow/example_dags/example_latest_only_with_trigger.py
[2024-01-31T08:24:54.677+0000] {processor.py:840} INFO - DAG(s) 'latest_only_with_trigger' retrieved from /home/airflow/.local/lib/python3.8/site-packages/airflow/example_dags/example_latest_only_with_trigger.py
[2024-01-31T08:24:54.708+0000] {logging_mixin.py:188} INFO - [2024-01-31T08:24:54.708+0000] {dag.py:3036} INFO - Sync 1 DAGs
[2024-01-31T08:24:54.740+0000] {logging_mixin.py:188} INFO - [2024-01-31T08:24:54.740+0000] {dag.py:3823} INFO - Setting next_dagrun for latest_only_with_trigger to 2024-01-31 04:00:00+00:00, run_after=2024-01-31 08:00:00+00:00
[2024-01-31T08:24:54.769+0000] {processor.py:183} INFO - Processing /home/airflow/.local/lib/python3.8/site-packages/airflow/example_dags/example_latest_only_with_trigger.py took 0.109 seconds
[2024-01-31T08:25:26.228+0000] {processor.py:161} INFO - Started process (PID=398) to work on /home/airflow/.local/lib/python3.8/site-packages/airflow/example_dags/example_latest_only_with_trigger.py
[2024-01-31T08:25:26.233+0000] {processor.py:830} INFO - Processing file /home/airflow/.local/lib/python3.8/site-packages/airflow/example_dags/example_latest_only_with_trigger.py for tasks to queue
[2024-01-31T08:25:26.248+0000] {logging_mixin.py:188} INFO - [2024-01-31T08:25:26.246+0000] {dagbag.py:538} INFO - Filling up the DagBag from /home/airflow/.local/lib/python3.8/site-packages/airflow/example_dags/example_latest_only_with_trigger.py
[2024-01-31T08:25:26.272+0000] {processor.py:840} INFO - DAG(s) 'latest_only_with_trigger' retrieved from /home/airflow/.local/lib/python3.8/site-packages/airflow/example_dags/example_latest_only_with_trigger.py
[2024-01-31T08:25:26.380+0000] {logging_mixin.py:188} INFO - [2024-01-31T08:25:26.379+0000] {dag.py:3036} INFO - Sync 1 DAGs
[2024-01-31T08:25:26.472+0000] {logging_mixin.py:188} INFO - [2024-01-31T08:25:26.471+0000] {dag.py:3823} INFO - Setting next_dagrun for latest_only_with_trigger to 2024-01-31 04:00:00+00:00, run_after=2024-01-31 08:00:00+00:00
[2024-01-31T08:25:26.545+0000] {processor.py:183} INFO - Processing /home/airflow/.local/lib/python3.8/site-packages/airflow/example_dags/example_latest_only_with_trigger.py took 0.333 seconds
