[2024-01-31T08:22:23.499+0000] {processor.py:161} INFO - Started process (PID=81) to work on /home/airflow/.local/lib/python3.8/site-packages/airflow/example_dags/example_params_trigger_ui.py
[2024-01-31T08:22:23.500+0000] {processor.py:830} INFO - Processing file /home/airflow/.local/lib/python3.8/site-packages/airflow/example_dags/example_params_trigger_ui.py for tasks to queue
[2024-01-31T08:22:23.503+0000] {logging_mixin.py:188} INFO - [2024-01-31T08:22:23.503+0000] {dagbag.py:538} INFO - Filling up the DagBag from /home/airflow/.local/lib/python3.8/site-packages/airflow/example_dags/example_params_trigger_ui.py
[2024-01-31T08:22:23.527+0000] {processor.py:840} INFO - DAG(s) 'example_params_trigger_ui' retrieved from /home/airflow/.local/lib/python3.8/site-packages/airflow/example_dags/example_params_trigger_ui.py
[2024-01-31T08:22:23.744+0000] {logging_mixin.py:188} INFO - [2024-01-31T08:22:23.744+0000] {dag.py:3036} INFO - Sync 1 DAGs
[2024-01-31T08:22:23.760+0000] {logging_mixin.py:188} INFO - [2024-01-31T08:22:23.759+0000] {dag.py:3823} INFO - Setting next_dagrun for example_params_trigger_ui to None, run_after=None
[2024-01-31T08:22:23.790+0000] {processor.py:183} INFO - Processing /home/airflow/.local/lib/python3.8/site-packages/airflow/example_dags/example_params_trigger_ui.py took 0.296 seconds
[2024-01-31T08:22:54.244+0000] {processor.py:161} INFO - Started process (PID=136) to work on /home/airflow/.local/lib/python3.8/site-packages/airflow/example_dags/example_params_trigger_ui.py
[2024-01-31T08:22:54.246+0000] {processor.py:830} INFO - Processing file /home/airflow/.local/lib/python3.8/site-packages/airflow/example_dags/example_params_trigger_ui.py for tasks to queue
[2024-01-31T08:22:54.248+0000] {logging_mixin.py:188} INFO - [2024-01-31T08:22:54.248+0000] {dagbag.py:538} INFO - Filling up the DagBag from /home/airflow/.local/lib/python3.8/site-packages/airflow/example_dags/example_params_trigger_ui.py
[2024-01-31T08:22:54.267+0000] {processor.py:840} INFO - DAG(s) 'example_params_trigger_ui' retrieved from /home/airflow/.local/lib/python3.8/site-packages/airflow/example_dags/example_params_trigger_ui.py
[2024-01-31T08:22:54.348+0000] {logging_mixin.py:188} INFO - [2024-01-31T08:22:54.347+0000] {dag.py:3036} INFO - Sync 1 DAGs
[2024-01-31T08:22:54.366+0000] {logging_mixin.py:188} INFO - [2024-01-31T08:22:54.366+0000] {dag.py:3823} INFO - Setting next_dagrun for example_params_trigger_ui to None, run_after=None
[2024-01-31T08:22:54.395+0000] {processor.py:183} INFO - Processing /home/airflow/.local/lib/python3.8/site-packages/airflow/example_dags/example_params_trigger_ui.py took 0.155 seconds
[2024-01-31T08:23:25.033+0000] {processor.py:161} INFO - Started process (PID=190) to work on /home/airflow/.local/lib/python3.8/site-packages/airflow/example_dags/example_params_trigger_ui.py
[2024-01-31T08:23:25.036+0000] {processor.py:830} INFO - Processing file /home/airflow/.local/lib/python3.8/site-packages/airflow/example_dags/example_params_trigger_ui.py for tasks to queue
[2024-01-31T08:23:25.040+0000] {logging_mixin.py:188} INFO - [2024-01-31T08:23:25.039+0000] {dagbag.py:538} INFO - Filling up the DagBag from /home/airflow/.local/lib/python3.8/site-packages/airflow/example_dags/example_params_trigger_ui.py
[2024-01-31T08:23:25.072+0000] {processor.py:840} INFO - DAG(s) 'example_params_trigger_ui' retrieved from /home/airflow/.local/lib/python3.8/site-packages/airflow/example_dags/example_params_trigger_ui.py
[2024-01-31T08:23:25.243+0000] {logging_mixin.py:188} INFO - [2024-01-31T08:23:25.243+0000] {dag.py:3036} INFO - Sync 1 DAGs
[2024-01-31T08:23:25.272+0000] {logging_mixin.py:188} INFO - [2024-01-31T08:23:25.272+0000] {dag.py:3823} INFO - Setting next_dagrun for example_params_trigger_ui to None, run_after=None
[2024-01-31T08:23:25.311+0000] {processor.py:183} INFO - Processing /home/airflow/.local/lib/python3.8/site-packages/airflow/example_dags/example_params_trigger_ui.py took 0.285 seconds
[2024-01-31T08:23:55.599+0000] {processor.py:161} INFO - Started process (PID=245) to work on /home/airflow/.local/lib/python3.8/site-packages/airflow/example_dags/example_params_trigger_ui.py
[2024-01-31T08:23:55.601+0000] {processor.py:830} INFO - Processing file /home/airflow/.local/lib/python3.8/site-packages/airflow/example_dags/example_params_trigger_ui.py for tasks to queue
[2024-01-31T08:23:55.604+0000] {logging_mixin.py:188} INFO - [2024-01-31T08:23:55.604+0000] {dagbag.py:538} INFO - Filling up the DagBag from /home/airflow/.local/lib/python3.8/site-packages/airflow/example_dags/example_params_trigger_ui.py
[2024-01-31T08:23:55.628+0000] {processor.py:840} INFO - DAG(s) 'example_params_trigger_ui' retrieved from /home/airflow/.local/lib/python3.8/site-packages/airflow/example_dags/example_params_trigger_ui.py
[2024-01-31T08:23:55.742+0000] {logging_mixin.py:188} INFO - [2024-01-31T08:23:55.742+0000] {dag.py:3036} INFO - Sync 1 DAGs
[2024-01-31T08:23:55.765+0000] {logging_mixin.py:188} INFO - [2024-01-31T08:23:55.765+0000] {dag.py:3823} INFO - Setting next_dagrun for example_params_trigger_ui to None, run_after=None
[2024-01-31T08:23:55.803+0000] {processor.py:183} INFO - Processing /home/airflow/.local/lib/python3.8/site-packages/airflow/example_dags/example_params_trigger_ui.py took 0.209 seconds
[2024-01-31T08:24:26.465+0000] {processor.py:161} INFO - Started process (PID=300) to work on /home/airflow/.local/lib/python3.8/site-packages/airflow/example_dags/example_params_trigger_ui.py
[2024-01-31T08:24:26.466+0000] {processor.py:830} INFO - Processing file /home/airflow/.local/lib/python3.8/site-packages/airflow/example_dags/example_params_trigger_ui.py for tasks to queue
[2024-01-31T08:24:26.469+0000] {logging_mixin.py:188} INFO - [2024-01-31T08:24:26.469+0000] {dagbag.py:538} INFO - Filling up the DagBag from /home/airflow/.local/lib/python3.8/site-packages/airflow/example_dags/example_params_trigger_ui.py
[2024-01-31T08:24:26.490+0000] {processor.py:840} INFO - DAG(s) 'example_params_trigger_ui' retrieved from /home/airflow/.local/lib/python3.8/site-packages/airflow/example_dags/example_params_trigger_ui.py
[2024-01-31T08:24:26.572+0000] {logging_mixin.py:188} INFO - [2024-01-31T08:24:26.571+0000] {dag.py:3036} INFO - Sync 1 DAGs
[2024-01-31T08:24:26.589+0000] {logging_mixin.py:188} INFO - [2024-01-31T08:24:26.589+0000] {dag.py:3823} INFO - Setting next_dagrun for example_params_trigger_ui to None, run_after=None
[2024-01-31T08:24:26.636+0000] {processor.py:183} INFO - Processing /home/airflow/.local/lib/python3.8/site-packages/airflow/example_dags/example_params_trigger_ui.py took 0.178 seconds
[2024-01-31T08:24:57.242+0000] {processor.py:161} INFO - Started process (PID=355) to work on /home/airflow/.local/lib/python3.8/site-packages/airflow/example_dags/example_params_trigger_ui.py
[2024-01-31T08:24:57.246+0000] {processor.py:830} INFO - Processing file /home/airflow/.local/lib/python3.8/site-packages/airflow/example_dags/example_params_trigger_ui.py for tasks to queue
[2024-01-31T08:24:57.252+0000] {logging_mixin.py:188} INFO - [2024-01-31T08:24:57.251+0000] {dagbag.py:538} INFO - Filling up the DagBag from /home/airflow/.local/lib/python3.8/site-packages/airflow/example_dags/example_params_trigger_ui.py
[2024-01-31T08:24:57.305+0000] {processor.py:840} INFO - DAG(s) 'example_params_trigger_ui' retrieved from /home/airflow/.local/lib/python3.8/site-packages/airflow/example_dags/example_params_trigger_ui.py
[2024-01-31T08:24:57.452+0000] {logging_mixin.py:188} INFO - [2024-01-31T08:24:57.452+0000] {dag.py:3036} INFO - Sync 1 DAGs
[2024-01-31T08:24:57.472+0000] {logging_mixin.py:188} INFO - [2024-01-31T08:24:57.471+0000] {dag.py:3823} INFO - Setting next_dagrun for example_params_trigger_ui to None, run_after=None
[2024-01-31T08:24:57.512+0000] {processor.py:183} INFO - Processing /home/airflow/.local/lib/python3.8/site-packages/airflow/example_dags/example_params_trigger_ui.py took 0.282 seconds
[2024-01-31T08:25:28.336+0000] {processor.py:161} INFO - Started process (PID=411) to work on /home/airflow/.local/lib/python3.8/site-packages/airflow/example_dags/example_params_trigger_ui.py
[2024-01-31T08:25:28.338+0000] {processor.py:830} INFO - Processing file /home/airflow/.local/lib/python3.8/site-packages/airflow/example_dags/example_params_trigger_ui.py for tasks to queue
[2024-01-31T08:25:28.341+0000] {logging_mixin.py:188} INFO - [2024-01-31T08:25:28.340+0000] {dagbag.py:538} INFO - Filling up the DagBag from /home/airflow/.local/lib/python3.8/site-packages/airflow/example_dags/example_params_trigger_ui.py
[2024-01-31T08:25:28.362+0000] {processor.py:840} INFO - DAG(s) 'example_params_trigger_ui' retrieved from /home/airflow/.local/lib/python3.8/site-packages/airflow/example_dags/example_params_trigger_ui.py
[2024-01-31T08:25:28.461+0000] {logging_mixin.py:188} INFO - [2024-01-31T08:25:28.461+0000] {dag.py:3036} INFO - Sync 1 DAGs
[2024-01-31T08:25:28.482+0000] {logging_mixin.py:188} INFO - [2024-01-31T08:25:28.482+0000] {dag.py:3823} INFO - Setting next_dagrun for example_params_trigger_ui to None, run_after=None
[2024-01-31T08:25:28.516+0000] {processor.py:183} INFO - Processing /home/airflow/.local/lib/python3.8/site-packages/airflow/example_dags/example_params_trigger_ui.py took 0.183 seconds
