[2024-01-31T08:22:19.467+0000] {processor.py:161} INFO - Started process (PID=60) to work on /home/airflow/.local/lib/python3.8/site-packages/airflow/example_dags/example_sensors.py
[2024-01-31T08:22:19.471+0000] {processor.py:830} INFO - Processing file /home/airflow/.local/lib/python3.8/site-packages/airflow/example_dags/example_sensors.py for tasks to queue
[2024-01-31T08:22:19.478+0000] {logging_mixin.py:188} INFO - [2024-01-31T08:22:19.477+0000] {dagbag.py:538} INFO - Filling up the DagBag from /home/airflow/.local/lib/python3.8/site-packages/airflow/example_dags/example_sensors.py
[2024-01-31T08:22:19.508+0000] {processor.py:840} INFO - DAG(s) 'example_sensors' retrieved from /home/airflow/.local/lib/python3.8/site-packages/airflow/example_dags/example_sensors.py
[2024-01-31T08:22:19.805+0000] {logging_mixin.py:188} INFO - [2024-01-31T08:22:19.805+0000] {dag.py:3036} INFO - Sync 1 DAGs
[2024-01-31T08:22:19.830+0000] {logging_mixin.py:188} INFO - [2024-01-31T08:22:19.829+0000] {dag.py:3823} INFO - Setting next_dagrun for example_sensors to None, run_after=None
[2024-01-31T08:22:19.871+0000] {processor.py:183} INFO - Processing /home/airflow/.local/lib/python3.8/site-packages/airflow/example_dags/example_sensors.py took 0.414 seconds
[2024-01-31T08:22:49.973+0000] {processor.py:161} INFO - Started process (PID=115) to work on /home/airflow/.local/lib/python3.8/site-packages/airflow/example_dags/example_sensors.py
[2024-01-31T08:22:49.977+0000] {processor.py:830} INFO - Processing file /home/airflow/.local/lib/python3.8/site-packages/airflow/example_dags/example_sensors.py for tasks to queue
[2024-01-31T08:22:49.983+0000] {logging_mixin.py:188} INFO - [2024-01-31T08:22:49.982+0000] {dagbag.py:538} INFO - Filling up the DagBag from /home/airflow/.local/lib/python3.8/site-packages/airflow/example_dags/example_sensors.py
[2024-01-31T08:22:50.020+0000] {processor.py:840} INFO - DAG(s) 'example_sensors' retrieved from /home/airflow/.local/lib/python3.8/site-packages/airflow/example_dags/example_sensors.py
[2024-01-31T08:22:50.103+0000] {logging_mixin.py:188} INFO - [2024-01-31T08:22:50.102+0000] {dag.py:3036} INFO - Sync 1 DAGs
[2024-01-31T08:22:50.126+0000] {logging_mixin.py:188} INFO - [2024-01-31T08:22:50.126+0000] {dag.py:3823} INFO - Setting next_dagrun for example_sensors to None, run_after=None
[2024-01-31T08:22:50.164+0000] {processor.py:183} INFO - Processing /home/airflow/.local/lib/python3.8/site-packages/airflow/example_dags/example_sensors.py took 0.203 seconds
[2024-01-31T08:23:20.636+0000] {processor.py:161} INFO - Started process (PID=170) to work on /home/airflow/.local/lib/python3.8/site-packages/airflow/example_dags/example_sensors.py
[2024-01-31T08:23:20.640+0000] {processor.py:830} INFO - Processing file /home/airflow/.local/lib/python3.8/site-packages/airflow/example_dags/example_sensors.py for tasks to queue
[2024-01-31T08:23:20.647+0000] {logging_mixin.py:188} INFO - [2024-01-31T08:23:20.646+0000] {dagbag.py:538} INFO - Filling up the DagBag from /home/airflow/.local/lib/python3.8/site-packages/airflow/example_dags/example_sensors.py
[2024-01-31T08:23:20.690+0000] {processor.py:840} INFO - DAG(s) 'example_sensors' retrieved from /home/airflow/.local/lib/python3.8/site-packages/airflow/example_dags/example_sensors.py
[2024-01-31T08:23:20.806+0000] {logging_mixin.py:188} INFO - [2024-01-31T08:23:20.805+0000] {dag.py:3036} INFO - Sync 1 DAGs
[2024-01-31T08:23:20.836+0000] {logging_mixin.py:188} INFO - [2024-01-31T08:23:20.835+0000] {dag.py:3823} INFO - Setting next_dagrun for example_sensors to None, run_after=None
[2024-01-31T08:23:20.879+0000] {processor.py:183} INFO - Processing /home/airflow/.local/lib/python3.8/site-packages/airflow/example_dags/example_sensors.py took 0.252 seconds
[2024-01-31T08:23:51.624+0000] {processor.py:161} INFO - Started process (PID=225) to work on /home/airflow/.local/lib/python3.8/site-packages/airflow/example_dags/example_sensors.py
[2024-01-31T08:23:51.627+0000] {processor.py:830} INFO - Processing file /home/airflow/.local/lib/python3.8/site-packages/airflow/example_dags/example_sensors.py for tasks to queue
[2024-01-31T08:23:51.631+0000] {logging_mixin.py:188} INFO - [2024-01-31T08:23:51.630+0000] {dagbag.py:538} INFO - Filling up the DagBag from /home/airflow/.local/lib/python3.8/site-packages/airflow/example_dags/example_sensors.py
[2024-01-31T08:23:51.656+0000] {processor.py:840} INFO - DAG(s) 'example_sensors' retrieved from /home/airflow/.local/lib/python3.8/site-packages/airflow/example_dags/example_sensors.py
[2024-01-31T08:23:51.723+0000] {logging_mixin.py:188} INFO - [2024-01-31T08:23:51.723+0000] {dag.py:3036} INFO - Sync 1 DAGs
[2024-01-31T08:23:51.762+0000] {logging_mixin.py:188} INFO - [2024-01-31T08:23:51.761+0000] {dag.py:3823} INFO - Setting next_dagrun for example_sensors to None, run_after=None
[2024-01-31T08:23:51.820+0000] {processor.py:183} INFO - Processing /home/airflow/.local/lib/python3.8/site-packages/airflow/example_dags/example_sensors.py took 0.208 seconds
[2024-01-31T08:24:21.964+0000] {processor.py:161} INFO - Started process (PID=279) to work on /home/airflow/.local/lib/python3.8/site-packages/airflow/example_dags/example_sensors.py
[2024-01-31T08:24:21.968+0000] {processor.py:830} INFO - Processing file /home/airflow/.local/lib/python3.8/site-packages/airflow/example_dags/example_sensors.py for tasks to queue
[2024-01-31T08:24:21.975+0000] {logging_mixin.py:188} INFO - [2024-01-31T08:24:21.973+0000] {dagbag.py:538} INFO - Filling up the DagBag from /home/airflow/.local/lib/python3.8/site-packages/airflow/example_dags/example_sensors.py
[2024-01-31T08:24:22.008+0000] {processor.py:840} INFO - DAG(s) 'example_sensors' retrieved from /home/airflow/.local/lib/python3.8/site-packages/airflow/example_dags/example_sensors.py
[2024-01-31T08:24:22.087+0000] {logging_mixin.py:188} INFO - [2024-01-31T08:24:22.087+0000] {dag.py:3036} INFO - Sync 1 DAGs
[2024-01-31T08:24:22.120+0000] {logging_mixin.py:188} INFO - [2024-01-31T08:24:22.120+0000] {dag.py:3823} INFO - Setting next_dagrun for example_sensors to None, run_after=None
[2024-01-31T08:24:22.176+0000] {processor.py:183} INFO - Processing /home/airflow/.local/lib/python3.8/site-packages/airflow/example_dags/example_sensors.py took 0.223 seconds
[2024-01-31T08:24:52.604+0000] {processor.py:161} INFO - Started process (PID=334) to work on /home/airflow/.local/lib/python3.8/site-packages/airflow/example_dags/example_sensors.py
[2024-01-31T08:24:52.607+0000] {processor.py:830} INFO - Processing file /home/airflow/.local/lib/python3.8/site-packages/airflow/example_dags/example_sensors.py for tasks to queue
[2024-01-31T08:24:52.612+0000] {logging_mixin.py:188} INFO - [2024-01-31T08:24:52.611+0000] {dagbag.py:538} INFO - Filling up the DagBag from /home/airflow/.local/lib/python3.8/site-packages/airflow/example_dags/example_sensors.py
[2024-01-31T08:24:52.634+0000] {processor.py:840} INFO - DAG(s) 'example_sensors' retrieved from /home/airflow/.local/lib/python3.8/site-packages/airflow/example_dags/example_sensors.py
[2024-01-31T08:24:52.699+0000] {logging_mixin.py:188} INFO - [2024-01-31T08:24:52.698+0000] {dag.py:3036} INFO - Sync 1 DAGs
[2024-01-31T08:24:52.728+0000] {logging_mixin.py:188} INFO - [2024-01-31T08:24:52.727+0000] {dag.py:3823} INFO - Setting next_dagrun for example_sensors to None, run_after=None
[2024-01-31T08:24:52.775+0000] {processor.py:183} INFO - Processing /home/airflow/.local/lib/python3.8/site-packages/airflow/example_dags/example_sensors.py took 0.179 seconds
[2024-01-31T08:25:23.407+0000] {processor.py:161} INFO - Started process (PID=390) to work on /home/airflow/.local/lib/python3.8/site-packages/airflow/example_dags/example_sensors.py
[2024-01-31T08:25:23.409+0000] {processor.py:830} INFO - Processing file /home/airflow/.local/lib/python3.8/site-packages/airflow/example_dags/example_sensors.py for tasks to queue
[2024-01-31T08:25:23.414+0000] {logging_mixin.py:188} INFO - [2024-01-31T08:25:23.413+0000] {dagbag.py:538} INFO - Filling up the DagBag from /home/airflow/.local/lib/python3.8/site-packages/airflow/example_dags/example_sensors.py
[2024-01-31T08:25:23.438+0000] {processor.py:840} INFO - DAG(s) 'example_sensors' retrieved from /home/airflow/.local/lib/python3.8/site-packages/airflow/example_dags/example_sensors.py
[2024-01-31T08:25:23.504+0000] {logging_mixin.py:188} INFO - [2024-01-31T08:25:23.503+0000] {dag.py:3036} INFO - Sync 1 DAGs
[2024-01-31T08:25:23.534+0000] {logging_mixin.py:188} INFO - [2024-01-31T08:25:23.534+0000] {dag.py:3823} INFO - Setting next_dagrun for example_sensors to None, run_after=None
[2024-01-31T08:25:23.583+0000] {processor.py:183} INFO - Processing /home/airflow/.local/lib/python3.8/site-packages/airflow/example_dags/example_sensors.py took 0.184 seconds
[2024-01-31T08:25:53.729+0000] {processor.py:161} INFO - Started process (PID=445) to work on /home/airflow/.local/lib/python3.8/site-packages/airflow/example_dags/example_sensors.py
[2024-01-31T08:25:53.730+0000] {processor.py:830} INFO - Processing file /home/airflow/.local/lib/python3.8/site-packages/airflow/example_dags/example_sensors.py for tasks to queue
[2024-01-31T08:25:53.733+0000] {logging_mixin.py:188} INFO - [2024-01-31T08:25:53.733+0000] {dagbag.py:538} INFO - Filling up the DagBag from /home/airflow/.local/lib/python3.8/site-packages/airflow/example_dags/example_sensors.py
[2024-01-31T08:25:53.749+0000] {processor.py:840} INFO - DAG(s) 'example_sensors' retrieved from /home/airflow/.local/lib/python3.8/site-packages/airflow/example_dags/example_sensors.py
[2024-01-31T08:25:53.793+0000] {logging_mixin.py:188} INFO - [2024-01-31T08:25:53.792+0000] {dag.py:3036} INFO - Sync 1 DAGs
[2024-01-31T08:25:53.820+0000] {logging_mixin.py:188} INFO - [2024-01-31T08:25:53.820+0000] {dag.py:3823} INFO - Setting next_dagrun for example_sensors to None, run_after=None
[2024-01-31T08:25:53.864+0000] {processor.py:183} INFO - Processing /home/airflow/.local/lib/python3.8/site-packages/airflow/example_dags/example_sensors.py took 0.142 seconds
