[2024-01-31T08:22:16.174+0000] {processor.py:161} INFO - Started process (PID=53) to work on /home/airflow/.local/lib/python3.8/site-packages/airflow/example_dags/example_task_group_decorator.py
[2024-01-31T08:22:16.182+0000] {processor.py:830} INFO - Processing file /home/airflow/.local/lib/python3.8/site-packages/airflow/example_dags/example_task_group_decorator.py for tasks to queue
[2024-01-31T08:22:16.187+0000] {logging_mixin.py:188} INFO - [2024-01-31T08:22:16.187+0000] {dagbag.py:538} INFO - Filling up the DagBag from /home/airflow/.local/lib/python3.8/site-packages/airflow/example_dags/example_task_group_decorator.py
[2024-01-31T08:22:16.267+0000] {processor.py:840} INFO - DAG(s) 'example_task_group_decorator' retrieved from /home/airflow/.local/lib/python3.8/site-packages/airflow/example_dags/example_task_group_decorator.py
[2024-01-31T08:22:16.555+0000] {logging_mixin.py:188} INFO - [2024-01-31T08:22:16.554+0000] {dag.py:3036} INFO - Sync 1 DAGs
[2024-01-31T08:22:16.614+0000] {logging_mixin.py:188} INFO - [2024-01-31T08:22:16.613+0000] {dag.py:3823} INFO - Setting next_dagrun for example_task_group_decorator to 2024-01-30 00:00:00+00:00, run_after=2024-01-31 00:00:00+00:00
[2024-01-31T08:22:16.688+0000] {processor.py:183} INFO - Processing /home/airflow/.local/lib/python3.8/site-packages/airflow/example_dags/example_task_group_decorator.py took 0.521 seconds
[2024-01-31T08:22:46.873+0000] {processor.py:161} INFO - Started process (PID=108) to work on /home/airflow/.local/lib/python3.8/site-packages/airflow/example_dags/example_task_group_decorator.py
[2024-01-31T08:22:46.878+0000] {processor.py:830} INFO - Processing file /home/airflow/.local/lib/python3.8/site-packages/airflow/example_dags/example_task_group_decorator.py for tasks to queue
[2024-01-31T08:22:46.886+0000] {logging_mixin.py:188} INFO - [2024-01-31T08:22:46.884+0000] {dagbag.py:538} INFO - Filling up the DagBag from /home/airflow/.local/lib/python3.8/site-packages/airflow/example_dags/example_task_group_decorator.py
[2024-01-31T08:22:46.945+0000] {processor.py:840} INFO - DAG(s) 'example_task_group_decorator' retrieved from /home/airflow/.local/lib/python3.8/site-packages/airflow/example_dags/example_task_group_decorator.py
[2024-01-31T08:22:47.036+0000] {logging_mixin.py:188} INFO - [2024-01-31T08:22:47.035+0000] {dag.py:3036} INFO - Sync 1 DAGs
[2024-01-31T08:22:47.069+0000] {logging_mixin.py:188} INFO - [2024-01-31T08:22:47.068+0000] {dag.py:3823} INFO - Setting next_dagrun for example_task_group_decorator to 2024-01-30 00:00:00+00:00, run_after=2024-01-31 00:00:00+00:00
[2024-01-31T08:22:47.094+0000] {processor.py:183} INFO - Processing /home/airflow/.local/lib/python3.8/site-packages/airflow/example_dags/example_task_group_decorator.py took 0.236 seconds
[2024-01-31T08:23:17.503+0000] {processor.py:161} INFO - Started process (PID=163) to work on /home/airflow/.local/lib/python3.8/site-packages/airflow/example_dags/example_task_group_decorator.py
[2024-01-31T08:23:17.507+0000] {processor.py:830} INFO - Processing file /home/airflow/.local/lib/python3.8/site-packages/airflow/example_dags/example_task_group_decorator.py for tasks to queue
[2024-01-31T08:23:17.514+0000] {logging_mixin.py:188} INFO - [2024-01-31T08:23:17.513+0000] {dagbag.py:538} INFO - Filling up the DagBag from /home/airflow/.local/lib/python3.8/site-packages/airflow/example_dags/example_task_group_decorator.py
[2024-01-31T08:23:17.580+0000] {processor.py:840} INFO - DAG(s) 'example_task_group_decorator' retrieved from /home/airflow/.local/lib/python3.8/site-packages/airflow/example_dags/example_task_group_decorator.py
[2024-01-31T08:23:17.690+0000] {logging_mixin.py:188} INFO - [2024-01-31T08:23:17.690+0000] {dag.py:3036} INFO - Sync 1 DAGs
[2024-01-31T08:23:17.784+0000] {logging_mixin.py:188} INFO - [2024-01-31T08:23:17.783+0000] {dag.py:3823} INFO - Setting next_dagrun for example_task_group_decorator to 2024-01-30 00:00:00+00:00, run_after=2024-01-31 00:00:00+00:00
[2024-01-31T08:23:17.863+0000] {processor.py:183} INFO - Processing /home/airflow/.local/lib/python3.8/site-packages/airflow/example_dags/example_task_group_decorator.py took 0.374 seconds
[2024-01-31T08:23:47.961+0000] {processor.py:161} INFO - Started process (PID=218) to work on /home/airflow/.local/lib/python3.8/site-packages/airflow/example_dags/example_task_group_decorator.py
[2024-01-31T08:23:47.966+0000] {processor.py:830} INFO - Processing file /home/airflow/.local/lib/python3.8/site-packages/airflow/example_dags/example_task_group_decorator.py for tasks to queue
[2024-01-31T08:23:47.971+0000] {logging_mixin.py:188} INFO - [2024-01-31T08:23:47.970+0000] {dagbag.py:538} INFO - Filling up the DagBag from /home/airflow/.local/lib/python3.8/site-packages/airflow/example_dags/example_task_group_decorator.py
[2024-01-31T08:23:48.005+0000] {processor.py:840} INFO - DAG(s) 'example_task_group_decorator' retrieved from /home/airflow/.local/lib/python3.8/site-packages/airflow/example_dags/example_task_group_decorator.py
[2024-01-31T08:23:48.048+0000] {logging_mixin.py:188} INFO - [2024-01-31T08:23:48.048+0000] {dag.py:3036} INFO - Sync 1 DAGs
[2024-01-31T08:23:48.085+0000] {logging_mixin.py:188} INFO - [2024-01-31T08:23:48.085+0000] {dag.py:3823} INFO - Setting next_dagrun for example_task_group_decorator to 2024-01-30 00:00:00+00:00, run_after=2024-01-31 00:00:00+00:00
[2024-01-31T08:23:48.133+0000] {processor.py:183} INFO - Processing /home/airflow/.local/lib/python3.8/site-packages/airflow/example_dags/example_task_group_decorator.py took 0.181 seconds
[2024-01-31T08:24:18.778+0000] {processor.py:161} INFO - Started process (PID=273) to work on /home/airflow/.local/lib/python3.8/site-packages/airflow/example_dags/example_task_group_decorator.py
[2024-01-31T08:24:18.782+0000] {processor.py:830} INFO - Processing file /home/airflow/.local/lib/python3.8/site-packages/airflow/example_dags/example_task_group_decorator.py for tasks to queue
[2024-01-31T08:24:18.789+0000] {logging_mixin.py:188} INFO - [2024-01-31T08:24:18.788+0000] {dagbag.py:538} INFO - Filling up the DagBag from /home/airflow/.local/lib/python3.8/site-packages/airflow/example_dags/example_task_group_decorator.py
[2024-01-31T08:24:18.841+0000] {processor.py:840} INFO - DAG(s) 'example_task_group_decorator' retrieved from /home/airflow/.local/lib/python3.8/site-packages/airflow/example_dags/example_task_group_decorator.py
[2024-01-31T08:24:18.894+0000] {logging_mixin.py:188} INFO - [2024-01-31T08:24:18.893+0000] {dag.py:3036} INFO - Sync 1 DAGs
[2024-01-31T08:24:18.932+0000] {logging_mixin.py:188} INFO - [2024-01-31T08:24:18.931+0000] {dag.py:3823} INFO - Setting next_dagrun for example_task_group_decorator to 2024-01-30 00:00:00+00:00, run_after=2024-01-31 00:00:00+00:00
[2024-01-31T08:24:18.972+0000] {processor.py:183} INFO - Processing /home/airflow/.local/lib/python3.8/site-packages/airflow/example_dags/example_task_group_decorator.py took 0.205 seconds
[2024-01-31T08:24:49.571+0000] {processor.py:161} INFO - Started process (PID=328) to work on /home/airflow/.local/lib/python3.8/site-packages/airflow/example_dags/example_task_group_decorator.py
[2024-01-31T08:24:49.574+0000] {processor.py:830} INFO - Processing file /home/airflow/.local/lib/python3.8/site-packages/airflow/example_dags/example_task_group_decorator.py for tasks to queue
[2024-01-31T08:24:49.580+0000] {logging_mixin.py:188} INFO - [2024-01-31T08:24:49.580+0000] {dagbag.py:538} INFO - Filling up the DagBag from /home/airflow/.local/lib/python3.8/site-packages/airflow/example_dags/example_task_group_decorator.py
[2024-01-31T08:24:49.638+0000] {processor.py:840} INFO - DAG(s) 'example_task_group_decorator' retrieved from /home/airflow/.local/lib/python3.8/site-packages/airflow/example_dags/example_task_group_decorator.py
[2024-01-31T08:24:49.735+0000] {logging_mixin.py:188} INFO - [2024-01-31T08:24:49.734+0000] {dag.py:3036} INFO - Sync 1 DAGs
[2024-01-31T08:24:49.813+0000] {logging_mixin.py:188} INFO - [2024-01-31T08:24:49.812+0000] {dag.py:3823} INFO - Setting next_dagrun for example_task_group_decorator to 2024-01-30 00:00:00+00:00, run_after=2024-01-31 00:00:00+00:00
[2024-01-31T08:24:49.880+0000] {processor.py:183} INFO - Processing /home/airflow/.local/lib/python3.8/site-packages/airflow/example_dags/example_task_group_decorator.py took 0.321 seconds
[2024-01-31T08:25:20.421+0000] {processor.py:161} INFO - Started process (PID=383) to work on /home/airflow/.local/lib/python3.8/site-packages/airflow/example_dags/example_task_group_decorator.py
[2024-01-31T08:25:20.425+0000] {processor.py:830} INFO - Processing file /home/airflow/.local/lib/python3.8/site-packages/airflow/example_dags/example_task_group_decorator.py for tasks to queue
[2024-01-31T08:25:20.431+0000] {logging_mixin.py:188} INFO - [2024-01-31T08:25:20.430+0000] {dagbag.py:538} INFO - Filling up the DagBag from /home/airflow/.local/lib/python3.8/site-packages/airflow/example_dags/example_task_group_decorator.py
[2024-01-31T08:25:20.490+0000] {processor.py:840} INFO - DAG(s) 'example_task_group_decorator' retrieved from /home/airflow/.local/lib/python3.8/site-packages/airflow/example_dags/example_task_group_decorator.py
[2024-01-31T08:25:20.544+0000] {logging_mixin.py:188} INFO - [2024-01-31T08:25:20.544+0000] {dag.py:3036} INFO - Sync 1 DAGs
[2024-01-31T08:25:20.574+0000] {logging_mixin.py:188} INFO - [2024-01-31T08:25:20.574+0000] {dag.py:3823} INFO - Setting next_dagrun for example_task_group_decorator to 2024-01-30 00:00:00+00:00, run_after=2024-01-31 00:00:00+00:00
[2024-01-31T08:25:20.604+0000] {processor.py:183} INFO - Processing /home/airflow/.local/lib/python3.8/site-packages/airflow/example_dags/example_task_group_decorator.py took 0.195 seconds
[2024-01-31T08:25:50.736+0000] {processor.py:161} INFO - Started process (PID=438) to work on /home/airflow/.local/lib/python3.8/site-packages/airflow/example_dags/example_task_group_decorator.py
[2024-01-31T08:25:50.739+0000] {processor.py:830} INFO - Processing file /home/airflow/.local/lib/python3.8/site-packages/airflow/example_dags/example_task_group_decorator.py for tasks to queue
[2024-01-31T08:25:50.745+0000] {logging_mixin.py:188} INFO - [2024-01-31T08:25:50.744+0000] {dagbag.py:538} INFO - Filling up the DagBag from /home/airflow/.local/lib/python3.8/site-packages/airflow/example_dags/example_task_group_decorator.py
[2024-01-31T08:25:50.784+0000] {processor.py:840} INFO - DAG(s) 'example_task_group_decorator' retrieved from /home/airflow/.local/lib/python3.8/site-packages/airflow/example_dags/example_task_group_decorator.py
[2024-01-31T08:25:50.850+0000] {logging_mixin.py:188} INFO - [2024-01-31T08:25:50.850+0000] {dag.py:3036} INFO - Sync 1 DAGs
[2024-01-31T08:25:50.910+0000] {logging_mixin.py:188} INFO - [2024-01-31T08:25:50.910+0000] {dag.py:3823} INFO - Setting next_dagrun for example_task_group_decorator to 2024-01-30 00:00:00+00:00, run_after=2024-01-31 00:00:00+00:00
[2024-01-31T08:25:50.957+0000] {processor.py:183} INFO - Processing /home/airflow/.local/lib/python3.8/site-packages/airflow/example_dags/example_task_group_decorator.py took 0.229 seconds
