[2024-01-31T08:22:20.990+0000] {processor.py:161} INFO - Started process (PID=67) to work on /home/airflow/.local/lib/python3.8/site-packages/airflow/example_dags/example_nested_branch_dag.py
[2024-01-31T08:22:20.992+0000] {processor.py:830} INFO - Processing file /home/airflow/.local/lib/python3.8/site-packages/airflow/example_dags/example_nested_branch_dag.py for tasks to queue
[2024-01-31T08:22:20.996+0000] {logging_mixin.py:188} INFO - [2024-01-31T08:22:20.996+0000] {dagbag.py:538} INFO - Filling up the DagBag from /home/airflow/.local/lib/python3.8/site-packages/airflow/example_dags/example_nested_branch_dag.py
[2024-01-31T08:22:21.022+0000] {processor.py:840} INFO - DAG(s) 'example_nested_branch_dag' retrieved from /home/airflow/.local/lib/python3.8/site-packages/airflow/example_dags/example_nested_branch_dag.py
[2024-01-31T08:22:21.278+0000] {logging_mixin.py:188} INFO - [2024-01-31T08:22:21.278+0000] {dag.py:3036} INFO - Sync 1 DAGs
[2024-01-31T08:22:21.313+0000] {logging_mixin.py:188} INFO - [2024-01-31T08:22:21.313+0000] {dag.py:3823} INFO - Setting next_dagrun for example_nested_branch_dag to 2024-01-30 00:00:00+00:00, run_after=2024-01-31 00:00:00+00:00
[2024-01-31T08:22:21.347+0000] {processor.py:183} INFO - Processing /home/airflow/.local/lib/python3.8/site-packages/airflow/example_dags/example_nested_branch_dag.py took 0.364 seconds
[2024-01-31T08:22:51.978+0000] {processor.py:161} INFO - Started process (PID=122) to work on /home/airflow/.local/lib/python3.8/site-packages/airflow/example_dags/example_nested_branch_dag.py
[2024-01-31T08:22:51.979+0000] {processor.py:830} INFO - Processing file /home/airflow/.local/lib/python3.8/site-packages/airflow/example_dags/example_nested_branch_dag.py for tasks to queue
[2024-01-31T08:22:51.982+0000] {logging_mixin.py:188} INFO - [2024-01-31T08:22:51.981+0000] {dagbag.py:538} INFO - Filling up the DagBag from /home/airflow/.local/lib/python3.8/site-packages/airflow/example_dags/example_nested_branch_dag.py
[2024-01-31T08:22:51.995+0000] {processor.py:840} INFO - DAG(s) 'example_nested_branch_dag' retrieved from /home/airflow/.local/lib/python3.8/site-packages/airflow/example_dags/example_nested_branch_dag.py
[2024-01-31T08:22:52.025+0000] {logging_mixin.py:188} INFO - [2024-01-31T08:22:52.025+0000] {dag.py:3036} INFO - Sync 1 DAGs
[2024-01-31T08:22:52.060+0000] {logging_mixin.py:188} INFO - [2024-01-31T08:22:52.059+0000] {dag.py:3823} INFO - Setting next_dagrun for example_nested_branch_dag to 2024-01-30 00:00:00+00:00, run_after=2024-01-31 00:00:00+00:00
[2024-01-31T08:22:52.088+0000] {processor.py:183} INFO - Processing /home/airflow/.local/lib/python3.8/site-packages/airflow/example_dags/example_nested_branch_dag.py took 0.114 seconds
[2024-01-31T08:23:22.753+0000] {processor.py:161} INFO - Started process (PID=177) to work on /home/airflow/.local/lib/python3.8/site-packages/airflow/example_dags/example_nested_branch_dag.py
[2024-01-31T08:23:22.755+0000] {processor.py:830} INFO - Processing file /home/airflow/.local/lib/python3.8/site-packages/airflow/example_dags/example_nested_branch_dag.py for tasks to queue
[2024-01-31T08:23:22.758+0000] {logging_mixin.py:188} INFO - [2024-01-31T08:23:22.758+0000] {dagbag.py:538} INFO - Filling up the DagBag from /home/airflow/.local/lib/python3.8/site-packages/airflow/example_dags/example_nested_branch_dag.py
[2024-01-31T08:23:22.779+0000] {processor.py:840} INFO - DAG(s) 'example_nested_branch_dag' retrieved from /home/airflow/.local/lib/python3.8/site-packages/airflow/example_dags/example_nested_branch_dag.py
[2024-01-31T08:23:22.881+0000] {logging_mixin.py:188} INFO - [2024-01-31T08:23:22.880+0000] {dag.py:3036} INFO - Sync 1 DAGs
[2024-01-31T08:23:23.005+0000] {logging_mixin.py:188} INFO - [2024-01-31T08:23:23.004+0000] {dag.py:3823} INFO - Setting next_dagrun for example_nested_branch_dag to 2024-01-30 00:00:00+00:00, run_after=2024-01-31 00:00:00+00:00
[2024-01-31T08:23:23.089+0000] {processor.py:183} INFO - Processing /home/airflow/.local/lib/python3.8/site-packages/airflow/example_dags/example_nested_branch_dag.py took 0.341 seconds
[2024-01-31T08:23:53.261+0000] {processor.py:161} INFO - Started process (PID=232) to work on /home/airflow/.local/lib/python3.8/site-packages/airflow/example_dags/example_nested_branch_dag.py
[2024-01-31T08:23:53.263+0000] {processor.py:830} INFO - Processing file /home/airflow/.local/lib/python3.8/site-packages/airflow/example_dags/example_nested_branch_dag.py for tasks to queue
[2024-01-31T08:23:53.267+0000] {logging_mixin.py:188} INFO - [2024-01-31T08:23:53.266+0000] {dagbag.py:538} INFO - Filling up the DagBag from /home/airflow/.local/lib/python3.8/site-packages/airflow/example_dags/example_nested_branch_dag.py
[2024-01-31T08:23:53.295+0000] {processor.py:840} INFO - DAG(s) 'example_nested_branch_dag' retrieved from /home/airflow/.local/lib/python3.8/site-packages/airflow/example_dags/example_nested_branch_dag.py
[2024-01-31T08:23:53.366+0000] {logging_mixin.py:188} INFO - [2024-01-31T08:23:53.365+0000] {dag.py:3036} INFO - Sync 1 DAGs
[2024-01-31T08:23:53.426+0000] {logging_mixin.py:188} INFO - [2024-01-31T08:23:53.425+0000] {dag.py:3823} INFO - Setting next_dagrun for example_nested_branch_dag to 2024-01-30 00:00:00+00:00, run_after=2024-01-31 00:00:00+00:00
[2024-01-31T08:23:53.463+0000] {processor.py:183} INFO - Processing /home/airflow/.local/lib/python3.8/site-packages/airflow/example_dags/example_nested_branch_dag.py took 0.210 seconds
[2024-01-31T08:24:24.069+0000] {processor.py:161} INFO - Started process (PID=287) to work on /home/airflow/.local/lib/python3.8/site-packages/airflow/example_dags/example_nested_branch_dag.py
[2024-01-31T08:24:24.071+0000] {processor.py:830} INFO - Processing file /home/airflow/.local/lib/python3.8/site-packages/airflow/example_dags/example_nested_branch_dag.py for tasks to queue
[2024-01-31T08:24:24.076+0000] {logging_mixin.py:188} INFO - [2024-01-31T08:24:24.075+0000] {dagbag.py:538} INFO - Filling up the DagBag from /home/airflow/.local/lib/python3.8/site-packages/airflow/example_dags/example_nested_branch_dag.py
[2024-01-31T08:24:24.098+0000] {processor.py:840} INFO - DAG(s) 'example_nested_branch_dag' retrieved from /home/airflow/.local/lib/python3.8/site-packages/airflow/example_dags/example_nested_branch_dag.py
[2024-01-31T08:24:24.140+0000] {logging_mixin.py:188} INFO - [2024-01-31T08:24:24.139+0000] {dag.py:3036} INFO - Sync 1 DAGs
[2024-01-31T08:24:24.186+0000] {logging_mixin.py:188} INFO - [2024-01-31T08:24:24.186+0000] {dag.py:3823} INFO - Setting next_dagrun for example_nested_branch_dag to 2024-01-30 00:00:00+00:00, run_after=2024-01-31 00:00:00+00:00
[2024-01-31T08:24:24.224+0000] {processor.py:183} INFO - Processing /home/airflow/.local/lib/python3.8/site-packages/airflow/example_dags/example_nested_branch_dag.py took 0.163 seconds
[2024-01-31T08:24:54.563+0000] {processor.py:161} INFO - Started process (PID=342) to work on /home/airflow/.local/lib/python3.8/site-packages/airflow/example_dags/example_nested_branch_dag.py
[2024-01-31T08:24:54.565+0000] {processor.py:830} INFO - Processing file /home/airflow/.local/lib/python3.8/site-packages/airflow/example_dags/example_nested_branch_dag.py for tasks to queue
[2024-01-31T08:24:54.568+0000] {logging_mixin.py:188} INFO - [2024-01-31T08:24:54.567+0000] {dagbag.py:538} INFO - Filling up the DagBag from /home/airflow/.local/lib/python3.8/site-packages/airflow/example_dags/example_nested_branch_dag.py
[2024-01-31T08:24:54.582+0000] {processor.py:840} INFO - DAG(s) 'example_nested_branch_dag' retrieved from /home/airflow/.local/lib/python3.8/site-packages/airflow/example_dags/example_nested_branch_dag.py
[2024-01-31T08:24:54.614+0000] {logging_mixin.py:188} INFO - [2024-01-31T08:24:54.614+0000] {dag.py:3036} INFO - Sync 1 DAGs
[2024-01-31T08:24:54.649+0000] {logging_mixin.py:188} INFO - [2024-01-31T08:24:54.649+0000] {dag.py:3823} INFO - Setting next_dagrun for example_nested_branch_dag to 2024-01-30 00:00:00+00:00, run_after=2024-01-31 00:00:00+00:00
[2024-01-31T08:24:54.677+0000] {processor.py:183} INFO - Processing /home/airflow/.local/lib/python3.8/site-packages/airflow/example_dags/example_nested_branch_dag.py took 0.119 seconds
[2024-01-31T08:25:25.980+0000] {processor.py:161} INFO - Started process (PID=397) to work on /home/airflow/.local/lib/python3.8/site-packages/airflow/example_dags/example_nested_branch_dag.py
[2024-01-31T08:25:25.984+0000] {processor.py:830} INFO - Processing file /home/airflow/.local/lib/python3.8/site-packages/airflow/example_dags/example_nested_branch_dag.py for tasks to queue
[2024-01-31T08:25:25.991+0000] {logging_mixin.py:188} INFO - [2024-01-31T08:25:25.990+0000] {dagbag.py:538} INFO - Filling up the DagBag from /home/airflow/.local/lib/python3.8/site-packages/airflow/example_dags/example_nested_branch_dag.py
[2024-01-31T08:25:26.033+0000] {processor.py:840} INFO - DAG(s) 'example_nested_branch_dag' retrieved from /home/airflow/.local/lib/python3.8/site-packages/airflow/example_dags/example_nested_branch_dag.py
[2024-01-31T08:25:26.122+0000] {logging_mixin.py:188} INFO - [2024-01-31T08:25:26.121+0000] {dag.py:3036} INFO - Sync 1 DAGs
[2024-01-31T08:25:26.240+0000] {logging_mixin.py:188} INFO - [2024-01-31T08:25:26.237+0000] {dag.py:3823} INFO - Setting next_dagrun for example_nested_branch_dag to 2024-01-30 00:00:00+00:00, run_after=2024-01-31 00:00:00+00:00
[2024-01-31T08:25:26.336+0000] {processor.py:183} INFO - Processing /home/airflow/.local/lib/python3.8/site-packages/airflow/example_dags/example_nested_branch_dag.py took 0.368 seconds
[2024-01-31T08:25:56.670+0000] {processor.py:161} INFO - Started process (PID=452) to work on /home/airflow/.local/lib/python3.8/site-packages/airflow/example_dags/example_nested_branch_dag.py
[2024-01-31T08:25:56.673+0000] {processor.py:830} INFO - Processing file /home/airflow/.local/lib/python3.8/site-packages/airflow/example_dags/example_nested_branch_dag.py for tasks to queue
[2024-01-31T08:25:56.680+0000] {logging_mixin.py:188} INFO - [2024-01-31T08:25:56.679+0000] {dagbag.py:538} INFO - Filling up the DagBag from /home/airflow/.local/lib/python3.8/site-packages/airflow/example_dags/example_nested_branch_dag.py
[2024-01-31T08:25:56.718+0000] {processor.py:840} INFO - DAG(s) 'example_nested_branch_dag' retrieved from /home/airflow/.local/lib/python3.8/site-packages/airflow/example_dags/example_nested_branch_dag.py
[2024-01-31T08:25:56.786+0000] {logging_mixin.py:188} INFO - [2024-01-31T08:25:56.785+0000] {dag.py:3036} INFO - Sync 1 DAGs
[2024-01-31T08:25:57.755+0000] {logging_mixin.py:188} INFO - [2024-01-31T08:25:57.753+0000] {process_utils.py:262} INFO - Waiting up to 5 seconds for processes to exit...
