[2024-01-31T08:22:22.871+0000] {processor.py:161} INFO - Started process (PID=78) to work on /home/airflow/.local/lib/python3.8/site-packages/airflow/example_dags/example_external_task_marker_dag.py
[2024-01-31T08:22:22.873+0000] {processor.py:830} INFO - Processing file /home/airflow/.local/lib/python3.8/site-packages/airflow/example_dags/example_external_task_marker_dag.py for tasks to queue
[2024-01-31T08:22:22.879+0000] {logging_mixin.py:188} INFO - [2024-01-31T08:22:22.878+0000] {dagbag.py:538} INFO - Filling up the DagBag from /home/airflow/.local/lib/python3.8/site-packages/airflow/example_dags/example_external_task_marker_dag.py
[2024-01-31T08:22:22.894+0000] {processor.py:840} INFO - DAG(s) 'example_external_task_marker_child', 'example_external_task_marker_parent' retrieved from /home/airflow/.local/lib/python3.8/site-packages/airflow/example_dags/example_external_task_marker_dag.py
[2024-01-31T08:22:23.118+0000] {logging_mixin.py:188} INFO - [2024-01-31T08:22:23.118+0000] {dag.py:3036} INFO - Sync 2 DAGs
[2024-01-31T08:22:23.137+0000] {logging_mixin.py:188} INFO - [2024-01-31T08:22:23.137+0000] {dag.py:3823} INFO - Setting next_dagrun for example_external_task_marker_child to None, run_after=None
[2024-01-31T08:22:23.143+0000] {logging_mixin.py:188} INFO - [2024-01-31T08:22:23.142+0000] {dag.py:3823} INFO - Setting next_dagrun for example_external_task_marker_parent to None, run_after=None
[2024-01-31T08:22:23.180+0000] {processor.py:183} INFO - Processing /home/airflow/.local/lib/python3.8/site-packages/airflow/example_dags/example_external_task_marker_dag.py took 0.317 seconds
[2024-01-31T08:22:53.862+0000] {processor.py:161} INFO - Started process (PID=133) to work on /home/airflow/.local/lib/python3.8/site-packages/airflow/example_dags/example_external_task_marker_dag.py
[2024-01-31T08:22:53.864+0000] {processor.py:830} INFO - Processing file /home/airflow/.local/lib/python3.8/site-packages/airflow/example_dags/example_external_task_marker_dag.py for tasks to queue
[2024-01-31T08:22:53.867+0000] {logging_mixin.py:188} INFO - [2024-01-31T08:22:53.866+0000] {dagbag.py:538} INFO - Filling up the DagBag from /home/airflow/.local/lib/python3.8/site-packages/airflow/example_dags/example_external_task_marker_dag.py
[2024-01-31T08:22:53.877+0000] {processor.py:840} INFO - DAG(s) 'example_external_task_marker_child', 'example_external_task_marker_parent' retrieved from /home/airflow/.local/lib/python3.8/site-packages/airflow/example_dags/example_external_task_marker_dag.py
[2024-01-31T08:22:53.913+0000] {logging_mixin.py:188} INFO - [2024-01-31T08:22:53.912+0000] {dag.py:3036} INFO - Sync 2 DAGs
[2024-01-31T08:22:53.934+0000] {logging_mixin.py:188} INFO - [2024-01-31T08:22:53.933+0000] {dag.py:3823} INFO - Setting next_dagrun for example_external_task_marker_child to None, run_after=None
[2024-01-31T08:22:53.940+0000] {logging_mixin.py:188} INFO - [2024-01-31T08:22:53.939+0000] {dag.py:3823} INFO - Setting next_dagrun for example_external_task_marker_parent to None, run_after=None
[2024-01-31T08:22:53.968+0000] {processor.py:183} INFO - Processing /home/airflow/.local/lib/python3.8/site-packages/airflow/example_dags/example_external_task_marker_dag.py took 0.111 seconds
[2024-01-31T08:23:24.513+0000] {processor.py:161} INFO - Started process (PID=188) to work on /home/airflow/.local/lib/python3.8/site-packages/airflow/example_dags/example_external_task_marker_dag.py
[2024-01-31T08:23:24.517+0000] {processor.py:830} INFO - Processing file /home/airflow/.local/lib/python3.8/site-packages/airflow/example_dags/example_external_task_marker_dag.py for tasks to queue
[2024-01-31T08:23:24.523+0000] {logging_mixin.py:188} INFO - [2024-01-31T08:23:24.522+0000] {dagbag.py:538} INFO - Filling up the DagBag from /home/airflow/.local/lib/python3.8/site-packages/airflow/example_dags/example_external_task_marker_dag.py
[2024-01-31T08:23:24.541+0000] {processor.py:840} INFO - DAG(s) 'example_external_task_marker_parent', 'example_external_task_marker_child' retrieved from /home/airflow/.local/lib/python3.8/site-packages/airflow/example_dags/example_external_task_marker_dag.py
[2024-01-31T08:23:24.612+0000] {logging_mixin.py:188} INFO - [2024-01-31T08:23:24.611+0000] {dag.py:3036} INFO - Sync 2 DAGs
[2024-01-31T08:23:24.641+0000] {logging_mixin.py:188} INFO - [2024-01-31T08:23:24.640+0000] {dag.py:3823} INFO - Setting next_dagrun for example_external_task_marker_child to None, run_after=None
[2024-01-31T08:23:24.650+0000] {logging_mixin.py:188} INFO - [2024-01-31T08:23:24.649+0000] {dag.py:3823} INFO - Setting next_dagrun for example_external_task_marker_parent to None, run_after=None
[2024-01-31T08:23:24.678+0000] {processor.py:183} INFO - Processing /home/airflow/.local/lib/python3.8/site-packages/airflow/example_dags/example_external_task_marker_dag.py took 0.175 seconds
[2024-01-31T08:23:55.430+0000] {processor.py:161} INFO - Started process (PID=243) to work on /home/airflow/.local/lib/python3.8/site-packages/airflow/example_dags/example_external_task_marker_dag.py
[2024-01-31T08:23:55.434+0000] {processor.py:830} INFO - Processing file /home/airflow/.local/lib/python3.8/site-packages/airflow/example_dags/example_external_task_marker_dag.py for tasks to queue
[2024-01-31T08:23:55.442+0000] {logging_mixin.py:188} INFO - [2024-01-31T08:23:55.441+0000] {dagbag.py:538} INFO - Filling up the DagBag from /home/airflow/.local/lib/python3.8/site-packages/airflow/example_dags/example_external_task_marker_dag.py
[2024-01-31T08:23:55.462+0000] {processor.py:840} INFO - DAG(s) 'example_external_task_marker_child', 'example_external_task_marker_parent' retrieved from /home/airflow/.local/lib/python3.8/site-packages/airflow/example_dags/example_external_task_marker_dag.py
[2024-01-31T08:23:55.504+0000] {logging_mixin.py:188} INFO - [2024-01-31T08:23:55.504+0000] {dag.py:3036} INFO - Sync 2 DAGs
[2024-01-31T08:23:55.524+0000] {logging_mixin.py:188} INFO - [2024-01-31T08:23:55.523+0000] {dag.py:3823} INFO - Setting next_dagrun for example_external_task_marker_child to None, run_after=None
[2024-01-31T08:23:55.530+0000] {logging_mixin.py:188} INFO - [2024-01-31T08:23:55.529+0000] {dag.py:3823} INFO - Setting next_dagrun for example_external_task_marker_parent to None, run_after=None
[2024-01-31T08:23:55.556+0000] {processor.py:183} INFO - Processing /home/airflow/.local/lib/python3.8/site-packages/airflow/example_dags/example_external_task_marker_dag.py took 0.139 seconds
[2024-01-31T08:24:26.164+0000] {processor.py:161} INFO - Started process (PID=298) to work on /home/airflow/.local/lib/python3.8/site-packages/airflow/example_dags/example_external_task_marker_dag.py
[2024-01-31T08:24:26.168+0000] {processor.py:830} INFO - Processing file /home/airflow/.local/lib/python3.8/site-packages/airflow/example_dags/example_external_task_marker_dag.py for tasks to queue
[2024-01-31T08:24:26.174+0000] {logging_mixin.py:188} INFO - [2024-01-31T08:24:26.173+0000] {dagbag.py:538} INFO - Filling up the DagBag from /home/airflow/.local/lib/python3.8/site-packages/airflow/example_dags/example_external_task_marker_dag.py
[2024-01-31T08:24:26.195+0000] {processor.py:840} INFO - DAG(s) 'example_external_task_marker_child', 'example_external_task_marker_parent' retrieved from /home/airflow/.local/lib/python3.8/site-packages/airflow/example_dags/example_external_task_marker_dag.py
[2024-01-31T08:24:26.306+0000] {logging_mixin.py:188} INFO - [2024-01-31T08:24:26.305+0000] {dag.py:3036} INFO - Sync 2 DAGs
[2024-01-31T08:24:26.376+0000] {logging_mixin.py:188} INFO - [2024-01-31T08:24:26.374+0000] {dag.py:3823} INFO - Setting next_dagrun for example_external_task_marker_child to None, run_after=None
[2024-01-31T08:24:26.395+0000] {logging_mixin.py:188} INFO - [2024-01-31T08:24:26.394+0000] {dag.py:3823} INFO - Setting next_dagrun for example_external_task_marker_parent to None, run_after=None
[2024-01-31T08:24:26.427+0000] {processor.py:183} INFO - Processing /home/airflow/.local/lib/python3.8/site-packages/airflow/example_dags/example_external_task_marker_dag.py took 0.274 seconds
[2024-01-31T08:24:56.598+0000] {processor.py:161} INFO - Started process (PID=353) to work on /home/airflow/.local/lib/python3.8/site-packages/airflow/example_dags/example_external_task_marker_dag.py
[2024-01-31T08:24:56.602+0000] {processor.py:830} INFO - Processing file /home/airflow/.local/lib/python3.8/site-packages/airflow/example_dags/example_external_task_marker_dag.py for tasks to queue
[2024-01-31T08:24:56.608+0000] {logging_mixin.py:188} INFO - [2024-01-31T08:24:56.607+0000] {dagbag.py:538} INFO - Filling up the DagBag from /home/airflow/.local/lib/python3.8/site-packages/airflow/example_dags/example_external_task_marker_dag.py
[2024-01-31T08:24:56.627+0000] {processor.py:840} INFO - DAG(s) 'example_external_task_marker_child', 'example_external_task_marker_parent' retrieved from /home/airflow/.local/lib/python3.8/site-packages/airflow/example_dags/example_external_task_marker_dag.py
[2024-01-31T08:24:56.704+0000] {logging_mixin.py:188} INFO - [2024-01-31T08:24:56.703+0000] {dag.py:3036} INFO - Sync 2 DAGs
[2024-01-31T08:24:56.746+0000] {logging_mixin.py:188} INFO - [2024-01-31T08:24:56.746+0000] {dag.py:3823} INFO - Setting next_dagrun for example_external_task_marker_child to None, run_after=None
[2024-01-31T08:24:56.760+0000] {logging_mixin.py:188} INFO - [2024-01-31T08:24:56.759+0000] {dag.py:3823} INFO - Setting next_dagrun for example_external_task_marker_parent to None, run_after=None
[2024-01-31T08:24:56.830+0000] {processor.py:183} INFO - Processing /home/airflow/.local/lib/python3.8/site-packages/airflow/example_dags/example_external_task_marker_dag.py took 0.242 seconds
[2024-01-31T08:25:27.998+0000] {processor.py:161} INFO - Started process (PID=408) to work on /home/airflow/.local/lib/python3.8/site-packages/airflow/example_dags/example_external_task_marker_dag.py
[2024-01-31T08:25:28.001+0000] {processor.py:830} INFO - Processing file /home/airflow/.local/lib/python3.8/site-packages/airflow/example_dags/example_external_task_marker_dag.py for tasks to queue
[2024-01-31T08:25:28.005+0000] {logging_mixin.py:188} INFO - [2024-01-31T08:25:28.004+0000] {dagbag.py:538} INFO - Filling up the DagBag from /home/airflow/.local/lib/python3.8/site-packages/airflow/example_dags/example_external_task_marker_dag.py
[2024-01-31T08:25:28.020+0000] {processor.py:840} INFO - DAG(s) 'example_external_task_marker_parent', 'example_external_task_marker_child' retrieved from /home/airflow/.local/lib/python3.8/site-packages/airflow/example_dags/example_external_task_marker_dag.py
[2024-01-31T08:25:28.078+0000] {logging_mixin.py:188} INFO - [2024-01-31T08:25:28.077+0000] {dag.py:3036} INFO - Sync 2 DAGs
[2024-01-31T08:25:28.110+0000] {logging_mixin.py:188} INFO - [2024-01-31T08:25:28.109+0000] {dag.py:3823} INFO - Setting next_dagrun for example_external_task_marker_child to None, run_after=None
[2024-01-31T08:25:28.120+0000] {logging_mixin.py:188} INFO - [2024-01-31T08:25:28.119+0000] {dag.py:3823} INFO - Setting next_dagrun for example_external_task_marker_parent to None, run_after=None
[2024-01-31T08:25:28.166+0000] {processor.py:183} INFO - Processing /home/airflow/.local/lib/python3.8/site-packages/airflow/example_dags/example_external_task_marker_dag.py took 0.173 seconds
