[2024-01-31T08:22:19.929+0000] {processor.py:161} INFO - Started process (PID=62) to work on /home/airflow/.local/lib/python3.8/site-packages/airflow/example_dags/example_subdag_operator.py
[2024-01-31T08:22:19.932+0000] {processor.py:830} INFO - Processing file /home/airflow/.local/lib/python3.8/site-packages/airflow/example_dags/example_subdag_operator.py for tasks to queue
[2024-01-31T08:22:19.937+0000] {logging_mixin.py:188} INFO - [2024-01-31T08:22:19.936+0000] {dagbag.py:538} INFO - Filling up the DagBag from /home/airflow/.local/lib/python3.8/site-packages/airflow/example_dags/example_subdag_operator.py
[2024-01-31T08:22:19.990+0000] {processor.py:840} INFO - DAG(s) 'example_subdag_operator.section-1', 'example_subdag_operator.section-2', 'example_subdag_operator' retrieved from /home/airflow/.local/lib/python3.8/site-packages/airflow/example_dags/example_subdag_operator.py
[2024-01-31T08:22:20.230+0000] {logging_mixin.py:188} INFO - [2024-01-31T08:22:20.229+0000] {dag.py:3036} INFO - Sync 3 DAGs
[2024-01-31T08:22:20.274+0000] {logging_mixin.py:188} INFO - [2024-01-31T08:22:20.273+0000] {dag.py:3823} INFO - Setting next_dagrun for example_subdag_operator to 2022-01-01 00:00:00+00:00, run_after=2022-01-01 00:00:00+00:00
[2024-01-31T08:22:20.281+0000] {logging_mixin.py:188} INFO - [2024-01-31T08:22:20.281+0000] {dag.py:3823} INFO - Setting next_dagrun for example_subdag_operator.section-1 to None, run_after=None
[2024-01-31T08:22:20.285+0000] {logging_mixin.py:188} INFO - [2024-01-31T08:22:20.284+0000] {dag.py:3823} INFO - Setting next_dagrun for example_subdag_operator.section-2 to None, run_after=None
[2024-01-31T08:22:20.301+0000] {logging_mixin.py:188} INFO - [2024-01-31T08:22:20.300+0000] {dag.py:3036} INFO - Sync 2 DAGs
[2024-01-31T08:22:20.312+0000] {logging_mixin.py:188} INFO - [2024-01-31T08:22:20.312+0000] {dag.py:3823} INFO - Setting next_dagrun for example_subdag_operator.section-1 to None, run_after=None
[2024-01-31T08:22:20.313+0000] {logging_mixin.py:188} INFO - [2024-01-31T08:22:20.313+0000] {dag.py:3823} INFO - Setting next_dagrun for example_subdag_operator.section-2 to None, run_after=None
[2024-01-31T08:22:20.341+0000] {processor.py:183} INFO - Processing /home/airflow/.local/lib/python3.8/site-packages/airflow/example_dags/example_subdag_operator.py took 0.421 seconds
[2024-01-31T08:22:51.274+0000] {processor.py:161} INFO - Started process (PID=117) to work on /home/airflow/.local/lib/python3.8/site-packages/airflow/example_dags/example_subdag_operator.py
[2024-01-31T08:22:51.278+0000] {processor.py:830} INFO - Processing file /home/airflow/.local/lib/python3.8/site-packages/airflow/example_dags/example_subdag_operator.py for tasks to queue
[2024-01-31T08:22:51.285+0000] {logging_mixin.py:188} INFO - [2024-01-31T08:22:51.284+0000] {dagbag.py:538} INFO - Filling up the DagBag from /home/airflow/.local/lib/python3.8/site-packages/airflow/example_dags/example_subdag_operator.py
[2024-01-31T08:22:51.383+0000] {processor.py:840} INFO - DAG(s) 'example_subdag_operator.section-1', 'example_subdag_operator.section-2', 'example_subdag_operator' retrieved from /home/airflow/.local/lib/python3.8/site-packages/airflow/example_dags/example_subdag_operator.py
[2024-01-31T08:22:51.478+0000] {logging_mixin.py:188} INFO - [2024-01-31T08:22:51.478+0000] {dag.py:3036} INFO - Sync 3 DAGs
[2024-01-31T08:22:51.541+0000] {logging_mixin.py:188} INFO - [2024-01-31T08:22:51.540+0000] {dag.py:3823} INFO - Setting next_dagrun for example_subdag_operator to 2022-01-01 00:00:00+00:00, run_after=2022-01-01 00:00:00+00:00
[2024-01-31T08:22:51.549+0000] {logging_mixin.py:188} INFO - [2024-01-31T08:22:51.548+0000] {dag.py:3823} INFO - Setting next_dagrun for example_subdag_operator.section-1 to None, run_after=None
[2024-01-31T08:22:51.552+0000] {logging_mixin.py:188} INFO - [2024-01-31T08:22:51.552+0000] {dag.py:3823} INFO - Setting next_dagrun for example_subdag_operator.section-2 to None, run_after=None
[2024-01-31T08:22:51.569+0000] {logging_mixin.py:188} INFO - [2024-01-31T08:22:51.568+0000] {dag.py:3036} INFO - Sync 2 DAGs
[2024-01-31T08:22:51.582+0000] {logging_mixin.py:188} INFO - [2024-01-31T08:22:51.581+0000] {dag.py:3823} INFO - Setting next_dagrun for example_subdag_operator.section-1 to None, run_after=None
[2024-01-31T08:22:51.583+0000] {logging_mixin.py:188} INFO - [2024-01-31T08:22:51.583+0000] {dag.py:3823} INFO - Setting next_dagrun for example_subdag_operator.section-2 to None, run_after=None
[2024-01-31T08:22:51.612+0000] {processor.py:183} INFO - Processing /home/airflow/.local/lib/python3.8/site-packages/airflow/example_dags/example_subdag_operator.py took 0.351 seconds
[2024-01-31T08:23:22.004+0000] {processor.py:161} INFO - Started process (PID=172) to work on /home/airflow/.local/lib/python3.8/site-packages/airflow/example_dags/example_subdag_operator.py
[2024-01-31T08:23:22.008+0000] {processor.py:830} INFO - Processing file /home/airflow/.local/lib/python3.8/site-packages/airflow/example_dags/example_subdag_operator.py for tasks to queue
[2024-01-31T08:23:22.016+0000] {logging_mixin.py:188} INFO - [2024-01-31T08:23:22.015+0000] {dagbag.py:538} INFO - Filling up the DagBag from /home/airflow/.local/lib/python3.8/site-packages/airflow/example_dags/example_subdag_operator.py
[2024-01-31T08:23:22.063+0000] {processor.py:840} INFO - DAG(s) 'example_subdag_operator.section-1', 'example_subdag_operator.section-2', 'example_subdag_operator' retrieved from /home/airflow/.local/lib/python3.8/site-packages/airflow/example_dags/example_subdag_operator.py
[2024-01-31T08:23:22.093+0000] {logging_mixin.py:188} INFO - [2024-01-31T08:23:22.093+0000] {dag.py:3036} INFO - Sync 3 DAGs
[2024-01-31T08:23:22.135+0000] {logging_mixin.py:188} INFO - [2024-01-31T08:23:22.134+0000] {dag.py:3823} INFO - Setting next_dagrun for example_subdag_operator to 2022-01-01 00:00:00+00:00, run_after=2022-01-01 00:00:00+00:00
[2024-01-31T08:23:22.141+0000] {logging_mixin.py:188} INFO - [2024-01-31T08:23:22.141+0000] {dag.py:3823} INFO - Setting next_dagrun for example_subdag_operator.section-1 to None, run_after=None
[2024-01-31T08:23:22.144+0000] {logging_mixin.py:188} INFO - [2024-01-31T08:23:22.143+0000] {dag.py:3823} INFO - Setting next_dagrun for example_subdag_operator.section-2 to None, run_after=None
[2024-01-31T08:23:22.157+0000] {logging_mixin.py:188} INFO - [2024-01-31T08:23:22.156+0000] {dag.py:3036} INFO - Sync 2 DAGs
[2024-01-31T08:23:22.168+0000] {logging_mixin.py:188} INFO - [2024-01-31T08:23:22.168+0000] {dag.py:3823} INFO - Setting next_dagrun for example_subdag_operator.section-1 to None, run_after=None
[2024-01-31T08:23:22.169+0000] {logging_mixin.py:188} INFO - [2024-01-31T08:23:22.169+0000] {dag.py:3823} INFO - Setting next_dagrun for example_subdag_operator.section-2 to None, run_after=None
[2024-01-31T08:23:22.192+0000] {processor.py:183} INFO - Processing /home/airflow/.local/lib/python3.8/site-packages/airflow/example_dags/example_subdag_operator.py took 0.200 seconds
[2024-01-31T08:23:52.697+0000] {processor.py:161} INFO - Started process (PID=227) to work on /home/airflow/.local/lib/python3.8/site-packages/airflow/example_dags/example_subdag_operator.py
[2024-01-31T08:23:52.700+0000] {processor.py:830} INFO - Processing file /home/airflow/.local/lib/python3.8/site-packages/airflow/example_dags/example_subdag_operator.py for tasks to queue
[2024-01-31T08:23:52.706+0000] {logging_mixin.py:188} INFO - [2024-01-31T08:23:52.705+0000] {dagbag.py:538} INFO - Filling up the DagBag from /home/airflow/.local/lib/python3.8/site-packages/airflow/example_dags/example_subdag_operator.py
[2024-01-31T08:23:52.764+0000] {processor.py:840} INFO - DAG(s) 'example_subdag_operator.section-1', 'example_subdag_operator.section-2', 'example_subdag_operator' retrieved from /home/airflow/.local/lib/python3.8/site-packages/airflow/example_dags/example_subdag_operator.py
[2024-01-31T08:23:52.809+0000] {logging_mixin.py:188} INFO - [2024-01-31T08:23:52.808+0000] {dag.py:3036} INFO - Sync 3 DAGs
[2024-01-31T08:23:52.891+0000] {logging_mixin.py:188} INFO - [2024-01-31T08:23:52.890+0000] {dag.py:3823} INFO - Setting next_dagrun for example_subdag_operator to 2022-01-01 00:00:00+00:00, run_after=2022-01-01 00:00:00+00:00
[2024-01-31T08:23:52.899+0000] {logging_mixin.py:188} INFO - [2024-01-31T08:23:52.898+0000] {dag.py:3823} INFO - Setting next_dagrun for example_subdag_operator.section-1 to None, run_after=None
[2024-01-31T08:23:52.902+0000] {logging_mixin.py:188} INFO - [2024-01-31T08:23:52.902+0000] {dag.py:3823} INFO - Setting next_dagrun for example_subdag_operator.section-2 to None, run_after=None
[2024-01-31T08:23:52.927+0000] {logging_mixin.py:188} INFO - [2024-01-31T08:23:52.926+0000] {dag.py:3036} INFO - Sync 2 DAGs
[2024-01-31T08:23:52.941+0000] {logging_mixin.py:188} INFO - [2024-01-31T08:23:52.941+0000] {dag.py:3823} INFO - Setting next_dagrun for example_subdag_operator.section-1 to None, run_after=None
[2024-01-31T08:23:52.942+0000] {logging_mixin.py:188} INFO - [2024-01-31T08:23:52.942+0000] {dag.py:3823} INFO - Setting next_dagrun for example_subdag_operator.section-2 to None, run_after=None
[2024-01-31T08:23:52.965+0000] {processor.py:183} INFO - Processing /home/airflow/.local/lib/python3.8/site-packages/airflow/example_dags/example_subdag_operator.py took 0.281 seconds
[2024-01-31T08:24:23.319+0000] {processor.py:161} INFO - Started process (PID=282) to work on /home/airflow/.local/lib/python3.8/site-packages/airflow/example_dags/example_subdag_operator.py
[2024-01-31T08:24:23.323+0000] {processor.py:830} INFO - Processing file /home/airflow/.local/lib/python3.8/site-packages/airflow/example_dags/example_subdag_operator.py for tasks to queue
[2024-01-31T08:24:23.330+0000] {logging_mixin.py:188} INFO - [2024-01-31T08:24:23.329+0000] {dagbag.py:538} INFO - Filling up the DagBag from /home/airflow/.local/lib/python3.8/site-packages/airflow/example_dags/example_subdag_operator.py
[2024-01-31T08:24:23.417+0000] {processor.py:840} INFO - DAG(s) 'example_subdag_operator.section-1', 'example_subdag_operator.section-2', 'example_subdag_operator' retrieved from /home/airflow/.local/lib/python3.8/site-packages/airflow/example_dags/example_subdag_operator.py
[2024-01-31T08:24:23.466+0000] {logging_mixin.py:188} INFO - [2024-01-31T08:24:23.466+0000] {dag.py:3036} INFO - Sync 3 DAGs
[2024-01-31T08:24:23.527+0000] {logging_mixin.py:188} INFO - [2024-01-31T08:24:23.526+0000] {dag.py:3823} INFO - Setting next_dagrun for example_subdag_operator to 2022-01-01 00:00:00+00:00, run_after=2022-01-01 00:00:00+00:00
[2024-01-31T08:24:23.537+0000] {logging_mixin.py:188} INFO - [2024-01-31T08:24:23.537+0000] {dag.py:3823} INFO - Setting next_dagrun for example_subdag_operator.section-1 to None, run_after=None
[2024-01-31T08:24:23.542+0000] {logging_mixin.py:188} INFO - [2024-01-31T08:24:23.541+0000] {dag.py:3823} INFO - Setting next_dagrun for example_subdag_operator.section-2 to None, run_after=None
[2024-01-31T08:24:23.561+0000] {logging_mixin.py:188} INFO - [2024-01-31T08:24:23.561+0000] {dag.py:3036} INFO - Sync 2 DAGs
[2024-01-31T08:24:23.577+0000] {logging_mixin.py:188} INFO - [2024-01-31T08:24:23.576+0000] {dag.py:3823} INFO - Setting next_dagrun for example_subdag_operator.section-1 to None, run_after=None
[2024-01-31T08:24:23.579+0000] {logging_mixin.py:188} INFO - [2024-01-31T08:24:23.578+0000] {dag.py:3823} INFO - Setting next_dagrun for example_subdag_operator.section-2 to None, run_after=None
[2024-01-31T08:24:23.613+0000] {processor.py:183} INFO - Processing /home/airflow/.local/lib/python3.8/site-packages/airflow/example_dags/example_subdag_operator.py took 0.306 seconds
[2024-01-31T08:24:53.891+0000] {processor.py:161} INFO - Started process (PID=337) to work on /home/airflow/.local/lib/python3.8/site-packages/airflow/example_dags/example_subdag_operator.py
[2024-01-31T08:24:53.895+0000] {processor.py:830} INFO - Processing file /home/airflow/.local/lib/python3.8/site-packages/airflow/example_dags/example_subdag_operator.py for tasks to queue
[2024-01-31T08:24:53.902+0000] {logging_mixin.py:188} INFO - [2024-01-31T08:24:53.901+0000] {dagbag.py:538} INFO - Filling up the DagBag from /home/airflow/.local/lib/python3.8/site-packages/airflow/example_dags/example_subdag_operator.py
[2024-01-31T08:24:53.996+0000] {processor.py:840} INFO - DAG(s) 'example_subdag_operator.section-1', 'example_subdag_operator.section-2', 'example_subdag_operator' retrieved from /home/airflow/.local/lib/python3.8/site-packages/airflow/example_dags/example_subdag_operator.py
[2024-01-31T08:24:54.064+0000] {logging_mixin.py:188} INFO - [2024-01-31T08:24:54.063+0000] {dag.py:3036} INFO - Sync 3 DAGs
[2024-01-31T08:24:54.112+0000] {logging_mixin.py:188} INFO - [2024-01-31T08:24:54.112+0000] {dag.py:3823} INFO - Setting next_dagrun for example_subdag_operator to 2022-01-01 00:00:00+00:00, run_after=2022-01-01 00:00:00+00:00
[2024-01-31T08:24:54.119+0000] {logging_mixin.py:188} INFO - [2024-01-31T08:24:54.119+0000] {dag.py:3823} INFO - Setting next_dagrun for example_subdag_operator.section-1 to None, run_after=None
[2024-01-31T08:24:54.123+0000] {logging_mixin.py:188} INFO - [2024-01-31T08:24:54.122+0000] {dag.py:3823} INFO - Setting next_dagrun for example_subdag_operator.section-2 to None, run_after=None
[2024-01-31T08:24:54.139+0000] {logging_mixin.py:188} INFO - [2024-01-31T08:24:54.139+0000] {dag.py:3036} INFO - Sync 2 DAGs
[2024-01-31T08:24:54.153+0000] {logging_mixin.py:188} INFO - [2024-01-31T08:24:54.152+0000] {dag.py:3823} INFO - Setting next_dagrun for example_subdag_operator.section-1 to None, run_after=None
[2024-01-31T08:24:54.154+0000] {logging_mixin.py:188} INFO - [2024-01-31T08:24:54.154+0000] {dag.py:3823} INFO - Setting next_dagrun for example_subdag_operator.section-2 to None, run_after=None
[2024-01-31T08:24:54.184+0000] {processor.py:183} INFO - Processing /home/airflow/.local/lib/python3.8/site-packages/airflow/example_dags/example_subdag_operator.py took 0.305 seconds
[2024-01-31T08:25:24.711+0000] {processor.py:161} INFO - Started process (PID=392) to work on /home/airflow/.local/lib/python3.8/site-packages/airflow/example_dags/example_subdag_operator.py
[2024-01-31T08:25:24.716+0000] {processor.py:830} INFO - Processing file /home/airflow/.local/lib/python3.8/site-packages/airflow/example_dags/example_subdag_operator.py for tasks to queue
[2024-01-31T08:25:24.724+0000] {logging_mixin.py:188} INFO - [2024-01-31T08:25:24.723+0000] {dagbag.py:538} INFO - Filling up the DagBag from /home/airflow/.local/lib/python3.8/site-packages/airflow/example_dags/example_subdag_operator.py
[2024-01-31T08:25:24.835+0000] {processor.py:840} INFO - DAG(s) 'example_subdag_operator.section-1', 'example_subdag_operator.section-2', 'example_subdag_operator' retrieved from /home/airflow/.local/lib/python3.8/site-packages/airflow/example_dags/example_subdag_operator.py
[2024-01-31T08:25:24.920+0000] {logging_mixin.py:188} INFO - [2024-01-31T08:25:24.919+0000] {dag.py:3036} INFO - Sync 3 DAGs
[2024-01-31T08:25:25.039+0000] {logging_mixin.py:188} INFO - [2024-01-31T08:25:25.038+0000] {dag.py:3823} INFO - Setting next_dagrun for example_subdag_operator to 2022-01-01 00:00:00+00:00, run_after=2022-01-01 00:00:00+00:00
[2024-01-31T08:25:25.061+0000] {logging_mixin.py:188} INFO - [2024-01-31T08:25:25.060+0000] {dag.py:3823} INFO - Setting next_dagrun for example_subdag_operator.section-1 to None, run_after=None
[2024-01-31T08:25:25.069+0000] {logging_mixin.py:188} INFO - [2024-01-31T08:25:25.068+0000] {dag.py:3823} INFO - Setting next_dagrun for example_subdag_operator.section-2 to None, run_after=None
[2024-01-31T08:25:25.112+0000] {logging_mixin.py:188} INFO - [2024-01-31T08:25:25.111+0000] {dag.py:3036} INFO - Sync 2 DAGs
[2024-01-31T08:25:25.142+0000] {logging_mixin.py:188} INFO - [2024-01-31T08:25:25.141+0000] {dag.py:3823} INFO - Setting next_dagrun for example_subdag_operator.section-1 to None, run_after=None
[2024-01-31T08:25:25.145+0000] {logging_mixin.py:188} INFO - [2024-01-31T08:25:25.144+0000] {dag.py:3823} INFO - Setting next_dagrun for example_subdag_operator.section-2 to None, run_after=None
[2024-01-31T08:25:25.213+0000] {processor.py:183} INFO - Processing /home/airflow/.local/lib/python3.8/site-packages/airflow/example_dags/example_subdag_operator.py took 0.515 seconds
[2024-01-31T08:25:55.818+0000] {processor.py:161} INFO - Started process (PID=447) to work on /home/airflow/.local/lib/python3.8/site-packages/airflow/example_dags/example_subdag_operator.py
[2024-01-31T08:25:55.822+0000] {processor.py:830} INFO - Processing file /home/airflow/.local/lib/python3.8/site-packages/airflow/example_dags/example_subdag_operator.py for tasks to queue
[2024-01-31T08:25:55.829+0000] {logging_mixin.py:188} INFO - [2024-01-31T08:25:55.828+0000] {dagbag.py:538} INFO - Filling up the DagBag from /home/airflow/.local/lib/python3.8/site-packages/airflow/example_dags/example_subdag_operator.py
[2024-01-31T08:25:55.909+0000] {processor.py:840} INFO - DAG(s) 'example_subdag_operator.section-1', 'example_subdag_operator.section-2', 'example_subdag_operator' retrieved from /home/airflow/.local/lib/python3.8/site-packages/airflow/example_dags/example_subdag_operator.py
[2024-01-31T08:25:55.962+0000] {logging_mixin.py:188} INFO - [2024-01-31T08:25:55.962+0000] {dag.py:3036} INFO - Sync 3 DAGs
[2024-01-31T08:25:56.024+0000] {logging_mixin.py:188} INFO - [2024-01-31T08:25:56.024+0000] {dag.py:3823} INFO - Setting next_dagrun for example_subdag_operator to 2022-01-01 00:00:00+00:00, run_after=2022-01-01 00:00:00+00:00
[2024-01-31T08:25:56.033+0000] {logging_mixin.py:188} INFO - [2024-01-31T08:25:56.032+0000] {dag.py:3823} INFO - Setting next_dagrun for example_subdag_operator.section-1 to None, run_after=None
[2024-01-31T08:25:56.036+0000] {logging_mixin.py:188} INFO - [2024-01-31T08:25:56.036+0000] {dag.py:3823} INFO - Setting next_dagrun for example_subdag_operator.section-2 to None, run_after=None
[2024-01-31T08:25:56.054+0000] {logging_mixin.py:188} INFO - [2024-01-31T08:25:56.054+0000] {dag.py:3036} INFO - Sync 2 DAGs
[2024-01-31T08:25:56.067+0000] {logging_mixin.py:188} INFO - [2024-01-31T08:25:56.067+0000] {dag.py:3823} INFO - Setting next_dagrun for example_subdag_operator.section-1 to None, run_after=None
[2024-01-31T08:25:56.068+0000] {logging_mixin.py:188} INFO - [2024-01-31T08:25:56.068+0000] {dag.py:3823} INFO - Setting next_dagrun for example_subdag_operator.section-2 to None, run_after=None
[2024-01-31T08:25:56.099+0000] {processor.py:183} INFO - Processing /home/airflow/.local/lib/python3.8/site-packages/airflow/example_dags/example_subdag_operator.py took 0.297 seconds
