[2024-01-31T08:22:14.538+0000] {processor.py:161} INFO - Started process (PID=48) to work on /home/airflow/.local/lib/python3.8/site-packages/airflow/example_dags/example_branch_operator.py
[2024-01-31T08:22:14.541+0000] {processor.py:830} INFO - Processing file /home/airflow/.local/lib/python3.8/site-packages/airflow/example_dags/example_branch_operator.py for tasks to queue
[2024-01-31T08:22:14.548+0000] {logging_mixin.py:188} INFO - [2024-01-31T08:22:14.547+0000] {dagbag.py:538} INFO - Filling up the DagBag from /home/airflow/.local/lib/python3.8/site-packages/airflow/example_dags/example_branch_operator.py
[2024-01-31T08:22:14.686+0000] {processor.py:840} INFO - DAG(s) 'example_branch_operator' retrieved from /home/airflow/.local/lib/python3.8/site-packages/airflow/example_dags/example_branch_operator.py
[2024-01-31T08:22:15.178+0000] {logging_mixin.py:188} INFO - [2024-01-31T08:22:15.177+0000] {dag.py:3036} INFO - Sync 1 DAGs
[2024-01-31T08:22:15.235+0000] {logging_mixin.py:188} INFO - [2024-01-31T08:22:15.235+0000] {dag.py:3823} INFO - Setting next_dagrun for example_branch_operator to 2024-01-30 00:00:00+00:00, run_after=2024-01-31 00:00:00+00:00
[2024-01-31T08:22:15.284+0000] {processor.py:183} INFO - Processing /home/airflow/.local/lib/python3.8/site-packages/airflow/example_dags/example_branch_operator.py took 0.754 seconds
[2024-01-31T08:22:46.070+0000] {processor.py:161} INFO - Started process (PID=103) to work on /home/airflow/.local/lib/python3.8/site-packages/airflow/example_dags/example_branch_operator.py
[2024-01-31T08:22:46.074+0000] {processor.py:830} INFO - Processing file /home/airflow/.local/lib/python3.8/site-packages/airflow/example_dags/example_branch_operator.py for tasks to queue
[2024-01-31T08:22:46.081+0000] {logging_mixin.py:188} INFO - [2024-01-31T08:22:46.080+0000] {dagbag.py:538} INFO - Filling up the DagBag from /home/airflow/.local/lib/python3.8/site-packages/airflow/example_dags/example_branch_operator.py
[2024-01-31T08:22:46.155+0000] {processor.py:840} INFO - DAG(s) 'example_branch_operator' retrieved from /home/airflow/.local/lib/python3.8/site-packages/airflow/example_dags/example_branch_operator.py
[2024-01-31T08:22:46.238+0000] {logging_mixin.py:188} INFO - [2024-01-31T08:22:46.238+0000] {dag.py:3036} INFO - Sync 1 DAGs
[2024-01-31T08:22:46.273+0000] {logging_mixin.py:188} INFO - [2024-01-31T08:22:46.272+0000] {dag.py:3823} INFO - Setting next_dagrun for example_branch_operator to 2024-01-30 00:00:00+00:00, run_after=2024-01-31 00:00:00+00:00
[2024-01-31T08:22:46.302+0000] {processor.py:183} INFO - Processing /home/airflow/.local/lib/python3.8/site-packages/airflow/example_dags/example_branch_operator.py took 0.244 seconds
[2024-01-31T08:23:16.654+0000] {processor.py:161} INFO - Started process (PID=158) to work on /home/airflow/.local/lib/python3.8/site-packages/airflow/example_dags/example_branch_operator.py
[2024-01-31T08:23:16.659+0000] {processor.py:830} INFO - Processing file /home/airflow/.local/lib/python3.8/site-packages/airflow/example_dags/example_branch_operator.py for tasks to queue
[2024-01-31T08:23:16.666+0000] {logging_mixin.py:188} INFO - [2024-01-31T08:23:16.665+0000] {dagbag.py:538} INFO - Filling up the DagBag from /home/airflow/.local/lib/python3.8/site-packages/airflow/example_dags/example_branch_operator.py
[2024-01-31T08:23:16.743+0000] {processor.py:840} INFO - DAG(s) 'example_branch_operator' retrieved from /home/airflow/.local/lib/python3.8/site-packages/airflow/example_dags/example_branch_operator.py
[2024-01-31T08:23:16.827+0000] {logging_mixin.py:188} INFO - [2024-01-31T08:23:16.827+0000] {dag.py:3036} INFO - Sync 1 DAGs
[2024-01-31T08:23:16.897+0000] {logging_mixin.py:188} INFO - [2024-01-31T08:23:16.896+0000] {dag.py:3823} INFO - Setting next_dagrun for example_branch_operator to 2024-01-30 00:00:00+00:00, run_after=2024-01-31 00:00:00+00:00
[2024-01-31T08:23:16.956+0000] {processor.py:183} INFO - Processing /home/airflow/.local/lib/python3.8/site-packages/airflow/example_dags/example_branch_operator.py took 0.316 seconds
[2024-01-31T08:23:47.176+0000] {processor.py:161} INFO - Started process (PID=213) to work on /home/airflow/.local/lib/python3.8/site-packages/airflow/example_dags/example_branch_operator.py
[2024-01-31T08:23:47.181+0000] {processor.py:830} INFO - Processing file /home/airflow/.local/lib/python3.8/site-packages/airflow/example_dags/example_branch_operator.py for tasks to queue
[2024-01-31T08:23:47.190+0000] {logging_mixin.py:188} INFO - [2024-01-31T08:23:47.188+0000] {dagbag.py:538} INFO - Filling up the DagBag from /home/airflow/.local/lib/python3.8/site-packages/airflow/example_dags/example_branch_operator.py
[2024-01-31T08:23:47.292+0000] {processor.py:840} INFO - DAG(s) 'example_branch_operator' retrieved from /home/airflow/.local/lib/python3.8/site-packages/airflow/example_dags/example_branch_operator.py
[2024-01-31T08:23:47.348+0000] {logging_mixin.py:188} INFO - [2024-01-31T08:23:47.347+0000] {dag.py:3036} INFO - Sync 1 DAGs
[2024-01-31T08:23:47.386+0000] {logging_mixin.py:188} INFO - [2024-01-31T08:23:47.385+0000] {dag.py:3823} INFO - Setting next_dagrun for example_branch_operator to 2024-01-30 00:00:00+00:00, run_after=2024-01-31 00:00:00+00:00
[2024-01-31T08:23:47.415+0000] {processor.py:183} INFO - Processing /home/airflow/.local/lib/python3.8/site-packages/airflow/example_dags/example_branch_operator.py took 0.260 seconds
[2024-01-31T08:24:17.919+0000] {processor.py:161} INFO - Started process (PID=268) to work on /home/airflow/.local/lib/python3.8/site-packages/airflow/example_dags/example_branch_operator.py
[2024-01-31T08:24:17.923+0000] {processor.py:830} INFO - Processing file /home/airflow/.local/lib/python3.8/site-packages/airflow/example_dags/example_branch_operator.py for tasks to queue
[2024-01-31T08:24:17.931+0000] {logging_mixin.py:188} INFO - [2024-01-31T08:24:17.930+0000] {dagbag.py:538} INFO - Filling up the DagBag from /home/airflow/.local/lib/python3.8/site-packages/airflow/example_dags/example_branch_operator.py
[2024-01-31T08:24:18.008+0000] {processor.py:840} INFO - DAG(s) 'example_branch_operator' retrieved from /home/airflow/.local/lib/python3.8/site-packages/airflow/example_dags/example_branch_operator.py
[2024-01-31T08:24:18.135+0000] {logging_mixin.py:188} INFO - [2024-01-31T08:24:18.134+0000] {dag.py:3036} INFO - Sync 1 DAGs
[2024-01-31T08:24:18.177+0000] {logging_mixin.py:188} INFO - [2024-01-31T08:24:18.176+0000] {dag.py:3823} INFO - Setting next_dagrun for example_branch_operator to 2024-01-30 00:00:00+00:00, run_after=2024-01-31 00:00:00+00:00
[2024-01-31T08:24:18.206+0000] {processor.py:183} INFO - Processing /home/airflow/.local/lib/python3.8/site-packages/airflow/example_dags/example_branch_operator.py took 0.300 seconds
[2024-01-31T08:24:48.738+0000] {processor.py:161} INFO - Started process (PID=323) to work on /home/airflow/.local/lib/python3.8/site-packages/airflow/example_dags/example_branch_operator.py
[2024-01-31T08:24:48.742+0000] {processor.py:830} INFO - Processing file /home/airflow/.local/lib/python3.8/site-packages/airflow/example_dags/example_branch_operator.py for tasks to queue
[2024-01-31T08:24:48.750+0000] {logging_mixin.py:188} INFO - [2024-01-31T08:24:48.749+0000] {dagbag.py:538} INFO - Filling up the DagBag from /home/airflow/.local/lib/python3.8/site-packages/airflow/example_dags/example_branch_operator.py
[2024-01-31T08:24:48.825+0000] {processor.py:840} INFO - DAG(s) 'example_branch_operator' retrieved from /home/airflow/.local/lib/python3.8/site-packages/airflow/example_dags/example_branch_operator.py
[2024-01-31T08:24:48.916+0000] {logging_mixin.py:188} INFO - [2024-01-31T08:24:48.915+0000] {dag.py:3036} INFO - Sync 1 DAGs
[2024-01-31T08:24:48.951+0000] {logging_mixin.py:188} INFO - [2024-01-31T08:24:48.951+0000] {dag.py:3823} INFO - Setting next_dagrun for example_branch_operator to 2024-01-30 00:00:00+00:00, run_after=2024-01-31 00:00:00+00:00
[2024-01-31T08:24:48.983+0000] {processor.py:183} INFO - Processing /home/airflow/.local/lib/python3.8/site-packages/airflow/example_dags/example_branch_operator.py took 0.257 seconds
[2024-01-31T08:25:19.516+0000] {processor.py:161} INFO - Started process (PID=378) to work on /home/airflow/.local/lib/python3.8/site-packages/airflow/example_dags/example_branch_operator.py
[2024-01-31T08:25:19.520+0000] {processor.py:830} INFO - Processing file /home/airflow/.local/lib/python3.8/site-packages/airflow/example_dags/example_branch_operator.py for tasks to queue
[2024-01-31T08:25:19.528+0000] {logging_mixin.py:188} INFO - [2024-01-31T08:25:19.527+0000] {dagbag.py:538} INFO - Filling up the DagBag from /home/airflow/.local/lib/python3.8/site-packages/airflow/example_dags/example_branch_operator.py
[2024-01-31T08:25:19.599+0000] {processor.py:840} INFO - DAG(s) 'example_branch_operator' retrieved from /home/airflow/.local/lib/python3.8/site-packages/airflow/example_dags/example_branch_operator.py
[2024-01-31T08:25:19.682+0000] {logging_mixin.py:188} INFO - [2024-01-31T08:25:19.682+0000] {dag.py:3036} INFO - Sync 1 DAGs
[2024-01-31T08:25:19.736+0000] {logging_mixin.py:188} INFO - [2024-01-31T08:25:19.736+0000] {dag.py:3823} INFO - Setting next_dagrun for example_branch_operator to 2024-01-30 00:00:00+00:00, run_after=2024-01-31 00:00:00+00:00
[2024-01-31T08:25:19.779+0000] {processor.py:183} INFO - Processing /home/airflow/.local/lib/python3.8/site-packages/airflow/example_dags/example_branch_operator.py took 0.278 seconds
[2024-01-31T08:25:50.224+0000] {processor.py:161} INFO - Started process (PID=434) to work on /home/airflow/.local/lib/python3.8/site-packages/airflow/example_dags/example_branch_operator.py
[2024-01-31T08:25:50.228+0000] {processor.py:830} INFO - Processing file /home/airflow/.local/lib/python3.8/site-packages/airflow/example_dags/example_branch_operator.py for tasks to queue
[2024-01-31T08:25:50.235+0000] {logging_mixin.py:188} INFO - [2024-01-31T08:25:50.233+0000] {dagbag.py:538} INFO - Filling up the DagBag from /home/airflow/.local/lib/python3.8/site-packages/airflow/example_dags/example_branch_operator.py
[2024-01-31T08:25:50.305+0000] {processor.py:840} INFO - DAG(s) 'example_branch_operator' retrieved from /home/airflow/.local/lib/python3.8/site-packages/airflow/example_dags/example_branch_operator.py
[2024-01-31T08:25:50.359+0000] {logging_mixin.py:188} INFO - [2024-01-31T08:25:50.359+0000] {dag.py:3036} INFO - Sync 1 DAGs
[2024-01-31T08:25:50.397+0000] {logging_mixin.py:188} INFO - [2024-01-31T08:25:50.396+0000] {dag.py:3823} INFO - Setting next_dagrun for example_branch_operator to 2024-01-30 00:00:00+00:00, run_after=2024-01-31 00:00:00+00:00
[2024-01-31T08:25:50.436+0000] {processor.py:183} INFO - Processing /home/airflow/.local/lib/python3.8/site-packages/airflow/example_dags/example_branch_operator.py took 0.223 seconds
