[2024-01-31T08:22:15.284+0000] {processor.py:161} INFO - Started process (PID=50) to work on /home/airflow/.local/lib/python3.8/site-packages/airflow/example_dags/example_bash_operator.py
[2024-01-31T08:22:15.286+0000] {processor.py:830} INFO - Processing file /home/airflow/.local/lib/python3.8/site-packages/airflow/example_dags/example_bash_operator.py for tasks to queue
[2024-01-31T08:22:15.290+0000] {logging_mixin.py:188} INFO - [2024-01-31T08:22:15.289+0000] {dagbag.py:538} INFO - Filling up the DagBag from /home/airflow/.local/lib/python3.8/site-packages/airflow/example_dags/example_bash_operator.py
[2024-01-31T08:22:15.326+0000] {processor.py:840} INFO - DAG(s) 'example_bash_operator' retrieved from /home/airflow/.local/lib/python3.8/site-packages/airflow/example_dags/example_bash_operator.py
[2024-01-31T08:22:15.690+0000] {logging_mixin.py:188} INFO - [2024-01-31T08:22:15.690+0000] {dag.py:3036} INFO - Sync 1 DAGs
[2024-01-31T08:22:15.751+0000] {logging_mixin.py:188} INFO - [2024-01-31T08:22:15.751+0000] {dag.py:3823} INFO - Setting next_dagrun for example_bash_operator to 2024-01-30 00:00:00+00:00, run_after=2024-01-31 00:00:00+00:00
[2024-01-31T08:22:15.793+0000] {processor.py:183} INFO - Processing /home/airflow/.local/lib/python3.8/site-packages/airflow/example_dags/example_bash_operator.py took 0.516 seconds
[2024-01-31T08:22:46.307+0000] {processor.py:161} INFO - Started process (PID=105) to work on /home/airflow/.local/lib/python3.8/site-packages/airflow/example_dags/example_bash_operator.py
[2024-01-31T08:22:46.308+0000] {processor.py:830} INFO - Processing file /home/airflow/.local/lib/python3.8/site-packages/airflow/example_dags/example_bash_operator.py for tasks to queue
[2024-01-31T08:22:46.311+0000] {logging_mixin.py:188} INFO - [2024-01-31T08:22:46.311+0000] {dagbag.py:538} INFO - Filling up the DagBag from /home/airflow/.local/lib/python3.8/site-packages/airflow/example_dags/example_bash_operator.py
[2024-01-31T08:22:46.332+0000] {processor.py:840} INFO - DAG(s) 'example_bash_operator' retrieved from /home/airflow/.local/lib/python3.8/site-packages/airflow/example_dags/example_bash_operator.py
[2024-01-31T08:22:46.410+0000] {logging_mixin.py:188} INFO - [2024-01-31T08:22:46.410+0000] {dag.py:3036} INFO - Sync 1 DAGs
[2024-01-31T08:22:46.466+0000] {logging_mixin.py:188} INFO - [2024-01-31T08:22:46.466+0000] {dag.py:3823} INFO - Setting next_dagrun for example_bash_operator to 2024-01-30 00:00:00+00:00, run_after=2024-01-31 00:00:00+00:00
[2024-01-31T08:22:46.511+0000] {processor.py:183} INFO - Processing /home/airflow/.local/lib/python3.8/site-packages/airflow/example_dags/example_bash_operator.py took 0.209 seconds
[2024-01-31T08:23:16.946+0000] {processor.py:161} INFO - Started process (PID=160) to work on /home/airflow/.local/lib/python3.8/site-packages/airflow/example_dags/example_bash_operator.py
[2024-01-31T08:23:16.949+0000] {processor.py:830} INFO - Processing file /home/airflow/.local/lib/python3.8/site-packages/airflow/example_dags/example_bash_operator.py for tasks to queue
[2024-01-31T08:23:16.954+0000] {logging_mixin.py:188} INFO - [2024-01-31T08:23:16.954+0000] {dagbag.py:538} INFO - Filling up the DagBag from /home/airflow/.local/lib/python3.8/site-packages/airflow/example_dags/example_bash_operator.py
[2024-01-31T08:23:16.992+0000] {processor.py:840} INFO - DAG(s) 'example_bash_operator' retrieved from /home/airflow/.local/lib/python3.8/site-packages/airflow/example_dags/example_bash_operator.py
[2024-01-31T08:23:17.050+0000] {logging_mixin.py:188} INFO - [2024-01-31T08:23:17.049+0000] {dag.py:3036} INFO - Sync 1 DAGs
[2024-01-31T08:23:17.100+0000] {logging_mixin.py:188} INFO - [2024-01-31T08:23:17.099+0000] {dag.py:3823} INFO - Setting next_dagrun for example_bash_operator to 2024-01-30 00:00:00+00:00, run_after=2024-01-31 00:00:00+00:00
[2024-01-31T08:23:17.137+0000] {processor.py:183} INFO - Processing /home/airflow/.local/lib/python3.8/site-packages/airflow/example_dags/example_bash_operator.py took 0.201 seconds
[2024-01-31T08:23:47.419+0000] {processor.py:161} INFO - Started process (PID=215) to work on /home/airflow/.local/lib/python3.8/site-packages/airflow/example_dags/example_bash_operator.py
[2024-01-31T08:23:47.421+0000] {processor.py:830} INFO - Processing file /home/airflow/.local/lib/python3.8/site-packages/airflow/example_dags/example_bash_operator.py for tasks to queue
[2024-01-31T08:23:47.425+0000] {logging_mixin.py:188} INFO - [2024-01-31T08:23:47.424+0000] {dagbag.py:538} INFO - Filling up the DagBag from /home/airflow/.local/lib/python3.8/site-packages/airflow/example_dags/example_bash_operator.py
[2024-01-31T08:23:47.445+0000] {processor.py:840} INFO - DAG(s) 'example_bash_operator' retrieved from /home/airflow/.local/lib/python3.8/site-packages/airflow/example_dags/example_bash_operator.py
[2024-01-31T08:23:47.495+0000] {logging_mixin.py:188} INFO - [2024-01-31T08:23:47.494+0000] {dag.py:3036} INFO - Sync 1 DAGs
[2024-01-31T08:23:47.531+0000] {logging_mixin.py:188} INFO - [2024-01-31T08:23:47.531+0000] {dag.py:3823} INFO - Setting next_dagrun for example_bash_operator to 2024-01-30 00:00:00+00:00, run_after=2024-01-31 00:00:00+00:00
[2024-01-31T08:23:47.560+0000] {processor.py:183} INFO - Processing /home/airflow/.local/lib/python3.8/site-packages/airflow/example_dags/example_bash_operator.py took 0.145 seconds
[2024-01-31T08:24:18.204+0000] {processor.py:161} INFO - Started process (PID=270) to work on /home/airflow/.local/lib/python3.8/site-packages/airflow/example_dags/example_bash_operator.py
[2024-01-31T08:24:18.206+0000] {processor.py:830} INFO - Processing file /home/airflow/.local/lib/python3.8/site-packages/airflow/example_dags/example_bash_operator.py for tasks to queue
[2024-01-31T08:24:18.209+0000] {logging_mixin.py:188} INFO - [2024-01-31T08:24:18.209+0000] {dagbag.py:538} INFO - Filling up the DagBag from /home/airflow/.local/lib/python3.8/site-packages/airflow/example_dags/example_bash_operator.py
[2024-01-31T08:24:18.230+0000] {processor.py:840} INFO - DAG(s) 'example_bash_operator' retrieved from /home/airflow/.local/lib/python3.8/site-packages/airflow/example_dags/example_bash_operator.py
[2024-01-31T08:24:18.287+0000] {logging_mixin.py:188} INFO - [2024-01-31T08:24:18.287+0000] {dag.py:3036} INFO - Sync 1 DAGs
[2024-01-31T08:24:18.335+0000] {logging_mixin.py:188} INFO - [2024-01-31T08:24:18.335+0000] {dag.py:3823} INFO - Setting next_dagrun for example_bash_operator to 2024-01-30 00:00:00+00:00, run_after=2024-01-31 00:00:00+00:00
[2024-01-31T08:24:18.376+0000] {processor.py:183} INFO - Processing /home/airflow/.local/lib/python3.8/site-packages/airflow/example_dags/example_bash_operator.py took 0.177 seconds
[2024-01-31T08:24:48.982+0000] {processor.py:161} INFO - Started process (PID=325) to work on /home/airflow/.local/lib/python3.8/site-packages/airflow/example_dags/example_bash_operator.py
[2024-01-31T08:24:48.984+0000] {processor.py:830} INFO - Processing file /home/airflow/.local/lib/python3.8/site-packages/airflow/example_dags/example_bash_operator.py for tasks to queue
[2024-01-31T08:24:48.987+0000] {logging_mixin.py:188} INFO - [2024-01-31T08:24:48.987+0000] {dagbag.py:538} INFO - Filling up the DagBag from /home/airflow/.local/lib/python3.8/site-packages/airflow/example_dags/example_bash_operator.py
[2024-01-31T08:24:49.008+0000] {processor.py:840} INFO - DAG(s) 'example_bash_operator' retrieved from /home/airflow/.local/lib/python3.8/site-packages/airflow/example_dags/example_bash_operator.py
[2024-01-31T08:24:49.064+0000] {logging_mixin.py:188} INFO - [2024-01-31T08:24:49.064+0000] {dag.py:3036} INFO - Sync 1 DAGs
[2024-01-31T08:24:49.107+0000] {logging_mixin.py:188} INFO - [2024-01-31T08:24:49.107+0000] {dag.py:3823} INFO - Setting next_dagrun for example_bash_operator to 2024-01-30 00:00:00+00:00, run_after=2024-01-31 00:00:00+00:00
[2024-01-31T08:24:49.151+0000] {processor.py:183} INFO - Processing /home/airflow/.local/lib/python3.8/site-packages/airflow/example_dags/example_bash_operator.py took 0.174 seconds
[2024-01-31T08:25:19.778+0000] {processor.py:161} INFO - Started process (PID=380) to work on /home/airflow/.local/lib/python3.8/site-packages/airflow/example_dags/example_bash_operator.py
[2024-01-31T08:25:19.780+0000] {processor.py:830} INFO - Processing file /home/airflow/.local/lib/python3.8/site-packages/airflow/example_dags/example_bash_operator.py for tasks to queue
[2024-01-31T08:25:19.784+0000] {logging_mixin.py:188} INFO - [2024-01-31T08:25:19.784+0000] {dagbag.py:538} INFO - Filling up the DagBag from /home/airflow/.local/lib/python3.8/site-packages/airflow/example_dags/example_bash_operator.py
[2024-01-31T08:25:19.814+0000] {processor.py:840} INFO - DAG(s) 'example_bash_operator' retrieved from /home/airflow/.local/lib/python3.8/site-packages/airflow/example_dags/example_bash_operator.py
[2024-01-31T08:25:19.892+0000] {logging_mixin.py:188} INFO - [2024-01-31T08:25:19.892+0000] {dag.py:3036} INFO - Sync 1 DAGs
[2024-01-31T08:25:19.947+0000] {logging_mixin.py:188} INFO - [2024-01-31T08:25:19.947+0000] {dag.py:3823} INFO - Setting next_dagrun for example_bash_operator to 2024-01-30 00:00:00+00:00, run_after=2024-01-31 00:00:00+00:00
[2024-01-31T08:25:19.989+0000] {processor.py:183} INFO - Processing /home/airflow/.local/lib/python3.8/site-packages/airflow/example_dags/example_bash_operator.py took 0.218 seconds
[2024-01-31T08:25:50.225+0000] {processor.py:161} INFO - Started process (PID=435) to work on /home/airflow/.local/lib/python3.8/site-packages/airflow/example_dags/example_bash_operator.py
[2024-01-31T08:25:50.229+0000] {processor.py:830} INFO - Processing file /home/airflow/.local/lib/python3.8/site-packages/airflow/example_dags/example_bash_operator.py for tasks to queue
[2024-01-31T08:25:50.236+0000] {logging_mixin.py:188} INFO - [2024-01-31T08:25:50.235+0000] {dagbag.py:538} INFO - Filling up the DagBag from /home/airflow/.local/lib/python3.8/site-packages/airflow/example_dags/example_bash_operator.py
[2024-01-31T08:25:50.285+0000] {processor.py:840} INFO - DAG(s) 'example_bash_operator' retrieved from /home/airflow/.local/lib/python3.8/site-packages/airflow/example_dags/example_bash_operator.py
[2024-01-31T08:25:50.354+0000] {logging_mixin.py:188} INFO - [2024-01-31T08:25:50.354+0000] {dag.py:3036} INFO - Sync 1 DAGs
[2024-01-31T08:25:50.392+0000] {logging_mixin.py:188} INFO - [2024-01-31T08:25:50.392+0000] {dag.py:3823} INFO - Setting next_dagrun for example_bash_operator to 2024-01-30 00:00:00+00:00, run_after=2024-01-31 00:00:00+00:00
[2024-01-31T08:25:50.429+0000] {processor.py:183} INFO - Processing /home/airflow/.local/lib/python3.8/site-packages/airflow/example_dags/example_bash_operator.py took 0.215 seconds
