[2024-01-31T08:22:12.409+0000] {processor.py:161} INFO - Started process (PID=38) to work on /home/airflow/.local/lib/python3.8/site-packages/airflow/example_dags/example_task_group.py
[2024-01-31T08:22:12.411+0000] {processor.py:830} INFO - Processing file /home/airflow/.local/lib/python3.8/site-packages/airflow/example_dags/example_task_group.py for tasks to queue
[2024-01-31T08:22:12.414+0000] {logging_mixin.py:188} INFO - [2024-01-31T08:22:12.414+0000] {dagbag.py:538} INFO - Filling up the DagBag from /home/airflow/.local/lib/python3.8/site-packages/airflow/example_dags/example_task_group.py
[2024-01-31T08:22:12.456+0000] {processor.py:840} INFO - DAG(s) 'example_task_group' retrieved from /home/airflow/.local/lib/python3.8/site-packages/airflow/example_dags/example_task_group.py
[2024-01-31T08:22:12.846+0000] {logging_mixin.py:188} INFO - [2024-01-31T08:22:12.846+0000] {dag.py:3036} INFO - Sync 1 DAGs
[2024-01-31T08:22:12.891+0000] {logging_mixin.py:188} INFO - [2024-01-31T08:22:12.890+0000] {dag.py:3823} INFO - Setting next_dagrun for example_task_group to 2024-01-30 00:00:00+00:00, run_after=2024-01-31 00:00:00+00:00
[2024-01-31T08:22:12.930+0000] {processor.py:183} INFO - Processing /home/airflow/.local/lib/python3.8/site-packages/airflow/example_dags/example_task_group.py took 0.528 seconds
[2024-01-31T08:22:44.373+0000] {processor.py:161} INFO - Started process (PID=100) to work on /home/airflow/.local/lib/python3.8/site-packages/airflow/example_dags/example_task_group.py
[2024-01-31T08:22:44.374+0000] {processor.py:830} INFO - Processing file /home/airflow/.local/lib/python3.8/site-packages/airflow/example_dags/example_task_group.py for tasks to queue
[2024-01-31T08:22:44.377+0000] {logging_mixin.py:188} INFO - [2024-01-31T08:22:44.377+0000] {dagbag.py:538} INFO - Filling up the DagBag from /home/airflow/.local/lib/python3.8/site-packages/airflow/example_dags/example_task_group.py
[2024-01-31T08:22:44.388+0000] {processor.py:840} INFO - DAG(s) 'example_task_group' retrieved from /home/airflow/.local/lib/python3.8/site-packages/airflow/example_dags/example_task_group.py
[2024-01-31T08:22:44.429+0000] {logging_mixin.py:188} INFO - [2024-01-31T08:22:44.429+0000] {dag.py:3036} INFO - Sync 1 DAGs
[2024-01-31T08:22:44.479+0000] {logging_mixin.py:188} INFO - [2024-01-31T08:22:44.478+0000] {dag.py:3823} INFO - Setting next_dagrun for example_task_group to 2024-01-30 00:00:00+00:00, run_after=2024-01-31 00:00:00+00:00
[2024-01-31T08:22:44.553+0000] {processor.py:183} INFO - Processing /home/airflow/.local/lib/python3.8/site-packages/airflow/example_dags/example_task_group.py took 0.186 seconds
[2024-01-31T08:23:14.755+0000] {processor.py:161} INFO - Started process (PID=155) to work on /home/airflow/.local/lib/python3.8/site-packages/airflow/example_dags/example_task_group.py
[2024-01-31T08:23:14.759+0000] {processor.py:830} INFO - Processing file /home/airflow/.local/lib/python3.8/site-packages/airflow/example_dags/example_task_group.py for tasks to queue
[2024-01-31T08:23:14.768+0000] {logging_mixin.py:188} INFO - [2024-01-31T08:23:14.767+0000] {dagbag.py:538} INFO - Filling up the DagBag from /home/airflow/.local/lib/python3.8/site-packages/airflow/example_dags/example_task_group.py
[2024-01-31T08:23:14.795+0000] {processor.py:840} INFO - DAG(s) 'example_task_group' retrieved from /home/airflow/.local/lib/python3.8/site-packages/airflow/example_dags/example_task_group.py
[2024-01-31T08:23:14.916+0000] {logging_mixin.py:188} INFO - [2024-01-31T08:23:14.915+0000] {dag.py:3036} INFO - Sync 1 DAGs
[2024-01-31T08:23:15.016+0000] {logging_mixin.py:188} INFO - [2024-01-31T08:23:15.015+0000] {dag.py:3823} INFO - Setting next_dagrun for example_task_group to 2024-01-30 00:00:00+00:00, run_after=2024-01-31 00:00:00+00:00
[2024-01-31T08:23:15.136+0000] {processor.py:183} INFO - Processing /home/airflow/.local/lib/python3.8/site-packages/airflow/example_dags/example_task_group.py took 0.396 seconds
[2024-01-31T08:23:45.345+0000] {processor.py:161} INFO - Started process (PID=209) to work on /home/airflow/.local/lib/python3.8/site-packages/airflow/example_dags/example_task_group.py
[2024-01-31T08:23:45.349+0000] {processor.py:830} INFO - Processing file /home/airflow/.local/lib/python3.8/site-packages/airflow/example_dags/example_task_group.py for tasks to queue
[2024-01-31T08:23:45.356+0000] {logging_mixin.py:188} INFO - [2024-01-31T08:23:45.355+0000] {dagbag.py:538} INFO - Filling up the DagBag from /home/airflow/.local/lib/python3.8/site-packages/airflow/example_dags/example_task_group.py
[2024-01-31T08:23:45.384+0000] {processor.py:840} INFO - DAG(s) 'example_task_group' retrieved from /home/airflow/.local/lib/python3.8/site-packages/airflow/example_dags/example_task_group.py
[2024-01-31T08:23:45.524+0000] {logging_mixin.py:188} INFO - [2024-01-31T08:23:45.523+0000] {dag.py:3036} INFO - Sync 1 DAGs
[2024-01-31T08:23:45.638+0000] {logging_mixin.py:188} INFO - [2024-01-31T08:23:45.637+0000] {dag.py:3823} INFO - Setting next_dagrun for example_task_group to 2024-01-30 00:00:00+00:00, run_after=2024-01-31 00:00:00+00:00
[2024-01-31T08:23:45.693+0000] {processor.py:183} INFO - Processing /home/airflow/.local/lib/python3.8/site-packages/airflow/example_dags/example_task_group.py took 0.361 seconds
[2024-01-31T08:24:16.122+0000] {processor.py:161} INFO - Started process (PID=264) to work on /home/airflow/.local/lib/python3.8/site-packages/airflow/example_dags/example_task_group.py
[2024-01-31T08:24:16.127+0000] {processor.py:830} INFO - Processing file /home/airflow/.local/lib/python3.8/site-packages/airflow/example_dags/example_task_group.py for tasks to queue
[2024-01-31T08:24:16.148+0000] {logging_mixin.py:188} INFO - [2024-01-31T08:24:16.146+0000] {dagbag.py:538} INFO - Filling up the DagBag from /home/airflow/.local/lib/python3.8/site-packages/airflow/example_dags/example_task_group.py
[2024-01-31T08:24:16.185+0000] {processor.py:840} INFO - DAG(s) 'example_task_group' retrieved from /home/airflow/.local/lib/python3.8/site-packages/airflow/example_dags/example_task_group.py
[2024-01-31T08:24:16.326+0000] {logging_mixin.py:188} INFO - [2024-01-31T08:24:16.325+0000] {dag.py:3036} INFO - Sync 1 DAGs
[2024-01-31T08:24:16.412+0000] {logging_mixin.py:188} INFO - [2024-01-31T08:24:16.411+0000] {dag.py:3823} INFO - Setting next_dagrun for example_task_group to 2024-01-30 00:00:00+00:00, run_after=2024-01-31 00:00:00+00:00
[2024-01-31T08:24:16.476+0000] {processor.py:183} INFO - Processing /home/airflow/.local/lib/python3.8/site-packages/airflow/example_dags/example_task_group.py took 0.373 seconds
[2024-01-31T08:24:47.052+0000] {processor.py:161} INFO - Started process (PID=319) to work on /home/airflow/.local/lib/python3.8/site-packages/airflow/example_dags/example_task_group.py
[2024-01-31T08:24:47.057+0000] {processor.py:830} INFO - Processing file /home/airflow/.local/lib/python3.8/site-packages/airflow/example_dags/example_task_group.py for tasks to queue
[2024-01-31T08:24:47.066+0000] {logging_mixin.py:188} INFO - [2024-01-31T08:24:47.064+0000] {dagbag.py:538} INFO - Filling up the DagBag from /home/airflow/.local/lib/python3.8/site-packages/airflow/example_dags/example_task_group.py
[2024-01-31T08:24:47.107+0000] {processor.py:840} INFO - DAG(s) 'example_task_group' retrieved from /home/airflow/.local/lib/python3.8/site-packages/airflow/example_dags/example_task_group.py
[2024-01-31T08:24:47.207+0000] {logging_mixin.py:188} INFO - [2024-01-31T08:24:47.207+0000] {dag.py:3036} INFO - Sync 1 DAGs
[2024-01-31T08:24:47.259+0000] {logging_mixin.py:188} INFO - [2024-01-31T08:24:47.259+0000] {dag.py:3823} INFO - Setting next_dagrun for example_task_group to 2024-01-30 00:00:00+00:00, run_after=2024-01-31 00:00:00+00:00
[2024-01-31T08:24:47.308+0000] {processor.py:183} INFO - Processing /home/airflow/.local/lib/python3.8/site-packages/airflow/example_dags/example_task_group.py took 0.271 seconds
[2024-01-31T08:25:17.624+0000] {processor.py:161} INFO - Started process (PID=374) to work on /home/airflow/.local/lib/python3.8/site-packages/airflow/example_dags/example_task_group.py
[2024-01-31T08:25:17.630+0000] {processor.py:830} INFO - Processing file /home/airflow/.local/lib/python3.8/site-packages/airflow/example_dags/example_task_group.py for tasks to queue
[2024-01-31T08:25:17.639+0000] {logging_mixin.py:188} INFO - [2024-01-31T08:25:17.638+0000] {dagbag.py:538} INFO - Filling up the DagBag from /home/airflow/.local/lib/python3.8/site-packages/airflow/example_dags/example_task_group.py
[2024-01-31T08:25:17.674+0000] {processor.py:840} INFO - DAG(s) 'example_task_group' retrieved from /home/airflow/.local/lib/python3.8/site-packages/airflow/example_dags/example_task_group.py
[2024-01-31T08:25:17.769+0000] {logging_mixin.py:188} INFO - [2024-01-31T08:25:17.769+0000] {dag.py:3036} INFO - Sync 1 DAGs
[2024-01-31T08:25:17.873+0000] {logging_mixin.py:188} INFO - [2024-01-31T08:25:17.872+0000] {dag.py:3823} INFO - Setting next_dagrun for example_task_group to 2024-01-30 00:00:00+00:00, run_after=2024-01-31 00:00:00+00:00
[2024-01-31T08:25:17.959+0000] {processor.py:183} INFO - Processing /home/airflow/.local/lib/python3.8/site-packages/airflow/example_dags/example_task_group.py took 0.350 seconds
[2024-01-31T08:25:48.574+0000] {processor.py:161} INFO - Started process (PID=429) to work on /home/airflow/.local/lib/python3.8/site-packages/airflow/example_dags/example_task_group.py
[2024-01-31T08:25:48.578+0000] {processor.py:830} INFO - Processing file /home/airflow/.local/lib/python3.8/site-packages/airflow/example_dags/example_task_group.py for tasks to queue
[2024-01-31T08:25:48.585+0000] {logging_mixin.py:188} INFO - [2024-01-31T08:25:48.584+0000] {dagbag.py:538} INFO - Filling up the DagBag from /home/airflow/.local/lib/python3.8/site-packages/airflow/example_dags/example_task_group.py
[2024-01-31T08:25:48.618+0000] {processor.py:840} INFO - DAG(s) 'example_task_group' retrieved from /home/airflow/.local/lib/python3.8/site-packages/airflow/example_dags/example_task_group.py
[2024-01-31T08:25:48.706+0000] {logging_mixin.py:188} INFO - [2024-01-31T08:25:48.705+0000] {dag.py:3036} INFO - Sync 1 DAGs
[2024-01-31T08:25:48.796+0000] {logging_mixin.py:188} INFO - [2024-01-31T08:25:48.796+0000] {dag.py:3823} INFO - Setting next_dagrun for example_task_group to 2024-01-30 00:00:00+00:00, run_after=2024-01-31 00:00:00+00:00
[2024-01-31T08:25:48.869+0000] {processor.py:183} INFO - Processing /home/airflow/.local/lib/python3.8/site-packages/airflow/example_dags/example_task_group.py took 0.309 seconds
