[2024-01-31T08:22:23.862+0000] {processor.py:161} INFO - Started process (PID=83) to work on /home/airflow/.local/lib/python3.8/site-packages/airflow/example_dags/example_latest_only.py
[2024-01-31T08:22:23.864+0000] {processor.py:830} INFO - Processing file /home/airflow/.local/lib/python3.8/site-packages/airflow/example_dags/example_latest_only.py for tasks to queue
[2024-01-31T08:22:23.867+0000] {logging_mixin.py:188} INFO - [2024-01-31T08:22:23.866+0000] {dagbag.py:538} INFO - Filling up the DagBag from /home/airflow/.local/lib/python3.8/site-packages/airflow/example_dags/example_latest_only.py
[2024-01-31T08:22:23.875+0000] {processor.py:840} INFO - DAG(s) 'latest_only' retrieved from /home/airflow/.local/lib/python3.8/site-packages/airflow/example_dags/example_latest_only.py
[2024-01-31T08:22:24.076+0000] {logging_mixin.py:188} INFO - [2024-01-31T08:22:24.075+0000] {dag.py:3036} INFO - Sync 1 DAGs
[2024-01-31T08:22:24.112+0000] {logging_mixin.py:188} INFO - [2024-01-31T08:22:24.112+0000] {dag.py:3823} INFO - Setting next_dagrun for latest_only to 2024-01-31 04:00:00+00:00, run_after=2024-01-31 08:00:00+00:00
[2024-01-31T08:22:24.147+0000] {processor.py:183} INFO - Processing /home/airflow/.local/lib/python3.8/site-packages/airflow/example_dags/example_latest_only.py took 0.290 seconds
[2024-01-31T08:22:54.587+0000] {processor.py:161} INFO - Started process (PID=138) to work on /home/airflow/.local/lib/python3.8/site-packages/airflow/example_dags/example_latest_only.py
[2024-01-31T08:22:54.589+0000] {processor.py:830} INFO - Processing file /home/airflow/.local/lib/python3.8/site-packages/airflow/example_dags/example_latest_only.py for tasks to queue
[2024-01-31T08:22:54.591+0000] {logging_mixin.py:188} INFO - [2024-01-31T08:22:54.591+0000] {dagbag.py:538} INFO - Filling up the DagBag from /home/airflow/.local/lib/python3.8/site-packages/airflow/example_dags/example_latest_only.py
[2024-01-31T08:22:54.598+0000] {processor.py:840} INFO - DAG(s) 'latest_only' retrieved from /home/airflow/.local/lib/python3.8/site-packages/airflow/example_dags/example_latest_only.py
[2024-01-31T08:22:54.626+0000] {logging_mixin.py:188} INFO - [2024-01-31T08:22:54.625+0000] {dag.py:3036} INFO - Sync 1 DAGs
[2024-01-31T08:22:54.659+0000] {logging_mixin.py:188} INFO - [2024-01-31T08:22:54.659+0000] {dag.py:3823} INFO - Setting next_dagrun for latest_only to 2024-01-31 04:00:00+00:00, run_after=2024-01-31 08:00:00+00:00
[2024-01-31T08:22:54.687+0000] {processor.py:183} INFO - Processing /home/airflow/.local/lib/python3.8/site-packages/airflow/example_dags/example_latest_only.py took 0.104 seconds
[2024-01-31T08:23:25.555+0000] {processor.py:161} INFO - Started process (PID=193) to work on /home/airflow/.local/lib/python3.8/site-packages/airflow/example_dags/example_latest_only.py
[2024-01-31T08:23:25.557+0000] {processor.py:830} INFO - Processing file /home/airflow/.local/lib/python3.8/site-packages/airflow/example_dags/example_latest_only.py for tasks to queue
[2024-01-31T08:23:25.561+0000] {logging_mixin.py:188} INFO - [2024-01-31T08:23:25.560+0000] {dagbag.py:538} INFO - Filling up the DagBag from /home/airflow/.local/lib/python3.8/site-packages/airflow/example_dags/example_latest_only.py
[2024-01-31T08:23:25.571+0000] {processor.py:840} INFO - DAG(s) 'latest_only' retrieved from /home/airflow/.local/lib/python3.8/site-packages/airflow/example_dags/example_latest_only.py
[2024-01-31T08:23:25.612+0000] {logging_mixin.py:188} INFO - [2024-01-31T08:23:25.611+0000] {dag.py:3036} INFO - Sync 1 DAGs
[2024-01-31T08:23:25.659+0000] {logging_mixin.py:188} INFO - [2024-01-31T08:23:25.658+0000] {dag.py:3823} INFO - Setting next_dagrun for latest_only to 2024-01-31 04:00:00+00:00, run_after=2024-01-31 08:00:00+00:00
[2024-01-31T08:23:25.695+0000] {processor.py:183} INFO - Processing /home/airflow/.local/lib/python3.8/site-packages/airflow/example_dags/example_latest_only.py took 0.147 seconds
[2024-01-31T08:23:55.840+0000] {processor.py:161} INFO - Started process (PID=247) to work on /home/airflow/.local/lib/python3.8/site-packages/airflow/example_dags/example_latest_only.py
[2024-01-31T08:23:55.842+0000] {processor.py:830} INFO - Processing file /home/airflow/.local/lib/python3.8/site-packages/airflow/example_dags/example_latest_only.py for tasks to queue
[2024-01-31T08:23:55.845+0000] {logging_mixin.py:188} INFO - [2024-01-31T08:23:55.844+0000] {dagbag.py:538} INFO - Filling up the DagBag from /home/airflow/.local/lib/python3.8/site-packages/airflow/example_dags/example_latest_only.py
[2024-01-31T08:23:55.853+0000] {processor.py:840} INFO - DAG(s) 'latest_only' retrieved from /home/airflow/.local/lib/python3.8/site-packages/airflow/example_dags/example_latest_only.py
[2024-01-31T08:23:55.887+0000] {logging_mixin.py:188} INFO - [2024-01-31T08:23:55.886+0000] {dag.py:3036} INFO - Sync 1 DAGs
[2024-01-31T08:23:55.926+0000] {logging_mixin.py:188} INFO - [2024-01-31T08:23:55.926+0000] {dag.py:3823} INFO - Setting next_dagrun for latest_only to 2024-01-31 04:00:00+00:00, run_after=2024-01-31 08:00:00+00:00
[2024-01-31T08:23:55.967+0000] {processor.py:183} INFO - Processing /home/airflow/.local/lib/python3.8/site-packages/airflow/example_dags/example_latest_only.py took 0.131 seconds
[2024-01-31T08:24:26.691+0000] {processor.py:161} INFO - Started process (PID=302) to work on /home/airflow/.local/lib/python3.8/site-packages/airflow/example_dags/example_latest_only.py
[2024-01-31T08:24:26.693+0000] {processor.py:830} INFO - Processing file /home/airflow/.local/lib/python3.8/site-packages/airflow/example_dags/example_latest_only.py for tasks to queue
[2024-01-31T08:24:26.697+0000] {logging_mixin.py:188} INFO - [2024-01-31T08:24:26.697+0000] {dagbag.py:538} INFO - Filling up the DagBag from /home/airflow/.local/lib/python3.8/site-packages/airflow/example_dags/example_latest_only.py
[2024-01-31T08:24:26.710+0000] {processor.py:840} INFO - DAG(s) 'latest_only' retrieved from /home/airflow/.local/lib/python3.8/site-packages/airflow/example_dags/example_latest_only.py
[2024-01-31T08:24:26.755+0000] {logging_mixin.py:188} INFO - [2024-01-31T08:24:26.755+0000] {dag.py:3036} INFO - Sync 1 DAGs
[2024-01-31T08:24:26.807+0000] {logging_mixin.py:188} INFO - [2024-01-31T08:24:26.807+0000] {dag.py:3823} INFO - Setting next_dagrun for latest_only to 2024-01-31 04:00:00+00:00, run_after=2024-01-31 08:00:00+00:00
[2024-01-31T08:24:26.849+0000] {processor.py:183} INFO - Processing /home/airflow/.local/lib/python3.8/site-packages/airflow/example_dags/example_latest_only.py took 0.165 seconds
[2024-01-31T08:24:57.489+0000] {processor.py:161} INFO - Started process (PID=357) to work on /home/airflow/.local/lib/python3.8/site-packages/airflow/example_dags/example_latest_only.py
[2024-01-31T08:24:57.491+0000] {processor.py:830} INFO - Processing file /home/airflow/.local/lib/python3.8/site-packages/airflow/example_dags/example_latest_only.py for tasks to queue
[2024-01-31T08:24:57.494+0000] {logging_mixin.py:188} INFO - [2024-01-31T08:24:57.494+0000] {dagbag.py:538} INFO - Filling up the DagBag from /home/airflow/.local/lib/python3.8/site-packages/airflow/example_dags/example_latest_only.py
[2024-01-31T08:24:57.506+0000] {processor.py:840} INFO - DAG(s) 'latest_only' retrieved from /home/airflow/.local/lib/python3.8/site-packages/airflow/example_dags/example_latest_only.py
[2024-01-31T08:24:57.552+0000] {logging_mixin.py:188} INFO - [2024-01-31T08:24:57.551+0000] {dag.py:3036} INFO - Sync 1 DAGs
[2024-01-31T08:24:57.604+0000] {logging_mixin.py:188} INFO - [2024-01-31T08:24:57.604+0000] {dag.py:3823} INFO - Setting next_dagrun for latest_only to 2024-01-31 04:00:00+00:00, run_after=2024-01-31 08:00:00+00:00
[2024-01-31T08:24:57.657+0000] {processor.py:183} INFO - Processing /home/airflow/.local/lib/python3.8/site-packages/airflow/example_dags/example_latest_only.py took 0.174 seconds
[2024-01-31T08:25:28.666+0000] {processor.py:161} INFO - Started process (PID=413) to work on /home/airflow/.local/lib/python3.8/site-packages/airflow/example_dags/example_latest_only.py
[2024-01-31T08:25:28.668+0000] {processor.py:830} INFO - Processing file /home/airflow/.local/lib/python3.8/site-packages/airflow/example_dags/example_latest_only.py for tasks to queue
[2024-01-31T08:25:28.672+0000] {logging_mixin.py:188} INFO - [2024-01-31T08:25:28.672+0000] {dagbag.py:538} INFO - Filling up the DagBag from /home/airflow/.local/lib/python3.8/site-packages/airflow/example_dags/example_latest_only.py
[2024-01-31T08:25:28.682+0000] {processor.py:840} INFO - DAG(s) 'latest_only' retrieved from /home/airflow/.local/lib/python3.8/site-packages/airflow/example_dags/example_latest_only.py
[2024-01-31T08:25:28.722+0000] {logging_mixin.py:188} INFO - [2024-01-31T08:25:28.721+0000] {dag.py:3036} INFO - Sync 1 DAGs
[2024-01-31T08:25:28.776+0000] {logging_mixin.py:188} INFO - [2024-01-31T08:25:28.775+0000] {dag.py:3823} INFO - Setting next_dagrun for latest_only to 2024-01-31 04:00:00+00:00, run_after=2024-01-31 08:00:00+00:00
[2024-01-31T08:25:28.820+0000] {processor.py:183} INFO - Processing /home/airflow/.local/lib/python3.8/site-packages/airflow/example_dags/example_latest_only.py took 0.161 seconds
