[2024-01-31T08:22:24.496+0000] {processor.py:161} INFO - Started process (PID=86) to work on /home/airflow/.local/lib/python3.8/site-packages/airflow/example_dags/example_local_kubernetes_executor.py
[2024-01-31T08:22:24.498+0000] {processor.py:830} INFO - Processing file /home/airflow/.local/lib/python3.8/site-packages/airflow/example_dags/example_local_kubernetes_executor.py for tasks to queue
[2024-01-31T08:22:24.502+0000] {logging_mixin.py:188} INFO - [2024-01-31T08:22:24.502+0000] {dagbag.py:538} INFO - Filling up the DagBag from /home/airflow/.local/lib/python3.8/site-packages/airflow/example_dags/example_local_kubernetes_executor.py
[2024-01-31T08:22:24.522+0000] {processor.py:840} INFO - DAG(s) 'example_local_kubernetes_executor' retrieved from /home/airflow/.local/lib/python3.8/site-packages/airflow/example_dags/example_local_kubernetes_executor.py
[2024-01-31T08:22:24.732+0000] {logging_mixin.py:188} INFO - [2024-01-31T08:22:24.732+0000] {dag.py:3036} INFO - Sync 1 DAGs
[2024-01-31T08:22:24.748+0000] {logging_mixin.py:188} INFO - [2024-01-31T08:22:24.748+0000] {dag.py:3823} INFO - Setting next_dagrun for example_local_kubernetes_executor to None, run_after=None
[2024-01-31T08:22:24.775+0000] {processor.py:183} INFO - Processing /home/airflow/.local/lib/python3.8/site-packages/airflow/example_dags/example_local_kubernetes_executor.py took 0.286 seconds
[2024-01-31T08:22:54.827+0000] {processor.py:161} INFO - Started process (PID=141) to work on /home/airflow/.local/lib/python3.8/site-packages/airflow/example_dags/example_local_kubernetes_executor.py
[2024-01-31T08:22:54.829+0000] {processor.py:830} INFO - Processing file /home/airflow/.local/lib/python3.8/site-packages/airflow/example_dags/example_local_kubernetes_executor.py for tasks to queue
[2024-01-31T08:22:54.831+0000] {logging_mixin.py:188} INFO - [2024-01-31T08:22:54.831+0000] {dagbag.py:538} INFO - Filling up the DagBag from /home/airflow/.local/lib/python3.8/site-packages/airflow/example_dags/example_local_kubernetes_executor.py
[2024-01-31T08:22:54.842+0000] {processor.py:840} INFO - DAG(s) 'example_local_kubernetes_executor' retrieved from /home/airflow/.local/lib/python3.8/site-packages/airflow/example_dags/example_local_kubernetes_executor.py
[2024-01-31T08:22:54.895+0000] {logging_mixin.py:188} INFO - [2024-01-31T08:22:54.894+0000] {dag.py:3036} INFO - Sync 1 DAGs
[2024-01-31T08:22:54.914+0000] {logging_mixin.py:188} INFO - [2024-01-31T08:22:54.913+0000] {dag.py:3823} INFO - Setting next_dagrun for example_local_kubernetes_executor to None, run_after=None
[2024-01-31T08:22:54.951+0000] {processor.py:183} INFO - Processing /home/airflow/.local/lib/python3.8/site-packages/airflow/example_dags/example_local_kubernetes_executor.py took 0.129 seconds
[2024-01-31T08:23:25.923+0000] {processor.py:161} INFO - Started process (PID=196) to work on /home/airflow/.local/lib/python3.8/site-packages/airflow/example_dags/example_local_kubernetes_executor.py
[2024-01-31T08:23:25.925+0000] {processor.py:830} INFO - Processing file /home/airflow/.local/lib/python3.8/site-packages/airflow/example_dags/example_local_kubernetes_executor.py for tasks to queue
[2024-01-31T08:23:25.928+0000] {logging_mixin.py:188} INFO - [2024-01-31T08:23:25.927+0000] {dagbag.py:538} INFO - Filling up the DagBag from /home/airflow/.local/lib/python3.8/site-packages/airflow/example_dags/example_local_kubernetes_executor.py
[2024-01-31T08:23:25.941+0000] {processor.py:840} INFO - DAG(s) 'example_local_kubernetes_executor' retrieved from /home/airflow/.local/lib/python3.8/site-packages/airflow/example_dags/example_local_kubernetes_executor.py
[2024-01-31T08:23:26.004+0000] {logging_mixin.py:188} INFO - [2024-01-31T08:23:26.004+0000] {dag.py:3036} INFO - Sync 1 DAGs
[2024-01-31T08:23:26.027+0000] {logging_mixin.py:188} INFO - [2024-01-31T08:23:26.026+0000] {dag.py:3823} INFO - Setting next_dagrun for example_local_kubernetes_executor to None, run_after=None
[2024-01-31T08:23:26.068+0000] {processor.py:183} INFO - Processing /home/airflow/.local/lib/python3.8/site-packages/airflow/example_dags/example_local_kubernetes_executor.py took 0.150 seconds
[2024-01-31T08:23:56.537+0000] {processor.py:161} INFO - Started process (PID=251) to work on /home/airflow/.local/lib/python3.8/site-packages/airflow/example_dags/example_local_kubernetes_executor.py
[2024-01-31T08:23:56.539+0000] {processor.py:830} INFO - Processing file /home/airflow/.local/lib/python3.8/site-packages/airflow/example_dags/example_local_kubernetes_executor.py for tasks to queue
[2024-01-31T08:23:56.541+0000] {logging_mixin.py:188} INFO - [2024-01-31T08:23:56.541+0000] {dagbag.py:538} INFO - Filling up the DagBag from /home/airflow/.local/lib/python3.8/site-packages/airflow/example_dags/example_local_kubernetes_executor.py
[2024-01-31T08:23:56.553+0000] {processor.py:840} INFO - DAG(s) 'example_local_kubernetes_executor' retrieved from /home/airflow/.local/lib/python3.8/site-packages/airflow/example_dags/example_local_kubernetes_executor.py
[2024-01-31T08:23:56.620+0000] {logging_mixin.py:188} INFO - [2024-01-31T08:23:56.619+0000] {dag.py:3036} INFO - Sync 1 DAGs
[2024-01-31T08:23:56.653+0000] {logging_mixin.py:188} INFO - [2024-01-31T08:23:56.652+0000] {dag.py:3823} INFO - Setting next_dagrun for example_local_kubernetes_executor to None, run_after=None
[2024-01-31T08:23:56.713+0000] {processor.py:183} INFO - Processing /home/airflow/.local/lib/python3.8/site-packages/airflow/example_dags/example_local_kubernetes_executor.py took 0.181 seconds
[2024-01-31T08:24:27.242+0000] {processor.py:161} INFO - Started process (PID=306) to work on /home/airflow/.local/lib/python3.8/site-packages/airflow/example_dags/example_local_kubernetes_executor.py
[2024-01-31T08:24:27.244+0000] {processor.py:830} INFO - Processing file /home/airflow/.local/lib/python3.8/site-packages/airflow/example_dags/example_local_kubernetes_executor.py for tasks to queue
[2024-01-31T08:24:27.248+0000] {logging_mixin.py:188} INFO - [2024-01-31T08:24:27.247+0000] {dagbag.py:538} INFO - Filling up the DagBag from /home/airflow/.local/lib/python3.8/site-packages/airflow/example_dags/example_local_kubernetes_executor.py
[2024-01-31T08:24:27.261+0000] {processor.py:840} INFO - DAG(s) 'example_local_kubernetes_executor' retrieved from /home/airflow/.local/lib/python3.8/site-packages/airflow/example_dags/example_local_kubernetes_executor.py
[2024-01-31T08:24:27.338+0000] {logging_mixin.py:188} INFO - [2024-01-31T08:24:27.337+0000] {dag.py:3036} INFO - Sync 1 DAGs
[2024-01-31T08:24:27.370+0000] {logging_mixin.py:188} INFO - [2024-01-31T08:24:27.370+0000] {dag.py:3823} INFO - Setting next_dagrun for example_local_kubernetes_executor to None, run_after=None
[2024-01-31T08:24:27.422+0000] {processor.py:183} INFO - Processing /home/airflow/.local/lib/python3.8/site-packages/airflow/example_dags/example_local_kubernetes_executor.py took 0.185 seconds
[2024-01-31T08:24:57.956+0000] {processor.py:161} INFO - Started process (PID=361) to work on /home/airflow/.local/lib/python3.8/site-packages/airflow/example_dags/example_local_kubernetes_executor.py
[2024-01-31T08:24:57.958+0000] {processor.py:830} INFO - Processing file /home/airflow/.local/lib/python3.8/site-packages/airflow/example_dags/example_local_kubernetes_executor.py for tasks to queue
[2024-01-31T08:24:57.961+0000] {logging_mixin.py:188} INFO - [2024-01-31T08:24:57.961+0000] {dagbag.py:538} INFO - Filling up the DagBag from /home/airflow/.local/lib/python3.8/site-packages/airflow/example_dags/example_local_kubernetes_executor.py
[2024-01-31T08:24:57.974+0000] {processor.py:840} INFO - DAG(s) 'example_local_kubernetes_executor' retrieved from /home/airflow/.local/lib/python3.8/site-packages/airflow/example_dags/example_local_kubernetes_executor.py
[2024-01-31T08:24:58.026+0000] {logging_mixin.py:188} INFO - [2024-01-31T08:24:58.025+0000] {dag.py:3036} INFO - Sync 1 DAGs
[2024-01-31T08:24:58.041+0000] {logging_mixin.py:188} INFO - [2024-01-31T08:24:58.041+0000] {dag.py:3823} INFO - Setting next_dagrun for example_local_kubernetes_executor to None, run_after=None
[2024-01-31T08:24:58.074+0000] {processor.py:183} INFO - Processing /home/airflow/.local/lib/python3.8/site-packages/airflow/example_dags/example_local_kubernetes_executor.py took 0.123 seconds
[2024-01-31T08:25:29.007+0000] {processor.py:161} INFO - Started process (PID=416) to work on /home/airflow/.local/lib/python3.8/site-packages/airflow/example_dags/example_local_kubernetes_executor.py
[2024-01-31T08:25:29.009+0000] {processor.py:830} INFO - Processing file /home/airflow/.local/lib/python3.8/site-packages/airflow/example_dags/example_local_kubernetes_executor.py for tasks to queue
[2024-01-31T08:25:29.014+0000] {logging_mixin.py:188} INFO - [2024-01-31T08:25:29.013+0000] {dagbag.py:538} INFO - Filling up the DagBag from /home/airflow/.local/lib/python3.8/site-packages/airflow/example_dags/example_local_kubernetes_executor.py
[2024-01-31T08:25:29.031+0000] {processor.py:840} INFO - DAG(s) 'example_local_kubernetes_executor' retrieved from /home/airflow/.local/lib/python3.8/site-packages/airflow/example_dags/example_local_kubernetes_executor.py
[2024-01-31T08:25:29.113+0000] {logging_mixin.py:188} INFO - [2024-01-31T08:25:29.113+0000] {dag.py:3036} INFO - Sync 1 DAGs
[2024-01-31T08:25:29.143+0000] {logging_mixin.py:188} INFO - [2024-01-31T08:25:29.142+0000] {dag.py:3823} INFO - Setting next_dagrun for example_local_kubernetes_executor to None, run_after=None
[2024-01-31T08:25:29.175+0000] {processor.py:183} INFO - Processing /home/airflow/.local/lib/python3.8/site-packages/airflow/example_dags/example_local_kubernetes_executor.py took 0.176 seconds
