[2024-01-31T08:22:15.843+0000] {processor.py:161} INFO - Started process (PID=52) to work on /home/airflow/.local/lib/python3.8/site-packages/airflow/example_dags/example_short_circuit_operator.py
[2024-01-31T08:22:15.845+0000] {processor.py:830} INFO - Processing file /home/airflow/.local/lib/python3.8/site-packages/airflow/example_dags/example_short_circuit_operator.py for tasks to queue
[2024-01-31T08:22:15.849+0000] {logging_mixin.py:188} INFO - [2024-01-31T08:22:15.849+0000] {dagbag.py:538} INFO - Filling up the DagBag from /home/airflow/.local/lib/python3.8/site-packages/airflow/example_dags/example_short_circuit_operator.py
[2024-01-31T08:22:15.876+0000] {processor.py:840} INFO - DAG(s) 'example_short_circuit_operator' retrieved from /home/airflow/.local/lib/python3.8/site-packages/airflow/example_dags/example_short_circuit_operator.py
[2024-01-31T08:22:16.312+0000] {logging_mixin.py:188} INFO - [2024-01-31T08:22:16.311+0000] {dag.py:3036} INFO - Sync 1 DAGs
[2024-01-31T08:22:16.373+0000] {logging_mixin.py:188} INFO - [2024-01-31T08:22:16.373+0000] {dag.py:3823} INFO - Setting next_dagrun for example_short_circuit_operator to 2024-01-30 00:00:00+00:00, run_after=2024-01-31 00:00:00+00:00
[2024-01-31T08:22:16.425+0000] {processor.py:183} INFO - Processing /home/airflow/.local/lib/python3.8/site-packages/airflow/example_dags/example_short_circuit_operator.py took 0.589 seconds
[2024-01-31T08:22:46.575+0000] {processor.py:161} INFO - Started process (PID=107) to work on /home/airflow/.local/lib/python3.8/site-packages/airflow/example_dags/example_short_circuit_operator.py
[2024-01-31T08:22:46.578+0000] {processor.py:830} INFO - Processing file /home/airflow/.local/lib/python3.8/site-packages/airflow/example_dags/example_short_circuit_operator.py for tasks to queue
[2024-01-31T08:22:46.583+0000] {logging_mixin.py:188} INFO - [2024-01-31T08:22:46.583+0000] {dagbag.py:538} INFO - Filling up the DagBag from /home/airflow/.local/lib/python3.8/site-packages/airflow/example_dags/example_short_circuit_operator.py
[2024-01-31T08:22:46.604+0000] {processor.py:840} INFO - DAG(s) 'example_short_circuit_operator' retrieved from /home/airflow/.local/lib/python3.8/site-packages/airflow/example_dags/example_short_circuit_operator.py
[2024-01-31T08:22:46.665+0000] {logging_mixin.py:188} INFO - [2024-01-31T08:22:46.665+0000] {dag.py:3036} INFO - Sync 1 DAGs
[2024-01-31T08:22:46.716+0000] {logging_mixin.py:188} INFO - [2024-01-31T08:22:46.715+0000] {dag.py:3823} INFO - Setting next_dagrun for example_short_circuit_operator to 2024-01-30 00:00:00+00:00, run_after=2024-01-31 00:00:00+00:00
[2024-01-31T08:22:46.763+0000] {processor.py:183} INFO - Processing /home/airflow/.local/lib/python3.8/site-packages/airflow/example_dags/example_short_circuit_operator.py took 0.197 seconds
[2024-01-31T08:23:17.199+0000] {processor.py:161} INFO - Started process (PID=162) to work on /home/airflow/.local/lib/python3.8/site-packages/airflow/example_dags/example_short_circuit_operator.py
[2024-01-31T08:23:17.202+0000] {processor.py:830} INFO - Processing file /home/airflow/.local/lib/python3.8/site-packages/airflow/example_dags/example_short_circuit_operator.py for tasks to queue
[2024-01-31T08:23:17.206+0000] {logging_mixin.py:188} INFO - [2024-01-31T08:23:17.205+0000] {dagbag.py:538} INFO - Filling up the DagBag from /home/airflow/.local/lib/python3.8/site-packages/airflow/example_dags/example_short_circuit_operator.py
[2024-01-31T08:23:17.225+0000] {processor.py:840} INFO - DAG(s) 'example_short_circuit_operator' retrieved from /home/airflow/.local/lib/python3.8/site-packages/airflow/example_dags/example_short_circuit_operator.py
[2024-01-31T08:23:17.287+0000] {logging_mixin.py:188} INFO - [2024-01-31T08:23:17.287+0000] {dag.py:3036} INFO - Sync 1 DAGs
[2024-01-31T08:23:17.345+0000] {logging_mixin.py:188} INFO - [2024-01-31T08:23:17.344+0000] {dag.py:3823} INFO - Setting next_dagrun for example_short_circuit_operator to 2024-01-30 00:00:00+00:00, run_after=2024-01-31 00:00:00+00:00
[2024-01-31T08:23:17.397+0000] {processor.py:183} INFO - Processing /home/airflow/.local/lib/python3.8/site-packages/airflow/example_dags/example_short_circuit_operator.py took 0.205 seconds
[2024-01-31T08:23:47.620+0000] {processor.py:161} INFO - Started process (PID=217) to work on /home/airflow/.local/lib/python3.8/site-packages/airflow/example_dags/example_short_circuit_operator.py
[2024-01-31T08:23:47.626+0000] {processor.py:830} INFO - Processing file /home/airflow/.local/lib/python3.8/site-packages/airflow/example_dags/example_short_circuit_operator.py for tasks to queue
[2024-01-31T08:23:47.634+0000] {logging_mixin.py:188} INFO - [2024-01-31T08:23:47.633+0000] {dagbag.py:538} INFO - Filling up the DagBag from /home/airflow/.local/lib/python3.8/site-packages/airflow/example_dags/example_short_circuit_operator.py
[2024-01-31T08:23:47.669+0000] {processor.py:840} INFO - DAG(s) 'example_short_circuit_operator' retrieved from /home/airflow/.local/lib/python3.8/site-packages/airflow/example_dags/example_short_circuit_operator.py
[2024-01-31T08:23:47.776+0000] {logging_mixin.py:188} INFO - [2024-01-31T08:23:47.775+0000] {dag.py:3036} INFO - Sync 1 DAGs
[2024-01-31T08:23:47.829+0000] {logging_mixin.py:188} INFO - [2024-01-31T08:23:47.828+0000] {dag.py:3823} INFO - Setting next_dagrun for example_short_circuit_operator to 2024-01-30 00:00:00+00:00, run_after=2024-01-31 00:00:00+00:00
[2024-01-31T08:23:47.889+0000] {processor.py:183} INFO - Processing /home/airflow/.local/lib/python3.8/site-packages/airflow/example_dags/example_short_circuit_operator.py took 0.280 seconds
[2024-01-31T08:24:18.449+0000] {processor.py:161} INFO - Started process (PID=272) to work on /home/airflow/.local/lib/python3.8/site-packages/airflow/example_dags/example_short_circuit_operator.py
[2024-01-31T08:24:18.451+0000] {processor.py:830} INFO - Processing file /home/airflow/.local/lib/python3.8/site-packages/airflow/example_dags/example_short_circuit_operator.py for tasks to queue
[2024-01-31T08:24:18.456+0000] {logging_mixin.py:188} INFO - [2024-01-31T08:24:18.455+0000] {dagbag.py:538} INFO - Filling up the DagBag from /home/airflow/.local/lib/python3.8/site-packages/airflow/example_dags/example_short_circuit_operator.py
[2024-01-31T08:24:18.475+0000] {processor.py:840} INFO - DAG(s) 'example_short_circuit_operator' retrieved from /home/airflow/.local/lib/python3.8/site-packages/airflow/example_dags/example_short_circuit_operator.py
[2024-01-31T08:24:18.534+0000] {logging_mixin.py:188} INFO - [2024-01-31T08:24:18.534+0000] {dag.py:3036} INFO - Sync 1 DAGs
[2024-01-31T08:24:18.588+0000] {logging_mixin.py:188} INFO - [2024-01-31T08:24:18.588+0000] {dag.py:3823} INFO - Setting next_dagrun for example_short_circuit_operator to 2024-01-30 00:00:00+00:00, run_after=2024-01-31 00:00:00+00:00
[2024-01-31T08:24:18.649+0000] {processor.py:183} INFO - Processing /home/airflow/.local/lib/python3.8/site-packages/airflow/example_dags/example_short_circuit_operator.py took 0.207 seconds
[2024-01-31T08:24:49.244+0000] {processor.py:161} INFO - Started process (PID=327) to work on /home/airflow/.local/lib/python3.8/site-packages/airflow/example_dags/example_short_circuit_operator.py
[2024-01-31T08:24:49.248+0000] {processor.py:830} INFO - Processing file /home/airflow/.local/lib/python3.8/site-packages/airflow/example_dags/example_short_circuit_operator.py for tasks to queue
[2024-01-31T08:24:49.254+0000] {logging_mixin.py:188} INFO - [2024-01-31T08:24:49.253+0000] {dagbag.py:538} INFO - Filling up the DagBag from /home/airflow/.local/lib/python3.8/site-packages/airflow/example_dags/example_short_circuit_operator.py
[2024-01-31T08:24:49.284+0000] {processor.py:840} INFO - DAG(s) 'example_short_circuit_operator' retrieved from /home/airflow/.local/lib/python3.8/site-packages/airflow/example_dags/example_short_circuit_operator.py
[2024-01-31T08:24:49.367+0000] {logging_mixin.py:188} INFO - [2024-01-31T08:24:49.367+0000] {dag.py:3036} INFO - Sync 1 DAGs
[2024-01-31T08:24:49.403+0000] {logging_mixin.py:188} INFO - [2024-01-31T08:24:49.403+0000] {dag.py:3823} INFO - Setting next_dagrun for example_short_circuit_operator to 2024-01-30 00:00:00+00:00, run_after=2024-01-31 00:00:00+00:00
[2024-01-31T08:24:49.454+0000] {processor.py:183} INFO - Processing /home/airflow/.local/lib/python3.8/site-packages/airflow/example_dags/example_short_circuit_operator.py took 0.223 seconds
[2024-01-31T08:25:20.065+0000] {processor.py:161} INFO - Started process (PID=382) to work on /home/airflow/.local/lib/python3.8/site-packages/airflow/example_dags/example_short_circuit_operator.py
[2024-01-31T08:25:20.068+0000] {processor.py:830} INFO - Processing file /home/airflow/.local/lib/python3.8/site-packages/airflow/example_dags/example_short_circuit_operator.py for tasks to queue
[2024-01-31T08:25:20.073+0000] {logging_mixin.py:188} INFO - [2024-01-31T08:25:20.072+0000] {dagbag.py:538} INFO - Filling up the DagBag from /home/airflow/.local/lib/python3.8/site-packages/airflow/example_dags/example_short_circuit_operator.py
[2024-01-31T08:25:20.103+0000] {processor.py:840} INFO - DAG(s) 'example_short_circuit_operator' retrieved from /home/airflow/.local/lib/python3.8/site-packages/airflow/example_dags/example_short_circuit_operator.py
[2024-01-31T08:25:20.195+0000] {logging_mixin.py:188} INFO - [2024-01-31T08:25:20.195+0000] {dag.py:3036} INFO - Sync 1 DAGs
[2024-01-31T08:25:20.235+0000] {logging_mixin.py:188} INFO - [2024-01-31T08:25:20.235+0000] {dag.py:3823} INFO - Setting next_dagrun for example_short_circuit_operator to 2024-01-30 00:00:00+00:00, run_after=2024-01-31 00:00:00+00:00
[2024-01-31T08:25:20.289+0000] {processor.py:183} INFO - Processing /home/airflow/.local/lib/python3.8/site-packages/airflow/example_dags/example_short_circuit_operator.py took 0.233 seconds
[2024-01-31T08:25:50.736+0000] {processor.py:161} INFO - Started process (PID=437) to work on /home/airflow/.local/lib/python3.8/site-packages/airflow/example_dags/example_short_circuit_operator.py
[2024-01-31T08:25:50.738+0000] {processor.py:830} INFO - Processing file /home/airflow/.local/lib/python3.8/site-packages/airflow/example_dags/example_short_circuit_operator.py for tasks to queue
[2024-01-31T08:25:50.744+0000] {logging_mixin.py:188} INFO - [2024-01-31T08:25:50.744+0000] {dagbag.py:538} INFO - Filling up the DagBag from /home/airflow/.local/lib/python3.8/site-packages/airflow/example_dags/example_short_circuit_operator.py
[2024-01-31T08:25:50.765+0000] {processor.py:840} INFO - DAG(s) 'example_short_circuit_operator' retrieved from /home/airflow/.local/lib/python3.8/site-packages/airflow/example_dags/example_short_circuit_operator.py
[2024-01-31T08:25:50.828+0000] {logging_mixin.py:188} INFO - [2024-01-31T08:25:50.828+0000] {dag.py:3036} INFO - Sync 1 DAGs
[2024-01-31T08:25:50.887+0000] {logging_mixin.py:188} INFO - [2024-01-31T08:25:50.886+0000] {dag.py:3823} INFO - Setting next_dagrun for example_short_circuit_operator to 2024-01-30 00:00:00+00:00, run_after=2024-01-31 00:00:00+00:00
[2024-01-31T08:25:50.934+0000] {processor.py:183} INFO - Processing /home/airflow/.local/lib/python3.8/site-packages/airflow/example_dags/example_short_circuit_operator.py took 0.206 seconds
