[2024-01-31T08:22:24.192+0000] {processor.py:161} INFO - Started process (PID=85) to work on /home/airflow/.local/lib/python3.8/site-packages/airflow/example_dags/tutorial.py
[2024-01-31T08:22:24.194+0000] {processor.py:830} INFO - Processing file /home/airflow/.local/lib/python3.8/site-packages/airflow/example_dags/tutorial.py for tasks to queue
[2024-01-31T08:22:24.197+0000] {logging_mixin.py:188} INFO - [2024-01-31T08:22:24.196+0000] {dagbag.py:538} INFO - Filling up the DagBag from /home/airflow/.local/lib/python3.8/site-packages/airflow/example_dags/tutorial.py
[2024-01-31T08:22:24.207+0000] {processor.py:840} INFO - DAG(s) 'tutorial' retrieved from /home/airflow/.local/lib/python3.8/site-packages/airflow/example_dags/tutorial.py
[2024-01-31T08:22:24.371+0000] {logging_mixin.py:188} INFO - [2024-01-31T08:22:24.371+0000] {dag.py:3036} INFO - Sync 1 DAGs
[2024-01-31T08:22:24.404+0000] {logging_mixin.py:188} INFO - [2024-01-31T08:22:24.404+0000] {dag.py:3823} INFO - Setting next_dagrun for tutorial to 2024-01-30 00:00:00+00:00, run_after=2024-01-31 00:00:00+00:00
[2024-01-31T08:22:24.441+0000] {processor.py:183} INFO - Processing /home/airflow/.local/lib/python3.8/site-packages/airflow/example_dags/tutorial.py took 0.253 seconds
[2024-01-31T08:22:54.722+0000] {processor.py:161} INFO - Started process (PID=140) to work on /home/airflow/.local/lib/python3.8/site-packages/airflow/example_dags/tutorial.py
[2024-01-31T08:22:54.723+0000] {processor.py:830} INFO - Processing file /home/airflow/.local/lib/python3.8/site-packages/airflow/example_dags/tutorial.py for tasks to queue
[2024-01-31T08:22:54.727+0000] {logging_mixin.py:188} INFO - [2024-01-31T08:22:54.726+0000] {dagbag.py:538} INFO - Filling up the DagBag from /home/airflow/.local/lib/python3.8/site-packages/airflow/example_dags/tutorial.py
[2024-01-31T08:22:54.735+0000] {processor.py:840} INFO - DAG(s) 'tutorial' retrieved from /home/airflow/.local/lib/python3.8/site-packages/airflow/example_dags/tutorial.py
[2024-01-31T08:22:54.764+0000] {logging_mixin.py:188} INFO - [2024-01-31T08:22:54.764+0000] {dag.py:3036} INFO - Sync 1 DAGs
[2024-01-31T08:22:54.798+0000] {logging_mixin.py:188} INFO - [2024-01-31T08:22:54.798+0000] {dag.py:3823} INFO - Setting next_dagrun for tutorial to 2024-01-30 00:00:00+00:00, run_after=2024-01-31 00:00:00+00:00
[2024-01-31T08:22:54.827+0000] {processor.py:183} INFO - Processing /home/airflow/.local/lib/python3.8/site-packages/airflow/example_dags/tutorial.py took 0.110 seconds
[2024-01-31T08:23:25.864+0000] {processor.py:161} INFO - Started process (PID=195) to work on /home/airflow/.local/lib/python3.8/site-packages/airflow/example_dags/tutorial.py
[2024-01-31T08:23:25.866+0000] {processor.py:830} INFO - Processing file /home/airflow/.local/lib/python3.8/site-packages/airflow/example_dags/tutorial.py for tasks to queue
[2024-01-31T08:23:25.869+0000] {logging_mixin.py:188} INFO - [2024-01-31T08:23:25.868+0000] {dagbag.py:538} INFO - Filling up the DagBag from /home/airflow/.local/lib/python3.8/site-packages/airflow/example_dags/tutorial.py
[2024-01-31T08:23:25.878+0000] {processor.py:840} INFO - DAG(s) 'tutorial' retrieved from /home/airflow/.local/lib/python3.8/site-packages/airflow/example_dags/tutorial.py
[2024-01-31T08:23:25.912+0000] {logging_mixin.py:188} INFO - [2024-01-31T08:23:25.911+0000] {dag.py:3036} INFO - Sync 1 DAGs
[2024-01-31T08:23:25.953+0000] {logging_mixin.py:188} INFO - [2024-01-31T08:23:25.953+0000] {dag.py:3823} INFO - Setting next_dagrun for tutorial to 2024-01-30 00:00:00+00:00, run_after=2024-01-31 00:00:00+00:00
[2024-01-31T08:23:25.988+0000] {processor.py:183} INFO - Processing /home/airflow/.local/lib/python3.8/site-packages/airflow/example_dags/tutorial.py took 0.129 seconds
[2024-01-31T08:23:56.344+0000] {processor.py:161} INFO - Started process (PID=250) to work on /home/airflow/.local/lib/python3.8/site-packages/airflow/example_dags/tutorial.py
[2024-01-31T08:23:56.347+0000] {processor.py:830} INFO - Processing file /home/airflow/.local/lib/python3.8/site-packages/airflow/example_dags/tutorial.py for tasks to queue
[2024-01-31T08:23:56.352+0000] {logging_mixin.py:188} INFO - [2024-01-31T08:23:56.351+0000] {dagbag.py:538} INFO - Filling up the DagBag from /home/airflow/.local/lib/python3.8/site-packages/airflow/example_dags/tutorial.py
[2024-01-31T08:23:56.370+0000] {processor.py:840} INFO - DAG(s) 'tutorial' retrieved from /home/airflow/.local/lib/python3.8/site-packages/airflow/example_dags/tutorial.py
[2024-01-31T08:23:56.426+0000] {logging_mixin.py:188} INFO - [2024-01-31T08:23:56.424+0000] {dag.py:3036} INFO - Sync 1 DAGs
[2024-01-31T08:23:56.470+0000] {logging_mixin.py:188} INFO - [2024-01-31T08:23:56.469+0000] {dag.py:3823} INFO - Setting next_dagrun for tutorial to 2024-01-30 00:00:00+00:00, run_after=2024-01-31 00:00:00+00:00
[2024-01-31T08:23:56.501+0000] {processor.py:183} INFO - Processing /home/airflow/.local/lib/python3.8/site-packages/airflow/example_dags/tutorial.py took 0.169 seconds
[2024-01-31T08:24:27.071+0000] {processor.py:161} INFO - Started process (PID=305) to work on /home/airflow/.local/lib/python3.8/site-packages/airflow/example_dags/tutorial.py
[2024-01-31T08:24:27.073+0000] {processor.py:830} INFO - Processing file /home/airflow/.local/lib/python3.8/site-packages/airflow/example_dags/tutorial.py for tasks to queue
[2024-01-31T08:24:27.075+0000] {logging_mixin.py:188} INFO - [2024-01-31T08:24:27.075+0000] {dagbag.py:538} INFO - Filling up the DagBag from /home/airflow/.local/lib/python3.8/site-packages/airflow/example_dags/tutorial.py
[2024-01-31T08:24:27.087+0000] {processor.py:840} INFO - DAG(s) 'tutorial' retrieved from /home/airflow/.local/lib/python3.8/site-packages/airflow/example_dags/tutorial.py
[2024-01-31T08:24:27.130+0000] {logging_mixin.py:188} INFO - [2024-01-31T08:24:27.130+0000] {dag.py:3036} INFO - Sync 1 DAGs
[2024-01-31T08:24:27.173+0000] {logging_mixin.py:188} INFO - [2024-01-31T08:24:27.173+0000] {dag.py:3823} INFO - Setting next_dagrun for tutorial to 2024-01-30 00:00:00+00:00, run_after=2024-01-31 00:00:00+00:00
[2024-01-31T08:24:27.209+0000] {processor.py:183} INFO - Processing /home/airflow/.local/lib/python3.8/site-packages/airflow/example_dags/tutorial.py took 0.142 seconds
[2024-01-31T08:24:57.789+0000] {processor.py:161} INFO - Started process (PID=360) to work on /home/airflow/.local/lib/python3.8/site-packages/airflow/example_dags/tutorial.py
[2024-01-31T08:24:57.791+0000] {processor.py:830} INFO - Processing file /home/airflow/.local/lib/python3.8/site-packages/airflow/example_dags/tutorial.py for tasks to queue
[2024-01-31T08:24:57.794+0000] {logging_mixin.py:188} INFO - [2024-01-31T08:24:57.794+0000] {dagbag.py:538} INFO - Filling up the DagBag from /home/airflow/.local/lib/python3.8/site-packages/airflow/example_dags/tutorial.py
[2024-01-31T08:24:57.803+0000] {processor.py:840} INFO - DAG(s) 'tutorial' retrieved from /home/airflow/.local/lib/python3.8/site-packages/airflow/example_dags/tutorial.py
[2024-01-31T08:24:57.839+0000] {logging_mixin.py:188} INFO - [2024-01-31T08:24:57.838+0000] {dag.py:3036} INFO - Sync 1 DAGs
[2024-01-31T08:24:57.878+0000] {logging_mixin.py:188} INFO - [2024-01-31T08:24:57.877+0000] {dag.py:3823} INFO - Setting next_dagrun for tutorial to 2024-01-30 00:00:00+00:00, run_after=2024-01-31 00:00:00+00:00
[2024-01-31T08:24:57.915+0000] {processor.py:183} INFO - Processing /home/airflow/.local/lib/python3.8/site-packages/airflow/example_dags/tutorial.py took 0.132 seconds
[2024-01-31T08:25:28.879+0000] {processor.py:161} INFO - Started process (PID=415) to work on /home/airflow/.local/lib/python3.8/site-packages/airflow/example_dags/tutorial.py
[2024-01-31T08:25:28.882+0000] {processor.py:830} INFO - Processing file /home/airflow/.local/lib/python3.8/site-packages/airflow/example_dags/tutorial.py for tasks to queue
[2024-01-31T08:25:28.886+0000] {logging_mixin.py:188} INFO - [2024-01-31T08:25:28.886+0000] {dagbag.py:538} INFO - Filling up the DagBag from /home/airflow/.local/lib/python3.8/site-packages/airflow/example_dags/tutorial.py
[2024-01-31T08:25:28.899+0000] {processor.py:840} INFO - DAG(s) 'tutorial' retrieved from /home/airflow/.local/lib/python3.8/site-packages/airflow/example_dags/tutorial.py
[2024-01-31T08:25:28.946+0000] {logging_mixin.py:188} INFO - [2024-01-31T08:25:28.945+0000] {dag.py:3036} INFO - Sync 1 DAGs
[2024-01-31T08:25:28.988+0000] {logging_mixin.py:188} INFO - [2024-01-31T08:25:28.988+0000] {dag.py:3823} INFO - Setting next_dagrun for tutorial to 2024-01-30 00:00:00+00:00, run_after=2024-01-31 00:00:00+00:00
[2024-01-31T08:25:29.030+0000] {processor.py:183} INFO - Processing /home/airflow/.local/lib/python3.8/site-packages/airflow/example_dags/tutorial.py took 0.158 seconds
