[2024-01-31T08:22:22.582+0000] {processor.py:161} INFO - Started process (PID=76) to work on /home/airflow/.local/lib/python3.8/site-packages/airflow/example_dags/tutorial_dag.py
[2024-01-31T08:22:22.584+0000] {processor.py:830} INFO - Processing file /home/airflow/.local/lib/python3.8/site-packages/airflow/example_dags/tutorial_dag.py for tasks to queue
[2024-01-31T08:22:22.587+0000] {logging_mixin.py:188} INFO - [2024-01-31T08:22:22.586+0000] {dagbag.py:538} INFO - Filling up the DagBag from /home/airflow/.local/lib/python3.8/site-packages/airflow/example_dags/tutorial_dag.py
[2024-01-31T08:22:22.596+0000] {processor.py:840} INFO - DAG(s) 'tutorial_dag' retrieved from /home/airflow/.local/lib/python3.8/site-packages/airflow/example_dags/tutorial_dag.py
[2024-01-31T08:22:22.761+0000] {logging_mixin.py:188} INFO - [2024-01-31T08:22:22.760+0000] {dag.py:3036} INFO - Sync 1 DAGs
[2024-01-31T08:22:22.778+0000] {logging_mixin.py:188} INFO - [2024-01-31T08:22:22.778+0000] {dag.py:3823} INFO - Setting next_dagrun for tutorial_dag to None, run_after=None
[2024-01-31T08:22:22.811+0000] {processor.py:183} INFO - Processing /home/airflow/.local/lib/python3.8/site-packages/airflow/example_dags/tutorial_dag.py took 0.233 seconds
[2024-01-31T08:22:53.726+0000] {processor.py:161} INFO - Started process (PID=131) to work on /home/airflow/.local/lib/python3.8/site-packages/airflow/example_dags/tutorial_dag.py
[2024-01-31T08:22:53.728+0000] {processor.py:830} INFO - Processing file /home/airflow/.local/lib/python3.8/site-packages/airflow/example_dags/tutorial_dag.py for tasks to queue
[2024-01-31T08:22:53.730+0000] {logging_mixin.py:188} INFO - [2024-01-31T08:22:53.730+0000] {dagbag.py:538} INFO - Filling up the DagBag from /home/airflow/.local/lib/python3.8/site-packages/airflow/example_dags/tutorial_dag.py
[2024-01-31T08:22:53.745+0000] {processor.py:840} INFO - DAG(s) 'tutorial_dag' retrieved from /home/airflow/.local/lib/python3.8/site-packages/airflow/example_dags/tutorial_dag.py
[2024-01-31T08:22:53.775+0000] {logging_mixin.py:188} INFO - [2024-01-31T08:22:53.775+0000] {dag.py:3036} INFO - Sync 1 DAGs
[2024-01-31T08:22:53.792+0000] {logging_mixin.py:188} INFO - [2024-01-31T08:22:53.791+0000] {dag.py:3823} INFO - Setting next_dagrun for tutorial_dag to None, run_after=None
[2024-01-31T08:22:53.820+0000] {processor.py:183} INFO - Processing /home/airflow/.local/lib/python3.8/site-packages/airflow/example_dags/tutorial_dag.py took 0.098 seconds
[2024-01-31T08:23:24.265+0000] {processor.py:161} INFO - Started process (PID=186) to work on /home/airflow/.local/lib/python3.8/site-packages/airflow/example_dags/tutorial_dag.py
[2024-01-31T08:23:24.268+0000] {processor.py:830} INFO - Processing file /home/airflow/.local/lib/python3.8/site-packages/airflow/example_dags/tutorial_dag.py for tasks to queue
[2024-01-31T08:23:24.272+0000] {logging_mixin.py:188} INFO - [2024-01-31T08:23:24.272+0000] {dagbag.py:538} INFO - Filling up the DagBag from /home/airflow/.local/lib/python3.8/site-packages/airflow/example_dags/tutorial_dag.py
[2024-01-31T08:23:24.287+0000] {processor.py:840} INFO - DAG(s) 'tutorial_dag' retrieved from /home/airflow/.local/lib/python3.8/site-packages/airflow/example_dags/tutorial_dag.py
[2024-01-31T08:23:24.339+0000] {logging_mixin.py:188} INFO - [2024-01-31T08:23:24.338+0000] {dag.py:3036} INFO - Sync 1 DAGs
[2024-01-31T08:23:24.373+0000] {logging_mixin.py:188} INFO - [2024-01-31T08:23:24.372+0000] {dag.py:3823} INFO - Setting next_dagrun for tutorial_dag to None, run_after=None
[2024-01-31T08:23:24.424+0000] {processor.py:183} INFO - Processing /home/airflow/.local/lib/python3.8/site-packages/airflow/example_dags/tutorial_dag.py took 0.167 seconds
[2024-01-31T08:23:55.099+0000] {processor.py:161} INFO - Started process (PID=241) to work on /home/airflow/.local/lib/python3.8/site-packages/airflow/example_dags/tutorial_dag.py
[2024-01-31T08:23:55.103+0000] {processor.py:830} INFO - Processing file /home/airflow/.local/lib/python3.8/site-packages/airflow/example_dags/tutorial_dag.py for tasks to queue
[2024-01-31T08:23:55.110+0000] {logging_mixin.py:188} INFO - [2024-01-31T08:23:55.109+0000] {dagbag.py:538} INFO - Filling up the DagBag from /home/airflow/.local/lib/python3.8/site-packages/airflow/example_dags/tutorial_dag.py
[2024-01-31T08:23:55.132+0000] {processor.py:840} INFO - DAG(s) 'tutorial_dag' retrieved from /home/airflow/.local/lib/python3.8/site-packages/airflow/example_dags/tutorial_dag.py
[2024-01-31T08:23:55.209+0000] {logging_mixin.py:188} INFO - [2024-01-31T08:23:55.208+0000] {dag.py:3036} INFO - Sync 1 DAGs
[2024-01-31T08:23:55.259+0000] {logging_mixin.py:188} INFO - [2024-01-31T08:23:55.258+0000] {dag.py:3823} INFO - Setting next_dagrun for tutorial_dag to None, run_after=None
[2024-01-31T08:23:55.336+0000] {processor.py:183} INFO - Processing /home/airflow/.local/lib/python3.8/site-packages/airflow/example_dags/tutorial_dag.py took 0.249 seconds
[2024-01-31T08:24:25.634+0000] {processor.py:161} INFO - Started process (PID=296) to work on /home/airflow/.local/lib/python3.8/site-packages/airflow/example_dags/tutorial_dag.py
[2024-01-31T08:24:25.638+0000] {processor.py:830} INFO - Processing file /home/airflow/.local/lib/python3.8/site-packages/airflow/example_dags/tutorial_dag.py for tasks to queue
[2024-01-31T08:24:25.643+0000] {logging_mixin.py:188} INFO - [2024-01-31T08:24:25.642+0000] {dagbag.py:538} INFO - Filling up the DagBag from /home/airflow/.local/lib/python3.8/site-packages/airflow/example_dags/tutorial_dag.py
[2024-01-31T08:24:25.659+0000] {processor.py:840} INFO - DAG(s) 'tutorial_dag' retrieved from /home/airflow/.local/lib/python3.8/site-packages/airflow/example_dags/tutorial_dag.py
[2024-01-31T08:24:25.717+0000] {logging_mixin.py:188} INFO - [2024-01-31T08:24:25.716+0000] {dag.py:3036} INFO - Sync 1 DAGs
[2024-01-31T08:24:25.754+0000] {logging_mixin.py:188} INFO - [2024-01-31T08:24:25.754+0000] {dag.py:3823} INFO - Setting next_dagrun for tutorial_dag to None, run_after=None
[2024-01-31T08:24:25.810+0000] {processor.py:183} INFO - Processing /home/airflow/.local/lib/python3.8/site-packages/airflow/example_dags/tutorial_dag.py took 0.185 seconds
[2024-01-31T08:24:56.310+0000] {processor.py:161} INFO - Started process (PID=351) to work on /home/airflow/.local/lib/python3.8/site-packages/airflow/example_dags/tutorial_dag.py
[2024-01-31T08:24:56.314+0000] {processor.py:830} INFO - Processing file /home/airflow/.local/lib/python3.8/site-packages/airflow/example_dags/tutorial_dag.py for tasks to queue
[2024-01-31T08:24:56.319+0000] {logging_mixin.py:188} INFO - [2024-01-31T08:24:56.318+0000] {dagbag.py:538} INFO - Filling up the DagBag from /home/airflow/.local/lib/python3.8/site-packages/airflow/example_dags/tutorial_dag.py
[2024-01-31T08:24:56.337+0000] {processor.py:840} INFO - DAG(s) 'tutorial_dag' retrieved from /home/airflow/.local/lib/python3.8/site-packages/airflow/example_dags/tutorial_dag.py
[2024-01-31T08:24:56.399+0000] {logging_mixin.py:188} INFO - [2024-01-31T08:24:56.398+0000] {dag.py:3036} INFO - Sync 1 DAGs
[2024-01-31T08:24:56.440+0000] {logging_mixin.py:188} INFO - [2024-01-31T08:24:56.439+0000] {dag.py:3823} INFO - Setting next_dagrun for tutorial_dag to None, run_after=None
[2024-01-31T08:24:56.500+0000] {processor.py:183} INFO - Processing /home/airflow/.local/lib/python3.8/site-packages/airflow/example_dags/tutorial_dag.py took 0.200 seconds
[2024-01-31T08:25:27.806+0000] {processor.py:161} INFO - Started process (PID=406) to work on /home/airflow/.local/lib/python3.8/site-packages/airflow/example_dags/tutorial_dag.py
[2024-01-31T08:25:27.810+0000] {processor.py:830} INFO - Processing file /home/airflow/.local/lib/python3.8/site-packages/airflow/example_dags/tutorial_dag.py for tasks to queue
[2024-01-31T08:25:27.817+0000] {logging_mixin.py:188} INFO - [2024-01-31T08:25:27.816+0000] {dagbag.py:538} INFO - Filling up the DagBag from /home/airflow/.local/lib/python3.8/site-packages/airflow/example_dags/tutorial_dag.py
[2024-01-31T08:25:27.839+0000] {processor.py:840} INFO - DAG(s) 'tutorial_dag' retrieved from /home/airflow/.local/lib/python3.8/site-packages/airflow/example_dags/tutorial_dag.py
[2024-01-31T08:25:27.897+0000] {logging_mixin.py:188} INFO - [2024-01-31T08:25:27.896+0000] {dag.py:3036} INFO - Sync 1 DAGs
[2024-01-31T08:25:27.917+0000] {logging_mixin.py:188} INFO - [2024-01-31T08:25:27.917+0000] {dag.py:3823} INFO - Setting next_dagrun for tutorial_dag to None, run_after=None
[2024-01-31T08:25:27.950+0000] {processor.py:183} INFO - Processing /home/airflow/.local/lib/python3.8/site-packages/airflow/example_dags/tutorial_dag.py took 0.157 seconds
