[2024-01-30T15:27:22.180+0000] {taskinstance.py:1956} INFO - Dependencies all met for dep_context=non-requeueable deps ti=<TaskInstance: tutorial.templated scheduled__2024-01-29T00:00:00+00:00 [queued]>
[2024-01-30T15:27:22.231+0000] {taskinstance.py:1956} INFO - Dependencies all met for dep_context=requeueable deps ti=<TaskInstance: tutorial.templated scheduled__2024-01-29T00:00:00+00:00 [queued]>
[2024-01-30T15:27:22.232+0000] {taskinstance.py:2170} INFO - Starting attempt 1 of 2
[2024-01-30T15:27:22.332+0000] {taskinstance.py:2191} INFO - Executing <Task(BashOperator): templated> on 2024-01-29 00:00:00+00:00
[2024-01-30T15:27:22.362+0000] {standard_task_runner.py:60} INFO - Started process 618 to run task
[2024-01-30T15:27:22.391+0000] {standard_task_runner.py:87} INFO - Running: ['***', 'tasks', 'run', 'tutorial', 'templated', 'scheduled__2024-01-29T00:00:00+00:00', '--job-id', '5', '--raw', '--subdir', '/home/***/.local/lib/python3.8/site-packages/***/example_dags/tutorial.py', '--cfg-path', '/tmp/tmpjzbmmbhd']
[2024-01-30T15:27:22.404+0000] {standard_task_runner.py:88} INFO - Job 5: Subtask templated
[2024-01-30T15:27:22.659+0000] {task_command.py:423} INFO - Running <TaskInstance: tutorial.templated scheduled__2024-01-29T00:00:00+00:00 [running]> on host d8f18498394b
[2024-01-30T15:27:22.983+0000] {taskinstance.py:2480} INFO - Exporting env vars: AIRFLOW_CTX_DAG_EMAIL='***@example.com' AIRFLOW_CTX_DAG_OWNER='***' AIRFLOW_CTX_DAG_ID='tutorial' AIRFLOW_CTX_TASK_ID='templated' AIRFLOW_CTX_EXECUTION_DATE='2024-01-29T00:00:00+00:00' AIRFLOW_CTX_TRY_NUMBER='1' AIRFLOW_CTX_DAG_RUN_ID='scheduled__2024-01-29T00:00:00+00:00'
[2024-01-30T15:27:22.991+0000] {subprocess.py:63} INFO - Tmp dir root location: /tmp
[2024-01-30T15:27:22.993+0000] {subprocess.py:75} INFO - Running command: ['/usr/bin/bash', '-c', '\n\n    echo "2024-01-29"\n    echo "2024-02-05"\n\n    echo "2024-01-29"\n    echo "2024-02-05"\n\n    echo "2024-01-29"\n    echo "2024-02-05"\n\n    echo "2024-01-29"\n    echo "2024-02-05"\n\n    echo "2024-01-29"\n    echo "2024-02-05"\n']
[2024-01-30T15:27:23.041+0000] {subprocess.py:86} INFO - Output:
[2024-01-30T15:27:23.052+0000] {subprocess.py:93} INFO - 2024-01-29
[2024-01-30T15:27:23.053+0000] {subprocess.py:93} INFO - 2024-02-05
[2024-01-30T15:27:23.054+0000] {subprocess.py:93} INFO - 2024-01-29
[2024-01-30T15:27:23.056+0000] {subprocess.py:93} INFO - 2024-02-05
[2024-01-30T15:27:23.057+0000] {subprocess.py:93} INFO - 2024-01-29
[2024-01-30T15:27:23.058+0000] {subprocess.py:93} INFO - 2024-02-05
[2024-01-30T15:27:23.060+0000] {subprocess.py:93} INFO - 2024-01-29
[2024-01-30T15:27:23.061+0000] {subprocess.py:93} INFO - 2024-02-05
[2024-01-30T15:27:23.062+0000] {subprocess.py:93} INFO - 2024-01-29
[2024-01-30T15:27:23.063+0000] {subprocess.py:93} INFO - 2024-02-05
[2024-01-30T15:27:23.065+0000] {subprocess.py:97} INFO - Command exited with return code 0
[2024-01-30T15:27:23.199+0000] {taskinstance.py:1138} INFO - Marking task as SUCCESS. dag_id=tutorial, task_id=templated, execution_date=20240129T000000, start_date=20240130T152722, end_date=20240130T152723
[2024-01-30T15:27:23.319+0000] {local_task_job_runner.py:234} INFO - Task exited with return code 0
[2024-01-30T15:27:23.444+0000] {taskinstance.py:3280} INFO - 0 downstream tasks scheduled from follow-on schedule check
