[2024-01-31T09:14:22.468+0000] {taskinstance.py:1956} INFO - Dependencies all met for dep_context=non-requeueable deps ti=<TaskInstance: classification_basic_1.preparation manual__2024-01-31T09:14:19.877041+00:00 [queued]>
[2024-01-31T09:14:22.479+0000] {taskinstance.py:1956} INFO - Dependencies all met for dep_context=requeueable deps ti=<TaskInstance: classification_basic_1.preparation manual__2024-01-31T09:14:19.877041+00:00 [queued]>
[2024-01-31T09:14:22.480+0000] {taskinstance.py:2170} INFO - Starting attempt 1 of 2
[2024-01-31T09:14:22.498+0000] {taskinstance.py:2191} INFO - Executing <Task(_PythonDecoratedOperator): preparation> on 2024-01-31 09:14:19.877041+00:00
[2024-01-31T09:14:22.508+0000] {standard_task_runner.py:60} INFO - Started process 649 to run task
[2024-01-31T09:14:22.512+0000] {standard_task_runner.py:87} INFO - Running: ['***', 'tasks', 'run', 'classification_basic_1', 'preparation', 'manual__2024-01-31T09:14:19.877041+00:00', '--job-id', '16', '--raw', '--subdir', 'DAGS_FOLDER/imt/classification_simple_demo/classification_simple.py', '--cfg-path', '/tmp/tmp_3kyu9bg']
[2024-01-31T09:14:22.514+0000] {standard_task_runner.py:88} INFO - Job 16: Subtask preparation
[2024-01-31T09:14:22.573+0000] {task_command.py:423} INFO - Running <TaskInstance: classification_basic_1.preparation manual__2024-01-31T09:14:19.877041+00:00 [running]> on host 4e7d18d461d0
[2024-01-31T09:14:22.668+0000] {taskinstance.py:2480} INFO - Exporting env vars: AIRFLOW_CTX_DAG_EMAIL='ledatascientist@ds.com' AIRFLOW_CTX_DAG_OWNER='***' AIRFLOW_CTX_DAG_ID='classification_basic_1' AIRFLOW_CTX_TASK_ID='preparation' AIRFLOW_CTX_EXECUTION_DATE='2024-01-31T09:14:19.877041+00:00' AIRFLOW_CTX_TRY_NUMBER='1' AIRFLOW_CTX_DAG_RUN_ID='manual__2024-01-31T09:14:19.877041+00:00'
[2024-01-31T09:14:22.671+0000] {logging_mixin.py:188} INFO - /opt/***/data
[2024-01-31T09:14:23.499+0000] {taskinstance.py:2698} ERROR - Task failed with exception
Traceback (most recent call last):
  File "/home/airflow/.local/lib/python3.8/site-packages/airflow/models/taskinstance.py", line 433, in _execute_task
    result = execute_callable(context=context, **execute_callable_kwargs)
  File "/home/airflow/.local/lib/python3.8/site-packages/airflow/decorators/base.py", line 241, in execute
    return_value = super().execute(context)
  File "/home/airflow/.local/lib/python3.8/site-packages/airflow/operators/python.py", line 199, in execute
    return_value = self.execute_callable()
  File "/home/airflow/.local/lib/python3.8/site-packages/airflow/operators/python.py", line 216, in execute_callable
    return self.python_callable(*self.op_args, **self.op_kwargs)
  File "/opt/airflow/dags/imt/classification_simple_demo/prepare_task.py", line 36, in start_preparation
    save_as_csv(train_files, train_labels, prepared / "train.csv")
  File "/opt/airflow/dags/imt/classification_simple_demo/prepare_task.py", line 24, in save_as_csv
    data_frame.to_csv(destination)
  File "/home/airflow/.local/lib/python3.8/site-packages/pandas/core/generic.py", line 3772, in to_csv
    return DataFrameRenderer(formatter).to_csv(
  File "/home/airflow/.local/lib/python3.8/site-packages/pandas/io/formats/format.py", line 1186, in to_csv
    csv_formatter.save()
  File "/home/airflow/.local/lib/python3.8/site-packages/pandas/io/formats/csvs.py", line 240, in save
    with get_handle(
  File "/home/airflow/.local/lib/python3.8/site-packages/pandas/io/common.py", line 737, in get_handle
    check_parent_directory(str(handle))
  File "/home/airflow/.local/lib/python3.8/site-packages/pandas/io/common.py", line 600, in check_parent_directory
    raise OSError(rf"Cannot save file into a non-existent directory: '{parent}'")
OSError: Cannot save file into a non-existent directory: '/opt/***/data/prepared'
[2024-01-31T09:14:23.521+0000] {taskinstance.py:1138} INFO - Marking task as UP_FOR_RETRY. dag_id=classification_basic_1, task_id=preparation, execution_date=20240131T091419, start_date=20240131T091422, end_date=20240131T091423
[2024-01-31T09:14:23.541+0000] {standard_task_runner.py:107} ERROR - Failed to execute job 16 for task preparation (Cannot save file into a non-existent directory: '/opt/***/data/prepared'; 649)
[2024-01-31T09:14:23.569+0000] {local_task_job_runner.py:234} INFO - Task exited with return code 1
[2024-01-31T09:14:23.603+0000] {taskinstance.py:3280} INFO - 0 downstream tasks scheduled from follow-on schedule check
